[2017-07-23 13:30] configuration (ex/conll16st-v35b1-en-fd-8-rn-8-4/blind)
[2017-07-23 13:30]   config 'arg1_len': 100
[2017-07-23 13:30]   config 'arg2_len': 100
[2017-07-23 13:30]   config 'backend': theano
[2017-07-23 13:30]   config 'backend_theano': device=gpu,floatX=float32,nvcc.fastmath=True,lib.cnmem=1
[2017-07-23 13:30]   config 'batch_size': 64
[2017-07-23 13:30]   config 'conn_len': 10
[2017-07-23 13:30]   config 'dataset_dir': data/conll15st-en-03-29-16-blind-test
[2017-07-23 13:30]   config 'filter_fn_name': None
[2017-07-23 13:30]   config 'lang': en
[2017-07-23 13:30]   config 'mode': word
[2017-07-23 13:30]   config 'model_dir': ex/conll16st-v35b1-en-fd-8-rn-8-4
[2017-07-23 13:30]   config 'normalization_mode': sample_aspect
[2017-07-23 13:30]   config 'output_dir': ex/conll16st-v35b1-en-fd-8-rn-8-4/blind
[2017-07-23 13:30]   config 'punc_len': 0
[2017-07-23 13:30]   config 'rest': ['--filter_dim=8', '--rnn_num=8']
[2017-07-23 13:30]   config 'snapshot_size': 2048
[2017-07-23 13:30] load dataset for prediction (data/conll15st-en-03-29-16-blind-test)
[2017-07-23 13:30]   lang: en, doc_ids: 71, words: 34621, rel_ids: 1209, relation tokens: 44203
[2017-07-23 13:30] load previous indexes (ex/conll16st-v35b1-en-fd-8-rn-8-4/indexes.pkl)
[2017-07-23 13:30]   words2id: 43918, target2id: 23
[2017-07-23 13:30] load model (ex/conll16st-v35b1-en-fd-8-rn-8-4)
[2017-07-23 13:30] load previous weights (ex/conll16st-v35b1-en-fd-8-rn-8-4/weights_val_all_f1.hdf5)
[2017-07-23 13:30] prediction preparation
[2017-07-23 13:30] make predictions (ex/conll16st-v35b1-en-fd-8-rn-8-4/blind/output.json)
[2017-07-23 13:30] peek into filtering weights (ex/conll16st-v35b1-en-fd-8-rn-8-4/blind/peek.html)
[2017-07-23 13:31] finished (ex/conll16st-v35b1-en-fd-8-rn-8-4/blind)
