[2019-04-16 22:47] configuration (ex/conll16st-v35-en-fd-12-rn-12-0)
[2019-04-16 22:47]   config 'arg1_len': 100
[2019-04-16 22:47]   config 'arg2_len': 100
[2019-04-16 22:47]   config 'backend': theano
[2019-04-16 22:47]   config 'backend_theano': device=cpu
[2019-04-16 22:47]   config 'batch_size': 64
[2019-04-16 22:47]   config 'conn_len': 10
[2019-04-16 22:47]   config 'continue_': False
[2019-04-16 22:47]   config 'curriculum_end': 0.0
[2019-04-16 22:47]   config 'epochs': 1000
[2019-04-16 22:47]   config 'epochs_patience': 100
[2019-04-16 22:47]   config 'epochs_ratio': 0.1
[2019-04-16 22:47]   config 'filter_act': sigmoid
[2019-04-16 22:47]   config 'filter_append_act': linear
[2019-04-16 22:47]   config 'filter_append_batchnorm': False
[2019-04-16 22:47]   config 'filter_append_dim': 0
[2019-04-16 22:47]   config 'filter_append_dropout': 0.0
[2019-04-16 22:47]   config 'filter_apply': mul
[2019-04-16 22:47]   config 'filter_dim': 12
[2019-04-16 22:47]   config 'filter_dropout_U': 0.0
[2019-04-16 22:47]   config 'filter_dropout_W': 0.0
[2019-04-16 22:47]   config 'filter_fn_name': None
[2019-04-16 22:47]   config 'filter_shared': global
[2019-04-16 22:47]   config 'filter_type': lstm-fb
[2019-04-16 22:47]   config 'filter_zoneout_c': 0.0
[2019-04-16 22:47]   config 'filter_zoneout_h': 0.0
[2019-04-16 22:47]   config 'final_act': SReLU
[2019-04-16 22:47]   config 'final_dim': 80
[2019-04-16 22:47]   config 'final_dropout': 0.3
[2019-04-16 22:47]   config 'input_size': None
[2019-04-16 22:47]   config 'lang': en
[2019-04-16 22:47]   config 'masking': True
[2019-04-16 22:47]   config 'mode': word
[2019-04-16 22:47]   config 'model_dir': ex/conll16st-v35-en-fd-12-rn-12-0
[2019-04-16 22:47]   config 'optimizer': adam
[2019-04-16 22:47]   config 'original_positives': 0
[2019-04-16 22:47]   config 'punc_len': 0
[2019-04-16 22:47]   config 'random_negatives': 2
[2019-04-16 22:47]   config 'random_positives': 2
[2019-04-16 22:47]   config 'random_proba_1': 0.1
[2019-04-16 22:47]   config 'random_proba_2': 0.1
[2019-04-16 22:47]   config 'random_proba_3': 0.9
[2019-04-16 22:47]   config 'rnn_act': tanh
[2019-04-16 22:47]   config 'rnn_dim': 20
[2019-04-16 22:47]   config 'rnn_dropout_U': 0.0
[2019-04-16 22:47]   config 'rnn_dropout_W': 0.0
[2019-04-16 22:47]   config 'rnn_dropout_merge': 0.3
[2019-04-16 22:47]   config 'rnn_merge': concat
[2019-04-16 22:47]   config 'rnn_num': 12
[2019-04-16 22:47]   config 'rnn_shared': aspect
[2019-04-16 22:47]   config 'rnn_type': lstm-fwd
[2019-04-16 22:47]   config 'rnn_zoneout_c': 0.0
[2019-04-16 22:47]   config 'rnn_zoneout_h': 0.0
[2019-04-16 22:47]   config 'snapshot_size': 2048
[2019-04-16 22:47]   config 'train_dir': data/conll16st-en-03-29-16-train
[2019-04-16 22:47]   config 'valid_dir': data/conll16st-en-03-29-16-dev
[2019-04-16 22:47]   config 'words2vec_bin': None
[2019-04-16 22:47]   config 'words2vec_txt': None
[2019-04-16 22:47]   config 'words_crop': None
[2019-04-16 22:47]   config 'words_dim': 20
[2019-04-16 22:47]   config 'words_dropout': 0.3
[2019-04-16 22:47]   config 'words_shared': global
[2019-04-16 22:47]   config 'words_trainable': True
[2019-04-16 22:47] load dataset for training (data/conll16st-en-03-29-16-train)
[2019-04-16 22:49]   lang: en, doc_ids: 1756, words: 933049, rel_ids: 32535, relation tokens: 1159204
[2019-04-16 22:49] load dataset for validation (data/conll16st-en-03-29-16-dev)
[2019-04-16 22:49]   lang: en, doc_ids: 79, words: 39712, rel_ids: 1436, relation tokens: 48882
[2019-04-16 22:49] build indexes from training
[2019-04-16 22:49]   words2id: 43918, target2id: 23
[2019-04-16 22:49] target class distribution from training
[2019-04-16 22:49]   class 0 = 'None': None
[2019-04-16 22:49]   class 1 = '': None
[2019-04-16 22:49]   class 2 = 'Expansion.Conjunction': 7817
[2019-04-16 22:49]   class 3 = 'Comparison.Contrast': 4714
[2019-04-16 22:49]   class 4 = 'EntRel': 4133
[2019-04-16 22:49]   class 5 = 'Contingency.Cause.Reason': 3344
[2019-04-16 22:49]   class 6 = 'Expansion.Restatement': 2699
[2019-04-16 22:49]   class 7 = 'Contingency.Cause.Result': 2137
[2019-04-16 22:49]   class 8 = 'Temporal.Synchrony': 1499
[2019-04-16 22:49]   class 9 = 'Expansion.Instantiation': 1403
[2019-04-16 22:49]   class 10 = 'Comparison.Concession': 1293
[2019-04-16 22:49]   class 11 = 'Temporal.Asynchronous.Precedence': 1277
[2019-04-16 22:49]   class 12 = 'Contingency.Condition': 1197
[2019-04-16 22:49]   class 13 = 'Temporal.Asynchronous.Succession': 1014
[2019-04-16 22:49]   class 14 = 'Comparison': 992
[2019-04-16 22:49]   class 15 = 'Expansion': 630
[2019-04-16 22:49]   class 16 = 'Expansion.Alternative.Chosen alternative': 241
[2019-04-16 22:49]   class 17 = 'Expansion.Alternative': 210
[2019-04-16 22:49]   class 18 = 'Temporal': 27
[2019-04-16 22:49]   class 19 = 'Contingency': 24
[2019-04-16 22:49]   class 20 = 'Expansion.Exception': 15
[2019-04-16 22:49]   class 21 = 'Temporal.Asynchronous': 6
[2019-04-16 22:49]   class 22 = 'Contingency.Cause': 2
[2019-04-16 22:49] build model
____________________________________________________________________________________________________
Layer (type)                     Output Shape          Param #     Connected to                     
====================================================================================================
arg1_ids (InputLayer)            (None, 100)           0                                            
____________________________________________________________________________________________________
arg2_ids (InputLayer)            (None, 100)           0                                            
____________________________________________________________________________________________________
conn_ids (InputLayer)            (None, 10)            0                                            
____________________________________________________________________________________________________
embedding_1 (Embedding)          multiple              878360      arg1_ids[0][0]                   
                                                                   arg2_ids[0][0]                   
                                                                   conn_ids[0][0]                   
____________________________________________________________________________________________________
shareablelstm_1 (ShareableLSTM)  multiple              1584        embedding_1[0][0]                
                                                                   embedding_1[1][0]                
                                                                   embedding_1[2][0]                
____________________________________________________________________________________________________
shareablelstm_2 (ShareableLSTM)  multiple              1584        embedding_1[0][0]                
                                                                   embedding_1[1][0]                
                                                                   embedding_1[2][0]                
____________________________________________________________________________________________________
merge_1 (Merge)                  (None, 100, 12)       0           shareablelstm_1[0][0]            
                                                                   shareablelstm_2[0][0]            
____________________________________________________________________________________________________
merge_15 (Merge)                 (None, 100, 12)       0           shareablelstm_1[1][0]            
                                                                   shareablelstm_2[1][0]            
____________________________________________________________________________________________________
merge_29 (Merge)                 (None, 10, 12)        0           shareablelstm_1[2][0]            
                                                                   shareablelstm_2[2][0]            
____________________________________________________________________________________________________
arg1_filters (Activation)        (None, 100, 12)       0           merge_1[0][0]                    
____________________________________________________________________________________________________
arg2_filters (Activation)        (None, 100, 12)       0           merge_15[0][0]                   
____________________________________________________________________________________________________
conn_filters (Activation)        (None, 10, 12)        0           merge_29[0][0]                   
____________________________________________________________________________________________________
merge_2 (Merge)                  (None, 100, 20)       0           embedding_1[0][0]                
                                                                   arg1_filters[0][0]               
____________________________________________________________________________________________________
merge_3 (Merge)                  (None, 100, 20)       0           embedding_1[0][0]                
                                                                   arg1_filters[0][0]               
____________________________________________________________________________________________________
merge_4 (Merge)                  (None, 100, 20)       0           embedding_1[0][0]                
                                                                   arg1_filters[0][0]               
____________________________________________________________________________________________________
merge_5 (Merge)                  (None, 100, 20)       0           embedding_1[0][0]                
                                                                   arg1_filters[0][0]               
____________________________________________________________________________________________________
merge_6 (Merge)                  (None, 100, 20)       0           embedding_1[0][0]                
                                                                   arg1_filters[0][0]               
____________________________________________________________________________________________________
merge_7 (Merge)                  (None, 100, 20)       0           embedding_1[0][0]                
                                                                   arg1_filters[0][0]               
____________________________________________________________________________________________________
merge_8 (Merge)                  (None, 100, 20)       0           embedding_1[0][0]                
                                                                   arg1_filters[0][0]               
____________________________________________________________________________________________________
merge_9 (Merge)                  (None, 100, 20)       0           embedding_1[0][0]                
                                                                   arg1_filters[0][0]               
____________________________________________________________________________________________________
merge_10 (Merge)                 (None, 100, 20)       0           embedding_1[0][0]                
                                                                   arg1_filters[0][0]               
____________________________________________________________________________________________________
merge_11 (Merge)                 (None, 100, 20)       0           embedding_1[0][0]                
                                                                   arg1_filters[0][0]               
____________________________________________________________________________________________________
merge_12 (Merge)                 (None, 100, 20)       0           embedding_1[0][0]                
                                                                   arg1_filters[0][0]               
____________________________________________________________________________________________________
merge_13 (Merge)                 (None, 100, 20)       0           embedding_1[0][0]                
                                                                   arg1_filters[0][0]               
____________________________________________________________________________________________________
merge_16 (Merge)                 (None, 100, 20)       0           embedding_1[1][0]                
                                                                   arg2_filters[0][0]               
____________________________________________________________________________________________________
merge_17 (Merge)                 (None, 100, 20)       0           embedding_1[1][0]                
                                                                   arg2_filters[0][0]               
____________________________________________________________________________________________________
merge_18 (Merge)                 (None, 100, 20)       0           embedding_1[1][0]                
                                                                   arg2_filters[0][0]               
____________________________________________________________________________________________________
merge_19 (Merge)                 (None, 100, 20)       0           embedding_1[1][0]                
                                                                   arg2_filters[0][0]               
____________________________________________________________________________________________________
merge_20 (Merge)                 (None, 100, 20)       0           embedding_1[1][0]                
                                                                   arg2_filters[0][0]               
____________________________________________________________________________________________________
merge_21 (Merge)                 (None, 100, 20)       0           embedding_1[1][0]                
                                                                   arg2_filters[0][0]               
____________________________________________________________________________________________________
merge_22 (Merge)                 (None, 100, 20)       0           embedding_1[1][0]                
                                                                   arg2_filters[0][0]               
____________________________________________________________________________________________________
merge_23 (Merge)                 (None, 100, 20)       0           embedding_1[1][0]                
                                                                   arg2_filters[0][0]               
____________________________________________________________________________________________________
merge_24 (Merge)                 (None, 100, 20)       0           embedding_1[1][0]                
                                                                   arg2_filters[0][0]               
____________________________________________________________________________________________________
merge_25 (Merge)                 (None, 100, 20)       0           embedding_1[1][0]                
                                                                   arg2_filters[0][0]               
____________________________________________________________________________________________________
merge_26 (Merge)                 (None, 100, 20)       0           embedding_1[1][0]                
                                                                   arg2_filters[0][0]               
____________________________________________________________________________________________________
merge_27 (Merge)                 (None, 100, 20)       0           embedding_1[1][0]                
                                                                   arg2_filters[0][0]               
____________________________________________________________________________________________________
merge_30 (Merge)                 (None, 10, 20)        0           embedding_1[2][0]                
                                                                   conn_filters[0][0]               
____________________________________________________________________________________________________
merge_31 (Merge)                 (None, 10, 20)        0           embedding_1[2][0]                
                                                                   conn_filters[0][0]               
____________________________________________________________________________________________________
merge_32 (Merge)                 (None, 10, 20)        0           embedding_1[2][0]                
                                                                   conn_filters[0][0]               
____________________________________________________________________________________________________
merge_33 (Merge)                 (None, 10, 20)        0           embedding_1[2][0]                
                                                                   conn_filters[0][0]               
____________________________________________________________________________________________________
merge_34 (Merge)                 (None, 10, 20)        0           embedding_1[2][0]                
                                                                   conn_filters[0][0]               
____________________________________________________________________________________________________
merge_35 (Merge)                 (None, 10, 20)        0           embedding_1[2][0]                
                                                                   conn_filters[0][0]               
____________________________________________________________________________________________________
merge_36 (Merge)                 (None, 10, 20)        0           embedding_1[2][0]                
                                                                   conn_filters[0][0]               
____________________________________________________________________________________________________
merge_37 (Merge)                 (None, 10, 20)        0           embedding_1[2][0]                
                                                                   conn_filters[0][0]               
____________________________________________________________________________________________________
merge_38 (Merge)                 (None, 10, 20)        0           embedding_1[2][0]                
                                                                   conn_filters[0][0]               
____________________________________________________________________________________________________
merge_39 (Merge)                 (None, 10, 20)        0           embedding_1[2][0]                
                                                                   conn_filters[0][0]               
____________________________________________________________________________________________________
merge_40 (Merge)                 (None, 10, 20)        0           embedding_1[2][0]                
                                                                   conn_filters[0][0]               
____________________________________________________________________________________________________
merge_41 (Merge)                 (None, 10, 20)        0           embedding_1[2][0]                
                                                                   conn_filters[0][0]               
____________________________________________________________________________________________________
shareablelstm_3 (ShareableLSTM)  (None, 20)            3280        merge_2[0][0]                    
                                                                   merge_16[0][0]                   
                                                                   merge_30[0][0]                   
____________________________________________________________________________________________________
shareablelstm_5 (ShareableLSTM)  (None, 20)            3280        merge_3[0][0]                    
                                                                   merge_17[0][0]                   
                                                                   merge_31[0][0]                   
____________________________________________________________________________________________________
shareablelstm_7 (ShareableLSTM)  (None, 20)            3280        merge_4[0][0]                    
                                                                   merge_18[0][0]                   
                                                                   merge_32[0][0]                   
____________________________________________________________________________________________________
shareablelstm_9 (ShareableLSTM)  (None, 20)            3280        merge_5[0][0]                    
                                                                   merge_19[0][0]                   
                                                                   merge_33[0][0]                   
____________________________________________________________________________________________________
shareablelstm_11 (ShareableLSTM) (None, 20)            3280        merge_6[0][0]                    
                                                                   merge_20[0][0]                   
                                                                   merge_34[0][0]                   
____________________________________________________________________________________________________
shareablelstm_13 (ShareableLSTM) (None, 20)            3280        merge_7[0][0]                    
                                                                   merge_21[0][0]                   
                                                                   merge_35[0][0]                   
____________________________________________________________________________________________________
shareablelstm_15 (ShareableLSTM) (None, 20)            3280        merge_8[0][0]                    
                                                                   merge_22[0][0]                   
                                                                   merge_36[0][0]                   
____________________________________________________________________________________________________
shareablelstm_17 (ShareableLSTM) (None, 20)            3280        merge_9[0][0]                    
                                                                   merge_23[0][0]                   
                                                                   merge_37[0][0]                   
____________________________________________________________________________________________________
shareablelstm_19 (ShareableLSTM) (None, 20)            3280        merge_10[0][0]                   
                                                                   merge_24[0][0]                   
                                                                   merge_38[0][0]                   
____________________________________________________________________________________________________
shareablelstm_21 (ShareableLSTM) (None, 20)            3280        merge_11[0][0]                   
                                                                   merge_25[0][0]                   
                                                                   merge_39[0][0]                   
____________________________________________________________________________________________________
shareablelstm_23 (ShareableLSTM) (None, 20)            3280        merge_12[0][0]                   
                                                                   merge_26[0][0]                   
                                                                   merge_40[0][0]                   
____________________________________________________________________________________________________
shareablelstm_25 (ShareableLSTM) (None, 20)            3280        merge_13[0][0]                   
                                                                   merge_27[0][0]                   
                                                                   merge_41[0][0]                   
____________________________________________________________________________________________________
merge_14 (Merge)                 (None, 240)           0           shareablelstm_3[0][0]            
                                                                   shareablelstm_5[0][0]            
                                                                   shareablelstm_7[0][0]            
                                                                   shareablelstm_9[0][0]            
                                                                   shareablelstm_11[0][0]           
                                                                   shareablelstm_13[0][0]           
                                                                   shareablelstm_15[0][0]           
                                                                   shareablelstm_17[0][0]           
                                                                   shareablelstm_19[0][0]           
                                                                   shareablelstm_21[0][0]           
                                                                   shareablelstm_23[0][0]           
                                                                   shareablelstm_25[0][0]           
____________________________________________________________________________________________________
merge_28 (Merge)                 (None, 240)           0           shareablelstm_3[1][0]            
                                                                   shareablelstm_5[1][0]            
                                                                   shareablelstm_7[1][0]            
                                                                   shareablelstm_9[1][0]            
                                                                   shareablelstm_11[1][0]           
                                                                   shareablelstm_13[1][0]           
                                                                   shareablelstm_15[1][0]           
                                                                   shareablelstm_17[1][0]           
                                                                   shareablelstm_19[1][0]           
                                                                   shareablelstm_21[1][0]           
                                                                   shareablelstm_23[1][0]           
                                                                   shareablelstm_25[1][0]           
____________________________________________________________________________________________________
merge_42 (Merge)                 (None, 240)           0           shareablelstm_3[2][0]            
                                                                   shareablelstm_5[2][0]            
                                                                   shareablelstm_7[2][0]            
                                                                   shareablelstm_9[2][0]            
                                                                   shareablelstm_11[2][0]           
                                                                   shareablelstm_13[2][0]           
                                                                   shareablelstm_15[2][0]           
                                                                   shareablelstm_17[2][0]           
                                                                   shareablelstm_19[2][0]           
                                                                   shareablelstm_21[2][0]           
                                                                   shareablelstm_23[2][0]           
                                                                   shareablelstm_25[2][0]           
____________________________________________________________________________________________________
dropout_1 (Dropout)              (None, 240)           0           merge_14[0][0]                   
____________________________________________________________________________________________________
dropout_2 (Dropout)              (None, 240)           0           merge_28[0][0]                   
____________________________________________________________________________________________________
dropout_3 (Dropout)              (None, 240)           0           merge_42[0][0]                   
____________________________________________________________________________________________________
merge_43 (Merge)                 (None, 720)           0           dropout_1[0][0]                  
                                                                   dropout_2[0][0]                  
                                                                   dropout_3[0][0]                  
____________________________________________________________________________________________________
dense_1 (Dense)                  (None, 80)            57680       merge_43[0][0]                   
____________________________________________________________________________________________________
srelu_1 (SReLU)                  (None, 80)            320         dense_1[0][0]                    
____________________________________________________________________________________________________
dropout_4 (Dropout)              (None, 80)            0           srelu_1[0][0]                    
____________________________________________________________________________________________________
dense_2 (Dense)                  (None, 23)            1863        dropout_4[0][0]                  
____________________________________________________________________________________________________
target (Activation)              (None, 23)            0           dense_2[0][0]                    
====================================================================================================
Total params: 980,751
Trainable params: 980,751
Non-trainable params: 0
____________________________________________________________________________________________________
[2019-04-16 23:02] initialize weights
[2019-04-16 23:02] training preparation
[2019-04-16 23:02] train model (ex/conll16st-v35-en-fd-12-rn-12-0)
Epoch 1/1000
12992/13056 [============================>.] - ETA: 1s - loss: 2.0451
- val_loss: 3.1531
- val_all_f1:  0.2202 0.2202 0.2202
- val_exp_f1:  0.2807 0.2807 0.2807
- val_non_f1:  0.1669 0.1669 0.1669

13056/13056 [==============================] - 233s - loss: 2.0437 - val_loss: 3.1531
Epoch 2/1000
12992/13056 [============================>.] - ETA: 1s - loss: 1.4724
- val_loss: 2.2981
- val_all_f1:  0.2393 0.2393 0.2393
- val_exp_f1:  0.2807 0.2807 0.2807
- val_non_f1:  0.2029 0.2029 0.2029

13056/13056 [==============================] - 234s - loss: 1.4708 - val_loss: 2.2981
Epoch 3/1000
12992/13056 [============================>.] - ETA: 1s - loss: 1.2246
- val_loss: 2.1678
- val_all_f1:  0.3452 0.3452 0.3452
- val_exp_f1:  0.5357 0.5357 0.5357
- val_non_f1:  0.1776 0.1776 0.1776

13056/13056 [==============================] - 235s - loss: 1.2229 - val_loss: 2.1678
Epoch 4/1000
12992/13056 [============================>.] - ETA: 1s - loss: 1.1649
- val_loss: 1.9913
- val_all_f1:  0.4240 0.4240 0.4240
- val_exp_f1:  0.5994 0.5994 0.5994
- val_non_f1:  0.2697 0.2697 0.2697

13056/13056 [==============================] - 236s - loss: 1.1659 - val_loss: 1.9913
Epoch 5/1000
12992/13056 [============================>.] - ETA: 1s - loss: 1.1008
- val_loss: 1.9199
- val_all_f1:  0.4624 0.4624 0.4624
- val_exp_f1:  0.6459 0.6449 0.6454
- val_non_f1:  0.3017 0.3017 0.3017

13056/13056 [==============================] - 236s - loss: 1.0994 - val_loss: 1.9199
Epoch 6/1000
12992/13056 [============================>.] - ETA: 1s - loss: 1.0733
- val_loss: 1.8383
- val_all_f1:  0.4311 0.4311 0.4311
- val_exp_f1:  0.7193 0.7193 0.7193
- val_non_f1:  0.1776 0.1776 0.1776

13056/13056 [==============================] - 235s - loss: 1.0720 - val_loss: 1.8383
Epoch 7/1000
12992/13056 [============================>.] - ETA: 1s - loss: 1.0610
- val_loss: 1.7677
- val_all_f1:  0.4901 0.4901 0.4901
- val_exp_f1:  0.7280 0.7269 0.7274
- val_non_f1:  0.2817 0.2817 0.2817

13056/13056 [==============================] - 235s - loss: 1.0611 - val_loss: 1.7677
Epoch 8/1000
12992/13056 [============================>.] - ETA: 1s - loss: 1.0622
- val_loss: 1.8382
- val_all_f1:  0.4268 0.4268 0.4268
- val_exp_f1:  0.7056 0.7056 0.7056
- val_non_f1:  0.1816 0.1816 0.1816

13056/13056 [==============================] - 235s - loss: 1.0631 - val_loss: 1.8382
Epoch 9/1000
12992/13056 [============================>.] - ETA: 1s - loss: 1.0204
- val_loss: 1.7600
- val_all_f1:  0.4616 0.4616 0.4616
- val_exp_f1:  0.7314 0.7314 0.7314
- val_non_f1:  0.2243 0.2243 0.2243

13056/13056 [==============================] - 236s - loss: 1.0199 - val_loss: 1.7600
Epoch 10/1000
12992/13056 [============================>.] - ETA: 1s - loss: 1.0208
- val_loss: 1.7917
- val_all_f1:  0.4886 0.4886 0.4886
- val_exp_f1:  0.7052 0.7041 0.7046
- val_non_f1:  0.2991 0.2991 0.2991

13056/13056 [==============================] - 235s - loss: 1.0209 - val_loss: 1.7917
Epoch 11/1000
12992/13056 [============================>.] - ETA: 1s - loss: 0.9939
- val_loss: 1.6380
- val_all_f1:  0.5185 0.5185 0.5185
- val_exp_f1:  0.8040 0.8027 0.8033
- val_non_f1:  0.2684 0.2684 0.2684

13056/13056 [==============================] - 236s - loss: 0.9933 - val_loss: 1.6380
Epoch 12/1000
12992/13056 [============================>.] - ETA: 1s - loss: 1.0019
- val_loss: 1.6036
- val_all_f1:  0.5618 0.5618 0.5618
- val_exp_f1:  0.8445 0.8407 0.8426
- val_non_f1:  0.3164 0.3164 0.3164

13056/13056 [==============================] - 235s - loss: 1.0017 - val_loss: 1.6036
Epoch 13/1000
12992/13056 [============================>.] - ETA: 1s - loss: 0.9641
- val_loss: 1.5777
- val_all_f1:  0.5618 0.5618 0.5618
- val_exp_f1:  0.8404 0.8392 0.8398
- val_non_f1:  0.3178 0.3178 0.3178

13056/13056 [==============================] - 236s - loss: 0.9636 - val_loss: 1.5777
Epoch 14/1000
12992/13056 [============================>.] - ETA: 1s - loss: 0.9764
- val_loss: 1.5955
- val_all_f1:  0.5639 0.5639 0.5639
- val_exp_f1:  0.8723 0.8710 0.8717
- val_non_f1:  0.2937 0.2937 0.2937

13056/13056 [==============================] - 236s - loss: 0.9782 - val_loss: 1.5955
Epoch 15/1000
12992/13056 [============================>.] - ETA: 1s - loss: 0.9722
- val_loss: 1.5418
- val_all_f1:  0.5739 0.5739 0.5739
- val_exp_f1:  0.8678 0.8665 0.8671
- val_non_f1:  0.3164 0.3164 0.3164

13056/13056 [==============================] - 236s - loss: 0.9713 - val_loss: 1.5418
Epoch 16/1000
12992/13056 [============================>.] - ETA: 1s - loss: 0.9731
- val_loss: 1.5811
- val_all_f1:  0.5149 0.5149 0.5149
- val_exp_f1:  0.8237 0.8225 0.8231
- val_non_f1:  0.2443 0.2443 0.2443

13056/13056 [==============================] - 235s - loss: 0.9729 - val_loss: 1.5811
Epoch 17/1000
12992/13056 [============================>.] - ETA: 1s - loss: 0.9264
- val_loss: 1.5879
- val_all_f1:  0.4972 0.4972 0.4972
- val_exp_f1:  0.8589 0.8589 0.8589
- val_non_f1:  0.1789 0.1789 0.1789

13056/13056 [==============================] - 237s - loss: 0.9253 - val_loss: 1.5879
Epoch 18/1000
12992/13056 [============================>.] - ETA: 1s - loss: 0.9179
- val_loss: 1.5339
- val_all_f1:  0.5724 0.5724 0.5724
- val_exp_f1:  0.8877 0.8877 0.8877
- val_non_f1:  0.2951 0.2951 0.2951

13056/13056 [==============================] - 237s - loss: 0.9180 - val_loss: 1.5339
Epoch 19/1000
12992/13056 [============================>.] - ETA: 1s - loss: 0.9478
- val_loss: 1.5744
- val_all_f1:  0.5142 0.5142 0.5142
- val_exp_f1:  0.8695 0.8695 0.8695
- val_non_f1:  0.2016 0.2016 0.2016

13056/13056 [==============================] - 237s - loss: 0.9471 - val_loss: 1.5744
Epoch 20/1000
12992/13056 [============================>.] - ETA: 1s - loss: 0.9276
- val_loss: 1.4975
- val_all_f1:  0.5753 0.5753 0.5753
- val_exp_f1:  0.8847 0.8847 0.8847
- val_non_f1:  0.3031 0.3031 0.3031

13056/13056 [==============================] - 236s - loss: 0.9266 - val_loss: 1.4975
Epoch 21/1000
12992/13056 [============================>.] - ETA: 1s - loss: 0.9044
- val_loss: 1.5195
- val_all_f1:  0.5646 0.5646 0.5646
- val_exp_f1:  0.8665 0.8665 0.8665
- val_non_f1:  0.2991 0.2991 0.2991

13056/13056 [==============================] - 236s - loss: 0.9057 - val_loss: 1.5195
Epoch 22/1000
12992/13056 [============================>.] - ETA: 1s - loss: 0.9413
- val_loss: 1.5203
- val_all_f1:  0.5852 0.5852 0.5852
- val_exp_f1:  0.8801 0.8801 0.8801
- val_non_f1:  0.3258 0.3258 0.3258

13056/13056 [==============================] - 237s - loss: 0.9420 - val_loss: 1.5203
Epoch 23/1000
12992/13056 [============================>.] - ETA: 1s - loss: 0.9140
- val_loss: 1.5053
- val_all_f1:  0.5604 0.5604 0.5604
- val_exp_f1:  0.8923 0.8923 0.8923
- val_non_f1:  0.2684 0.2684 0.2684

13056/13056 [==============================] - 236s - loss: 0.9129 - val_loss: 1.5053
Epoch 24/1000
12992/13056 [============================>.] - ETA: 1s - loss: 0.9141
- val_loss: 1.5661
- val_all_f1:  0.5405 0.5405 0.5405
- val_exp_f1:  0.8725 0.8725 0.8725
- val_non_f1:  0.2483 0.2483 0.2483

13056/13056 [==============================] - 236s - loss: 0.9145 - val_loss: 1.5661
Epoch 25/1000
12992/13056 [============================>.] - ETA: 1s - loss: 0.8880
- val_loss: 1.4715
- val_all_f1:  0.5774 0.5774 0.5774
- val_exp_f1:  0.8953 0.8953 0.8953
- val_non_f1:  0.2977 0.2977 0.2977

13056/13056 [==============================] - 236s - loss: 0.8882 - val_loss: 1.4715
Epoch 26/1000
12992/13056 [============================>.] - ETA: 1s - loss: 0.8976
- val_loss: 1.5189
- val_all_f1:  0.5568 0.5568 0.5568
- val_exp_f1:  0.8543 0.8543 0.8543
- val_non_f1:  0.2951 0.2951 0.2951

13056/13056 [==============================] - 236s - loss: 0.8983 - val_loss: 1.5189
Epoch 27/1000
12992/13056 [============================>.] - ETA: 1s - loss: 0.9077
- val_loss: 1.5423
- val_all_f1:  0.5476 0.5476 0.5476
- val_exp_f1:  0.8361 0.8361 0.8361
- val_non_f1:  0.2937 0.2937 0.2937

13056/13056 [==============================] - 236s - loss: 0.9087 - val_loss: 1.5423
Epoch 28/1000
12992/13056 [============================>.] - ETA: 1s - loss: 0.9116
- val_loss: 1.5180
- val_all_f1:  0.5803 0.5803 0.5803
- val_exp_f1:  0.8741 0.8741 0.8741
- val_non_f1:  0.3218 0.3218 0.3218

13056/13056 [==============================] - 236s - loss: 0.9114 - val_loss: 1.5180
Epoch 29/1000
12992/13056 [============================>.] - ETA: 1s - loss: 0.9040
- val_loss: 1.5394
- val_all_f1:  0.5561 0.5561 0.5561
- val_exp_f1:  0.8907 0.8907 0.8907
- val_non_f1:  0.2617 0.2617 0.2617

13056/13056 [==============================] - 236s - loss: 0.9032 - val_loss: 1.5394
Epoch 30/1000
12992/13056 [============================>.] - ETA: 1s - loss: 0.8780
- val_loss: 1.5101
- val_all_f1:  0.5511 0.5511 0.5511
- val_exp_f1:  0.8604 0.8604 0.8604
- val_non_f1:  0.2790 0.2790 0.2790

13056/13056 [==============================] - 236s - loss: 0.8772 - val_loss: 1.5101
Epoch 31/1000
12992/13056 [============================>.] - ETA: 1s - loss: 0.8709
- val_loss: 1.5192
- val_all_f1:  0.5646 0.5646 0.5646
- val_exp_f1:  0.8801 0.8801 0.8801
- val_non_f1:  0.2870 0.2870 0.2870

13056/13056 [==============================] - 236s - loss: 0.8703 - val_loss: 1.5192
Epoch 32/1000
12992/13056 [============================>.] - ETA: 1s - loss: 0.8592
- val_loss: 1.4905
- val_all_f1:  0.5696 0.5696 0.5696
- val_exp_f1:  0.8816 0.8816 0.8816
- val_non_f1:  0.2951 0.2951 0.2951

13056/13056 [==============================] - 236s - loss: 0.8582 - val_loss: 1.4905
Epoch 33/1000
12992/13056 [============================>.] - ETA: 1s - loss: 0.8614
- val_loss: 1.4918
- val_all_f1:  0.5760 0.5760 0.5760
- val_exp_f1:  0.8953 0.8953 0.8953
- val_non_f1:  0.2951 0.2951 0.2951

13056/13056 [==============================] - 236s - loss: 0.8608 - val_loss: 1.4918
Epoch 34/1000
12992/13056 [============================>.] - ETA: 1s - loss: 0.8793
- val_loss: 1.4876
- val_all_f1:  0.5682 0.5682 0.5682
- val_exp_f1:  0.8801 0.8801 0.8801
- val_non_f1:  0.2937 0.2937 0.2937

13056/13056 [==============================] - 236s - loss: 0.8788 - val_loss: 1.4876
Epoch 35/1000
12992/13056 [============================>.] - ETA: 1s - loss: 0.8646
- val_loss: 1.4714
- val_all_f1:  0.5604 0.5604 0.5604
- val_exp_f1:  0.8801 0.8801 0.8801
- val_non_f1:  0.2790 0.2790 0.2790

13056/13056 [==============================] - 235s - loss: 0.8661 - val_loss: 1.4714
Epoch 36/1000
12992/13056 [============================>.] - ETA: 1s - loss: 0.8857
- val_loss: 1.5048
- val_all_f1:  0.5717 0.5717 0.5717
- val_exp_f1:  0.8619 0.8619 0.8619
- val_non_f1:  0.3164 0.3164 0.3164

13056/13056 [==============================] - 236s - loss: 0.8867 - val_loss: 1.5048
Epoch 37/1000
12992/13056 [============================>.] - ETA: 1s - loss: 0.8813
- val_loss: 1.4833
- val_all_f1:  0.5547 0.5547 0.5547
- val_exp_f1:  0.8877 0.8877 0.8877
- val_non_f1:  0.2617 0.2617 0.2617

13056/13056 [==============================] - 236s - loss: 0.8811 - val_loss: 1.4833
Epoch 38/1000
12992/13056 [============================>.] - ETA: 1s - loss: 0.8588
- val_loss: 1.5073
- val_all_f1:  0.5732 0.5732 0.5732
- val_exp_f1:  0.8741 0.8741 0.8741
- val_non_f1:  0.3084 0.3084 0.3084

13056/13056 [==============================] - 235s - loss: 0.8589 - val_loss: 1.5073
Epoch 39/1000
12992/13056 [============================>.] - ETA: 1s - loss: 0.8535
- val_loss: 1.5094
- val_all_f1:  0.5732 0.5732 0.5732
- val_exp_f1:  0.8528 0.8528 0.8528
- val_non_f1:  0.3271 0.3271 0.3271

13056/13056 [==============================] - 236s - loss: 0.8533 - val_loss: 1.5094
Epoch 40/1000
12992/13056 [============================>.] - ETA: 1s - loss: 0.8712
- val_loss: 1.5386
- val_all_f1:  0.5369 0.5369 0.5369
- val_exp_f1:  0.8695 0.8695 0.8695
- val_non_f1:  0.2443 0.2443 0.2443

13056/13056 [==============================] - 236s - loss: 0.8719 - val_loss: 1.5386
Epoch 41/1000
12992/13056 [============================>.] - ETA: 1s - loss: 0.8449
- val_loss: 1.5562
- val_all_f1:  0.5440 0.5440 0.5440
- val_exp_f1:  0.8437 0.8437 0.8437
- val_non_f1:  0.2804 0.2804 0.2804

13056/13056 [==============================] - 236s - loss: 0.8447 - val_loss: 1.5562
Epoch 42/1000
12992/13056 [============================>.] - ETA: 1s - loss: 0.8366
- val_loss: 1.5007
- val_all_f1:  0.5575 0.5575 0.5575
- val_exp_f1:  0.8665 0.8665 0.8665
- val_non_f1:  0.2857 0.2857 0.2857

13056/13056 [==============================] - 236s - loss: 0.8366 - val_loss: 1.5007
Epoch 43/1000
12992/13056 [============================>.] - ETA: 1s - loss: 0.8494
- val_loss: 1.5179
- val_all_f1:  0.5597 0.5597 0.5597
- val_exp_f1:  0.8495 0.8483 0.8489
- val_non_f1:  0.3057 0.3057 0.3057

13056/13056 [==============================] - 236s - loss: 0.8501 - val_loss: 1.5179
Epoch 44/1000
12992/13056 [============================>.] - ETA: 1s - loss: 0.8346
- val_loss: 1.5111
- val_all_f1:  0.5717 0.5717 0.5717
- val_exp_f1:  0.8938 0.8938 0.8938
- val_non_f1:  0.2884 0.2884 0.2884

13056/13056 [==============================] - 237s - loss: 0.8350 - val_loss: 1.5111
Epoch 45/1000
12992/13056 [============================>.] - ETA: 1s - loss: 0.8280
- val_loss: 1.4578
- val_all_f1:  0.5888 0.5888 0.5888
- val_exp_f1:  0.9059 0.9059 0.9059
- val_non_f1:  0.3097 0.3097 0.3097

13056/13056 [==============================] - 237s - loss: 0.8292 - val_loss: 1.4578
Epoch 46/1000
12992/13056 [============================>.] - ETA: 1s - loss: 0.8286
- val_loss: 1.5056
- val_all_f1:  0.5717 0.5717 0.5717
- val_exp_f1:  0.9014 0.9014 0.9014
- val_non_f1:  0.2817 0.2817 0.2817

13056/13056 [==============================] - 237s - loss: 0.8291 - val_loss: 1.5056
Epoch 47/1000
12992/13056 [============================>.] - ETA: 1s - loss: 0.8536
- val_loss: 1.4972
- val_all_f1:  0.5561 0.5561 0.5561
- val_exp_f1:  0.8953 0.8953 0.8953
- val_non_f1:  0.2577 0.2577 0.2577

13056/13056 [==============================] - 237s - loss: 0.8539 - val_loss: 1.4972
Epoch 48/1000
12992/13056 [============================>.] - ETA: 1s - loss: 0.8558
- val_loss: 1.4310
- val_all_f1:  0.5845 0.5845 0.5845
- val_exp_f1:  0.9135 0.9135 0.9135
- val_non_f1:  0.2951 0.2951 0.2951

13056/13056 [==============================] - 237s - loss: 0.8555 - val_loss: 1.4310
Epoch 49/1000
12992/13056 [============================>.] - ETA: 1s - loss: 0.8296
- val_loss: 1.4915
- val_all_f1:  0.5661 0.5661 0.5661
- val_exp_f1:  0.8983 0.8983 0.8983
- val_non_f1:  0.2737 0.2737 0.2737

13056/13056 [==============================] - 237s - loss: 0.8296 - val_loss: 1.4915
Epoch 50/1000
12992/13056 [============================>.] - ETA: 1s - loss: 0.8226
- val_loss: 1.5687
- val_all_f1:  0.5469 0.5469 0.5469
- val_exp_f1:  0.8465 0.8452 0.8459
- val_non_f1:  0.2844 0.2844 0.2844

13056/13056 [==============================] - 237s - loss: 0.8215 - val_loss: 1.5687
Epoch 51/1000
12992/13056 [============================>.] - ETA: 1s - loss: 0.8404
- val_loss: 1.5050
- val_all_f1:  0.5604 0.5604 0.5604
- val_exp_f1:  0.8938 0.8938 0.8938
- val_non_f1:  0.2670 0.2670 0.2670

13056/13056 [==============================] - 237s - loss: 0.8421 - val_loss: 1.5050
Epoch 52/1000
12992/13056 [============================>.] - ETA: 1s - loss: 0.8112
- val_loss: 1.4896
- val_all_f1:  0.5724 0.5724 0.5724
- val_exp_f1:  0.9135 0.9135 0.9135
- val_non_f1:  0.2724 0.2724 0.2724

13056/13056 [==============================] - 238s - loss: 0.8132 - val_loss: 1.4896
Epoch 53/1000
12992/13056 [============================>.] - ETA: 1s - loss: 0.8111
- val_loss: 1.5008
- val_all_f1:  0.5710 0.5710 0.5710
- val_exp_f1:  0.8739 0.8725 0.8732
- val_non_f1:  0.3057 0.3057 0.3057

13056/13056 [==============================] - 238s - loss: 0.8104 - val_loss: 1.5008
Epoch 54/1000
12992/13056 [============================>.] - ETA: 1s - loss: 0.8120
- val_loss: 1.4966
- val_all_f1:  0.5433 0.5433 0.5433
- val_exp_f1:  0.8771 0.8771 0.8771
- val_non_f1:  0.2497 0.2497 0.2497

13056/13056 [==============================] - 237s - loss: 0.8120 - val_loss: 1.4966
Epoch 55/1000
12992/13056 [============================>.] - ETA: 1s - loss: 0.8166
- val_loss: 1.7228
- val_all_f1:  0.4922 0.4922 0.4922
- val_exp_f1:  0.8042 0.8042 0.8042
- val_non_f1:  0.2176 0.2176 0.2176

13056/13056 [==============================] - 237s - loss: 0.8169 - val_loss: 1.7228
Epoch 56/1000
12992/13056 [============================>.] - ETA: 1s - loss: 0.8236
- val_loss: 1.4804
- val_all_f1:  0.5639 0.5639 0.5639
- val_exp_f1:  0.8953 0.8953 0.8953
- val_non_f1:  0.2724 0.2724 0.2724

13056/13056 [==============================] - 237s - loss: 0.8251 - val_loss: 1.4804
Epoch 57/1000
12992/13056 [============================>.] - ETA: 1s - loss: 0.8300
- val_loss: 1.4728
- val_all_f1:  0.5760 0.5760 0.5760
- val_exp_f1:  0.8801 0.8801 0.8801
- val_non_f1:  0.3084 0.3084 0.3084

13056/13056 [==============================] - 237s - loss: 0.8305 - val_loss: 1.4728
Epoch 58/1000
12992/13056 [============================>.] - ETA: 1s - loss: 0.8041
- val_loss: 1.5481
- val_all_f1:  0.5597 0.5597 0.5597
- val_exp_f1:  0.8574 0.8574 0.8574
- val_non_f1:  0.2977 0.2977 0.2977

13056/13056 [==============================] - 236s - loss: 0.8037 - val_loss: 1.5481
Epoch 59/1000
12992/13056 [============================>.] - ETA: 1s - loss: 0.8198
- val_loss: 1.5337
- val_all_f1:  0.5447 0.5447 0.5447
- val_exp_f1:  0.8528 0.8528 0.8528
- val_non_f1:  0.2737 0.2737 0.2737

13056/13056 [==============================] - 243s - loss: 0.8208 - val_loss: 1.5337
Epoch 60/1000
12992/13056 [============================>.] - ETA: 1s - loss: 0.8205
- val_loss: 1.5562
- val_all_f1:  0.5490 0.5490 0.5490
- val_exp_f1:  0.8907 0.8907 0.8907
- val_non_f1:  0.2483 0.2483 0.2483

13056/13056 [==============================] - 243s - loss: 0.8211 - val_loss: 1.5562
Epoch 61/1000
12992/13056 [============================>.] - ETA: 1s - loss: 0.7918
- val_loss: 1.5842
- val_all_f1:  0.5462 0.5462 0.5462
- val_exp_f1:  0.8285 0.8285 0.8285
- val_non_f1:  0.2977 0.2977 0.2977

13056/13056 [==============================] - 243s - loss: 0.7926 - val_loss: 1.5842
Epoch 62/1000
12992/13056 [============================>.] - ETA: 1s - loss: 0.7924
- val_loss: 1.5361
- val_all_f1:  0.5490 0.5490 0.5490
- val_exp_f1:  0.8437 0.8437 0.8437
- val_non_f1:  0.2897 0.2897 0.2897

13056/13056 [==============================] - 241s - loss: 0.7916 - val_loss: 1.5361
Epoch 63/1000
12992/13056 [============================>.] - ETA: 1s - loss: 0.7898
- val_loss: 1.5162
- val_all_f1:  0.5618 0.5618 0.5618
- val_exp_f1:  0.8953 0.8953 0.8953
- val_non_f1:  0.2684 0.2684 0.2684

13056/13056 [==============================] - 240s - loss: 0.7897 - val_loss: 1.5162
Epoch 64/1000
12992/13056 [============================>.] - ETA: 1s - loss: 0.8134
- val_loss: 1.5506
- val_all_f1:  0.5526 0.5526 0.5526
- val_exp_f1:  0.8389 0.8376 0.8383
- val_non_f1:  0.3017 0.3017 0.3017

13056/13056 [==============================] - 240s - loss: 0.8130 - val_loss: 1.5506
Epoch 65/1000
12992/13056 [============================>.] - ETA: 1s - loss: 0.7821
- val_loss: 1.5184
- val_all_f1:  0.5675 0.5675 0.5675
- val_exp_f1:  0.8680 0.8680 0.8680
- val_non_f1:  0.3031 0.3031 0.3031

13056/13056 [==============================] - 240s - loss: 0.7810 - val_loss: 1.5184
Epoch 66/1000
12992/13056 [============================>.] - ETA: 1s - loss: 0.7911
- val_loss: 1.5307
- val_all_f1:  0.5618 0.5618 0.5618
- val_exp_f1:  0.8483 0.8483 0.8483
- val_non_f1:  0.3097 0.3097 0.3097

13056/13056 [==============================] - 239s - loss: 0.7909 - val_loss: 1.5307
Epoch 67/1000
12992/13056 [============================>.] - ETA: 1s - loss: 0.8157
- val_loss: 1.4973
- val_all_f1:  0.5710 0.5710 0.5710
- val_exp_f1:  0.8816 0.8816 0.8816
- val_non_f1:  0.2977 0.2977 0.2977

13056/13056 [==============================] - 239s - loss: 0.8158 - val_loss: 1.4973
Epoch 68/1000
12992/13056 [============================>.] - ETA: 1s - loss: 0.7954
- val_loss: 1.5496
- val_all_f1:  0.5547 0.5547 0.5547
- val_exp_f1:  0.8483 0.8483 0.8483
- val_non_f1:  0.2964 0.2964 0.2964

13056/13056 [==============================] - 240s - loss: 0.7954 - val_loss: 1.5496
Epoch 69/1000
12992/13056 [============================>.] - ETA: 1s - loss: 0.8094
- val_loss: 1.4903
- val_all_f1:  0.5703 0.5703 0.5703
- val_exp_f1:  0.8801 0.8801 0.8801
- val_non_f1:  0.2977 0.2977 0.2977

13056/13056 [==============================] - 240s - loss: 0.8084 - val_loss: 1.4903
Epoch 70/1000
12992/13056 [============================>.] - ETA: 1s - loss: 0.8174
- val_loss: 1.5481
- val_all_f1:  0.5504 0.5504 0.5504
- val_exp_f1:  0.8832 0.8832 0.8832
- val_non_f1:  0.2577 0.2577 0.2577

13056/13056 [==============================] - 240s - loss: 0.8173 - val_loss: 1.5481
Epoch 71/1000
12992/13056 [============================>.] - ETA: 1s - loss: 0.7884
- val_loss: 1.6695
- val_all_f1:  0.5199 0.5199 0.5199
- val_exp_f1:  0.8741 0.8741 0.8741
- val_non_f1:  0.2086 0.2083 0.2084

13056/13056 [==============================] - 240s - loss: 0.7892 - val_loss: 1.6695
Epoch 72/1000
12992/13056 [============================>.] - ETA: 1s - loss: 0.7566
- val_loss: 1.6749
- val_all_f1:  0.5178 0.5178 0.5178
- val_exp_f1:  0.8437 0.8437 0.8437
- val_non_f1:  0.2313 0.2310 0.2311

13056/13056 [==============================] - 240s - loss: 0.7571 - val_loss: 1.6749
Epoch 73/1000
12992/13056 [============================>.] - ETA: 1s - loss: 0.7731
- val_loss: 1.6256
- val_all_f1:  0.5163 0.5163 0.5163
- val_exp_f1:  0.8118 0.8118 0.8118
- val_non_f1:  0.2563 0.2563 0.2563

13056/13056 [==============================] - 240s - loss: 0.7715 - val_loss: 1.6256
Epoch 74/1000
12992/13056 [============================>.] - ETA: 1s - loss: 0.7698
- val_loss: 1.6209
- val_all_f1:  0.5369 0.5369 0.5369
- val_exp_f1:  0.8392 0.8392 0.8392
- val_non_f1:  0.2710 0.2710 0.2710

13056/13056 [==============================] - 239s - loss: 0.7705 - val_loss: 1.6209
Epoch 75/1000
12992/13056 [============================>.] - ETA: 1s - loss: 0.7710
- val_loss: 1.5181
- val_all_f1:  0.5440 0.5440 0.5440
- val_exp_f1:  0.8665 0.8665 0.8665
- val_non_f1:  0.2603 0.2603 0.2603

13056/13056 [==============================] - 239s - loss: 0.7710 - val_loss: 1.5181
Epoch 76/1000
12992/13056 [============================>.] - ETA: 1s - loss: 0.8057
- val_loss: 1.6469
- val_all_f1:  0.5384 0.5384 0.5384
- val_exp_f1:  0.8240 0.8240 0.8240
- val_non_f1:  0.2870 0.2870 0.2870

13056/13056 [==============================] - 239s - loss: 0.8065 - val_loss: 1.6469
Epoch 77/1000
12992/13056 [============================>.] - ETA: 1s - loss: 0.7642
- val_loss: 1.5789
- val_all_f1:  0.5348 0.5348 0.5348
- val_exp_f1:  0.8255 0.8255 0.8255
- val_non_f1:  0.2790 0.2790 0.2790

13056/13056 [==============================] - 239s - loss: 0.7627 - val_loss: 1.5789
Epoch 78/1000
12992/13056 [============================>.] - ETA: 1s - loss: 0.7874
- val_loss: 1.7325
- val_all_f1:  0.4865 0.4865 0.4865
- val_exp_f1:  0.7754 0.7754 0.7754
- val_non_f1:  0.2336 0.2323 0.2329

13056/13056 [==============================] - 239s - loss: 0.7886 - val_loss: 1.7325
Epoch 79/1000
12992/13056 [============================>.] - ETA: 1s - loss: 0.7819
- val_loss: 1.6258
- val_all_f1:  0.5114 0.5114 0.5114
- val_exp_f1:  0.8225 0.8225 0.8225
- val_non_f1:  0.2377 0.2377 0.2377

13056/13056 [==============================] - 239s - loss: 0.7817 - val_loss: 1.6258
Epoch 80/1000
12992/13056 [============================>.] - ETA: 1s - loss: 0.7753
- val_loss: 1.5642
- val_all_f1:  0.5504 0.5504 0.5504
- val_exp_f1:  0.8498 0.8498 0.8498
- val_non_f1:  0.2870 0.2870 0.2870

13056/13056 [==============================] - 238s - loss: 0.7745 - val_loss: 1.5642
Epoch 81/1000
12992/13056 [============================>.] - ETA: 1s - loss: 0.7429
- val_loss: 1.6453
- val_all_f1:  0.5227 0.5227 0.5227
- val_exp_f1:  0.8103 0.8103 0.8103
- val_non_f1:  0.2697 0.2697 0.2697

13056/13056 [==============================] - 238s - loss: 0.7409 - val_loss: 1.6453
Epoch 82/1000
12992/13056 [============================>.] - ETA: 1s - loss: 0.7436
- val_loss: 1.6004
- val_all_f1:  0.5362 0.5362 0.5362
- val_exp_f1:  0.8422 0.8422 0.8422
- val_non_f1:  0.2670 0.2670 0.2670

13056/13056 [==============================] - 238s - loss: 0.7446 - val_loss: 1.6004
Epoch 83/1000
12992/13056 [============================>.] - ETA: 1s - loss: 0.7692
- val_loss: 1.5744
- val_all_f1:  0.5547 0.5547 0.5547
- val_exp_f1:  0.8634 0.8634 0.8634
- val_non_f1:  0.2838 0.2830 0.2834

13056/13056 [==============================] - 238s - loss: 0.7692 - val_loss: 1.5744
Epoch 84/1000
12992/13056 [============================>.] - ETA: 1s - loss: 0.7601
- val_loss: 1.4747
- val_all_f1:  0.5739 0.5739 0.5739
- val_exp_f1:  0.9044 0.9044 0.9044
- val_non_f1:  0.2838 0.2830 0.2834

13056/13056 [==============================] - 239s - loss: 0.7592 - val_loss: 1.4747
Epoch 85/1000
12992/13056 [============================>.] - ETA: 1s - loss: 0.7483
- val_loss: 1.5498
- val_all_f1:  0.5355 0.5355 0.5355
- val_exp_f1:  0.8634 0.8634 0.8634
- val_non_f1:  0.2470 0.2470 0.2470

13056/13056 [==============================] - 238s - loss: 0.7471 - val_loss: 1.5498
Epoch 86/1000
12992/13056 [============================>.] - ETA: 1s - loss: 0.7670
- val_loss: 1.5682
- val_all_f1:  0.5561 0.5561 0.5561
- val_exp_f1:  0.8847 0.8847 0.8847
- val_non_f1:  0.2670 0.2670 0.2670

13056/13056 [==============================] - 238s - loss: 0.7670 - val_loss: 1.5682
Epoch 87/1000
12992/13056 [============================>.] - ETA: 1s - loss: 0.7434
- val_loss: 1.6079
- val_all_f1:  0.5384 0.5384 0.5384
- val_exp_f1:  0.8316 0.8316 0.8316
- val_non_f1:  0.2807 0.2804 0.2806

13056/13056 [==============================] - 238s - loss: 0.7433 - val_loss: 1.6079
Epoch 88/1000
12992/13056 [============================>.] - ETA: 1s - loss: 0.7782
- val_loss: 1.5753
- val_all_f1:  0.5355 0.5355 0.5355
- val_exp_f1:  0.8422 0.8422 0.8422
- val_non_f1:  0.2657 0.2657 0.2657

13056/13056 [==============================] - 238s - loss: 0.7800 - val_loss: 1.5753
Epoch 89/1000
12992/13056 [============================>.] - ETA: 1s - loss: 0.7607
- val_loss: 1.5202
- val_all_f1:  0.5568 0.5568 0.5568
- val_exp_f1:  0.8938 0.8938 0.8938
- val_non_f1:  0.2610 0.2603 0.2607

13056/13056 [==============================] - 238s - loss: 0.7605 - val_loss: 1.5202
Epoch 90/1000
12992/13056 [============================>.] - ETA: 1s - loss: 0.7610
- val_loss: 1.6646
- val_all_f1:  0.5099 0.5099 0.5099
- val_exp_f1:  0.7982 0.7982 0.7982
- val_non_f1:  0.2570 0.2563 0.2567

13056/13056 [==============================] - 238s - loss: 0.7615 - val_loss: 1.6646
Epoch 91/1000
12992/13056 [============================>.] - ETA: 1s - loss: 0.7108
- val_loss: 1.6175
- val_all_f1:  0.5369 0.5369 0.5369
- val_exp_f1:  0.8285 0.8285 0.8285
- val_non_f1:  0.2804 0.2804 0.2804

13056/13056 [==============================] - 239s - loss: 0.7106 - val_loss: 1.6175
Epoch 92/1000
12992/13056 [============================>.] - ETA: 1s - loss: 0.7323
- val_loss: 1.5153
- val_all_f1:  0.5504 0.5504 0.5504
- val_exp_f1:  0.8604 0.8604 0.8604
- val_non_f1:  0.2777 0.2777 0.2777

13056/13056 [==============================] - 239s - loss: 0.7316 - val_loss: 1.5153
Epoch 93/1000
12992/13056 [============================>.] - ETA: 1s - loss: 0.7432
- val_loss: 1.5764
- val_all_f1:  0.5398 0.5398 0.5398
- val_exp_f1:  0.8149 0.8149 0.8149
- val_non_f1:  0.2977 0.2977 0.2977

13056/13056 [==============================] - 239s - loss: 0.7430 - val_loss: 1.5764
Epoch 94/1000
12992/13056 [============================>.] - ETA: 1s - loss: 0.7356
- val_loss: 1.5600
- val_all_f1:  0.5419 0.5419 0.5419
- val_exp_f1:  0.8270 0.8270 0.8270
- val_non_f1:  0.2911 0.2911 0.2911

13056/13056 [==============================] - 238s - loss: 0.7342 - val_loss: 1.5600
Epoch 95/1000
12992/13056 [============================>.] - ETA: 1s - loss: 0.7514
- val_loss: 1.6914
- val_all_f1:  0.5270 0.5270 0.5270
- val_exp_f1:  0.8073 0.8073 0.8073
- val_non_f1:  0.2804 0.2804 0.2804

13056/13056 [==============================] - 238s - loss: 0.7510 - val_loss: 1.6914
Epoch 96/1000
12992/13056 [============================>.] - ETA: 1s - loss: 0.7406
- val_loss: 1.5634
- val_all_f1:  0.5511 0.5511 0.5511
- val_exp_f1:  0.8392 0.8392 0.8392
- val_non_f1:  0.2977 0.2977 0.2977

13056/13056 [==============================] - 238s - loss: 0.7413 - val_loss: 1.5634
Epoch 97/1000
12992/13056 [============================>.] - ETA: 1s - loss: 0.7172
- val_loss: 1.5701
- val_all_f1:  0.5376 0.5376 0.5376
- val_exp_f1:  0.8422 0.8422 0.8422
- val_non_f1:  0.2697 0.2697 0.2697

13056/13056 [==============================] - 238s - loss: 0.7161 - val_loss: 1.5701
Epoch 98/1000
12992/13056 [============================>.] - ETA: 1s - loss: 0.7493
- val_loss: 1.6398
- val_all_f1:  0.5362 0.5362 0.5362
- val_exp_f1:  0.8240 0.8240 0.8240
- val_non_f1:  0.2830 0.2830 0.2830

13056/13056 [==============================] - 238s - loss: 0.7497 - val_loss: 1.6398
Epoch 99/1000
12992/13056 [============================>.] - ETA: 1s - loss: 0.7326
- val_loss: 1.5852
- val_all_f1:  0.5455 0.5455 0.5455
- val_exp_f1:  0.8892 0.8892 0.8892
- val_non_f1:  0.2430 0.2430 0.2430

13056/13056 [==============================] - 239s - loss: 0.7330 - val_loss: 1.5852
Epoch 100/1000
12992/13056 [============================>.] - ETA: 1s - loss: 0.7265
- val_loss: 1.7645
- val_all_f1:  0.5114 0.5114 0.5114
- val_exp_f1:  0.8179 0.8179 0.8179
- val_non_f1:  0.2417 0.2417 0.2417

13056/13056 [==============================] - 238s - loss: 0.7284 - val_loss: 1.7645
Epoch 101/1000
12992/13056 [============================>.] - ETA: 1s - loss: 0.6904
- val_loss: 1.6349
- val_all_f1:  0.5483 0.5483 0.5483
- val_exp_f1:  0.8665 0.8665 0.8665
- val_non_f1:  0.2716 0.2684 0.2700

13056/13056 [==============================] - 238s - loss: 0.6912 - val_loss: 1.6349
Epoch 102/1000
12992/13056 [============================>.] - ETA: 1s - loss: 0.7125
- val_loss: 1.6519
- val_all_f1:  0.5178 0.5178 0.5178
- val_exp_f1:  0.7891 0.7891 0.7891
- val_non_f1:  0.2790 0.2790 0.2790

13056/13056 [==============================] - 237s - loss: 0.7118 - val_loss: 1.6519
Epoch 103/1000
12992/13056 [============================>.] - ETA: 1s - loss: 0.7156
- val_loss: 1.5974
- val_all_f1:  0.5639 0.5639 0.5639
- val_exp_f1:  0.8877 0.8877 0.8877
- val_non_f1:  0.2790 0.2790 0.2790

13056/13056 [==============================] - 237s - loss: 0.7163 - val_loss: 1.5974
Epoch 104/1000
12992/13056 [============================>.] - ETA: 1s - loss: 0.7211
- val_loss: 1.5950
- val_all_f1:  0.5561 0.5561 0.5561
- val_exp_f1:  0.8649 0.8649 0.8649
- val_non_f1:  0.2844 0.2844 0.2844

13056/13056 [==============================] - 238s - loss: 0.7209 - val_loss: 1.5950
Epoch 105/1000
12992/13056 [============================>.] - ETA: 1s - loss: 0.6893
- val_loss: 1.7485
- val_all_f1:  0.5107 0.5107 0.5107
- val_exp_f1:  0.7951 0.7951 0.7951
- val_non_f1:  0.2603 0.2603 0.2603

13056/13056 [==============================] - 238s - loss: 0.6899 - val_loss: 1.7485
Epoch 106/1000
12992/13056 [============================>.] - ETA: 1s - loss: 0.7116
- val_loss: 1.5428
- val_all_f1:  0.5597 0.5597 0.5597
- val_exp_f1:  0.8710 0.8710 0.8710
- val_non_f1:  0.2857 0.2857 0.2857

13056/13056 [==============================] - 238s - loss: 0.7108 - val_loss: 1.5428
Epoch 107/1000
12992/13056 [============================>.] - ETA: 1s - loss: 0.7082
- val_loss: 1.6128
- val_all_f1:  0.5433 0.5433 0.5433
- val_exp_f1:  0.8513 0.8513 0.8513
- val_non_f1:  0.2724 0.2724 0.2724

13056/13056 [==============================] - 238s - loss: 0.7072 - val_loss: 1.6128
Epoch 108/1000
12992/13056 [============================>.] - ETA: 1s - loss: 0.6974
- val_loss: 1.5979
- val_all_f1:  0.5497 0.5497 0.5497
- val_exp_f1:  0.8498 0.8498 0.8498
- val_non_f1:  0.2857 0.2857 0.2857

13056/13056 [==============================] - 238s - loss: 0.6976 - val_loss: 1.5979
Epoch 109/1000
12992/13056 [============================>.] - ETA: 1s - loss: 0.7328
- val_loss: 1.5734
- val_all_f1:  0.5554 0.5554 0.5554
- val_exp_f1:  0.8619 0.8619 0.8619
- val_non_f1:  0.2861 0.2857 0.2859

13056/13056 [==============================] - 238s - loss: 0.7324 - val_loss: 1.5734
Epoch 110/1000
12992/13056 [============================>.] - ETA: 1s - loss: 0.7115
- val_loss: 1.6961
- val_all_f1:  0.5284 0.5284 0.5284
- val_exp_f1:  0.8209 0.8209 0.8209
- val_non_f1:  0.2710 0.2710 0.2710

13056/13056 [==============================] - 238s - loss: 0.7117 - val_loss: 1.6961
Epoch 111/1000
12992/13056 [============================>.] - ETA: 1s - loss: 0.6884
- val_loss: 1.5192
- val_all_f1:  0.5703 0.5703 0.5703
- val_exp_f1:  0.8907 0.8907 0.8907
- val_non_f1:  0.2884 0.2884 0.2884

13056/13056 [==============================] - 239s - loss: 0.6874 - val_loss: 1.5192
Epoch 112/1000
12992/13056 [============================>.] - ETA: 1s - loss: 0.6909
- val_loss: 1.5091
- val_all_f1:  0.5767 0.5767 0.5767
- val_exp_f1:  0.8998 0.8998 0.8998
- val_non_f1:  0.2924 0.2924 0.2924

13056/13056 [==============================] - 238s - loss: 0.6911 - val_loss: 1.5091
Epoch 113/1000
12992/13056 [============================>.] - ETA: 1s - loss: 0.7144
- val_loss: 1.6252
- val_all_f1:  0.5540 0.5540 0.5540
- val_exp_f1:  0.8923 0.8923 0.8923
- val_non_f1:  0.2563 0.2563 0.2563

13056/13056 [==============================] - 238s - loss: 0.7146 - val_loss: 1.6252
Epoch 114/1000
12992/13056 [============================>.] - ETA: 1s - loss: 0.6737
- val_loss: 1.5219
- val_all_f1:  0.5653 0.5653 0.5653
- val_exp_f1:  0.8832 0.8832 0.8832
- val_non_f1:  0.2857 0.2857 0.2857

13056/13056 [==============================] - 239s - loss: 0.6727 - val_loss: 1.5219
Epoch 115/1000
12992/13056 [============================>.] - ETA: 1s - loss: 0.6935
- val_loss: 1.5838
- val_all_f1:  0.5547 0.5547 0.5547
- val_exp_f1:  0.8725 0.8725 0.8725
- val_non_f1:  0.2750 0.2750 0.2750

13056/13056 [==============================] - 237s - loss: 0.6933 - val_loss: 1.5838
Epoch 116/1000
12992/13056 [============================>.] - ETA: 1s - loss: 0.6954
- val_loss: 1.5583
- val_all_f1:  0.5575 0.5575 0.5575
- val_exp_f1:  0.8801 0.8801 0.8801
- val_non_f1:  0.2737 0.2737 0.2737

13056/13056 [==============================] - 238s - loss: 0.6966 - val_loss: 1.5583
Epoch 117/1000
12992/13056 [============================>.] - ETA: 1s - loss: 0.7000
- val_loss: 1.6339
- val_all_f1:  0.5462 0.5462 0.5462
- val_exp_f1:  0.8437 0.8437 0.8437
- val_non_f1:  0.2844 0.2844 0.2844

13056/13056 [==============================] - 238s - loss: 0.7009 - val_loss: 1.6339
Epoch 118/1000
12992/13056 [============================>.] - ETA: 1s - loss: 0.6869
- val_loss: 1.5277
- val_all_f1:  0.5625 0.5625 0.5625
- val_exp_f1:  0.8907 0.8907 0.8907
- val_non_f1:  0.2737 0.2737 0.2737

13056/13056 [==============================] - 238s - loss: 0.6885 - val_loss: 1.5277
Epoch 119/1000
12992/13056 [============================>.] - ETA: 1s - loss: 0.6974
- val_loss: 1.5368
- val_all_f1:  0.5717 0.5717 0.5717
- val_exp_f1:  0.9120 0.9120 0.9120
- val_non_f1:  0.2724 0.2724 0.2724

13056/13056 [==============================] - 238s - loss: 0.6972 - val_loss: 1.5368
Epoch 120/1000
12992/13056 [============================>.] - ETA: 1s - loss: 0.6804
- val_loss: 1.5598
- val_all_f1:  0.5746 0.5746 0.5746
- val_exp_f1:  0.9090 0.9090 0.9090
- val_non_f1:  0.2804 0.2804 0.2804

13056/13056 [==============================] - 238s - loss: 0.6798 - val_loss: 1.5598
Epoch 121/1000
12992/13056 [============================>.] - ETA: 1s - loss: 0.6749
- val_loss: 1.5701
- val_all_f1:  0.5689 0.5689 0.5689
- val_exp_f1:  0.8968 0.8968 0.8968
- val_non_f1:  0.2815 0.2804 0.2809

13056/13056 [==============================] - 239s - loss: 0.6759 - val_loss: 1.5701
Epoch 122/1000
12992/13056 [============================>.] - ETA: 1s - loss: 0.6765
- val_loss: 1.6506
- val_all_f1:  0.5533 0.5533 0.5533
- val_exp_f1:  0.8574 0.8574 0.8574
- val_non_f1:  0.2861 0.2857 0.2859

13056/13056 [==============================] - 238s - loss: 0.6773 - val_loss: 1.6506
Epoch 123/1000
12992/13056 [============================>.] - ETA: 1s - loss: 0.6701
- val_loss: 1.6724
- val_all_f1:  0.5398 0.5398 0.5398
- val_exp_f1:  0.8361 0.8361 0.8361
- val_non_f1:  0.2794 0.2790 0.2792

13056/13056 [==============================] - 239s - loss: 0.6689 - val_loss: 1.6724
Epoch 124/1000
12992/13056 [============================>.] - ETA: 1s - loss: 0.6772
- val_loss: 1.7030
- val_all_f1:  0.5313 0.5313 0.5313
- val_exp_f1:  0.8316 0.8316 0.8316
- val_non_f1:  0.2677 0.2670 0.2674

13056/13056 [==============================] - 238s - loss: 0.6772 - val_loss: 1.7030
Epoch 125/1000
12992/13056 [============================>.] - ETA: 1s - loss: 0.6734
- val_loss: 1.6879
- val_all_f1:  0.5156 0.5156 0.5156
- val_exp_f1:  0.7906 0.7906 0.7906
- val_non_f1:  0.2741 0.2737 0.2739

13056/13056 [==============================] - 238s - loss: 0.6717 - val_loss: 1.6879
Epoch 126/1000
12992/13056 [============================>.] - ETA: 1s - loss: 0.6676
- val_loss: 1.6256
- val_all_f1:  0.5518 0.5518 0.5518
- val_exp_f1:  0.8725 0.8725 0.8725
- val_non_f1:  0.2697 0.2697 0.2697

13056/13056 [==============================] - 239s - loss: 0.6685 - val_loss: 1.6256
Epoch 127/1000
12992/13056 [============================>.] - ETA: 1s - loss: 0.6896
- val_loss: 1.5695
- val_all_f1:  0.5689 0.5689 0.5689
- val_exp_f1:  0.8467 0.8467 0.8467
- val_non_f1:  0.3253 0.3244 0.3249

13056/13056 [==============================] - 238s - loss: 0.6904 - val_loss: 1.5695
Epoch 128/1000
12992/13056 [============================>.] - ETA: 1s - loss: 0.6702
- val_loss: 1.5895
- val_all_f1:  0.5440 0.5440 0.5440
- val_exp_f1:  0.8361 0.8361 0.8361
- val_non_f1:  0.2870 0.2870 0.2870

13056/13056 [==============================] - 238s - loss: 0.6695 - val_loss: 1.5895
Epoch 129/1000
12992/13056 [============================>.] - ETA: 1s - loss: 0.6770
- val_loss: 1.7596
- val_all_f1:  0.5227 0.5227 0.5227
- val_exp_f1:  0.7967 0.7967 0.7967
- val_non_f1:  0.2817 0.2817 0.2817

13056/13056 [==============================] - 239s - loss: 0.6762 - val_loss: 1.7596
Epoch 130/1000
12992/13056 [============================>.] - ETA: 1s - loss: 0.6718
- val_loss: 1.5253
- val_all_f1:  0.5582 0.5582 0.5582
- val_exp_f1:  0.8801 0.8801 0.8801
- val_non_f1:  0.2750 0.2750 0.2750

13056/13056 [==============================] - 238s - loss: 0.6708 - val_loss: 1.5253
Epoch 131/1000
12992/13056 [============================>.] - ETA: 1s - loss: 0.6326
- val_loss: 1.5526
- val_all_f1:  0.5866 0.5866 0.5866
- val_exp_f1:  0.9014 0.9014 0.9014
- val_non_f1:  0.3097 0.3097 0.3097

13056/13056 [==============================] - 239s - loss: 0.6328 - val_loss: 1.5526
Epoch 132/1000
12992/13056 [============================>.] - ETA: 1s - loss: 0.6533
- val_loss: 1.6055
- val_all_f1:  0.5476 0.5476 0.5476
- val_exp_f1:  0.8437 0.8437 0.8437
- val_non_f1:  0.2870 0.2870 0.2870

13056/13056 [==============================] - 238s - loss: 0.6529 - val_loss: 1.6055
Epoch 133/1000
12992/13056 [============================>.] - ETA: 1s - loss: 0.6643
- val_loss: 1.7662
- val_all_f1:  0.5234 0.5234 0.5234
- val_exp_f1:  0.8058 0.8058 0.8058
- val_non_f1:  0.2750 0.2750 0.2750

13056/13056 [==============================] - 239s - loss: 0.6634 - val_loss: 1.7662
Epoch 134/1000
12992/13056 [============================>.] - ETA: 1s - loss: 0.6467
- val_loss: 1.7901
- val_all_f1:  0.5241 0.5241 0.5241
- val_exp_f1:  0.7921 0.7921 0.7921
- val_non_f1:  0.2888 0.2884 0.2886

13056/13056 [==============================] - 238s - loss: 0.6481 - val_loss: 1.7901
Epoch 135/1000
12992/13056 [============================>.] - ETA: 1s - loss: 0.6577
- val_loss: 1.6908
- val_all_f1:  0.5412 0.5412 0.5412
- val_exp_f1:  0.8316 0.8316 0.8316
- val_non_f1:  0.2861 0.2857 0.2859

13056/13056 [==============================] - 238s - loss: 0.6564 - val_loss: 1.6908
Epoch 136/1000
12992/13056 [============================>.] - ETA: 1s - loss: 0.6604
- val_loss: 1.7495
- val_all_f1:  0.5288 0.5284 0.5286
- val_exp_f1:  0.8100 0.8088 0.8094
- val_non_f1:  0.2817 0.2817 0.2817

13056/13056 [==============================] - 238s - loss: 0.6600 - val_loss: 1.7495
Epoch 137/1000
12992/13056 [============================>.] - ETA: 1s - loss: 0.6215
- val_loss: 1.6722
- val_all_f1:  0.5341 0.5341 0.5341
- val_exp_f1:  0.8316 0.8316 0.8316
- val_non_f1:  0.2724 0.2724 0.2724

13056/13056 [==============================] - 238s - loss: 0.6215 - val_loss: 1.6722
Epoch 138/1000
12992/13056 [============================>.] - ETA: 1s - loss: 0.6760
- val_loss: 1.7596
- val_all_f1:  0.5241 0.5241 0.5241
- val_exp_f1:  0.8103 0.8103 0.8103
- val_non_f1:  0.2724 0.2724 0.2724

13056/13056 [==============================] - 238s - loss: 0.6766 - val_loss: 1.7596
Epoch 139/1000
12992/13056 [============================>.] - ETA: 1s - loss: 0.6611
- val_loss: 1.5697
- val_all_f1:  0.5611 0.5611 0.5611
- val_exp_f1:  0.8467 0.8467 0.8467
- val_non_f1:  0.3097 0.3097 0.3097

13056/13056 [==============================] - 238s - loss: 0.6603 - val_loss: 1.5697
Epoch 140/1000
12992/13056 [============================>.] - ETA: 1s - loss: 0.6546
- val_loss: 1.6214
- val_all_f1:  0.5540 0.5540 0.5540
- val_exp_f1:  0.8422 0.8422 0.8422
- val_non_f1:  0.3004 0.3004 0.3004

13056/13056 [==============================] - 238s - loss: 0.6547 - val_loss: 1.6214
Epoch 141/1000
12992/13056 [============================>.] - ETA: 1s - loss: 0.6382
- val_loss: 1.6443
- val_all_f1:  0.5554 0.5554 0.5554
- val_exp_f1:  0.8392 0.8392 0.8392
- val_non_f1:  0.3057 0.3057 0.3057

13056/13056 [==============================] - 238s - loss: 0.6381 - val_loss: 1.6443
Epoch 142/1000
12992/13056 [============================>.] - ETA: 1s - loss: 0.6344
- val_loss: 1.6485
- val_all_f1:  0.5682 0.5682 0.5682
- val_exp_f1:  0.8695 0.8695 0.8695
- val_non_f1:  0.3031 0.3031 0.3031

13056/13056 [==============================] - 238s - loss: 0.6339 - val_loss: 1.6485
Epoch 143/1000
12992/13056 [============================>.] - ETA: 1s - loss: 0.6190
- val_loss: 1.6783
- val_all_f1:  0.5476 0.5476 0.5476
- val_exp_f1:  0.8452 0.8452 0.8452
- val_non_f1:  0.2857 0.2857 0.2857

13056/13056 [==============================] - 238s - loss: 0.6182 - val_loss: 1.6783
Epoch 144/1000
12992/13056 [============================>.] - ETA: 1s - loss: 0.6133
- val_loss: 1.6589
- val_all_f1:  0.5497 0.5497 0.5497
- val_exp_f1:  0.8392 0.8392 0.8392
- val_non_f1:  0.2951 0.2951 0.2951

13056/13056 [==============================] - 239s - loss: 0.6136 - val_loss: 1.6589
Epoch 145/1000
12992/13056 [============================>.] - ETA: 1s - loss: 0.6201
- val_loss: 1.5721
- val_all_f1:  0.5526 0.5526 0.5526
- val_exp_f1:  0.8513 0.8513 0.8513
- val_non_f1:  0.2897 0.2897 0.2897

13056/13056 [==============================] - 238s - loss: 0.6204 - val_loss: 1.5721
Epoch 146/1000
12992/13056 [============================>.] - ETA: 1s - loss: 0.6500
- val_loss: 1.7176
- val_all_f1:  0.5376 0.5376 0.5376
- val_exp_f1:  0.8285 0.8285 0.8285
- val_non_f1:  0.2817 0.2817 0.2817

13056/13056 [==============================] - 238s - loss: 0.6506 - val_loss: 1.7176
[2019-04-17 08:42] training finished (ex/conll16st-v35-en-fd-12-rn-12-0)
[2019-04-17 08:42] best_val_loss: 47 - loss: 0.8555 - val_loss: 1.4310 - val_all_f1: 0.5845 - val_exp_f1: 0.9135 - val_non_f1: 0.2951
[2019-04-17 08:42] best_val_all_f1: 44 - loss: 0.8292 - val_loss: 1.4578 - val_all_f1: 0.5888 - val_exp_f1: 0.9059 - val_non_f1: 0.3097
[2019-04-17 08:42] time: loaded: 172.0084 - prepared: 742.7576 - trained: 34803.7571 - epoch: 2383.8190 - epoch_cnt: 14.6000 - epoch_samples: 130560.0000
