[2017-07-23 09:58] configuration (ex/conll16st-v35b1-ench-fd-8-rn-8-3/blind)
[2017-07-23 09:58]   config 'arg1_len': 400
[2017-07-23 09:58]   config 'arg2_len': 400
[2017-07-23 09:58]   config 'backend': theano
[2017-07-23 09:58]   config 'backend_theano': device=gpu,floatX=float32,nvcc.fastmath=True,lib.cnmem=1
[2017-07-23 09:58]   config 'batch_size': 64
[2017-07-23 09:58]   config 'conn_len': 20
[2017-07-23 09:58]   config 'dataset_dir': data/conll15st-en-03-29-16-blind-test
[2017-07-23 09:58]   config 'filter_fn_name': None
[2017-07-23 09:58]   config 'lang': en
[2017-07-23 09:58]   config 'mode': char
[2017-07-23 09:58]   config 'model_dir': ex/conll16st-v35b1-ench-fd-8-rn-8-3
[2017-07-23 09:58]   config 'normalization_mode': sample_aspect
[2017-07-23 09:58]   config 'output_dir': ex/conll16st-v35b1-ench-fd-8-rn-8-3/blind
[2017-07-23 09:58]   config 'punc_len': 0
[2017-07-23 09:58]   config 'rest': ['--filter_dim=8', '--rnn_num=8']
[2017-07-23 09:58]   config 'snapshot_size': 2048
[2017-07-23 09:58] load dataset for prediction (data/conll15st-en-03-29-16-blind-test)
[2017-07-23 09:58]   lang: en, rel_ids: 1209
[2017-07-23 09:58] load previous indexes (ex/conll16st-v35b1-ench-fd-8-rn-8-3/indexes.pkl)
[2017-07-23 09:58]   words2id: 87, target2id: 23
[2017-07-23 09:58] load model (ex/conll16st-v35b1-ench-fd-8-rn-8-3)
[2017-07-23 09:58] load previous weights (ex/conll16st-v35b1-ench-fd-8-rn-8-3/weights_val_all_f1.hdf5)
[2017-07-23 09:58] prediction preparation
[2017-07-23 09:58] make predictions (ex/conll16st-v35b1-ench-fd-8-rn-8-3/blind/output.json)
[2017-07-23 09:59] peek into filtering weights (ex/conll16st-v35b1-ench-fd-8-rn-8-3/blind/peek.html)
[2017-07-23 10:01] finished (ex/conll16st-v35b1-ench-fd-8-rn-8-3/blind)
