[2019-04-20 17:18] configuration (ex/conll16st-v35-ench-fd-4-rn-4-0/blind)
[2019-04-20 17:18]   config 'arg1_len': 400
[2019-04-20 17:18]   config 'arg2_len': 400
[2019-04-20 17:18]   config 'backend': theano
[2019-04-20 17:18]   config 'backend_theano': device=cpu
[2019-04-20 17:18]   config 'batch_size': 64
[2019-04-20 17:18]   config 'conn_len': 20
[2019-04-20 17:18]   config 'dataset_dir': data/conll15st-en-03-29-16-blind-test
[2019-04-20 17:18]   config 'filter_fn_name': None
[2019-04-20 17:18]   config 'input_size': None
[2019-04-20 17:18]   config 'lang': en
[2019-04-20 17:18]   config 'mode': char
[2019-04-20 17:18]   config 'model_dir': ex/conll16st-v35-ench-fd-4-rn-4-0
[2019-04-20 17:18]   config 'normalization_mode': sample_aspect
[2019-04-20 17:18]   config 'output_dir': ex/conll16st-v35-ench-fd-4-rn-4-0/blind
[2019-04-20 17:18]   config 'punc_len': 0
[2019-04-20 17:18]   config 'rest': ['--filter_dim=4', '--rnn_num=4']
[2019-04-20 17:18]   config 'snapshot_size': 2048
[2019-04-20 17:18] load dataset for prediction (data/conll15st-en-03-29-16-blind-test)
[2019-04-20 17:18]   lang: en, rel_ids: 1209
[2019-04-20 17:18] load previous indexes (ex/conll16st-v35-ench-fd-4-rn-4-0/indexes.pkl)
[2019-04-20 17:18]   words2id: 87, target2id: 23
[2019-04-20 17:18] load model (ex/conll16st-v35-ench-fd-4-rn-4-0)
[2019-04-20 17:18] load previous weights (ex/conll16st-v35-ench-fd-4-rn-4-0/weights_val_all_f1.hdf5)
[2019-04-20 17:18] make predictions
[2019-04-20 17:19] save predictions (ex/conll16st-v35-ench-fd-4-rn-4-0/blind/output.json)
[2019-04-20 17:19] save predictions (ex/conll16st-v35-ench-fd-4-rn-4-0/blind/output_proba.json)
[2019-04-20 17:19] peek into filtering weights (ex/conll16st-v35-ench-fd-4-rn-4-0/blind/peek.html)
[2019-04-20 17:20] finished (ex/conll16st-v35-ench-fd-4-rn-4-0/blind)
[2019-04-20 17:20] time: loaded: 0.1813 - prepared: 1.5196 - predicted: 22.1986
