[2019-03-04 13:20] configuration (ex/conll16st-v35nodropout-zh)
[2019-03-04 13:20]   config 'arg1_len': 500
[2019-03-04 13:20]   config 'arg2_len': 500
[2019-03-04 13:20]   config 'backend': theano
[2019-03-04 13:20]   config 'backend_theano': device=cpu
[2019-03-04 13:20]   config 'batch_size': 64
[2019-03-04 13:20]   config 'conn_len': 10
[2019-03-04 13:20]   config 'continue_': False
[2019-03-04 13:20]   config 'curriculum_end': 0.0
[2019-03-04 13:20]   config 'epochs': 1000
[2019-03-04 13:20]   config 'epochs_patience': 100
[2019-03-04 13:20]   config 'epochs_ratio': 0.1
[2019-03-04 13:20]   config 'filter_act': sigmoid
[2019-03-04 13:20]   config 'filter_append_act': linear
[2019-03-04 13:20]   config 'filter_append_batchnorm': False
[2019-03-04 13:20]   config 'filter_append_dim': 0
[2019-03-04 13:20]   config 'filter_append_dropout': 0.0
[2019-03-04 13:20]   config 'filter_apply': mul
[2019-03-04 13:20]   config 'filter_dim': 12
[2019-03-04 13:20]   config 'filter_dropout_U': 0.0
[2019-03-04 13:20]   config 'filter_dropout_W': 0.0
[2019-03-04 13:20]   config 'filter_fn_name': None
[2019-03-04 13:20]   config 'filter_shared': global
[2019-03-04 13:20]   config 'filter_type': lstm-fb
[2019-03-04 13:20]   config 'filter_zoneout_c': 0.0
[2019-03-04 13:20]   config 'filter_zoneout_h': 0.0
[2019-03-04 13:20]   config 'final_act': SReLU
[2019-03-04 13:20]   config 'final_dim': 80
[2019-03-04 13:20]   config 'final_dropout': 0.0
[2019-03-04 13:20]   config 'input_size': None
[2019-03-04 13:20]   config 'lang': zh
[2019-03-04 13:20]   config 'masking': True
[2019-03-04 13:20]   config 'mode': word
[2019-03-04 13:20]   config 'model_dir': ex/conll16st-v35nodropout-zh
[2019-03-04 13:20]   config 'optimizer': adam
[2019-03-04 13:20]   config 'original_positives': 0
[2019-03-04 13:20]   config 'punc_len': 2
[2019-03-04 13:20]   config 'random_negatives': 2
[2019-03-04 13:20]   config 'random_positives': 2
[2019-03-04 13:20]   config 'random_proba_1': 0.1
[2019-03-04 13:20]   config 'random_proba_2': 0.1
[2019-03-04 13:20]   config 'random_proba_3': 0.9
[2019-03-04 13:20]   config 'rnn_act': tanh
[2019-03-04 13:20]   config 'rnn_dim': 20
[2019-03-04 13:20]   config 'rnn_dropout_U': 0.0
[2019-03-04 13:20]   config 'rnn_dropout_W': 0.0
[2019-03-04 13:20]   config 'rnn_dropout_merge': 0.0
[2019-03-04 13:20]   config 'rnn_merge': concat
[2019-03-04 13:20]   config 'rnn_num': 12
[2019-03-04 13:20]   config 'rnn_shared': aspect
[2019-03-04 13:20]   config 'rnn_type': lstm-fwd
[2019-03-04 13:20]   config 'rnn_zoneout_c': 0.0
[2019-03-04 13:20]   config 'rnn_zoneout_h': 0.0
[2019-03-04 13:20]   config 'snapshot_size': 2048
[2019-03-04 13:20]   config 'train_dir': data/conll16st-zh-01-08-2016-train
[2019-03-04 13:20]   config 'valid_dir': data/conll16st-zh-01-08-2016-dev
[2019-03-04 13:20]   config 'words2vec_bin': None
[2019-03-04 13:20]   config 'words2vec_txt': None
[2019-03-04 13:20]   config 'words_crop': None
[2019-03-04 13:20]   config 'words_dim': 20
[2019-03-04 13:20]   config 'words_dropout': 0.0
[2019-03-04 13:20]   config 'words_shared': global
[2019-03-04 13:20]   config 'words_trainable': True
[2019-03-04 13:20] load dataset for training (data/conll16st-zh-01-08-2016-train)
[2019-03-04 13:21]   lang: zh, doc_ids: 455, words: 155827, rel_ids: 10240, relation tokens: 475970
[2019-03-04 13:21] load dataset for validation (data/conll16st-zh-01-08-2016-dev)
[2019-03-04 13:21]   lang: zh, doc_ids: 24, words: 6782, rel_ids: 383, relation tokens: 16859
[2019-03-04 13:21] build indexes from training
[2019-03-04 13:21]   words2id: 14785, target2id: 12
[2019-03-04 13:21] target class distribution from training
[2019-03-04 13:21]   class 0 = 'None': None
[2019-03-04 13:21]   class 1 = '': None
[2019-03-04 13:21]   class 2 = 'Conjunction': 6102
[2019-03-04 13:21]   class 3 = 'Expansion': 1435
[2019-03-04 13:21]   class 4 = 'EntRel': 1098
[2019-03-04 13:21]   class 5 = 'Causation': 456
[2019-03-04 13:21]   class 6 = 'Temporal': 434
[2019-03-04 13:21]   class 7 = 'Contrast': 340
[2019-03-04 13:21]   class 8 = 'Purpose': 244
[2019-03-04 13:21]   class 9 = 'Conditional': 134
[2019-03-04 13:21]   class 10 = 'Progression': 75
[2019-03-04 13:21]   class 11 = 'Alternative': 18
[2019-03-04 13:21] build model
____________________________________________________________________________________________________
Layer (type)                     Output Shape          Param #     Connected to                     
====================================================================================================
arg1_ids (InputLayer)            (None, 500)           0                                            
____________________________________________________________________________________________________
arg2_ids (InputLayer)            (None, 500)           0                                            
____________________________________________________________________________________________________
conn_ids (InputLayer)            (None, 10)            0                                            
____________________________________________________________________________________________________
punc_ids (InputLayer)            (None, 2)             0                                            
____________________________________________________________________________________________________
embedding_1 (Embedding)          multiple              295700      arg1_ids[0][0]                   
                                                                   arg2_ids[0][0]                   
                                                                   conn_ids[0][0]                   
                                                                   punc_ids[0][0]                   
____________________________________________________________________________________________________
shareablelstm_1 (ShareableLSTM)  multiple              1584        embedding_1[0][0]                
                                                                   embedding_1[1][0]                
                                                                   embedding_1[2][0]                
                                                                   embedding_1[3][0]                
____________________________________________________________________________________________________
shareablelstm_2 (ShareableLSTM)  multiple              1584        embedding_1[0][0]                
                                                                   embedding_1[1][0]                
                                                                   embedding_1[2][0]                
                                                                   embedding_1[3][0]                
____________________________________________________________________________________________________
merge_1 (Merge)                  (None, 500, 12)       0           shareablelstm_1[0][0]            
                                                                   shareablelstm_2[0][0]            
____________________________________________________________________________________________________
merge_15 (Merge)                 (None, 500, 12)       0           shareablelstm_1[1][0]            
                                                                   shareablelstm_2[1][0]            
____________________________________________________________________________________________________
merge_29 (Merge)                 (None, 10, 12)        0           shareablelstm_1[2][0]            
                                                                   shareablelstm_2[2][0]            
____________________________________________________________________________________________________
merge_43 (Merge)                 (None, 2, 12)         0           shareablelstm_1[3][0]            
                                                                   shareablelstm_2[3][0]            
____________________________________________________________________________________________________
arg1_filters (Activation)        (None, 500, 12)       0           merge_1[0][0]                    
____________________________________________________________________________________________________
arg2_filters (Activation)        (None, 500, 12)       0           merge_15[0][0]                   
____________________________________________________________________________________________________
conn_filters (Activation)        (None, 10, 12)        0           merge_29[0][0]                   
____________________________________________________________________________________________________
punc_filters (Activation)        (None, 2, 12)         0           merge_43[0][0]                   
____________________________________________________________________________________________________
merge_2 (Merge)                  (None, 500, 20)       0           embedding_1[0][0]                
                                                                   arg1_filters[0][0]               
____________________________________________________________________________________________________
merge_3 (Merge)                  (None, 500, 20)       0           embedding_1[0][0]                
                                                                   arg1_filters[0][0]               
____________________________________________________________________________________________________
merge_4 (Merge)                  (None, 500, 20)       0           embedding_1[0][0]                
                                                                   arg1_filters[0][0]               
____________________________________________________________________________________________________
merge_5 (Merge)                  (None, 500, 20)       0           embedding_1[0][0]                
                                                                   arg1_filters[0][0]               
____________________________________________________________________________________________________
merge_6 (Merge)                  (None, 500, 20)       0           embedding_1[0][0]                
                                                                   arg1_filters[0][0]               
____________________________________________________________________________________________________
merge_7 (Merge)                  (None, 500, 20)       0           embedding_1[0][0]                
                                                                   arg1_filters[0][0]               
____________________________________________________________________________________________________
merge_8 (Merge)                  (None, 500, 20)       0           embedding_1[0][0]                
                                                                   arg1_filters[0][0]               
____________________________________________________________________________________________________
merge_9 (Merge)                  (None, 500, 20)       0           embedding_1[0][0]                
                                                                   arg1_filters[0][0]               
____________________________________________________________________________________________________
merge_10 (Merge)                 (None, 500, 20)       0           embedding_1[0][0]                
                                                                   arg1_filters[0][0]               
____________________________________________________________________________________________________
merge_11 (Merge)                 (None, 500, 20)       0           embedding_1[0][0]                
                                                                   arg1_filters[0][0]               
____________________________________________________________________________________________________
merge_12 (Merge)                 (None, 500, 20)       0           embedding_1[0][0]                
                                                                   arg1_filters[0][0]               
____________________________________________________________________________________________________
merge_13 (Merge)                 (None, 500, 20)       0           embedding_1[0][0]                
                                                                   arg1_filters[0][0]               
____________________________________________________________________________________________________
merge_16 (Merge)                 (None, 500, 20)       0           embedding_1[1][0]                
                                                                   arg2_filters[0][0]               
____________________________________________________________________________________________________
merge_17 (Merge)                 (None, 500, 20)       0           embedding_1[1][0]                
                                                                   arg2_filters[0][0]               
____________________________________________________________________________________________________
merge_18 (Merge)                 (None, 500, 20)       0           embedding_1[1][0]                
                                                                   arg2_filters[0][0]               
____________________________________________________________________________________________________
merge_19 (Merge)                 (None, 500, 20)       0           embedding_1[1][0]                
                                                                   arg2_filters[0][0]               
____________________________________________________________________________________________________
merge_20 (Merge)                 (None, 500, 20)       0           embedding_1[1][0]                
                                                                   arg2_filters[0][0]               
____________________________________________________________________________________________________
merge_21 (Merge)                 (None, 500, 20)       0           embedding_1[1][0]                
                                                                   arg2_filters[0][0]               
____________________________________________________________________________________________________
merge_22 (Merge)                 (None, 500, 20)       0           embedding_1[1][0]                
                                                                   arg2_filters[0][0]               
____________________________________________________________________________________________________
merge_23 (Merge)                 (None, 500, 20)       0           embedding_1[1][0]                
                                                                   arg2_filters[0][0]               
____________________________________________________________________________________________________
merge_24 (Merge)                 (None, 500, 20)       0           embedding_1[1][0]                
                                                                   arg2_filters[0][0]               
____________________________________________________________________________________________________
merge_25 (Merge)                 (None, 500, 20)       0           embedding_1[1][0]                
                                                                   arg2_filters[0][0]               
____________________________________________________________________________________________________
merge_26 (Merge)                 (None, 500, 20)       0           embedding_1[1][0]                
                                                                   arg2_filters[0][0]               
____________________________________________________________________________________________________
merge_27 (Merge)                 (None, 500, 20)       0           embedding_1[1][0]                
                                                                   arg2_filters[0][0]               
____________________________________________________________________________________________________
merge_30 (Merge)                 (None, 10, 20)        0           embedding_1[2][0]                
                                                                   conn_filters[0][0]               
____________________________________________________________________________________________________
merge_31 (Merge)                 (None, 10, 20)        0           embedding_1[2][0]                
                                                                   conn_filters[0][0]               
____________________________________________________________________________________________________
merge_32 (Merge)                 (None, 10, 20)        0           embedding_1[2][0]                
                                                                   conn_filters[0][0]               
____________________________________________________________________________________________________
merge_33 (Merge)                 (None, 10, 20)        0           embedding_1[2][0]                
                                                                   conn_filters[0][0]               
____________________________________________________________________________________________________
merge_34 (Merge)                 (None, 10, 20)        0           embedding_1[2][0]                
                                                                   conn_filters[0][0]               
____________________________________________________________________________________________________
merge_35 (Merge)                 (None, 10, 20)        0           embedding_1[2][0]                
                                                                   conn_filters[0][0]               
____________________________________________________________________________________________________
merge_36 (Merge)                 (None, 10, 20)        0           embedding_1[2][0]                
                                                                   conn_filters[0][0]               
____________________________________________________________________________________________________
merge_37 (Merge)                 (None, 10, 20)        0           embedding_1[2][0]                
                                                                   conn_filters[0][0]               
____________________________________________________________________________________________________
merge_38 (Merge)                 (None, 10, 20)        0           embedding_1[2][0]                
                                                                   conn_filters[0][0]               
____________________________________________________________________________________________________
merge_39 (Merge)                 (None, 10, 20)        0           embedding_1[2][0]                
                                                                   conn_filters[0][0]               
____________________________________________________________________________________________________
merge_40 (Merge)                 (None, 10, 20)        0           embedding_1[2][0]                
                                                                   conn_filters[0][0]               
____________________________________________________________________________________________________
merge_41 (Merge)                 (None, 10, 20)        0           embedding_1[2][0]                
                                                                   conn_filters[0][0]               
____________________________________________________________________________________________________
merge_44 (Merge)                 (None, 2, 20)         0           embedding_1[3][0]                
                                                                   punc_filters[0][0]               
____________________________________________________________________________________________________
merge_45 (Merge)                 (None, 2, 20)         0           embedding_1[3][0]                
                                                                   punc_filters[0][0]               
____________________________________________________________________________________________________
merge_46 (Merge)                 (None, 2, 20)         0           embedding_1[3][0]                
                                                                   punc_filters[0][0]               
____________________________________________________________________________________________________
merge_47 (Merge)                 (None, 2, 20)         0           embedding_1[3][0]                
                                                                   punc_filters[0][0]               
____________________________________________________________________________________________________
merge_48 (Merge)                 (None, 2, 20)         0           embedding_1[3][0]                
                                                                   punc_filters[0][0]               
____________________________________________________________________________________________________
merge_49 (Merge)                 (None, 2, 20)         0           embedding_1[3][0]                
                                                                   punc_filters[0][0]               
____________________________________________________________________________________________________
merge_50 (Merge)                 (None, 2, 20)         0           embedding_1[3][0]                
                                                                   punc_filters[0][0]               
____________________________________________________________________________________________________
merge_51 (Merge)                 (None, 2, 20)         0           embedding_1[3][0]                
                                                                   punc_filters[0][0]               
____________________________________________________________________________________________________
merge_52 (Merge)                 (None, 2, 20)         0           embedding_1[3][0]                
                                                                   punc_filters[0][0]               
____________________________________________________________________________________________________
merge_53 (Merge)                 (None, 2, 20)         0           embedding_1[3][0]                
                                                                   punc_filters[0][0]               
____________________________________________________________________________________________________
merge_54 (Merge)                 (None, 2, 20)         0           embedding_1[3][0]                
                                                                   punc_filters[0][0]               
____________________________________________________________________________________________________
merge_55 (Merge)                 (None, 2, 20)         0           embedding_1[3][0]                
                                                                   punc_filters[0][0]               
____________________________________________________________________________________________________
shareablelstm_3 (ShareableLSTM)  (None, 20)            3280        merge_2[0][0]                    
                                                                   merge_16[0][0]                   
                                                                   merge_30[0][0]                   
                                                                   merge_44[0][0]                   
____________________________________________________________________________________________________
shareablelstm_5 (ShareableLSTM)  (None, 20)            3280        merge_3[0][0]                    
                                                                   merge_17[0][0]                   
                                                                   merge_31[0][0]                   
                                                                   merge_45[0][0]                   
____________________________________________________________________________________________________
shareablelstm_7 (ShareableLSTM)  (None, 20)            3280        merge_4[0][0]                    
                                                                   merge_18[0][0]                   
                                                                   merge_32[0][0]                   
                                                                   merge_46[0][0]                   
____________________________________________________________________________________________________
shareablelstm_9 (ShareableLSTM)  (None, 20)            3280        merge_5[0][0]                    
                                                                   merge_19[0][0]                   
                                                                   merge_33[0][0]                   
                                                                   merge_47[0][0]                   
____________________________________________________________________________________________________
shareablelstm_11 (ShareableLSTM) (None, 20)            3280        merge_6[0][0]                    
                                                                   merge_20[0][0]                   
                                                                   merge_34[0][0]                   
                                                                   merge_48[0][0]                   
____________________________________________________________________________________________________
shareablelstm_13 (ShareableLSTM) (None, 20)            3280        merge_7[0][0]                    
                                                                   merge_21[0][0]                   
                                                                   merge_35[0][0]                   
                                                                   merge_49[0][0]                   
____________________________________________________________________________________________________
shareablelstm_15 (ShareableLSTM) (None, 20)            3280        merge_8[0][0]                    
                                                                   merge_22[0][0]                   
                                                                   merge_36[0][0]                   
                                                                   merge_50[0][0]                   
____________________________________________________________________________________________________
shareablelstm_17 (ShareableLSTM) (None, 20)            3280        merge_9[0][0]                    
                                                                   merge_23[0][0]                   
                                                                   merge_37[0][0]                   
                                                                   merge_51[0][0]                   
____________________________________________________________________________________________________
shareablelstm_19 (ShareableLSTM) (None, 20)            3280        merge_10[0][0]                   
                                                                   merge_24[0][0]                   
                                                                   merge_38[0][0]                   
                                                                   merge_52[0][0]                   
____________________________________________________________________________________________________
shareablelstm_21 (ShareableLSTM) (None, 20)            3280        merge_11[0][0]                   
                                                                   merge_25[0][0]                   
                                                                   merge_39[0][0]                   
                                                                   merge_53[0][0]                   
____________________________________________________________________________________________________
shareablelstm_23 (ShareableLSTM) (None, 20)            3280        merge_12[0][0]                   
                                                                   merge_26[0][0]                   
                                                                   merge_40[0][0]                   
                                                                   merge_54[0][0]                   
____________________________________________________________________________________________________
shareablelstm_25 (ShareableLSTM) (None, 20)            3280        merge_13[0][0]                   
                                                                   merge_27[0][0]                   
                                                                   merge_41[0][0]                   
                                                                   merge_55[0][0]                   
____________________________________________________________________________________________________
merge_14 (Merge)                 (None, 240)           0           shareablelstm_3[0][0]            
                                                                   shareablelstm_5[0][0]            
                                                                   shareablelstm_7[0][0]            
                                                                   shareablelstm_9[0][0]            
                                                                   shareablelstm_11[0][0]           
                                                                   shareablelstm_13[0][0]           
                                                                   shareablelstm_15[0][0]           
                                                                   shareablelstm_17[0][0]           
                                                                   shareablelstm_19[0][0]           
                                                                   shareablelstm_21[0][0]           
                                                                   shareablelstm_23[0][0]           
                                                                   shareablelstm_25[0][0]           
____________________________________________________________________________________________________
merge_28 (Merge)                 (None, 240)           0           shareablelstm_3[1][0]            
                                                                   shareablelstm_5[1][0]            
                                                                   shareablelstm_7[1][0]            
                                                                   shareablelstm_9[1][0]            
                                                                   shareablelstm_11[1][0]           
                                                                   shareablelstm_13[1][0]           
                                                                   shareablelstm_15[1][0]           
                                                                   shareablelstm_17[1][0]           
                                                                   shareablelstm_19[1][0]           
                                                                   shareablelstm_21[1][0]           
                                                                   shareablelstm_23[1][0]           
                                                                   shareablelstm_25[1][0]           
____________________________________________________________________________________________________
merge_42 (Merge)                 (None, 240)           0           shareablelstm_3[2][0]            
                                                                   shareablelstm_5[2][0]            
                                                                   shareablelstm_7[2][0]            
                                                                   shareablelstm_9[2][0]            
                                                                   shareablelstm_11[2][0]           
                                                                   shareablelstm_13[2][0]           
                                                                   shareablelstm_15[2][0]           
                                                                   shareablelstm_17[2][0]           
                                                                   shareablelstm_19[2][0]           
                                                                   shareablelstm_21[2][0]           
                                                                   shareablelstm_23[2][0]           
                                                                   shareablelstm_25[2][0]           
____________________________________________________________________________________________________
merge_56 (Merge)                 (None, 240)           0           shareablelstm_3[3][0]            
                                                                   shareablelstm_5[3][0]            
                                                                   shareablelstm_7[3][0]            
                                                                   shareablelstm_9[3][0]            
                                                                   shareablelstm_11[3][0]           
                                                                   shareablelstm_13[3][0]           
                                                                   shareablelstm_15[3][0]           
                                                                   shareablelstm_17[3][0]           
                                                                   shareablelstm_19[3][0]           
                                                                   shareablelstm_21[3][0]           
                                                                   shareablelstm_23[3][0]           
                                                                   shareablelstm_25[3][0]           
____________________________________________________________________________________________________
dropout_1 (Dropout)              (None, 240)           0           merge_14[0][0]                   
____________________________________________________________________________________________________
dropout_2 (Dropout)              (None, 240)           0           merge_28[0][0]                   
____________________________________________________________________________________________________
dropout_3 (Dropout)              (None, 240)           0           merge_42[0][0]                   
____________________________________________________________________________________________________
dropout_4 (Dropout)              (None, 240)           0           merge_56[0][0]                   
____________________________________________________________________________________________________
merge_57 (Merge)                 (None, 960)           0           dropout_1[0][0]                  
                                                                   dropout_2[0][0]                  
                                                                   dropout_3[0][0]                  
                                                                   dropout_4[0][0]                  
____________________________________________________________________________________________________
dense_1 (Dense)                  (None, 80)            76880       merge_57[0][0]                   
____________________________________________________________________________________________________
srelu_1 (SReLU)                  (None, 80)            320         dense_1[0][0]                    
____________________________________________________________________________________________________
dropout_5 (Dropout)              (None, 80)            0           srelu_1[0][0]                    
____________________________________________________________________________________________________
dense_2 (Dense)                  (None, 12)            972         dropout_5[0][0]                  
____________________________________________________________________________________________________
target (Activation)              (None, 12)            0           dense_2[0][0]                    
====================================================================================================
Total params: 416,400
Trainable params: 416,400
Non-trainable params: 0
____________________________________________________________________________________________________
[2019-03-04 13:45] initialize weights
[2019-03-04 13:45] training preparation
[2019-03-04 13:45] train model (ex/conll16st-v35nodropout-zh)
Epoch 1/1000
4032/4096 [============================>.] - ETA: 6s - loss: 1.5454 
- val_loss: 2.0651
- val_all_f1:  0.5770 0.5770 0.5770
- val_exp_f1:  0.4156 0.4156 0.4156
- val_non_f1:  0.6176 0.6176 0.6176

4096/4096 [==============================] - 408s - loss: 1.5437 - val_loss: 2.0651
Epoch 2/1000
4032/4096 [============================>.] - ETA: 6s - loss: 1.4132 
- val_loss: 1.9590
- val_all_f1:  0.5770 0.5770 0.5770
- val_exp_f1:  0.4156 0.4156 0.4156
- val_non_f1:  0.6176 0.6176 0.6176

4096/4096 [==============================] - 415s - loss: 1.4107 - val_loss: 1.9590
Epoch 3/1000
4032/4096 [============================>.] - ETA: 6s - loss: 1.2165 
- val_loss: 1.5395
- val_all_f1:  0.6084 0.6084 0.6084
- val_exp_f1:  0.3766 0.3766 0.3766
- val_non_f1:  0.6667 0.6667 0.6667

4096/4096 [==============================] - 409s - loss: 1.2157 - val_loss: 1.5395
Epoch 4/1000
4032/4096 [============================>.] - ETA: 6s - loss: 0.9495 
- val_loss: 1.3003
- val_all_f1:  0.6005 0.6005 0.6005
- val_exp_f1:  0.3766 0.3766 0.3766
- val_non_f1:  0.6569 0.6569 0.6569

4096/4096 [==============================] - 427s - loss: 0.9471 - val_loss: 1.3003
Epoch 5/1000
4032/4096 [============================>.] - ETA: 7s - loss: 0.8328 
- val_loss: 1.3212
- val_all_f1:  0.5875 0.5875 0.5875
- val_exp_f1:  0.4675 0.4675 0.4675
- val_non_f1:  0.6238 0.6176 0.6207

4096/4096 [==============================] - 485s - loss: 0.8308 - val_loss: 1.3212
Epoch 6/1000
4032/4096 [============================>.] - ETA: 7s - loss: 0.6791 
- val_loss: 1.1666
- val_all_f1:  0.6110 0.6110 0.6110
- val_exp_f1:  0.5714 0.5714 0.5714
- val_non_f1:  0.6250 0.6209 0.6230

4096/4096 [==============================] - 496s - loss: 0.6798 - val_loss: 1.1666
Epoch 7/1000
4032/4096 [============================>.] - ETA: 7s - loss: 0.6263 
- val_loss: 1.1647
- val_all_f1:  0.6084 0.6084 0.6084
- val_exp_f1:  0.4737 0.4675 0.4706
- val_non_f1:  0.6502 0.6438 0.6470

4096/4096 [==============================] - 496s - loss: 0.6228 - val_loss: 1.1647
Epoch 8/1000
4032/4096 [============================>.] - ETA: 7s - loss: 0.5594 
- val_loss: 1.2730
- val_all_f1:  0.5718 0.5718 0.5718
- val_exp_f1:  0.5000 0.4805 0.4901
- val_non_f1:  0.6007 0.5948 0.5977

4096/4096 [==============================] - 525s - loss: 0.5564 - val_loss: 1.2730
Epoch 9/1000
4032/4096 [============================>.] - ETA: 8s - loss: 0.5971 
- val_loss: 1.1471
- val_all_f1:  0.6084 0.6084 0.6084
- val_exp_f1:  0.5584 0.5584 0.5584
- val_non_f1:  0.6271 0.6209 0.6240

4096/4096 [==============================] - 593s - loss: 0.5974 - val_loss: 1.1471
Epoch 10/1000
4032/4096 [============================>.] - ETA: 8s - loss: 0.5267 
- val_loss: 1.1642
- val_all_f1:  0.6423 0.6423 0.6423
- val_exp_f1:  0.5844 0.5844 0.5844
- val_non_f1:  0.6590 0.6569 0.6579

4096/4096 [==============================] - 594s - loss: 0.5279 - val_loss: 1.1642
Epoch 11/1000
4032/4096 [============================>.] - ETA: 8s - loss: 0.5154 
- val_loss: 1.0653
- val_all_f1:  0.6580 0.6580 0.6580
- val_exp_f1:  0.6104 0.6104 0.6104
- val_non_f1:  0.6766 0.6699 0.6732

4096/4096 [==============================] - 599s - loss: 0.5123 - val_loss: 1.0653
Epoch 12/1000
4032/4096 [============================>.] - ETA: 8s - loss: 0.5238 
- val_loss: 1.0538
- val_all_f1:  0.6501 0.6501 0.6501
- val_exp_f1:  0.6753 0.6753 0.6753
- val_non_f1:  0.6480 0.6438 0.6459

4096/4096 [==============================] - 603s - loss: 0.5241 - val_loss: 1.0538
Epoch 13/1000
4032/4096 [============================>.] - ETA: 8s - loss: 0.5021 
- val_loss: 1.1299
- val_all_f1:  0.6266 0.6266 0.6266
- val_exp_f1:  0.6104 0.6104 0.6104
- val_non_f1:  0.6328 0.6307 0.6318

4096/4096 [==============================] - 603s - loss: 0.5028 - val_loss: 1.1299
Epoch 14/1000
4032/4096 [============================>.] - ETA: 8s - loss: 0.5091 
- val_loss: 1.0376
- val_all_f1:  0.6345 0.6345 0.6345
- val_exp_f1:  0.6053 0.5974 0.6013
- val_non_f1:  0.6502 0.6438 0.6470

4096/4096 [==============================] - 602s - loss: 0.5081 - val_loss: 1.0376
Epoch 15/1000
4032/4096 [============================>.] - ETA: 8s - loss: 0.5032 
- val_loss: 1.1671
- val_all_f1:  0.6397 0.6397 0.6397
- val_exp_f1:  0.5714 0.5714 0.5714
- val_non_f1:  0.6634 0.6569 0.6601

4096/4096 [==============================] - 604s - loss: 0.4998 - val_loss: 1.1671
Epoch 16/1000
4032/4096 [============================>.] - ETA: 8s - loss: 0.5074 
- val_loss: 1.0884
- val_all_f1:  0.6292 0.6292 0.6292
- val_exp_f1:  0.6053 0.5974 0.6013
- val_non_f1:  0.6414 0.6373 0.6393

4096/4096 [==============================] - 596s - loss: 0.5084 - val_loss: 1.0884
Epoch 17/1000
4032/4096 [============================>.] - ETA: 8s - loss: 0.5082 
- val_loss: 1.0279
- val_all_f1:  0.6684 0.6684 0.6684
- val_exp_f1:  0.6494 0.6494 0.6494
- val_non_f1:  0.6776 0.6732 0.6754

4096/4096 [==============================] - 595s - loss: 0.5090 - val_loss: 1.0279
Epoch 18/1000
4032/4096 [============================>.] - ETA: 8s - loss: 0.5048 
- val_loss: 1.0592
- val_all_f1:  0.6606 0.6606 0.6606
- val_exp_f1:  0.6104 0.6104 0.6104
- val_non_f1:  0.6799 0.6732 0.6765

4096/4096 [==============================] - 606s - loss: 0.5080 - val_loss: 1.0592
Epoch 19/1000
4032/4096 [============================>.] - ETA: 8s - loss: 0.4903 
- val_loss: 1.0342
- val_all_f1:  0.6606 0.6606 0.6606
- val_exp_f1:  0.6234 0.6234 0.6234
- val_non_f1:  0.6788 0.6699 0.6743

4096/4096 [==============================] - 598s - loss: 0.4923 - val_loss: 1.0342
Epoch 20/1000
4032/4096 [============================>.] - ETA: 8s - loss: 0.4536 
- val_loss: 1.0382
- val_all_f1:  0.6266 0.6266 0.6266
- val_exp_f1:  0.6104 0.6104 0.6104
- val_non_f1:  0.6370 0.6307 0.6338

4096/4096 [==============================] - 605s - loss: 0.4556 - val_loss: 1.0382
Epoch 21/1000
4032/4096 [============================>.] - ETA: 8s - loss: 0.4853 
- val_loss: 1.1754
- val_all_f1:  0.6658 0.6658 0.6658
- val_exp_f1:  0.5974 0.5974 0.5974
- val_non_f1:  0.6875 0.6830 0.6852

4096/4096 [==============================] - 601s - loss: 0.4833 - val_loss: 1.1754
Epoch 22/1000
4032/4096 [============================>.] - ETA: 8s - loss: 0.4297 
- val_loss: 1.2071
- val_all_f1:  0.5901 0.5901 0.5901
- val_exp_f1:  0.6104 0.6104 0.6104
- val_non_f1:  0.5908 0.5850 0.5878

4096/4096 [==============================] - 599s - loss: 0.4323 - val_loss: 1.2071
Epoch 23/1000
4032/4096 [============================>.] - ETA: 9s - loss: 0.4294 
- val_loss: 1.0981
- val_all_f1:  0.6397 0.6397 0.6397
- val_exp_f1:  0.6753 0.6753 0.6753
- val_non_f1:  0.6349 0.6307 0.6328

4096/4096 [==============================] - 612s - loss: 0.4341 - val_loss: 1.0981
Epoch 24/1000
4032/4096 [============================>.] - ETA: 9s - loss: 0.4429 
- val_loss: 1.0031
- val_all_f1:  0.6762 0.6762 0.6762
- val_exp_f1:  0.7922 0.7922 0.7922
- val_non_f1:  0.6492 0.6471 0.6481

4096/4096 [==============================] - 616s - loss: 0.4423 - val_loss: 1.0031
Epoch 25/1000
4032/4096 [============================>.] - ETA: 9s - loss: 0.4174 
- val_loss: 1.0525
- val_all_f1:  0.6762 0.6762 0.6762
- val_exp_f1:  0.7013 0.7013 0.7013
- val_non_f1:  0.6721 0.6699 0.6710

4096/4096 [==============================] - 617s - loss: 0.4179 - val_loss: 1.0525
Epoch 26/1000
4032/4096 [============================>.] - ETA: 9s - loss: 0.4337 
- val_loss: 1.0592
- val_all_f1:  0.6031 0.6031 0.6031
- val_exp_f1:  0.7143 0.7143 0.7143
- val_non_f1:  0.5789 0.5752 0.5770

4096/4096 [==============================] - 630s - loss: 0.4350 - val_loss: 1.0592
Epoch 27/1000
4032/4096 [============================>.] - ETA: 9s - loss: 0.4704 
- val_loss: 1.0229
- val_all_f1:  0.6554 0.6554 0.6554
- val_exp_f1:  0.6494 0.6494 0.6494
- val_non_f1:  0.6656 0.6569 0.6612

4096/4096 [==============================] - 621s - loss: 0.4703 - val_loss: 1.0229
Epoch 28/1000
4032/4096 [============================>.] - ETA: 8s - loss: 0.4531 
- val_loss: 1.0167
- val_all_f1:  0.6606 0.6606 0.6606
- val_exp_f1:  0.7143 0.7143 0.7143
- val_non_f1:  0.6535 0.6471 0.6502

4096/4096 [==============================] - 589s - loss: 0.4542 - val_loss: 1.0167
Epoch 29/1000
4032/4096 [============================>.] - ETA: 8s - loss: 0.4227 
- val_loss: 0.9683
- val_all_f1:  0.6789 0.6789 0.6789
- val_exp_f1:  0.7013 0.7013 0.7013
- val_non_f1:  0.6776 0.6732 0.6754

4096/4096 [==============================] - 589s - loss: 0.4226 - val_loss: 0.9683
Epoch 30/1000
4032/4096 [============================>.] - ETA: 9s - loss: 0.4060 
- val_loss: 1.0545
- val_all_f1:  0.6945 0.6945 0.6945
- val_exp_f1:  0.7532 0.7532 0.7532
- val_non_f1:  0.6797 0.6797 0.6797

4096/4096 [==============================] - 610s - loss: 0.4068 - val_loss: 1.0545
Epoch 31/1000
4032/4096 [============================>.] - ETA: 8s - loss: 0.4001 
- val_loss: 1.1018
- val_all_f1:  0.6632 0.6632 0.6632
- val_exp_f1:  0.8182 0.8182 0.8182
- val_non_f1:  0.6283 0.6242 0.6262

4096/4096 [==============================] - 592s - loss: 0.3997 - val_loss: 1.1018
Epoch 32/1000
4032/4096 [============================>.] - ETA: 8s - loss: 0.3451 
- val_loss: 1.0370
- val_all_f1:  0.6762 0.6762 0.6762
- val_exp_f1:  0.8701 0.8701 0.8701
- val_non_f1:  0.6295 0.6275 0.6285

4096/4096 [==============================] - 577s - loss: 0.3473 - val_loss: 1.0370
Epoch 33/1000
4032/4096 [============================>.] - ETA: 8s - loss: 0.3436 
- val_loss: 1.0626
- val_all_f1:  0.6762 0.6762 0.6762
- val_exp_f1:  0.7922 0.7922 0.7922
- val_non_f1:  0.6513 0.6471 0.6492

4096/4096 [==============================] - 600s - loss: 0.3438 - val_loss: 1.0626
Epoch 34/1000
4032/4096 [============================>.] - ETA: 9s - loss: 0.3814 
- val_loss: 1.0445
- val_all_f1:  0.6632 0.6632 0.6632
- val_exp_f1:  0.8052 0.8052 0.8052
- val_non_f1:  0.6275 0.6275 0.6275

4096/4096 [==============================] - 613s - loss: 0.3811 - val_loss: 1.0445
Epoch 35/1000
4032/4096 [============================>.] - ETA: 8s - loss: 0.3709 
- val_loss: 1.1088
- val_all_f1:  0.6501 0.6501 0.6501
- val_exp_f1:  0.7792 0.7792 0.7792
- val_non_f1:  0.6176 0.6176 0.6176

4096/4096 [==============================] - 602s - loss: 0.3694 - val_loss: 1.1088
Epoch 36/1000
4032/4096 [============================>.] - ETA: 8s - loss: 0.3894 
- val_loss: 1.1155
- val_all_f1:  0.6449 0.6449 0.6449
- val_exp_f1:  0.7403 0.7403 0.7403
- val_non_f1:  0.6250 0.6209 0.6230

4096/4096 [==============================] - 595s - loss: 0.3862 - val_loss: 1.1155
Epoch 37/1000
4032/4096 [============================>.] - ETA: 8s - loss: 0.3767 
- val_loss: 1.0790
- val_all_f1:  0.6684 0.6684 0.6684
- val_exp_f1:  0.8442 0.8442 0.8442
- val_non_f1:  0.6283 0.6242 0.6262

4096/4096 [==============================] - 598s - loss: 0.3774 - val_loss: 1.0790
Epoch 38/1000
4032/4096 [============================>.] - ETA: 8s - loss: 0.3779 
- val_loss: 1.1958
- val_all_f1:  0.6449 0.6449 0.6449
- val_exp_f1:  0.8312 0.8312 0.8312
- val_non_f1:  0.6000 0.5980 0.5990

4096/4096 [==============================] - 594s - loss: 0.3796 - val_loss: 1.1958
Epoch 39/1000
4032/4096 [============================>.] - ETA: 8s - loss: 0.3713 
- val_loss: 1.1391
- val_all_f1:  0.6658 0.6658 0.6658
- val_exp_f1:  0.8442 0.8442 0.8442
- val_non_f1:  0.6250 0.6209 0.6230

4096/4096 [==============================] - 597s - loss: 0.3699 - val_loss: 1.1391
Epoch 40/1000
4032/4096 [============================>.] - ETA: 8s - loss: 0.3857 
- val_loss: 1.0368
- val_all_f1:  0.7023 0.7023 0.7023
- val_exp_f1:  0.9091 0.9091 0.9091
- val_non_f1:  0.6546 0.6503 0.6525

4096/4096 [==============================] - 595s - loss: 0.3842 - val_loss: 1.0368
Epoch 41/1000
4032/4096 [============================>.] - ETA: 8s - loss: 0.2864 
- val_loss: 1.2090
- val_all_f1:  0.6606 0.6606 0.6606
- val_exp_f1:  0.8442 0.8442 0.8442
- val_non_f1:  0.6164 0.6144 0.6154

4096/4096 [==============================] - 607s - loss: 0.2857 - val_loss: 1.2090
Epoch 42/1000
4032/4096 [============================>.] - ETA: 8s - loss: 0.3236 
- val_loss: 1.1399
- val_all_f1:  0.6449 0.6449 0.6449
- val_exp_f1:  0.8961 0.8961 0.8961
- val_non_f1:  0.5836 0.5817 0.5827

4096/4096 [==============================] - 583s - loss: 0.3233 - val_loss: 1.1399
Epoch 43/1000
4032/4096 [============================>.] - ETA: 8s - loss: 0.3766 
- val_loss: 1.0903
- val_all_f1:  0.6475 0.6475 0.6475
- val_exp_f1:  0.8961 0.8961 0.8961
- val_non_f1:  0.5850 0.5850 0.5850

4096/4096 [==============================] - 582s - loss: 0.3791 - val_loss: 1.0903
Epoch 44/1000
4032/4096 [============================>.] - ETA: 8s - loss: 0.3424 
- val_loss: 1.2433
- val_all_f1:  0.6397 0.6397 0.6397
- val_exp_f1:  0.8684 0.8571 0.8627
- val_non_f1:  0.5850 0.5850 0.5850

4096/4096 [==============================] - 584s - loss: 0.3410 - val_loss: 1.2433
Epoch 45/1000
4032/4096 [============================>.] - ETA: 8s - loss: 0.3374 
- val_loss: 1.0664
- val_all_f1:  0.6867 0.6867 0.6867
- val_exp_f1:  0.9342 0.9221 0.9281
- val_non_f1:  0.6275 0.6275 0.6275

4096/4096 [==============================] - 578s - loss: 0.3372 - val_loss: 1.0664
Epoch 46/1000
4032/4096 [============================>.] - ETA: 8s - loss: 0.3083 
- val_loss: 1.2774
- val_all_f1:  0.6449 0.6449 0.6449
- val_exp_f1:  0.8701 0.8701 0.8701
- val_non_f1:  0.5882 0.5882 0.5882

4096/4096 [==============================] - 583s - loss: 0.3098 - val_loss: 1.2774
Epoch 47/1000
4032/4096 [============================>.] - ETA: 8s - loss: 0.3426 
- val_loss: 1.0963
- val_all_f1:  0.6710 0.6710 0.6710
- val_exp_f1:  0.8961 0.8961 0.8961
- val_non_f1:  0.6144 0.6144 0.6144

4096/4096 [==============================] - 578s - loss: 0.3422 - val_loss: 1.0963
Epoch 48/1000
4032/4096 [============================>.] - ETA: 8s - loss: 0.3172 
- val_loss: 1.0346
- val_all_f1:  0.6971 0.6971 0.6971
- val_exp_f1:  0.9091 0.9091 0.9091
- val_non_f1:  0.6438 0.6438 0.6438

4096/4096 [==============================] - 586s - loss: 0.3224 - val_loss: 1.0346
Epoch 49/1000
4032/4096 [============================>.] - ETA: 8s - loss: 0.3275 
- val_loss: 1.0688
- val_all_f1:  0.6606 0.6606 0.6606
- val_exp_f1:  0.8831 0.8831 0.8831
- val_non_f1:  0.6046 0.6046 0.6046

4096/4096 [==============================] - 588s - loss: 0.3288 - val_loss: 1.0688
Epoch 50/1000
4032/4096 [============================>.] - ETA: 8s - loss: 0.3286 
- val_loss: 1.0594
- val_all_f1:  0.6266 0.6266 0.6266
- val_exp_f1:  0.8701 0.8701 0.8701
- val_non_f1:  0.5654 0.5654 0.5654

4096/4096 [==============================] - 589s - loss: 0.3329 - val_loss: 1.0594
Epoch 51/1000
4032/4096 [============================>.] - ETA: 8s - loss: 0.2611 
- val_loss: 1.1141
- val_all_f1:  0.6919 0.6919 0.6919
- val_exp_f1:  0.9221 0.9221 0.9221
- val_non_f1:  0.6340 0.6340 0.6340

4096/4096 [==============================] - 593s - loss: 0.2614 - val_loss: 1.1141
Epoch 52/1000
4032/4096 [============================>.] - ETA: 8s - loss: 0.2588 
- val_loss: 1.1711
- val_all_f1:  0.6815 0.6815 0.6815
- val_exp_f1:  0.9221 0.9221 0.9221
- val_non_f1:  0.6209 0.6209 0.6209

4096/4096 [==============================] - 583s - loss: 0.2586 - val_loss: 1.1711
Epoch 53/1000
4032/4096 [============================>.] - ETA: 8s - loss: 0.2533 
- val_loss: 1.2320
- val_all_f1:  0.6710 0.6710 0.6710
- val_exp_f1:  0.9091 0.9091 0.9091
- val_non_f1:  0.6111 0.6111 0.6111

4096/4096 [==============================] - 580s - loss: 0.2523 - val_loss: 1.2320
Epoch 54/1000
4032/4096 [============================>.] - ETA: 8s - loss: 0.3229 
- val_loss: 1.0741
- val_all_f1:  0.6841 0.6841 0.6841
- val_exp_f1:  0.8831 0.8831 0.8831
- val_non_f1:  0.6340 0.6340 0.6340

4096/4096 [==============================] - 586s - loss: 0.3206 - val_loss: 1.0741
Epoch 55/1000
4032/4096 [============================>.] - ETA: 8s - loss: 0.3253 
- val_loss: 1.2602
- val_all_f1:  0.6554 0.6554 0.6554
- val_exp_f1:  0.8831 0.8831 0.8831
- val_non_f1:  0.5980 0.5980 0.5980

4096/4096 [==============================] - 590s - loss: 0.3223 - val_loss: 1.2602
Epoch 56/1000
4032/4096 [============================>.] - ETA: 8s - loss: 0.2412 
- val_loss: 1.2409
- val_all_f1:  0.6789 0.6789 0.6789
- val_exp_f1:  0.8831 0.8831 0.8831
- val_non_f1:  0.6316 0.6275 0.6295

4096/4096 [==============================] - 593s - loss: 0.2431 - val_loss: 1.2409
Epoch 57/1000
4032/4096 [============================>.] - ETA: 8s - loss: 0.2826 
- val_loss: 1.1392
- val_all_f1:  0.6475 0.6475 0.6475
- val_exp_f1:  0.9351 0.9351 0.9351
- val_non_f1:  0.5752 0.5752 0.5752

4096/4096 [==============================] - 590s - loss: 0.2825 - val_loss: 1.1392
Epoch 58/1000
4032/4096 [============================>.] - ETA: 8s - loss: 0.2933 
- val_loss: 1.1539
- val_all_f1:  0.6606 0.6606 0.6606
- val_exp_f1:  0.8961 0.8961 0.8961
- val_non_f1:  0.6013 0.6013 0.6013

4096/4096 [==============================] - 591s - loss: 0.2898 - val_loss: 1.1539
Epoch 59/1000
4032/4096 [============================>.] - ETA: 8s - loss: 0.2650 
- val_loss: 1.2491
- val_all_f1:  0.6423 0.6423 0.6423
- val_exp_f1:  0.9324 0.8961 0.9139
- val_non_f1:  0.5803 0.5784 0.5794

4096/4096 [==============================] - 589s - loss: 0.2635 - val_loss: 1.2491
Epoch 60/1000
4032/4096 [============================>.] - ETA: 8s - loss: 0.2764 
- val_loss: 1.1442
- val_all_f1:  0.7076 0.7076 0.7076
- val_exp_f1:  0.9221 0.9221 0.9221
- val_non_f1:  0.6536 0.6536 0.6536

4096/4096 [==============================] - 599s - loss: 0.2769 - val_loss: 1.1442
Epoch 61/1000
4032/4096 [============================>.] - ETA: 8s - loss: 0.2356 
- val_loss: 1.3054
- val_all_f1:  0.6580 0.6580 0.6580
- val_exp_f1:  0.9200 0.8961 0.9079
- val_non_f1:  0.6000 0.5980 0.5990

4096/4096 [==============================] - 598s - loss: 0.2329 - val_loss: 1.3054
Epoch 62/1000
4032/4096 [============================>.] - ETA: 8s - loss: 0.2160 
- val_loss: 1.2949
- val_all_f1:  0.6710 0.6710 0.6710
- val_exp_f1:  0.9091 0.9091 0.9091
- val_non_f1:  0.6131 0.6111 0.6121

4096/4096 [==============================] - 595s - loss: 0.2174 - val_loss: 1.2949
Epoch 63/1000
4032/4096 [============================>.] - ETA: 8s - loss: 0.1907 
- val_loss: 1.3384
- val_all_f1:  0.6919 0.6919 0.6919
- val_exp_f1:  0.9091 0.9091 0.9091
- val_non_f1:  0.6393 0.6373 0.6383

4096/4096 [==============================] - 599s - loss: 0.1910 - val_loss: 1.3384
Epoch 64/1000
4032/4096 [============================>.] - ETA: 8s - loss: 0.2579 
- val_loss: 1.2840
- val_all_f1:  0.6710 0.6710 0.6710
- val_exp_f1:  0.9091 0.9091 0.9091
- val_non_f1:  0.6111 0.6111 0.6111

4096/4096 [==============================] - 594s - loss: 0.2593 - val_loss: 1.2840
Epoch 65/1000
4032/4096 [============================>.] - ETA: 8s - loss: 0.2543 
- val_loss: 1.3009
- val_all_f1:  0.6188 0.6188 0.6188
- val_exp_f1:  0.9079 0.8961 0.9020
- val_non_f1:  0.5490 0.5490 0.5490

4096/4096 [==============================] - 591s - loss: 0.2519 - val_loss: 1.3009
Epoch 66/1000
4032/4096 [============================>.] - ETA: 8s - loss: 0.2779 
- val_loss: 1.2613
- val_all_f1:  0.6527 0.6527 0.6527
- val_exp_f1:  0.9091 0.9091 0.9091
- val_non_f1:  0.5882 0.5882 0.5882

4096/4096 [==============================] - 596s - loss: 0.2766 - val_loss: 1.2613
Epoch 67/1000
4032/4096 [============================>.] - ETA: 8s - loss: 0.2806 
- val_loss: 1.4239
- val_all_f1:  0.6911 0.6893 0.6902
- val_exp_f1:  0.9351 0.9351 0.9351
- val_non_f1:  0.6295 0.6275 0.6285

4096/4096 [==============================] - 596s - loss: 0.2787 - val_loss: 1.4239
Epoch 68/1000
4032/4096 [============================>.] - ETA: 9s - loss: 0.3385 
- val_loss: 1.2062
- val_all_f1:  0.6580 0.6580 0.6580
- val_exp_f1:  0.9091 0.9091 0.9091
- val_non_f1:  0.5967 0.5948 0.5957

4096/4096 [==============================] - 613s - loss: 0.3427 - val_loss: 1.2062
Epoch 69/1000
4032/4096 [============================>.] - ETA: 9s - loss: 0.2881 
- val_loss: 1.2464
- val_all_f1:  0.6527 0.6527 0.6527
- val_exp_f1:  0.9211 0.9091 0.9150
- val_non_f1:  0.5882 0.5882 0.5882

4096/4096 [==============================] - 662s - loss: 0.2873 - val_loss: 1.2464
Epoch 70/1000
4032/4096 [============================>.] - ETA: 10s - loss: 0.2773
- val_loss: 1.1731
- val_all_f1:  0.6475 0.6475 0.6475
- val_exp_f1:  0.8961 0.8961 0.8961
- val_non_f1:  0.5850 0.5850 0.5850

4096/4096 [==============================] - 680s - loss: 0.2749 - val_loss: 1.1731
Epoch 71/1000
4032/4096 [============================>.] - ETA: 9s - loss: 0.1968 
- val_loss: 1.2201
- val_all_f1:  0.6789 0.6789 0.6789
- val_exp_f1:  0.9610 0.9610 0.9610
- val_non_f1:  0.6098 0.6078 0.6088

4096/4096 [==============================] - 662s - loss: 0.2005 - val_loss: 1.2201
Epoch 72/1000
4032/4096 [============================>.] - ETA: 9s - loss: 0.2164 
- val_loss: 1.4361
- val_all_f1:  0.6580 0.6580 0.6580
- val_exp_f1:  0.9221 0.9221 0.9221
- val_non_f1:  0.5915 0.5915 0.5915

4096/4096 [==============================] - 664s - loss: 0.2142 - val_loss: 1.4361
Epoch 73/1000
4032/4096 [============================>.] - ETA: 9s - loss: 0.2065 
- val_loss: 1.4848
- val_all_f1:  0.6527 0.6527 0.6527
- val_exp_f1:  0.9221 0.9221 0.9221
- val_non_f1:  0.5850 0.5850 0.5850

4096/4096 [==============================] - 671s - loss: 0.2048 - val_loss: 1.4848
Epoch 74/1000
4032/4096 [============================>.] - ETA: 9s - loss: 0.2133 
- val_loss: 1.3774
- val_all_f1:  0.6554 0.6554 0.6554
- val_exp_f1:  0.9221 0.9221 0.9221
- val_non_f1:  0.5902 0.5882 0.5892

4096/4096 [==============================] - 667s - loss: 0.2177 - val_loss: 1.3774
Epoch 75/1000
4032/4096 [============================>.] - ETA: 9s - loss: 0.2078 
- val_loss: 1.4510
- val_all_f1:  0.6632 0.6632 0.6632
- val_exp_f1:  0.9481 0.9481 0.9481
- val_non_f1:  0.5915 0.5915 0.5915

4096/4096 [==============================] - 664s - loss: 0.2072 - val_loss: 1.4510
Epoch 76/1000
4032/4096 [============================>.] - ETA: 9s - loss: 0.2403 
- val_loss: 1.4468
- val_all_f1:  0.6345 0.6345 0.6345
- val_exp_f1:  0.9211 0.9091 0.9150
- val_non_f1:  0.5654 0.5654 0.5654

4096/4096 [==============================] - 664s - loss: 0.2402 - val_loss: 1.4468
Epoch 77/1000
4032/4096 [============================>.] - ETA: 9s - loss: 0.2071 
- val_loss: 1.4270
- val_all_f1:  0.6893 0.6893 0.6893
- val_exp_f1:  0.9481 0.9481 0.9481
- val_non_f1:  0.6242 0.6242 0.6242

4096/4096 [==============================] - 665s - loss: 0.2049 - val_loss: 1.4270
Epoch 78/1000
4032/4096 [============================>.] - ETA: 9s - loss: 0.2174 
- val_loss: 1.2877
- val_all_f1:  0.6762 0.6762 0.6762
- val_exp_f1:  0.9221 0.9221 0.9221
- val_non_f1:  0.6144 0.6144 0.6144

4096/4096 [==============================] - 658s - loss: 0.2184 - val_loss: 1.2877
Epoch 79/1000
4032/4096 [============================>.] - ETA: 9s - loss: 0.2491 
- val_loss: 1.2941
- val_all_f1:  0.6736 0.6736 0.6736
- val_exp_f1:  0.9091 0.9091 0.9091
- val_non_f1:  0.6144 0.6144 0.6144

4096/4096 [==============================] - 664s - loss: 0.2495 - val_loss: 1.2941
Epoch 80/1000
4032/4096 [============================>.] - ETA: 9s - loss: 0.2200 
- val_loss: 1.3290
- val_all_f1:  0.6684 0.6684 0.6684
- val_exp_f1:  0.9481 0.9481 0.9481
- val_non_f1:  0.5980 0.5980 0.5980

4096/4096 [==============================] - 664s - loss: 0.2209 - val_loss: 1.3290
Epoch 81/1000
4032/4096 [============================>.] - ETA: 9s - loss: 0.1528 
- val_loss: 1.4878
- val_all_f1:  0.6527 0.6527 0.6527
- val_exp_f1:  0.9221 0.9221 0.9221
- val_non_f1:  0.5888 0.5850 0.5869

4096/4096 [==============================] - 664s - loss: 0.1537 - val_loss: 1.4878
Epoch 82/1000
4032/4096 [============================>.] - ETA: 9s - loss: 0.1707 
- val_loss: 1.4600
- val_all_f1:  0.6815 0.6815 0.6815
- val_exp_f1:  0.9610 0.9610 0.9610
- val_non_f1:  0.6151 0.6111 0.6131

4096/4096 [==============================] - 661s - loss: 0.1726 - val_loss: 1.4600
Epoch 83/1000
4032/4096 [============================>.] - ETA: 10s - loss: 0.2221
- val_loss: 1.3883
- val_all_f1:  0.6658 0.6658 0.6658
- val_exp_f1:  0.9351 0.9351 0.9351
- val_non_f1:  0.6000 0.5980 0.5990

4096/4096 [==============================] - 674s - loss: 0.2257 - val_loss: 1.3883
Epoch 84/1000
4032/4096 [============================>.] - ETA: 9s - loss: 0.2385 
- val_loss: 1.5929
- val_all_f1:  0.6397 0.6397 0.6397
- val_exp_f1:  0.9474 0.9351 0.9412
- val_non_f1:  0.5672 0.5654 0.5663

4096/4096 [==============================] - 664s - loss: 0.2366 - val_loss: 1.5929
Epoch 85/1000
4032/4096 [============================>.] - ETA: 9s - loss: 0.1899 
- val_loss: 1.3860
- val_all_f1:  0.6736 0.6736 0.6736
- val_exp_f1:  0.9342 0.9221 0.9281
- val_non_f1:  0.6131 0.6111 0.6121

4096/4096 [==============================] - 658s - loss: 0.1899 - val_loss: 1.3860
Epoch 86/1000
4032/4096 [============================>.] - ETA: 9s - loss: 0.2078 
- val_loss: 1.5461
- val_all_f1:  0.6162 0.6162 0.6162
- val_exp_f1:  0.9452 0.8961 0.9200
- val_non_f1:  0.5475 0.5458 0.5466

4096/4096 [==============================] - 661s - loss: 0.2082 - val_loss: 1.5461
Epoch 87/1000
4032/4096 [============================>.] - ETA: 9s - loss: 0.1802 
- val_loss: 1.4265
- val_all_f1:  0.6509 0.6475 0.6492
- val_exp_f1:  0.9211 0.9091 0.9150
- val_non_f1:  0.5855 0.5817 0.5836

4096/4096 [==============================] - 659s - loss: 0.1796 - val_loss: 1.4265
Epoch 88/1000
4032/4096 [============================>.] - ETA: 9s - loss: 0.1809 
- val_loss: 1.5262
- val_all_f1:  0.6710 0.6710 0.6710
- val_exp_f1:  0.9342 0.9221 0.9281
- val_non_f1:  0.6098 0.6078 0.6088

4096/4096 [==============================] - 659s - loss: 0.1857 - val_loss: 1.5262
Epoch 89/1000
4032/4096 [============================>.] - ETA: 9s - loss: 0.1616 
- val_loss: 1.5627
- val_all_f1:  0.6736 0.6736 0.6736
- val_exp_f1:  0.9351 0.9351 0.9351
- val_non_f1:  0.6098 0.6078 0.6088

4096/4096 [==============================] - 657s - loss: 0.1604 - val_loss: 1.5627
Epoch 90/1000
4032/4096 [============================>.] - ETA: 9s - loss: 0.1632 
- val_loss: 1.5762
- val_all_f1:  0.6554 0.6554 0.6554
- val_exp_f1:  0.8816 0.8701 0.8758
- val_non_f1:  0.6013 0.6013 0.6013

4096/4096 [==============================] - 665s - loss: 0.1616 - val_loss: 1.5762
Epoch 91/1000
4032/4096 [============================>.] - ETA: 9s - loss: 0.1373 
- val_loss: 1.7738
- val_all_f1:  0.6501 0.6501 0.6501
- val_exp_f1:  0.8816 0.8701 0.8758
- val_non_f1:  0.5967 0.5948 0.5957

4096/4096 [==============================] - 656s - loss: 0.1380 - val_loss: 1.7738
Epoch 92/1000
4032/4096 [============================>.] - ETA: 9s - loss: 0.1424 
- val_loss: 1.7971
- val_all_f1:  0.6527 0.6527 0.6527
- val_exp_f1:  0.8947 0.8831 0.8889
- val_non_f1:  0.5987 0.5948 0.5967

4096/4096 [==============================] - 673s - loss: 0.1412 - val_loss: 1.7971
Epoch 93/1000
4032/4096 [============================>.] - ETA: 10s - loss: 0.1296
- val_loss: 1.7252
- val_all_f1:  0.6580 0.6580 0.6580
- val_exp_f1:  0.8831 0.8831 0.8831
- val_non_f1:  0.6013 0.6013 0.6013

4096/4096 [==============================] - 693s - loss: 0.1282 - val_loss: 1.7252
Epoch 94/1000
4032/4096 [============================>.] - ETA: 9s - loss: 0.1473 
- val_loss: 1.7587
- val_all_f1:  0.6632 0.6632 0.6632
- val_exp_f1:  0.8947 0.8831 0.8889
- val_non_f1:  0.6098 0.6078 0.6088

4096/4096 [==============================] - 651s - loss: 0.1480 - val_loss: 1.7587
Epoch 95/1000
4032/4096 [============================>.] - ETA: 9s - loss: 0.1365 
- val_loss: 1.7124
- val_all_f1:  0.6571 0.6554 0.6562
- val_exp_f1:  0.9079 0.8961 0.9020
- val_non_f1:  0.5987 0.5948 0.5967

4096/4096 [==============================] - 651s - loss: 0.1370 - val_loss: 1.7124
Epoch 96/1000
4032/4096 [============================>.] - ETA: 9s - loss: 0.1414 
- val_loss: 1.7545
- val_all_f1:  0.6937 0.6919 0.6928
- val_exp_f1:  0.9221 0.9221 0.9221
- val_non_f1:  0.6382 0.6340 0.6361

4096/4096 [==============================] - 649s - loss: 0.1416 - val_loss: 1.7545
Epoch 97/1000
4032/4096 [============================>.] - ETA: 9s - loss: 0.1581 
- val_loss: 1.7478
- val_all_f1:  0.6554 0.6554 0.6554
- val_exp_f1:  0.9079 0.8961 0.9020
- val_non_f1:  0.5967 0.5948 0.5957

4096/4096 [==============================] - 618s - loss: 0.1591 - val_loss: 1.7478
Epoch 98/1000
4032/4096 [============================>.] - ETA: 9s - loss: 0.1547 
- val_loss: 1.8043
- val_all_f1:  0.6449 0.6449 0.6449
- val_exp_f1:  0.9211 0.9091 0.9150
- val_non_f1:  0.5803 0.5784 0.5794

4096/4096 [==============================] - 619s - loss: 0.1576 - val_loss: 1.8043
Epoch 99/1000
4032/4096 [============================>.] - ETA: 9s - loss: 0.1948 
- val_loss: 1.6219
- val_all_f1:  0.6684 0.6684 0.6684
- val_exp_f1:  0.9351 0.9351 0.9351
- val_non_f1:  0.6033 0.6013 0.6023

4096/4096 [==============================] - 624s - loss: 0.1932 - val_loss: 1.6219
Epoch 100/1000
4032/4096 [============================>.] - ETA: 9s - loss: 0.1915 
- val_loss: 1.6916
- val_all_f1:  0.6762 0.6762 0.6762
- val_exp_f1:  0.9221 0.9221 0.9221
- val_non_f1:  0.6164 0.6144 0.6154

4096/4096 [==============================] - 617s - loss: 0.1939 - val_loss: 1.6916
Epoch 101/1000
4032/4096 [============================>.] - ETA: 9s - loss: 0.1559 
- val_loss: 1.9972
- val_all_f1:  0.6640 0.6606 0.6623
- val_exp_f1:  0.9333 0.9091 0.9211
- val_non_f1:  0.6040 0.5980 0.6010

4096/4096 [==============================] - 616s - loss: 0.1548 - val_loss: 1.9972
Epoch 102/1000
4032/4096 [============================>.] - ETA: 9s - loss: 0.1272 
- val_loss: 1.8940
- val_all_f1:  0.6423 0.6423 0.6423
- val_exp_f1:  0.9324 0.8961 0.9139
- val_non_f1:  0.5803 0.5784 0.5794

4096/4096 [==============================] - 617s - loss: 0.1294 - val_loss: 1.8940
Epoch 103/1000
4032/4096 [============================>.] - ETA: 9s - loss: 0.1408 
- val_loss: 1.8432
- val_all_f1:  0.6423 0.6423 0.6423
- val_exp_f1:  0.9189 0.8831 0.9007
- val_non_f1:  0.5836 0.5817 0.5827

4096/4096 [==============================] - 617s - loss: 0.1390 - val_loss: 1.8432
Epoch 104/1000
4032/4096 [============================>.] - ETA: 9s - loss: 0.1244 
- val_loss: 1.9140
- val_all_f1:  0.6736 0.6736 0.6736
- val_exp_f1:  0.9474 0.9351 0.9412
- val_non_f1:  0.6118 0.6078 0.6098

4096/4096 [==============================] - 614s - loss: 0.1257 - val_loss: 1.9140
Epoch 105/1000
4032/4096 [============================>.] - ETA: 9s - loss: 0.1144 
- val_loss: 1.9190
- val_all_f1:  0.6789 0.6789 0.6789
- val_exp_f1:  0.9211 0.9091 0.9150
- val_non_f1:  0.6230 0.6209 0.6219

4096/4096 [==============================] - 623s - loss: 0.1190 - val_loss: 1.9190
Epoch 106/1000
4032/4096 [============================>.] - ETA: 9s - loss: 0.1410 
- val_loss: 2.0672
- val_all_f1:  0.6397 0.6397 0.6397
- val_exp_f1:  0.9324 0.8961 0.9139
- val_non_f1:  0.5752 0.5752 0.5752

4096/4096 [==============================] - 621s - loss: 0.1423 - val_loss: 2.0672
Epoch 107/1000
4032/4096 [============================>.] - ETA: 9s - loss: 0.1190 
- val_loss: 1.9775
- val_all_f1:  0.6606 0.6606 0.6606
- val_exp_f1:  0.9189 0.8831 0.9007
- val_non_f1:  0.6066 0.6046 0.6056

4096/4096 [==============================] - 622s - loss: 0.1241 - val_loss: 1.9775
Epoch 108/1000
4032/4096 [============================>.] - ETA: 9s - loss: 0.1293 
- val_loss: 1.9862
- val_all_f1:  0.6475 0.6475 0.6475
- val_exp_f1:  0.9324 0.8961 0.9139
- val_non_f1:  0.5888 0.5850 0.5869

4096/4096 [==============================] - 624s - loss: 0.1279 - val_loss: 1.9862
Epoch 109/1000
4032/4096 [============================>.] - ETA: 9s - loss: 0.3410 
- val_loss: 1.5751
- val_all_f1:  0.6266 0.6266 0.6266
- val_exp_f1:  0.9221 0.9221 0.9221
- val_non_f1:  0.5523 0.5523 0.5523

4096/4096 [==============================] - 654s - loss: 0.3418 - val_loss: 1.5751
Epoch 110/1000
4032/4096 [============================>.] - ETA: 10s - loss: 0.1821
- val_loss: 1.5392
- val_all_f1:  0.6397 0.6397 0.6397
- val_exp_f1:  0.9211 0.9091 0.9150
- val_non_f1:  0.5738 0.5719 0.5728

4096/4096 [==============================] - 685s - loss: 0.1819 - val_loss: 1.5392
Epoch 111/1000
4032/4096 [============================>.] - ETA: 10s - loss: 0.1409
- val_loss: 1.7248
- val_all_f1:  0.6292 0.6292 0.6292
- val_exp_f1:  0.9211 0.9091 0.9150
- val_non_f1:  0.5588 0.5588 0.5588

4096/4096 [==============================] - 695s - loss: 0.1409 - val_loss: 1.7248
Epoch 112/1000
4032/4096 [============================>.] - ETA: 10s - loss: 0.1557
- val_loss: 1.7929
- val_all_f1:  0.6527 0.6527 0.6527
- val_exp_f1:  0.9221 0.9221 0.9221
- val_non_f1:  0.5869 0.5850 0.5859

4096/4096 [==============================] - 705s - loss: 0.1547 - val_loss: 1.7929
Epoch 113/1000
4032/4096 [============================>.] - ETA: 10s - loss: 0.1203
- val_loss: 1.9665
- val_all_f1:  0.6527 0.6527 0.6527
- val_exp_f1:  0.9342 0.9221 0.9281
- val_non_f1:  0.5869 0.5850 0.5859

4096/4096 [==============================] - 708s - loss: 0.1207 - val_loss: 1.9665
Epoch 114/1000
4032/4096 [============================>.] - ETA: 10s - loss: 0.1336
- val_loss: 1.8756
- val_all_f1:  0.6658 0.6658 0.6658
- val_exp_f1:  0.9342 0.9221 0.9281
- val_non_f1:  0.6033 0.6013 0.6023

4096/4096 [==============================] - 698s - loss: 0.1345 - val_loss: 1.8756
Epoch 115/1000
4032/4096 [============================>.] - ETA: 10s - loss: 0.1260
- val_loss: 2.0580
- val_all_f1:  0.6658 0.6658 0.6658
- val_exp_f1:  0.9342 0.9221 0.9281
- val_non_f1:  0.6013 0.6013 0.6013

4096/4096 [==============================] - 696s - loss: 0.1279 - val_loss: 2.0580
Epoch 116/1000
4032/4096 [============================>.] - ETA: 10s - loss: 0.1292
- val_loss: 2.3129
- val_all_f1:  0.6527 0.6527 0.6527
- val_exp_f1:  0.9342 0.9221 0.9281
- val_non_f1:  0.5869 0.5850 0.5859

4096/4096 [==============================] - 696s - loss: 0.1301 - val_loss: 2.3129
Epoch 117/1000
4032/4096 [============================>.] - ETA: 10s - loss: 0.1740
- val_loss: 1.8209
- val_all_f1:  0.6414 0.6397 0.6405
- val_exp_f1:  0.9091 0.9091 0.9091
- val_non_f1:  0.5757 0.5719 0.5738

4096/4096 [==============================] - 708s - loss: 0.1740 - val_loss: 1.8209
Epoch 118/1000
4032/4096 [============================>.] - ETA: 10s - loss: 0.1337
- val_loss: 2.1371
- val_all_f1:  0.6319 0.6319 0.6319
- val_exp_f1:  0.8816 0.8701 0.8758
- val_non_f1:  0.5719 0.5719 0.5719

4096/4096 [==============================] - 704s - loss: 0.1390 - val_loss: 2.1371
Epoch 119/1000
4032/4096 [============================>.] - ETA: 10s - loss: 0.1441
- val_loss: 2.0865
- val_all_f1:  0.6475 0.6475 0.6475
- val_exp_f1:  0.9342 0.9221 0.9281
- val_non_f1:  0.5784 0.5784 0.5784

4096/4096 [==============================] - 698s - loss: 0.1455 - val_loss: 2.0865
Epoch 120/1000
4032/4096 [============================>.] - ETA: 10s - loss: 0.1672
- val_loss: 1.9279
- val_all_f1:  0.6319 0.6319 0.6319
- val_exp_f1:  0.9211 0.9091 0.9150
- val_non_f1:  0.5639 0.5621 0.5630

4096/4096 [==============================] - 701s - loss: 0.1668 - val_loss: 1.9279
Epoch 121/1000
4032/4096 [============================>.] - ETA: 10s - loss: 0.1047
- val_loss: 2.2235
- val_all_f1:  0.6371 0.6371 0.6371
- val_exp_f1:  0.9211 0.9091 0.9150
- val_non_f1:  0.5686 0.5686 0.5686

4096/4096 [==============================] - 698s - loss: 0.1053 - val_loss: 2.2235
Epoch 122/1000
4032/4096 [============================>.] - ETA: 10s - loss: 0.1166
- val_loss: 2.3809
- val_all_f1:  0.6292 0.6292 0.6292
- val_exp_f1:  0.8816 0.8701 0.8758
- val_non_f1:  0.5686 0.5686 0.5686

4096/4096 [==============================] - 690s - loss: 0.1151 - val_loss: 2.3809
Epoch 123/1000
4032/4096 [============================>.] - ETA: 10s - loss: 0.1149
- val_loss: 2.3210
- val_all_f1:  0.6580 0.6580 0.6580
- val_exp_f1:  0.8831 0.8831 0.8831
- val_non_f1:  0.6033 0.6013 0.6023

4096/4096 [==============================] - 691s - loss: 0.1153 - val_loss: 2.3210
Epoch 124/1000
4032/4096 [============================>.] - ETA: 10s - loss: 0.1176
- val_loss: 2.3082
- val_all_f1:  0.6266 0.6266 0.6266
- val_exp_f1:  0.9211 0.9091 0.9150
- val_non_f1:  0.5574 0.5556 0.5565

4096/4096 [==============================] - 677s - loss: 0.1163 - val_loss: 2.3082
Epoch 125/1000
4032/4096 [============================>.] - ETA: 10s - loss: 0.1019
- val_loss: 2.2231
- val_all_f1:  0.6214 0.6214 0.6214
- val_exp_f1:  0.9211 0.9091 0.9150
- val_non_f1:  0.5508 0.5490 0.5499

4096/4096 [==============================] - 687s - loss: 0.1019 - val_loss: 2.2231
Epoch 126/1000
4032/4096 [============================>.] - ETA: 10s - loss: 0.1303
- val_loss: 2.3772
- val_all_f1:  0.6554 0.6554 0.6554
- val_exp_f1:  0.9211 0.9091 0.9150
- val_non_f1:  0.5915 0.5915 0.5915

4096/4096 [==============================] - 689s - loss: 0.1306 - val_loss: 2.3772
Epoch 127/1000
4032/4096 [============================>.] - ETA: 9s - loss: 0.1225 
- val_loss: 2.3073
- val_all_f1:  0.6110 0.6110 0.6110
- val_exp_f1:  0.9200 0.8961 0.9079
- val_non_f1:  0.5410 0.5392 0.5401

4096/4096 [==============================] - 670s - loss: 0.1224 - val_loss: 2.3073
Epoch 128/1000
4032/4096 [============================>.] - ETA: 9s - loss: 0.1150 
- val_loss: 2.4320
- val_all_f1:  0.6527 0.6527 0.6527
- val_exp_f1:  0.9079 0.8961 0.9020
- val_non_f1:  0.5934 0.5915 0.5925

4096/4096 [==============================] - 664s - loss: 0.1144 - val_loss: 2.4320
Epoch 129/1000
4032/4096 [============================>.] - ETA: 9s - loss: 0.1290 
- val_loss: 2.3644
- val_all_f1:  0.6292 0.6292 0.6292
- val_exp_f1:  0.9079 0.8961 0.9020
- val_non_f1:  0.5658 0.5621 0.5639

4096/4096 [==============================] - 659s - loss: 0.1288 - val_loss: 2.3644
Epoch 130/1000
4032/4096 [============================>.] - ETA: 9s - loss: 0.1143 
- val_loss: 2.5313
- val_all_f1:  0.6084 0.6084 0.6084
- val_exp_f1:  0.9167 0.8571 0.8859
- val_non_f1:  0.5475 0.5458 0.5466

4096/4096 [==============================] - 667s - loss: 0.1150 - val_loss: 2.5313
Epoch 131/1000
4032/4096 [============================>.] - ETA: 9s - loss: 0.1027 
- val_loss: 2.2367
- val_all_f1:  0.6449 0.6449 0.6449
- val_exp_f1:  0.8947 0.8831 0.8889
- val_non_f1:  0.5869 0.5850 0.5859

4096/4096 [==============================] - 663s - loss: 0.1018 - val_loss: 2.2367
Epoch 132/1000
4032/4096 [============================>.] - ETA: 9s - loss: 0.0571 
- val_loss: 2.6190
- val_all_f1:  0.6527 0.6527 0.6527
- val_exp_f1:  0.8947 0.8831 0.8889
- val_non_f1:  0.5948 0.5948 0.5948

4096/4096 [==============================] - 660s - loss: 0.0601 - val_loss: 2.6190
Epoch 133/1000
4032/4096 [============================>.] - ETA: 9s - loss: 0.1015 
- val_loss: 2.9242
- val_all_f1:  0.6240 0.6240 0.6240
- val_exp_f1:  0.9054 0.8701 0.8874
- val_non_f1:  0.5621 0.5621 0.5621

4096/4096 [==============================] - 653s - loss: 0.1027 - val_loss: 2.9242
Epoch 134/1000
4032/4096 [============================>.] - ETA: 9s - loss: 0.1038 
- val_loss: 2.5106
- val_all_f1:  0.6501 0.6501 0.6501
- val_exp_f1:  0.9474 0.9351 0.9412
- val_non_f1:  0.5803 0.5784 0.5794

4096/4096 [==============================] - 652s - loss: 0.1034 - val_loss: 2.5106
Epoch 135/1000
4032/4096 [============================>.] - ETA: 9s - loss: 0.1076 
- val_loss: 2.5142
- val_all_f1:  0.6136 0.6136 0.6136
- val_exp_f1:  0.9200 0.8961 0.9079
- val_non_f1:  0.5425 0.5425 0.5425

4096/4096 [==============================] - 663s - loss: 0.1095 - val_loss: 2.5142
Epoch 136/1000
4032/4096 [============================>.] - ETA: 10s - loss: 0.1183
- val_loss: 2.4683
- val_all_f1:  0.6266 0.6266 0.6266
- val_exp_f1:  0.9452 0.8961 0.9200
- val_non_f1:  0.5588 0.5588 0.5588

4096/4096 [==============================] - 678s - loss: 0.1182 - val_loss: 2.4683
Epoch 137/1000
4032/4096 [============================>.] - ETA: 9s - loss: 0.0967 
- val_loss: 2.4493
- val_all_f1:  0.6371 0.6371 0.6371
- val_exp_f1:  0.9041 0.8571 0.8800
- val_non_f1:  0.5855 0.5817 0.5836

4096/4096 [==============================] - 666s - loss: 0.0967 - val_loss: 2.4493
Epoch 138/1000
4032/4096 [============================>.] - ETA: 9s - loss: 0.0848 
- val_loss: 2.4040
- val_all_f1:  0.6423 0.6423 0.6423
- val_exp_f1:  0.9324 0.8961 0.9139
- val_non_f1:  0.5803 0.5784 0.5794

4096/4096 [==============================] - 667s - loss: 0.0856 - val_loss: 2.4040
Epoch 139/1000
4032/4096 [============================>.] - ETA: 9s - loss: 0.1071 
- val_loss: 2.4034
- val_all_f1:  0.6292 0.6292 0.6292
- val_exp_f1:  0.9333 0.9091 0.9211
- val_non_f1:  0.5607 0.5588 0.5597

4096/4096 [==============================] - 668s - loss: 0.1060 - val_loss: 2.4034
Epoch 140/1000
4032/4096 [============================>.] - ETA: 9s - loss: 0.1138 
- val_loss: 2.4245
- val_all_f1:  0.6188 0.6188 0.6188
- val_exp_f1:  0.9200 0.8961 0.9079
- val_non_f1:  0.5490 0.5490 0.5490

4096/4096 [==============================] - 665s - loss: 0.1125 - val_loss: 2.4245
Epoch 141/1000
4032/4096 [============================>.] - ETA: 9s - loss: 0.0727 
- val_loss: 2.5306
- val_all_f1:  0.6240 0.6240 0.6240
- val_exp_f1:  0.9067 0.8831 0.8947
- val_non_f1:  0.5644 0.5588 0.5616

4096/4096 [==============================] - 662s - loss: 0.0722 - val_loss: 2.5306
Epoch 142/1000
4032/4096 [============================>.] - ETA: 9s - loss: 0.0658 
- val_loss: 2.8007
- val_all_f1:  0.6266 0.6266 0.6266
- val_exp_f1:  0.8933 0.8701 0.8816
- val_non_f1:  0.5672 0.5654 0.5663

4096/4096 [==============================] - 665s - loss: 0.0653 - val_loss: 2.8007
Epoch 143/1000
4032/4096 [============================>.] - ETA: 9s - loss: 0.0758 
- val_loss: 2.6241
- val_all_f1:  0.6031 0.6031 0.6031
- val_exp_f1:  0.9189 0.8831 0.9007
- val_non_f1:  0.5344 0.5327 0.5336

4096/4096 [==============================] - 659s - loss: 0.0748 - val_loss: 2.6241
Epoch 144/1000
4032/4096 [============================>.] - ETA: 9s - loss: 0.0847 
- val_loss: 2.5640
- val_all_f1:  0.6136 0.6136 0.6136
- val_exp_f1:  0.9189 0.8831 0.9007
- val_non_f1:  0.5458 0.5458 0.5458

4096/4096 [==============================] - 653s - loss: 0.0871 - val_loss: 2.5640
Epoch 145/1000
4032/4096 [============================>.] - ETA: 9s - loss: 0.0929 
- val_loss: 2.9309
- val_all_f1:  0.6397 0.6397 0.6397
- val_exp_f1:  0.9211 0.9091 0.9150
- val_non_f1:  0.5738 0.5719 0.5728

4096/4096 [==============================] - 656s - loss: 0.0915 - val_loss: 2.9309
Epoch 146/1000
4032/4096 [============================>.] - ETA: 9s - loss: 0.0940 
- val_loss: 2.7695
- val_all_f1:  0.6501 0.6501 0.6501
- val_exp_f1:  0.9474 0.9351 0.9412
- val_non_f1:  0.5803 0.5784 0.5794

4096/4096 [==============================] - 655s - loss: 0.0953 - val_loss: 2.7695
Epoch 147/1000
4032/4096 [============================>.] - ETA: 9s - loss: 0.0908 
- val_loss: 2.7439
- val_all_f1:  0.5979 0.5979 0.5979
- val_exp_f1:  0.9467 0.9221 0.9342
- val_non_f1:  0.5180 0.5163 0.5172

4096/4096 [==============================] - 651s - loss: 0.0928 - val_loss: 2.7439
Epoch 148/1000
4032/4096 [============================>.] - ETA: 9s - loss: 0.1210 
- val_loss: 2.4200
- val_all_f1:  0.6240 0.6240 0.6240
- val_exp_f1:  0.9342 0.9221 0.9281
- val_non_f1:  0.5526 0.5490 0.5508

4096/4096 [==============================] - 655s - loss: 0.1202 - val_loss: 2.4200
Epoch 149/1000
4032/4096 [============================>.] - ETA: 9s - loss: 0.1092 
- val_loss: 2.7019
- val_all_f1:  0.6449 0.6449 0.6449
- val_exp_f1:  0.9342 0.9221 0.9281
- val_non_f1:  0.5770 0.5752 0.5761

4096/4096 [==============================] - 649s - loss: 0.1102 - val_loss: 2.7019
Epoch 150/1000
4032/4096 [============================>.] - ETA: 9s - loss: 0.0886 
- val_loss: 2.8089
- val_all_f1:  0.5718 0.5718 0.5718
- val_exp_f1:  0.9200 0.8961 0.9079
- val_non_f1:  0.4902 0.4902 0.4902

4096/4096 [==============================] - 651s - loss: 0.0881 - val_loss: 2.8089
Epoch 151/1000
4032/4096 [============================>.] - ETA: 9s - loss: 0.0657 
- val_loss: 2.8499
- val_all_f1:  0.6319 0.6319 0.6319
- val_exp_f1:  0.9067 0.8831 0.8947
- val_non_f1:  0.5686 0.5686 0.5686

4096/4096 [==============================] - 652s - loss: 0.0649 - val_loss: 2.8499
Epoch 152/1000
4032/4096 [============================>.] - ETA: 9s - loss: 0.0735 
- val_loss: 2.9471
- val_all_f1:  0.5953 0.5953 0.5953
- val_exp_f1:  0.8933 0.8701 0.8816
- val_non_f1:  0.5279 0.5261 0.5270

4096/4096 [==============================] - 654s - loss: 0.0730 - val_loss: 2.9471
Epoch 153/1000
4032/4096 [============================>.] - ETA: 9s - loss: 0.0691 
- val_loss: 2.8276
- val_all_f1:  0.6423 0.6423 0.6423
- val_exp_f1:  0.9079 0.8961 0.9020
- val_non_f1:  0.5784 0.5784 0.5784

4096/4096 [==============================] - 651s - loss: 0.0682 - val_loss: 2.8276
Epoch 154/1000
4032/4096 [============================>.] - ETA: 9s - loss: 0.0797 
- val_loss: 2.7937
- val_all_f1:  0.6136 0.6136 0.6136
- val_exp_f1:  0.9079 0.8961 0.9020
- val_non_f1:  0.5461 0.5425 0.5443

4096/4096 [==============================] - 650s - loss: 0.0805 - val_loss: 2.7937
Epoch 155/1000
4032/4096 [============================>.] - ETA: 9s - loss: 0.0809 
- val_loss: 2.6391
- val_all_f1:  0.6292 0.6292 0.6292
- val_exp_f1:  0.8947 0.8831 0.8889
- val_non_f1:  0.5654 0.5654 0.5654

4096/4096 [==============================] - 654s - loss: 0.0817 - val_loss: 2.6391
Epoch 156/1000
4032/4096 [============================>.] - ETA: 9s - loss: 0.0753 
- val_loss: 2.9335
- val_all_f1:  0.6266 0.6266 0.6266
- val_exp_f1:  0.9067 0.8831 0.8947
- val_non_f1:  0.5639 0.5621 0.5630

4096/4096 [==============================] - 657s - loss: 0.0754 - val_loss: 2.9335
Epoch 157/1000
4032/4096 [============================>.] - ETA: 9s - loss: 0.0871 
- val_loss: 2.8013
- val_all_f1:  0.6371 0.6371 0.6371
- val_exp_f1:  0.9221 0.9221 0.9221
- val_non_f1:  0.5691 0.5654 0.5672

4096/4096 [==============================] - 661s - loss: 0.0876 - val_loss: 2.8013
Epoch 158/1000
4032/4096 [============================>.] - ETA: 9s - loss: 0.0814 
- val_loss: 2.8583
- val_all_f1:  0.6397 0.6397 0.6397
- val_exp_f1:  0.8947 0.8831 0.8889
- val_non_f1:  0.5803 0.5784 0.5794

4096/4096 [==============================] - 648s - loss: 0.0803 - val_loss: 2.8583
Epoch 159/1000
4032/4096 [============================>.] - ETA: 9s - loss: 0.0896 
- val_loss: 3.2284
- val_all_f1:  0.6188 0.6188 0.6188
- val_exp_f1:  0.8947 0.8831 0.8889
- val_non_f1:  0.5578 0.5523 0.5550

4096/4096 [==============================] - 649s - loss: 0.0899 - val_loss: 3.2284
Epoch 160/1000
4032/4096 [============================>.] - ETA: 9s - loss: 0.0910 
- val_loss: 2.7871
- val_all_f1:  0.6266 0.6266 0.6266
- val_exp_f1:  0.9200 0.8961 0.9079
- val_non_f1:  0.5644 0.5588 0.5616

4096/4096 [==============================] - 646s - loss: 0.0913 - val_loss: 2.7871
Epoch 161/1000
4032/4096 [============================>.] - ETA: 9s - loss: 0.0674 
- val_loss: 2.9428
- val_all_f1:  0.6371 0.6371 0.6371
- val_exp_f1:  0.8947 0.8831 0.8889
- val_non_f1:  0.5789 0.5752 0.5770

4096/4096 [==============================] - 644s - loss: 0.0676 - val_loss: 2.9428
[2019-03-05 17:49] training finished (ex/conll16st-v35nodropout-zh)
[2019-03-05 17:49] best_val_loss: 28 - loss: 0.4226 - val_loss: 0.9683 - val_all_f1: 0.6789 - val_exp_f1: 0.7013 - val_non_f1: 0.6754
[2019-03-05 17:49] best_val_all_f1: 59 - loss: 0.2769 - val_loss: 1.1442 - val_all_f1: 0.7076 - val_exp_f1: 0.9221 - val_non_f1: 0.6536
[2019-03-05 17:49] time: loaded: 51.4748 - prepared: 1408.2964 - trained: 101094.2378 - epoch: 6279.1452 - epoch_cnt: 16.1000 - epoch_samples: 40960.0000
