[2019-03-07 16:45] configuration (ex/conll16st-v35dimx05-en/blind)
[2019-03-07 16:45]   config 'arg1_len': 100
[2019-03-07 16:45]   config 'arg2_len': 100
[2019-03-07 16:45]   config 'backend': theano
[2019-03-07 16:45]   config 'backend_theano': device=cpu
[2019-03-07 16:45]   config 'batch_size': 64
[2019-03-07 16:45]   config 'conn_len': 10
[2019-03-07 16:45]   config 'dataset_dir': data/conll15st-en-03-29-16-blind-test
[2019-03-07 16:45]   config 'filter_fn_name': None
[2019-03-07 16:45]   config 'input_size': None
[2019-03-07 16:45]   config 'lang': en
[2019-03-07 16:45]   config 'mode': word
[2019-03-07 16:45]   config 'model_dir': ex/conll16st-v35dimx05-en
[2019-03-07 16:45]   config 'normalization_mode': sample_aspect
[2019-03-07 16:45]   config 'output_dir': ex/conll16st-v35dimx05-en/blind
[2019-03-07 16:45]   config 'punc_len': 0
[2019-03-07 16:45]   config 'rest': ['--words_dim=10', '--rnn_dim=10', '--final_dim=40', '--filter_dim=8', '--rnn_num=8']
[2019-03-07 16:45]   config 'snapshot_size': 2048
[2019-03-07 16:45] load dataset for prediction (data/conll15st-en-03-29-16-blind-test)
[2019-03-07 16:45]   lang: en, doc_ids: 71, words: 34621, rel_ids: 1209, relation tokens: 44203
[2019-03-07 16:45] load previous indexes (ex/conll16st-v35dimx05-en/indexes.pkl)
[2019-03-07 16:45]   words2id: 43918, target2id: 23
[2019-03-07 16:45] load model (ex/conll16st-v35dimx05-en)
[2019-03-07 16:45] load previous weights (ex/conll16st-v35dimx05-en/weights_val_all_f1.hdf5)
[2019-03-07 16:45] make predictions
[2019-03-07 16:46] save predictions (ex/conll16st-v35dimx05-en/blind/output.json)
[2019-03-07 16:46] save predictions (ex/conll16st-v35dimx05-en/blind/output_proba.json)
[2019-03-07 16:46] peek into filtering weights (ex/conll16st-v35dimx05-en/blind/peek.html)
[2019-03-07 16:46] finished (ex/conll16st-v35dimx05-en/blind)
[2019-03-07 16:46] time: loaded: 9.8362 - prepared: 2.6573 - predicted: 35.4558
