[2019-04-04 04:43] configuration (ex/conll16st-v35-zh-fd-12-rn-12-0)
[2019-04-04 04:43]   config 'arg1_len': 500
[2019-04-04 04:43]   config 'arg2_len': 500
[2019-04-04 04:43]   config 'backend': theano
[2019-04-04 04:43]   config 'backend_theano': device=cpu
[2019-04-04 04:43]   config 'batch_size': 64
[2019-04-04 04:43]   config 'conn_len': 10
[2019-04-04 04:43]   config 'continue_': False
[2019-04-04 04:43]   config 'curriculum_end': 0.0
[2019-04-04 04:43]   config 'epochs': 1000
[2019-04-04 04:43]   config 'epochs_patience': 100
[2019-04-04 04:43]   config 'epochs_ratio': 0.1
[2019-04-04 04:43]   config 'filter_act': sigmoid
[2019-04-04 04:43]   config 'filter_append_act': linear
[2019-04-04 04:43]   config 'filter_append_batchnorm': False
[2019-04-04 04:43]   config 'filter_append_dim': 0
[2019-04-04 04:43]   config 'filter_append_dropout': 0.0
[2019-04-04 04:43]   config 'filter_apply': mul
[2019-04-04 04:43]   config 'filter_dim': 12
[2019-04-04 04:43]   config 'filter_dropout_U': 0.0
[2019-04-04 04:43]   config 'filter_dropout_W': 0.0
[2019-04-04 04:43]   config 'filter_fn_name': None
[2019-04-04 04:43]   config 'filter_shared': global
[2019-04-04 04:43]   config 'filter_type': lstm-fb
[2019-04-04 04:43]   config 'filter_zoneout_c': 0.0
[2019-04-04 04:43]   config 'filter_zoneout_h': 0.0
[2019-04-04 04:43]   config 'final_act': SReLU
[2019-04-04 04:43]   config 'final_dim': 80
[2019-04-04 04:43]   config 'final_dropout': 0.3
[2019-04-04 04:43]   config 'input_size': None
[2019-04-04 04:43]   config 'lang': zh
[2019-04-04 04:43]   config 'masking': True
[2019-04-04 04:43]   config 'mode': word
[2019-04-04 04:43]   config 'model_dir': ex/conll16st-v35-zh-fd-12-rn-12-0
[2019-04-04 04:43]   config 'optimizer': adam
[2019-04-04 04:43]   config 'original_positives': 0
[2019-04-04 04:43]   config 'punc_len': 2
[2019-04-04 04:43]   config 'random_negatives': 2
[2019-04-04 04:43]   config 'random_positives': 2
[2019-04-04 04:43]   config 'random_proba_1': 0.1
[2019-04-04 04:43]   config 'random_proba_2': 0.1
[2019-04-04 04:43]   config 'random_proba_3': 0.9
[2019-04-04 04:43]   config 'rnn_act': tanh
[2019-04-04 04:43]   config 'rnn_dim': 20
[2019-04-04 04:43]   config 'rnn_dropout_U': 0.0
[2019-04-04 04:43]   config 'rnn_dropout_W': 0.0
[2019-04-04 04:43]   config 'rnn_dropout_merge': 0.3
[2019-04-04 04:43]   config 'rnn_merge': concat
[2019-04-04 04:43]   config 'rnn_num': 12
[2019-04-04 04:43]   config 'rnn_shared': aspect
[2019-04-04 04:43]   config 'rnn_type': lstm-fwd
[2019-04-04 04:43]   config 'rnn_zoneout_c': 0.0
[2019-04-04 04:43]   config 'rnn_zoneout_h': 0.0
[2019-04-04 04:43]   config 'snapshot_size': 2048
[2019-04-04 04:43]   config 'train_dir': data/conll16st-zh-01-08-2016-train
[2019-04-04 04:43]   config 'valid_dir': data/conll16st-zh-01-08-2016-dev
[2019-04-04 04:43]   config 'words2vec_bin': None
[2019-04-04 04:43]   config 'words2vec_txt': None
[2019-04-04 04:43]   config 'words_crop': None
[2019-04-04 04:43]   config 'words_dim': 20
[2019-04-04 04:43]   config 'words_dropout': 0.3
[2019-04-04 04:43]   config 'words_shared': global
[2019-04-04 04:43]   config 'words_trainable': True
[2019-04-04 04:43] load dataset for training (data/conll16st-zh-01-08-2016-train)
[2019-04-04 04:44]   lang: zh, doc_ids: 455, words: 155827, rel_ids: 10240, relation tokens: 475970
[2019-04-04 04:44] load dataset for validation (data/conll16st-zh-01-08-2016-dev)
[2019-04-04 04:44]   lang: zh, doc_ids: 24, words: 6782, rel_ids: 383, relation tokens: 16859
[2019-04-04 04:44] build indexes from training
[2019-04-04 04:44]   words2id: 14785, target2id: 12
[2019-04-04 04:44] target class distribution from training
[2019-04-04 04:44]   class 0 = 'None': None
[2019-04-04 04:44]   class 1 = '': None
[2019-04-04 04:44]   class 2 = 'Conjunction': 6102
[2019-04-04 04:44]   class 3 = 'Expansion': 1435
[2019-04-04 04:44]   class 4 = 'EntRel': 1098
[2019-04-04 04:44]   class 5 = 'Causation': 456
[2019-04-04 04:44]   class 6 = 'Temporal': 434
[2019-04-04 04:44]   class 7 = 'Contrast': 340
[2019-04-04 04:44]   class 8 = 'Purpose': 244
[2019-04-04 04:44]   class 9 = 'Conditional': 134
[2019-04-04 04:44]   class 10 = 'Progression': 75
[2019-04-04 04:44]   class 11 = 'Alternative': 18
[2019-04-04 04:44] build model
____________________________________________________________________________________________________
Layer (type)                     Output Shape          Param #     Connected to                     
====================================================================================================
arg1_ids (InputLayer)            (None, 500)           0                                            
____________________________________________________________________________________________________
arg2_ids (InputLayer)            (None, 500)           0                                            
____________________________________________________________________________________________________
conn_ids (InputLayer)            (None, 10)            0                                            
____________________________________________________________________________________________________
punc_ids (InputLayer)            (None, 2)             0                                            
____________________________________________________________________________________________________
embedding_1 (Embedding)          multiple              295700      arg1_ids[0][0]                   
                                                                   arg2_ids[0][0]                   
                                                                   conn_ids[0][0]                   
                                                                   punc_ids[0][0]                   
____________________________________________________________________________________________________
shareablelstm_1 (ShareableLSTM)  multiple              1584        embedding_1[0][0]                
                                                                   embedding_1[1][0]                
                                                                   embedding_1[2][0]                
                                                                   embedding_1[3][0]                
____________________________________________________________________________________________________
shareablelstm_2 (ShareableLSTM)  multiple              1584        embedding_1[0][0]                
                                                                   embedding_1[1][0]                
                                                                   embedding_1[2][0]                
                                                                   embedding_1[3][0]                
____________________________________________________________________________________________________
merge_1 (Merge)                  (None, 500, 12)       0           shareablelstm_1[0][0]            
                                                                   shareablelstm_2[0][0]            
____________________________________________________________________________________________________
merge_15 (Merge)                 (None, 500, 12)       0           shareablelstm_1[1][0]            
                                                                   shareablelstm_2[1][0]            
____________________________________________________________________________________________________
merge_29 (Merge)                 (None, 10, 12)        0           shareablelstm_1[2][0]            
                                                                   shareablelstm_2[2][0]            
____________________________________________________________________________________________________
merge_43 (Merge)                 (None, 2, 12)         0           shareablelstm_1[3][0]            
                                                                   shareablelstm_2[3][0]            
____________________________________________________________________________________________________
arg1_filters (Activation)        (None, 500, 12)       0           merge_1[0][0]                    
____________________________________________________________________________________________________
arg2_filters (Activation)        (None, 500, 12)       0           merge_15[0][0]                   
____________________________________________________________________________________________________
conn_filters (Activation)        (None, 10, 12)        0           merge_29[0][0]                   
____________________________________________________________________________________________________
punc_filters (Activation)        (None, 2, 12)         0           merge_43[0][0]                   
____________________________________________________________________________________________________
merge_2 (Merge)                  (None, 500, 20)       0           embedding_1[0][0]                
                                                                   arg1_filters[0][0]               
____________________________________________________________________________________________________
merge_3 (Merge)                  (None, 500, 20)       0           embedding_1[0][0]                
                                                                   arg1_filters[0][0]               
____________________________________________________________________________________________________
merge_4 (Merge)                  (None, 500, 20)       0           embedding_1[0][0]                
                                                                   arg1_filters[0][0]               
____________________________________________________________________________________________________
merge_5 (Merge)                  (None, 500, 20)       0           embedding_1[0][0]                
                                                                   arg1_filters[0][0]               
____________________________________________________________________________________________________
merge_6 (Merge)                  (None, 500, 20)       0           embedding_1[0][0]                
                                                                   arg1_filters[0][0]               
____________________________________________________________________________________________________
merge_7 (Merge)                  (None, 500, 20)       0           embedding_1[0][0]                
                                                                   arg1_filters[0][0]               
____________________________________________________________________________________________________
merge_8 (Merge)                  (None, 500, 20)       0           embedding_1[0][0]                
                                                                   arg1_filters[0][0]               
____________________________________________________________________________________________________
merge_9 (Merge)                  (None, 500, 20)       0           embedding_1[0][0]                
                                                                   arg1_filters[0][0]               
____________________________________________________________________________________________________
merge_10 (Merge)                 (None, 500, 20)       0           embedding_1[0][0]                
                                                                   arg1_filters[0][0]               
____________________________________________________________________________________________________
merge_11 (Merge)                 (None, 500, 20)       0           embedding_1[0][0]                
                                                                   arg1_filters[0][0]               
____________________________________________________________________________________________________
merge_12 (Merge)                 (None, 500, 20)       0           embedding_1[0][0]                
                                                                   arg1_filters[0][0]               
____________________________________________________________________________________________________
merge_13 (Merge)                 (None, 500, 20)       0           embedding_1[0][0]                
                                                                   arg1_filters[0][0]               
____________________________________________________________________________________________________
merge_16 (Merge)                 (None, 500, 20)       0           embedding_1[1][0]                
                                                                   arg2_filters[0][0]               
____________________________________________________________________________________________________
merge_17 (Merge)                 (None, 500, 20)       0           embedding_1[1][0]                
                                                                   arg2_filters[0][0]               
____________________________________________________________________________________________________
merge_18 (Merge)                 (None, 500, 20)       0           embedding_1[1][0]                
                                                                   arg2_filters[0][0]               
____________________________________________________________________________________________________
merge_19 (Merge)                 (None, 500, 20)       0           embedding_1[1][0]                
                                                                   arg2_filters[0][0]               
____________________________________________________________________________________________________
merge_20 (Merge)                 (None, 500, 20)       0           embedding_1[1][0]                
                                                                   arg2_filters[0][0]               
____________________________________________________________________________________________________
merge_21 (Merge)                 (None, 500, 20)       0           embedding_1[1][0]                
                                                                   arg2_filters[0][0]               
____________________________________________________________________________________________________
merge_22 (Merge)                 (None, 500, 20)       0           embedding_1[1][0]                
                                                                   arg2_filters[0][0]               
____________________________________________________________________________________________________
merge_23 (Merge)                 (None, 500, 20)       0           embedding_1[1][0]                
                                                                   arg2_filters[0][0]               
____________________________________________________________________________________________________
merge_24 (Merge)                 (None, 500, 20)       0           embedding_1[1][0]                
                                                                   arg2_filters[0][0]               
____________________________________________________________________________________________________
merge_25 (Merge)                 (None, 500, 20)       0           embedding_1[1][0]                
                                                                   arg2_filters[0][0]               
____________________________________________________________________________________________________
merge_26 (Merge)                 (None, 500, 20)       0           embedding_1[1][0]                
                                                                   arg2_filters[0][0]               
____________________________________________________________________________________________________
merge_27 (Merge)                 (None, 500, 20)       0           embedding_1[1][0]                
                                                                   arg2_filters[0][0]               
____________________________________________________________________________________________________
merge_30 (Merge)                 (None, 10, 20)        0           embedding_1[2][0]                
                                                                   conn_filters[0][0]               
____________________________________________________________________________________________________
merge_31 (Merge)                 (None, 10, 20)        0           embedding_1[2][0]                
                                                                   conn_filters[0][0]               
____________________________________________________________________________________________________
merge_32 (Merge)                 (None, 10, 20)        0           embedding_1[2][0]                
                                                                   conn_filters[0][0]               
____________________________________________________________________________________________________
merge_33 (Merge)                 (None, 10, 20)        0           embedding_1[2][0]                
                                                                   conn_filters[0][0]               
____________________________________________________________________________________________________
merge_34 (Merge)                 (None, 10, 20)        0           embedding_1[2][0]                
                                                                   conn_filters[0][0]               
____________________________________________________________________________________________________
merge_35 (Merge)                 (None, 10, 20)        0           embedding_1[2][0]                
                                                                   conn_filters[0][0]               
____________________________________________________________________________________________________
merge_36 (Merge)                 (None, 10, 20)        0           embedding_1[2][0]                
                                                                   conn_filters[0][0]               
____________________________________________________________________________________________________
merge_37 (Merge)                 (None, 10, 20)        0           embedding_1[2][0]                
                                                                   conn_filters[0][0]               
____________________________________________________________________________________________________
merge_38 (Merge)                 (None, 10, 20)        0           embedding_1[2][0]                
                                                                   conn_filters[0][0]               
____________________________________________________________________________________________________
merge_39 (Merge)                 (None, 10, 20)        0           embedding_1[2][0]                
                                                                   conn_filters[0][0]               
____________________________________________________________________________________________________
merge_40 (Merge)                 (None, 10, 20)        0           embedding_1[2][0]                
                                                                   conn_filters[0][0]               
____________________________________________________________________________________________________
merge_41 (Merge)                 (None, 10, 20)        0           embedding_1[2][0]                
                                                                   conn_filters[0][0]               
____________________________________________________________________________________________________
merge_44 (Merge)                 (None, 2, 20)         0           embedding_1[3][0]                
                                                                   punc_filters[0][0]               
____________________________________________________________________________________________________
merge_45 (Merge)                 (None, 2, 20)         0           embedding_1[3][0]                
                                                                   punc_filters[0][0]               
____________________________________________________________________________________________________
merge_46 (Merge)                 (None, 2, 20)         0           embedding_1[3][0]                
                                                                   punc_filters[0][0]               
____________________________________________________________________________________________________
merge_47 (Merge)                 (None, 2, 20)         0           embedding_1[3][0]                
                                                                   punc_filters[0][0]               
____________________________________________________________________________________________________
merge_48 (Merge)                 (None, 2, 20)         0           embedding_1[3][0]                
                                                                   punc_filters[0][0]               
____________________________________________________________________________________________________
merge_49 (Merge)                 (None, 2, 20)         0           embedding_1[3][0]                
                                                                   punc_filters[0][0]               
____________________________________________________________________________________________________
merge_50 (Merge)                 (None, 2, 20)         0           embedding_1[3][0]                
                                                                   punc_filters[0][0]               
____________________________________________________________________________________________________
merge_51 (Merge)                 (None, 2, 20)         0           embedding_1[3][0]                
                                                                   punc_filters[0][0]               
____________________________________________________________________________________________________
merge_52 (Merge)                 (None, 2, 20)         0           embedding_1[3][0]                
                                                                   punc_filters[0][0]               
____________________________________________________________________________________________________
merge_53 (Merge)                 (None, 2, 20)         0           embedding_1[3][0]                
                                                                   punc_filters[0][0]               
____________________________________________________________________________________________________
merge_54 (Merge)                 (None, 2, 20)         0           embedding_1[3][0]                
                                                                   punc_filters[0][0]               
____________________________________________________________________________________________________
merge_55 (Merge)                 (None, 2, 20)         0           embedding_1[3][0]                
                                                                   punc_filters[0][0]               
____________________________________________________________________________________________________
shareablelstm_3 (ShareableLSTM)  (None, 20)            3280        merge_2[0][0]                    
                                                                   merge_16[0][0]                   
                                                                   merge_30[0][0]                   
                                                                   merge_44[0][0]                   
____________________________________________________________________________________________________
shareablelstm_5 (ShareableLSTM)  (None, 20)            3280        merge_3[0][0]                    
                                                                   merge_17[0][0]                   
                                                                   merge_31[0][0]                   
                                                                   merge_45[0][0]                   
____________________________________________________________________________________________________
shareablelstm_7 (ShareableLSTM)  (None, 20)            3280        merge_4[0][0]                    
                                                                   merge_18[0][0]                   
                                                                   merge_32[0][0]                   
                                                                   merge_46[0][0]                   
____________________________________________________________________________________________________
shareablelstm_9 (ShareableLSTM)  (None, 20)            3280        merge_5[0][0]                    
                                                                   merge_19[0][0]                   
                                                                   merge_33[0][0]                   
                                                                   merge_47[0][0]                   
____________________________________________________________________________________________________
shareablelstm_11 (ShareableLSTM) (None, 20)            3280        merge_6[0][0]                    
                                                                   merge_20[0][0]                   
                                                                   merge_34[0][0]                   
                                                                   merge_48[0][0]                   
____________________________________________________________________________________________________
shareablelstm_13 (ShareableLSTM) (None, 20)            3280        merge_7[0][0]                    
                                                                   merge_21[0][0]                   
                                                                   merge_35[0][0]                   
                                                                   merge_49[0][0]                   
____________________________________________________________________________________________________
shareablelstm_15 (ShareableLSTM) (None, 20)            3280        merge_8[0][0]                    
                                                                   merge_22[0][0]                   
                                                                   merge_36[0][0]                   
                                                                   merge_50[0][0]                   
____________________________________________________________________________________________________
shareablelstm_17 (ShareableLSTM) (None, 20)            3280        merge_9[0][0]                    
                                                                   merge_23[0][0]                   
                                                                   merge_37[0][0]                   
                                                                   merge_51[0][0]                   
____________________________________________________________________________________________________
shareablelstm_19 (ShareableLSTM) (None, 20)            3280        merge_10[0][0]                   
                                                                   merge_24[0][0]                   
                                                                   merge_38[0][0]                   
                                                                   merge_52[0][0]                   
____________________________________________________________________________________________________
shareablelstm_21 (ShareableLSTM) (None, 20)            3280        merge_11[0][0]                   
                                                                   merge_25[0][0]                   
                                                                   merge_39[0][0]                   
                                                                   merge_53[0][0]                   
____________________________________________________________________________________________________
shareablelstm_23 (ShareableLSTM) (None, 20)            3280        merge_12[0][0]                   
                                                                   merge_26[0][0]                   
                                                                   merge_40[0][0]                   
                                                                   merge_54[0][0]                   
____________________________________________________________________________________________________
shareablelstm_25 (ShareableLSTM) (None, 20)            3280        merge_13[0][0]                   
                                                                   merge_27[0][0]                   
                                                                   merge_41[0][0]                   
                                                                   merge_55[0][0]                   
____________________________________________________________________________________________________
merge_14 (Merge)                 (None, 240)           0           shareablelstm_3[0][0]            
                                                                   shareablelstm_5[0][0]            
                                                                   shareablelstm_7[0][0]            
                                                                   shareablelstm_9[0][0]            
                                                                   shareablelstm_11[0][0]           
                                                                   shareablelstm_13[0][0]           
                                                                   shareablelstm_15[0][0]           
                                                                   shareablelstm_17[0][0]           
                                                                   shareablelstm_19[0][0]           
                                                                   shareablelstm_21[0][0]           
                                                                   shareablelstm_23[0][0]           
                                                                   shareablelstm_25[0][0]           
____________________________________________________________________________________________________
merge_28 (Merge)                 (None, 240)           0           shareablelstm_3[1][0]            
                                                                   shareablelstm_5[1][0]            
                                                                   shareablelstm_7[1][0]            
                                                                   shareablelstm_9[1][0]            
                                                                   shareablelstm_11[1][0]           
                                                                   shareablelstm_13[1][0]           
                                                                   shareablelstm_15[1][0]           
                                                                   shareablelstm_17[1][0]           
                                                                   shareablelstm_19[1][0]           
                                                                   shareablelstm_21[1][0]           
                                                                   shareablelstm_23[1][0]           
                                                                   shareablelstm_25[1][0]           
____________________________________________________________________________________________________
merge_42 (Merge)                 (None, 240)           0           shareablelstm_3[2][0]            
                                                                   shareablelstm_5[2][0]            
                                                                   shareablelstm_7[2][0]            
                                                                   shareablelstm_9[2][0]            
                                                                   shareablelstm_11[2][0]           
                                                                   shareablelstm_13[2][0]           
                                                                   shareablelstm_15[2][0]           
                                                                   shareablelstm_17[2][0]           
                                                                   shareablelstm_19[2][0]           
                                                                   shareablelstm_21[2][0]           
                                                                   shareablelstm_23[2][0]           
                                                                   shareablelstm_25[2][0]           
____________________________________________________________________________________________________
merge_56 (Merge)                 (None, 240)           0           shareablelstm_3[3][0]            
                                                                   shareablelstm_5[3][0]            
                                                                   shareablelstm_7[3][0]            
                                                                   shareablelstm_9[3][0]            
                                                                   shareablelstm_11[3][0]           
                                                                   shareablelstm_13[3][0]           
                                                                   shareablelstm_15[3][0]           
                                                                   shareablelstm_17[3][0]           
                                                                   shareablelstm_19[3][0]           
                                                                   shareablelstm_21[3][0]           
                                                                   shareablelstm_23[3][0]           
                                                                   shareablelstm_25[3][0]           
____________________________________________________________________________________________________
dropout_1 (Dropout)              (None, 240)           0           merge_14[0][0]                   
____________________________________________________________________________________________________
dropout_2 (Dropout)              (None, 240)           0           merge_28[0][0]                   
____________________________________________________________________________________________________
dropout_3 (Dropout)              (None, 240)           0           merge_42[0][0]                   
____________________________________________________________________________________________________
dropout_4 (Dropout)              (None, 240)           0           merge_56[0][0]                   
____________________________________________________________________________________________________
merge_57 (Merge)                 (None, 960)           0           dropout_1[0][0]                  
                                                                   dropout_2[0][0]                  
                                                                   dropout_3[0][0]                  
                                                                   dropout_4[0][0]                  
____________________________________________________________________________________________________
dense_1 (Dense)                  (None, 80)            76880       merge_57[0][0]                   
____________________________________________________________________________________________________
srelu_1 (SReLU)                  (None, 80)            320         dense_1[0][0]                    
____________________________________________________________________________________________________
dropout_5 (Dropout)              (None, 80)            0           srelu_1[0][0]                    
____________________________________________________________________________________________________
dense_2 (Dense)                  (None, 12)            972         dropout_5[0][0]                  
____________________________________________________________________________________________________
target (Activation)              (None, 12)            0           dense_2[0][0]                    
====================================================================================================
Total params: 416,400
Trainable params: 416,400
Non-trainable params: 0
____________________________________________________________________________________________________
[2019-04-04 05:02] initialize weights
[2019-04-04 05:02] training preparation
[2019-04-04 05:02] train model (ex/conll16st-v35-zh-fd-12-rn-12-0)
Epoch 1/1000
4032/4096 [============================>.] - ETA: 4s - loss: 1.5805
- val_loss: 2.1100
- val_all_f1:  0.5770 0.5770 0.5770
- val_exp_f1:  0.4156 0.4156 0.4156
- val_non_f1:  0.6176 0.6176 0.6176

4096/4096 [==============================] - 333s - loss: 1.5773 - val_loss: 2.1100
Epoch 2/1000
4032/4096 [============================>.] - ETA: 4s - loss: 1.4436
- val_loss: 2.0849
- val_all_f1:  0.5770 0.5770 0.5770
- val_exp_f1:  0.4156 0.4156 0.4156
- val_non_f1:  0.6176 0.6176 0.6176

4096/4096 [==============================] - 332s - loss: 1.4406 - val_loss: 2.0849
Epoch 3/1000
4032/4096 [============================>.] - ETA: 4s - loss: 1.3976
- val_loss: 1.9477
- val_all_f1:  0.5770 0.5770 0.5770
- val_exp_f1:  0.4156 0.4156 0.4156
- val_non_f1:  0.6176 0.6176 0.6176

4096/4096 [==============================] - 331s - loss: 1.3974 - val_loss: 1.9477
Epoch 4/1000
4032/4096 [============================>.] - ETA: 4s - loss: 1.2866
- val_loss: 1.7734
- val_all_f1:  0.5770 0.5770 0.5770
- val_exp_f1:  0.4156 0.4156 0.4156
- val_non_f1:  0.6176 0.6176 0.6176

4096/4096 [==============================] - 331s - loss: 1.2845 - val_loss: 1.7734
Epoch 5/1000
4032/4096 [============================>.] - ETA: 4s - loss: 1.1983
- val_loss: 1.5058
- val_all_f1:  0.5770 0.5770 0.5770
- val_exp_f1:  0.4156 0.4156 0.4156
- val_non_f1:  0.6176 0.6176 0.6176

4096/4096 [==============================] - 332s - loss: 1.1974 - val_loss: 1.5058
Epoch 6/1000
4032/4096 [============================>.] - ETA: 4s - loss: 1.2058
- val_loss: 1.5450
- val_all_f1:  0.5770 0.5770 0.5770
- val_exp_f1:  0.4156 0.4156 0.4156
- val_non_f1:  0.6176 0.6176 0.6176

4096/4096 [==============================] - 332s - loss: 1.2104 - val_loss: 1.5450
Epoch 7/1000
4032/4096 [============================>.] - ETA: 4s - loss: 1.0599
- val_loss: 1.3077
- val_all_f1:  0.5770 0.5770 0.5770
- val_exp_f1:  0.4156 0.4156 0.4156
- val_non_f1:  0.6197 0.6176 0.6187

4096/4096 [==============================] - 335s - loss: 1.0574 - val_loss: 1.3077
Epoch 8/1000
4032/4096 [============================>.] - ETA: 4s - loss: 0.8976
- val_loss: 1.2642
- val_all_f1:  0.5770 0.5770 0.5770
- val_exp_f1:  0.4156 0.4156 0.4156
- val_non_f1:  0.6197 0.6176 0.6187

4096/4096 [==============================] - 337s - loss: 0.8959 - val_loss: 1.2642
Epoch 9/1000
4032/4096 [============================>.] - ETA: 4s - loss: 0.8326
- val_loss: 1.2232
- val_all_f1:  0.5901 0.5901 0.5901
- val_exp_f1:  0.4805 0.4805 0.4805
- val_non_f1:  0.6217 0.6176 0.6197

4096/4096 [==============================] - 336s - loss: 0.8338 - val_loss: 1.2232
Epoch 10/1000
4032/4096 [============================>.] - ETA: 4s - loss: 0.8245
- val_loss: 1.1597
- val_all_f1:  0.5875 0.5875 0.5875
- val_exp_f1:  0.4675 0.4675 0.4675
- val_non_f1:  0.6197 0.6176 0.6187

4096/4096 [==============================] - 335s - loss: 0.8315 - val_loss: 1.1597
Epoch 11/1000
4032/4096 [============================>.] - ETA: 4s - loss: 0.7400
- val_loss: 1.1399
- val_all_f1:  0.6240 0.6240 0.6240
- val_exp_f1:  0.4805 0.4805 0.4805
- val_non_f1:  0.6645 0.6601 0.6623

4096/4096 [==============================] - 335s - loss: 0.7395 - val_loss: 1.1399
Epoch 12/1000
4032/4096 [============================>.] - ETA: 4s - loss: 0.6974
- val_loss: 1.0897
- val_all_f1:  0.6292 0.6292 0.6292
- val_exp_f1:  0.5195 0.5195 0.5195
- val_non_f1:  0.6612 0.6569 0.6590

4096/4096 [==============================] - 336s - loss: 0.6975 - val_loss: 1.0897
Epoch 13/1000
4032/4096 [============================>.] - ETA: 4s - loss: 0.7151
- val_loss: 1.3031
- val_all_f1:  0.6266 0.6266 0.6266
- val_exp_f1:  0.4805 0.4805 0.4805
- val_non_f1:  0.6678 0.6634 0.6656

4096/4096 [==============================] - 337s - loss: 0.7144 - val_loss: 1.3031
Epoch 14/1000
4032/4096 [============================>.] - ETA: 4s - loss: 0.7064
- val_loss: 1.0897
- val_all_f1:  0.6214 0.6214 0.6214
- val_exp_f1:  0.4805 0.4805 0.4805
- val_non_f1:  0.6569 0.6569 0.6569

4096/4096 [==============================] - 336s - loss: 0.7123 - val_loss: 1.0897
Epoch 15/1000
4032/4096 [============================>.] - ETA: 4s - loss: 0.7563
- val_loss: 1.0991
- val_all_f1:  0.5796 0.5796 0.5796
- val_exp_f1:  0.4930 0.4545 0.4730
- val_non_f1:  0.6151 0.6111 0.6131

4096/4096 [==============================] - 338s - loss: 0.7556 - val_loss: 1.0991
Epoch 16/1000
4032/4096 [============================>.] - ETA: 5s - loss: 0.7193 
- val_loss: 1.1014
- val_all_f1:  0.6475 0.6475 0.6475
- val_exp_f1:  0.5584 0.5584 0.5584
- val_non_f1:  0.6743 0.6699 0.6721

4096/4096 [==============================] - 359s - loss: 0.7165 - val_loss: 1.1014
Epoch 17/1000
4032/4096 [============================>.] - ETA: 5s - loss: 0.6934 
- val_loss: 1.0889
- val_all_f1:  0.6397 0.6397 0.6397
- val_exp_f1:  0.5584 0.5584 0.5584
- val_non_f1:  0.6645 0.6601 0.6623

4096/4096 [==============================] - 356s - loss: 0.6961 - val_loss: 1.0889
Epoch 18/1000
4032/4096 [============================>.] - ETA: 5s - loss: 0.7022 
- val_loss: 1.0242
- val_all_f1:  0.6501 0.6501 0.6501
- val_exp_f1:  0.5974 0.5974 0.5974
- val_non_f1:  0.6678 0.6634 0.6656

4096/4096 [==============================] - 358s - loss: 0.7020 - val_loss: 1.0242
Epoch 19/1000
4032/4096 [============================>.] - ETA: 5s - loss: 0.6453 
- val_loss: 1.0730
- val_all_f1:  0.6449 0.6449 0.6449
- val_exp_f1:  0.5714 0.5714 0.5714
- val_non_f1:  0.6678 0.6634 0.6656

4096/4096 [==============================] - 359s - loss: 0.6457 - val_loss: 1.0730
Epoch 20/1000
4032/4096 [============================>.] - ETA: 5s - loss: 0.6545 
- val_loss: 1.0372
- val_all_f1:  0.6319 0.6319 0.6319
- val_exp_f1:  0.5455 0.5455 0.5455
- val_non_f1:  0.6601 0.6536 0.6568

4096/4096 [==============================] - 357s - loss: 0.6594 - val_loss: 1.0372
Epoch 21/1000
4032/4096 [============================>.] - ETA: 5s - loss: 0.6729 
- val_loss: 1.0688
- val_all_f1:  0.6475 0.6475 0.6475
- val_exp_f1:  0.6184 0.6104 0.6144
- val_non_f1:  0.6590 0.6569 0.6579

4096/4096 [==============================] - 358s - loss: 0.6715 - val_loss: 1.0688
Epoch 22/1000
4032/4096 [============================>.] - ETA: 5s - loss: 0.6032 
- val_loss: 1.0716
- val_all_f1:  0.6240 0.6240 0.6240
- val_exp_f1:  0.5455 0.5455 0.5455
- val_non_f1:  0.6480 0.6438 0.6459

4096/4096 [==============================] - 370s - loss: 0.6003 - val_loss: 1.0716
Epoch 23/1000
4032/4096 [============================>.] - ETA: 5s - loss: 0.7280 
- val_loss: 1.1775
- val_all_f1:  0.6188 0.6188 0.6188
- val_exp_f1:  0.5974 0.5974 0.5974
- val_non_f1:  0.6262 0.6242 0.6252

4096/4096 [==============================] - 381s - loss: 0.7285 - val_loss: 1.1775
Epoch 24/1000
4032/4096 [============================>.] - ETA: 5s - loss: 0.7074 
- val_loss: 1.0646
- val_all_f1:  0.6292 0.6292 0.6292
- val_exp_f1:  0.5844 0.5844 0.5844
- val_non_f1:  0.6447 0.6405 0.6426

4096/4096 [==============================] - 376s - loss: 0.7057 - val_loss: 1.0646
Epoch 25/1000
4032/4096 [============================>.] - ETA: 5s - loss: 0.6623 
- val_loss: 1.0188
- val_all_f1:  0.6188 0.6188 0.6188
- val_exp_f1:  0.6104 0.6104 0.6104
- val_non_f1:  0.6250 0.6209 0.6230

4096/4096 [==============================] - 375s - loss: 0.6605 - val_loss: 1.0188
Epoch 26/1000
4032/4096 [============================>.] - ETA: 5s - loss: 0.6347 
- val_loss: 1.0416
- val_all_f1:  0.6292 0.6292 0.6292
- val_exp_f1:  0.5455 0.5455 0.5455
- val_non_f1:  0.6525 0.6503 0.6514

4096/4096 [==============================] - 380s - loss: 0.6328 - val_loss: 1.0416
Epoch 27/1000
4032/4096 [============================>.] - ETA: 5s - loss: 0.6487 
- val_loss: 1.0564
- val_all_f1:  0.6475 0.6475 0.6475
- val_exp_f1:  0.5974 0.5974 0.5974
- val_non_f1:  0.6645 0.6601 0.6623

4096/4096 [==============================] - 382s - loss: 0.6475 - val_loss: 1.0564
Epoch 28/1000
4032/4096 [============================>.] - ETA: 5s - loss: 0.6733 
- val_loss: 1.0576
- val_all_f1:  0.6397 0.6397 0.6397
- val_exp_f1:  0.6364 0.6364 0.6364
- val_non_f1:  0.6447 0.6405 0.6426

4096/4096 [==============================] - 383s - loss: 0.6713 - val_loss: 1.0576
Epoch 29/1000
4032/4096 [============================>.] - ETA: 5s - loss: 0.6243 
- val_loss: 1.0012
- val_all_f1:  0.6736 0.6736 0.6736
- val_exp_f1:  0.7013 0.7013 0.7013
- val_non_f1:  0.6711 0.6667 0.6689

4096/4096 [==============================] - 384s - loss: 0.6258 - val_loss: 1.0012
Epoch 30/1000
4032/4096 [============================>.] - ETA: 5s - loss: 0.6708 
- val_loss: 1.0382
- val_all_f1:  0.6240 0.6240 0.6240
- val_exp_f1:  0.6104 0.6104 0.6104
- val_non_f1:  0.6337 0.6275 0.6305

4096/4096 [==============================] - 386s - loss: 0.6695 - val_loss: 1.0382
Epoch 31/1000
4032/4096 [============================>.] - ETA: 5s - loss: 0.6008 
- val_loss: 1.0735
- val_all_f1:  0.6266 0.6266 0.6266
- val_exp_f1:  0.6234 0.6234 0.6234
- val_non_f1:  0.6337 0.6275 0.6305

4096/4096 [==============================] - 384s - loss: 0.6045 - val_loss: 1.0735
Epoch 32/1000
4032/4096 [============================>.] - ETA: 5s - loss: 0.6576 
- val_loss: 1.0120
- val_all_f1:  0.6214 0.6214 0.6214
- val_exp_f1:  0.6364 0.6364 0.6364
- val_non_f1:  0.6238 0.6176 0.6207

4096/4096 [==============================] - 388s - loss: 0.6589 - val_loss: 1.0120
Epoch 33/1000
4032/4096 [============================>.] - ETA: 5s - loss: 0.6296 
- val_loss: 0.9891
- val_all_f1:  0.6867 0.6867 0.6867
- val_exp_f1:  0.7273 0.7273 0.7273
- val_non_f1:  0.6809 0.6765 0.6787

4096/4096 [==============================] - 389s - loss: 0.6283 - val_loss: 0.9891
Epoch 34/1000
4032/4096 [============================>.] - ETA: 5s - loss: 0.5792 
- val_loss: 1.0092
- val_all_f1:  0.6580 0.6580 0.6580
- val_exp_f1:  0.6494 0.6494 0.6494
- val_non_f1:  0.6667 0.6601 0.6634

4096/4096 [==============================] - 385s - loss: 0.5811 - val_loss: 1.0092
Epoch 35/1000
4032/4096 [============================>.] - ETA: 5s - loss: 0.5930 
- val_loss: 1.0305
- val_all_f1:  0.6580 0.6580 0.6580
- val_exp_f1:  0.6364 0.6364 0.6364
- val_non_f1:  0.6700 0.6634 0.6667

4096/4096 [==============================] - 384s - loss: 0.5957 - val_loss: 1.0305
Epoch 36/1000
4032/4096 [============================>.] - ETA: 5s - loss: 0.6168 
- val_loss: 1.0290
- val_all_f1:  0.6397 0.6397 0.6397
- val_exp_f1:  0.6494 0.6494 0.6494
- val_non_f1:  0.6436 0.6373 0.6404

4096/4096 [==============================] - 382s - loss: 0.6165 - val_loss: 1.0290
Epoch 37/1000
4032/4096 [============================>.] - ETA: 5s - loss: 0.6063 
- val_loss: 0.9948
- val_all_f1:  0.6501 0.6501 0.6501
- val_exp_f1:  0.6234 0.6234 0.6234
- val_non_f1:  0.6612 0.6569 0.6590

4096/4096 [==============================] - 381s - loss: 0.6072 - val_loss: 0.9948
Epoch 38/1000
4032/4096 [============================>.] - ETA: 5s - loss: 0.5874 
- val_loss: 0.9774
- val_all_f1:  0.6789 0.6789 0.6789
- val_exp_f1:  0.7143 0.7143 0.7143
- val_non_f1:  0.6766 0.6699 0.6732

4096/4096 [==============================] - 379s - loss: 0.5860 - val_loss: 0.9774
Epoch 39/1000
4032/4096 [============================>.] - ETA: 5s - loss: 0.6176 
- val_loss: 0.9821
- val_all_f1:  0.6789 0.6789 0.6789
- val_exp_f1:  0.7403 0.7403 0.7403
- val_non_f1:  0.6656 0.6634 0.6645

4096/4096 [==============================] - 379s - loss: 0.6172 - val_loss: 0.9821
Epoch 40/1000
4032/4096 [============================>.] - ETA: 5s - loss: 0.6043 
- val_loss: 1.0252
- val_all_f1:  0.6554 0.6554 0.6554
- val_exp_f1:  0.6494 0.6494 0.6494
- val_non_f1:  0.6634 0.6569 0.6601

4096/4096 [==============================] - 385s - loss: 0.6022 - val_loss: 1.0252
Epoch 41/1000
4032/4096 [============================>.] - ETA: 5s - loss: 0.5966 
- val_loss: 0.9568
- val_all_f1:  0.6736 0.6736 0.6736
- val_exp_f1:  0.7013 0.7013 0.7013
- val_non_f1:  0.6733 0.6667 0.6700

4096/4096 [==============================] - 391s - loss: 0.6010 - val_loss: 0.9568
Epoch 42/1000
4032/4096 [============================>.] - ETA: 5s - loss: 0.6341 
- val_loss: 0.9514
- val_all_f1:  0.6762 0.6762 0.6762
- val_exp_f1:  0.7143 0.7143 0.7143
- val_non_f1:  0.6689 0.6667 0.6678

4096/4096 [==============================] - 380s - loss: 0.6373 - val_loss: 0.9514
Epoch 43/1000
4032/4096 [============================>.] - ETA: 5s - loss: 0.5879 
- val_loss: 0.9220
- val_all_f1:  0.6762 0.6762 0.6762
- val_exp_f1:  0.7013 0.7013 0.7013
- val_non_f1:  0.6743 0.6699 0.6721

4096/4096 [==============================] - 388s - loss: 0.5854 - val_loss: 0.9220
Epoch 44/1000
4032/4096 [============================>.] - ETA: 5s - loss: 0.6131 
- val_loss: 1.0259
- val_all_f1:  0.6501 0.6501 0.6501
- val_exp_f1:  0.7403 0.7403 0.7403
- val_non_f1:  0.6295 0.6275 0.6285

4096/4096 [==============================] - 388s - loss: 0.6150 - val_loss: 1.0259
Epoch 45/1000
4032/4096 [============================>.] - ETA: 5s - loss: 0.5882 
- val_loss: 1.0350
- val_all_f1:  0.6606 0.6606 0.6606
- val_exp_f1:  0.6753 0.6753 0.6753
- val_non_f1:  0.6612 0.6569 0.6590

4096/4096 [==============================] - 389s - loss: 0.5850 - val_loss: 1.0350
Epoch 46/1000
4032/4096 [============================>.] - ETA: 5s - loss: 0.5530 
- val_loss: 0.9498
- val_all_f1:  0.6710 0.6710 0.6710
- val_exp_f1:  0.7403 0.7403 0.7403
- val_non_f1:  0.6579 0.6536 0.6557

4096/4096 [==============================] - 390s - loss: 0.5520 - val_loss: 0.9498
Epoch 47/1000
4032/4096 [============================>.] - ETA: 5s - loss: 0.5886 
- val_loss: 0.9240
- val_all_f1:  0.6893 0.6893 0.6893
- val_exp_f1:  0.7662 0.7662 0.7662
- val_non_f1:  0.6721 0.6699 0.6710

4096/4096 [==============================] - 394s - loss: 0.5888 - val_loss: 0.9240
Epoch 48/1000
4032/4096 [============================>.] - ETA: 5s - loss: 0.5864 
- val_loss: 0.9146
- val_all_f1:  0.6789 0.6789 0.6789
- val_exp_f1:  0.7013 0.7013 0.7013
- val_non_f1:  0.6799 0.6732 0.6765

4096/4096 [==============================] - 389s - loss: 0.5880 - val_loss: 0.9146
Epoch 49/1000
4032/4096 [============================>.] - ETA: 5s - loss: 0.5746 
- val_loss: 0.9324
- val_all_f1:  0.6658 0.6658 0.6658
- val_exp_f1:  0.6883 0.6883 0.6883
- val_non_f1:  0.6623 0.6601 0.6612

4096/4096 [==============================] - 386s - loss: 0.5753 - val_loss: 0.9324
Epoch 50/1000
4032/4096 [============================>.] - ETA: 5s - loss: 0.5403 
- val_loss: 0.9216
- val_all_f1:  0.6815 0.6815 0.6815
- val_exp_f1:  0.7273 0.7273 0.7273
- val_non_f1:  0.6766 0.6699 0.6732

4096/4096 [==============================] - 376s - loss: 0.5397 - val_loss: 0.9216
Epoch 51/1000
4032/4096 [============================>.] - ETA: 5s - loss: 0.5848 
- val_loss: 0.9603
- val_all_f1:  0.6580 0.6580 0.6580
- val_exp_f1:  0.7403 0.7403 0.7403
- val_non_f1:  0.6414 0.6373 0.6393

4096/4096 [==============================] - 380s - loss: 0.5837 - val_loss: 0.9603
Epoch 52/1000
4032/4096 [============================>.] - ETA: 5s - loss: 0.5660 
- val_loss: 0.9360
- val_all_f1:  0.6815 0.6815 0.6815
- val_exp_f1:  0.7532 0.7532 0.7532
- val_non_f1:  0.6700 0.6634 0.6667

4096/4096 [==============================] - 369s - loss: 0.5617 - val_loss: 0.9360
Epoch 53/1000
4032/4096 [============================>.] - ETA: 5s - loss: 0.6165 
- val_loss: 0.9912
- val_all_f1:  0.6762 0.6762 0.6762
- val_exp_f1:  0.7532 0.7532 0.7532
- val_non_f1:  0.6612 0.6569 0.6590

4096/4096 [==============================] - 352s - loss: 0.6138 - val_loss: 0.9912
Epoch 54/1000
4032/4096 [============================>.] - ETA: 5s - loss: 0.5504 
- val_loss: 1.0198
- val_all_f1:  0.6684 0.6684 0.6684
- val_exp_f1:  0.6494 0.6494 0.6494
- val_non_f1:  0.6754 0.6732 0.6743

4096/4096 [==============================] - 351s - loss: 0.5462 - val_loss: 1.0198
Epoch 55/1000
4032/4096 [============================>.] - ETA: 5s - loss: 0.6004 
- val_loss: 0.9153
- val_all_f1:  0.6841 0.6841 0.6841
- val_exp_f1:  0.7532 0.7532 0.7532
- val_non_f1:  0.6711 0.6667 0.6689

4096/4096 [==============================] - 345s - loss: 0.5981 - val_loss: 0.9153
Epoch 56/1000
4032/4096 [============================>.] - ETA: 5s - loss: 0.6033 
- val_loss: 0.9652
- val_all_f1:  0.7050 0.7050 0.7050
- val_exp_f1:  0.8312 0.8312 0.8312
- val_non_f1:  0.6754 0.6732 0.6743

4096/4096 [==============================] - 346s - loss: 0.6037 - val_loss: 0.9652
Epoch 57/1000
4032/4096 [============================>.] - ETA: 5s - loss: 0.5747 
- val_loss: 0.9388
- val_all_f1:  0.6841 0.6841 0.6841
- val_exp_f1:  0.7792 0.7792 0.7792
- val_non_f1:  0.6645 0.6601 0.6623

4096/4096 [==============================] - 347s - loss: 0.5748 - val_loss: 0.9388
Epoch 58/1000
4032/4096 [============================>.] - ETA: 5s - loss: 0.5698 
- val_loss: 0.9406
- val_all_f1:  0.6710 0.6710 0.6710
- val_exp_f1:  0.7922 0.7922 0.7922
- val_non_f1:  0.6447 0.6405 0.6426

4096/4096 [==============================] - 348s - loss: 0.5685 - val_loss: 0.9406
Epoch 59/1000
4032/4096 [============================>.] - ETA: 5s - loss: 0.5192 
- val_loss: 0.9692
- val_all_f1:  0.6684 0.6684 0.6684
- val_exp_f1:  0.7662 0.7662 0.7662
- val_non_f1:  0.6480 0.6438 0.6459

4096/4096 [==============================] - 347s - loss: 0.5214 - val_loss: 0.9692
Epoch 60/1000
4032/4096 [============================>.] - ETA: 5s - loss: 0.5511 
- val_loss: 0.9537
- val_all_f1:  0.6893 0.6893 0.6893
- val_exp_f1:  0.8571 0.8571 0.8571
- val_non_f1:  0.6513 0.6471 0.6492

4096/4096 [==============================] - 345s - loss: 0.5486 - val_loss: 0.9537
Epoch 61/1000
4032/4096 [============================>.] - ETA: 5s - loss: 0.5510 
- val_loss: 0.9421
- val_all_f1:  0.6789 0.6789 0.6789
- val_exp_f1:  0.8312 0.8312 0.8312
- val_non_f1:  0.6447 0.6405 0.6426

4096/4096 [==============================] - 347s - loss: 0.5539 - val_loss: 0.9421
Epoch 62/1000
4032/4096 [============================>.] - ETA: 5s - loss: 0.5640 
- val_loss: 0.8415
- val_all_f1:  0.6997 0.6997 0.6997
- val_exp_f1:  0.8312 0.8312 0.8312
- val_non_f1:  0.6689 0.6667 0.6678

4096/4096 [==============================] - 348s - loss: 0.5611 - val_loss: 0.8415
Epoch 63/1000
4032/4096 [============================>.] - ETA: 5s - loss: 0.5484 
- val_loss: 0.8928
- val_all_f1:  0.6867 0.6867 0.6867
- val_exp_f1:  0.8182 0.8182 0.8182
- val_non_f1:  0.6579 0.6536 0.6557

4096/4096 [==============================] - 347s - loss: 0.5458 - val_loss: 0.8928
Epoch 64/1000
4032/4096 [============================>.] - ETA: 5s - loss: 0.5603 
- val_loss: 0.8695
- val_all_f1:  0.7076 0.7076 0.7076
- val_exp_f1:  0.8442 0.8442 0.8442
- val_non_f1:  0.6799 0.6732 0.6765

4096/4096 [==============================] - 350s - loss: 0.5550 - val_loss: 0.8695
Epoch 65/1000
4032/4096 [============================>.] - ETA: 5s - loss: 0.5060 
- val_loss: 0.8394
- val_all_f1:  0.7076 0.7076 0.7076
- val_exp_f1:  0.8442 0.8442 0.8442
- val_non_f1:  0.6754 0.6732 0.6743

4096/4096 [==============================] - 350s - loss: 0.5064 - val_loss: 0.8394
Epoch 66/1000
4032/4096 [============================>.] - ETA: 5s - loss: 0.5167 
- val_loss: 0.8815
- val_all_f1:  0.7050 0.7050 0.7050
- val_exp_f1:  0.8701 0.8701 0.8701
- val_non_f1:  0.6656 0.6634 0.6645

4096/4096 [==============================] - 358s - loss: 0.5186 - val_loss: 0.8815
Epoch 67/1000
4032/4096 [============================>.] - ETA: 5s - loss: 0.5527 
- val_loss: 0.8941
- val_all_f1:  0.6971 0.6971 0.6971
- val_exp_f1:  0.7922 0.7922 0.7922
- val_non_f1:  0.6799 0.6732 0.6765

4096/4096 [==============================] - 362s - loss: 0.5528 - val_loss: 0.8941
Epoch 68/1000
4032/4096 [============================>.] - ETA: 5s - loss: 0.5339 
- val_loss: 0.8927
- val_all_f1:  0.7050 0.7050 0.7050
- val_exp_f1:  0.8701 0.8701 0.8701
- val_non_f1:  0.6656 0.6634 0.6645

4096/4096 [==============================] - 362s - loss: 0.5340 - val_loss: 0.8927
Epoch 69/1000
4032/4096 [============================>.] - ETA: 5s - loss: 0.5016 
- val_loss: 0.8974
- val_all_f1:  0.7258 0.7258 0.7258
- val_exp_f1:  0.9221 0.9221 0.9221
- val_non_f1:  0.6809 0.6765 0.6787

4096/4096 [==============================] - 363s - loss: 0.4993 - val_loss: 0.8974
Epoch 70/1000
4032/4096 [============================>.] - ETA: 5s - loss: 0.5532 
- val_loss: 0.8603
- val_all_f1:  0.7023 0.7023 0.7023
- val_exp_f1:  0.8571 0.8571 0.8571
- val_non_f1:  0.6678 0.6634 0.6656

4096/4096 [==============================] - 364s - loss: 0.5531 - val_loss: 0.8603
Epoch 71/1000
4032/4096 [============================>.] - ETA: 5s - loss: 0.5457 
- val_loss: 0.8570
- val_all_f1:  0.7023 0.7023 0.7023
- val_exp_f1:  0.8701 0.8701 0.8701
- val_non_f1:  0.6645 0.6601 0.6623

4096/4096 [==============================] - 361s - loss: 0.5456 - val_loss: 0.8570
Epoch 72/1000
4032/4096 [============================>.] - ETA: 5s - loss: 0.5056 
- val_loss: 0.8649
- val_all_f1:  0.7128 0.7128 0.7128
- val_exp_f1:  0.8701 0.8701 0.8701
- val_non_f1:  0.6754 0.6732 0.6743

4096/4096 [==============================] - 366s - loss: 0.5086 - val_loss: 0.8649
Epoch 73/1000
4032/4096 [============================>.] - ETA: 5s - loss: 0.5164 
- val_loss: 0.8494
- val_all_f1:  0.7023 0.7023 0.7023
- val_exp_f1:  0.8312 0.8312 0.8312
- val_non_f1:  0.6766 0.6699 0.6732

4096/4096 [==============================] - 373s - loss: 0.5204 - val_loss: 0.8494
Epoch 74/1000
4032/4096 [============================>.] - ETA: 5s - loss: 0.5067 
- val_loss: 0.8532
- val_all_f1:  0.7102 0.7102 0.7102
- val_exp_f1:  0.8701 0.8701 0.8701
- val_non_f1:  0.6699 0.6699 0.6699

4096/4096 [==============================] - 373s - loss: 0.5152 - val_loss: 0.8532
Epoch 75/1000
4032/4096 [============================>.] - ETA: 5s - loss: 0.5489 
- val_loss: 0.8500
- val_all_f1:  0.7050 0.7050 0.7050
- val_exp_f1:  0.8571 0.8571 0.8571
- val_non_f1:  0.6689 0.6667 0.6678

4096/4096 [==============================] - 374s - loss: 0.5448 - val_loss: 0.8500
Epoch 76/1000
4032/4096 [============================>.] - ETA: 5s - loss: 0.5002 
- val_loss: 0.8617
- val_all_f1:  0.7102 0.7102 0.7102
- val_exp_f1:  0.8961 0.8961 0.8961
- val_non_f1:  0.6634 0.6634 0.6634

4096/4096 [==============================] - 372s - loss: 0.4984 - val_loss: 0.8617
Epoch 77/1000
4032/4096 [============================>.] - ETA: 5s - loss: 0.5106 
- val_loss: 0.7862
- val_all_f1:  0.7180 0.7180 0.7180
- val_exp_f1:  0.8701 0.8701 0.8701
- val_non_f1:  0.6820 0.6797 0.6809

4096/4096 [==============================] - 373s - loss: 0.5096 - val_loss: 0.7862
Epoch 78/1000
4032/4096 [============================>.] - ETA: 5s - loss: 0.4954 
- val_loss: 0.8006
- val_all_f1:  0.7180 0.7180 0.7180
- val_exp_f1:  0.8701 0.8701 0.8701
- val_non_f1:  0.6820 0.6797 0.6809

4096/4096 [==============================] - 370s - loss: 0.4991 - val_loss: 0.8006
Epoch 79/1000
4032/4096 [============================>.] - ETA: 5s - loss: 0.5395 
- val_loss: 0.8121
- val_all_f1:  0.7232 0.7232 0.7232
- val_exp_f1:  0.8831 0.8831 0.8831
- val_non_f1:  0.6852 0.6830 0.6841

4096/4096 [==============================] - 377s - loss: 0.5374 - val_loss: 0.8121
Epoch 80/1000
4032/4096 [============================>.] - ETA: 5s - loss: 0.5231 
- val_loss: 0.8263
- val_all_f1:  0.7050 0.7050 0.7050
- val_exp_f1:  0.8442 0.8442 0.8442
- val_non_f1:  0.6743 0.6699 0.6721

4096/4096 [==============================] - 374s - loss: 0.5215 - val_loss: 0.8263
Epoch 81/1000
4032/4096 [============================>.] - ETA: 5s - loss: 0.5019 
- val_loss: 0.8481
- val_all_f1:  0.7206 0.7206 0.7206
- val_exp_f1:  0.9481 0.9481 0.9481
- val_non_f1:  0.6678 0.6634 0.6656

4096/4096 [==============================] - 370s - loss: 0.4998 - val_loss: 0.8481
Epoch 82/1000
4032/4096 [============================>.] - ETA: 5s - loss: 0.5065 
- val_loss: 0.8556
- val_all_f1:  0.7285 0.7285 0.7285
- val_exp_f1:  0.9351 0.9351 0.9351
- val_non_f1:  0.6809 0.6765 0.6787

4096/4096 [==============================] - 371s - loss: 0.5064 - val_loss: 0.8556
Epoch 83/1000
4032/4096 [============================>.] - ETA: 5s - loss: 0.4844 
- val_loss: 0.8469
- val_all_f1:  0.7076 0.7076 0.7076
- val_exp_f1:  0.8961 0.8961 0.8961
- val_non_f1:  0.6645 0.6601 0.6623

4096/4096 [==============================] - 375s - loss: 0.4813 - val_loss: 0.8469
Epoch 84/1000
4032/4096 [============================>.] - ETA: 5s - loss: 0.5041 
- val_loss: 0.8196
- val_all_f1:  0.7232 0.7232 0.7232
- val_exp_f1:  0.9221 0.9221 0.9221
- val_non_f1:  0.6732 0.6732 0.6732

4096/4096 [==============================] - 373s - loss: 0.5022 - val_loss: 0.8196
Epoch 85/1000
4032/4096 [============================>.] - ETA: 5s - loss: 0.4811 
- val_loss: 0.7699
- val_all_f1:  0.7441 0.7441 0.7441
- val_exp_f1:  0.9481 0.9481 0.9481
- val_non_f1:  0.6974 0.6928 0.6951

4096/4096 [==============================] - 376s - loss: 0.4788 - val_loss: 0.7699
Epoch 86/1000
4032/4096 [============================>.] - ETA: 5s - loss: 0.4816 
- val_loss: 0.7956
- val_all_f1:  0.7232 0.7232 0.7232
- val_exp_f1:  0.9351 0.9351 0.9351
- val_non_f1:  0.6721 0.6699 0.6710

4096/4096 [==============================] - 377s - loss: 0.4783 - val_loss: 0.7956
Epoch 87/1000
4032/4096 [============================>.] - ETA: 5s - loss: 0.5117 
- val_loss: 0.8086
- val_all_f1:  0.7258 0.7258 0.7258
- val_exp_f1:  0.9091 0.9091 0.9091
- val_non_f1:  0.6820 0.6797 0.6809

4096/4096 [==============================] - 372s - loss: 0.5137 - val_loss: 0.8086
Epoch 88/1000
4032/4096 [============================>.] - ETA: 5s - loss: 0.5539 
- val_loss: 0.8083
- val_all_f1:  0.7232 0.7232 0.7232
- val_exp_f1:  0.9351 0.9351 0.9351
- val_non_f1:  0.6721 0.6699 0.6710

4096/4096 [==============================] - 368s - loss: 0.5555 - val_loss: 0.8083
Epoch 89/1000
4032/4096 [============================>.] - ETA: 5s - loss: 0.5382 
- val_loss: 0.8190
- val_all_f1:  0.7180 0.7180 0.7180
- val_exp_f1:  0.9351 0.9351 0.9351
- val_non_f1:  0.6656 0.6634 0.6645

4096/4096 [==============================] - 375s - loss: 0.5389 - val_loss: 0.8190
Epoch 90/1000
4032/4096 [============================>.] - ETA: 5s - loss: 0.5486 
- val_loss: 0.8343
- val_all_f1:  0.7076 0.7076 0.7076
- val_exp_f1:  0.8961 0.8961 0.8961
- val_non_f1:  0.6645 0.6601 0.6623

4096/4096 [==============================] - 370s - loss: 0.5453 - val_loss: 0.8343
Epoch 91/1000
4032/4096 [============================>.] - ETA: 5s - loss: 0.4957 
- val_loss: 0.8271
- val_all_f1:  0.7050 0.7050 0.7050
- val_exp_f1:  0.9091 0.9091 0.9091
- val_non_f1:  0.6579 0.6536 0.6557

4096/4096 [==============================] - 369s - loss: 0.4965 - val_loss: 0.8271
Epoch 92/1000
4032/4096 [============================>.] - ETA: 5s - loss: 0.5071 
- val_loss: 0.8550
- val_all_f1:  0.7050 0.7050 0.7050
- val_exp_f1:  0.8571 0.8571 0.8571
- val_non_f1:  0.6689 0.6667 0.6678

4096/4096 [==============================] - 373s - loss: 0.5059 - val_loss: 0.8550
Epoch 93/1000
4032/4096 [============================>.] - ETA: 5s - loss: 0.5109 
- val_loss: 0.8752
- val_all_f1:  0.7102 0.7102 0.7102
- val_exp_f1:  0.9351 0.9351 0.9351
- val_non_f1:  0.6557 0.6536 0.6547

4096/4096 [==============================] - 366s - loss: 0.5074 - val_loss: 0.8752
Epoch 94/1000
4032/4096 [============================>.] - ETA: 5s - loss: 0.5045 
- val_loss: 0.8708
- val_all_f1:  0.6997 0.6997 0.6997
- val_exp_f1:  0.8961 0.8961 0.8961
- val_non_f1:  0.6525 0.6503 0.6514

4096/4096 [==============================] - 369s - loss: 0.5055 - val_loss: 0.8708
Epoch 95/1000
4032/4096 [============================>.] - ETA: 5s - loss: 0.4634 
- val_loss: 0.8626
- val_all_f1:  0.7180 0.7180 0.7180
- val_exp_f1:  0.9221 0.9221 0.9221
- val_non_f1:  0.6667 0.6667 0.6667

4096/4096 [==============================] - 372s - loss: 0.4640 - val_loss: 0.8626
Epoch 96/1000
4032/4096 [============================>.] - ETA: 5s - loss: 0.4967 
- val_loss: 0.8233
- val_all_f1:  0.7102 0.7102 0.7102
- val_exp_f1:  0.9351 0.9351 0.9351
- val_non_f1:  0.6536 0.6536 0.6536

4096/4096 [==============================] - 373s - loss: 0.4978 - val_loss: 0.8233
Epoch 97/1000
4032/4096 [============================>.] - ETA: 5s - loss: 0.5063 
- val_loss: 0.8857
- val_all_f1:  0.6919 0.6919 0.6919
- val_exp_f1:  0.8831 0.8831 0.8831
- val_non_f1:  0.6438 0.6438 0.6438

4096/4096 [==============================] - 371s - loss: 0.5075 - val_loss: 0.8857
Epoch 98/1000
4032/4096 [============================>.] - ETA: 5s - loss: 0.5016 
- val_loss: 0.8252
- val_all_f1:  0.7180 0.7180 0.7180
- val_exp_f1:  0.9481 0.9481 0.9481
- val_non_f1:  0.6623 0.6601 0.6612

4096/4096 [==============================] - 373s - loss: 0.5013 - val_loss: 0.8252
Epoch 99/1000
4032/4096 [============================>.] - ETA: 5s - loss: 0.5236 
- val_loss: 0.8170
- val_all_f1:  0.7232 0.7232 0.7232
- val_exp_f1:  0.9481 0.9481 0.9481
- val_non_f1:  0.6711 0.6667 0.6689

4096/4096 [==============================] - 367s - loss: 0.5270 - val_loss: 0.8170
Epoch 100/1000
4032/4096 [============================>.] - ETA: 5s - loss: 0.4916 
- val_loss: 0.8539
- val_all_f1:  0.7154 0.7154 0.7154
- val_exp_f1:  0.8961 0.8961 0.8961
- val_non_f1:  0.6699 0.6699 0.6699

4096/4096 [==============================] - 373s - loss: 0.4903 - val_loss: 0.8539
Epoch 101/1000
4032/4096 [============================>.] - ETA: 5s - loss: 0.4982 
- val_loss: 0.8742
- val_all_f1:  0.6945 0.6945 0.6945
- val_exp_f1:  0.8831 0.8831 0.8831
- val_non_f1:  0.6492 0.6471 0.6481

4096/4096 [==============================] - 372s - loss: 0.4974 - val_loss: 0.8742
Epoch 102/1000
4032/4096 [============================>.] - ETA: 5s - loss: 0.5121 
- val_loss: 0.8512
- val_all_f1:  0.7180 0.7180 0.7180
- val_exp_f1:  0.9481 0.9481 0.9481
- val_non_f1:  0.6623 0.6601 0.6612

4096/4096 [==============================] - 376s - loss: 0.5138 - val_loss: 0.8512
Epoch 103/1000
4032/4096 [============================>.] - ETA: 5s - loss: 0.4912 
- val_loss: 0.8494
- val_all_f1:  0.7180 0.7180 0.7180
- val_exp_f1:  0.9091 0.9091 0.9091
- val_non_f1:  0.6743 0.6699 0.6721

4096/4096 [==============================] - 376s - loss: 0.4940 - val_loss: 0.8494
Epoch 104/1000
4032/4096 [============================>.] - ETA: 5s - loss: 0.4833 
- val_loss: 1.0298
- val_all_f1:  0.6945 0.6945 0.6945
- val_exp_f1:  0.8701 0.8701 0.8701
- val_non_f1:  0.6568 0.6503 0.6535

4096/4096 [==============================] - 374s - loss: 0.4853 - val_loss: 1.0298
Epoch 105/1000
4032/4096 [============================>.] - ETA: 5s - loss: 0.4868 
- val_loss: 0.8548
- val_all_f1:  0.7050 0.7050 0.7050
- val_exp_f1:  0.9221 0.9221 0.9221
- val_non_f1:  0.6525 0.6503 0.6514

4096/4096 [==============================] - 378s - loss: 0.4865 - val_loss: 0.8548
Epoch 106/1000
4032/4096 [============================>.] - ETA: 5s - loss: 0.4881 
- val_loss: 0.7981
- val_all_f1:  0.7154 0.7154 0.7154
- val_exp_f1:  0.9481 0.9481 0.9481
- val_non_f1:  0.6590 0.6569 0.6579

4096/4096 [==============================] - 375s - loss: 0.4878 - val_loss: 0.7981
Epoch 107/1000
4032/4096 [============================>.] - ETA: 5s - loss: 0.4989 
- val_loss: 0.8670
- val_all_f1:  0.7023 0.7023 0.7023
- val_exp_f1:  0.9091 0.9091 0.9091
- val_non_f1:  0.6525 0.6503 0.6514

4096/4096 [==============================] - 369s - loss: 0.4993 - val_loss: 0.8670
Epoch 108/1000
4032/4096 [============================>.] - ETA: 5s - loss: 0.5072 
- val_loss: 0.8040
- val_all_f1:  0.7154 0.7154 0.7154
- val_exp_f1:  0.9481 0.9481 0.9481
- val_non_f1:  0.6590 0.6569 0.6579

4096/4096 [==============================] - 370s - loss: 0.5057 - val_loss: 0.8040
Epoch 109/1000
4032/4096 [============================>.] - ETA: 5s - loss: 0.4529 
- val_loss: 0.9047
- val_all_f1:  0.6841 0.6841 0.6841
- val_exp_f1:  0.8831 0.8831 0.8831
- val_non_f1:  0.6382 0.6340 0.6361

4096/4096 [==============================] - 368s - loss: 0.4530 - val_loss: 0.9047
Epoch 110/1000
4032/4096 [============================>.] - ETA: 5s - loss: 0.5389 
- val_loss: 0.8044
- val_all_f1:  0.7023 0.7023 0.7023
- val_exp_f1:  0.9481 0.9481 0.9481
- val_non_f1:  0.6426 0.6405 0.6416

4096/4096 [==============================] - 371s - loss: 0.5400 - val_loss: 0.8044
Epoch 111/1000
4032/4096 [============================>.] - ETA: 5s - loss: 0.5251 
- val_loss: 0.8388
- val_all_f1:  0.7206 0.7206 0.7206
- val_exp_f1:  0.9481 0.9481 0.9481
- val_non_f1:  0.6656 0.6634 0.6645

4096/4096 [==============================] - 371s - loss: 0.5266 - val_loss: 0.8388
Epoch 112/1000
4032/4096 [============================>.] - ETA: 5s - loss: 0.4699 
- val_loss: 0.8371
- val_all_f1:  0.7128 0.7128 0.7128
- val_exp_f1:  0.9091 0.9091 0.9091
- val_non_f1:  0.6678 0.6634 0.6656

4096/4096 [==============================] - 369s - loss: 0.4693 - val_loss: 0.8371
Epoch 113/1000
4032/4096 [============================>.] - ETA: 5s - loss: 0.4842 
- val_loss: 0.8237
- val_all_f1:  0.7102 0.7102 0.7102
- val_exp_f1:  0.9091 0.9091 0.9091
- val_non_f1:  0.6623 0.6601 0.6612

4096/4096 [==============================] - 367s - loss: 0.4866 - val_loss: 0.8237
Epoch 114/1000
4032/4096 [============================>.] - ETA: 5s - loss: 0.4856 
- val_loss: 0.8652
- val_all_f1:  0.6945 0.6945 0.6945
- val_exp_f1:  0.8701 0.8701 0.8701
- val_non_f1:  0.6568 0.6503 0.6535

4096/4096 [==============================] - 369s - loss: 0.4880 - val_loss: 0.8652
Epoch 115/1000
4032/4096 [============================>.] - ETA: 5s - loss: 0.4447 
- val_loss: 0.7826
- val_all_f1:  0.7258 0.7258 0.7258
- val_exp_f1:  0.9221 0.9221 0.9221
- val_non_f1:  0.6809 0.6765 0.6787

4096/4096 [==============================] - 368s - loss: 0.4441 - val_loss: 0.7826
Epoch 116/1000
4032/4096 [============================>.] - ETA: 5s - loss: 0.4578 
- val_loss: 0.8791
- val_all_f1:  0.7128 0.7128 0.7128
- val_exp_f1:  0.9221 0.9221 0.9221
- val_non_f1:  0.6623 0.6601 0.6612

4096/4096 [==============================] - 365s - loss: 0.4546 - val_loss: 0.8791
Epoch 117/1000
4032/4096 [============================>.] - ETA: 5s - loss: 0.4702 
- val_loss: 0.9038
- val_all_f1:  0.7154 0.7154 0.7154
- val_exp_f1:  0.8701 0.8701 0.8701
- val_non_f1:  0.6765 0.6765 0.6765

4096/4096 [==============================] - 373s - loss: 0.4701 - val_loss: 0.9038
Epoch 118/1000
4032/4096 [============================>.] - ETA: 5s - loss: 0.4624 
- val_loss: 0.8612
- val_all_f1:  0.7154 0.7154 0.7154
- val_exp_f1:  0.8701 0.8701 0.8701
- val_non_f1:  0.6765 0.6765 0.6765

4096/4096 [==============================] - 376s - loss: 0.4593 - val_loss: 0.8612
Epoch 119/1000
4032/4096 [============================>.] - ETA: 5s - loss: 0.4745 
- val_loss: 0.7986
- val_all_f1:  0.7180 0.7180 0.7180
- val_exp_f1:  0.9091 0.9091 0.9091
- val_non_f1:  0.6699 0.6699 0.6699

4096/4096 [==============================] - 377s - loss: 0.4723 - val_loss: 0.7986
Epoch 120/1000
4032/4096 [============================>.] - ETA: 5s - loss: 0.4849 
- val_loss: 0.8151
- val_all_f1:  0.7285 0.7285 0.7285
- val_exp_f1:  0.9351 0.9351 0.9351
- val_non_f1:  0.6787 0.6765 0.6776

4096/4096 [==============================] - 377s - loss: 0.4836 - val_loss: 0.8151
Epoch 121/1000
4032/4096 [============================>.] - ETA: 5s - loss: 0.4714 
- val_loss: 0.8836
- val_all_f1:  0.7232 0.7232 0.7232
- val_exp_f1:  0.9221 0.9221 0.9221
- val_non_f1:  0.6732 0.6732 0.6732

4096/4096 [==============================] - 372s - loss: 0.4703 - val_loss: 0.8836
Epoch 122/1000
4032/4096 [============================>.] - ETA: 5s - loss: 0.4837 
- val_loss: 0.8119
- val_all_f1:  0.7258 0.7258 0.7258
- val_exp_f1:  0.9221 0.9221 0.9221
- val_non_f1:  0.6787 0.6765 0.6776

4096/4096 [==============================] - 369s - loss: 0.4816 - val_loss: 0.8119
Epoch 123/1000
4032/4096 [============================>.] - ETA: 5s - loss: 0.4835 
- val_loss: 0.8807
- val_all_f1:  0.7050 0.7050 0.7050
- val_exp_f1:  0.8961 0.8961 0.8961
- val_non_f1:  0.6634 0.6569 0.6601

4096/4096 [==============================] - 367s - loss: 0.4850 - val_loss: 0.8807
Epoch 124/1000
4032/4096 [============================>.] - ETA: 5s - loss: 0.4695 
- val_loss: 0.8349
- val_all_f1:  0.7154 0.7154 0.7154
- val_exp_f1:  0.8961 0.8961 0.8961
- val_non_f1:  0.6743 0.6699 0.6721

4096/4096 [==============================] - 377s - loss: 0.4659 - val_loss: 0.8349
Epoch 125/1000
4032/4096 [============================>.] - ETA: 5s - loss: 0.4537 
- val_loss: 0.7934
- val_all_f1:  0.7102 0.7102 0.7102
- val_exp_f1:  0.9221 0.9221 0.9221
- val_non_f1:  0.6634 0.6569 0.6601

4096/4096 [==============================] - 382s - loss: 0.4514 - val_loss: 0.7934
Epoch 126/1000
4032/4096 [============================>.] - ETA: 5s - loss: 0.4230 
- val_loss: 0.9153
- val_all_f1:  0.6971 0.6971 0.6971
- val_exp_f1:  0.9221 0.9221 0.9221
- val_non_f1:  0.6469 0.6405 0.6437

4096/4096 [==============================] - 378s - loss: 0.4228 - val_loss: 0.9153
Epoch 127/1000
4032/4096 [============================>.] - ETA: 5s - loss: 0.4553 
- val_loss: 0.8748
- val_all_f1:  0.7023 0.7023 0.7023
- val_exp_f1:  0.8182 0.8182 0.8182
- val_non_f1:  0.6776 0.6732 0.6754

4096/4096 [==============================] - 378s - loss: 0.4567 - val_loss: 0.8748
Epoch 128/1000
4032/4096 [============================>.] - ETA: 5s - loss: 0.4543 
- val_loss: 0.8213
- val_all_f1:  0.6971 0.6971 0.6971
- val_exp_f1:  0.8701 0.8701 0.8701
- val_non_f1:  0.6579 0.6536 0.6557

4096/4096 [==============================] - 374s - loss: 0.4526 - val_loss: 0.8213
Epoch 129/1000
4032/4096 [============================>.] - ETA: 5s - loss: 0.4989 
- val_loss: 0.7973
- val_all_f1:  0.7180 0.7180 0.7180
- val_exp_f1:  0.9221 0.9221 0.9221
- val_non_f1:  0.6689 0.6667 0.6678

4096/4096 [==============================] - 370s - loss: 0.4984 - val_loss: 0.7973
Epoch 130/1000
4032/4096 [============================>.] - ETA: 5s - loss: 0.4679 
- val_loss: 0.8263
- val_all_f1:  0.7232 0.7232 0.7232
- val_exp_f1:  0.9091 0.9091 0.9091
- val_non_f1:  0.6765 0.6765 0.6765

4096/4096 [==============================] - 375s - loss: 0.4659 - val_loss: 0.8263
Epoch 131/1000
4032/4096 [============================>.] - ETA: 5s - loss: 0.4263 
- val_loss: 0.8397
- val_all_f1:  0.7206 0.7206 0.7206
- val_exp_f1:  0.9091 0.9091 0.9091
- val_non_f1:  0.6776 0.6732 0.6754

4096/4096 [==============================] - 374s - loss: 0.4254 - val_loss: 0.8397
Epoch 132/1000
4032/4096 [============================>.] - ETA: 5s - loss: 0.4524 
- val_loss: 0.7926
- val_all_f1:  0.7258 0.7258 0.7258
- val_exp_f1:  0.9091 0.9091 0.9091
- val_non_f1:  0.6820 0.6797 0.6809

4096/4096 [==============================] - 370s - loss: 0.4490 - val_loss: 0.7926
Epoch 133/1000
4032/4096 [============================>.] - ETA: 5s - loss: 0.4353 
- val_loss: 0.8122
- val_all_f1:  0.7076 0.7076 0.7076
- val_exp_f1:  0.8831 0.8831 0.8831
- val_non_f1:  0.6678 0.6634 0.6656

4096/4096 [==============================] - 368s - loss: 0.4418 - val_loss: 0.8122
Epoch 134/1000
4032/4096 [============================>.] - ETA: 5s - loss: 0.4501 
- val_loss: 0.8248
- val_all_f1:  0.7285 0.7285 0.7285
- val_exp_f1:  0.9091 0.9091 0.9091
- val_non_f1:  0.6852 0.6830 0.6841

4096/4096 [==============================] - 374s - loss: 0.4460 - val_loss: 0.8248
Epoch 135/1000
4032/4096 [============================>.] - ETA: 5s - loss: 0.4506 
- val_loss: 0.7732
- val_all_f1:  0.7206 0.7206 0.7206
- val_exp_f1:  0.9091 0.9091 0.9091
- val_non_f1:  0.6776 0.6732 0.6754

4096/4096 [==============================] - 376s - loss: 0.4485 - val_loss: 0.7732
Epoch 136/1000
4032/4096 [============================>.] - ETA: 5s - loss: 0.4293 
- val_loss: 0.7906
- val_all_f1:  0.7363 0.7363 0.7363
- val_exp_f1:  0.9091 0.9091 0.9091
- val_non_f1:  0.6951 0.6928 0.6939

4096/4096 [==============================] - 382s - loss: 0.4289 - val_loss: 0.7906
Epoch 137/1000
4032/4096 [============================>.] - ETA: 5s - loss: 0.4249 
- val_loss: 0.7944
- val_all_f1:  0.7337 0.7337 0.7337
- val_exp_f1:  0.9091 0.9091 0.9091
- val_non_f1:  0.6895 0.6895 0.6895

4096/4096 [==============================] - 375s - loss: 0.4223 - val_loss: 0.7944
Epoch 138/1000
4032/4096 [============================>.] - ETA: 5s - loss: 0.4458 
- val_loss: 0.8568
- val_all_f1:  0.7180 0.7180 0.7180
- val_exp_f1:  0.9221 0.9221 0.9221
- val_non_f1:  0.6667 0.6667 0.6667

4096/4096 [==============================] - 372s - loss: 0.4430 - val_loss: 0.8568
Epoch 139/1000
4032/4096 [============================>.] - ETA: 5s - loss: 0.4676 
- val_loss: 0.7935
- val_all_f1:  0.7180 0.7180 0.7180
- val_exp_f1:  0.9091 0.9091 0.9091
- val_non_f1:  0.6721 0.6699 0.6710

4096/4096 [==============================] - 371s - loss: 0.4680 - val_loss: 0.7935
Epoch 140/1000
4032/4096 [============================>.] - ETA: 5s - loss: 0.4504 
- val_loss: 0.7878
- val_all_f1:  0.7415 0.7415 0.7415
- val_exp_f1:  0.9481 0.9481 0.9481
- val_non_f1:  0.6918 0.6895 0.6907

4096/4096 [==============================] - 371s - loss: 0.4519 - val_loss: 0.7878
Epoch 141/1000
4032/4096 [============================>.] - ETA: 5s - loss: 0.4173 
- val_loss: 0.7899
- val_all_f1:  0.7206 0.7206 0.7206
- val_exp_f1:  0.9091 0.9091 0.9091
- val_non_f1:  0.6776 0.6732 0.6754

4096/4096 [==============================] - 368s - loss: 0.4201 - val_loss: 0.7899
Epoch 142/1000
4032/4096 [============================>.] - ETA: 5s - loss: 0.4556 
- val_loss: 0.8130
- val_all_f1:  0.7206 0.7206 0.7206
- val_exp_f1:  0.9091 0.9091 0.9091
- val_non_f1:  0.6754 0.6732 0.6743

4096/4096 [==============================] - 371s - loss: 0.4551 - val_loss: 0.8130
Epoch 143/1000
4032/4096 [============================>.] - ETA: 5s - loss: 0.4414 
- val_loss: 0.7641
- val_all_f1:  0.7311 0.7311 0.7311
- val_exp_f1:  0.9221 0.9221 0.9221
- val_non_f1:  0.6830 0.6830 0.6830

4096/4096 [==============================] - 371s - loss: 0.4443 - val_loss: 0.7641
Epoch 144/1000
4032/4096 [============================>.] - ETA: 5s - loss: 0.4323 
- val_loss: 0.7666
- val_all_f1:  0.7311 0.7311 0.7311
- val_exp_f1:  0.9351 0.9351 0.9351
- val_non_f1:  0.6820 0.6797 0.6809

4096/4096 [==============================] - 370s - loss: 0.4287 - val_loss: 0.7666
Epoch 145/1000
4032/4096 [============================>.] - ETA: 5s - loss: 0.4192 
- val_loss: 0.8128
- val_all_f1:  0.7206 0.7206 0.7206
- val_exp_f1:  0.9091 0.9091 0.9091
- val_non_f1:  0.6754 0.6732 0.6743

4096/4096 [==============================] - 370s - loss: 0.4158 - val_loss: 0.8128
Epoch 146/1000
4032/4096 [============================>.] - ETA: 5s - loss: 0.4254 
- val_loss: 0.8048
- val_all_f1:  0.7232 0.7232 0.7232
- val_exp_f1:  0.8961 0.8961 0.8961
- val_non_f1:  0.6797 0.6797 0.6797

4096/4096 [==============================] - 372s - loss: 0.4277 - val_loss: 0.8048
Epoch 147/1000
4032/4096 [============================>.] - ETA: 5s - loss: 0.4391 
- val_loss: 0.8064
- val_all_f1:  0.7180 0.7180 0.7180
- val_exp_f1:  0.9351 0.9351 0.9351
- val_non_f1:  0.6656 0.6634 0.6645

4096/4096 [==============================] - 373s - loss: 0.4376 - val_loss: 0.8064
Epoch 148/1000
4032/4096 [============================>.] - ETA: 5s - loss: 0.4206 
- val_loss: 0.7717
- val_all_f1:  0.7232 0.7232 0.7232
- val_exp_f1:  0.9091 0.9091 0.9091
- val_non_f1:  0.6787 0.6765 0.6776

4096/4096 [==============================] - 373s - loss: 0.4195 - val_loss: 0.7717
Epoch 149/1000
4032/4096 [============================>.] - ETA: 5s - loss: 0.4152 
- val_loss: 0.8642
- val_all_f1:  0.7285 0.7285 0.7285
- val_exp_f1:  0.9091 0.9091 0.9091
- val_non_f1:  0.6852 0.6830 0.6841

4096/4096 [==============================] - 369s - loss: 0.4138 - val_loss: 0.8642
Epoch 150/1000
4032/4096 [============================>.] - ETA: 5s - loss: 0.4633 
- val_loss: 0.7585
- val_all_f1:  0.7363 0.7363 0.7363
- val_exp_f1:  0.9091 0.9091 0.9091
- val_non_f1:  0.6974 0.6928 0.6951

4096/4096 [==============================] - 367s - loss: 0.4674 - val_loss: 0.7585
Epoch 151/1000
4032/4096 [============================>.] - ETA: 5s - loss: 0.4106 
- val_loss: 0.8092
- val_all_f1:  0.7258 0.7258 0.7258
- val_exp_f1:  0.9091 0.9091 0.9091
- val_non_f1:  0.6820 0.6797 0.6809

4096/4096 [==============================] - 370s - loss: 0.4070 - val_loss: 0.8092
Epoch 152/1000
4032/4096 [============================>.] - ETA: 5s - loss: 0.4062 
- val_loss: 0.7794
- val_all_f1:  0.7363 0.7363 0.7363
- val_exp_f1:  0.9091 0.9091 0.9091
- val_non_f1:  0.6997 0.6928 0.6962

4096/4096 [==============================] - 372s - loss: 0.4099 - val_loss: 0.7794
Epoch 153/1000
4032/4096 [============================>.] - ETA: 5s - loss: 0.3991 
- val_loss: 0.8413
- val_all_f1:  0.7258 0.7258 0.7258
- val_exp_f1:  0.9091 0.9091 0.9091
- val_non_f1:  0.6842 0.6797 0.6820

4096/4096 [==============================] - 368s - loss: 0.4010 - val_loss: 0.8413
Epoch 154/1000
4032/4096 [============================>.] - ETA: 5s - loss: 0.3914 
- val_loss: 0.7396
- val_all_f1:  0.7285 0.7285 0.7285
- val_exp_f1:  0.9221 0.9221 0.9221
- val_non_f1:  0.6820 0.6797 0.6809

4096/4096 [==============================] - 366s - loss: 0.3933 - val_loss: 0.7396
Epoch 155/1000
4032/4096 [============================>.] - ETA: 5s - loss: 0.4245 
- val_loss: 0.7833
- val_all_f1:  0.7311 0.7311 0.7311
- val_exp_f1:  0.9091 0.9091 0.9091
- val_non_f1:  0.6885 0.6863 0.6874

4096/4096 [==============================] - 375s - loss: 0.4219 - val_loss: 0.7833
Epoch 156/1000
4032/4096 [============================>.] - ETA: 5s - loss: 0.4084 
- val_loss: 0.7731
- val_all_f1:  0.7285 0.7285 0.7285
- val_exp_f1:  0.9091 0.9091 0.9091
- val_non_f1:  0.6898 0.6830 0.6864

4096/4096 [==============================] - 369s - loss: 0.4073 - val_loss: 0.7731
Epoch 157/1000
4032/4096 [============================>.] - ETA: 5s - loss: 0.3911 
- val_loss: 0.7581
- val_all_f1:  0.7285 0.7285 0.7285
- val_exp_f1:  0.9091 0.9091 0.9091
- val_non_f1:  0.6875 0.6830 0.6852

4096/4096 [==============================] - 363s - loss: 0.3892 - val_loss: 0.7581
Epoch 158/1000
4032/4096 [============================>.] - ETA: 5s - loss: 0.3948 
- val_loss: 0.9215
- val_all_f1:  0.7206 0.7206 0.7206
- val_exp_f1:  0.9091 0.9091 0.9091
- val_non_f1:  0.6754 0.6732 0.6743

4096/4096 [==============================] - 363s - loss: 0.3952 - val_loss: 0.9215
Epoch 159/1000
4032/4096 [============================>.] - ETA: 5s - loss: 0.4223 
- val_loss: 0.7772
- val_all_f1:  0.7363 0.7363 0.7363
- val_exp_f1:  0.9351 0.9351 0.9351
- val_non_f1:  0.6863 0.6863 0.6863

4096/4096 [==============================] - 363s - loss: 0.4225 - val_loss: 0.7772
Epoch 160/1000
4032/4096 [============================>.] - ETA: 5s - loss: 0.4178 
- val_loss: 0.8127
- val_all_f1:  0.7206 0.7206 0.7206
- val_exp_f1:  0.9091 0.9091 0.9091
- val_non_f1:  0.6776 0.6732 0.6754

4096/4096 [==============================] - 373s - loss: 0.4169 - val_loss: 0.8127
Epoch 161/1000
4032/4096 [============================>.] - ETA: 5s - loss: 0.4190 
- val_loss: 0.7960
- val_all_f1:  0.7285 0.7285 0.7285
- val_exp_f1:  0.9221 0.9221 0.9221
- val_non_f1:  0.6797 0.6797 0.6797

4096/4096 [==============================] - 374s - loss: 0.4196 - val_loss: 0.7960
Epoch 162/1000
4032/4096 [============================>.] - ETA: 5s - loss: 0.4442 
- val_loss: 0.7649
- val_all_f1:  0.7206 0.7206 0.7206
- val_exp_f1:  0.9091 0.9091 0.9091
- val_non_f1:  0.6799 0.6732 0.6765

4096/4096 [==============================] - 372s - loss: 0.4460 - val_loss: 0.7649
Epoch 163/1000
4032/4096 [============================>.] - ETA: 5s - loss: 0.4087 
- val_loss: 0.8307
- val_all_f1:  0.7206 0.7206 0.7206
- val_exp_f1:  0.9091 0.9091 0.9091
- val_non_f1:  0.6799 0.6732 0.6765

4096/4096 [==============================] - 380s - loss: 0.4066 - val_loss: 0.8307
Epoch 164/1000
4032/4096 [============================>.] - ETA: 5s - loss: 0.4259 
- val_loss: 0.8331
- val_all_f1:  0.7232 0.7232 0.7232
- val_exp_f1:  0.9091 0.9091 0.9091
- val_non_f1:  0.6832 0.6765 0.6798

4096/4096 [==============================] - 370s - loss: 0.4298 - val_loss: 0.8331
Epoch 165/1000
4032/4096 [============================>.] - ETA: 5s - loss: 0.4089 
- val_loss: 0.8405
- val_all_f1:  0.7180 0.7180 0.7180
- val_exp_f1:  0.8961 0.8961 0.8961
- val_non_f1:  0.6799 0.6732 0.6765

4096/4096 [==============================] - 363s - loss: 0.4055 - val_loss: 0.8405
Epoch 166/1000
4032/4096 [============================>.] - ETA: 5s - loss: 0.3809 
- val_loss: 0.8468
- val_all_f1:  0.7180 0.7180 0.7180
- val_exp_f1:  0.9091 0.9091 0.9091
- val_non_f1:  0.6766 0.6699 0.6732

4096/4096 [==============================] - 366s - loss: 0.3843 - val_loss: 0.8468
Epoch 167/1000
4032/4096 [============================>.] - ETA: 5s - loss: 0.4019 
- val_loss: 0.8616
- val_all_f1:  0.7128 0.7128 0.7128
- val_exp_f1:  0.8961 0.8961 0.8961
- val_non_f1:  0.6733 0.6667 0.6700

4096/4096 [==============================] - 369s - loss: 0.4033 - val_loss: 0.8616
Epoch 168/1000
4032/4096 [============================>.] - ETA: 5s - loss: 0.4044 
- val_loss: 0.8522
- val_all_f1:  0.7154 0.7154 0.7154
- val_exp_f1:  0.9091 0.9091 0.9091
- val_non_f1:  0.6733 0.6667 0.6700

4096/4096 [==============================] - 373s - loss: 0.4060 - val_loss: 0.8522
Epoch 169/1000
4032/4096 [============================>.] - ETA: 5s - loss: 0.4499 
- val_loss: 0.7983
- val_all_f1:  0.7180 0.7180 0.7180
- val_exp_f1:  0.8961 0.8961 0.8961
- val_non_f1:  0.6799 0.6732 0.6765

4096/4096 [==============================] - 364s - loss: 0.4526 - val_loss: 0.7983
Epoch 170/1000
4032/4096 [============================>.] - ETA: 5s - loss: 0.4338 
- val_loss: 0.9275
- val_all_f1:  0.7258 0.7258 0.7258
- val_exp_f1:  0.9091 0.9091 0.9091
- val_non_f1:  0.6865 0.6797 0.6831

4096/4096 [==============================] - 363s - loss: 0.4326 - val_loss: 0.9275
Epoch 171/1000
4032/4096 [============================>.] - ETA: 5s - loss: 0.4045 
- val_loss: 0.8431
- val_all_f1:  0.7285 0.7285 0.7285
- val_exp_f1:  0.9091 0.9091 0.9091
- val_non_f1:  0.6875 0.6830 0.6852

4096/4096 [==============================] - 366s - loss: 0.4031 - val_loss: 0.8431
Epoch 172/1000
4032/4096 [============================>.] - ETA: 5s - loss: 0.4036 
- val_loss: 0.7950
- val_all_f1:  0.7285 0.7285 0.7285
- val_exp_f1:  0.9091 0.9091 0.9091
- val_non_f1:  0.6875 0.6830 0.6852

4096/4096 [==============================] - 374s - loss: 0.4059 - val_loss: 0.7950
Epoch 173/1000
4032/4096 [============================>.] - ETA: 5s - loss: 0.3890 
- val_loss: 0.8354
- val_all_f1:  0.7154 0.7154 0.7154
- val_exp_f1:  0.9221 0.9221 0.9221
- val_non_f1:  0.6700 0.6634 0.6667

4096/4096 [==============================] - 379s - loss: 0.3920 - val_loss: 0.8354
Epoch 174/1000
4032/4096 [============================>.] - ETA: 5s - loss: 0.4136 
- val_loss: 0.8459
- val_all_f1:  0.7206 0.7206 0.7206
- val_exp_f1:  0.9091 0.9091 0.9091
- val_non_f1:  0.6799 0.6732 0.6765

4096/4096 [==============================] - 372s - loss: 0.4156 - val_loss: 0.8459
Epoch 175/1000
4032/4096 [============================>.] - ETA: 5s - loss: 0.4312 
- val_loss: 0.7959
- val_all_f1:  0.7180 0.7180 0.7180
- val_exp_f1:  0.8961 0.8961 0.8961
- val_non_f1:  0.6799 0.6732 0.6765

4096/4096 [==============================] - 367s - loss: 0.4350 - val_loss: 0.7959
Epoch 176/1000
4032/4096 [============================>.] - ETA: 5s - loss: 0.4333 
- val_loss: 0.8423
- val_all_f1:  0.7258 0.7258 0.7258
- val_exp_f1:  0.9091 0.9091 0.9091
- val_non_f1:  0.6865 0.6797 0.6831

4096/4096 [==============================] - 367s - loss: 0.4350 - val_loss: 0.8423
Epoch 177/1000
4032/4096 [============================>.] - ETA: 5s - loss: 0.4311 
- val_loss: 0.8705
- val_all_f1:  0.7128 0.7128 0.7128
- val_exp_f1:  0.9091 0.9091 0.9091
- val_non_f1:  0.6700 0.6634 0.6667

4096/4096 [==============================] - 366s - loss: 0.4286 - val_loss: 0.8705
Epoch 178/1000
4032/4096 [============================>.] - ETA: 5s - loss: 0.4172 
- val_loss: 0.8696
- val_all_f1:  0.7180 0.7180 0.7180
- val_exp_f1:  0.8961 0.8961 0.8961
- val_non_f1:  0.6754 0.6732 0.6743

4096/4096 [==============================] - 365s - loss: 0.4210 - val_loss: 0.8696
Epoch 179/1000
4032/4096 [============================>.] - ETA: 5s - loss: 0.4187 
- val_loss: 0.8778
- val_all_f1:  0.7180 0.7180 0.7180
- val_exp_f1:  0.8961 0.8961 0.8961
- val_non_f1:  0.6776 0.6732 0.6754

4096/4096 [==============================] - 365s - loss: 0.4202 - val_loss: 0.8778
Epoch 180/1000
4032/4096 [============================>.] - ETA: 5s - loss: 0.4447 
- val_loss: 0.7931
- val_all_f1:  0.7154 0.7154 0.7154
- val_exp_f1:  0.9091 0.9091 0.9091
- val_non_f1:  0.6733 0.6667 0.6700

4096/4096 [==============================] - 367s - loss: 0.4486 - val_loss: 0.7931
Epoch 181/1000
4032/4096 [============================>.] - ETA: 5s - loss: 0.3935 
- val_loss: 0.8168
- val_all_f1:  0.7232 0.7232 0.7232
- val_exp_f1:  0.9091 0.9091 0.9091
- val_non_f1:  0.6809 0.6765 0.6787

4096/4096 [==============================] - 368s - loss: 0.3944 - val_loss: 0.8168
Epoch 182/1000
4032/4096 [============================>.] - ETA: 5s - loss: 0.3469 
- val_loss: 0.9073
- val_all_f1:  0.7311 0.7311 0.7311
- val_exp_f1:  0.9221 0.9221 0.9221
- val_non_f1:  0.6875 0.6830 0.6852

4096/4096 [==============================] - 370s - loss: 0.3474 - val_loss: 0.9073
Epoch 183/1000
4032/4096 [============================>.] - ETA: 5s - loss: 0.4160 
- val_loss: 0.8719
- val_all_f1:  0.7285 0.7285 0.7285
- val_exp_f1:  0.9221 0.9221 0.9221
- val_non_f1:  0.6820 0.6797 0.6809

4096/4096 [==============================] - 372s - loss: 0.4197 - val_loss: 0.8719
Epoch 184/1000
4032/4096 [============================>.] - ETA: 5s - loss: 0.3944 
- val_loss: 0.8101
- val_all_f1:  0.7232 0.7232 0.7232
- val_exp_f1:  0.8961 0.8961 0.8961
- val_non_f1:  0.6820 0.6797 0.6809

4096/4096 [==============================] - 370s - loss: 0.3913 - val_loss: 0.8101
Epoch 185/1000
4032/4096 [============================>.] - ETA: 5s - loss: 0.3861 
- val_loss: 0.8120
- val_all_f1:  0.7258 0.7258 0.7258
- val_exp_f1:  0.8961 0.8961 0.8961
- val_non_f1:  0.6852 0.6830 0.6841

4096/4096 [==============================] - 368s - loss: 0.3929 - val_loss: 0.8120
Epoch 186/1000
4032/4096 [============================>.] - ETA: 5s - loss: 0.3856 
- val_loss: 1.0107
- val_all_f1:  0.7180 0.7180 0.7180
- val_exp_f1:  0.8961 0.8961 0.8961
- val_non_f1:  0.6776 0.6732 0.6754

4096/4096 [==============================] - 370s - loss: 0.3862 - val_loss: 1.0107
[2019-04-05 00:05] training finished (ex/conll16st-v35-zh-fd-12-rn-12-0)
[2019-04-05 00:05] best_val_loss: 153 - loss: 0.3933 - val_loss: 0.7396 - val_all_f1: 0.7285 - val_exp_f1: 0.9221 - val_non_f1: 0.6809
[2019-04-05 00:05] best_val_all_f1: 84 - loss: 0.4788 - val_loss: 0.7699 - val_all_f1: 0.7441 - val_exp_f1: 0.9481 - val_non_f1: 0.6951
[2019-04-05 00:05] time: loaded: 33.3032 - prepared: 1133.4698 - trained: 68562.7729 - epoch: 3686.1706 - epoch_cnt: 18.6000 - epoch_samples: 40960.0000
