[2019-03-08 13:33] configuration (ex/conll16st-v35-en-al-50-0)
[2019-03-08 13:33]   config 'arg1_len': 50
[2019-03-08 13:33]   config 'arg2_len': 50
[2019-03-08 13:33]   config 'backend': theano
[2019-03-08 13:33]   config 'backend_theano': device=gpu,floatX=float32,nvcc.fastmath=True,lib.cnmem=0.8
[2019-03-08 13:33]   config 'batch_size': 64
[2019-03-08 13:33]   config 'conn_len': 10
[2019-03-08 13:33]   config 'continue_': False
[2019-03-08 13:33]   config 'curriculum_end': 0.0
[2019-03-08 13:33]   config 'epochs': 1000
[2019-03-08 13:33]   config 'epochs_patience': 100
[2019-03-08 13:33]   config 'epochs_ratio': 0.1
[2019-03-08 13:33]   config 'filter_act': sigmoid
[2019-03-08 13:33]   config 'filter_append_act': linear
[2019-03-08 13:33]   config 'filter_append_batchnorm': False
[2019-03-08 13:33]   config 'filter_append_dim': 0
[2019-03-08 13:33]   config 'filter_append_dropout': 0.0
[2019-03-08 13:33]   config 'filter_apply': mul
[2019-03-08 13:33]   config 'filter_dim': 12
[2019-03-08 13:33]   config 'filter_dropout_U': 0.0
[2019-03-08 13:33]   config 'filter_dropout_W': 0.0
[2019-03-08 13:33]   config 'filter_fn_name': None
[2019-03-08 13:33]   config 'filter_shared': global
[2019-03-08 13:33]   config 'filter_type': lstm-fb
[2019-03-08 13:33]   config 'filter_zoneout_c': 0.0
[2019-03-08 13:33]   config 'filter_zoneout_h': 0.0
[2019-03-08 13:33]   config 'final_act': SReLU
[2019-03-08 13:33]   config 'final_dim': 80
[2019-03-08 13:33]   config 'final_dropout': 0.3
[2019-03-08 13:33]   config 'input_size': None
[2019-03-08 13:33]   config 'lang': en
[2019-03-08 13:33]   config 'masking': True
[2019-03-08 13:33]   config 'mode': word
[2019-03-08 13:33]   config 'model_dir': ex/conll16st-v35-en-al-50-0
[2019-03-08 13:33]   config 'optimizer': adam
[2019-03-08 13:33]   config 'original_positives': 0
[2019-03-08 13:33]   config 'punc_len': 0
[2019-03-08 13:33]   config 'random_negatives': 2
[2019-03-08 13:33]   config 'random_positives': 2
[2019-03-08 13:33]   config 'random_proba_1': 0.1
[2019-03-08 13:33]   config 'random_proba_2': 0.1
[2019-03-08 13:33]   config 'random_proba_3': 0.9
[2019-03-08 13:33]   config 'rnn_act': tanh
[2019-03-08 13:33]   config 'rnn_dim': 20
[2019-03-08 13:33]   config 'rnn_dropout_U': 0.0
[2019-03-08 13:33]   config 'rnn_dropout_W': 0.0
[2019-03-08 13:33]   config 'rnn_dropout_merge': 0.3
[2019-03-08 13:33]   config 'rnn_merge': concat
[2019-03-08 13:33]   config 'rnn_num': 12
[2019-03-08 13:33]   config 'rnn_shared': aspect
[2019-03-08 13:33]   config 'rnn_type': lstm-fwd
[2019-03-08 13:33]   config 'rnn_zoneout_c': 0.0
[2019-03-08 13:33]   config 'rnn_zoneout_h': 0.0
[2019-03-08 13:33]   config 'snapshot_size': 2048
[2019-03-08 13:33]   config 'train_dir': data/conll16st-en-03-29-16-train
[2019-03-08 13:33]   config 'valid_dir': data/conll16st-en-03-29-16-dev
[2019-03-08 13:33]   config 'words2vec_bin': None
[2019-03-08 13:33]   config 'words2vec_txt': None
[2019-03-08 13:33]   config 'words_crop': None
[2019-03-08 13:33]   config 'words_dim': 20
[2019-03-08 13:33]   config 'words_dropout': 0.3
[2019-03-08 13:33]   config 'words_shared': global
[2019-03-08 13:33]   config 'words_trainable': True
[2019-03-08 13:33] load dataset for training (data/conll16st-en-03-29-16-train)
[2019-03-08 13:36]   lang: en, doc_ids: 1756, words: 933049, rel_ids: 32535, relation tokens: 1159204
[2019-03-08 13:36] load dataset for validation (data/conll16st-en-03-29-16-dev)
[2019-03-08 13:36]   lang: en, doc_ids: 79, words: 39712, rel_ids: 1436, relation tokens: 48882
[2019-03-08 13:36] build indexes from training
[2019-03-08 13:36]   words2id: 43918, target2id: 23
[2019-03-08 13:36] target class distribution from training
[2019-03-08 13:36]   class 0 = 'None': None
[2019-03-08 13:36]   class 1 = '': None
[2019-03-08 13:36]   class 2 = 'Expansion.Conjunction': 7817
[2019-03-08 13:36]   class 3 = 'Comparison.Contrast': 4714
[2019-03-08 13:36]   class 4 = 'EntRel': 4133
[2019-03-08 13:36]   class 5 = 'Contingency.Cause.Reason': 3344
[2019-03-08 13:36]   class 6 = 'Expansion.Restatement': 2699
[2019-03-08 13:36]   class 7 = 'Contingency.Cause.Result': 2137
[2019-03-08 13:36]   class 8 = 'Temporal.Synchrony': 1499
[2019-03-08 13:36]   class 9 = 'Expansion.Instantiation': 1403
[2019-03-08 13:36]   class 10 = 'Comparison.Concession': 1293
[2019-03-08 13:36]   class 11 = 'Temporal.Asynchronous.Precedence': 1277
[2019-03-08 13:36]   class 12 = 'Contingency.Condition': 1197
[2019-03-08 13:36]   class 13 = 'Temporal.Asynchronous.Succession': 1014
[2019-03-08 13:36]   class 14 = 'Comparison': 992
[2019-03-08 13:36]   class 15 = 'Expansion': 630
[2019-03-08 13:36]   class 16 = 'Expansion.Alternative.Chosen alternative': 241
[2019-03-08 13:36]   class 17 = 'Expansion.Alternative': 210
[2019-03-08 13:36]   class 18 = 'Temporal': 27
[2019-03-08 13:36]   class 19 = 'Contingency': 24
[2019-03-08 13:36]   class 20 = 'Expansion.Exception': 15
[2019-03-08 13:36]   class 21 = 'Temporal.Asynchronous': 6
[2019-03-08 13:36]   class 22 = 'Contingency.Cause': 2
[2019-03-08 13:36] build model
____________________________________________________________________________________________________
Layer (type)                     Output Shape          Param #     Connected to                     
====================================================================================================
arg1_ids (InputLayer)            (None, 50)            0                                            
____________________________________________________________________________________________________
arg2_ids (InputLayer)            (None, 50)            0                                            
____________________________________________________________________________________________________
conn_ids (InputLayer)            (None, 10)            0                                            
____________________________________________________________________________________________________
embedding_1 (Embedding)          multiple              878360      arg1_ids[0][0]                   
                                                                   arg2_ids[0][0]                   
                                                                   conn_ids[0][0]                   
____________________________________________________________________________________________________
shareablelstm_1 (ShareableLSTM)  multiple              1584        embedding_1[0][0]                
                                                                   embedding_1[1][0]                
                                                                   embedding_1[2][0]                
____________________________________________________________________________________________________
shareablelstm_2 (ShareableLSTM)  multiple              1584        embedding_1[0][0]                
                                                                   embedding_1[1][0]                
                                                                   embedding_1[2][0]                
____________________________________________________________________________________________________
merge_1 (Merge)                  (None, 50, 12)        0           shareablelstm_1[0][0]            
                                                                   shareablelstm_2[0][0]            
____________________________________________________________________________________________________
merge_15 (Merge)                 (None, 50, 12)        0           shareablelstm_1[1][0]            
                                                                   shareablelstm_2[1][0]            
____________________________________________________________________________________________________
merge_29 (Merge)                 (None, 10, 12)        0           shareablelstm_1[2][0]            
                                                                   shareablelstm_2[2][0]            
____________________________________________________________________________________________________
arg1_filters (Activation)        (None, 50, 12)        0           merge_1[0][0]                    
____________________________________________________________________________________________________
arg2_filters (Activation)        (None, 50, 12)        0           merge_15[0][0]                   
____________________________________________________________________________________________________
conn_filters (Activation)        (None, 10, 12)        0           merge_29[0][0]                   
____________________________________________________________________________________________________
merge_2 (Merge)                  (None, 50, 20)        0           embedding_1[0][0]                
                                                                   arg1_filters[0][0]               
____________________________________________________________________________________________________
merge_3 (Merge)                  (None, 50, 20)        0           embedding_1[0][0]                
                                                                   arg1_filters[0][0]               
____________________________________________________________________________________________________
merge_4 (Merge)                  (None, 50, 20)        0           embedding_1[0][0]                
                                                                   arg1_filters[0][0]               
____________________________________________________________________________________________________
merge_5 (Merge)                  (None, 50, 20)        0           embedding_1[0][0]                
                                                                   arg1_filters[0][0]               
____________________________________________________________________________________________________
merge_6 (Merge)                  (None, 50, 20)        0           embedding_1[0][0]                
                                                                   arg1_filters[0][0]               
____________________________________________________________________________________________________
merge_7 (Merge)                  (None, 50, 20)        0           embedding_1[0][0]                
                                                                   arg1_filters[0][0]               
____________________________________________________________________________________________________
merge_8 (Merge)                  (None, 50, 20)        0           embedding_1[0][0]                
                                                                   arg1_filters[0][0]               
____________________________________________________________________________________________________
merge_9 (Merge)                  (None, 50, 20)        0           embedding_1[0][0]                
                                                                   arg1_filters[0][0]               
____________________________________________________________________________________________________
merge_10 (Merge)                 (None, 50, 20)        0           embedding_1[0][0]                
                                                                   arg1_filters[0][0]               
____________________________________________________________________________________________________
merge_11 (Merge)                 (None, 50, 20)        0           embedding_1[0][0]                
                                                                   arg1_filters[0][0]               
____________________________________________________________________________________________________
merge_12 (Merge)                 (None, 50, 20)        0           embedding_1[0][0]                
                                                                   arg1_filters[0][0]               
____________________________________________________________________________________________________
merge_13 (Merge)                 (None, 50, 20)        0           embedding_1[0][0]                
                                                                   arg1_filters[0][0]               
____________________________________________________________________________________________________
merge_16 (Merge)                 (None, 50, 20)        0           embedding_1[1][0]                
                                                                   arg2_filters[0][0]               
____________________________________________________________________________________________________
merge_17 (Merge)                 (None, 50, 20)        0           embedding_1[1][0]                
                                                                   arg2_filters[0][0]               
____________________________________________________________________________________________________
merge_18 (Merge)                 (None, 50, 20)        0           embedding_1[1][0]                
                                                                   arg2_filters[0][0]               
____________________________________________________________________________________________________
merge_19 (Merge)                 (None, 50, 20)        0           embedding_1[1][0]                
                                                                   arg2_filters[0][0]               
____________________________________________________________________________________________________
merge_20 (Merge)                 (None, 50, 20)        0           embedding_1[1][0]                
                                                                   arg2_filters[0][0]               
____________________________________________________________________________________________________
merge_21 (Merge)                 (None, 50, 20)        0           embedding_1[1][0]                
                                                                   arg2_filters[0][0]               
____________________________________________________________________________________________________
merge_22 (Merge)                 (None, 50, 20)        0           embedding_1[1][0]                
                                                                   arg2_filters[0][0]               
____________________________________________________________________________________________________
merge_23 (Merge)                 (None, 50, 20)        0           embedding_1[1][0]                
                                                                   arg2_filters[0][0]               
____________________________________________________________________________________________________
merge_24 (Merge)                 (None, 50, 20)        0           embedding_1[1][0]                
                                                                   arg2_filters[0][0]               
____________________________________________________________________________________________________
merge_25 (Merge)                 (None, 50, 20)        0           embedding_1[1][0]                
                                                                   arg2_filters[0][0]               
____________________________________________________________________________________________________
merge_26 (Merge)                 (None, 50, 20)        0           embedding_1[1][0]                
                                                                   arg2_filters[0][0]               
____________________________________________________________________________________________________
merge_27 (Merge)                 (None, 50, 20)        0           embedding_1[1][0]                
                                                                   arg2_filters[0][0]               
____________________________________________________________________________________________________
merge_30 (Merge)                 (None, 10, 20)        0           embedding_1[2][0]                
                                                                   conn_filters[0][0]               
____________________________________________________________________________________________________
merge_31 (Merge)                 (None, 10, 20)        0           embedding_1[2][0]                
                                                                   conn_filters[0][0]               
____________________________________________________________________________________________________
merge_32 (Merge)                 (None, 10, 20)        0           embedding_1[2][0]                
                                                                   conn_filters[0][0]               
____________________________________________________________________________________________________
merge_33 (Merge)                 (None, 10, 20)        0           embedding_1[2][0]                
                                                                   conn_filters[0][0]               
____________________________________________________________________________________________________
merge_34 (Merge)                 (None, 10, 20)        0           embedding_1[2][0]                
                                                                   conn_filters[0][0]               
____________________________________________________________________________________________________
merge_35 (Merge)                 (None, 10, 20)        0           embedding_1[2][0]                
                                                                   conn_filters[0][0]               
____________________________________________________________________________________________________
merge_36 (Merge)                 (None, 10, 20)        0           embedding_1[2][0]                
                                                                   conn_filters[0][0]               
____________________________________________________________________________________________________
merge_37 (Merge)                 (None, 10, 20)        0           embedding_1[2][0]                
                                                                   conn_filters[0][0]               
____________________________________________________________________________________________________
merge_38 (Merge)                 (None, 10, 20)        0           embedding_1[2][0]                
                                                                   conn_filters[0][0]               
____________________________________________________________________________________________________
merge_39 (Merge)                 (None, 10, 20)        0           embedding_1[2][0]                
                                                                   conn_filters[0][0]               
____________________________________________________________________________________________________
merge_40 (Merge)                 (None, 10, 20)        0           embedding_1[2][0]                
                                                                   conn_filters[0][0]               
____________________________________________________________________________________________________
merge_41 (Merge)                 (None, 10, 20)        0           embedding_1[2][0]                
                                                                   conn_filters[0][0]               
____________________________________________________________________________________________________
shareablelstm_3 (ShareableLSTM)  (None, 20)            3280        merge_2[0][0]                    
                                                                   merge_16[0][0]                   
                                                                   merge_30[0][0]                   
____________________________________________________________________________________________________
shareablelstm_5 (ShareableLSTM)  (None, 20)            3280        merge_3[0][0]                    
                                                                   merge_17[0][0]                   
                                                                   merge_31[0][0]                   
____________________________________________________________________________________________________
shareablelstm_7 (ShareableLSTM)  (None, 20)            3280        merge_4[0][0]                    
                                                                   merge_18[0][0]                   
                                                                   merge_32[0][0]                   
____________________________________________________________________________________________________
shareablelstm_9 (ShareableLSTM)  (None, 20)            3280        merge_5[0][0]                    
                                                                   merge_19[0][0]                   
                                                                   merge_33[0][0]                   
____________________________________________________________________________________________________
shareablelstm_11 (ShareableLSTM) (None, 20)            3280        merge_6[0][0]                    
                                                                   merge_20[0][0]                   
                                                                   merge_34[0][0]                   
____________________________________________________________________________________________________
shareablelstm_13 (ShareableLSTM) (None, 20)            3280        merge_7[0][0]                    
                                                                   merge_21[0][0]                   
                                                                   merge_35[0][0]                   
____________________________________________________________________________________________________
shareablelstm_15 (ShareableLSTM) (None, 20)            3280        merge_8[0][0]                    
                                                                   merge_22[0][0]                   
                                                                   merge_36[0][0]                   
____________________________________________________________________________________________________
shareablelstm_17 (ShareableLSTM) (None, 20)            3280        merge_9[0][0]                    
                                                                   merge_23[0][0]                   
                                                                   merge_37[0][0]                   
____________________________________________________________________________________________________
shareablelstm_19 (ShareableLSTM) (None, 20)            3280        merge_10[0][0]                   
                                                                   merge_24[0][0]                   
                                                                   merge_38[0][0]                   
____________________________________________________________________________________________________
shareablelstm_21 (ShareableLSTM) (None, 20)            3280        merge_11[0][0]                   
                                                                   merge_25[0][0]                   
                                                                   merge_39[0][0]                   
____________________________________________________________________________________________________
shareablelstm_23 (ShareableLSTM) (None, 20)            3280        merge_12[0][0]                   
                                                                   merge_26[0][0]                   
                                                                   merge_40[0][0]                   
____________________________________________________________________________________________________
shareablelstm_25 (ShareableLSTM) (None, 20)            3280        merge_13[0][0]                   
                                                                   merge_27[0][0]                   
                                                                   merge_41[0][0]                   
____________________________________________________________________________________________________
merge_14 (Merge)                 (None, 240)           0           shareablelstm_3[0][0]            
                                                                   shareablelstm_5[0][0]            
                                                                   shareablelstm_7[0][0]            
                                                                   shareablelstm_9[0][0]            
                                                                   shareablelstm_11[0][0]           
                                                                   shareablelstm_13[0][0]           
                                                                   shareablelstm_15[0][0]           
                                                                   shareablelstm_17[0][0]           
                                                                   shareablelstm_19[0][0]           
                                                                   shareablelstm_21[0][0]           
                                                                   shareablelstm_23[0][0]           
                                                                   shareablelstm_25[0][0]           
____________________________________________________________________________________________________
merge_28 (Merge)                 (None, 240)           0           shareablelstm_3[1][0]            
                                                                   shareablelstm_5[1][0]            
                                                                   shareablelstm_7[1][0]            
                                                                   shareablelstm_9[1][0]            
                                                                   shareablelstm_11[1][0]           
                                                                   shareablelstm_13[1][0]           
                                                                   shareablelstm_15[1][0]           
                                                                   shareablelstm_17[1][0]           
                                                                   shareablelstm_19[1][0]           
                                                                   shareablelstm_21[1][0]           
                                                                   shareablelstm_23[1][0]           
                                                                   shareablelstm_25[1][0]           
____________________________________________________________________________________________________
merge_42 (Merge)                 (None, 240)           0           shareablelstm_3[2][0]            
                                                                   shareablelstm_5[2][0]            
                                                                   shareablelstm_7[2][0]            
                                                                   shareablelstm_9[2][0]            
                                                                   shareablelstm_11[2][0]           
                                                                   shareablelstm_13[2][0]           
                                                                   shareablelstm_15[2][0]           
                                                                   shareablelstm_17[2][0]           
                                                                   shareablelstm_19[2][0]           
                                                                   shareablelstm_21[2][0]           
                                                                   shareablelstm_23[2][0]           
                                                                   shareablelstm_25[2][0]           
____________________________________________________________________________________________________
dropout_1 (Dropout)              (None, 240)           0           merge_14[0][0]                   
____________________________________________________________________________________________________
dropout_2 (Dropout)              (None, 240)           0           merge_28[0][0]                   
____________________________________________________________________________________________________
dropout_3 (Dropout)              (None, 240)           0           merge_42[0][0]                   
____________________________________________________________________________________________________
merge_43 (Merge)                 (None, 720)           0           dropout_1[0][0]                  
                                                                   dropout_2[0][0]                  
                                                                   dropout_3[0][0]                  
____________________________________________________________________________________________________
dense_1 (Dense)                  (None, 80)            57680       merge_43[0][0]                   
____________________________________________________________________________________________________
srelu_1 (SReLU)                  (None, 80)            320         dense_1[0][0]                    
____________________________________________________________________________________________________
dropout_4 (Dropout)              (None, 80)            0           srelu_1[0][0]                    
____________________________________________________________________________________________________
dense_2 (Dense)                  (None, 23)            1863        dropout_4[0][0]                  
____________________________________________________________________________________________________
target (Activation)              (None, 23)            0           dense_2[0][0]                    
====================================================================================================
Total params: 980,751
Trainable params: 980,751
Non-trainable params: 0
____________________________________________________________________________________________________
[2019-03-08 13:52] initialize weights
[2019-03-08 13:52] training preparation
[2019-03-08 13:52] train model (ex/conll16st-v35-en-al-50-0)
Epoch 1/1000
12992/13056 [============================>.] - ETA: 0s - loss: 1.8353
- val_loss: 2.5519
- val_all_f1:  0.2202 0.2202 0.2202
- val_exp_f1:  0.2792 0.2792 0.2792
- val_non_f1:  0.1682 0.1682 0.1682

13056/13056 [==============================] - 118s - loss: 1.8326 - val_loss: 2.5519
Epoch 2/1000
12992/13056 [============================>.] - ETA: 0s - loss: 1.3313
- val_loss: 2.4162
- val_all_f1:  0.2280 0.2280 0.2280
- val_exp_f1:  0.2914 0.2914 0.2914
- val_non_f1:  0.1722 0.1722 0.1722

13056/13056 [==============================] - 119s - loss: 1.3328 - val_loss: 2.4162
Epoch 3/1000
12992/13056 [============================>.] - ETA: 0s - loss: 1.2139
- val_loss: 2.2268
- val_all_f1:  0.2990 0.2990 0.2990
- val_exp_f1:  0.3440 0.3429 0.3435
- val_non_f1:  0.2603 0.2603 0.2603

13056/13056 [==============================] - 118s - loss: 1.2143 - val_loss: 2.2268
Epoch 4/1000
12992/13056 [============================>.] - ETA: 0s - loss: 1.1701
- val_loss: 2.1048
- val_all_f1:  0.3317 0.3317 0.3317
- val_exp_f1:  0.5099 0.5099 0.5099
- val_non_f1:  0.1749 0.1749 0.1749

13056/13056 [==============================] - 118s - loss: 1.1712 - val_loss: 2.1048
Epoch 5/1000
12992/13056 [============================>.] - ETA: 0s - loss: 1.1249
- val_loss: 2.0210
- val_all_f1:  0.3849 0.3849 0.3849
- val_exp_f1:  0.6131 0.6131 0.6131
- val_non_f1:  0.1842 0.1842 0.1842

13056/13056 [==============================] - 118s - loss: 1.1249 - val_loss: 2.0210
Epoch 6/1000
12992/13056 [============================>.] - ETA: 0s - loss: 1.0589
- val_loss: 1.8949
- val_all_f1:  0.4524 0.4524 0.4524
- val_exp_f1:  0.6525 0.6525 0.6525
- val_non_f1:  0.2764 0.2764 0.2764

13056/13056 [==============================] - 118s - loss: 1.0593 - val_loss: 1.8949
Epoch 7/1000
12992/13056 [============================>.] - ETA: 0s - loss: 1.0534
- val_loss: 1.8248
- val_all_f1:  0.4560 0.4560 0.4560
- val_exp_f1:  0.6915 0.6904 0.6910
- val_non_f1:  0.2497 0.2497 0.2497

13056/13056 [==============================] - 118s - loss: 1.0530 - val_loss: 1.8248
Epoch 8/1000
12992/13056 [============================>.] - ETA: 0s - loss: 1.0221
- val_loss: 1.8375
- val_all_f1:  0.4148 0.4148 0.4148
- val_exp_f1:  0.6874 0.6874 0.6874
- val_non_f1:  0.1749 0.1749 0.1749

13056/13056 [==============================] - 118s - loss: 1.0220 - val_loss: 1.8375
Epoch 9/1000
12992/13056 [============================>.] - ETA: 0s - loss: 1.0002
- val_loss: 1.7687
- val_all_f1:  0.4851 0.4851 0.4851
- val_exp_f1:  0.7117 0.7117 0.7117
- val_non_f1:  0.2857 0.2857 0.2857

13056/13056 [==============================] - 118s - loss: 1.0007 - val_loss: 1.7687
Epoch 10/1000
12992/13056 [============================>.] - ETA: 0s - loss: 1.0136
- val_loss: 1.7187
- val_all_f1:  0.5050 0.5050 0.5050
- val_exp_f1:  0.7416 0.7405 0.7411
- val_non_f1:  0.2977 0.2977 0.2977

13056/13056 [==============================] - 118s - loss: 1.0125 - val_loss: 1.7187
Epoch 11/1000
12992/13056 [============================>.] - ETA: 0s - loss: 0.9953
- val_loss: 1.6808
- val_all_f1:  0.5398 0.5398 0.5398
- val_exp_f1:  0.7812 0.7800 0.7806
- val_non_f1:  0.3284 0.3284 0.3284

13056/13056 [==============================] - 118s - loss: 0.9949 - val_loss: 1.6808
Epoch 12/1000
12992/13056 [============================>.] - ETA: 0s - loss: 0.9829
- val_loss: 1.7646
- val_all_f1:  0.4822 0.4822 0.4822
- val_exp_f1:  0.7800 0.7800 0.7800
- val_non_f1:  0.2203 0.2203 0.2203

13056/13056 [==============================] - 118s - loss: 0.9831 - val_loss: 1.7646
Epoch 13/1000
12992/13056 [============================>.] - ETA: 0s - loss: 0.9624
- val_loss: 1.6537
- val_all_f1:  0.5142 0.5142 0.5142
- val_exp_f1:  0.7906 0.7906 0.7906
- val_non_f1:  0.2710 0.2710 0.2710

13056/13056 [==============================] - 118s - loss: 0.9626 - val_loss: 1.6537
Epoch 14/1000
12992/13056 [============================>.] - ETA: 0s - loss: 0.9530
- val_loss: 1.5872
- val_all_f1:  0.5526 0.5526 0.5526
- val_exp_f1:  0.8024 0.8012 0.8018
- val_non_f1:  0.3338 0.3338 0.3338

13056/13056 [==============================] - 118s - loss: 0.9527 - val_loss: 1.5872
Epoch 15/1000
12992/13056 [============================>.] - ETA: 0s - loss: 0.9523
- val_loss: 1.5789
- val_all_f1:  0.5277 0.5277 0.5277
- val_exp_f1:  0.8131 0.8118 0.8125
- val_non_f1:  0.2777 0.2777 0.2777

13056/13056 [==============================] - 118s - loss: 0.9507 - val_loss: 1.5789
Epoch 16/1000
12992/13056 [============================>.] - ETA: 0s - loss: 0.9318
- val_loss: 1.5723
- val_all_f1:  0.5611 0.5611 0.5611
- val_exp_f1:  0.8467 0.8467 0.8467
- val_non_f1:  0.3097 0.3097 0.3097

13056/13056 [==============================] - 118s - loss: 0.9312 - val_loss: 1.5723
Epoch 17/1000
12992/13056 [============================>.] - ETA: 0s - loss: 0.9365
- val_loss: 1.5564
- val_all_f1:  0.5504 0.5504 0.5504
- val_exp_f1:  0.8452 0.8452 0.8452
- val_non_f1:  0.2911 0.2911 0.2911

13056/13056 [==============================] - 118s - loss: 0.9355 - val_loss: 1.5564
Epoch 18/1000
12992/13056 [============================>.] - ETA: 0s - loss: 0.9575
- val_loss: 1.5403
- val_all_f1:  0.5625 0.5625 0.5625
- val_exp_f1:  0.8619 0.8619 0.8619
- val_non_f1:  0.2995 0.2991 0.2993

13056/13056 [==============================] - 118s - loss: 0.9570 - val_loss: 1.5403
Epoch 19/1000
12992/13056 [============================>.] - ETA: 0s - loss: 0.9464
- val_loss: 1.5300
- val_all_f1:  0.5845 0.5845 0.5845
- val_exp_f1:  0.8784 0.8771 0.8778
- val_non_f1:  0.3275 0.3271 0.3273

13056/13056 [==============================] - 118s - loss: 0.9459 - val_loss: 1.5300
Epoch 20/1000
12992/13056 [============================>.] - ETA: 0s - loss: 0.9109
- val_loss: 1.5286
- val_all_f1:  0.5440 0.5440 0.5440
- val_exp_f1:  0.8574 0.8574 0.8574
- val_non_f1:  0.2691 0.2684 0.2687

13056/13056 [==============================] - 118s - loss: 0.9106 - val_loss: 1.5286
Epoch 21/1000
12992/13056 [============================>.] - ETA: 0s - loss: 0.8941
- val_loss: 1.4985
- val_all_f1:  0.5888 0.5888 0.5888
- val_exp_f1:  0.8799 0.8786 0.8793
- val_non_f1:  0.3347 0.3338 0.3342

13056/13056 [==============================] - 118s - loss: 0.8944 - val_loss: 1.4985
Epoch 22/1000
12992/13056 [============================>.] - ETA: 0s - loss: 0.8895
- val_loss: 1.5334
- val_all_f1:  0.5838 0.5838 0.5838
- val_exp_f1:  0.8786 0.8786 0.8786
- val_non_f1:  0.3253 0.3244 0.3249

13056/13056 [==============================] - 117s - loss: 0.8894 - val_loss: 1.5334
Epoch 23/1000
12992/13056 [============================>.] - ETA: 0s - loss: 0.9028
- val_loss: 1.5323
- val_all_f1:  0.5817 0.5817 0.5817
- val_exp_f1:  0.8604 0.8604 0.8604
- val_non_f1:  0.3373 0.3364 0.3369

13056/13056 [==============================] - 117s - loss: 0.9034 - val_loss: 1.5323
Epoch 24/1000
12992/13056 [============================>.] - ETA: 0s - loss: 0.8887
- val_loss: 1.4943
- val_all_f1:  0.5753 0.5753 0.5753
- val_exp_f1:  0.8665 0.8665 0.8665
- val_non_f1:  0.3195 0.3191 0.3193

13056/13056 [==============================] - 117s - loss: 0.8885 - val_loss: 1.4943
Epoch 25/1000
12992/13056 [============================>.] - ETA: 0s - loss: 0.9072
- val_loss: 1.4517
- val_all_f1:  0.5909 0.5909 0.5909
- val_exp_f1:  0.8862 0.8862 0.8862
- val_non_f1:  0.3316 0.3311 0.3313

13056/13056 [==============================] - 118s - loss: 0.9062 - val_loss: 1.4517
Epoch 26/1000
12992/13056 [============================>.] - ETA: 0s - loss: 0.8772
- val_loss: 1.4588
- val_all_f1:  0.5803 0.5803 0.5803
- val_exp_f1:  0.8589 0.8589 0.8589
- val_non_f1:  0.3356 0.3351 0.3353

13056/13056 [==============================] - 118s - loss: 0.8763 - val_loss: 1.4588
Epoch 27/1000
12992/13056 [============================>.] - ETA: 0s - loss: 0.8615
- val_loss: 1.4468
- val_all_f1:  0.5845 0.5845 0.5845
- val_exp_f1:  0.8847 0.8847 0.8847
- val_non_f1:  0.3204 0.3204 0.3204

13056/13056 [==============================] - 118s - loss: 0.8600 - val_loss: 1.4468
Epoch 28/1000
12992/13056 [============================>.] - ETA: 0s - loss: 0.8835
- val_loss: 1.4329
- val_all_f1:  0.6080 0.6080 0.6080
- val_exp_f1:  0.9012 0.8998 0.9005
- val_non_f1:  0.3511 0.3511 0.3511

13056/13056 [==============================] - 118s - loss: 0.8836 - val_loss: 1.4329
Epoch 29/1000
12992/13056 [============================>.] - ETA: 0s - loss: 0.8812
- val_loss: 1.4520
- val_all_f1:  0.5987 0.5987 0.5987
- val_exp_f1:  0.8923 0.8923 0.8923
- val_non_f1:  0.3414 0.3405 0.3409

13056/13056 [==============================] - 117s - loss: 0.8805 - val_loss: 1.4520
Epoch 30/1000
12992/13056 [============================>.] - ETA: 0s - loss: 0.8699
- val_loss: 1.5400
- val_all_f1:  0.5568 0.5568 0.5568
- val_exp_f1:  0.7967 0.7967 0.7967
- val_non_f1:  0.3463 0.3458 0.3460

13056/13056 [==============================] - 117s - loss: 0.8701 - val_loss: 1.5400
Epoch 31/1000
12992/13056 [============================>.] - ETA: 0s - loss: 0.8425
- val_loss: 1.4558
- val_all_f1:  0.5916 0.5916 0.5916
- val_exp_f1:  0.8647 0.8634 0.8641
- val_non_f1:  0.3529 0.3525 0.3527

13056/13056 [==============================] - 117s - loss: 0.8416 - val_loss: 1.4558
Epoch 32/1000
12992/13056 [============================>.] - ETA: 0s - loss: 0.8513
- val_loss: 1.4778
- val_all_f1:  0.5753 0.5753 0.5753
- val_exp_f1:  0.8467 0.8467 0.8467
- val_non_f1:  0.3369 0.3364 0.3367

13056/13056 [==============================] - 117s - loss: 0.8505 - val_loss: 1.4778
Epoch 33/1000
12992/13056 [============================>.] - ETA: 0s - loss: 0.8400
- val_loss: 1.4345
- val_all_f1:  0.5831 0.5831 0.5831
- val_exp_f1:  0.8771 0.8771 0.8771
- val_non_f1:  0.3249 0.3244 0.3246

13056/13056 [==============================] - 117s - loss: 0.8389 - val_loss: 1.4345
Epoch 34/1000
12992/13056 [============================>.] - ETA: 0s - loss: 0.8441
- val_loss: 1.4411
- val_all_f1:  0.5739 0.5739 0.5739
- val_exp_f1:  0.9014 0.9014 0.9014
- val_non_f1:  0.2857 0.2857 0.2857

13056/13056 [==============================] - 117s - loss: 0.8459 - val_loss: 1.4411
Epoch 35/1000
12992/13056 [============================>.] - ETA: 0s - loss: 0.8522
- val_loss: 1.5265
- val_all_f1:  0.5447 0.5447 0.5447
- val_exp_f1:  0.8012 0.8012 0.8012
- val_non_f1:  0.3191 0.3191 0.3191

13056/13056 [==============================] - 117s - loss: 0.8523 - val_loss: 1.5265
Epoch 36/1000
12992/13056 [============================>.] - ETA: 0s - loss: 0.8555
- val_loss: 1.4195
- val_all_f1:  0.5987 0.5987 0.5987
- val_exp_f1:  0.8967 0.8953 0.8960
- val_non_f1:  0.3387 0.3378 0.3382

13056/13056 [==============================] - 117s - loss: 0.8554 - val_loss: 1.4195
Epoch 37/1000
12992/13056 [============================>.] - ETA: 0s - loss: 0.8496
- val_loss: 1.4424
- val_all_f1:  0.5938 0.5938 0.5938
- val_exp_f1:  0.8938 0.8938 0.8938
- val_non_f1:  0.3298 0.3298 0.3298

13056/13056 [==============================] - 117s - loss: 0.8502 - val_loss: 1.4424
Epoch 38/1000
12992/13056 [============================>.] - ETA: 0s - loss: 0.8233
- val_loss: 1.3913
- val_all_f1:  0.6172 0.6172 0.6172
- val_exp_f1:  0.9073 0.9059 0.9066
- val_non_f1:  0.3632 0.3632 0.3632

13056/13056 [==============================] - 118s - loss: 0.8236 - val_loss: 1.3913
Epoch 39/1000
12992/13056 [============================>.] - ETA: 0s - loss: 0.8329
- val_loss: 1.4475
- val_all_f1:  0.6094 0.6094 0.6094
- val_exp_f1:  0.9105 0.9105 0.9105
- val_non_f1:  0.3445 0.3445 0.3445

13056/13056 [==============================] - 117s - loss: 0.8320 - val_loss: 1.4475
Epoch 40/1000
12992/13056 [============================>.] - ETA: 0s - loss: 0.8239
- val_loss: 1.4385
- val_all_f1:  0.5824 0.5824 0.5824
- val_exp_f1:  0.8862 0.8862 0.8862
- val_non_f1:  0.3155 0.3151 0.3153

13056/13056 [==============================] - 117s - loss: 0.8241 - val_loss: 1.4385
Epoch 41/1000
12992/13056 [============================>.] - ETA: 0s - loss: 0.7992
- val_loss: 1.4772
- val_all_f1:  0.5746 0.5746 0.5746
- val_exp_f1:  0.8998 0.8998 0.8998
- val_non_f1:  0.2899 0.2884 0.2892

13056/13056 [==============================] - 117s - loss: 0.8015 - val_loss: 1.4772
Epoch 42/1000
12992/13056 [============================>.] - ETA: 0s - loss: 0.7986
- val_loss: 1.3989
- val_all_f1:  0.6087 0.6087 0.6087
- val_exp_f1:  0.8921 0.8907 0.8914
- val_non_f1:  0.3605 0.3605 0.3605

13056/13056 [==============================] - 117s - loss: 0.7984 - val_loss: 1.3989
Epoch 43/1000
12992/13056 [============================>.] - ETA: 0s - loss: 0.8166
- val_loss: 1.3960
- val_all_f1:  0.6065 0.6065 0.6065
- val_exp_f1:  0.8938 0.8938 0.8938
- val_non_f1:  0.3538 0.3538 0.3538

13056/13056 [==============================] - 117s - loss: 0.8154 - val_loss: 1.3960
Epoch 44/1000
12992/13056 [============================>.] - ETA: 0s - loss: 0.8248
- val_loss: 1.4683
- val_all_f1:  0.5795 0.5795 0.5795
- val_exp_f1:  0.8634 0.8634 0.8634
- val_non_f1:  0.3298 0.3298 0.3298

13056/13056 [==============================] - 117s - loss: 0.8244 - val_loss: 1.4683
Epoch 45/1000
12992/13056 [============================>.] - ETA: 0s - loss: 0.8082
- val_loss: 1.4265
- val_all_f1:  0.6044 0.6044 0.6044
- val_exp_f1:  0.8906 0.8892 0.8899
- val_non_f1:  0.3538 0.3538 0.3538

13056/13056 [==============================] - 117s - loss: 0.8085 - val_loss: 1.4265
Epoch 46/1000
12992/13056 [============================>.] - ETA: 0s - loss: 0.7992
- val_loss: 1.4197
- val_all_f1:  0.5966 0.5966 0.5966
- val_exp_f1:  0.8936 0.8923 0.8929
- val_non_f1:  0.3364 0.3364 0.3364

13056/13056 [==============================] - 117s - loss: 0.7992 - val_loss: 1.4197
Epoch 47/1000
12992/13056 [============================>.] - ETA: 0s - loss: 0.8121
- val_loss: 1.4656
- val_all_f1:  0.5810 0.5810 0.5810
- val_exp_f1:  0.8663 0.8649 0.8656
- val_non_f1:  0.3311 0.3311 0.3311

13056/13056 [==============================] - 117s - loss: 0.8132 - val_loss: 1.4656
Epoch 48/1000
12992/13056 [============================>.] - ETA: 0s - loss: 0.7913
- val_loss: 1.4590
- val_all_f1:  0.5753 0.5753 0.5753
- val_exp_f1:  0.8998 0.8998 0.8998
- val_non_f1:  0.2897 0.2897 0.2897

13056/13056 [==============================] - 117s - loss: 0.7918 - val_loss: 1.4590
Epoch 49/1000
12992/13056 [============================>.] - ETA: 0s - loss: 0.7971
- val_loss: 1.4057
- val_all_f1:  0.6037 0.6037 0.6037
- val_exp_f1:  0.9014 0.9014 0.9014
- val_non_f1:  0.3418 0.3418 0.3418

13056/13056 [==============================] - 117s - loss: 0.7963 - val_loss: 1.4057
Epoch 50/1000
12992/13056 [============================>.] - ETA: 0s - loss: 0.8259
- val_loss: 1.5242
- val_all_f1:  0.5554 0.5554 0.5554
- val_exp_f1:  0.8528 0.8528 0.8528
- val_non_f1:  0.2941 0.2937 0.2939

13056/13056 [==============================] - 117s - loss: 0.8260 - val_loss: 1.5242
Epoch 51/1000
12992/13056 [============================>.] - ETA: 0s - loss: 0.7587
- val_loss: 1.4793
- val_all_f1:  0.5994 0.5994 0.5994
- val_exp_f1:  0.8860 0.8847 0.8853
- val_non_f1:  0.3485 0.3485 0.3485

13056/13056 [==============================] - 117s - loss: 0.7586 - val_loss: 1.4793
Epoch 52/1000
12992/13056 [============================>.] - ETA: 0s - loss: 0.7622
- val_loss: 1.4775
- val_all_f1:  0.5611 0.5611 0.5611
- val_exp_f1:  0.9014 0.9014 0.9014
- val_non_f1:  0.2617 0.2617 0.2617

13056/13056 [==============================] - 117s - loss: 0.7621 - val_loss: 1.4775
Epoch 53/1000
12992/13056 [============================>.] - ETA: 0s - loss: 0.7539
- val_loss: 1.4506
- val_all_f1:  0.5781 0.5781 0.5781
- val_exp_f1:  0.9059 0.9059 0.9059
- val_non_f1:  0.2905 0.2897 0.2901

13056/13056 [==============================] - 117s - loss: 0.7531 - val_loss: 1.4506
Epoch 54/1000
12992/13056 [============================>.] - ETA: 0s - loss: 0.7445
- val_loss: 1.4484
- val_all_f1:  0.6009 0.6009 0.6009
- val_exp_f1:  0.8921 0.8907 0.8914
- val_non_f1:  0.3472 0.3458 0.3465

13056/13056 [==============================] - 118s - loss: 0.7441 - val_loss: 1.4484
Epoch 55/1000
12992/13056 [============================>.] - ETA: 0s - loss: 0.7626
- val_loss: 1.4568
- val_all_f1:  0.5803 0.5803 0.5803
- val_exp_f1:  0.9059 0.9059 0.9059
- val_non_f1:  0.2953 0.2937 0.2945

13056/13056 [==============================] - 117s - loss: 0.7611 - val_loss: 1.4568
Epoch 56/1000
12992/13056 [============================>.] - ETA: 0s - loss: 0.7624
- val_loss: 1.4304
- val_all_f1:  0.5952 0.5952 0.5952
- val_exp_f1:  0.9058 0.9044 0.9051
- val_non_f1:  0.3248 0.3231 0.3240

13056/13056 [==============================] - 117s - loss: 0.7628 - val_loss: 1.4304
Epoch 57/1000
12992/13056 [============================>.] - ETA: 0s - loss: 0.7576
- val_loss: 1.4784
- val_all_f1:  0.5724 0.5724 0.5724
- val_exp_f1:  0.8938 0.8938 0.8938
- val_non_f1:  0.2925 0.2897 0.2911

13056/13056 [==============================] - 117s - loss: 0.7586 - val_loss: 1.4784
Epoch 58/1000
12992/13056 [============================>.] - ETA: 0s - loss: 0.8241
- val_loss: 1.4266
- val_all_f1:  0.5994 0.5994 0.5994
- val_exp_f1:  0.9027 0.9014 0.9021
- val_non_f1:  0.3338 0.3338 0.3338

13056/13056 [==============================] - 117s - loss: 0.8246 - val_loss: 1.4266
Epoch 59/1000
12992/13056 [============================>.] - ETA: 0s - loss: 0.7561
- val_loss: 1.3854
- val_all_f1:  0.6001 0.6001 0.6001
- val_exp_f1:  0.9058 0.9044 0.9051
- val_non_f1:  0.3324 0.3324 0.3324

13056/13056 [==============================] - 117s - loss: 0.7563 - val_loss: 1.3854
Epoch 60/1000
12992/13056 [============================>.] - ETA: 0s - loss: 0.7638
- val_loss: 1.4979
- val_all_f1:  0.5852 0.5852 0.5852
- val_exp_f1:  0.8953 0.8953 0.8953
- val_non_f1:  0.3133 0.3124 0.3128

13056/13056 [==============================] - 117s - loss: 0.7639 - val_loss: 1.4979
Epoch 61/1000
12992/13056 [============================>.] - ETA: 0s - loss: 0.7136
- val_loss: 1.4829
- val_all_f1:  0.5916 0.5916 0.5916
- val_exp_f1:  0.8921 0.8907 0.8914
- val_non_f1:  0.3284 0.3284 0.3284

13056/13056 [==============================] - 117s - loss: 0.7134 - val_loss: 1.4829
Epoch 62/1000
12992/13056 [============================>.] - ETA: 0s - loss: 0.7253
- val_loss: 1.5014
- val_all_f1:  0.5717 0.5717 0.5717
- val_exp_f1:  0.8936 0.8923 0.8929
- val_non_f1:  0.2905 0.2897 0.2901

13056/13056 [==============================] - 117s - loss: 0.7255 - val_loss: 1.5014
Epoch 63/1000
12992/13056 [============================>.] - ETA: 0s - loss: 0.7155
- val_loss: 1.4821
- val_all_f1:  0.5866 0.5866 0.5866
- val_exp_f1:  0.9073 0.9059 0.9066
- val_non_f1:  0.3057 0.3057 0.3057

13056/13056 [==============================] - 117s - loss: 0.7139 - val_loss: 1.4821
Epoch 64/1000
12992/13056 [============================>.] - ETA: 0s - loss: 0.7472
- val_loss: 1.4755
- val_all_f1:  0.5895 0.5895 0.5895
- val_exp_f1:  0.8845 0.8832 0.8838
- val_non_f1:  0.3316 0.3311 0.3313

13056/13056 [==============================] - 117s - loss: 0.7477 - val_loss: 1.4755
Epoch 65/1000
12992/13056 [============================>.] - ETA: 0s - loss: 0.7155
- val_loss: 1.5165
- val_all_f1:  0.5895 0.5895 0.5895
- val_exp_f1:  0.8951 0.8938 0.8945
- val_non_f1:  0.3218 0.3218 0.3218

13056/13056 [==============================] - 117s - loss: 0.7147 - val_loss: 1.5165
Epoch 66/1000
12992/13056 [============================>.] - ETA: 0s - loss: 0.7454
- val_loss: 1.4890
- val_all_f1:  0.5803 0.5803 0.5803
- val_exp_f1:  0.8860 0.8847 0.8853
- val_non_f1:  0.3133 0.3124 0.3128

13056/13056 [==============================] - 117s - loss: 0.7461 - val_loss: 1.4890
Epoch 67/1000
12992/13056 [============================>.] - ETA: 0s - loss: 0.7288
- val_loss: 1.4486
- val_all_f1:  0.5909 0.5909 0.5909
- val_exp_f1:  0.9027 0.9014 0.9021
- val_non_f1:  0.3178 0.3178 0.3178

13056/13056 [==============================] - 117s - loss: 0.7292 - val_loss: 1.4486
Epoch 68/1000
12992/13056 [============================>.] - ETA: 0s - loss: 0.7305
- val_loss: 1.4507
- val_all_f1:  0.5888 0.5888 0.5888
- val_exp_f1:  0.8967 0.8953 0.8960
- val_non_f1:  0.3191 0.3191 0.3191

13056/13056 [==============================] - 117s - loss: 0.7305 - val_loss: 1.4507
Epoch 69/1000
12992/13056 [============================>.] - ETA: 0s - loss: 0.7497
- val_loss: 1.4711
- val_all_f1:  0.5781 0.5781 0.5781
- val_exp_f1:  0.8967 0.8953 0.8960
- val_non_f1:  0.2991 0.2991 0.2991

13056/13056 [==============================] - 117s - loss: 0.7506 - val_loss: 1.4711
Epoch 70/1000
12992/13056 [============================>.] - ETA: 0s - loss: 0.7439
- val_loss: 1.4577
- val_all_f1:  0.6001 0.6001 0.6001
- val_exp_f1:  0.8995 0.8968 0.8982
- val_non_f1:  0.3391 0.3391 0.3391

13056/13056 [==============================] - 117s - loss: 0.7432 - val_loss: 1.4577
Epoch 71/1000
12992/13056 [============================>.] - ETA: 0s - loss: 0.6814
- val_loss: 1.4854
- val_all_f1:  0.5881 0.5881 0.5881
- val_exp_f1:  0.9119 0.9105 0.9112
- val_non_f1:  0.3044 0.3044 0.3044

13056/13056 [==============================] - 117s - loss: 0.6809 - val_loss: 1.4854
Epoch 72/1000
12992/13056 [============================>.] - ETA: 0s - loss: 0.6769
- val_loss: 1.5816
- val_all_f1:  0.5661 0.5661 0.5661
- val_exp_f1:  0.8754 0.8741 0.8747
- val_non_f1:  0.2959 0.2951 0.2955

13056/13056 [==============================] - 117s - loss: 0.6770 - val_loss: 1.5816
Epoch 73/1000
12992/13056 [============================>.] - ETA: 0s - loss: 0.7030
- val_loss: 1.4705
- val_all_f1:  0.5959 0.5959 0.5959
- val_exp_f1:  0.8980 0.8953 0.8967
- val_non_f1:  0.3324 0.3324 0.3324

13056/13056 [==============================] - 117s - loss: 0.7042 - val_loss: 1.4705
Epoch 74/1000
12992/13056 [============================>.] - ETA: 0s - loss: 0.6990
- val_loss: 1.4362
- val_all_f1:  0.5959 0.5959 0.5959
- val_exp_f1:  0.8980 0.8953 0.8967
- val_non_f1:  0.3324 0.3324 0.3324

13056/13056 [==============================] - 117s - loss: 0.6983 - val_loss: 1.4362
Epoch 75/1000
12992/13056 [============================>.] - ETA: 0s - loss: 0.6863
- val_loss: 1.5103
- val_all_f1:  0.5717 0.5717 0.5717
- val_exp_f1:  0.8602 0.8589 0.8595
- val_non_f1:  0.3191 0.3191 0.3191

13056/13056 [==============================] - 117s - loss: 0.6867 - val_loss: 1.5103
Epoch 76/1000
12992/13056 [============================>.] - ETA: 0s - loss: 0.7215
- val_loss: 1.4653
- val_all_f1:  0.6044 0.6044 0.6044
- val_exp_f1:  0.8995 0.8968 0.8982
- val_non_f1:  0.3471 0.3471 0.3471

13056/13056 [==============================] - 117s - loss: 0.7226 - val_loss: 1.4653
Epoch 77/1000
12992/13056 [============================>.] - ETA: 0s - loss: 0.7033
- val_loss: 1.4275
- val_all_f1:  0.5966 0.5966 0.5966
- val_exp_f1:  0.9058 0.9044 0.9051
- val_non_f1:  0.3258 0.3258 0.3258

13056/13056 [==============================] - 117s - loss: 0.7027 - val_loss: 1.4275
Epoch 78/1000
12992/13056 [============================>.] - ETA: 0s - loss: 0.7168
- val_loss: 1.4477
- val_all_f1:  0.6087 0.6087 0.6087
- val_exp_f1:  0.9011 0.8983 0.8997
- val_non_f1:  0.3538 0.3538 0.3538

13056/13056 [==============================] - 117s - loss: 0.7160 - val_loss: 1.4477
Epoch 79/1000
12992/13056 [============================>.] - ETA: 0s - loss: 0.7069
- val_loss: 1.4815
- val_all_f1:  0.5852 0.5852 0.5852
- val_exp_f1:  0.8997 0.8983 0.8990
- val_non_f1:  0.3097 0.3097 0.3097

13056/13056 [==============================] - 117s - loss: 0.7065 - val_loss: 1.4815
Epoch 80/1000
12992/13056 [============================>.] - ETA: 0s - loss: 0.7003
- val_loss: 1.4954
- val_all_f1:  0.5888 0.5888 0.5888
- val_exp_f1:  0.8860 0.8847 0.8853
- val_non_f1:  0.3284 0.3284 0.3284

13056/13056 [==============================] - 117s - loss: 0.7001 - val_loss: 1.4954
Epoch 81/1000
12992/13056 [============================>.] - ETA: 0s - loss: 0.6294
- val_loss: 1.4930
- val_all_f1:  0.5909 0.5909 0.5909
- val_exp_f1:  0.9012 0.8998 0.9005
- val_non_f1:  0.3191 0.3191 0.3191

13056/13056 [==============================] - 117s - loss: 0.6302 - val_loss: 1.4930
Epoch 82/1000
12992/13056 [============================>.] - ETA: 0s - loss: 0.6687
- val_loss: 1.5177
- val_all_f1:  0.5866 0.5866 0.5866
- val_exp_f1:  0.8845 0.8832 0.8838
- val_non_f1:  0.3262 0.3258 0.3260

13056/13056 [==============================] - 117s - loss: 0.6677 - val_loss: 1.5177
Epoch 83/1000
12992/13056 [============================>.] - ETA: 0s - loss: 0.6813
- val_loss: 1.4835
- val_all_f1:  0.5852 0.5852 0.5852
- val_exp_f1:  0.8921 0.8907 0.8914
- val_non_f1:  0.3168 0.3164 0.3166

13056/13056 [==============================] - 117s - loss: 0.6802 - val_loss: 1.4835
Epoch 84/1000
12992/13056 [============================>.] - ETA: 0s - loss: 0.6695
- val_loss: 1.6087
- val_all_f1:  0.5696 0.5696 0.5696
- val_exp_f1:  0.8602 0.8589 0.8595
- val_non_f1:  0.3151 0.3151 0.3151

13056/13056 [==============================] - 117s - loss: 0.6694 - val_loss: 1.6087
Epoch 85/1000
12992/13056 [============================>.] - ETA: 0s - loss: 0.6691
- val_loss: 1.5218
- val_all_f1:  0.5810 0.5810 0.5810
- val_exp_f1:  0.8830 0.8816 0.8823
- val_non_f1:  0.3164 0.3164 0.3164

13056/13056 [==============================] - 117s - loss: 0.6684 - val_loss: 1.5218
Epoch 86/1000
12992/13056 [============================>.] - ETA: 0s - loss: 0.6761
- val_loss: 1.4750
- val_all_f1:  0.5973 0.5973 0.5973
- val_exp_f1:  0.8906 0.8892 0.8899
- val_non_f1:  0.3405 0.3405 0.3405

13056/13056 [==============================] - 117s - loss: 0.6770 - val_loss: 1.4750
Epoch 87/1000
12992/13056 [============================>.] - ETA: 0s - loss: 0.6744
- val_loss: 1.5043
- val_all_f1:  0.5795 0.5795 0.5795
- val_exp_f1:  0.8936 0.8923 0.8929
- val_non_f1:  0.3044 0.3044 0.3044

13056/13056 [==============================] - 117s - loss: 0.6758 - val_loss: 1.5043
Epoch 88/1000
12992/13056 [============================>.] - ETA: 0s - loss: 0.6634
- val_loss: 1.5891
- val_all_f1:  0.5533 0.5533 0.5533
- val_exp_f1:  0.8404 0.8392 0.8398
- val_non_f1:  0.3017 0.3017 0.3017

13056/13056 [==============================] - 117s - loss: 0.6646 - val_loss: 1.5891
Epoch 89/1000
12992/13056 [============================>.] - ETA: 0s - loss: 0.6957
- val_loss: 1.4571
- val_all_f1:  0.5888 0.5888 0.5888
- val_exp_f1:  0.8693 0.8680 0.8686
- val_non_f1:  0.3436 0.3431 0.3434

13056/13056 [==============================] - 117s - loss: 0.6963 - val_loss: 1.4571
Epoch 90/1000
12992/13056 [============================>.] - ETA: 0s - loss: 0.6730
- val_loss: 1.4891
- val_all_f1:  0.5888 0.5888 0.5888
- val_exp_f1:  0.8997 0.8983 0.8990
- val_non_f1:  0.3173 0.3164 0.3168

13056/13056 [==============================] - 117s - loss: 0.6724 - val_loss: 1.4891
Epoch 91/1000
12992/13056 [============================>.] - ETA: 0s - loss: 0.6338
- val_loss: 1.5644
- val_all_f1:  0.5909 0.5909 0.5909
- val_exp_f1:  0.8906 0.8892 0.8899
- val_non_f1:  0.3284 0.3284 0.3284

13056/13056 [==============================] - 117s - loss: 0.6336 - val_loss: 1.5644
Epoch 92/1000
12992/13056 [============================>.] - ETA: 0s - loss: 0.6390
- val_loss: 1.5522
- val_all_f1:  0.5831 0.5831 0.5831
- val_exp_f1:  0.8830 0.8816 0.8823
- val_non_f1:  0.3204 0.3204 0.3204

13056/13056 [==============================] - 125s - loss: 0.6388 - val_loss: 1.5522
Epoch 93/1000
12992/13056 [============================>.] - ETA: 0s - loss: 0.6278
- val_loss: 1.5073
- val_all_f1:  0.5916 0.5916 0.5916
- val_exp_f1:  0.8860 0.8847 0.8853
- val_non_f1:  0.3338 0.3338 0.3338

13056/13056 [==============================] - 119s - loss: 0.6296 - val_loss: 1.5073
Epoch 94/1000
12992/13056 [============================>.] - ETA: 0s - loss: 0.6602
- val_loss: 1.5078
- val_all_f1:  0.5881 0.5881 0.5881
- val_exp_f1:  0.8739 0.8725 0.8732
- val_non_f1:  0.3378 0.3378 0.3378

13056/13056 [==============================] - 118s - loss: 0.6605 - val_loss: 1.5078
Epoch 95/1000
12992/13056 [============================>.] - ETA: 0s - loss: 0.6411
- val_loss: 1.5351
- val_all_f1:  0.5959 0.5959 0.5959
- val_exp_f1:  0.8799 0.8786 0.8793
- val_non_f1:  0.3471 0.3471 0.3471

13056/13056 [==============================] - 118s - loss: 0.6413 - val_loss: 1.5351
Epoch 96/1000
12992/13056 [============================>.] - ETA: 0s - loss: 0.6381
- val_loss: 1.5253
- val_all_f1:  0.5803 0.5803 0.5803
- val_exp_f1:  0.8784 0.8771 0.8778
- val_non_f1:  0.3199 0.3191 0.3195

13056/13056 [==============================] - 118s - loss: 0.6389 - val_loss: 1.5253
Epoch 97/1000
12992/13056 [============================>.] - ETA: 0s - loss: 0.6771
- val_loss: 1.6356
- val_all_f1:  0.5739 0.5739 0.5739
- val_exp_f1:  0.8799 0.8786 0.8793
- val_non_f1:  0.3057 0.3057 0.3057

13056/13056 [==============================] - 118s - loss: 0.6762 - val_loss: 1.6356
Epoch 98/1000
12992/13056 [============================>.] - ETA: 0s - loss: 0.6542
- val_loss: 1.5215
- val_all_f1:  0.5909 0.5909 0.5909
- val_exp_f1:  0.8951 0.8938 0.8945
- val_non_f1:  0.3244 0.3244 0.3244

13056/13056 [==============================] - 118s - loss: 0.6545 - val_loss: 1.5215
Epoch 99/1000
12992/13056 [============================>.] - ETA: 0s - loss: 0.6835
- val_loss: 1.4779
- val_all_f1:  0.6051 0.6051 0.6051
- val_exp_f1:  0.8982 0.8968 0.8975
- val_non_f1:  0.3485 0.3485 0.3485

13056/13056 [==============================] - 118s - loss: 0.6835 - val_loss: 1.4779
Epoch 100/1000
12992/13056 [============================>.] - ETA: 0s - loss: 0.6432
- val_loss: 1.5553
- val_all_f1:  0.5859 0.5859 0.5859
- val_exp_f1:  0.8951 0.8938 0.8945
- val_non_f1:  0.3151 0.3151 0.3151

13056/13056 [==============================] - 118s - loss: 0.6442 - val_loss: 1.5553
Epoch 101/1000
12992/13056 [============================>.] - ETA: 0s - loss: 0.6352
- val_loss: 1.6018
- val_all_f1:  0.5675 0.5675 0.5675
- val_exp_f1:  0.8723 0.8710 0.8717
- val_non_f1:  0.3004 0.3004 0.3004

13056/13056 [==============================] - 118s - loss: 0.6352 - val_loss: 1.6018
Epoch 102/1000
12992/13056 [============================>.] - ETA: 0s - loss: 0.6523
- val_loss: 1.5499
- val_all_f1:  0.5653 0.5653 0.5653
- val_exp_f1:  0.8936 0.8923 0.8929
- val_non_f1:  0.2781 0.2777 0.2779

13056/13056 [==============================] - 118s - loss: 0.6529 - val_loss: 1.5499
Epoch 103/1000
12992/13056 [============================>.] - ETA: 0s - loss: 0.6098
- val_loss: 1.5710
- val_all_f1:  0.5724 0.5724 0.5724
- val_exp_f1:  0.8708 0.8695 0.8702
- val_non_f1:  0.3119 0.3111 0.3115

13056/13056 [==============================] - 118s - loss: 0.6099 - val_loss: 1.5710
Epoch 104/1000
12992/13056 [============================>.] - ETA: 0s - loss: 0.6261
- val_loss: 1.5151
- val_all_f1:  0.5938 0.5938 0.5938
- val_exp_f1:  0.9088 0.9074 0.9081
- val_non_f1:  0.3182 0.3178 0.3180

13056/13056 [==============================] - 118s - loss: 0.6266 - val_loss: 1.5151
Epoch 105/1000
12992/13056 [============================>.] - ETA: 0s - loss: 0.6229
- val_loss: 1.5532
- val_all_f1:  0.5746 0.5746 0.5746
- val_exp_f1:  0.8739 0.8725 0.8732
- val_non_f1:  0.3124 0.3124 0.3124

13056/13056 [==============================] - 118s - loss: 0.6236 - val_loss: 1.5532
Epoch 106/1000
12992/13056 [============================>.] - ETA: 0s - loss: 0.6169
- val_loss: 1.5556
- val_all_f1:  0.5689 0.5689 0.5689
- val_exp_f1:  0.8739 0.8725 0.8732
- val_non_f1:  0.3021 0.3017 0.3019

13056/13056 [==============================] - 118s - loss: 0.6181 - val_loss: 1.5556
Epoch 107/1000
12992/13056 [============================>.] - ETA: 0s - loss: 0.6323
- val_loss: 1.4976
- val_all_f1:  0.5916 0.5916 0.5916
- val_exp_f1:  0.8906 0.8892 0.8899
- val_non_f1:  0.3298 0.3298 0.3298

13056/13056 [==============================] - 118s - loss: 0.6308 - val_loss: 1.4976
Epoch 108/1000
12992/13056 [============================>.] - ETA: 0s - loss: 0.6271
- val_loss: 1.5016
- val_all_f1:  0.5916 0.5916 0.5916
- val_exp_f1:  0.8860 0.8847 0.8853
- val_non_f1:  0.3338 0.3338 0.3338

13056/13056 [==============================] - 117s - loss: 0.6258 - val_loss: 1.5016
Epoch 109/1000
12992/13056 [============================>.] - ETA: 0s - loss: 0.6510
- val_loss: 1.4774
- val_all_f1:  0.5760 0.5760 0.5760
- val_exp_f1:  0.8967 0.8953 0.8960
- val_non_f1:  0.2951 0.2951 0.2951

13056/13056 [==============================] - 117s - loss: 0.6504 - val_loss: 1.4774
Epoch 110/1000
12992/13056 [============================>.] - ETA: 0s - loss: 0.6084
- val_loss: 1.5756
- val_all_f1:  0.5668 0.5668 0.5668
- val_exp_f1:  0.8875 0.8862 0.8869
- val_non_f1:  0.2876 0.2857 0.2867

13056/13056 [==============================] - 117s - loss: 0.6077 - val_loss: 1.5756
Epoch 111/1000
12992/13056 [============================>.] - ETA: 0s - loss: 0.6072
- val_loss: 1.5846
- val_all_f1:  0.5710 0.5710 0.5710
- val_exp_f1:  0.8541 0.8528 0.8535
- val_non_f1:  0.3231 0.3231 0.3231

13056/13056 [==============================] - 118s - loss: 0.6064 - val_loss: 1.5846
Epoch 112/1000
12992/13056 [============================>.] - ETA: 0s - loss: 0.5769
- val_loss: 1.5808
- val_all_f1:  0.5668 0.5668 0.5668
- val_exp_f1:  0.8769 0.8756 0.8762
- val_non_f1:  0.2951 0.2951 0.2951

13056/13056 [==============================] - 118s - loss: 0.5765 - val_loss: 1.5808
Epoch 113/1000
12992/13056 [============================>.] - ETA: 0s - loss: 0.5967
- val_loss: 1.6229
- val_all_f1:  0.5661 0.5661 0.5661
- val_exp_f1:  0.8815 0.8801 0.8808
- val_non_f1:  0.2901 0.2897 0.2899

13056/13056 [==============================] - 117s - loss: 0.5958 - val_loss: 1.6229
Epoch 114/1000
12992/13056 [============================>.] - ETA: 0s - loss: 0.5882
- val_loss: 1.5954
- val_all_f1:  0.5632 0.5632 0.5632
- val_exp_f1:  0.8799 0.8786 0.8793
- val_non_f1:  0.2865 0.2857 0.2861

13056/13056 [==============================] - 117s - loss: 0.5865 - val_loss: 1.5954
Epoch 115/1000
12992/13056 [============================>.] - ETA: 0s - loss: 0.5985
- val_loss: 1.6057
- val_all_f1:  0.5696 0.5696 0.5696
- val_exp_f1:  0.8693 0.8680 0.8686
- val_non_f1:  0.3071 0.3071 0.3071

13056/13056 [==============================] - 117s - loss: 0.5973 - val_loss: 1.6057
Epoch 116/1000
12992/13056 [============================>.] - ETA: 0s - loss: 0.6012
- val_loss: 1.5559
- val_all_f1:  0.5724 0.5724 0.5724
- val_exp_f1:  0.8556 0.8543 0.8550
- val_non_f1:  0.3244 0.3244 0.3244

13056/13056 [==============================] - 117s - loss: 0.6029 - val_loss: 1.5559
Epoch 117/1000
12992/13056 [============================>.] - ETA: 0s - loss: 0.5957
- val_loss: 1.5889
- val_all_f1:  0.5717 0.5717 0.5717
- val_exp_f1:  0.8663 0.8649 0.8656
- val_non_f1:  0.3138 0.3138 0.3138

13056/13056 [==============================] - 117s - loss: 0.5952 - val_loss: 1.5889
Epoch 118/1000
12992/13056 [============================>.] - ETA: 0s - loss: 0.6269
- val_loss: 1.5881
- val_all_f1:  0.5703 0.5703 0.5703
- val_exp_f1:  0.8830 0.8816 0.8823
- val_non_f1:  0.2964 0.2964 0.2964

13056/13056 [==============================] - 117s - loss: 0.6281 - val_loss: 1.5881
Epoch 119/1000
12992/13056 [============================>.] - ETA: 0s - loss: 0.6067
- val_loss: 1.5180
- val_all_f1:  0.5803 0.5803 0.5803
- val_exp_f1:  0.8967 0.8953 0.8960
- val_non_f1:  0.3031 0.3031 0.3031

13056/13056 [==============================] - 117s - loss: 0.6086 - val_loss: 1.5180
Epoch 120/1000
12992/13056 [============================>.] - ETA: 0s - loss: 0.6149
- val_loss: 1.6546
- val_all_f1:  0.5781 0.5781 0.5781
- val_exp_f1:  0.8982 0.8968 0.8975
- val_non_f1:  0.2977 0.2977 0.2977

13056/13056 [==============================] - 117s - loss: 0.6134 - val_loss: 1.6546
Epoch 121/1000
12992/13056 [============================>.] - ETA: 0s - loss: 0.5592
- val_loss: 1.5699
- val_all_f1:  0.5774 0.5774 0.5774
- val_exp_f1:  0.8921 0.8907 0.8914
- val_non_f1:  0.3017 0.3017 0.3017

13056/13056 [==============================] - 117s - loss: 0.5596 - val_loss: 1.5699
Epoch 122/1000
12992/13056 [============================>.] - ETA: 0s - loss: 0.5689
- val_loss: 1.6288
- val_all_f1:  0.5753 0.5753 0.5753
- val_exp_f1:  0.8647 0.8634 0.8641
- val_non_f1:  0.3218 0.3218 0.3218

13056/13056 [==============================] - 117s - loss: 0.5677 - val_loss: 1.6288
Epoch 123/1000
12992/13056 [============================>.] - ETA: 0s - loss: 0.5637
- val_loss: 1.6726
- val_all_f1:  0.5838 0.5838 0.5838
- val_exp_f1:  0.8769 0.8756 0.8762
- val_non_f1:  0.3271 0.3271 0.3271

13056/13056 [==============================] - 117s - loss: 0.5628 - val_loss: 1.6726
Epoch 124/1000
12992/13056 [============================>.] - ETA: 0s - loss: 0.5711
- val_loss: 1.6461
- val_all_f1:  0.5817 0.5817 0.5817
- val_exp_f1:  0.8875 0.8862 0.8869
- val_non_f1:  0.3142 0.3138 0.3140

13056/13056 [==============================] - 117s - loss: 0.5710 - val_loss: 1.6461
Epoch 125/1000
12992/13056 [============================>.] - ETA: 0s - loss: 0.5682
- val_loss: 1.5789
- val_all_f1:  0.5881 0.5881 0.5881
- val_exp_f1:  0.8799 0.8786 0.8793
- val_non_f1:  0.3324 0.3324 0.3324

13056/13056 [==============================] - 117s - loss: 0.5672 - val_loss: 1.5789
Epoch 126/1000
12992/13056 [============================>.] - ETA: 0s - loss: 0.5865
- val_loss: 1.5579
- val_all_f1:  0.5803 0.5803 0.5803
- val_exp_f1:  0.8891 0.8877 0.8884
- val_non_f1:  0.3122 0.3097 0.3110

13056/13056 [==============================] - 117s - loss: 0.5865 - val_loss: 1.5579
Epoch 127/1000
12992/13056 [============================>.] - ETA: 0s - loss: 0.5956
- val_loss: 1.6507
- val_all_f1:  0.5636 0.5632 0.5634
- val_exp_f1:  0.8661 0.8634 0.8647
- val_non_f1:  0.3003 0.2991 0.2997

13056/13056 [==============================] - 117s - loss: 0.5952 - val_loss: 1.6507
Epoch 128/1000
12992/13056 [============================>.] - ETA: 0s - loss: 0.6108
- val_loss: 1.5712
- val_all_f1:  0.5778 0.5774 0.5776
- val_exp_f1:  0.8828 0.8801 0.8815
- val_non_f1:  0.3119 0.3111 0.3115

13056/13056 [==============================] - 117s - loss: 0.6111 - val_loss: 1.5712
Epoch 129/1000
12992/13056 [============================>.] - ETA: 0s - loss: 0.5824
- val_loss: 1.5646
- val_all_f1:  0.5938 0.5938 0.5938
- val_exp_f1:  0.9012 0.8998 0.9005
- val_non_f1:  0.3244 0.3244 0.3244

13056/13056 [==============================] - 117s - loss: 0.5815 - val_loss: 1.5646
Epoch 130/1000
12992/13056 [============================>.] - ETA: 0s - loss: 0.5585
- val_loss: 1.7118
- val_all_f1:  0.5682 0.5682 0.5682
- val_exp_f1:  0.8860 0.8847 0.8853
- val_non_f1:  0.2897 0.2897 0.2897

13056/13056 [==============================] - 117s - loss: 0.5583 - val_loss: 1.7118
Epoch 131/1000
12992/13056 [============================>.] - ETA: 0s - loss: 0.5539
- val_loss: 1.6738
- val_all_f1:  0.5795 0.5795 0.5795
- val_exp_f1:  0.8784 0.8771 0.8778
- val_non_f1:  0.3178 0.3178 0.3178

13056/13056 [==============================] - 117s - loss: 0.5532 - val_loss: 1.6738
Epoch 132/1000
12992/13056 [============================>.] - ETA: 0s - loss: 0.5337
- val_loss: 1.6580
- val_all_f1:  0.5760 0.5760 0.5760
- val_exp_f1:  0.8951 0.8938 0.8945
- val_non_f1:  0.2968 0.2964 0.2966

13056/13056 [==============================] - 117s - loss: 0.5356 - val_loss: 1.6580
Epoch 133/1000
12992/13056 [============================>.] - ETA: 0s - loss: 0.5316
- val_loss: 1.6023
- val_all_f1:  0.5814 0.5810 0.5812
- val_exp_f1:  0.8858 0.8832 0.8845
- val_non_f1:  0.3159 0.3151 0.3155

13056/13056 [==============================] - 118s - loss: 0.5317 - val_loss: 1.6023
Epoch 134/1000
12992/13056 [============================>.] - ETA: 0s - loss: 0.5665
- val_loss: 1.7031
- val_all_f1:  0.5646 0.5646 0.5646
- val_exp_f1:  0.8556 0.8543 0.8550
- val_non_f1:  0.3102 0.3097 0.3100

13056/13056 [==============================] - 117s - loss: 0.5653 - val_loss: 1.7031
Epoch 135/1000
12992/13056 [============================>.] - ETA: 0s - loss: 0.5561
- val_loss: 1.6720
- val_all_f1:  0.5845 0.5845 0.5845
- val_exp_f1:  0.8723 0.8710 0.8717
- val_non_f1:  0.3324 0.3324 0.3324

13056/13056 [==============================] - 117s - loss: 0.5555 - val_loss: 1.6720
Epoch 136/1000
12992/13056 [============================>.] - ETA: 0s - loss: 0.5646
- val_loss: 1.6413
- val_all_f1:  0.5746 0.5746 0.5746
- val_exp_f1:  0.8769 0.8756 0.8762
- val_non_f1:  0.3097 0.3097 0.3097

13056/13056 [==============================] - 117s - loss: 0.5647 - val_loss: 1.6413
Epoch 137/1000
12992/13056 [============================>.] - ETA: 0s - loss: 0.5629
- val_loss: 1.6261
- val_all_f1:  0.5824 0.5824 0.5824
- val_exp_f1:  0.8678 0.8665 0.8671
- val_non_f1:  0.3329 0.3324 0.3327

13056/13056 [==============================] - 117s - loss: 0.5635 - val_loss: 1.6261
Epoch 138/1000
12992/13056 [============================>.] - ETA: 0s - loss: 0.5617
- val_loss: 1.6249
- val_all_f1:  0.5859 0.5859 0.5859
- val_exp_f1:  0.8799 0.8786 0.8793
- val_non_f1:  0.3293 0.3284 0.3289

13056/13056 [==============================] - 117s - loss: 0.5620 - val_loss: 1.6249
Epoch 139/1000
12992/13056 [============================>.] - ETA: 0s - loss: 0.5627
- val_loss: 1.6412
- val_all_f1:  0.5653 0.5653 0.5653
- val_exp_f1:  0.8571 0.8558 0.8565
- val_non_f1:  0.3097 0.3097 0.3097

13056/13056 [==============================] - 117s - loss: 0.5628 - val_loss: 1.6412
[2019-03-08 18:26] training finished (ex/conll16st-v35-en-al-50-0)
[2019-03-08 18:26] best_val_loss: 58 - loss: 0.7563 - val_loss: 1.3854 - val_all_f1: 0.6001 - val_exp_f1: 0.9051 - val_non_f1: 0.3324
[2019-03-08 18:26] best_val_all_f1: 37 - loss: 0.8236 - val_loss: 1.3913 - val_all_f1: 0.6172 - val_exp_f1: 0.9066 - val_non_f1: 0.3632
[2019-03-08 18:26] time: loaded: 171.6042 - prepared: 937.0932 - trained: 16443.8520 - epoch: 1183.0109 - epoch_cnt: 13.9000 - epoch_samples: 130560.0000
