[2017-07-23 05:25] configuration (ex/conll16st-v35b1-en-fd-8-rn-8-4)
[2017-07-23 05:25]   config 'arg1_len': 100
[2017-07-23 05:25]   config 'arg2_len': 100
[2017-07-23 05:25]   config 'backend': theano
[2017-07-23 05:25]   config 'backend_theano': device=gpu,floatX=float32,nvcc.fastmath=True,lib.cnmem=1
[2017-07-23 05:25]   config 'batch_size': 64
[2017-07-23 05:25]   config 'conn_len': 10
[2017-07-23 05:25]   config 'continue_': False
[2017-07-23 05:25]   config 'curriculum_end': 0.0
[2017-07-23 05:25]   config 'epochs': 1000
[2017-07-23 05:25]   config 'epochs_patience': 100
[2017-07-23 05:25]   config 'epochs_ratio': 0.1
[2017-07-23 05:25]   config 'filter_act': sigmoid
[2017-07-23 05:25]   config 'filter_append_act': linear
[2017-07-23 05:25]   config 'filter_append_batchnorm': False
[2017-07-23 05:25]   config 'filter_append_dim': 0
[2017-07-23 05:25]   config 'filter_append_dropout': 0.0
[2017-07-23 05:25]   config 'filter_apply': mul
[2017-07-23 05:25]   config 'filter_dim': 8
[2017-07-23 05:25]   config 'filter_dropout_U': 0.0
[2017-07-23 05:25]   config 'filter_dropout_W': 0.0
[2017-07-23 05:25]   config 'filter_fn_name': None
[2017-07-23 05:25]   config 'filter_shared': global
[2017-07-23 05:25]   config 'filter_type': lstm-fb
[2017-07-23 05:25]   config 'filter_zoneout_c': 0.0
[2017-07-23 05:25]   config 'filter_zoneout_h': 0.0
[2017-07-23 05:25]   config 'final_act': SReLU
[2017-07-23 05:25]   config 'final_dim': 80
[2017-07-23 05:25]   config 'final_dropout': 0.3
[2017-07-23 05:25]   config 'lang': en
[2017-07-23 05:25]   config 'masking': True
[2017-07-23 05:25]   config 'mode': word
[2017-07-23 05:25]   config 'model_dir': ex/conll16st-v35b1-en-fd-8-rn-8-4
[2017-07-23 05:25]   config 'optimizer': adam
[2017-07-23 05:25]   config 'original_positives': 0
[2017-07-23 05:25]   config 'punc_len': 0
[2017-07-23 05:25]   config 'random_negatives': 2
[2017-07-23 05:25]   config 'random_positives': 2
[2017-07-23 05:25]   config 'random_proba_1': 0.1
[2017-07-23 05:25]   config 'random_proba_2': 0.1
[2017-07-23 05:25]   config 'random_proba_3': 0.9
[2017-07-23 05:25]   config 'rnn_act': tanh
[2017-07-23 05:25]   config 'rnn_dim': 20
[2017-07-23 05:25]   config 'rnn_dropout_U': 0.0
[2017-07-23 05:25]   config 'rnn_dropout_W': 0.0
[2017-07-23 05:25]   config 'rnn_dropout_merge': 0.3
[2017-07-23 05:25]   config 'rnn_merge': concat
[2017-07-23 05:25]   config 'rnn_num': 8
[2017-07-23 05:25]   config 'rnn_shared': aspect
[2017-07-23 05:25]   config 'rnn_type': lstm-fwd
[2017-07-23 05:25]   config 'rnn_zoneout_c': 0.0
[2017-07-23 05:25]   config 'rnn_zoneout_h': 0.0
[2017-07-23 05:25]   config 'snapshot_size': 2048
[2017-07-23 05:25]   config 'train_dir': data/conll16st-en-03-29-16-train
[2017-07-23 05:25]   config 'valid_dir': data/conll16st-en-03-29-16-dev
[2017-07-23 05:25]   config 'words2vec_bin': None
[2017-07-23 05:25]   config 'words2vec_txt': None
[2017-07-23 05:25]   config 'words_dim': 20
[2017-07-23 05:25]   config 'words_dropout': 0.3
[2017-07-23 05:25]   config 'words_shared': global
[2017-07-23 05:25]   config 'words_trainable': True
[2017-07-23 05:25] load dataset for training (data/conll16st-en-03-29-16-train)
[2017-07-23 05:28]   lang: en, doc_ids: 1756, words: 933049, rel_ids: 32535, relation tokens: 1159204
[2017-07-23 05:28] load dataset for validation (data/conll16st-en-03-29-16-dev)
[2017-07-23 05:28]   lang: en, doc_ids: 79, words: 39712, rel_ids: 1436, relation tokens: 48882
[2017-07-23 05:28] build indexes from training
[2017-07-23 05:28]   words2id: 43918, target2id: 23
[2017-07-23 05:28] target class distribution from training
[2017-07-23 05:28]   class 0 = 'None': None
[2017-07-23 05:28]   class 1 = '': None
[2017-07-23 05:28]   class 2 = 'Expansion.Conjunction': 7817
[2017-07-23 05:28]   class 3 = 'Comparison.Contrast': 4714
[2017-07-23 05:28]   class 4 = 'EntRel': 4133
[2017-07-23 05:28]   class 5 = 'Contingency.Cause.Reason': 3344
[2017-07-23 05:28]   class 6 = 'Expansion.Restatement': 2699
[2017-07-23 05:28]   class 7 = 'Contingency.Cause.Result': 2137
[2017-07-23 05:28]   class 8 = 'Temporal.Synchrony': 1499
[2017-07-23 05:28]   class 9 = 'Expansion.Instantiation': 1403
[2017-07-23 05:28]   class 10 = 'Comparison.Concession': 1293
[2017-07-23 05:28]   class 11 = 'Temporal.Asynchronous.Precedence': 1277
[2017-07-23 05:28]   class 12 = 'Contingency.Condition': 1197
[2017-07-23 05:28]   class 13 = 'Temporal.Asynchronous.Succession': 1014
[2017-07-23 05:28]   class 14 = 'Comparison': 992
[2017-07-23 05:28]   class 15 = 'Expansion': 630
[2017-07-23 05:28]   class 16 = 'Expansion.Alternative.Chosen alternative': 241
[2017-07-23 05:28]   class 17 = 'Expansion.Alternative': 210
[2017-07-23 05:28]   class 18 = 'Temporal': 27
[2017-07-23 05:28]   class 19 = 'Contingency': 24
[2017-07-23 05:28]   class 20 = 'Expansion.Exception': 15
[2017-07-23 05:28]   class 21 = 'Temporal.Asynchronous': 6
[2017-07-23 05:28]   class 22 = 'Contingency.Cause': 2
[2017-07-23 05:28] build model
____________________________________________________________________________________________________
Layer (type)                     Output Shape          Param #     Connected to                     
====================================================================================================
arg1_ids (InputLayer)            (None, 100)           0                                            
____________________________________________________________________________________________________
arg2_ids (InputLayer)            (None, 100)           0                                            
____________________________________________________________________________________________________
conn_ids (InputLayer)            (None, 10)            0                                            
____________________________________________________________________________________________________
embedding_1 (Embedding)          multiple              878360      arg1_ids[0][0]                   
                                                                   arg2_ids[0][0]                   
                                                                   conn_ids[0][0]                   
____________________________________________________________________________________________________
shareablelstm_1 (ShareableLSTM)  multiple              928         embedding_1[0][0]                
                                                                   embedding_1[1][0]                
                                                                   embedding_1[2][0]                
____________________________________________________________________________________________________
shareablelstm_2 (ShareableLSTM)  multiple              928         embedding_1[0][0]                
                                                                   embedding_1[1][0]                
                                                                   embedding_1[2][0]                
____________________________________________________________________________________________________
merge_1 (Merge)                  (None, 100, 8)        0           shareablelstm_1[0][0]            
                                                                   shareablelstm_2[0][0]            
____________________________________________________________________________________________________
merge_11 (Merge)                 (None, 100, 8)        0           shareablelstm_1[1][0]            
                                                                   shareablelstm_2[1][0]            
____________________________________________________________________________________________________
merge_21 (Merge)                 (None, 10, 8)         0           shareablelstm_1[2][0]            
                                                                   shareablelstm_2[2][0]            
____________________________________________________________________________________________________
arg1_filters (Activation)        (None, 100, 8)        0           merge_1[0][0]                    
____________________________________________________________________________________________________
arg2_filters (Activation)        (None, 100, 8)        0           merge_11[0][0]                   
____________________________________________________________________________________________________
conn_filters (Activation)        (None, 10, 8)         0           merge_21[0][0]                   
____________________________________________________________________________________________________
merge_2 (Merge)                  (None, 100, 20)       0           embedding_1[0][0]                
                                                                   arg1_filters[0][0]               
____________________________________________________________________________________________________
merge_3 (Merge)                  (None, 100, 20)       0           embedding_1[0][0]                
                                                                   arg1_filters[0][0]               
____________________________________________________________________________________________________
merge_4 (Merge)                  (None, 100, 20)       0           embedding_1[0][0]                
                                                                   arg1_filters[0][0]               
____________________________________________________________________________________________________
merge_5 (Merge)                  (None, 100, 20)       0           embedding_1[0][0]                
                                                                   arg1_filters[0][0]               
____________________________________________________________________________________________________
merge_6 (Merge)                  (None, 100, 20)       0           embedding_1[0][0]                
                                                                   arg1_filters[0][0]               
____________________________________________________________________________________________________
merge_7 (Merge)                  (None, 100, 20)       0           embedding_1[0][0]                
                                                                   arg1_filters[0][0]               
____________________________________________________________________________________________________
merge_8 (Merge)                  (None, 100, 20)       0           embedding_1[0][0]                
                                                                   arg1_filters[0][0]               
____________________________________________________________________________________________________
merge_9 (Merge)                  (None, 100, 20)       0           embedding_1[0][0]                
                                                                   arg1_filters[0][0]               
____________________________________________________________________________________________________
merge_12 (Merge)                 (None, 100, 20)       0           embedding_1[1][0]                
                                                                   arg2_filters[0][0]               
____________________________________________________________________________________________________
merge_13 (Merge)                 (None, 100, 20)       0           embedding_1[1][0]                
                                                                   arg2_filters[0][0]               
____________________________________________________________________________________________________
merge_14 (Merge)                 (None, 100, 20)       0           embedding_1[1][0]                
                                                                   arg2_filters[0][0]               
____________________________________________________________________________________________________
merge_15 (Merge)                 (None, 100, 20)       0           embedding_1[1][0]                
                                                                   arg2_filters[0][0]               
____________________________________________________________________________________________________
merge_16 (Merge)                 (None, 100, 20)       0           embedding_1[1][0]                
                                                                   arg2_filters[0][0]               
____________________________________________________________________________________________________
merge_17 (Merge)                 (None, 100, 20)       0           embedding_1[1][0]                
                                                                   arg2_filters[0][0]               
____________________________________________________________________________________________________
merge_18 (Merge)                 (None, 100, 20)       0           embedding_1[1][0]                
                                                                   arg2_filters[0][0]               
____________________________________________________________________________________________________
merge_19 (Merge)                 (None, 100, 20)       0           embedding_1[1][0]                
                                                                   arg2_filters[0][0]               
____________________________________________________________________________________________________
merge_22 (Merge)                 (None, 10, 20)        0           embedding_1[2][0]                
                                                                   conn_filters[0][0]               
____________________________________________________________________________________________________
merge_23 (Merge)                 (None, 10, 20)        0           embedding_1[2][0]                
                                                                   conn_filters[0][0]               
____________________________________________________________________________________________________
merge_24 (Merge)                 (None, 10, 20)        0           embedding_1[2][0]                
                                                                   conn_filters[0][0]               
____________________________________________________________________________________________________
merge_25 (Merge)                 (None, 10, 20)        0           embedding_1[2][0]                
                                                                   conn_filters[0][0]               
____________________________________________________________________________________________________
merge_26 (Merge)                 (None, 10, 20)        0           embedding_1[2][0]                
                                                                   conn_filters[0][0]               
____________________________________________________________________________________________________
merge_27 (Merge)                 (None, 10, 20)        0           embedding_1[2][0]                
                                                                   conn_filters[0][0]               
____________________________________________________________________________________________________
merge_28 (Merge)                 (None, 10, 20)        0           embedding_1[2][0]                
                                                                   conn_filters[0][0]               
____________________________________________________________________________________________________
merge_29 (Merge)                 (None, 10, 20)        0           embedding_1[2][0]                
                                                                   conn_filters[0][0]               
____________________________________________________________________________________________________
shareablelstm_3 (ShareableLSTM)  (None, 20)            3280        merge_2[0][0]                    
                                                                   merge_12[0][0]                   
                                                                   merge_22[0][0]                   
____________________________________________________________________________________________________
shareablelstm_5 (ShareableLSTM)  (None, 20)            3280        merge_3[0][0]                    
                                                                   merge_13[0][0]                   
                                                                   merge_23[0][0]                   
____________________________________________________________________________________________________
shareablelstm_7 (ShareableLSTM)  (None, 20)            3280        merge_4[0][0]                    
                                                                   merge_14[0][0]                   
                                                                   merge_24[0][0]                   
____________________________________________________________________________________________________
shareablelstm_9 (ShareableLSTM)  (None, 20)            3280        merge_5[0][0]                    
                                                                   merge_15[0][0]                   
                                                                   merge_25[0][0]                   
____________________________________________________________________________________________________
shareablelstm_11 (ShareableLSTM) (None, 20)            3280        merge_6[0][0]                    
                                                                   merge_16[0][0]                   
                                                                   merge_26[0][0]                   
____________________________________________________________________________________________________
shareablelstm_13 (ShareableLSTM) (None, 20)            3280        merge_7[0][0]                    
                                                                   merge_17[0][0]                   
                                                                   merge_27[0][0]                   
____________________________________________________________________________________________________
shareablelstm_15 (ShareableLSTM) (None, 20)            3280        merge_8[0][0]                    
                                                                   merge_18[0][0]                   
                                                                   merge_28[0][0]                   
____________________________________________________________________________________________________
shareablelstm_17 (ShareableLSTM) (None, 20)            3280        merge_9[0][0]                    
                                                                   merge_19[0][0]                   
                                                                   merge_29[0][0]                   
____________________________________________________________________________________________________
merge_10 (Merge)                 (None, 160)           0           shareablelstm_3[0][0]            
                                                                   shareablelstm_5[0][0]            
                                                                   shareablelstm_7[0][0]            
                                                                   shareablelstm_9[0][0]            
                                                                   shareablelstm_11[0][0]           
                                                                   shareablelstm_13[0][0]           
                                                                   shareablelstm_15[0][0]           
                                                                   shareablelstm_17[0][0]           
____________________________________________________________________________________________________
merge_20 (Merge)                 (None, 160)           0           shareablelstm_3[1][0]            
                                                                   shareablelstm_5[1][0]            
                                                                   shareablelstm_7[1][0]            
                                                                   shareablelstm_9[1][0]            
                                                                   shareablelstm_11[1][0]           
                                                                   shareablelstm_13[1][0]           
                                                                   shareablelstm_15[1][0]           
                                                                   shareablelstm_17[1][0]           
____________________________________________________________________________________________________
merge_30 (Merge)                 (None, 160)           0           shareablelstm_3[2][0]            
                                                                   shareablelstm_5[2][0]            
                                                                   shareablelstm_7[2][0]            
                                                                   shareablelstm_9[2][0]            
                                                                   shareablelstm_11[2][0]           
                                                                   shareablelstm_13[2][0]           
                                                                   shareablelstm_15[2][0]           
                                                                   shareablelstm_17[2][0]           
____________________________________________________________________________________________________
dropout_1 (Dropout)              (None, 160)           0           merge_10[0][0]                   
____________________________________________________________________________________________________
dropout_2 (Dropout)              (None, 160)           0           merge_20[0][0]                   
____________________________________________________________________________________________________
dropout_3 (Dropout)              (None, 160)           0           merge_30[0][0]                   
____________________________________________________________________________________________________
merge_31 (Merge)                 (None, 480)           0           dropout_1[0][0]                  
                                                                   dropout_2[0][0]                  
                                                                   dropout_3[0][0]                  
____________________________________________________________________________________________________
dense_1 (Dense)                  (None, 80)            38480       merge_31[0][0]                   
____________________________________________________________________________________________________
srelu_1 (SReLU)                  (None, 80)            320         dense_1[0][0]                    
____________________________________________________________________________________________________
dropout_4 (Dropout)              (None, 80)            0           srelu_1[0][0]                    
____________________________________________________________________________________________________
dense_2 (Dense)                  (None, 23)            1863        dropout_4[0][0]                  
____________________________________________________________________________________________________
target (Activation)              (None, 23)            0           dense_2[0][0]                    
====================================================================================================
Total params: 947,119
Trainable params: 947,119
Non-trainable params: 0
____________________________________________________________________________________________________
[2017-07-23 05:38] initialize weights
[2017-07-23 05:38] training preparation
[2017-07-23 05:38] train model (ex/conll16st-v35b1-en-fd-8-rn-8-4)
Epoch 1/1000
12992/13056 [============================>.] - ETA: 1s - loss: 2.0625
- val_loss: 3.1862
- val_all_f1:  0.2202 0.2202 0.2202
- val_exp_f1:  0.2807 0.2807 0.2807
- val_non_f1:  0.1669 0.1669 0.1669

13056/13056 [==============================] - 232s - loss: 2.0626 - val_loss: 3.1862
Epoch 2/1000
12992/13056 [============================>.] - ETA: 1s - loss: 1.6823
- val_loss: 2.4349
- val_all_f1:  0.2230 0.2230 0.2230
- val_exp_f1:  0.2868 0.2868 0.2868
- val_non_f1:  0.1669 0.1669 0.1669

13056/13056 [==============================] - 231s - loss: 1.6818 - val_loss: 2.4349
Epoch 3/1000
12992/13056 [============================>.] - ETA: 1s - loss: 1.2664
- val_loss: 2.2230
- val_all_f1:  0.3061 0.3061 0.3061
- val_exp_f1:  0.4613 0.4613 0.4613
- val_non_f1:  0.1696 0.1696 0.1696

13056/13056 [==============================] - 232s - loss: 1.2668 - val_loss: 2.2230
Epoch 4/1000
12992/13056 [============================>.] - ETA: 1s - loss: 1.1505
- val_loss: 1.9761
- val_all_f1:  0.4453 0.4453 0.4453
- val_exp_f1:  0.6161 0.6161 0.6161
- val_non_f1:  0.2955 0.2951 0.2953

13056/13056 [==============================] - 232s - loss: 1.1503 - val_loss: 1.9761
Epoch 5/1000
12992/13056 [============================>.] - ETA: 1s - loss: 1.1050
- val_loss: 1.8335
- val_all_f1:  0.4851 0.4851 0.4851
- val_exp_f1:  0.6844 0.6844 0.6844
- val_non_f1:  0.3097 0.3097 0.3097

13056/13056 [==============================] - 232s - loss: 1.1046 - val_loss: 1.8335
Epoch 6/1000
12992/13056 [============================>.] - ETA: 1s - loss: 1.0805
- val_loss: 1.7697
- val_all_f1:  0.4531 0.4531 0.4531
- val_exp_f1:  0.6965 0.6965 0.6965
- val_non_f1:  0.2390 0.2390 0.2390

13056/13056 [==============================] - 232s - loss: 1.0822 - val_loss: 1.7697
Epoch 7/1000
12992/13056 [============================>.] - ETA: 1s - loss: 1.0671
- val_loss: 1.7651
- val_all_f1:  0.5156 0.5156 0.5156
- val_exp_f1:  0.7344 0.7344 0.7344
- val_non_f1:  0.3231 0.3231 0.3231

13056/13056 [==============================] - 232s - loss: 1.0668 - val_loss: 1.7651
Epoch 8/1000
12992/13056 [============================>.] - ETA: 1s - loss: 1.0399
- val_loss: 1.7163
- val_all_f1:  0.4453 0.4453 0.4453
- val_exp_f1:  0.7117 0.7117 0.7117
- val_non_f1:  0.2112 0.2109 0.2111

13056/13056 [==============================] - 233s - loss: 1.0393 - val_loss: 1.7163
Epoch 9/1000
12992/13056 [============================>.] - ETA: 1s - loss: 1.0308
- val_loss: 1.7415
- val_all_f1:  0.4467 0.4467 0.4467
- val_exp_f1:  0.7527 0.7527 0.7527
- val_non_f1:  0.1778 0.1776 0.1777

13056/13056 [==============================] - 232s - loss: 1.0323 - val_loss: 1.7415
Epoch 10/1000
12992/13056 [============================>.] - ETA: 1s - loss: 1.0217
- val_loss: 1.7299
- val_all_f1:  0.4822 0.4822 0.4822
- val_exp_f1:  0.7527 0.7527 0.7527
- val_non_f1:  0.2447 0.2443 0.2445

13056/13056 [==============================] - 232s - loss: 1.0209 - val_loss: 1.7299
Epoch 11/1000
12992/13056 [============================>.] - ETA: 1s - loss: 0.9990
- val_loss: 1.6959
- val_all_f1:  0.4616 0.4616 0.4616
- val_exp_f1:  0.7663 0.7663 0.7663
- val_non_f1:  0.1939 0.1936 0.1937

13056/13056 [==============================] - 234s - loss: 0.9986 - val_loss: 1.6959
Epoch 12/1000
12992/13056 [============================>.] - ETA: 1s - loss: 1.0066
- val_loss: 1.6835
- val_all_f1:  0.5000 0.5000 0.5000
- val_exp_f1:  0.7951 0.7951 0.7951
- val_non_f1:  0.2406 0.2403 0.2405

13056/13056 [==============================] - 231s - loss: 1.0076 - val_loss: 1.6835
Epoch 13/1000
12992/13056 [============================>.] - ETA: 1s - loss: 0.9861
- val_loss: 1.6814
- val_all_f1:  0.4737 0.4737 0.4737
- val_exp_f1:  0.8027 0.8027 0.8027
- val_non_f1:  0.1845 0.1842 0.1844

13056/13056 [==============================] - 232s - loss: 0.9864 - val_loss: 1.6814
Epoch 14/1000
12992/13056 [============================>.] - ETA: 1s - loss: 0.9817
- val_loss: 1.6414
- val_all_f1:  0.5241 0.5241 0.5241
- val_exp_f1:  0.7769 0.7769 0.7769
- val_non_f1:  0.3021 0.3017 0.3019

13056/13056 [==============================] - 234s - loss: 0.9807 - val_loss: 1.6414
Epoch 15/1000
12992/13056 [============================>.] - ETA: 1s - loss: 0.9705
- val_loss: 1.6200
- val_all_f1:  0.5511 0.5511 0.5511
- val_exp_f1:  0.8179 0.8179 0.8179
- val_non_f1:  0.3168 0.3164 0.3166

13056/13056 [==============================] - 232s - loss: 0.9699 - val_loss: 1.6200
Epoch 16/1000
12992/13056 [============================>.] - ETA: 1s - loss: 0.9717
- val_loss: 1.5843
- val_all_f1:  0.5497 0.5497 0.5497
- val_exp_f1:  0.8070 0.8058 0.8064
- val_non_f1:  0.3249 0.3244 0.3246

13056/13056 [==============================] - 233s - loss: 0.9740 - val_loss: 1.5843
Epoch 17/1000
12992/13056 [============================>.] - ETA: 1s - loss: 0.9656
- val_loss: 1.6105
- val_all_f1:  0.5277 0.5277 0.5277
- val_exp_f1:  0.8407 0.8407 0.8407
- val_non_f1:  0.2527 0.2523 0.2525

13056/13056 [==============================] - 232s - loss: 0.9644 - val_loss: 1.6105
Epoch 18/1000
12992/13056 [============================>.] - ETA: 1s - loss: 0.9775
- val_loss: 1.5928
- val_all_f1:  0.5298 0.5298 0.5298
- val_exp_f1:  0.8407 0.8407 0.8407
- val_non_f1:  0.2567 0.2563 0.2565

13056/13056 [==============================] - 233s - loss: 0.9772 - val_loss: 1.5928
Epoch 19/1000
12992/13056 [============================>.] - ETA: 1s - loss: 0.9453
- val_loss: 1.5491
- val_all_f1:  0.5930 0.5930 0.5930
- val_exp_f1:  0.8756 0.8756 0.8756
- val_non_f1:  0.3449 0.3445 0.3447

13056/13056 [==============================] - 233s - loss: 0.9453 - val_loss: 1.5491
Epoch 20/1000
12992/13056 [============================>.] - ETA: 1s - loss: 0.9588
- val_loss: 1.5540
- val_all_f1:  0.5412 0.5412 0.5412
- val_exp_f1:  0.8695 0.8695 0.8695
- val_non_f1:  0.2527 0.2523 0.2525

13056/13056 [==============================] - 232s - loss: 0.9579 - val_loss: 1.5540
Epoch 21/1000
12992/13056 [============================>.] - ETA: 1s - loss: 0.9372
- val_loss: 1.5378
- val_all_f1:  0.5923 0.5923 0.5923
- val_exp_f1:  0.8786 0.8786 0.8786
- val_non_f1:  0.3409 0.3405 0.3407

13056/13056 [==============================] - 233s - loss: 0.9374 - val_loss: 1.5378
Epoch 22/1000
12992/13056 [============================>.] - ETA: 1s - loss: 0.9508
- val_loss: 1.5187
- val_all_f1:  0.5930 0.5930 0.5930
- val_exp_f1:  0.8678 0.8665 0.8671
- val_non_f1:  0.3529 0.3525 0.3527

13056/13056 [==============================] - 232s - loss: 0.9506 - val_loss: 1.5187
Epoch 23/1000
12992/13056 [============================>.] - ETA: 1s - loss: 0.9231
- val_loss: 1.5591
- val_all_f1:  0.5682 0.5682 0.5682
- val_exp_f1:  0.8847 0.8847 0.8847
- val_non_f1:  0.2901 0.2897 0.2899

13056/13056 [==============================] - 233s - loss: 0.9220 - val_loss: 1.5591
Epoch 24/1000
12992/13056 [============================>.] - ETA: 1s - loss: 0.9149
- val_loss: 1.5029
- val_all_f1:  0.5746 0.5746 0.5746
- val_exp_f1:  0.8617 0.8604 0.8610
- val_non_f1:  0.3235 0.3231 0.3233

13056/13056 [==============================] - 234s - loss: 0.9138 - val_loss: 1.5029
Epoch 25/1000
12992/13056 [============================>.] - ETA: 1s - loss: 0.9223
- val_loss: 1.4989
- val_all_f1:  0.5852 0.5852 0.5852
- val_exp_f1:  0.8678 0.8665 0.8671
- val_non_f1:  0.3382 0.3378 0.3380

13056/13056 [==============================] - 233s - loss: 0.9231 - val_loss: 1.4989
Epoch 26/1000
12992/13056 [============================>.] - ETA: 1s - loss: 0.9163
- val_loss: 1.5451
- val_all_f1:  0.5582 0.5582 0.5582
- val_exp_f1:  0.8665 0.8665 0.8665
- val_non_f1:  0.2874 0.2870 0.2872

13056/13056 [==============================] - 233s - loss: 0.9164 - val_loss: 1.5451
Epoch 27/1000
12992/13056 [============================>.] - ETA: 1s - loss: 0.9509
- val_loss: 1.4905
- val_all_f1:  0.5852 0.5852 0.5852
- val_exp_f1:  0.8801 0.8801 0.8801
- val_non_f1:  0.3262 0.3258 0.3260

13056/13056 [==============================] - 233s - loss: 0.9496 - val_loss: 1.4905
Epoch 28/1000
12992/13056 [============================>.] - ETA: 1s - loss: 0.9098
- val_loss: 1.5019
- val_all_f1:  0.5682 0.5682 0.5682
- val_exp_f1:  0.8923 0.8923 0.8923
- val_non_f1:  0.2834 0.2830 0.2832

13056/13056 [==============================] - 234s - loss: 0.9102 - val_loss: 1.5019
Epoch 29/1000
12992/13056 [============================>.] - ETA: 1s - loss: 0.8992
- val_loss: 1.4819
- val_all_f1:  0.5788 0.5788 0.5788
- val_exp_f1:  0.8725 0.8725 0.8725
- val_non_f1:  0.3209 0.3204 0.3206

13056/13056 [==============================] - 235s - loss: 0.9000 - val_loss: 1.4819
Epoch 30/1000
12992/13056 [============================>.] - ETA: 1s - loss: 0.9385
- val_loss: 1.4870
- val_all_f1:  0.5930 0.5930 0.5930
- val_exp_f1:  0.8862 0.8862 0.8862
- val_non_f1:  0.3356 0.3351 0.3353

13056/13056 [==============================] - 235s - loss: 0.9379 - val_loss: 1.4870
Epoch 31/1000
12992/13056 [============================>.] - ETA: 1s - loss: 0.9117
- val_loss: 1.5289
- val_all_f1:  0.5561 0.5561 0.5561
- val_exp_f1:  0.8663 0.8649 0.8656
- val_non_f1:  0.2848 0.2844 0.2846

13056/13056 [==============================] - 234s - loss: 0.9112 - val_loss: 1.5289
Epoch 32/1000
12992/13056 [============================>.] - ETA: 1s - loss: 0.9071
- val_loss: 1.5628
- val_all_f1:  0.5327 0.5327 0.5327
- val_exp_f1:  0.8786 0.8786 0.8786
- val_non_f1:  0.2286 0.2283 0.2285

13056/13056 [==============================] - 235s - loss: 0.9067 - val_loss: 1.5628
Epoch 33/1000
12992/13056 [============================>.] - ETA: 1s - loss: 0.9041
- val_loss: 1.4411
- val_all_f1:  0.5923 0.5923 0.5923
- val_exp_f1:  0.8815 0.8801 0.8808
- val_non_f1:  0.3396 0.3391 0.3393

13056/13056 [==============================] - 235s - loss: 0.9043 - val_loss: 1.4411
Epoch 34/1000
12992/13056 [============================>.] - ETA: 1s - loss: 0.9222
- val_loss: 1.4739
- val_all_f1:  0.5668 0.5668 0.5668
- val_exp_f1:  0.8907 0.8907 0.8907
- val_non_f1:  0.2821 0.2817 0.2819

13056/13056 [==============================] - 235s - loss: 0.9210 - val_loss: 1.4739
Epoch 35/1000
12992/13056 [============================>.] - ETA: 1s - loss: 0.9005
- val_loss: 1.4785
- val_all_f1:  0.5803 0.5803 0.5803
- val_exp_f1:  0.8786 0.8786 0.8786
- val_non_f1:  0.3182 0.3178 0.3180

13056/13056 [==============================] - 235s - loss: 0.9012 - val_loss: 1.4785
Epoch 36/1000
12992/13056 [============================>.] - ETA: 1s - loss: 0.9008
- val_loss: 1.5208
- val_all_f1:  0.5270 0.5270 0.5270
- val_exp_f1:  0.8862 0.8862 0.8862
- val_non_f1:  0.2112 0.2109 0.2111

13056/13056 [==============================] - 236s - loss: 0.9019 - val_loss: 1.5208
Epoch 37/1000
12992/13056 [============================>.] - ETA: 1s - loss: 0.8720
- val_loss: 1.4946
- val_all_f1:  0.5597 0.5597 0.5597
- val_exp_f1:  0.8801 0.8801 0.8801
- val_non_f1:  0.2781 0.2777 0.2779

13056/13056 [==============================] - 236s - loss: 0.8725 - val_loss: 1.4946
Epoch 38/1000
12992/13056 [============================>.] - ETA: 1s - loss: 0.9067
- val_loss: 1.4408
- val_all_f1:  0.5795 0.5795 0.5795
- val_exp_f1:  0.8891 0.8877 0.8884
- val_non_f1:  0.3088 0.3084 0.3086

13056/13056 [==============================] - 236s - loss: 0.9061 - val_loss: 1.4408
Epoch 39/1000
12992/13056 [============================>.] - ETA: 1s - loss: 0.8953
- val_loss: 1.4974
- val_all_f1:  0.5589 0.5589 0.5589
- val_exp_f1:  0.8877 0.8877 0.8877
- val_non_f1:  0.2701 0.2697 0.2699

13056/13056 [==============================] - 236s - loss: 0.8963 - val_loss: 1.4974
Epoch 40/1000
12992/13056 [============================>.] - ETA: 1s - loss: 0.8870
- val_loss: 1.4674
- val_all_f1:  0.5675 0.5675 0.5675
- val_exp_f1:  0.8756 0.8756 0.8756
- val_non_f1:  0.2968 0.2964 0.2966

13056/13056 [==============================] - 235s - loss: 0.8862 - val_loss: 1.4674
Epoch 41/1000
12992/13056 [============================>.] - ETA: 1s - loss: 0.8796
- val_loss: 1.4590
- val_all_f1:  0.5540 0.5540 0.5540
- val_exp_f1:  0.8695 0.8695 0.8695
- val_non_f1:  0.2764 0.2764 0.2764

13056/13056 [==============================] - 235s - loss: 0.8789 - val_loss: 1.4590
Epoch 42/1000
12992/13056 [============================>.] - ETA: 1s - loss: 0.8789
- val_loss: 1.4759
- val_all_f1:  0.5632 0.5632 0.5632
- val_exp_f1:  0.8801 0.8801 0.8801
- val_non_f1:  0.2848 0.2844 0.2846

13056/13056 [==============================] - 234s - loss: 0.8782 - val_loss: 1.4759
Epoch 43/1000
12992/13056 [============================>.] - ETA: 1s - loss: 0.8754
- val_loss: 1.4690
- val_all_f1:  0.5646 0.5646 0.5646
- val_exp_f1:  0.8801 0.8801 0.8801
- val_non_f1:  0.2870 0.2870 0.2870

13056/13056 [==============================] - 234s - loss: 0.8758 - val_loss: 1.4690
Epoch 44/1000
12992/13056 [============================>.] - ETA: 1s - loss: 0.8630
- val_loss: 1.4392
- val_all_f1:  0.5795 0.5795 0.5795
- val_exp_f1:  0.8998 0.8998 0.8998
- val_non_f1:  0.2977 0.2977 0.2977

13056/13056 [==============================] - 236s - loss: 0.8627 - val_loss: 1.4392
Epoch 45/1000
12992/13056 [============================>.] - ETA: 1s - loss: 0.8767
- val_loss: 1.5341
- val_all_f1:  0.5518 0.5518 0.5518
- val_exp_f1:  0.8695 0.8695 0.8695
- val_non_f1:  0.2727 0.2724 0.2725

13056/13056 [==============================] - 235s - loss: 0.8772 - val_loss: 1.5341
Epoch 46/1000
12992/13056 [============================>.] - ETA: 1s - loss: 0.8696
- val_loss: 1.4877
- val_all_f1:  0.5597 0.5597 0.5597
- val_exp_f1:  0.8741 0.8741 0.8741
- val_non_f1:  0.2834 0.2830 0.2832

13056/13056 [==============================] - 235s - loss: 0.8693 - val_loss: 1.4877
Epoch 47/1000
12992/13056 [============================>.] - ETA: 1s - loss: 0.8761
- val_loss: 1.4725
- val_all_f1:  0.5604 0.5604 0.5604
- val_exp_f1:  0.8816 0.8816 0.8816
- val_non_f1:  0.2781 0.2777 0.2779

13056/13056 [==============================] - 235s - loss: 0.8760 - val_loss: 1.4725
Epoch 48/1000
12992/13056 [============================>.] - ETA: 1s - loss: 0.8803
- val_loss: 1.4380
- val_all_f1:  0.5668 0.5668 0.5668
- val_exp_f1:  0.8862 0.8862 0.8862
- val_non_f1:  0.2861 0.2857 0.2859

13056/13056 [==============================] - 234s - loss: 0.8805 - val_loss: 1.4380
Epoch 49/1000
12992/13056 [============================>.] - ETA: 1s - loss: 0.8757
- val_loss: 1.5049
- val_all_f1:  0.5483 0.5483 0.5483
- val_exp_f1:  0.8680 0.8680 0.8680
- val_non_f1:  0.2674 0.2670 0.2672

13056/13056 [==============================] - 234s - loss: 0.8756 - val_loss: 1.5049
Epoch 50/1000
12992/13056 [============================>.] - ETA: 1s - loss: 0.8539
- val_loss: 1.4795
- val_all_f1:  0.5618 0.5618 0.5618
- val_exp_f1:  0.8756 0.8756 0.8756
- val_non_f1:  0.2861 0.2857 0.2859

13056/13056 [==============================] - 234s - loss: 0.8525 - val_loss: 1.4795
Epoch 51/1000
12992/13056 [============================>.] - ETA: 1s - loss: 0.8613
- val_loss: 1.4722
- val_all_f1:  0.5604 0.5604 0.5604
- val_exp_f1:  0.8847 0.8847 0.8847
- val_non_f1:  0.2754 0.2750 0.2752

13056/13056 [==============================] - 234s - loss: 0.8614 - val_loss: 1.4722
Epoch 52/1000
12992/13056 [============================>.] - ETA: 1s - loss: 0.8456
- val_loss: 1.5254
- val_all_f1:  0.5298 0.5298 0.5298
- val_exp_f1:  0.8801 0.8801 0.8801
- val_non_f1:  0.2219 0.2216 0.2218

13056/13056 [==============================] - 235s - loss: 0.8448 - val_loss: 1.5254
Epoch 53/1000
12992/13056 [============================>.] - ETA: 1s - loss: 0.8667
- val_loss: 1.4405
- val_all_f1:  0.5518 0.5518 0.5518
- val_exp_f1:  0.8710 0.8710 0.8710
- val_non_f1:  0.2714 0.2710 0.2712

13056/13056 [==============================] - 234s - loss: 0.8658 - val_loss: 1.4405
Epoch 54/1000
12992/13056 [============================>.] - ETA: 1s - loss: 0.8662
- val_loss: 1.4889
- val_all_f1:  0.5440 0.5440 0.5440
- val_exp_f1:  0.8877 0.8877 0.8877
- val_non_f1:  0.2420 0.2417 0.2418

13056/13056 [==============================] - 234s - loss: 0.8667 - val_loss: 1.4889
Epoch 55/1000
12992/13056 [============================>.] - ETA: 1s - loss: 0.8616
- val_loss: 1.4066
- val_all_f1:  0.5845 0.5845 0.5845
- val_exp_f1:  0.8862 0.8862 0.8862
- val_non_f1:  0.3195 0.3191 0.3193

13056/13056 [==============================] - 234s - loss: 0.8614 - val_loss: 1.4066
Epoch 56/1000
12992/13056 [============================>.] - ETA: 1s - loss: 0.8671
- val_loss: 1.4442
- val_all_f1:  0.5540 0.5540 0.5540
- val_exp_f1:  0.8634 0.8634 0.8634
- val_non_f1:  0.2821 0.2817 0.2819

13056/13056 [==============================] - 234s - loss: 0.8674 - val_loss: 1.4442
Epoch 57/1000
12992/13056 [============================>.] - ETA: 1s - loss: 0.8489
- val_loss: 1.4490
- val_all_f1:  0.5753 0.5753 0.5753
- val_exp_f1:  0.8923 0.8923 0.8923
- val_non_f1:  0.2968 0.2964 0.2966

13056/13056 [==============================] - 232s - loss: 0.8490 - val_loss: 1.4490
Epoch 58/1000
12992/13056 [============================>.] - ETA: 1s - loss: 0.8452
- val_loss: 1.4253
- val_all_f1:  0.5753 0.5753 0.5753
- val_exp_f1:  0.8801 0.8801 0.8801
- val_non_f1:  0.3075 0.3071 0.3073

13056/13056 [==============================] - 231s - loss: 0.8456 - val_loss: 1.4253
Epoch 59/1000
12992/13056 [============================>.] - ETA: 1s - loss: 0.8451
- val_loss: 1.4967
- val_all_f1:  0.5504 0.5504 0.5504
- val_exp_f1:  0.8847 0.8847 0.8847
- val_non_f1:  0.2567 0.2563 0.2565

13056/13056 [==============================] - 232s - loss: 0.8445 - val_loss: 1.4967
Epoch 60/1000
12992/13056 [============================>.] - ETA: 1s - loss: 0.8457
- val_loss: 1.4470
- val_all_f1:  0.5639 0.5639 0.5639
- val_exp_f1:  0.8801 0.8801 0.8801
- val_non_f1:  0.2861 0.2857 0.2859

13056/13056 [==============================] - 231s - loss: 0.8455 - val_loss: 1.4470
Epoch 61/1000
12992/13056 [============================>.] - ETA: 1s - loss: 0.8364
- val_loss: 1.4924
- val_all_f1:  0.5447 0.5447 0.5447
- val_exp_f1:  0.8816 0.8816 0.8816
- val_non_f1:  0.2487 0.2483 0.2485

13056/13056 [==============================] - 232s - loss: 0.8365 - val_loss: 1.4924
Epoch 62/1000
12992/13056 [============================>.] - ETA: 1s - loss: 0.8143
- val_loss: 1.4656
- val_all_f1:  0.5490 0.5490 0.5490
- val_exp_f1:  0.8801 0.8801 0.8801
- val_non_f1:  0.2580 0.2577 0.2578

13056/13056 [==============================] - 232s - loss: 0.8146 - val_loss: 1.4656
Epoch 63/1000
12992/13056 [============================>.] - ETA: 1s - loss: 0.8088
- val_loss: 1.4474
- val_all_f1:  0.5653 0.5653 0.5653
- val_exp_f1:  0.8816 0.8816 0.8816
- val_non_f1:  0.2874 0.2870 0.2872

13056/13056 [==============================] - 231s - loss: 0.8095 - val_loss: 1.4474
Epoch 64/1000
12992/13056 [============================>.] - ETA: 1s - loss: 0.8252
- val_loss: 1.4458
- val_all_f1:  0.5675 0.5675 0.5675
- val_exp_f1:  0.8786 0.8786 0.8786
- val_non_f1:  0.2941 0.2937 0.2939

13056/13056 [==============================] - 231s - loss: 0.8260 - val_loss: 1.4458
Epoch 65/1000
12992/13056 [============================>.] - ETA: 1s - loss: 0.8429
- val_loss: 1.4551
- val_all_f1:  0.5803 0.5803 0.5803
- val_exp_f1:  0.8847 0.8847 0.8847
- val_non_f1:  0.3128 0.3124 0.3126

13056/13056 [==============================] - 232s - loss: 0.8431 - val_loss: 1.4551
Epoch 66/1000
12992/13056 [============================>.] - ETA: 1s - loss: 0.8261
- val_loss: 1.4946
- val_all_f1:  0.5568 0.5568 0.5568
- val_exp_f1:  0.8907 0.8907 0.8907
- val_non_f1:  0.2630 0.2630 0.2630

13056/13056 [==============================] - 231s - loss: 0.8257 - val_loss: 1.4946
Epoch 67/1000
12992/13056 [============================>.] - ETA: 1s - loss: 0.8543
- val_loss: 1.4587
- val_all_f1:  0.5653 0.5653 0.5653
- val_exp_f1:  0.9105 0.9105 0.9105
- val_non_f1:  0.2620 0.2617 0.2619

13056/13056 [==============================] - 231s - loss: 0.8540 - val_loss: 1.4587
Epoch 68/1000
12992/13056 [============================>.] - ETA: 1s - loss: 0.7991
- val_loss: 1.4487
- val_all_f1:  0.5639 0.5639 0.5639
- val_exp_f1:  0.8756 0.8756 0.8756
- val_non_f1:  0.2901 0.2897 0.2899

13056/13056 [==============================] - 231s - loss: 0.8005 - val_loss: 1.4487
Epoch 69/1000
12992/13056 [============================>.] - ETA: 1s - loss: 0.8138
- val_loss: 1.4466
- val_all_f1:  0.5753 0.5753 0.5753
- val_exp_f1:  0.8786 0.8786 0.8786
- val_non_f1:  0.3088 0.3084 0.3086

13056/13056 [==============================] - 231s - loss: 0.8140 - val_loss: 1.4466
Epoch 70/1000
12992/13056 [============================>.] - ETA: 1s - loss: 0.8230
- val_loss: 1.4679
- val_all_f1:  0.5568 0.5568 0.5568
- val_exp_f1:  0.8877 0.8877 0.8877
- val_non_f1:  0.2660 0.2657 0.2659

13056/13056 [==============================] - 231s - loss: 0.8239 - val_loss: 1.4679
Epoch 71/1000
12992/13056 [============================>.] - ETA: 1s - loss: 0.8027
- val_loss: 1.4350
- val_all_f1:  0.5788 0.5788 0.5788
- val_exp_f1:  0.8968 0.8968 0.8968
- val_non_f1:  0.2991 0.2991 0.2991

13056/13056 [==============================] - 230s - loss: 0.8037 - val_loss: 1.4350
Epoch 72/1000
12992/13056 [============================>.] - ETA: 1s - loss: 0.8113
- val_loss: 1.4544
- val_all_f1:  0.5696 0.5696 0.5696
- val_exp_f1:  0.8907 0.8907 0.8907
- val_non_f1:  0.2874 0.2870 0.2872

13056/13056 [==============================] - 231s - loss: 0.8117 - val_loss: 1.4544
Epoch 73/1000
12992/13056 [============================>.] - ETA: 1s - loss: 0.7981
- val_loss: 1.5309
- val_all_f1:  0.5341 0.5341 0.5341
- val_exp_f1:  0.8938 0.8938 0.8938
- val_non_f1:  0.2179 0.2176 0.2178

13056/13056 [==============================] - 231s - loss: 0.7972 - val_loss: 1.5309
Epoch 74/1000
12992/13056 [============================>.] - ETA: 1s - loss: 0.8200
- val_loss: 1.4949
- val_all_f1:  0.5533 0.5533 0.5533
- val_exp_f1:  0.8725 0.8725 0.8725
- val_non_f1:  0.2724 0.2724 0.2724

13056/13056 [==============================] - 232s - loss: 0.8197 - val_loss: 1.4949
Epoch 75/1000
12992/13056 [============================>.] - ETA: 1s - loss: 0.8080
- val_loss: 1.4453
- val_all_f1:  0.5668 0.5668 0.5668
- val_exp_f1:  0.8983 0.8983 0.8983
- val_non_f1:  0.2754 0.2750 0.2752

13056/13056 [==============================] - 232s - loss: 0.8091 - val_loss: 1.4453
Epoch 76/1000
12992/13056 [============================>.] - ETA: 1s - loss: 0.8343
- val_loss: 1.5222
- val_all_f1:  0.5376 0.5376 0.5376
- val_exp_f1:  0.8923 0.8923 0.8923
- val_non_f1:  0.2259 0.2256 0.2258

13056/13056 [==============================] - 232s - loss: 0.8347 - val_loss: 1.5222
Epoch 77/1000
12992/13056 [============================>.] - ETA: 1s - loss: 0.8058
- val_loss: 1.4652
- val_all_f1:  0.5810 0.5810 0.5810
- val_exp_f1:  0.8953 0.8953 0.8953
- val_non_f1:  0.3048 0.3044 0.3046

13056/13056 [==============================] - 233s - loss: 0.8057 - val_loss: 1.4652
Epoch 78/1000
12992/13056 [============================>.] - ETA: 1s - loss: 0.8273
- val_loss: 1.4399
- val_all_f1:  0.5639 0.5639 0.5639
- val_exp_f1:  0.8771 0.8771 0.8771
- val_non_f1:  0.2888 0.2884 0.2886

13056/13056 [==============================] - 232s - loss: 0.8284 - val_loss: 1.4399
Epoch 79/1000
12992/13056 [============================>.] - ETA: 1s - loss: 0.8352
- val_loss: 1.5330
- val_all_f1:  0.5341 0.5341 0.5341
- val_exp_f1:  0.8756 0.8756 0.8756
- val_non_f1:  0.2340 0.2336 0.2338

13056/13056 [==============================] - 233s - loss: 0.8357 - val_loss: 1.5330
Epoch 80/1000
12992/13056 [============================>.] - ETA: 1s - loss: 0.8213
- val_loss: 1.4495
- val_all_f1:  0.5788 0.5788 0.5788
- val_exp_f1:  0.8968 0.8968 0.8968
- val_non_f1:  0.2995 0.2991 0.2993

13056/13056 [==============================] - 233s - loss: 0.8198 - val_loss: 1.4495
Epoch 81/1000
12992/13056 [============================>.] - ETA: 1s - loss: 0.7789
- val_loss: 1.5076
- val_all_f1:  0.5305 0.5305 0.5305
- val_exp_f1:  0.8741 0.8741 0.8741
- val_non_f1:  0.2286 0.2283 0.2285

13056/13056 [==============================] - 233s - loss: 0.7792 - val_loss: 1.5076
Epoch 82/1000
12992/13056 [============================>.] - ETA: 1s - loss: 0.7880
- val_loss: 1.4695
- val_all_f1:  0.5490 0.5490 0.5490
- val_exp_f1:  0.8816 0.8816 0.8816
- val_non_f1:  0.2567 0.2563 0.2565

13056/13056 [==============================] - 234s - loss: 0.7880 - val_loss: 1.4695
Epoch 83/1000
12992/13056 [============================>.] - ETA: 1s - loss: 0.8054
- val_loss: 1.4793
- val_all_f1:  0.5447 0.5447 0.5447
- val_exp_f1:  0.8998 0.8998 0.8998
- val_non_f1:  0.2326 0.2323 0.2325

13056/13056 [==============================] - 233s - loss: 0.8047 - val_loss: 1.4793
Epoch 84/1000
12992/13056 [============================>.] - ETA: 1s - loss: 0.8053
- val_loss: 1.4805
- val_all_f1:  0.5518 0.5518 0.5518
- val_exp_f1:  0.8847 0.8847 0.8847
- val_non_f1:  0.2594 0.2590 0.2592

13056/13056 [==============================] - 232s - loss: 0.8062 - val_loss: 1.4805
Epoch 85/1000
12992/13056 [============================>.] - ETA: 1s - loss: 0.8077
- val_loss: 1.4721
- val_all_f1:  0.5739 0.5739 0.5739
- val_exp_f1:  0.9090 0.9090 0.9090
- val_non_f1:  0.2794 0.2790 0.2792

13056/13056 [==============================] - 233s - loss: 0.8066 - val_loss: 1.4721
Epoch 86/1000
12992/13056 [============================>.] - ETA: 1s - loss: 0.7750
- val_loss: 1.5339
- val_all_f1:  0.5405 0.5405 0.5405
- val_exp_f1:  0.8877 0.8877 0.8877
- val_non_f1:  0.2356 0.2350 0.2353

13056/13056 [==============================] - 233s - loss: 0.7746 - val_loss: 1.5339
Epoch 87/1000
12992/13056 [============================>.] - ETA: 1s - loss: 0.7843
- val_loss: 1.4479
- val_all_f1:  0.5675 0.5675 0.5675
- val_exp_f1:  0.9105 0.9105 0.9105
- val_non_f1:  0.2660 0.2657 0.2659

13056/13056 [==============================] - 233s - loss: 0.7835 - val_loss: 1.4479
Epoch 88/1000
12992/13056 [============================>.] - ETA: 1s - loss: 0.7921
- val_loss: 1.5495
- val_all_f1:  0.5355 0.5355 0.5355
- val_exp_f1:  0.8968 0.8968 0.8968
- val_non_f1:  0.2179 0.2176 0.2178

13056/13056 [==============================] - 234s - loss: 0.7915 - val_loss: 1.5495
Epoch 89/1000
12992/13056 [============================>.] - ETA: 1s - loss: 0.8102
- val_loss: 1.5323
- val_all_f1:  0.5455 0.5455 0.5455
- val_exp_f1:  0.8983 0.8983 0.8983
- val_non_f1:  0.2353 0.2350 0.2351

13056/13056 [==============================] - 233s - loss: 0.8100 - val_loss: 1.5323
Epoch 90/1000
12992/13056 [============================>.] - ETA: 1s - loss: 0.8144
- val_loss: 1.4598
- val_all_f1:  0.5561 0.5561 0.5561
- val_exp_f1:  0.9044 0.9044 0.9044
- val_non_f1:  0.2500 0.2497 0.2498

13056/13056 [==============================] - 233s - loss: 0.8144 - val_loss: 1.4598
Epoch 91/1000
12992/13056 [============================>.] - ETA: 1s - loss: 0.7840
- val_loss: 1.4879
- val_all_f1:  0.5646 0.5646 0.5646
- val_exp_f1:  0.9029 0.9029 0.9029
- val_non_f1:  0.2674 0.2670 0.2672

13056/13056 [==============================] - 233s - loss: 0.7834 - val_loss: 1.4879
Epoch 92/1000
12992/13056 [============================>.] - ETA: 1s - loss: 0.7669
- val_loss: 1.5151
- val_all_f1:  0.5611 0.5611 0.5611
- val_exp_f1:  0.8923 0.8923 0.8923
- val_non_f1:  0.2701 0.2697 0.2699

13056/13056 [==============================] - 233s - loss: 0.7676 - val_loss: 1.5151
Epoch 93/1000
12992/13056 [============================>.] - ETA: 1s - loss: 0.7805
- val_loss: 1.4909
- val_all_f1:  0.5518 0.5518 0.5518
- val_exp_f1:  0.8923 0.8923 0.8923
- val_non_f1:  0.2527 0.2523 0.2525

13056/13056 [==============================] - 233s - loss: 0.7805 - val_loss: 1.4909
Epoch 94/1000
12992/13056 [============================>.] - ETA: 1s - loss: 0.7641
- val_loss: 1.4586
- val_all_f1:  0.5781 0.5781 0.5781
- val_exp_f1:  0.9044 0.9044 0.9044
- val_non_f1:  0.2914 0.2911 0.2912

13056/13056 [==============================] - 233s - loss: 0.7630 - val_loss: 1.4586
Epoch 95/1000
12992/13056 [============================>.] - ETA: 1s - loss: 0.7777
- val_loss: 1.5748
- val_all_f1:  0.5234 0.5234 0.5234
- val_exp_f1:  0.8816 0.8816 0.8816
- val_non_f1:  0.2088 0.2083 0.2086

13056/13056 [==============================] - 233s - loss: 0.7778 - val_loss: 1.5748
Epoch 96/1000
12992/13056 [============================>.] - ETA: 1s - loss: 0.7975
- val_loss: 1.5062
- val_all_f1:  0.5391 0.5391 0.5391
- val_exp_f1:  0.8907 0.8907 0.8907
- val_non_f1:  0.2299 0.2296 0.2298

13056/13056 [==============================] - 233s - loss: 0.7970 - val_loss: 1.5062
Epoch 97/1000
12992/13056 [============================>.] - ETA: 1s - loss: 0.7676
- val_loss: 1.4859
- val_all_f1:  0.5611 0.5611 0.5611
- val_exp_f1:  0.8968 0.8968 0.8968
- val_non_f1:  0.2660 0.2657 0.2659

13056/13056 [==============================] - 232s - loss: 0.7670 - val_loss: 1.4859
Epoch 98/1000
12992/13056 [============================>.] - ETA: 1s - loss: 0.7855
- val_loss: 1.5470
- val_all_f1:  0.5313 0.5313 0.5313
- val_exp_f1:  0.8892 0.8892 0.8892
- val_non_f1:  0.2166 0.2163 0.2164

13056/13056 [==============================] - 232s - loss: 0.7860 - val_loss: 1.5470
Epoch 99/1000
12992/13056 [============================>.] - ETA: 1s - loss: 0.7651
- val_loss: 1.5068
- val_all_f1:  0.5426 0.5426 0.5426
- val_exp_f1:  0.8968 0.8968 0.8968
- val_non_f1:  0.2313 0.2310 0.2311

13056/13056 [==============================] - 232s - loss: 0.7647 - val_loss: 1.5068
Epoch 100/1000
12992/13056 [============================>.] - ETA: 1s - loss: 0.7874
- val_loss: 1.4925
- val_all_f1:  0.5526 0.5526 0.5526
- val_exp_f1:  0.8892 0.8892 0.8892
- val_non_f1:  0.2567 0.2563 0.2565

13056/13056 [==============================] - 233s - loss: 0.7868 - val_loss: 1.4925
Epoch 101/1000
12992/13056 [============================>.] - ETA: 1s - loss: 0.7468
- val_loss: 1.6137
- val_all_f1:  0.5227 0.5227 0.5227
- val_exp_f1:  0.8832 0.8832 0.8832
- val_non_f1:  0.2059 0.2056 0.2057

13056/13056 [==============================] - 232s - loss: 0.7473 - val_loss: 1.6137
Epoch 102/1000
12992/13056 [============================>.] - ETA: 1s - loss: 0.7409
- val_loss: 1.5291
- val_all_f1:  0.5391 0.5391 0.5391
- val_exp_f1:  0.8968 0.8968 0.8968
- val_non_f1:  0.2246 0.2243 0.2244

13056/13056 [==============================] - 233s - loss: 0.7417 - val_loss: 1.5291
Epoch 103/1000
12992/13056 [============================>.] - ETA: 1s - loss: 0.7712
- val_loss: 1.5665
- val_all_f1:  0.5234 0.5234 0.5234
- val_exp_f1:  0.8786 0.8786 0.8786
- val_non_f1:  0.2112 0.2109 0.2111

13056/13056 [==============================] - 234s - loss: 0.7702 - val_loss: 1.5665
Epoch 104/1000
12992/13056 [============================>.] - ETA: 1s - loss: 0.7489
- val_loss: 1.4879
- val_all_f1:  0.5632 0.5632 0.5632
- val_exp_f1:  0.8998 0.8998 0.8998
- val_non_f1:  0.2674 0.2670 0.2672

13056/13056 [==============================] - 233s - loss: 0.7479 - val_loss: 1.4879
Epoch 105/1000
12992/13056 [============================>.] - ETA: 1s - loss: 0.7853
- val_loss: 1.5495
- val_all_f1:  0.5419 0.5419 0.5419
- val_exp_f1:  0.8832 0.8832 0.8832
- val_non_f1:  0.2420 0.2417 0.2418

13056/13056 [==============================] - 233s - loss: 0.7857 - val_loss: 1.5495
Epoch 106/1000
12992/13056 [============================>.] - ETA: 1s - loss: 0.7698
- val_loss: 1.4865
- val_all_f1:  0.5710 0.5710 0.5710
- val_exp_f1:  0.8786 0.8786 0.8786
- val_non_f1:  0.3008 0.3004 0.3006

13056/13056 [==============================] - 233s - loss: 0.7698 - val_loss: 1.4865
Epoch 107/1000
12992/13056 [============================>.] - ETA: 1s - loss: 0.7601
- val_loss: 1.4950
- val_all_f1:  0.5696 0.5696 0.5696
- val_exp_f1:  0.9074 0.9074 0.9074
- val_non_f1:  0.2727 0.2724 0.2725

13056/13056 [==============================] - 233s - loss: 0.7591 - val_loss: 1.4950
Epoch 108/1000
12992/13056 [============================>.] - ETA: 1s - loss: 0.7676
- val_loss: 1.5609
- val_all_f1:  0.5391 0.5391 0.5391
- val_exp_f1:  0.8998 0.8998 0.8998
- val_non_f1:  0.2219 0.2216 0.2218

13056/13056 [==============================] - 233s - loss: 0.7687 - val_loss: 1.5609
Epoch 109/1000
12992/13056 [============================>.] - ETA: 1s - loss: 0.7821
- val_loss: 1.4857
- val_all_f1:  0.5682 0.5682 0.5682
- val_exp_f1:  0.9074 0.9074 0.9074
- val_non_f1:  0.2701 0.2697 0.2699

13056/13056 [==============================] - 234s - loss: 0.7818 - val_loss: 1.4857
Epoch 110/1000
12992/13056 [============================>.] - ETA: 1s - loss: 0.7388
- val_loss: 1.5034
- val_all_f1:  0.5526 0.5526 0.5526
- val_exp_f1:  0.9014 0.9014 0.9014
- val_non_f1:  0.2460 0.2457 0.2458

13056/13056 [==============================] - 233s - loss: 0.7393 - val_loss: 1.5034
Epoch 111/1000
12992/13056 [============================>.] - ETA: 1s - loss: 0.7300
- val_loss: 1.5445
- val_all_f1:  0.5355 0.5355 0.5355
- val_exp_f1:  0.8816 0.8816 0.8816
- val_non_f1:  0.2313 0.2310 0.2311

13056/13056 [==============================] - 234s - loss: 0.7292 - val_loss: 1.5445
Epoch 112/1000
12992/13056 [============================>.] - ETA: 1s - loss: 0.7416
- val_loss: 1.5329
- val_all_f1:  0.5675 0.5675 0.5675
- val_exp_f1:  0.8862 0.8862 0.8862
- val_non_f1:  0.2874 0.2870 0.2872

13056/13056 [==============================] - 233s - loss: 0.7437 - val_loss: 1.5329
Epoch 113/1000
12992/13056 [============================>.] - ETA: 1s - loss: 0.7407
- val_loss: 1.4943
- val_all_f1:  0.5838 0.5838 0.5838
- val_exp_f1:  0.9014 0.9014 0.9014
- val_non_f1:  0.3048 0.3044 0.3046

13056/13056 [==============================] - 233s - loss: 0.7421 - val_loss: 1.4943
Epoch 114/1000
12992/13056 [============================>.] - ETA: 1s - loss: 0.7649
- val_loss: 1.5175
- val_all_f1:  0.5611 0.5611 0.5611
- val_exp_f1:  0.8998 0.8998 0.8998
- val_non_f1:  0.2634 0.2630 0.2632

13056/13056 [==============================] - 232s - loss: 0.7643 - val_loss: 1.5175
Epoch 115/1000
12992/13056 [============================>.] - ETA: 1s - loss: 0.7463
- val_loss: 1.5302
- val_all_f1:  0.5405 0.5405 0.5405
- val_exp_f1:  0.8756 0.8756 0.8756
- val_non_f1:  0.2460 0.2457 0.2458

13056/13056 [==============================] - 233s - loss: 0.7455 - val_loss: 1.5302
Epoch 116/1000
12992/13056 [============================>.] - ETA: 1s - loss: 0.7625
- val_loss: 1.5502
- val_all_f1:  0.5376 0.5376 0.5376
- val_exp_f1:  0.8953 0.8953 0.8953
- val_non_f1:  0.2233 0.2230 0.2231

13056/13056 [==============================] - 232s - loss: 0.7633 - val_loss: 1.5502
Epoch 117/1000
12992/13056 [============================>.] - ETA: 1s - loss: 0.7562
- val_loss: 1.5110
- val_all_f1:  0.5582 0.5582 0.5582
- val_exp_f1:  0.9029 0.9029 0.9029
- val_non_f1:  0.2553 0.2550 0.2552

13056/13056 [==============================] - 232s - loss: 0.7572 - val_loss: 1.5110
Epoch 118/1000
12992/13056 [============================>.] - ETA: 1s - loss: 0.7372
- val_loss: 1.5196
- val_all_f1:  0.5568 0.5568 0.5568
- val_exp_f1:  0.8998 0.8998 0.8998
- val_non_f1:  0.2553 0.2550 0.2552

13056/13056 [==============================] - 233s - loss: 0.7370 - val_loss: 1.5196
Epoch 119/1000
12992/13056 [============================>.] - ETA: 1s - loss: 0.7583
- val_loss: 1.5159
- val_all_f1:  0.5504 0.5504 0.5504
- val_exp_f1:  0.8983 0.8983 0.8983
- val_non_f1:  0.2447 0.2443 0.2445

13056/13056 [==============================] - 232s - loss: 0.7586 - val_loss: 1.5159
Epoch 120/1000
12992/13056 [============================>.] - ETA: 1s - loss: 0.7439
- val_loss: 1.5485
- val_all_f1:  0.5476 0.5476 0.5476
- val_exp_f1:  0.9059 0.9059 0.9059
- val_non_f1:  0.2326 0.2323 0.2325

13056/13056 [==============================] - 233s - loss: 0.7433 - val_loss: 1.5485
[2017-07-23 13:26] training finished (ex/conll16st-v35b1-en-fd-8-rn-8-4)
[2017-07-23 13:26] best_val_loss: 54 - loss: 0.8614 - val_loss: 1.4066 - val_all_f1: 0.5845 - val_exp_f1: 0.8862 - val_non_f1: 0.3193
[2017-07-23 13:26] best_val_all_f1: 18 - loss: 0.9453 - val_loss: 1.5491 - val_all_f1: 0.5930 - val_exp_f1: 0.8756 - val_non_f1: 0.3447
