[2019-03-21 03:51] configuration (ex/conll16st-v35dimx2-en/blind)
[2019-03-21 03:51]   config 'arg1_len': 100
[2019-03-21 03:51]   config 'arg2_len': 100
[2019-03-21 03:51]   config 'backend': theano
[2019-03-21 03:51]   config 'backend_theano': device=cpu
[2019-03-21 03:51]   config 'batch_size': 64
[2019-03-21 03:51]   config 'conn_len': 10
[2019-03-21 03:51]   config 'dataset_dir': data/conll15st-en-03-29-16-blind-test
[2019-03-21 03:51]   config 'filter_fn_name': None
[2019-03-21 03:51]   config 'input_size': None
[2019-03-21 03:51]   config 'lang': en
[2019-03-21 03:51]   config 'mode': word
[2019-03-21 03:51]   config 'model_dir': ex/conll16st-v35dimx2-en
[2019-03-21 03:51]   config 'normalization_mode': sample_aspect
[2019-03-21 03:51]   config 'output_dir': ex/conll16st-v35dimx2-en/blind
[2019-03-21 03:51]   config 'punc_len': 0
[2019-03-21 03:51]   config 'rest': ['--filter_dim=8', '--rnn_num=8', '--words_dim=40', '--rnn_dim=40', '--final_dim=160']
[2019-03-21 03:51]   config 'snapshot_size': 2048
[2019-03-21 03:51] load dataset for prediction (data/conll15st-en-03-29-16-blind-test)
[2019-03-21 03:51]   lang: en, doc_ids: 71, words: 34621, rel_ids: 1209, relation tokens: 44203
[2019-03-21 03:51] load previous indexes (ex/conll16st-v35dimx2-en/indexes.pkl)
[2019-03-21 03:51]   words2id: 43918, target2id: 23
[2019-03-21 03:51] load model (ex/conll16st-v35dimx2-en)
[2019-03-21 03:51] load previous weights (ex/conll16st-v35dimx2-en/weights_val_all_f1.hdf5)
[2019-03-21 03:51] make predictions
[2019-03-21 03:52] save predictions (ex/conll16st-v35dimx2-en/blind/output.json)
[2019-03-21 03:52] save predictions (ex/conll16st-v35dimx2-en/blind/output_proba.json)
[2019-03-21 03:52] peek into filtering weights (ex/conll16st-v35dimx2-en/blind/peek.html)
[2019-03-21 03:53] finished (ex/conll16st-v35dimx2-en/blind)
[2019-03-21 03:53] time: loaded: 9.2065 - prepared: 2.4767 - predicted: 54.2591
