[2019-03-10 18:29] configuration (ex/conll16st-v35-zhch-al-100-0/blind)
[2019-03-10 18:29]   config 'arg1_len': 100
[2019-03-10 18:29]   config 'arg2_len': 100
[2019-03-10 18:29]   config 'backend': theano
[2019-03-10 18:29]   config 'backend_theano': device=gpu,floatX=float32,nvcc.fastmath=True,lib.cnmem=0.8
[2019-03-10 18:29]   config 'batch_size': 64
[2019-03-10 18:29]   config 'conn_len': 20
[2019-03-10 18:29]   config 'dataset_dir': data/conll16st-zh-04-27-2016-blind-test
[2019-03-10 18:29]   config 'filter_fn_name': None
[2019-03-10 18:29]   config 'input_size': None
[2019-03-10 18:29]   config 'lang': zh
[2019-03-10 18:29]   config 'mode': char
[2019-03-10 18:29]   config 'model_dir': ex/conll16st-v35-zhch-al-100-0
[2019-03-10 18:29]   config 'normalization_mode': sample_aspect
[2019-03-10 18:29]   config 'output_dir': ex/conll16st-v35-zhch-al-100-0/blind
[2019-03-10 18:29]   config 'punc_len': 2
[2019-03-10 18:29]   config 'rest': []
[2019-03-10 18:29]   config 'snapshot_size': 2048
[2019-03-10 18:29] load dataset for prediction (data/conll16st-zh-04-27-2016-blind-test)
[2019-03-10 18:29]   lang: zh, rel_ids: 2101
[2019-03-10 18:29] load previous indexes (ex/conll16st-v35-zhch-al-100-0/indexes.pkl)
[2019-03-10 18:29]   words2id: 2859, target2id: 12
[2019-03-10 18:29] load model (ex/conll16st-v35-zhch-al-100-0)
[2019-03-10 18:29] load previous weights (ex/conll16st-v35-zhch-al-100-0/weights_val_all_f1.hdf5)
[2019-03-10 18:29] make predictions
[2019-03-10 18:30] save predictions (ex/conll16st-v35-zhch-al-100-0/blind/output.json)
[2019-03-10 18:30] save predictions (ex/conll16st-v35-zhch-al-100-0/blind/output_proba.json)
[2019-03-10 18:30] peek into filtering weights (ex/conll16st-v35-zhch-al-100-0/blind/peek.html)
[2019-03-10 18:32] finished (ex/conll16st-v35-zhch-al-100-0/blind)
[2019-03-10 18:32] time: loaded: 0.4950 - prepared: 2.8965 - predicted: 62.8463
