[2019-03-07 09:49] configuration (ex/conll16st-v35dimx05-en)
[2019-03-07 09:49]   config 'arg1_len': 100
[2019-03-07 09:49]   config 'arg2_len': 100
[2019-03-07 09:49]   config 'backend': theano
[2019-03-07 09:49]   config 'backend_theano': device=cpu
[2019-03-07 09:49]   config 'batch_size': 64
[2019-03-07 09:49]   config 'conn_len': 10
[2019-03-07 09:49]   config 'continue_': False
[2019-03-07 09:49]   config 'curriculum_end': 0.0
[2019-03-07 09:49]   config 'epochs': 1000
[2019-03-07 09:49]   config 'epochs_patience': 100
[2019-03-07 09:49]   config 'epochs_ratio': 0.1
[2019-03-07 09:49]   config 'filter_act': sigmoid
[2019-03-07 09:49]   config 'filter_append_act': linear
[2019-03-07 09:49]   config 'filter_append_batchnorm': False
[2019-03-07 09:49]   config 'filter_append_dim': 0
[2019-03-07 09:49]   config 'filter_append_dropout': 0.0
[2019-03-07 09:49]   config 'filter_apply': mul
[2019-03-07 09:49]   config 'filter_dim': 8
[2019-03-07 09:49]   config 'filter_dropout_U': 0.0
[2019-03-07 09:49]   config 'filter_dropout_W': 0.0
[2019-03-07 09:49]   config 'filter_fn_name': None
[2019-03-07 09:49]   config 'filter_shared': global
[2019-03-07 09:49]   config 'filter_type': lstm-fb
[2019-03-07 09:49]   config 'filter_zoneout_c': 0.0
[2019-03-07 09:49]   config 'filter_zoneout_h': 0.0
[2019-03-07 09:49]   config 'final_act': SReLU
[2019-03-07 09:49]   config 'final_dim': 40
[2019-03-07 09:49]   config 'final_dropout': 0.3
[2019-03-07 09:49]   config 'input_size': None
[2019-03-07 09:49]   config 'lang': en
[2019-03-07 09:49]   config 'masking': True
[2019-03-07 09:49]   config 'mode': word
[2019-03-07 09:49]   config 'model_dir': ex/conll16st-v35dimx05-en
[2019-03-07 09:49]   config 'optimizer': adam
[2019-03-07 09:49]   config 'original_positives': 0
[2019-03-07 09:49]   config 'punc_len': 0
[2019-03-07 09:49]   config 'random_negatives': 2
[2019-03-07 09:49]   config 'random_positives': 2
[2019-03-07 09:49]   config 'random_proba_1': 0.1
[2019-03-07 09:49]   config 'random_proba_2': 0.1
[2019-03-07 09:49]   config 'random_proba_3': 0.9
[2019-03-07 09:49]   config 'rnn_act': tanh
[2019-03-07 09:49]   config 'rnn_dim': 10
[2019-03-07 09:49]   config 'rnn_dropout_U': 0.0
[2019-03-07 09:49]   config 'rnn_dropout_W': 0.0
[2019-03-07 09:49]   config 'rnn_dropout_merge': 0.3
[2019-03-07 09:49]   config 'rnn_merge': concat
[2019-03-07 09:49]   config 'rnn_num': 8
[2019-03-07 09:49]   config 'rnn_shared': aspect
[2019-03-07 09:49]   config 'rnn_type': lstm-fwd
[2019-03-07 09:49]   config 'rnn_zoneout_c': 0.0
[2019-03-07 09:49]   config 'rnn_zoneout_h': 0.0
[2019-03-07 09:49]   config 'snapshot_size': 2048
[2019-03-07 09:49]   config 'train_dir': data/conll16st-en-03-29-16-train
[2019-03-07 09:49]   config 'valid_dir': data/conll16st-en-03-29-16-dev
[2019-03-07 09:49]   config 'words2vec_bin': None
[2019-03-07 09:49]   config 'words2vec_txt': None
[2019-03-07 09:49]   config 'words_crop': None
[2019-03-07 09:49]   config 'words_dim': 10
[2019-03-07 09:49]   config 'words_dropout': 0.3
[2019-03-07 09:49]   config 'words_shared': global
[2019-03-07 09:49]   config 'words_trainable': True
[2019-03-07 09:49] load dataset for training (data/conll16st-en-03-29-16-train)
[2019-03-07 09:53]   lang: en, doc_ids: 1756, words: 933049, rel_ids: 32535, relation tokens: 1159204
[2019-03-07 09:53] load dataset for validation (data/conll16st-en-03-29-16-dev)
[2019-03-07 09:53]   lang: en, doc_ids: 79, words: 39712, rel_ids: 1436, relation tokens: 48882
[2019-03-07 09:53] build indexes from training
[2019-03-07 09:53]   words2id: 43918, target2id: 23
[2019-03-07 09:53] target class distribution from training
[2019-03-07 09:53]   class 0 = 'None': None
[2019-03-07 09:53]   class 1 = '': None
[2019-03-07 09:53]   class 2 = 'Expansion.Conjunction': 7817
[2019-03-07 09:53]   class 3 = 'Comparison.Contrast': 4714
[2019-03-07 09:53]   class 4 = 'EntRel': 4133
[2019-03-07 09:53]   class 5 = 'Contingency.Cause.Reason': 3344
[2019-03-07 09:53]   class 6 = 'Expansion.Restatement': 2699
[2019-03-07 09:53]   class 7 = 'Contingency.Cause.Result': 2137
[2019-03-07 09:53]   class 8 = 'Temporal.Synchrony': 1499
[2019-03-07 09:53]   class 9 = 'Expansion.Instantiation': 1403
[2019-03-07 09:53]   class 10 = 'Comparison.Concession': 1293
[2019-03-07 09:53]   class 11 = 'Temporal.Asynchronous.Precedence': 1277
[2019-03-07 09:53]   class 12 = 'Contingency.Condition': 1197
[2019-03-07 09:53]   class 13 = 'Temporal.Asynchronous.Succession': 1014
[2019-03-07 09:53]   class 14 = 'Comparison': 992
[2019-03-07 09:53]   class 15 = 'Expansion': 630
[2019-03-07 09:53]   class 16 = 'Expansion.Alternative.Chosen alternative': 241
[2019-03-07 09:53]   class 17 = 'Expansion.Alternative': 210
[2019-03-07 09:53]   class 18 = 'Temporal': 27
[2019-03-07 09:53]   class 19 = 'Contingency': 24
[2019-03-07 09:53]   class 20 = 'Expansion.Exception': 15
[2019-03-07 09:53]   class 21 = 'Temporal.Asynchronous': 6
[2019-03-07 09:53]   class 22 = 'Contingency.Cause': 2
[2019-03-07 09:53] build model
____________________________________________________________________________________________________
Layer (type)                     Output Shape          Param #     Connected to                     
====================================================================================================
arg1_ids (InputLayer)            (None, 100)           0                                            
____________________________________________________________________________________________________
arg2_ids (InputLayer)            (None, 100)           0                                            
____________________________________________________________________________________________________
conn_ids (InputLayer)            (None, 10)            0                                            
____________________________________________________________________________________________________
embedding_1 (Embedding)          multiple              439180      arg1_ids[0][0]                   
                                                                   arg2_ids[0][0]                   
                                                                   conn_ids[0][0]                   
____________________________________________________________________________________________________
shareablelstm_1 (ShareableLSTM)  multiple              608         embedding_1[0][0]                
                                                                   embedding_1[1][0]                
                                                                   embedding_1[2][0]                
____________________________________________________________________________________________________
shareablelstm_2 (ShareableLSTM)  multiple              608         embedding_1[0][0]                
                                                                   embedding_1[1][0]                
                                                                   embedding_1[2][0]                
____________________________________________________________________________________________________
merge_1 (Merge)                  (None, 100, 8)        0           shareablelstm_1[0][0]            
                                                                   shareablelstm_2[0][0]            
____________________________________________________________________________________________________
merge_11 (Merge)                 (None, 100, 8)        0           shareablelstm_1[1][0]            
                                                                   shareablelstm_2[1][0]            
____________________________________________________________________________________________________
merge_21 (Merge)                 (None, 10, 8)         0           shareablelstm_1[2][0]            
                                                                   shareablelstm_2[2][0]            
____________________________________________________________________________________________________
arg1_filters (Activation)        (None, 100, 8)        0           merge_1[0][0]                    
____________________________________________________________________________________________________
arg2_filters (Activation)        (None, 100, 8)        0           merge_11[0][0]                   
____________________________________________________________________________________________________
conn_filters (Activation)        (None, 10, 8)         0           merge_21[0][0]                   
____________________________________________________________________________________________________
merge_2 (Merge)                  (None, 100, 10)       0           embedding_1[0][0]                
                                                                   arg1_filters[0][0]               
____________________________________________________________________________________________________
merge_3 (Merge)                  (None, 100, 10)       0           embedding_1[0][0]                
                                                                   arg1_filters[0][0]               
____________________________________________________________________________________________________
merge_4 (Merge)                  (None, 100, 10)       0           embedding_1[0][0]                
                                                                   arg1_filters[0][0]               
____________________________________________________________________________________________________
merge_5 (Merge)                  (None, 100, 10)       0           embedding_1[0][0]                
                                                                   arg1_filters[0][0]               
____________________________________________________________________________________________________
merge_6 (Merge)                  (None, 100, 10)       0           embedding_1[0][0]                
                                                                   arg1_filters[0][0]               
____________________________________________________________________________________________________
merge_7 (Merge)                  (None, 100, 10)       0           embedding_1[0][0]                
                                                                   arg1_filters[0][0]               
____________________________________________________________________________________________________
merge_8 (Merge)                  (None, 100, 10)       0           embedding_1[0][0]                
                                                                   arg1_filters[0][0]               
____________________________________________________________________________________________________
merge_9 (Merge)                  (None, 100, 10)       0           embedding_1[0][0]                
                                                                   arg1_filters[0][0]               
____________________________________________________________________________________________________
merge_12 (Merge)                 (None, 100, 10)       0           embedding_1[1][0]                
                                                                   arg2_filters[0][0]               
____________________________________________________________________________________________________
merge_13 (Merge)                 (None, 100, 10)       0           embedding_1[1][0]                
                                                                   arg2_filters[0][0]               
____________________________________________________________________________________________________
merge_14 (Merge)                 (None, 100, 10)       0           embedding_1[1][0]                
                                                                   arg2_filters[0][0]               
____________________________________________________________________________________________________
merge_15 (Merge)                 (None, 100, 10)       0           embedding_1[1][0]                
                                                                   arg2_filters[0][0]               
____________________________________________________________________________________________________
merge_16 (Merge)                 (None, 100, 10)       0           embedding_1[1][0]                
                                                                   arg2_filters[0][0]               
____________________________________________________________________________________________________
merge_17 (Merge)                 (None, 100, 10)       0           embedding_1[1][0]                
                                                                   arg2_filters[0][0]               
____________________________________________________________________________________________________
merge_18 (Merge)                 (None, 100, 10)       0           embedding_1[1][0]                
                                                                   arg2_filters[0][0]               
____________________________________________________________________________________________________
merge_19 (Merge)                 (None, 100, 10)       0           embedding_1[1][0]                
                                                                   arg2_filters[0][0]               
____________________________________________________________________________________________________
merge_22 (Merge)                 (None, 10, 10)        0           embedding_1[2][0]                
                                                                   conn_filters[0][0]               
____________________________________________________________________________________________________
merge_23 (Merge)                 (None, 10, 10)        0           embedding_1[2][0]                
                                                                   conn_filters[0][0]               
____________________________________________________________________________________________________
merge_24 (Merge)                 (None, 10, 10)        0           embedding_1[2][0]                
                                                                   conn_filters[0][0]               
____________________________________________________________________________________________________
merge_25 (Merge)                 (None, 10, 10)        0           embedding_1[2][0]                
                                                                   conn_filters[0][0]               
____________________________________________________________________________________________________
merge_26 (Merge)                 (None, 10, 10)        0           embedding_1[2][0]                
                                                                   conn_filters[0][0]               
____________________________________________________________________________________________________
merge_27 (Merge)                 (None, 10, 10)        0           embedding_1[2][0]                
                                                                   conn_filters[0][0]               
____________________________________________________________________________________________________
merge_28 (Merge)                 (None, 10, 10)        0           embedding_1[2][0]                
                                                                   conn_filters[0][0]               
____________________________________________________________________________________________________
merge_29 (Merge)                 (None, 10, 10)        0           embedding_1[2][0]                
                                                                   conn_filters[0][0]               
____________________________________________________________________________________________________
shareablelstm_3 (ShareableLSTM)  (None, 10)            840         merge_2[0][0]                    
                                                                   merge_12[0][0]                   
                                                                   merge_22[0][0]                   
____________________________________________________________________________________________________
shareablelstm_5 (ShareableLSTM)  (None, 10)            840         merge_3[0][0]                    
                                                                   merge_13[0][0]                   
                                                                   merge_23[0][0]                   
____________________________________________________________________________________________________
shareablelstm_7 (ShareableLSTM)  (None, 10)            840         merge_4[0][0]                    
                                                                   merge_14[0][0]                   
                                                                   merge_24[0][0]                   
____________________________________________________________________________________________________
shareablelstm_9 (ShareableLSTM)  (None, 10)            840         merge_5[0][0]                    
                                                                   merge_15[0][0]                   
                                                                   merge_25[0][0]                   
____________________________________________________________________________________________________
shareablelstm_11 (ShareableLSTM) (None, 10)            840         merge_6[0][0]                    
                                                                   merge_16[0][0]                   
                                                                   merge_26[0][0]                   
____________________________________________________________________________________________________
shareablelstm_13 (ShareableLSTM) (None, 10)            840         merge_7[0][0]                    
                                                                   merge_17[0][0]                   
                                                                   merge_27[0][0]                   
____________________________________________________________________________________________________
shareablelstm_15 (ShareableLSTM) (None, 10)            840         merge_8[0][0]                    
                                                                   merge_18[0][0]                   
                                                                   merge_28[0][0]                   
____________________________________________________________________________________________________
shareablelstm_17 (ShareableLSTM) (None, 10)            840         merge_9[0][0]                    
                                                                   merge_19[0][0]                   
                                                                   merge_29[0][0]                   
____________________________________________________________________________________________________
merge_10 (Merge)                 (None, 80)            0           shareablelstm_3[0][0]            
                                                                   shareablelstm_5[0][0]            
                                                                   shareablelstm_7[0][0]            
                                                                   shareablelstm_9[0][0]            
                                                                   shareablelstm_11[0][0]           
                                                                   shareablelstm_13[0][0]           
                                                                   shareablelstm_15[0][0]           
                                                                   shareablelstm_17[0][0]           
____________________________________________________________________________________________________
merge_20 (Merge)                 (None, 80)            0           shareablelstm_3[1][0]            
                                                                   shareablelstm_5[1][0]            
                                                                   shareablelstm_7[1][0]            
                                                                   shareablelstm_9[1][0]            
                                                                   shareablelstm_11[1][0]           
                                                                   shareablelstm_13[1][0]           
                                                                   shareablelstm_15[1][0]           
                                                                   shareablelstm_17[1][0]           
____________________________________________________________________________________________________
merge_30 (Merge)                 (None, 80)            0           shareablelstm_3[2][0]            
                                                                   shareablelstm_5[2][0]            
                                                                   shareablelstm_7[2][0]            
                                                                   shareablelstm_9[2][0]            
                                                                   shareablelstm_11[2][0]           
                                                                   shareablelstm_13[2][0]           
                                                                   shareablelstm_15[2][0]           
                                                                   shareablelstm_17[2][0]           
____________________________________________________________________________________________________
dropout_1 (Dropout)              (None, 80)            0           merge_10[0][0]                   
____________________________________________________________________________________________________
dropout_2 (Dropout)              (None, 80)            0           merge_20[0][0]                   
____________________________________________________________________________________________________
dropout_3 (Dropout)              (None, 80)            0           merge_30[0][0]                   
____________________________________________________________________________________________________
merge_31 (Merge)                 (None, 240)           0           dropout_1[0][0]                  
                                                                   dropout_2[0][0]                  
                                                                   dropout_3[0][0]                  
____________________________________________________________________________________________________
dense_1 (Dense)                  (None, 40)            9640        merge_31[0][0]                   
____________________________________________________________________________________________________
srelu_1 (SReLU)                  (None, 40)            160         dense_1[0][0]                    
____________________________________________________________________________________________________
dropout_4 (Dropout)              (None, 40)            0           srelu_1[0][0]                    
____________________________________________________________________________________________________
dense_2 (Dense)                  (None, 23)            943         dropout_4[0][0]                  
____________________________________________________________________________________________________
target (Activation)              (None, 23)            0           dense_2[0][0]                    
====================================================================================================
Total params: 457,859
Trainable params: 457,859
Non-trainable params: 0
____________________________________________________________________________________________________
[2019-03-07 10:04] initialize weights
[2019-03-07 10:04] training preparation
[2019-03-07 10:04] train model (ex/conll16st-v35dimx05-en)
Epoch 1/1000
12992/13056 [============================>.] - ETA: 0s - loss: 2.1219
- val_loss: 3.2628
- val_all_f1:  0.2202 0.2202 0.2202
- val_exp_f1:  0.2807 0.2807 0.2807
- val_non_f1:  0.1669 0.1669 0.1669

13056/13056 [==============================] - 158s - loss: 2.1210 - val_loss: 3.2628
Epoch 2/1000
12992/13056 [============================>.] - ETA: 0s - loss: 1.8285
- val_loss: 2.7479
- val_all_f1:  0.2202 0.2202 0.2202
- val_exp_f1:  0.2807 0.2807 0.2807
- val_non_f1:  0.1669 0.1669 0.1669

13056/13056 [==============================] - 158s - loss: 1.8280 - val_loss: 2.7479
Epoch 3/1000
12992/13056 [============================>.] - ETA: 0s - loss: 1.4384
- val_loss: 2.5077
- val_all_f1:  0.2202 0.2202 0.2202
- val_exp_f1:  0.2807 0.2807 0.2807
- val_non_f1:  0.1669 0.1669 0.1669

13056/13056 [==============================] - 159s - loss: 1.4373 - val_loss: 2.5077
Epoch 4/1000
12992/13056 [============================>.] - ETA: 0s - loss: 1.3615
- val_loss: 2.4157
- val_all_f1:  0.2202 0.2202 0.2202
- val_exp_f1:  0.2807 0.2807 0.2807
- val_non_f1:  0.1669 0.1669 0.1669

13056/13056 [==============================] - 159s - loss: 1.3611 - val_loss: 2.4157
Epoch 5/1000
12992/13056 [============================>.] - ETA: 0s - loss: 1.2797
- val_loss: 2.3706
- val_all_f1:  0.2585 0.2585 0.2585
- val_exp_f1:  0.3627 0.3627 0.3627
- val_non_f1:  0.1669 0.1669 0.1669

13056/13056 [==============================] - 160s - loss: 1.2800 - val_loss: 2.3706
Epoch 6/1000
12992/13056 [============================>.] - ETA: 0s - loss: 1.2630
- val_loss: 2.3507
- val_all_f1:  0.2642 0.2642 0.2642
- val_exp_f1:  0.3748 0.3748 0.3748
- val_non_f1:  0.1669 0.1669 0.1669

13056/13056 [==============================] - 160s - loss: 1.2619 - val_loss: 2.3507
Epoch 7/1000
12992/13056 [============================>.] - ETA: 0s - loss: 1.1904
- val_loss: 2.0711
- val_all_f1:  0.3352 0.3352 0.3352
- val_exp_f1:  0.5175 0.5175 0.5175
- val_non_f1:  0.1749 0.1749 0.1749

13056/13056 [==============================] - 160s - loss: 1.1908 - val_loss: 2.0711
Epoch 8/1000
12992/13056 [============================>.] - ETA: 0s - loss: 1.1592
- val_loss: 1.8539
- val_all_f1:  0.4631 0.4631 0.4631
- val_exp_f1:  0.6722 0.6722 0.6722
- val_non_f1:  0.2794 0.2790 0.2792

13056/13056 [==============================] - 161s - loss: 1.1576 - val_loss: 1.8539
Epoch 9/1000
12992/13056 [============================>.] - ETA: 0s - loss: 1.0930
- val_loss: 1.7858
- val_all_f1:  0.4943 0.4943 0.4943
- val_exp_f1:  0.7147 0.7147 0.7147
- val_non_f1:  0.3008 0.3004 0.3006

13056/13056 [==============================] - 160s - loss: 1.0920 - val_loss: 1.7858
Epoch 10/1000
12992/13056 [============================>.] - ETA: 0s - loss: 1.0848
- val_loss: 1.7877
- val_all_f1:  0.4567 0.4567 0.4567
- val_exp_f1:  0.7193 0.7193 0.7193
- val_non_f1:  0.2259 0.2256 0.2258

13056/13056 [==============================] - 160s - loss: 1.0840 - val_loss: 1.7877
Epoch 11/1000
12992/13056 [============================>.] - ETA: 0s - loss: 1.0540
- val_loss: 1.7593
- val_all_f1:  0.4453 0.4453 0.4453
- val_exp_f1:  0.7284 0.7284 0.7284
- val_non_f1:  0.1965 0.1963 0.1964

13056/13056 [==============================] - 160s - loss: 1.0543 - val_loss: 1.7593
Epoch 12/1000
12992/13056 [============================>.] - ETA: 0s - loss: 1.0453
- val_loss: 1.7350
- val_all_f1:  0.4837 0.4837 0.4837
- val_exp_f1:  0.7329 0.7329 0.7329
- val_non_f1:  0.2647 0.2644 0.2645

13056/13056 [==============================] - 161s - loss: 1.0450 - val_loss: 1.7350
Epoch 13/1000
12992/13056 [============================>.] - ETA: 0s - loss: 1.0444
- val_loss: 1.7150
- val_all_f1:  0.4510 0.4510 0.4510
- val_exp_f1:  0.7269 0.7269 0.7269
- val_non_f1:  0.2086 0.2083 0.2084

13056/13056 [==============================] - 160s - loss: 1.0449 - val_loss: 1.7150
Epoch 14/1000
12992/13056 [============================>.] - ETA: 0s - loss: 1.0447
- val_loss: 1.6964
- val_all_f1:  0.4851 0.4851 0.4851
- val_exp_f1:  0.6904 0.6904 0.6904
- val_non_f1:  0.3048 0.3044 0.3046

13056/13056 [==============================] - 160s - loss: 1.0449 - val_loss: 1.6964
Epoch 15/1000
12992/13056 [============================>.] - ETA: 0s - loss: 1.0163
- val_loss: 1.6972
- val_all_f1:  0.4588 0.4588 0.4588
- val_exp_f1:  0.6965 0.6965 0.6965
- val_non_f1:  0.2500 0.2497 0.2498

13056/13056 [==============================] - 160s - loss: 1.0157 - val_loss: 1.6972
Epoch 16/1000
12992/13056 [============================>.] - ETA: 0s - loss: 1.0251
- val_loss: 1.6989
- val_all_f1:  0.4474 0.4474 0.4474
- val_exp_f1:  0.7162 0.7162 0.7162
- val_non_f1:  0.2112 0.2109 0.2111

13056/13056 [==============================] - 160s - loss: 1.0243 - val_loss: 1.6989
Epoch 17/1000
12992/13056 [============================>.] - ETA: 0s - loss: 1.0306
- val_loss: 1.6813
- val_all_f1:  0.4389 0.4389 0.4389
- val_exp_f1:  0.7132 0.7132 0.7132
- val_non_f1:  0.1979 0.1976 0.1977

13056/13056 [==============================] - 160s - loss: 1.0301 - val_loss: 1.6813
Epoch 18/1000
12992/13056 [============================>.] - ETA: 0s - loss: 1.0314
- val_loss: 1.6750
- val_all_f1:  0.4418 0.4418 0.4418
- val_exp_f1:  0.7299 0.7299 0.7299
- val_non_f1:  0.1885 0.1883 0.1884

13056/13056 [==============================] - 160s - loss: 1.0307 - val_loss: 1.6750
Epoch 19/1000
12992/13056 [============================>.] - ETA: 0s - loss: 1.0392
- val_loss: 1.6878
- val_all_f1:  0.4453 0.4453 0.4453
- val_exp_f1:  0.7086 0.7086 0.7086
- val_non_f1:  0.2139 0.2136 0.2138

13056/13056 [==============================] - 160s - loss: 1.0388 - val_loss: 1.6878
Epoch 20/1000
12992/13056 [============================>.] - ETA: 0s - loss: 1.0590
- val_loss: 1.7307
- val_all_f1:  0.4766 0.4766 0.4766
- val_exp_f1:  0.7401 0.7390 0.7396
- val_non_f1:  0.2460 0.2457 0.2458

13056/13056 [==============================] - 161s - loss: 1.0592 - val_loss: 1.7307
Epoch 21/1000
12992/13056 [============================>.] - ETA: 0s - loss: 1.0448
- val_loss: 1.6643
- val_all_f1:  0.4872 0.4872 0.4872
- val_exp_f1:  0.7481 0.7481 0.7481
- val_non_f1:  0.2580 0.2577 0.2578

13056/13056 [==============================] - 160s - loss: 1.0445 - val_loss: 1.6643
Epoch 22/1000
12992/13056 [============================>.] - ETA: 0s - loss: 1.0301
- val_loss: 1.6535
- val_all_f1:  0.4943 0.4943 0.4943
- val_exp_f1:  0.7481 0.7481 0.7481
- val_non_f1:  0.2714 0.2710 0.2712

13056/13056 [==============================] - 160s - loss: 1.0296 - val_loss: 1.6535
Epoch 23/1000
12992/13056 [============================>.] - ETA: 0s - loss: 0.9850
- val_loss: 1.6795
- val_all_f1:  0.4567 0.4567 0.4567
- val_exp_f1:  0.7284 0.7284 0.7284
- val_non_f1:  0.2179 0.2176 0.2178

13056/13056 [==============================] - 160s - loss: 0.9843 - val_loss: 1.6795
Epoch 24/1000
12992/13056 [============================>.] - ETA: 0s - loss: 0.9800
- val_loss: 1.6116
- val_all_f1:  0.5213 0.5213 0.5213
- val_exp_f1:  0.7663 0.7663 0.7663
- val_non_f1:  0.3061 0.3057 0.3059

13056/13056 [==============================] - 161s - loss: 0.9801 - val_loss: 1.6116
Epoch 25/1000
12992/13056 [============================>.] - ETA: 0s - loss: 0.9861
- val_loss: 1.5969
- val_all_f1:  0.5220 0.5220 0.5220
- val_exp_f1:  0.7678 0.7678 0.7678
- val_non_f1:  0.3061 0.3057 0.3059

13056/13056 [==============================] - 160s - loss: 0.9854 - val_loss: 1.5969
Epoch 26/1000
12992/13056 [============================>.] - ETA: 0s - loss: 0.9891
- val_loss: 1.5761
- val_all_f1:  0.5362 0.5362 0.5362
- val_exp_f1:  0.7800 0.7800 0.7800
- val_non_f1:  0.3218 0.3218 0.3218

13056/13056 [==============================] - 160s - loss: 0.9901 - val_loss: 1.5761
Epoch 27/1000
12992/13056 [============================>.] - ETA: 0s - loss: 0.9829
- val_loss: 1.5691
- val_all_f1:  0.5128 0.5128 0.5128
- val_exp_f1:  0.7906 0.7906 0.7906
- val_non_f1:  0.2687 0.2684 0.2685

13056/13056 [==============================] - 165s - loss: 0.9823 - val_loss: 1.5691
Epoch 28/1000
12992/13056 [============================>.] - ETA: 0s - loss: 0.9835
- val_loss: 1.5951
- val_all_f1:  0.5099 0.5099 0.5099
- val_exp_f1:  0.8058 0.8058 0.8058
- val_non_f1:  0.2500 0.2497 0.2498

13056/13056 [==============================] - 164s - loss: 0.9830 - val_loss: 1.5951
Epoch 29/1000
12992/13056 [============================>.] - ETA: 0s - loss: 0.9650
- val_loss: 1.5603
- val_all_f1:  0.5440 0.5440 0.5440
- val_exp_f1:  0.8285 0.8285 0.8285
- val_non_f1:  0.2941 0.2937 0.2939

13056/13056 [==============================] - 164s - loss: 0.9643 - val_loss: 1.5603
Epoch 30/1000
12992/13056 [============================>.] - ETA: 0s - loss: 0.9691
- val_loss: 1.5868
- val_all_f1:  0.5284 0.5284 0.5284
- val_exp_f1:  0.8118 0.8118 0.8118
- val_non_f1:  0.2794 0.2790 0.2792

13056/13056 [==============================] - 163s - loss: 0.9688 - val_loss: 1.5868
Epoch 31/1000
12992/13056 [============================>.] - ETA: 0s - loss: 0.9539
- val_loss: 1.5695
- val_all_f1:  0.5270 0.5270 0.5270
- val_exp_f1:  0.8300 0.8300 0.8300
- val_non_f1:  0.2603 0.2603 0.2603

13056/13056 [==============================] - 162s - loss: 0.9536 - val_loss: 1.5695
Epoch 32/1000
12992/13056 [============================>.] - ETA: 0s - loss: 0.9474
- val_loss: 1.5258
- val_all_f1:  0.5582 0.5582 0.5582
- val_exp_f1:  0.8422 0.8422 0.8422
- val_non_f1:  0.3084 0.3084 0.3084

13056/13056 [==============================] - 163s - loss: 0.9484 - val_loss: 1.5258
Epoch 33/1000
12992/13056 [============================>.] - ETA: 0s - loss: 0.9518
- val_loss: 1.5561
- val_all_f1:  0.5369 0.5369 0.5369
- val_exp_f1:  0.8407 0.8407 0.8407
- val_non_f1:  0.2701 0.2697 0.2699

13056/13056 [==============================] - 162s - loss: 0.9502 - val_loss: 1.5561
Epoch 34/1000
12992/13056 [============================>.] - ETA: 0s - loss: 0.9319
- val_loss: 1.5234
- val_all_f1:  0.5533 0.5533 0.5533
- val_exp_f1:  0.8495 0.8483 0.8489
- val_non_f1:  0.2941 0.2937 0.2939

13056/13056 [==============================] - 163s - loss: 0.9303 - val_loss: 1.5234
Epoch 35/1000
12992/13056 [============================>.] - ETA: 0s - loss: 0.9173
- val_loss: 1.4994
- val_all_f1:  0.5618 0.5618 0.5618
- val_exp_f1:  0.8771 0.8771 0.8771
- val_non_f1:  0.2848 0.2844 0.2846

13056/13056 [==============================] - 162s - loss: 0.9185 - val_loss: 1.4994
Epoch 36/1000
12992/13056 [============================>.] - ETA: 0s - loss: 0.9448
- val_loss: 1.5009
- val_all_f1:  0.5675 0.5675 0.5675
- val_exp_f1:  0.8604 0.8604 0.8604
- val_non_f1:  0.3102 0.3097 0.3100

13056/13056 [==============================] - 162s - loss: 0.9464 - val_loss: 1.5009
Epoch 37/1000
12992/13056 [============================>.] - ETA: 0s - loss: 0.9279
- val_loss: 1.4986
- val_all_f1:  0.5611 0.5611 0.5611
- val_exp_f1:  0.8498 0.8498 0.8498
- val_non_f1:  0.3075 0.3071 0.3073

13056/13056 [==============================] - 162s - loss: 0.9280 - val_loss: 1.4986
Epoch 38/1000
12992/13056 [============================>.] - ETA: 0s - loss: 0.9254
- val_loss: 1.5106
- val_all_f1:  0.5497 0.5497 0.5497
- val_exp_f1:  0.8801 0.8801 0.8801
- val_non_f1:  0.2594 0.2590 0.2592

13056/13056 [==============================] - 160s - loss: 0.9255 - val_loss: 1.5106
Epoch 39/1000
12992/13056 [============================>.] - ETA: 0s - loss: 0.9241
- val_loss: 1.6226
- val_all_f1:  0.5135 0.5135 0.5135
- val_exp_f1:  0.8574 0.8574 0.8574
- val_non_f1:  0.2112 0.2109 0.2111

13056/13056 [==============================] - 160s - loss: 0.9225 - val_loss: 1.6226
Epoch 40/1000
12992/13056 [============================>.] - ETA: 0s - loss: 0.9354
- val_loss: 1.5376
- val_all_f1:  0.5618 0.5618 0.5618
- val_exp_f1:  0.8526 0.8513 0.8519
- val_non_f1:  0.3075 0.3071 0.3073

13056/13056 [==============================] - 160s - loss: 0.9356 - val_loss: 1.5376
Epoch 41/1000
12992/13056 [============================>.] - ETA: 0s - loss: 0.9218
- val_loss: 1.5160
- val_all_f1:  0.5575 0.5575 0.5575
- val_exp_f1:  0.8574 0.8574 0.8574
- val_non_f1:  0.2941 0.2937 0.2939

13056/13056 [==============================] - 160s - loss: 0.9218 - val_loss: 1.5160
Epoch 42/1000
12992/13056 [============================>.] - ETA: 0s - loss: 0.9154
- val_loss: 1.5270
- val_all_f1:  0.5540 0.5540 0.5540
- val_exp_f1:  0.8556 0.8543 0.8550
- val_non_f1:  0.2901 0.2897 0.2899

13056/13056 [==============================] - 160s - loss: 0.9159 - val_loss: 1.5270
Epoch 43/1000
12992/13056 [============================>.] - ETA: 0s - loss: 0.9006
- val_loss: 1.4971
- val_all_f1:  0.5682 0.5682 0.5682
- val_exp_f1:  0.8801 0.8801 0.8801
- val_non_f1:  0.2937 0.2937 0.2937

13056/13056 [==============================] - 161s - loss: 0.9004 - val_loss: 1.4971
Epoch 44/1000
12992/13056 [============================>.] - ETA: 0s - loss: 0.8909
- val_loss: 1.4991
- val_all_f1:  0.5682 0.5682 0.5682
- val_exp_f1:  0.8847 0.8847 0.8847
- val_non_f1:  0.2901 0.2897 0.2899

13056/13056 [==============================] - 160s - loss: 0.8909 - val_loss: 1.4991
Epoch 45/1000
12992/13056 [============================>.] - ETA: 0s - loss: 0.8965
- val_loss: 1.4843
- val_all_f1:  0.5639 0.5639 0.5639
- val_exp_f1:  0.8815 0.8801 0.8808
- val_non_f1:  0.2861 0.2857 0.2859

13056/13056 [==============================] - 160s - loss: 0.8959 - val_loss: 1.4843
Epoch 46/1000
12992/13056 [============================>.] - ETA: 0s - loss: 0.8850
- val_loss: 1.4552
- val_all_f1:  0.5952 0.5952 0.5952
- val_exp_f1:  0.8921 0.8907 0.8914
- val_non_f1:  0.3356 0.3351 0.3353

13056/13056 [==============================] - 161s - loss: 0.8854 - val_loss: 1.4552
Epoch 47/1000
12992/13056 [============================>.] - ETA: 0s - loss: 0.9036
- val_loss: 1.4679
- val_all_f1:  0.5817 0.5817 0.5817
- val_exp_f1:  0.8739 0.8725 0.8732
- val_non_f1:  0.3258 0.3258 0.3258

13056/13056 [==============================] - 161s - loss: 0.9039 - val_loss: 1.4679
Epoch 48/1000
12992/13056 [============================>.] - ETA: 0s - loss: 0.9204
- val_loss: 1.4571
- val_all_f1:  0.5895 0.5895 0.5895
- val_exp_f1:  0.8845 0.8832 0.8838
- val_non_f1:  0.3311 0.3311 0.3311

13056/13056 [==============================] - 161s - loss: 0.9195 - val_loss: 1.4571
Epoch 49/1000
12992/13056 [============================>.] - ETA: 0s - loss: 0.9002
- val_loss: 1.4884
- val_all_f1:  0.5682 0.5682 0.5682
- val_exp_f1:  0.8708 0.8695 0.8702
- val_non_f1:  0.3035 0.3031 0.3033

13056/13056 [==============================] - 161s - loss: 0.8991 - val_loss: 1.4884
Epoch 50/1000
12992/13056 [============================>.] - ETA: 0s - loss: 0.9039
- val_loss: 1.4820
- val_all_f1:  0.5760 0.5760 0.5760
- val_exp_f1:  0.8906 0.8892 0.8899
- val_non_f1:  0.3008 0.3004 0.3006

13056/13056 [==============================] - 160s - loss: 0.9038 - val_loss: 1.4820
Epoch 51/1000
12992/13056 [============================>.] - ETA: 0s - loss: 0.8945
- val_loss: 1.4729
- val_all_f1:  0.5866 0.5866 0.5866
- val_exp_f1:  0.8906 0.8892 0.8899
- val_non_f1:  0.3209 0.3204 0.3206

13056/13056 [==============================] - 161s - loss: 0.8954 - val_loss: 1.4729
Epoch 52/1000
12992/13056 [============================>.] - ETA: 0s - loss: 0.8761
- val_loss: 1.4476
- val_all_f1:  0.5881 0.5881 0.5881
- val_exp_f1:  0.8936 0.8923 0.8929
- val_non_f1:  0.3204 0.3204 0.3204

13056/13056 [==============================] - 162s - loss: 0.8762 - val_loss: 1.4476
Epoch 53/1000
12992/13056 [============================>.] - ETA: 0s - loss: 0.8724
- val_loss: 1.4712
- val_all_f1:  0.5781 0.5781 0.5781
- val_exp_f1:  0.8967 0.8953 0.8960
- val_non_f1:  0.2991 0.2991 0.2991

13056/13056 [==============================] - 160s - loss: 0.8736 - val_loss: 1.4712
Epoch 54/1000
12992/13056 [============================>.] - ETA: 0s - loss: 0.8987
- val_loss: 1.4694
- val_all_f1:  0.5888 0.5888 0.5888
- val_exp_f1:  0.8982 0.8968 0.8975
- val_non_f1:  0.3182 0.3178 0.3180

13056/13056 [==============================] - 161s - loss: 0.8987 - val_loss: 1.4694
Epoch 55/1000
12992/13056 [============================>.] - ETA: 0s - loss: 0.8652
- val_loss: 1.4626
- val_all_f1:  0.5817 0.5817 0.5817
- val_exp_f1:  0.8815 0.8801 0.8808
- val_non_f1:  0.3195 0.3191 0.3193

13056/13056 [==============================] - 161s - loss: 0.8645 - val_loss: 1.4626
Epoch 56/1000
12992/13056 [============================>.] - ETA: 0s - loss: 0.8639
- val_loss: 1.5241
- val_all_f1:  0.5632 0.5632 0.5632
- val_exp_f1:  0.8983 0.8983 0.8983
- val_non_f1:  0.2687 0.2684 0.2685

13056/13056 [==============================] - 161s - loss: 0.8647 - val_loss: 1.5241
Epoch 57/1000
12992/13056 [============================>.] - ETA: 0s - loss: 0.8900
- val_loss: 1.5670
- val_all_f1:  0.5412 0.5412 0.5412
- val_exp_f1:  0.8100 0.8088 0.8094
- val_non_f1:  0.3061 0.3057 0.3059

13056/13056 [==============================] - 161s - loss: 0.8906 - val_loss: 1.5670
Epoch 58/1000
12992/13056 [============================>.] - ETA: 0s - loss: 0.8803
- val_loss: 1.4931
- val_all_f1:  0.5703 0.5703 0.5703
- val_exp_f1:  0.8801 0.8801 0.8801
- val_non_f1:  0.2981 0.2977 0.2979

13056/13056 [==============================] - 161s - loss: 0.8801 - val_loss: 1.4931
Epoch 59/1000
12992/13056 [============================>.] - ETA: 0s - loss: 0.8597
- val_loss: 1.4514
- val_all_f1:  0.5888 0.5888 0.5888
- val_exp_f1:  0.9012 0.8998 0.9005
- val_non_f1:  0.3151 0.3151 0.3151

13056/13056 [==============================] - 160s - loss: 0.8601 - val_loss: 1.4514
Epoch 60/1000
12992/13056 [============================>.] - ETA: 0s - loss: 0.8824
- val_loss: 1.4532
- val_all_f1:  0.5916 0.5916 0.5916
- val_exp_f1:  0.9043 0.9029 0.9036
- val_non_f1:  0.3178 0.3178 0.3178

13056/13056 [==============================] - 160s - loss: 0.8820 - val_loss: 1.4532
Epoch 61/1000
12992/13056 [============================>.] - ETA: 0s - loss: 0.8683
- val_loss: 1.4601
- val_all_f1:  0.5945 0.5945 0.5945
- val_exp_f1:  0.9043 0.9029 0.9036
- val_non_f1:  0.3235 0.3231 0.3233

13056/13056 [==============================] - 160s - loss: 0.8681 - val_loss: 1.4601
Epoch 62/1000
12992/13056 [============================>.] - ETA: 0s - loss: 0.8383
- val_loss: 1.4567
- val_all_f1:  0.5845 0.5845 0.5845
- val_exp_f1:  0.8951 0.8938 0.8945
- val_non_f1:  0.3124 0.3124 0.3124

13056/13056 [==============================] - 161s - loss: 0.8391 - val_loss: 1.4567
Epoch 63/1000
12992/13056 [============================>.] - ETA: 0s - loss: 0.8516
- val_loss: 1.4975
- val_all_f1:  0.5653 0.5653 0.5653
- val_exp_f1:  0.8769 0.8756 0.8762
- val_non_f1:  0.2928 0.2924 0.2926

13056/13056 [==============================] - 160s - loss: 0.8516 - val_loss: 1.4975
Epoch 64/1000
12992/13056 [============================>.] - ETA: 0s - loss: 0.8578
- val_loss: 1.5595
- val_all_f1:  0.5561 0.5561 0.5561
- val_exp_f1:  0.8769 0.8756 0.8762
- val_non_f1:  0.2754 0.2750 0.2752

13056/13056 [==============================] - 159s - loss: 0.8583 - val_loss: 1.5595
Epoch 65/1000
12992/13056 [============================>.] - ETA: 0s - loss: 0.8655
- val_loss: 1.4748
- val_all_f1:  0.5923 0.5923 0.5923
- val_exp_f1:  0.9073 0.9059 0.9066
- val_non_f1:  0.3168 0.3164 0.3166

13056/13056 [==============================] - 160s - loss: 0.8636 - val_loss: 1.4748
Epoch 66/1000
12992/13056 [============================>.] - ETA: 0s - loss: 0.8513
- val_loss: 1.4947
- val_all_f1:  0.5682 0.5682 0.5682
- val_exp_f1:  0.8907 0.8907 0.8907
- val_non_f1:  0.2848 0.2844 0.2846

13056/13056 [==============================] - 159s - loss: 0.8517 - val_loss: 1.4947
Epoch 67/1000
12992/13056 [============================>.] - ETA: 0s - loss: 0.8422
- val_loss: 1.5023
- val_all_f1:  0.5668 0.5668 0.5668
- val_exp_f1:  0.9043 0.9029 0.9036
- val_non_f1:  0.2714 0.2710 0.2712

13056/13056 [==============================] - 160s - loss: 0.8418 - val_loss: 1.5023
Epoch 68/1000
12992/13056 [============================>.] - ETA: 0s - loss: 0.8469
- val_loss: 1.5054
- val_all_f1:  0.5710 0.5710 0.5710
- val_exp_f1:  0.8936 0.8923 0.8929
- val_non_f1:  0.2884 0.2884 0.2884

13056/13056 [==============================] - 160s - loss: 0.8470 - val_loss: 1.5054
Epoch 69/1000
12992/13056 [============================>.] - ETA: 0s - loss: 0.8328
- val_loss: 1.4571
- val_all_f1:  0.5781 0.5781 0.5781
- val_exp_f1:  0.9103 0.9090 0.9096
- val_non_f1:  0.2874 0.2870 0.2872

13056/13056 [==============================] - 161s - loss: 0.8328 - val_loss: 1.4571
Epoch 70/1000
12992/13056 [============================>.] - ETA: 0s - loss: 0.8447
- val_loss: 1.4661
- val_all_f1:  0.5838 0.5838 0.5838
- val_exp_f1:  0.8982 0.8968 0.8975
- val_non_f1:  0.3088 0.3084 0.3086

13056/13056 [==============================] - 161s - loss: 0.8447 - val_loss: 1.4661
Epoch 71/1000
12992/13056 [============================>.] - ETA: 0s - loss: 0.8459
- val_loss: 1.5189
- val_all_f1:  0.5597 0.5597 0.5597
- val_exp_f1:  0.8923 0.8923 0.8923
- val_non_f1:  0.2674 0.2670 0.2672

13056/13056 [==============================] - 160s - loss: 0.8465 - val_loss: 1.5189
Epoch 72/1000
12992/13056 [============================>.] - ETA: 0s - loss: 0.8243
- val_loss: 1.5573
- val_all_f1:  0.5526 0.5526 0.5526
- val_exp_f1:  0.8877 0.8877 0.8877
- val_non_f1:  0.2580 0.2577 0.2578

13056/13056 [==============================] - 161s - loss: 0.8248 - val_loss: 1.5573
Epoch 73/1000
12992/13056 [============================>.] - ETA: 0s - loss: 0.8303
- val_loss: 1.4459
- val_all_f1:  0.5824 0.5824 0.5824
- val_exp_f1:  0.9103 0.9090 0.9096
- val_non_f1:  0.2955 0.2951 0.2953

13056/13056 [==============================] - 161s - loss: 0.8310 - val_loss: 1.4459
Epoch 74/1000
12992/13056 [============================>.] - ETA: 0s - loss: 0.8377
- val_loss: 1.5027
- val_all_f1:  0.5724 0.5724 0.5724
- val_exp_f1:  0.9058 0.9044 0.9051
- val_non_f1:  0.2807 0.2804 0.2806

13056/13056 [==============================] - 161s - loss: 0.8400 - val_loss: 1.5027
Epoch 75/1000
12992/13056 [============================>.] - ETA: 0s - loss: 0.8425
- val_loss: 1.4688
- val_all_f1:  0.5760 0.5760 0.5760
- val_exp_f1:  0.9012 0.8998 0.9005
- val_non_f1:  0.2914 0.2911 0.2912

13056/13056 [==============================] - 161s - loss: 0.8421 - val_loss: 1.4688
Epoch 76/1000
12992/13056 [============================>.] - ETA: 0s - loss: 0.8297
- val_loss: 1.4538
- val_all_f1:  0.5753 0.5753 0.5753
- val_exp_f1:  0.8967 0.8953 0.8960
- val_non_f1:  0.2937 0.2937 0.2937

13056/13056 [==============================] - 161s - loss: 0.8289 - val_loss: 1.4538
Epoch 77/1000
12992/13056 [============================>.] - ETA: 0s - loss: 0.8318
- val_loss: 1.4623
- val_all_f1:  0.5774 0.5774 0.5774
- val_exp_f1:  0.8921 0.8907 0.8914
- val_non_f1:  0.3021 0.3017 0.3019

13056/13056 [==============================] - 160s - loss: 0.8318 - val_loss: 1.4623
Epoch 78/1000
12992/13056 [============================>.] - ETA: 0s - loss: 0.8382
- val_loss: 1.5051
- val_all_f1:  0.5604 0.5604 0.5604
- val_exp_f1:  0.9074 0.9074 0.9074
- val_non_f1:  0.2553 0.2550 0.2552

13056/13056 [==============================] - 162s - loss: 0.8384 - val_loss: 1.5051
Epoch 79/1000
12992/13056 [============================>.] - ETA: 0s - loss: 0.8326
- val_loss: 1.4424
- val_all_f1:  0.5923 0.5923 0.5923
- val_exp_f1:  0.9043 0.9029 0.9036
- val_non_f1:  0.3195 0.3191 0.3193

13056/13056 [==============================] - 164s - loss: 0.8338 - val_loss: 1.4424
Epoch 80/1000
12992/13056 [============================>.] - ETA: 0s - loss: 0.8406
- val_loss: 1.4863
- val_all_f1:  0.5696 0.5696 0.5696
- val_exp_f1:  0.9119 0.9105 0.9112
- val_non_f1:  0.2701 0.2697 0.2699

13056/13056 [==============================] - 161s - loss: 0.8424 - val_loss: 1.4863
Epoch 81/1000
12992/13056 [============================>.] - ETA: 0s - loss: 0.8123
- val_loss: 1.4612
- val_all_f1:  0.5717 0.5717 0.5717
- val_exp_f1:  0.9012 0.8998 0.9005
- val_non_f1:  0.2834 0.2830 0.2832

13056/13056 [==============================] - 161s - loss: 0.8140 - val_loss: 1.4612
Epoch 82/1000
12992/13056 [============================>.] - ETA: 0s - loss: 0.7972
- val_loss: 1.5015
- val_all_f1:  0.5703 0.5703 0.5703
- val_exp_f1:  0.8951 0.8938 0.8945
- val_non_f1:  0.2861 0.2857 0.2859

13056/13056 [==============================] - 162s - loss: 0.7982 - val_loss: 1.5015
Epoch 83/1000
12992/13056 [============================>.] - ETA: 0s - loss: 0.8432
- val_loss: 1.5743
- val_all_f1:  0.5455 0.5455 0.5455
- val_exp_f1:  0.8374 0.8361 0.8368
- val_non_f1:  0.2901 0.2897 0.2899

13056/13056 [==============================] - 162s - loss: 0.8445 - val_loss: 1.5743
Epoch 84/1000
12992/13056 [============================>.] - ETA: 0s - loss: 0.8233
- val_loss: 1.5081
- val_all_f1:  0.5710 0.5710 0.5710
- val_exp_f1:  0.8799 0.8786 0.8793
- val_non_f1:  0.3008 0.3004 0.3006

13056/13056 [==============================] - 161s - loss: 0.8237 - val_loss: 1.5081
Epoch 85/1000
12992/13056 [============================>.] - ETA: 0s - loss: 0.8149
- val_loss: 1.5666
- val_all_f1:  0.5540 0.5540 0.5540
- val_exp_f1:  0.8997 0.8983 0.8990
- val_non_f1:  0.2513 0.2510 0.2512

13056/13056 [==============================] - 161s - loss: 0.8156 - val_loss: 1.5666
Epoch 86/1000
12992/13056 [============================>.] - ETA: 0s - loss: 0.8101
- val_loss: 1.5171
- val_all_f1:  0.5604 0.5604 0.5604
- val_exp_f1:  0.8754 0.8741 0.8747
- val_non_f1:  0.2848 0.2844 0.2846

13056/13056 [==============================] - 161s - loss: 0.8107 - val_loss: 1.5171
Epoch 87/1000
12992/13056 [============================>.] - ETA: 0s - loss: 0.8277
- val_loss: 1.5319
- val_all_f1:  0.5575 0.5575 0.5575
- val_exp_f1:  0.8875 0.8862 0.8869
- val_non_f1:  0.2687 0.2684 0.2685

13056/13056 [==============================] - 161s - loss: 0.8273 - val_loss: 1.5319
Epoch 88/1000
12992/13056 [============================>.] - ETA: 0s - loss: 0.8137
- val_loss: 1.5458
- val_all_f1:  0.5575 0.5575 0.5575
- val_exp_f1:  0.8982 0.8968 0.8975
- val_non_f1:  0.2594 0.2590 0.2592

13056/13056 [==============================] - 160s - loss: 0.8133 - val_loss: 1.5458
Epoch 89/1000
12992/13056 [============================>.] - ETA: 0s - loss: 0.8014
- val_loss: 1.5078
- val_all_f1:  0.5675 0.5675 0.5675
- val_exp_f1:  0.9134 0.9120 0.9127
- val_non_f1:  0.2647 0.2644 0.2645

13056/13056 [==============================] - 161s - loss: 0.8025 - val_loss: 1.5078
Epoch 90/1000
12992/13056 [============================>.] - ETA: 0s - loss: 0.8128
- val_loss: 1.4671
- val_all_f1:  0.5724 0.5724 0.5724
- val_exp_f1:  0.8906 0.8892 0.8899
- val_non_f1:  0.2941 0.2937 0.2939

13056/13056 [==============================] - 161s - loss: 0.8119 - val_loss: 1.4671
Epoch 91/1000
12992/13056 [============================>.] - ETA: 0s - loss: 0.7916
- val_loss: 1.4701
- val_all_f1:  0.5753 0.5753 0.5753
- val_exp_f1:  0.8951 0.8938 0.8945
- val_non_f1:  0.2955 0.2951 0.2953

13056/13056 [==============================] - 161s - loss: 0.7921 - val_loss: 1.4701
Epoch 92/1000
12992/13056 [============================>.] - ETA: 0s - loss: 0.7790
- val_loss: 1.4973
- val_all_f1:  0.5717 0.5717 0.5717
- val_exp_f1:  0.9073 0.9059 0.9066
- val_non_f1:  0.2781 0.2777 0.2779

13056/13056 [==============================] - 161s - loss: 0.7787 - val_loss: 1.4973
Epoch 93/1000
12992/13056 [============================>.] - ETA: 0s - loss: 0.8046
- val_loss: 1.5110
- val_all_f1:  0.5682 0.5682 0.5682
- val_exp_f1:  0.8982 0.8968 0.8975
- val_non_f1:  0.2794 0.2790 0.2792

13056/13056 [==============================] - 160s - loss: 0.8023 - val_loss: 1.5110
Epoch 94/1000
12992/13056 [============================>.] - ETA: 0s - loss: 0.7874
- val_loss: 1.4984
- val_all_f1:  0.5717 0.5717 0.5717
- val_exp_f1:  0.9059 0.9059 0.9059
- val_non_f1:  0.2781 0.2777 0.2779

13056/13056 [==============================] - 160s - loss: 0.7870 - val_loss: 1.4984
Epoch 95/1000
12992/13056 [============================>.] - ETA: 0s - loss: 0.8074
- val_loss: 1.4898
- val_all_f1:  0.5746 0.5746 0.5746
- val_exp_f1:  0.8982 0.8968 0.8975
- val_non_f1:  0.2914 0.2911 0.2912

13056/13056 [==============================] - 160s - loss: 0.8072 - val_loss: 1.4898
Epoch 96/1000
12992/13056 [============================>.] - ETA: 0s - loss: 0.7793
- val_loss: 1.5204
- val_all_f1:  0.5483 0.5483 0.5483
- val_exp_f1:  0.9012 0.8998 0.9005
- val_non_f1:  0.2393 0.2390 0.2391

13056/13056 [==============================] - 160s - loss: 0.7789 - val_loss: 1.5204
Epoch 97/1000
12992/13056 [============================>.] - ETA: 0s - loss: 0.8076
- val_loss: 1.5116
- val_all_f1:  0.5589 0.5589 0.5589
- val_exp_f1:  0.8983 0.8983 0.8983
- val_non_f1:  0.2607 0.2603 0.2605

13056/13056 [==============================] - 160s - loss: 0.8080 - val_loss: 1.5116
Epoch 98/1000
12992/13056 [============================>.] - ETA: 0s - loss: 0.8368
- val_loss: 1.4867
- val_all_f1:  0.5753 0.5753 0.5753
- val_exp_f1:  0.9103 0.9090 0.9096
- val_non_f1:  0.2821 0.2817 0.2819

13056/13056 [==============================] - 161s - loss: 0.8356 - val_loss: 1.4867
Epoch 99/1000
12992/13056 [============================>.] - ETA: 0s - loss: 0.7982
- val_loss: 1.4593
- val_all_f1:  0.5753 0.5753 0.5753
- val_exp_f1:  0.9058 0.9044 0.9051
- val_non_f1:  0.2861 0.2857 0.2859

13056/13056 [==============================] - 160s - loss: 0.7982 - val_loss: 1.4593
Epoch 100/1000
12992/13056 [============================>.] - ETA: 0s - loss: 0.8248
- val_loss: 1.4732
- val_all_f1:  0.5788 0.5788 0.5788
- val_exp_f1:  0.9027 0.9014 0.9021
- val_non_f1:  0.2955 0.2951 0.2953

13056/13056 [==============================] - 161s - loss: 0.8255 - val_loss: 1.4732
Epoch 101/1000
12992/13056 [============================>.] - ETA: 0s - loss: 0.7908
- val_loss: 1.4998
- val_all_f1:  0.5746 0.5746 0.5746
- val_exp_f1:  0.8951 0.8938 0.8945
- val_non_f1:  0.2941 0.2937 0.2939

13056/13056 [==============================] - 160s - loss: 0.7937 - val_loss: 1.4998
Epoch 102/1000
12992/13056 [============================>.] - ETA: 0s - loss: 0.7737
- val_loss: 1.5997
- val_all_f1:  0.5320 0.5320 0.5320
- val_exp_f1:  0.8892 0.8892 0.8892
- val_non_f1:  0.2179 0.2176 0.2178

13056/13056 [==============================] - 161s - loss: 0.7727 - val_loss: 1.5997
Epoch 103/1000
12992/13056 [============================>.] - ETA: 0s - loss: 0.8036
- val_loss: 1.5338
- val_all_f1:  0.5646 0.5646 0.5646
- val_exp_f1:  0.9103 0.9090 0.9096
- val_non_f1:  0.2620 0.2617 0.2619

13056/13056 [==============================] - 162s - loss: 0.8031 - val_loss: 1.5338
Epoch 104/1000
12992/13056 [============================>.] - ETA: 0s - loss: 0.7837
- val_loss: 1.5031
- val_all_f1:  0.5703 0.5703 0.5703
- val_exp_f1:  0.9073 0.9059 0.9066
- val_non_f1:  0.2750 0.2750 0.2750

13056/13056 [==============================] - 161s - loss: 0.7856 - val_loss: 1.5031
Epoch 105/1000
12992/13056 [============================>.] - ETA: 0s - loss: 0.8329
- val_loss: 1.4993
- val_all_f1:  0.5753 0.5753 0.5753
- val_exp_f1:  0.9119 0.9105 0.9112
- val_non_f1:  0.2807 0.2804 0.2806

13056/13056 [==============================] - 162s - loss: 0.8314 - val_loss: 1.4993
Epoch 106/1000
12992/13056 [============================>.] - ETA: 0s - loss: 0.8205
- val_loss: 1.4825
- val_all_f1:  0.5831 0.5831 0.5831
- val_exp_f1:  0.9103 0.9090 0.9096
- val_non_f1:  0.2968 0.2964 0.2966

13056/13056 [==============================] - 161s - loss: 0.8217 - val_loss: 1.4825
Epoch 107/1000
12992/13056 [============================>.] - ETA: 0s - loss: 0.7920
- val_loss: 1.5046
- val_all_f1:  0.5689 0.5689 0.5689
- val_exp_f1:  0.9164 0.9150 0.9157
- val_non_f1:  0.2647 0.2644 0.2645

13056/13056 [==============================] - 161s - loss: 0.7940 - val_loss: 1.5046
Epoch 108/1000
12992/13056 [============================>.] - ETA: 0s - loss: 0.7939
- val_loss: 1.4634
- val_all_f1:  0.5724 0.5724 0.5724
- val_exp_f1:  0.9134 0.9120 0.9127
- val_non_f1:  0.2741 0.2737 0.2739

13056/13056 [==============================] - 161s - loss: 0.7950 - val_loss: 1.4634
Epoch 109/1000
12992/13056 [============================>.] - ETA: 0s - loss: 0.8045
- val_loss: 1.4679
- val_all_f1:  0.5724 0.5724 0.5724
- val_exp_f1:  0.9134 0.9120 0.9127
- val_non_f1:  0.2741 0.2737 0.2739

13056/13056 [==============================] - 162s - loss: 0.8041 - val_loss: 1.4679
Epoch 110/1000
12992/13056 [============================>.] - ETA: 0s - loss: 0.7813
- val_loss: 1.4434
- val_all_f1:  0.5852 0.5852 0.5852
- val_exp_f1:  0.9073 0.9059 0.9066
- val_non_f1:  0.3035 0.3031 0.3033

13056/13056 [==============================] - 163s - loss: 0.7824 - val_loss: 1.4434
Epoch 111/1000
12992/13056 [============================>.] - ETA: 0s - loss: 0.7648
- val_loss: 1.4913
- val_all_f1:  0.5703 0.5703 0.5703
- val_exp_f1:  0.9119 0.9105 0.9112
- val_non_f1:  0.2714 0.2710 0.2712

13056/13056 [==============================] - 161s - loss: 0.7651 - val_loss: 1.4913
Epoch 112/1000
12992/13056 [============================>.] - ETA: 0s - loss: 0.7937
- val_loss: 1.5278
- val_all_f1:  0.5760 0.5760 0.5760
- val_exp_f1:  0.9073 0.9059 0.9066
- val_non_f1:  0.2861 0.2857 0.2859

13056/13056 [==============================] - 161s - loss: 0.7937 - val_loss: 1.5278
Epoch 113/1000
12992/13056 [============================>.] - ETA: 0s - loss: 0.7587
- val_loss: 1.4873
- val_all_f1:  0.5717 0.5717 0.5717
- val_exp_f1:  0.9058 0.9044 0.9051
- val_non_f1:  0.2794 0.2790 0.2792

13056/13056 [==============================] - 161s - loss: 0.7581 - val_loss: 1.4873
Epoch 114/1000
12992/13056 [============================>.] - ETA: 0s - loss: 0.7583
- val_loss: 1.4774
- val_all_f1:  0.5653 0.5653 0.5653
- val_exp_f1:  0.9027 0.9014 0.9021
- val_non_f1:  0.2701 0.2697 0.2699

13056/13056 [==============================] - 162s - loss: 0.7578 - val_loss: 1.4774
Epoch 115/1000
12992/13056 [============================>.] - ETA: 0s - loss: 0.7628
- val_loss: 1.4772
- val_all_f1:  0.5739 0.5739 0.5739
- val_exp_f1:  0.9103 0.9090 0.9096
- val_non_f1:  0.2790 0.2790 0.2790

13056/13056 [==============================] - 161s - loss: 0.7636 - val_loss: 1.4772
Epoch 116/1000
12992/13056 [============================>.] - ETA: 0s - loss: 0.7766
- val_loss: 1.5040
- val_all_f1:  0.5675 0.5675 0.5675
- val_exp_f1:  0.9149 0.9135 0.9142
- val_non_f1:  0.2630 0.2630 0.2630

13056/13056 [==============================] - 161s - loss: 0.7766 - val_loss: 1.5040
Epoch 117/1000
12992/13056 [============================>.] - ETA: 0s - loss: 0.7927
- val_loss: 1.4732
- val_all_f1:  0.5845 0.5845 0.5845
- val_exp_f1:  0.9073 0.9059 0.9066
- val_non_f1:  0.3021 0.3017 0.3019

13056/13056 [==============================] - 160s - loss: 0.7928 - val_loss: 1.4732
Epoch 118/1000
12992/13056 [============================>.] - ETA: 0s - loss: 0.7675
- val_loss: 1.5233
- val_all_f1:  0.5611 0.5611 0.5611
- val_exp_f1:  0.8967 0.8953 0.8960
- val_non_f1:  0.2674 0.2670 0.2672

13056/13056 [==============================] - 160s - loss: 0.7669 - val_loss: 1.5233
Epoch 119/1000
12992/13056 [============================>.] - ETA: 0s - loss: 0.7610
- val_loss: 1.5059
- val_all_f1:  0.5618 0.5618 0.5618
- val_exp_f1:  0.9043 0.9029 0.9036
- val_non_f1:  0.2620 0.2617 0.2619

13056/13056 [==============================] - 162s - loss: 0.7609 - val_loss: 1.5059
Epoch 120/1000
12992/13056 [============================>.] - ETA: 0s - loss: 0.7608
- val_loss: 1.4725
- val_all_f1:  0.5710 0.5710 0.5710
- val_exp_f1:  0.8982 0.8968 0.8975
- val_non_f1:  0.2844 0.2844 0.2844

13056/13056 [==============================] - 161s - loss: 0.7608 - val_loss: 1.4725
Epoch 121/1000
12992/13056 [============================>.] - ETA: 0s - loss: 0.7546
- val_loss: 1.5206
- val_all_f1:  0.5774 0.5774 0.5774
- val_exp_f1:  0.9179 0.9165 0.9172
- val_non_f1:  0.2794 0.2790 0.2792

13056/13056 [==============================] - 162s - loss: 0.7564 - val_loss: 1.5206
Epoch 122/1000
12992/13056 [============================>.] - ETA: 0s - loss: 0.7471
- val_loss: 1.4885
- val_all_f1:  0.5703 0.5703 0.5703
- val_exp_f1:  0.9149 0.9135 0.9142
- val_non_f1:  0.2684 0.2684 0.2684

13056/13056 [==============================] - 161s - loss: 0.7478 - val_loss: 1.4885
Epoch 123/1000
12992/13056 [============================>.] - ETA: 0s - loss: 0.7660
- val_loss: 1.5058
- val_all_f1:  0.5597 0.5597 0.5597
- val_exp_f1:  0.9058 0.9044 0.9051
- val_non_f1:  0.2563 0.2563 0.2563

13056/13056 [==============================] - 163s - loss: 0.7675 - val_loss: 1.5058
Epoch 124/1000
12992/13056 [============================>.] - ETA: 0s - loss: 0.7765
- val_loss: 1.5591
- val_all_f1:  0.5540 0.5540 0.5540
- val_exp_f1:  0.9058 0.9044 0.9051
- val_non_f1:  0.2460 0.2457 0.2458

13056/13056 [==============================] - 162s - loss: 0.7751 - val_loss: 1.5591
Epoch 125/1000
12992/13056 [============================>.] - ETA: 0s - loss: 0.7751
- val_loss: 1.5598
- val_all_f1:  0.5540 0.5540 0.5540
- val_exp_f1:  0.8632 0.8619 0.8626
- val_non_f1:  0.2830 0.2830 0.2830

13056/13056 [==============================] - 162s - loss: 0.7736 - val_loss: 1.5598
Epoch 126/1000
12992/13056 [============================>.] - ETA: 0s - loss: 0.7747
- val_loss: 1.5418
- val_all_f1:  0.5611 0.5611 0.5611
- val_exp_f1:  0.8936 0.8923 0.8929
- val_non_f1:  0.2697 0.2697 0.2697

13056/13056 [==============================] - 161s - loss: 0.7726 - val_loss: 1.5418
Epoch 127/1000
12992/13056 [============================>.] - ETA: 0s - loss: 0.7836
- val_loss: 1.5748
- val_all_f1:  0.5469 0.5469 0.5469
- val_exp_f1:  0.8815 0.8801 0.8808
- val_non_f1:  0.2540 0.2537 0.2538

13056/13056 [==============================] - 162s - loss: 0.7846 - val_loss: 1.5748
Epoch 128/1000
12992/13056 [============================>.] - ETA: 0s - loss: 0.7734
- val_loss: 1.5305
- val_all_f1:  0.5568 0.5568 0.5568
- val_exp_f1:  0.9012 0.8998 0.9005
- val_non_f1:  0.2550 0.2550 0.2550

13056/13056 [==============================] - 161s - loss: 0.7735 - val_loss: 1.5305
Epoch 129/1000
12992/13056 [============================>.] - ETA: 0s - loss: 0.7588
- val_loss: 1.5209
- val_all_f1:  0.5746 0.5746 0.5746
- val_exp_f1:  0.9074 0.9074 0.9074
- val_non_f1:  0.2817 0.2817 0.2817

13056/13056 [==============================] - 161s - loss: 0.7577 - val_loss: 1.5209
Epoch 130/1000
12992/13056 [============================>.] - ETA: 0s - loss: 0.7608
- val_loss: 1.5023
- val_all_f1:  0.5938 0.5938 0.5938
- val_exp_f1:  0.9072 0.9044 0.9058
- val_non_f1:  0.3209 0.3204 0.3206

13056/13056 [==============================] - 162s - loss: 0.7608 - val_loss: 1.5023
Epoch 131/1000
12992/13056 [============================>.] - ETA: 0s - loss: 0.7619
- val_loss: 1.5094
- val_all_f1:  0.5767 0.5767 0.5767
- val_exp_f1:  0.8997 0.8983 0.8990
- val_non_f1:  0.2941 0.2937 0.2939

13056/13056 [==============================] - 161s - loss: 0.7617 - val_loss: 1.5094
Epoch 132/1000
12992/13056 [============================>.] - ETA: 0s - loss: 0.7311
- val_loss: 1.5186
- val_all_f1:  0.5575 0.5575 0.5575
- val_exp_f1:  0.8921 0.8907 0.8914
- val_non_f1:  0.2644 0.2644 0.2644

13056/13056 [==============================] - 161s - loss: 0.7311 - val_loss: 1.5186
Epoch 133/1000
12992/13056 [============================>.] - ETA: 0s - loss: 0.7379
- val_loss: 1.4930
- val_all_f1:  0.5845 0.5845 0.5845
- val_exp_f1:  0.9058 0.9044 0.9051
- val_non_f1:  0.3031 0.3031 0.3031

13056/13056 [==============================] - 161s - loss: 0.7379 - val_loss: 1.4930
Epoch 134/1000
12992/13056 [============================>.] - ETA: 0s - loss: 0.7492
- val_loss: 1.5339
- val_all_f1:  0.5497 0.5497 0.5497
- val_exp_f1:  0.8754 0.8741 0.8747
- val_non_f1:  0.2644 0.2644 0.2644

13056/13056 [==============================] - 161s - loss: 0.7490 - val_loss: 1.5339
Epoch 135/1000
12992/13056 [============================>.] - ETA: 0s - loss: 0.7575
- val_loss: 1.5321
- val_all_f1:  0.5561 0.5561 0.5561
- val_exp_f1:  0.8967 0.8953 0.8960
- val_non_f1:  0.2580 0.2577 0.2578

13056/13056 [==============================] - 161s - loss: 0.7564 - val_loss: 1.5321
Epoch 136/1000
12992/13056 [============================>.] - ETA: 0s - loss: 0.7299
- val_loss: 1.4909
- val_all_f1:  0.5788 0.5788 0.5788
- val_exp_f1:  0.8875 0.8862 0.8869
- val_non_f1:  0.3084 0.3084 0.3084

13056/13056 [==============================] - 162s - loss: 0.7307 - val_loss: 1.4909
Epoch 137/1000
12992/13056 [============================>.] - ETA: 0s - loss: 0.7414
- val_loss: 1.4657
- val_all_f1:  0.5838 0.5838 0.5838
- val_exp_f1:  0.9058 0.9044 0.9051
- val_non_f1:  0.3017 0.3017 0.3017

13056/13056 [==============================] - 161s - loss: 0.7417 - val_loss: 1.4657
Epoch 138/1000
12992/13056 [============================>.] - ETA: 0s - loss: 0.7274
- val_loss: 1.5032
- val_all_f1:  0.5689 0.5689 0.5689
- val_exp_f1:  0.9119 0.9105 0.9112
- val_non_f1:  0.2684 0.2684 0.2684

13056/13056 [==============================] - 162s - loss: 0.7281 - val_loss: 1.5032
Epoch 139/1000
12992/13056 [============================>.] - ETA: 0s - loss: 0.7514
- val_loss: 1.5273
- val_all_f1:  0.5668 0.5668 0.5668
- val_exp_f1:  0.9012 0.8998 0.9005
- val_non_f1:  0.2737 0.2737 0.2737

13056/13056 [==============================] - 161s - loss: 0.7506 - val_loss: 1.5273
Epoch 140/1000
12992/13056 [============================>.] - ETA: 0s - loss: 0.7379
- val_loss: 1.5101
- val_all_f1:  0.5625 0.5625 0.5625
- val_exp_f1:  0.9012 0.8998 0.9005
- val_non_f1:  0.2657 0.2657 0.2657

13056/13056 [==============================] - 162s - loss: 0.7384 - val_loss: 1.5101
Epoch 141/1000
12992/13056 [============================>.] - ETA: 0s - loss: 0.7354
- val_loss: 1.5569
- val_all_f1:  0.5497 0.5497 0.5497
- val_exp_f1:  0.8784 0.8771 0.8778
- val_non_f1:  0.2617 0.2617 0.2617

13056/13056 [==============================] - 162s - loss: 0.7360 - val_loss: 1.5569
Epoch 142/1000
12992/13056 [============================>.] - ETA: 0s - loss: 0.7318
- val_loss: 1.5190
- val_all_f1:  0.5739 0.5739 0.5739
- val_exp_f1:  0.8921 0.8907 0.8914
- val_non_f1:  0.2951 0.2951 0.2951

13056/13056 [==============================] - 161s - loss: 0.7325 - val_loss: 1.5190
Epoch 143/1000
12992/13056 [============================>.] - ETA: 0s - loss: 0.7428
- val_loss: 1.6239
- val_all_f1:  0.5277 0.5277 0.5277
- val_exp_f1:  0.8845 0.8832 0.8838
- val_non_f1:  0.2152 0.2150 0.2151

13056/13056 [==============================] - 161s - loss: 0.7421 - val_loss: 1.6239
Epoch 144/1000
12992/13056 [============================>.] - ETA: 0s - loss: 0.7369
- val_loss: 1.4896
- val_all_f1:  0.5817 0.5817 0.5817
- val_exp_f1:  0.9058 0.9044 0.9051
- val_non_f1:  0.2981 0.2977 0.2979

13056/13056 [==============================] - 161s - loss: 0.7362 - val_loss: 1.4896
Epoch 145/1000
12992/13056 [============================>.] - ETA: 0s - loss: 0.7269
- val_loss: 1.5035
- val_all_f1:  0.5682 0.5682 0.5682
- val_exp_f1:  0.9012 0.8998 0.9005
- val_non_f1:  0.2764 0.2764 0.2764

13056/13056 [==============================] - 161s - loss: 0.7278 - val_loss: 1.5035
Epoch 146/1000
12992/13056 [============================>.] - ETA: 0s - loss: 0.7409
- val_loss: 1.5172
- val_all_f1:  0.5604 0.5604 0.5604
- val_exp_f1:  0.9027 0.9014 0.9021
- val_non_f1:  0.2603 0.2603 0.2603

13056/13056 [==============================] - 162s - loss: 0.7406 - val_loss: 1.5172
Epoch 147/1000
12992/13056 [============================>.] - ETA: 0s - loss: 0.7335
- val_loss: 1.5498
- val_all_f1:  0.5376 0.5376 0.5376
- val_exp_f1:  0.8799 0.8786 0.8793
- val_non_f1:  0.2377 0.2377 0.2377

13056/13056 [==============================] - 160s - loss: 0.7342 - val_loss: 1.5498
[2019-03-07 16:40] training finished (ex/conll16st-v35dimx05-en)
[2019-03-07 16:40] best_val_loss: 78 - loss: 0.8338 - val_loss: 1.4424 - val_all_f1: 0.5923 - val_exp_f1: 0.9036 - val_non_f1: 0.3193
[2019-03-07 16:40] best_val_all_f1: 45 - loss: 0.8854 - val_loss: 1.4552 - val_all_f1: 0.5952 - val_exp_f1: 0.8914 - val_non_f1: 0.3353
[2019-03-07 16:40] time: loaded: 281.5061 - prepared: 660.6120 - trained: 23763.1268 - epoch: 1616.5392 - epoch_cnt: 14.7000 - epoch_samples: 130560.0000
