[2019-03-19 15:14] configuration (ex/conll16st-v35dimx2-en)
[2019-03-19 15:14]   config 'arg1_len': 100
[2019-03-19 15:14]   config 'arg2_len': 100
[2019-03-19 15:14]   config 'backend': theano
[2019-03-19 15:14]   config 'backend_theano': device=cpu
[2019-03-19 15:14]   config 'batch_size': 64
[2019-03-19 15:14]   config 'conn_len': 10
[2019-03-19 15:14]   config 'continue_': False
[2019-03-19 15:14]   config 'curriculum_end': 0.0
[2019-03-19 15:14]   config 'epochs': 1000
[2019-03-19 15:14]   config 'epochs_patience': 100
[2019-03-19 15:14]   config 'epochs_ratio': 0.1
[2019-03-19 15:14]   config 'filter_act': sigmoid
[2019-03-19 15:14]   config 'filter_append_act': linear
[2019-03-19 15:14]   config 'filter_append_batchnorm': False
[2019-03-19 15:14]   config 'filter_append_dim': 0
[2019-03-19 15:14]   config 'filter_append_dropout': 0.0
[2019-03-19 15:14]   config 'filter_apply': mul
[2019-03-19 15:14]   config 'filter_dim': 8
[2019-03-19 15:14]   config 'filter_dropout_U': 0.0
[2019-03-19 15:14]   config 'filter_dropout_W': 0.0
[2019-03-19 15:14]   config 'filter_fn_name': None
[2019-03-19 15:14]   config 'filter_shared': global
[2019-03-19 15:14]   config 'filter_type': lstm-fb
[2019-03-19 15:14]   config 'filter_zoneout_c': 0.0
[2019-03-19 15:14]   config 'filter_zoneout_h': 0.0
[2019-03-19 15:14]   config 'final_act': SReLU
[2019-03-19 15:14]   config 'final_dim': 160
[2019-03-19 15:14]   config 'final_dropout': 0.3
[2019-03-19 15:14]   config 'input_size': None
[2019-03-19 15:14]   config 'lang': en
[2019-03-19 15:14]   config 'masking': True
[2019-03-19 15:14]   config 'mode': word
[2019-03-19 15:14]   config 'model_dir': ex/conll16st-v35dimx2-en
[2019-03-19 15:14]   config 'optimizer': adam
[2019-03-19 15:14]   config 'original_positives': 0
[2019-03-19 15:14]   config 'punc_len': 0
[2019-03-19 15:14]   config 'random_negatives': 2
[2019-03-19 15:14]   config 'random_positives': 2
[2019-03-19 15:14]   config 'random_proba_1': 0.1
[2019-03-19 15:14]   config 'random_proba_2': 0.1
[2019-03-19 15:14]   config 'random_proba_3': 0.9
[2019-03-19 15:14]   config 'rnn_act': tanh
[2019-03-19 15:14]   config 'rnn_dim': 40
[2019-03-19 15:14]   config 'rnn_dropout_U': 0.0
[2019-03-19 15:14]   config 'rnn_dropout_W': 0.0
[2019-03-19 15:14]   config 'rnn_dropout_merge': 0.3
[2019-03-19 15:14]   config 'rnn_merge': concat
[2019-03-19 15:14]   config 'rnn_num': 8
[2019-03-19 15:14]   config 'rnn_shared': aspect
[2019-03-19 15:14]   config 'rnn_type': lstm-fwd
[2019-03-19 15:14]   config 'rnn_zoneout_c': 0.0
[2019-03-19 15:14]   config 'rnn_zoneout_h': 0.0
[2019-03-19 15:14]   config 'snapshot_size': 2048
[2019-03-19 15:14]   config 'train_dir': data/conll16st-en-03-29-16-train
[2019-03-19 15:14]   config 'valid_dir': data/conll16st-en-03-29-16-dev
[2019-03-19 15:14]   config 'words2vec_bin': None
[2019-03-19 15:14]   config 'words2vec_txt': None
[2019-03-19 15:14]   config 'words_crop': None
[2019-03-19 15:14]   config 'words_dim': 40
[2019-03-19 15:14]   config 'words_dropout': 0.3
[2019-03-19 15:14]   config 'words_shared': global
[2019-03-19 15:14]   config 'words_trainable': True
[2019-03-19 15:14] load dataset for training (data/conll16st-en-03-29-16-train)
[2019-03-19 15:17]   lang: en, doc_ids: 1756, words: 933049, rel_ids: 32535, relation tokens: 1159204
[2019-03-19 15:17] load dataset for validation (data/conll16st-en-03-29-16-dev)
[2019-03-19 15:17]   lang: en, doc_ids: 79, words: 39712, rel_ids: 1436, relation tokens: 48882
[2019-03-19 15:17] build indexes from training
[2019-03-19 15:17]   words2id: 43918, target2id: 23
[2019-03-19 15:17] target class distribution from training
[2019-03-19 15:17]   class 0 = 'None': None
[2019-03-19 15:17]   class 1 = '': None
[2019-03-19 15:17]   class 2 = 'Expansion.Conjunction': 7817
[2019-03-19 15:17]   class 3 = 'Comparison.Contrast': 4714
[2019-03-19 15:17]   class 4 = 'EntRel': 4133
[2019-03-19 15:17]   class 5 = 'Contingency.Cause.Reason': 3344
[2019-03-19 15:17]   class 6 = 'Expansion.Restatement': 2699
[2019-03-19 15:17]   class 7 = 'Contingency.Cause.Result': 2137
[2019-03-19 15:17]   class 8 = 'Temporal.Synchrony': 1499
[2019-03-19 15:17]   class 9 = 'Expansion.Instantiation': 1403
[2019-03-19 15:17]   class 10 = 'Comparison.Concession': 1293
[2019-03-19 15:17]   class 11 = 'Temporal.Asynchronous.Precedence': 1277
[2019-03-19 15:17]   class 12 = 'Contingency.Condition': 1197
[2019-03-19 15:17]   class 13 = 'Temporal.Asynchronous.Succession': 1014
[2019-03-19 15:17]   class 14 = 'Comparison': 992
[2019-03-19 15:17]   class 15 = 'Expansion': 630
[2019-03-19 15:17]   class 16 = 'Expansion.Alternative.Chosen alternative': 241
[2019-03-19 15:17]   class 17 = 'Expansion.Alternative': 210
[2019-03-19 15:17]   class 18 = 'Temporal': 27
[2019-03-19 15:17]   class 19 = 'Contingency': 24
[2019-03-19 15:17]   class 20 = 'Expansion.Exception': 15
[2019-03-19 15:17]   class 21 = 'Temporal.Asynchronous': 6
[2019-03-19 15:17]   class 22 = 'Contingency.Cause': 2
[2019-03-19 15:17] build model
____________________________________________________________________________________________________
Layer (type)                     Output Shape          Param #     Connected to                     
====================================================================================================
arg1_ids (InputLayer)            (None, 100)           0                                            
____________________________________________________________________________________________________
arg2_ids (InputLayer)            (None, 100)           0                                            
____________________________________________________________________________________________________
conn_ids (InputLayer)            (None, 10)            0                                            
____________________________________________________________________________________________________
embedding_1 (Embedding)          multiple              1756720     arg1_ids[0][0]                   
                                                                   arg2_ids[0][0]                   
                                                                   conn_ids[0][0]                   
____________________________________________________________________________________________________
shareablelstm_1 (ShareableLSTM)  multiple              1568        embedding_1[0][0]                
                                                                   embedding_1[1][0]                
                                                                   embedding_1[2][0]                
____________________________________________________________________________________________________
shareablelstm_2 (ShareableLSTM)  multiple              1568        embedding_1[0][0]                
                                                                   embedding_1[1][0]                
                                                                   embedding_1[2][0]                
____________________________________________________________________________________________________
merge_1 (Merge)                  (None, 100, 8)        0           shareablelstm_1[0][0]            
                                                                   shareablelstm_2[0][0]            
____________________________________________________________________________________________________
merge_11 (Merge)                 (None, 100, 8)        0           shareablelstm_1[1][0]            
                                                                   shareablelstm_2[1][0]            
____________________________________________________________________________________________________
merge_21 (Merge)                 (None, 10, 8)         0           shareablelstm_1[2][0]            
                                                                   shareablelstm_2[2][0]            
____________________________________________________________________________________________________
arg1_filters (Activation)        (None, 100, 8)        0           merge_1[0][0]                    
____________________________________________________________________________________________________
arg2_filters (Activation)        (None, 100, 8)        0           merge_11[0][0]                   
____________________________________________________________________________________________________
conn_filters (Activation)        (None, 10, 8)         0           merge_21[0][0]                   
____________________________________________________________________________________________________
merge_2 (Merge)                  (None, 100, 40)       0           embedding_1[0][0]                
                                                                   arg1_filters[0][0]               
____________________________________________________________________________________________________
merge_3 (Merge)                  (None, 100, 40)       0           embedding_1[0][0]                
                                                                   arg1_filters[0][0]               
____________________________________________________________________________________________________
merge_4 (Merge)                  (None, 100, 40)       0           embedding_1[0][0]                
                                                                   arg1_filters[0][0]               
____________________________________________________________________________________________________
merge_5 (Merge)                  (None, 100, 40)       0           embedding_1[0][0]                
                                                                   arg1_filters[0][0]               
____________________________________________________________________________________________________
merge_6 (Merge)                  (None, 100, 40)       0           embedding_1[0][0]                
                                                                   arg1_filters[0][0]               
____________________________________________________________________________________________________
merge_7 (Merge)                  (None, 100, 40)       0           embedding_1[0][0]                
                                                                   arg1_filters[0][0]               
____________________________________________________________________________________________________
merge_8 (Merge)                  (None, 100, 40)       0           embedding_1[0][0]                
                                                                   arg1_filters[0][0]               
____________________________________________________________________________________________________
merge_9 (Merge)                  (None, 100, 40)       0           embedding_1[0][0]                
                                                                   arg1_filters[0][0]               
____________________________________________________________________________________________________
merge_12 (Merge)                 (None, 100, 40)       0           embedding_1[1][0]                
                                                                   arg2_filters[0][0]               
____________________________________________________________________________________________________
merge_13 (Merge)                 (None, 100, 40)       0           embedding_1[1][0]                
                                                                   arg2_filters[0][0]               
____________________________________________________________________________________________________
merge_14 (Merge)                 (None, 100, 40)       0           embedding_1[1][0]                
                                                                   arg2_filters[0][0]               
____________________________________________________________________________________________________
merge_15 (Merge)                 (None, 100, 40)       0           embedding_1[1][0]                
                                                                   arg2_filters[0][0]               
____________________________________________________________________________________________________
merge_16 (Merge)                 (None, 100, 40)       0           embedding_1[1][0]                
                                                                   arg2_filters[0][0]               
____________________________________________________________________________________________________
merge_17 (Merge)                 (None, 100, 40)       0           embedding_1[1][0]                
                                                                   arg2_filters[0][0]               
____________________________________________________________________________________________________
merge_18 (Merge)                 (None, 100, 40)       0           embedding_1[1][0]                
                                                                   arg2_filters[0][0]               
____________________________________________________________________________________________________
merge_19 (Merge)                 (None, 100, 40)       0           embedding_1[1][0]                
                                                                   arg2_filters[0][0]               
____________________________________________________________________________________________________
merge_22 (Merge)                 (None, 10, 40)        0           embedding_1[2][0]                
                                                                   conn_filters[0][0]               
____________________________________________________________________________________________________
merge_23 (Merge)                 (None, 10, 40)        0           embedding_1[2][0]                
                                                                   conn_filters[0][0]               
____________________________________________________________________________________________________
merge_24 (Merge)                 (None, 10, 40)        0           embedding_1[2][0]                
                                                                   conn_filters[0][0]               
____________________________________________________________________________________________________
merge_25 (Merge)                 (None, 10, 40)        0           embedding_1[2][0]                
                                                                   conn_filters[0][0]               
____________________________________________________________________________________________________
merge_26 (Merge)                 (None, 10, 40)        0           embedding_1[2][0]                
                                                                   conn_filters[0][0]               
____________________________________________________________________________________________________
merge_27 (Merge)                 (None, 10, 40)        0           embedding_1[2][0]                
                                                                   conn_filters[0][0]               
____________________________________________________________________________________________________
merge_28 (Merge)                 (None, 10, 40)        0           embedding_1[2][0]                
                                                                   conn_filters[0][0]               
____________________________________________________________________________________________________
merge_29 (Merge)                 (None, 10, 40)        0           embedding_1[2][0]                
                                                                   conn_filters[0][0]               
____________________________________________________________________________________________________
shareablelstm_3 (ShareableLSTM)  (None, 40)            12960       merge_2[0][0]                    
                                                                   merge_12[0][0]                   
                                                                   merge_22[0][0]                   
____________________________________________________________________________________________________
shareablelstm_5 (ShareableLSTM)  (None, 40)            12960       merge_3[0][0]                    
                                                                   merge_13[0][0]                   
                                                                   merge_23[0][0]                   
____________________________________________________________________________________________________
shareablelstm_7 (ShareableLSTM)  (None, 40)            12960       merge_4[0][0]                    
                                                                   merge_14[0][0]                   
                                                                   merge_24[0][0]                   
____________________________________________________________________________________________________
shareablelstm_9 (ShareableLSTM)  (None, 40)            12960       merge_5[0][0]                    
                                                                   merge_15[0][0]                   
                                                                   merge_25[0][0]                   
____________________________________________________________________________________________________
shareablelstm_11 (ShareableLSTM) (None, 40)            12960       merge_6[0][0]                    
                                                                   merge_16[0][0]                   
                                                                   merge_26[0][0]                   
____________________________________________________________________________________________________
shareablelstm_13 (ShareableLSTM) (None, 40)            12960       merge_7[0][0]                    
                                                                   merge_17[0][0]                   
                                                                   merge_27[0][0]                   
____________________________________________________________________________________________________
shareablelstm_15 (ShareableLSTM) (None, 40)            12960       merge_8[0][0]                    
                                                                   merge_18[0][0]                   
                                                                   merge_28[0][0]                   
____________________________________________________________________________________________________
shareablelstm_17 (ShareableLSTM) (None, 40)            12960       merge_9[0][0]                    
                                                                   merge_19[0][0]                   
                                                                   merge_29[0][0]                   
____________________________________________________________________________________________________
merge_10 (Merge)                 (None, 320)           0           shareablelstm_3[0][0]            
                                                                   shareablelstm_5[0][0]            
                                                                   shareablelstm_7[0][0]            
                                                                   shareablelstm_9[0][0]            
                                                                   shareablelstm_11[0][0]           
                                                                   shareablelstm_13[0][0]           
                                                                   shareablelstm_15[0][0]           
                                                                   shareablelstm_17[0][0]           
____________________________________________________________________________________________________
merge_20 (Merge)                 (None, 320)           0           shareablelstm_3[1][0]            
                                                                   shareablelstm_5[1][0]            
                                                                   shareablelstm_7[1][0]            
                                                                   shareablelstm_9[1][0]            
                                                                   shareablelstm_11[1][0]           
                                                                   shareablelstm_13[1][0]           
                                                                   shareablelstm_15[1][0]           
                                                                   shareablelstm_17[1][0]           
____________________________________________________________________________________________________
merge_30 (Merge)                 (None, 320)           0           shareablelstm_3[2][0]            
                                                                   shareablelstm_5[2][0]            
                                                                   shareablelstm_7[2][0]            
                                                                   shareablelstm_9[2][0]            
                                                                   shareablelstm_11[2][0]           
                                                                   shareablelstm_13[2][0]           
                                                                   shareablelstm_15[2][0]           
                                                                   shareablelstm_17[2][0]           
____________________________________________________________________________________________________
dropout_1 (Dropout)              (None, 320)           0           merge_10[0][0]                   
____________________________________________________________________________________________________
dropout_2 (Dropout)              (None, 320)           0           merge_20[0][0]                   
____________________________________________________________________________________________________
dropout_3 (Dropout)              (None, 320)           0           merge_30[0][0]                   
____________________________________________________________________________________________________
merge_31 (Merge)                 (None, 960)           0           dropout_1[0][0]                  
                                                                   dropout_2[0][0]                  
                                                                   dropout_3[0][0]                  
____________________________________________________________________________________________________
dense_1 (Dense)                  (None, 160)           153760      merge_31[0][0]                   
____________________________________________________________________________________________________
srelu_1 (SReLU)                  (None, 160)           640         dense_1[0][0]                    
____________________________________________________________________________________________________
dropout_4 (Dropout)              (None, 160)           0           srelu_1[0][0]                    
____________________________________________________________________________________________________
dense_2 (Dense)                  (None, 23)            3703        dropout_4[0][0]                  
____________________________________________________________________________________________________
target (Activation)              (None, 23)            0           dense_2[0][0]                    
====================================================================================================
Total params: 2,021,639
Trainable params: 2,021,639
Non-trainable params: 0
____________________________________________________________________________________________________
[2019-03-19 15:26] initialize weights
[2019-03-19 15:26] training preparation
[2019-03-19 15:26] train model (ex/conll16st-v35dimx2-en)
Epoch 1/1000
12992/13056 [============================>.] - ETA: 2s - loss: 1.9038
- val_loss: 2.5662
- val_all_f1:  0.2855 0.2855 0.2855
- val_exp_f1:  0.2914 0.2914 0.2914
- val_non_f1:  0.2804 0.2804 0.2804

13056/13056 [==============================] - 537s - loss: 1.9007 - val_loss: 2.5662
Epoch 2/1000
12992/13056 [============================>.] - ETA: 2s - loss: 1.2657
- val_loss: 2.1614
- val_all_f1:  0.3999 0.3999 0.3999
- val_exp_f1:  0.5159 0.5159 0.5159
- val_non_f1:  0.2977 0.2977 0.2977

13056/13056 [==============================] - 542s - loss: 1.2658 - val_loss: 2.1614
Epoch 3/1000
12992/13056 [============================>.] - ETA: 2s - loss: 1.1391
- val_loss: 1.9886
- val_all_f1:  0.4261 0.4261 0.4261
- val_exp_f1:  0.5759 0.5645 0.5701
- val_non_f1:  0.3044 0.3044 0.3044

13056/13056 [==============================] - 551s - loss: 1.1386 - val_loss: 1.9886
Epoch 4/1000
12992/13056 [============================>.] - ETA: 3s - loss: 1.1096
- val_loss: 1.8835
- val_all_f1:  0.4169 0.4169 0.4169
- val_exp_f1:  0.6768 0.6768 0.6768
- val_non_f1:  0.1885 0.1883 0.1884

13056/13056 [==============================] - 676s - loss: 1.1100 - val_loss: 1.8835
Epoch 5/1000
12992/13056 [============================>.] - ETA: 3s - loss: 1.1036
- val_loss: 1.8691
- val_all_f1:  0.4290 0.4290 0.4290
- val_exp_f1:  0.6920 0.6920 0.6920
- val_non_f1:  0.1979 0.1976 0.1977

13056/13056 [==============================] - 700s - loss: 1.1038 - val_loss: 1.8691
Epoch 6/1000
12992/13056 [============================>.] - ETA: 3s - loss: 1.0637
- val_loss: 1.8017
- val_all_f1:  0.4474 0.4474 0.4474
- val_exp_f1:  0.6813 0.6813 0.6813
- val_non_f1:  0.2420 0.2417 0.2418

13056/13056 [==============================] - 709s - loss: 1.0634 - val_loss: 1.8017
Epoch 7/1000
12992/13056 [============================>.] - ETA: 3s - loss: 1.0426
- val_loss: 1.7603
- val_all_f1:  0.4773 0.4773 0.4773
- val_exp_f1:  0.6845 0.6813 0.6829
- val_non_f1:  0.2977 0.2977 0.2977

13056/13056 [==============================] - 710s - loss: 1.0417 - val_loss: 1.7603
Epoch 8/1000
12992/13056 [============================>.] - ETA: 3s - loss: 1.0693
- val_loss: 1.6943
- val_all_f1:  0.5000 0.5000 0.5000
- val_exp_f1:  0.7287 0.7253 0.7270
- val_non_f1:  0.3017 0.3017 0.3017

13056/13056 [==============================] - 708s - loss: 1.0704 - val_loss: 1.6943
Epoch 9/1000
12992/13056 [============================>.] - ETA: 3s - loss: 1.0023
- val_loss: 1.6656
- val_all_f1:  0.5142 0.5142 0.5142
- val_exp_f1:  0.7637 0.7602 0.7620
- val_non_f1:  0.2977 0.2977 0.2977

13056/13056 [==============================] - 711s - loss: 1.0017 - val_loss: 1.6656
Epoch 10/1000
12992/13056 [============================>.] - ETA: 3s - loss: 1.0118
- val_loss: 1.6432
- val_all_f1:  0.5142 0.5142 0.5142
- val_exp_f1:  0.7997 0.7997 0.7997
- val_non_f1:  0.2634 0.2630 0.2632

13056/13056 [==============================] - 689s - loss: 1.0102 - val_loss: 1.6432
Epoch 11/1000
12992/13056 [============================>.] - ETA: 3s - loss: 0.9750
- val_loss: 1.6294
- val_all_f1:  0.4865 0.4865 0.4865
- val_exp_f1:  0.8361 0.8361 0.8361
- val_non_f1:  0.1789 0.1789 0.1789

13056/13056 [==============================] - 706s - loss: 0.9737 - val_loss: 1.6294
Epoch 12/1000
12992/13056 [============================>.] - ETA: 3s - loss: 0.9642
- val_loss: 1.6291
- val_all_f1:  0.4929 0.4929 0.4929
- val_exp_f1:  0.8483 0.8483 0.8483
- val_non_f1:  0.1802 0.1802 0.1802

13056/13056 [==============================] - 699s - loss: 0.9644 - val_loss: 1.6291
Epoch 13/1000
12992/13056 [============================>.] - ETA: 3s - loss: 0.9913
- val_loss: 1.6614
- val_all_f1:  0.4545 0.4545 0.4545
- val_exp_f1:  0.7602 0.7602 0.7602
- val_non_f1:  0.1856 0.1856 0.1856

13056/13056 [==============================] - 697s - loss: 0.9916 - val_loss: 1.6614
Epoch 14/1000
12992/13056 [============================>.] - ETA: 3s - loss: 0.9578
- val_loss: 1.6004
- val_all_f1:  0.5227 0.5227 0.5227
- val_exp_f1:  0.8756 0.8756 0.8756
- val_non_f1:  0.2123 0.2123 0.2123

13056/13056 [==============================] - 697s - loss: 0.9565 - val_loss: 1.6004
Epoch 15/1000
12992/13056 [============================>.] - ETA: 3s - loss: 0.9452
- val_loss: 1.5942
- val_all_f1:  0.4879 0.4879 0.4879
- val_exp_f1:  0.7739 0.7739 0.7739
- val_non_f1:  0.2363 0.2363 0.2363

13056/13056 [==============================] - 707s - loss: 0.9478 - val_loss: 1.5942
Epoch 16/1000
12992/13056 [============================>.] - ETA: 3s - loss: 0.9412
- val_loss: 1.5329
- val_all_f1:  0.5675 0.5675 0.5675
- val_exp_f1:  0.8649 0.8649 0.8649
- val_non_f1:  0.3057 0.3057 0.3057

13056/13056 [==============================] - 705s - loss: 0.9412 - val_loss: 1.5329
Epoch 17/1000
12992/13056 [============================>.] - ETA: 3s - loss: 0.9446
- val_loss: 1.5589
- val_all_f1:  0.5121 0.5121 0.5121
- val_exp_f1:  0.8619 0.8619 0.8619
- val_non_f1:  0.2043 0.2043 0.2043

13056/13056 [==============================] - 697s - loss: 0.9449 - val_loss: 1.5589
Epoch 18/1000
12992/13056 [============================>.] - ETA: 3s - loss: 0.9444
- val_loss: 1.5005
- val_all_f1:  0.5724 0.5724 0.5724
- val_exp_f1:  0.8663 0.8649 0.8656
- val_non_f1:  0.3151 0.3151 0.3151

13056/13056 [==============================] - 704s - loss: 0.9460 - val_loss: 1.5005
Epoch 19/1000
12992/13056 [============================>.] - ETA: 3s - loss: 0.9023
- val_loss: 1.5077
- val_all_f1:  0.5746 0.5746 0.5746
- val_exp_f1:  0.8923 0.8923 0.8923
- val_non_f1:  0.2955 0.2951 0.2953

13056/13056 [==============================] - 692s - loss: 0.9034 - val_loss: 1.5077
Epoch 20/1000
12992/13056 [============================>.] - ETA: 3s - loss: 0.9251
- val_loss: 1.4851
- val_all_f1:  0.5874 0.5874 0.5874
- val_exp_f1:  0.8998 0.8998 0.8998
- val_non_f1:  0.3124 0.3124 0.3124

13056/13056 [==============================] - 701s - loss: 0.9257 - val_loss: 1.4851
Epoch 21/1000
12992/13056 [============================>.] - ETA: 3s - loss: 0.8772
- val_loss: 1.5240
- val_all_f1:  0.5305 0.5305 0.5305
- val_exp_f1:  0.8756 0.8756 0.8756
- val_non_f1:  0.2270 0.2270 0.2270

13056/13056 [==============================] - 700s - loss: 0.8770 - val_loss: 1.5240
Epoch 22/1000
12992/13056 [============================>.] - ETA: 3s - loss: 0.9062
- val_loss: 1.4747
- val_all_f1:  0.5795 0.5795 0.5795
- val_exp_f1:  0.8862 0.8862 0.8862
- val_non_f1:  0.3097 0.3097 0.3097

13056/13056 [==============================] - 703s - loss: 0.9070 - val_loss: 1.4747
Epoch 23/1000
12992/13056 [============================>.] - ETA: 3s - loss: 0.9312
- val_loss: 1.4629
- val_all_f1:  0.5881 0.5881 0.5881
- val_exp_f1:  0.8799 0.8786 0.8793
- val_non_f1:  0.3324 0.3324 0.3324

13056/13056 [==============================] - 686s - loss: 0.9311 - val_loss: 1.4629
Epoch 24/1000
12992/13056 [============================>.] - ETA: 3s - loss: 0.9155
- val_loss: 1.5398
- val_all_f1:  0.5511 0.5511 0.5511
- val_exp_f1:  0.8877 0.8877 0.8877
- val_non_f1:  0.2553 0.2550 0.2552

13056/13056 [==============================] - 683s - loss: 0.9179 - val_loss: 1.5398
Epoch 25/1000
12992/13056 [============================>.] - ETA: 3s - loss: 0.9182
- val_loss: 1.5020
- val_all_f1:  0.5888 0.5888 0.5888
- val_exp_f1:  0.8799 0.8786 0.8793
- val_non_f1:  0.3338 0.3338 0.3338

13056/13056 [==============================] - 694s - loss: 0.9183 - val_loss: 1.5020
Epoch 26/1000
12992/13056 [============================>.] - ETA: 3s - loss: 0.8742
- val_loss: 1.4843
- val_all_f1:  0.5533 0.5533 0.5533
- val_exp_f1:  0.8528 0.8528 0.8528
- val_non_f1:  0.2897 0.2897 0.2897

13056/13056 [==============================] - 689s - loss: 0.8739 - val_loss: 1.4843
Epoch 27/1000
12992/13056 [============================>.] - ETA: 3s - loss: 0.8821
- val_loss: 1.5163
- val_all_f1:  0.5582 0.5582 0.5582
- val_exp_f1:  0.8741 0.8741 0.8741
- val_non_f1:  0.2807 0.2804 0.2806

13056/13056 [==============================] - 687s - loss: 0.8824 - val_loss: 1.5163
Epoch 28/1000
12992/13056 [============================>.] - ETA: 3s - loss: 0.8956
- val_loss: 1.4427
- val_all_f1:  0.5732 0.5732 0.5732
- val_exp_f1:  0.8907 0.8907 0.8907
- val_non_f1:  0.2937 0.2937 0.2937

13056/13056 [==============================] - 698s - loss: 0.8951 - val_loss: 1.4427
Epoch 29/1000
12992/13056 [============================>.] - ETA: 3s - loss: 0.8933
- val_loss: 1.4711
- val_all_f1:  0.5561 0.5561 0.5561
- val_exp_f1:  0.8771 0.8771 0.8771
- val_non_f1:  0.2737 0.2737 0.2737

13056/13056 [==============================] - 694s - loss: 0.8924 - val_loss: 1.4711
Epoch 30/1000
12992/13056 [============================>.] - ETA: 3s - loss: 0.8905
- val_loss: 1.5079
- val_all_f1:  0.5384 0.5384 0.5384
- val_exp_f1:  0.8877 0.8877 0.8877
- val_non_f1:  0.2310 0.2310 0.2310

13056/13056 [==============================] - 696s - loss: 0.8901 - val_loss: 1.5079
Epoch 31/1000
12992/13056 [============================>.] - ETA: 3s - loss: 0.8565
- val_loss: 1.4730
- val_all_f1:  0.5810 0.5810 0.5810
- val_exp_f1:  0.8786 0.8786 0.8786
- val_non_f1:  0.3195 0.3191 0.3193

13056/13056 [==============================] - 692s - loss: 0.8561 - val_loss: 1.4730
Epoch 32/1000
12992/13056 [============================>.] - ETA: 3s - loss: 0.8776
- val_loss: 1.4360
- val_all_f1:  0.5938 0.5938 0.5938
- val_exp_f1:  0.8906 0.8892 0.8899
- val_non_f1:  0.3338 0.3338 0.3338

13056/13056 [==============================] - 700s - loss: 0.8789 - val_loss: 1.4360
Epoch 33/1000
12992/13056 [============================>.] - ETA: 3s - loss: 0.8615
- val_loss: 1.4601
- val_all_f1:  0.5582 0.5582 0.5582
- val_exp_f1:  0.8953 0.8953 0.8953
- val_non_f1:  0.2617 0.2617 0.2617

13056/13056 [==============================] - 691s - loss: 0.8611 - val_loss: 1.4601
Epoch 34/1000
12992/13056 [============================>.] - ETA: 3s - loss: 0.8650
- val_loss: 1.4643
- val_all_f1:  0.5561 0.5561 0.5561
- val_exp_f1:  0.8816 0.8816 0.8816
- val_non_f1:  0.2701 0.2697 0.2699

13056/13056 [==============================] - 688s - loss: 0.8642 - val_loss: 1.4643
Epoch 35/1000
12992/13056 [============================>.] - ETA: 3s - loss: 0.8821
- val_loss: 1.4973
- val_all_f1:  0.5810 0.5810 0.5810
- val_exp_f1:  0.8891 0.8877 0.8884
- val_non_f1:  0.3115 0.3111 0.3113

13056/13056 [==============================] - 693s - loss: 0.8823 - val_loss: 1.4973
Epoch 36/1000
12992/13056 [============================>.] - ETA: 3s - loss: 0.8893
- val_loss: 1.4677
- val_all_f1:  0.5540 0.5540 0.5540
- val_exp_f1:  0.8619 0.8619 0.8619
- val_non_f1:  0.2830 0.2830 0.2830

13056/13056 [==============================] - 692s - loss: 0.8897 - val_loss: 1.4677
Epoch 37/1000
12992/13056 [============================>.] - ETA: 3s - loss: 0.8736
- val_loss: 1.5404
- val_all_f1:  0.5526 0.5526 0.5526
- val_exp_f1:  0.8604 0.8604 0.8604
- val_non_f1:  0.2817 0.2817 0.2817

13056/13056 [==============================] - 688s - loss: 0.8727 - val_loss: 1.5404
Epoch 38/1000
12992/13056 [============================>.] - ETA: 3s - loss: 0.8586
- val_loss: 1.5038
- val_all_f1:  0.5540 0.5540 0.5540
- val_exp_f1:  0.8938 0.8938 0.8938
- val_non_f1:  0.2553 0.2550 0.2552

13056/13056 [==============================] - 695s - loss: 0.8581 - val_loss: 1.5038
Epoch 39/1000
12992/13056 [============================>.] - ETA: 3s - loss: 0.8677
- val_loss: 1.4610
- val_all_f1:  0.5703 0.5703 0.5703
- val_exp_f1:  0.8619 0.8619 0.8619
- val_non_f1:  0.3142 0.3138 0.3140

13056/13056 [==============================] - 702s - loss: 0.8668 - val_loss: 1.4610
Epoch 40/1000
12992/13056 [============================>.] - ETA: 3s - loss: 0.8906
- val_loss: 1.4531
- val_all_f1:  0.5895 0.5895 0.5895
- val_exp_f1:  0.8830 0.8816 0.8823
- val_non_f1:  0.3329 0.3324 0.3327

13056/13056 [==============================] - 692s - loss: 0.8896 - val_loss: 1.4531
Epoch 41/1000
12992/13056 [============================>.] - ETA: 3s - loss: 0.8370
- val_loss: 1.4428
- val_all_f1:  0.5909 0.5909 0.5909
- val_exp_f1:  0.8891 0.8877 0.8884
- val_non_f1:  0.3298 0.3298 0.3298

13056/13056 [==============================] - 706s - loss: 0.8370 - val_loss: 1.4428
Epoch 42/1000
12992/13056 [============================>.] - ETA: 3s - loss: 0.8527
- val_loss: 1.4473
- val_all_f1:  0.5788 0.5788 0.5788
- val_exp_f1:  0.8617 0.8604 0.8610
- val_non_f1:  0.3311 0.3311 0.3311

13056/13056 [==============================] - 684s - loss: 0.8527 - val_loss: 1.4473
Epoch 43/1000
12992/13056 [============================>.] - ETA: 3s - loss: 0.8407
- val_loss: 1.4626
- val_all_f1:  0.5653 0.5653 0.5653
- val_exp_f1:  0.8891 0.8877 0.8884
- val_non_f1:  0.2817 0.2817 0.2817

13056/13056 [==============================] - 701s - loss: 0.8407 - val_loss: 1.4626
Epoch 44/1000
12992/13056 [============================>.] - ETA: 3s - loss: 0.8432
- val_loss: 1.4256
- val_all_f1:  0.5966 0.5966 0.5966
- val_exp_f1:  0.9119 0.9105 0.9112
- val_non_f1:  0.3204 0.3204 0.3204

13056/13056 [==============================] - 701s - loss: 0.8420 - val_loss: 1.4256
Epoch 45/1000
12992/13056 [============================>.] - ETA: 3s - loss: 0.8307
- val_loss: 1.4452
- val_all_f1:  0.5952 0.5952 0.5952
- val_exp_f1:  0.8862 0.8862 0.8862
- val_non_f1:  0.3391 0.3391 0.3391

13056/13056 [==============================] - 698s - loss: 0.8315 - val_loss: 1.4452
Epoch 46/1000
12992/13056 [============================>.] - ETA: 3s - loss: 0.8352
- val_loss: 1.5263
- val_all_f1:  0.5476 0.5476 0.5476
- val_exp_f1:  0.8907 0.8907 0.8907
- val_non_f1:  0.2457 0.2457 0.2457

13056/13056 [==============================] - 701s - loss: 0.8364 - val_loss: 1.5263
Epoch 47/1000
12992/13056 [============================>.] - ETA: 3s - loss: 0.8265
- val_loss: 1.4056
- val_all_f1:  0.6009 0.6009 0.6009
- val_exp_f1:  0.8951 0.8938 0.8945
- val_non_f1:  0.3436 0.3431 0.3434

13056/13056 [==============================] - 695s - loss: 0.8271 - val_loss: 1.4056
Epoch 48/1000
12992/13056 [============================>.] - ETA: 3s - loss: 0.8534
- val_loss: 1.4332
- val_all_f1:  0.5874 0.5874 0.5874
- val_exp_f1:  0.8921 0.8907 0.8914
- val_non_f1:  0.3204 0.3204 0.3204

13056/13056 [==============================] - 690s - loss: 0.8528 - val_loss: 1.4332
Epoch 49/1000
12992/13056 [============================>.] - ETA: 3s - loss: 0.8456
- val_loss: 1.4304
- val_all_f1:  0.5774 0.5774 0.5774
- val_exp_f1:  0.8923 0.8923 0.8923
- val_non_f1:  0.3004 0.3004 0.3004

13056/13056 [==============================] - 707s - loss: 0.8451 - val_loss: 1.4304
Epoch 50/1000
12992/13056 [============================>.] - ETA: 3s - loss: 0.8573
- val_loss: 1.4560
- val_all_f1:  0.5710 0.5710 0.5710
- val_exp_f1:  0.8892 0.8892 0.8892
- val_non_f1:  0.2911 0.2911 0.2911

13056/13056 [==============================] - 697s - loss: 0.8568 - val_loss: 1.4560
Epoch 51/1000
12992/13056 [============================>.] - ETA: 3s - loss: 0.8199
- val_loss: 1.4682
- val_all_f1:  0.5810 0.5810 0.5810
- val_exp_f1:  0.8784 0.8771 0.8778
- val_non_f1:  0.3209 0.3204 0.3206

13056/13056 [==============================] - 704s - loss: 0.8197 - val_loss: 1.4682
Epoch 52/1000
12992/13056 [============================>.] - ETA: 3s - loss: 0.8512
- val_loss: 1.4929
- val_all_f1:  0.5732 0.5732 0.5732
- val_exp_f1:  0.8892 0.8892 0.8892
- val_non_f1:  0.2955 0.2951 0.2953

13056/13056 [==============================] - 699s - loss: 0.8513 - val_loss: 1.4929
Epoch 53/1000
12992/13056 [============================>.] - ETA: 3s - loss: 0.8212
- val_loss: 1.5860
- val_all_f1:  0.5518 0.5518 0.5518
- val_exp_f1:  0.8300 0.8300 0.8300
- val_non_f1:  0.3071 0.3071 0.3071

13056/13056 [==============================] - 683s - loss: 0.8217 - val_loss: 1.5860
Epoch 54/1000
12992/13056 [============================>.] - ETA: 3s - loss: 0.8482
- val_loss: 1.4455
- val_all_f1:  0.5888 0.5888 0.5888
- val_exp_f1:  0.9044 0.9044 0.9044
- val_non_f1:  0.3111 0.3111 0.3111

13056/13056 [==============================] - 698s - loss: 0.8489 - val_loss: 1.4455
Epoch 55/1000
12992/13056 [============================>.] - ETA: 3s - loss: 0.8320
- val_loss: 1.4547
- val_all_f1:  0.5881 0.5881 0.5881
- val_exp_f1:  0.9090 0.9090 0.9090
- val_non_f1:  0.3061 0.3057 0.3059

13056/13056 [==============================] - 691s - loss: 0.8311 - val_loss: 1.4547
Epoch 56/1000
12992/13056 [============================>.] - ETA: 3s - loss: 0.8124
- val_loss: 1.4555
- val_all_f1:  0.5930 0.5930 0.5930
- val_exp_f1:  0.8907 0.8907 0.8907
- val_non_f1:  0.3316 0.3311 0.3313

13056/13056 [==============================] - 699s - loss: 0.8120 - val_loss: 1.4555
Epoch 57/1000
12992/13056 [============================>.] - ETA: 3s - loss: 0.8125
- val_loss: 1.4377
- val_all_f1:  0.5938 0.5938 0.5938
- val_exp_f1:  0.8983 0.8983 0.8983
- val_non_f1:  0.3258 0.3258 0.3258

13056/13056 [==============================] - 693s - loss: 0.8119 - val_loss: 1.4377
Epoch 58/1000
12992/13056 [============================>.] - ETA: 3s - loss: 0.8164
- val_loss: 1.4580
- val_all_f1:  0.5817 0.5817 0.5817
- val_exp_f1:  0.8938 0.8938 0.8938
- val_non_f1:  0.3075 0.3071 0.3073

13056/13056 [==============================] - 700s - loss: 0.8156 - val_loss: 1.4580
Epoch 59/1000
12992/13056 [============================>.] - ETA: 3s - loss: 0.8295
- val_loss: 1.4428
- val_all_f1:  0.5632 0.5632 0.5632
- val_exp_f1:  0.8923 0.8923 0.8923
- val_non_f1:  0.2741 0.2737 0.2739

13056/13056 [==============================] - 695s - loss: 0.8297 - val_loss: 1.4428
Epoch 60/1000
12992/13056 [============================>.] - ETA: 3s - loss: 0.8179
- val_loss: 1.4540
- val_all_f1:  0.5774 0.5774 0.5774
- val_exp_f1:  0.8953 0.8953 0.8953
- val_non_f1:  0.2981 0.2977 0.2979

13056/13056 [==============================] - 702s - loss: 0.8170 - val_loss: 1.4540
Epoch 61/1000
12992/13056 [============================>.] - ETA: 3s - loss: 0.7819
- val_loss: 1.4507
- val_all_f1:  0.5987 0.5987 0.5987
- val_exp_f1:  0.9014 0.9014 0.9014
- val_non_f1:  0.3329 0.3324 0.3327

13056/13056 [==============================] - 702s - loss: 0.7817 - val_loss: 1.4507
Epoch 62/1000
12992/13056 [============================>.] - ETA: 3s - loss: 0.8159
- val_loss: 1.4830
- val_all_f1:  0.5874 0.5874 0.5874
- val_exp_f1:  0.8801 0.8801 0.8801
- val_non_f1:  0.3302 0.3298 0.3300

13056/13056 [==============================] - 708s - loss: 0.8166 - val_loss: 1.4830
Epoch 63/1000
12992/13056 [============================>.] - ETA: 3s - loss: 0.7879
- val_loss: 1.4583
- val_all_f1:  0.5909 0.5909 0.5909
- val_exp_f1:  0.9074 0.9074 0.9074
- val_non_f1:  0.3128 0.3124 0.3126

13056/13056 [==============================] - 687s - loss: 0.7876 - val_loss: 1.4583
Epoch 64/1000
12992/13056 [============================>.] - ETA: 3s - loss: 0.7877
- val_loss: 1.4665
- val_all_f1:  0.5803 0.5803 0.5803
- val_exp_f1:  0.8877 0.8877 0.8877
- val_non_f1:  0.3102 0.3097 0.3100

13056/13056 [==============================] - 693s - loss: 0.7876 - val_loss: 1.4665
Epoch 65/1000
12992/13056 [============================>.] - ETA: 3s - loss: 0.8010
- val_loss: 1.4540
- val_all_f1:  0.5902 0.5902 0.5902
- val_exp_f1:  0.8816 0.8816 0.8816
- val_non_f1:  0.3342 0.3338 0.3340

13056/13056 [==============================] - 691s - loss: 0.8028 - val_loss: 1.4540
Epoch 66/1000
12992/13056 [============================>.] - ETA: 3s - loss: 0.7926
- val_loss: 1.4789
- val_all_f1:  0.5838 0.5838 0.5838
- val_exp_f1:  0.8786 0.8786 0.8786
- val_non_f1:  0.3249 0.3244 0.3246

13056/13056 [==============================] - 689s - loss: 0.7932 - val_loss: 1.4789
Epoch 67/1000
12992/13056 [============================>.] - ETA: 3s - loss: 0.7887
- val_loss: 1.4571
- val_all_f1:  0.5824 0.5824 0.5824
- val_exp_f1:  0.8862 0.8862 0.8862
- val_non_f1:  0.3155 0.3151 0.3153

13056/13056 [==============================] - 684s - loss: 0.7875 - val_loss: 1.4571
Epoch 68/1000
12992/13056 [============================>.] - ETA: 3s - loss: 0.7846
- val_loss: 1.4491
- val_all_f1:  0.5888 0.5888 0.5888
- val_exp_f1:  0.8953 0.8953 0.8953
- val_non_f1:  0.3195 0.3191 0.3193

13056/13056 [==============================] - 697s - loss: 0.7852 - val_loss: 1.4491
Epoch 69/1000
12992/13056 [============================>.] - ETA: 3s - loss: 0.7951
- val_loss: 1.5280
- val_all_f1:  0.5639 0.5639 0.5639
- val_exp_f1:  0.8832 0.8832 0.8832
- val_non_f1:  0.2834 0.2830 0.2832

13056/13056 [==============================] - 691s - loss: 0.7955 - val_loss: 1.5280
Epoch 70/1000
12992/13056 [============================>.] - ETA: 3s - loss: 0.7808
- val_loss: 1.4669
- val_all_f1:  0.5881 0.5881 0.5881
- val_exp_f1:  0.8923 0.8923 0.8923
- val_non_f1:  0.3209 0.3204 0.3206

13056/13056 [==============================] - 683s - loss: 0.7811 - val_loss: 1.4669
Epoch 71/1000
12992/13056 [============================>.] - ETA: 3s - loss: 0.7651
- val_loss: 1.5238
- val_all_f1:  0.5547 0.5547 0.5547
- val_exp_f1:  0.9014 0.9014 0.9014
- val_non_f1:  0.2500 0.2497 0.2498

13056/13056 [==============================] - 689s - loss: 0.7651 - val_loss: 1.5238
Epoch 72/1000
12992/13056 [============================>.] - ETA: 3s - loss: 0.7674
- val_loss: 1.6038
- val_all_f1:  0.5206 0.5206 0.5206
- val_exp_f1:  0.8786 0.8786 0.8786
- val_non_f1:  0.2059 0.2056 0.2057

13056/13056 [==============================] - 695s - loss: 0.7680 - val_loss: 1.6038
Epoch 73/1000
12992/13056 [============================>.] - ETA: 3s - loss: 0.7711
- val_loss: 1.4841
- val_all_f1:  0.5966 0.5966 0.5966
- val_exp_f1:  0.9059 0.9059 0.9059
- val_non_f1:  0.3249 0.3244 0.3246

13056/13056 [==============================] - 692s - loss: 0.7698 - val_loss: 1.4841
Epoch 74/1000
12992/13056 [============================>.] - ETA: 3s - loss: 0.7556
- val_loss: 1.5309
- val_all_f1:  0.5561 0.5561 0.5561
- val_exp_f1:  0.8877 0.8877 0.8877
- val_non_f1:  0.2647 0.2644 0.2645

13056/13056 [==============================] - 695s - loss: 0.7561 - val_loss: 1.5309
Epoch 75/1000
12992/13056 [============================>.] - ETA: 3s - loss: 0.7870
- val_loss: 1.5270
- val_all_f1:  0.5533 0.5533 0.5533
- val_exp_f1:  0.8998 0.8998 0.8998
- val_non_f1:  0.2487 0.2483 0.2485

13056/13056 [==============================] - 692s - loss: 0.7881 - val_loss: 1.5270
Epoch 76/1000
12992/13056 [============================>.] - ETA: 3s - loss: 0.7849
- val_loss: 1.4638
- val_all_f1:  0.5916 0.5916 0.5916
- val_exp_f1:  0.9027 0.9014 0.9021
- val_non_f1:  0.3195 0.3191 0.3193

13056/13056 [==============================] - 691s - loss: 0.7847 - val_loss: 1.4638
Epoch 77/1000
12992/13056 [============================>.] - ETA: 3s - loss: 0.7765
- val_loss: 1.4736
- val_all_f1:  0.5895 0.5895 0.5895
- val_exp_f1:  0.9014 0.9014 0.9014
- val_non_f1:  0.3155 0.3151 0.3153

13056/13056 [==============================] - 690s - loss: 0.7750 - val_loss: 1.4736
Epoch 78/1000
12992/13056 [============================>.] - ETA: 3s - loss: 0.7927
- val_loss: 1.5223
- val_all_f1:  0.5810 0.5810 0.5810
- val_exp_f1:  0.8695 0.8695 0.8695
- val_non_f1:  0.3275 0.3271 0.3273

13056/13056 [==============================] - 695s - loss: 0.7933 - val_loss: 1.5223
Epoch 79/1000
12992/13056 [============================>.] - ETA: 3s - loss: 0.7703
- val_loss: 1.4333
- val_all_f1:  0.5952 0.5952 0.5952
- val_exp_f1:  0.9090 0.9090 0.9090
- val_non_f1:  0.3195 0.3191 0.3193

13056/13056 [==============================] - 689s - loss: 0.7694 - val_loss: 1.4333
Epoch 80/1000
12992/13056 [============================>.] - ETA: 3s - loss: 0.7597
- val_loss: 1.4965
- val_all_f1:  0.5803 0.5803 0.5803
- val_exp_f1:  0.9014 0.9014 0.9014
- val_non_f1:  0.2981 0.2977 0.2979

13056/13056 [==============================] - 683s - loss: 0.7582 - val_loss: 1.4965
Epoch 81/1000
12992/13056 [============================>.] - ETA: 3s - loss: 0.7178
- val_loss: 1.5430
- val_all_f1:  0.5746 0.5746 0.5746
- val_exp_f1:  0.8847 0.8847 0.8847
- val_non_f1:  0.3021 0.3017 0.3019

13056/13056 [==============================] - 691s - loss: 0.7174 - val_loss: 1.5430
Epoch 82/1000
12992/13056 [============================>.] - ETA: 3s - loss: 0.7426
- val_loss: 1.5121
- val_all_f1:  0.5746 0.5746 0.5746
- val_exp_f1:  0.9014 0.9014 0.9014
- val_non_f1:  0.2874 0.2870 0.2872

13056/13056 [==============================] - 700s - loss: 0.7414 - val_loss: 1.5121
Epoch 83/1000
12992/13056 [============================>.] - ETA: 3s - loss: 0.7686
- val_loss: 1.5023
- val_all_f1:  0.5999 0.5994 0.5996
- val_exp_f1:  0.9027 0.9014 0.9021
- val_non_f1:  0.3342 0.3338 0.3340

13056/13056 [==============================] - 695s - loss: 0.7677 - val_loss: 1.5023
Epoch 84/1000
12992/13056 [============================>.] - ETA: 3s - loss: 0.7568
- val_loss: 1.5247
- val_all_f1:  0.5852 0.5852 0.5852
- val_exp_f1:  0.8968 0.8968 0.8968
- val_non_f1:  0.3115 0.3111 0.3113

13056/13056 [==============================] - 696s - loss: 0.7564 - val_loss: 1.5247
Epoch 85/1000
12992/13056 [============================>.] - ETA: 3s - loss: 0.7656
- val_loss: 1.4915
- val_all_f1:  0.5746 0.5746 0.5746
- val_exp_f1:  0.9029 0.9029 0.9029
- val_non_f1:  0.2861 0.2857 0.2859

13056/13056 [==============================] - 694s - loss: 0.7655 - val_loss: 1.4915
Epoch 86/1000
12992/13056 [============================>.] - ETA: 3s - loss: 0.7549
- val_loss: 1.5153
- val_all_f1:  0.5774 0.5774 0.5774
- val_exp_f1:  0.9059 0.9059 0.9059
- val_non_f1:  0.2888 0.2884 0.2886

13056/13056 [==============================] - 679s - loss: 0.7550 - val_loss: 1.5153
Epoch 87/1000
12992/13056 [============================>.] - ETA: 3s - loss: 0.7566
- val_loss: 1.5279
- val_all_f1:  0.5568 0.5568 0.5568
- val_exp_f1:  0.8968 0.8968 0.8968
- val_non_f1:  0.2580 0.2577 0.2578

13056/13056 [==============================] - 697s - loss: 0.7563 - val_loss: 1.5279
Epoch 88/1000
12992/13056 [============================>.] - ETA: 3s - loss: 0.7685
- val_loss: 1.4460
- val_all_f1:  0.6051 0.6051 0.6051
- val_exp_f1:  0.9105 0.9105 0.9105
- val_non_f1:  0.3369 0.3364 0.3367

13056/13056 [==============================] - 688s - loss: 0.7695 - val_loss: 1.4460
Epoch 89/1000
12992/13056 [============================>.] - ETA: 3s - loss: 0.7731
- val_loss: 1.5557
- val_all_f1:  0.5936 0.5923 0.5930
- val_exp_f1:  0.9069 0.9014 0.9041
- val_non_f1:  0.3209 0.3204 0.3206

13056/13056 [==============================] - 691s - loss: 0.7727 - val_loss: 1.5557
Epoch 90/1000
12992/13056 [============================>.] - ETA: 3s - loss: 0.7658
- val_loss: 1.4709
- val_all_f1:  0.5930 0.5930 0.5930
- val_exp_f1:  0.9044 0.9044 0.9044
- val_non_f1:  0.3195 0.3191 0.3193

13056/13056 [==============================] - 693s - loss: 0.7659 - val_loss: 1.4709
Epoch 91/1000
12992/13056 [============================>.] - ETA: 3s - loss: 0.7178
- val_loss: 1.5511
- val_all_f1:  0.5575 0.5575 0.5575
- val_exp_f1:  0.8832 0.8832 0.8832
- val_non_f1:  0.2714 0.2710 0.2712

13056/13056 [==============================] - 680s - loss: 0.7185 - val_loss: 1.5511
Epoch 92/1000
12992/13056 [============================>.] - ETA: 3s - loss: 0.7138
- val_loss: 1.4971
- val_all_f1:  0.5916 0.5916 0.5916
- val_exp_f1:  0.8998 0.8998 0.8998
- val_non_f1:  0.3209 0.3204 0.3206

13056/13056 [==============================] - 691s - loss: 0.7130 - val_loss: 1.4971
Epoch 93/1000
12992/13056 [============================>.] - ETA: 3s - loss: 0.7401
- val_loss: 1.5197
- val_all_f1:  0.5611 0.5611 0.5611
- val_exp_f1:  0.8923 0.8923 0.8923
- val_non_f1:  0.2701 0.2697 0.2699

13056/13056 [==============================] - 696s - loss: 0.7402 - val_loss: 1.5197
Epoch 94/1000
12992/13056 [============================>.] - ETA: 3s - loss: 0.7381
- val_loss: 1.5162
- val_all_f1:  0.5781 0.5781 0.5781
- val_exp_f1:  0.8862 0.8862 0.8862
- val_non_f1:  0.3075 0.3071 0.3073

13056/13056 [==============================] - 688s - loss: 0.7368 - val_loss: 1.5162
Epoch 95/1000
12992/13056 [============================>.] - ETA: 3s - loss: 0.7313
- val_loss: 1.5195
- val_all_f1:  0.5707 0.5703 0.5705
- val_exp_f1:  0.8784 0.8771 0.8778
- val_non_f1:  0.3008 0.3004 0.3006

13056/13056 [==============================] - 701s - loss: 0.7306 - val_loss: 1.5195
Epoch 96/1000
12992/13056 [============================>.] - ETA: 3s - loss: 0.7070
- val_loss: 1.5177
- val_all_f1:  0.5913 0.5909 0.5911
- val_exp_f1:  0.8891 0.8877 0.8884
- val_non_f1:  0.3302 0.3298 0.3300

13056/13056 [==============================] - 690s - loss: 0.7075 - val_loss: 1.5177
Epoch 97/1000
12992/13056 [============================>.] - ETA: 3s - loss: 0.7476
- val_loss: 1.4839
- val_all_f1:  0.5945 0.5945 0.5945
- val_exp_f1:  0.9014 0.9014 0.9014
- val_non_f1:  0.3249 0.3244 0.3246

13056/13056 [==============================] - 684s - loss: 0.7469 - val_loss: 1.4839
Epoch 98/1000
12992/13056 [============================>.] - ETA: 3s - loss: 0.7391
- val_loss: 1.5123
- val_all_f1:  0.5618 0.5618 0.5618
- val_exp_f1:  0.8832 0.8832 0.8832
- val_non_f1:  0.2794 0.2790 0.2792

13056/13056 [==============================] - 696s - loss: 0.7385 - val_loss: 1.5123
Epoch 99/1000
12992/13056 [============================>.] - ETA: 3s - loss: 0.7629
- val_loss: 1.5485
- val_all_f1:  0.5740 0.5732 0.5736
- val_exp_f1:  0.8904 0.8877 0.8891
- val_non_f1:  0.2968 0.2964 0.2966

13056/13056 [==============================] - 696s - loss: 0.7616 - val_loss: 1.5485
Epoch 100/1000
12992/13056 [============================>.] - ETA: 3s - loss: 0.7310
- val_loss: 1.4912
- val_all_f1:  0.5788 0.5788 0.5788
- val_exp_f1:  0.8983 0.8983 0.8983
- val_non_f1:  0.2981 0.2977 0.2979

13056/13056 [==============================] - 696s - loss: 0.7304 - val_loss: 1.4912
Epoch 101/1000
12992/13056 [============================>.] - ETA: 3s - loss: 0.6943
- val_loss: 1.5107
- val_all_f1:  0.5874 0.5874 0.5874
- val_exp_f1:  0.8938 0.8938 0.8938
- val_non_f1:  0.3182 0.3178 0.3180

13056/13056 [==============================] - 695s - loss: 0.6935 - val_loss: 1.5107
Epoch 102/1000
12992/13056 [============================>.] - ETA: 3s - loss: 0.7280
- val_loss: 1.5184
- val_all_f1:  0.5909 0.5909 0.5909
- val_exp_f1:  0.8968 0.8968 0.8968
- val_non_f1:  0.3222 0.3218 0.3220

13056/13056 [==============================] - 705s - loss: 0.7268 - val_loss: 1.5184
Epoch 103/1000
12992/13056 [============================>.] - ETA: 3s - loss: 0.7104
- val_loss: 1.4924
- val_all_f1:  0.5807 0.5803 0.5805
- val_exp_f1:  0.8997 0.8983 0.8990
- val_non_f1:  0.3008 0.3004 0.3006

13056/13056 [==============================] - 683s - loss: 0.7102 - val_loss: 1.4924
Epoch 104/1000
12992/13056 [============================>.] - ETA: 3s - loss: 0.7139
- val_loss: 1.5376
- val_all_f1:  0.5661 0.5661 0.5661
- val_exp_f1:  0.8998 0.8998 0.8998
- val_non_f1:  0.2727 0.2724 0.2725

13056/13056 [==============================] - 694s - loss: 0.7144 - val_loss: 1.5376
Epoch 105/1000
12992/13056 [============================>.] - ETA: 3s - loss: 0.7051
- val_loss: 1.6327
- val_all_f1:  0.5426 0.5426 0.5426
- val_exp_f1:  0.8665 0.8665 0.8665
- val_non_f1:  0.2580 0.2577 0.2578

13056/13056 [==============================] - 697s - loss: 0.7064 - val_loss: 1.6327
Epoch 106/1000
12992/13056 [============================>.] - ETA: 3s - loss: 0.7270
- val_loss: 1.5501
- val_all_f1:  0.5852 0.5852 0.5852
- val_exp_f1:  0.8847 0.8847 0.8847
- val_non_f1:  0.3222 0.3218 0.3220

13056/13056 [==============================] - 697s - loss: 0.7283 - val_loss: 1.5501
Epoch 107/1000
12992/13056 [============================>.] - ETA: 3s - loss: 0.7214
- val_loss: 1.5562
- val_all_f1:  0.5909 0.5909 0.5909
- val_exp_f1:  0.8847 0.8847 0.8847
- val_non_f1:  0.3329 0.3324 0.3327

13056/13056 [==============================] - 705s - loss: 0.7201 - val_loss: 1.5562
Epoch 108/1000
12992/13056 [============================>.] - ETA: 3s - loss: 0.7253
- val_loss: 1.5888
- val_all_f1:  0.5298 0.5298 0.5298
- val_exp_f1:  0.8528 0.8528 0.8528
- val_non_f1:  0.2460 0.2457 0.2458

13056/13056 [==============================] - 698s - loss: 0.7254 - val_loss: 1.5888
Epoch 109/1000
12992/13056 [============================>.] - ETA: 3s - loss: 0.7209
- val_loss: 1.5056
- val_all_f1:  0.5778 0.5774 0.5776
- val_exp_f1:  0.8936 0.8923 0.8929
- val_non_f1:  0.3008 0.3004 0.3006

13056/13056 [==============================] - 685s - loss: 0.7205 - val_loss: 1.5056
Epoch 110/1000
12992/13056 [============================>.] - ETA: 3s - loss: 0.7141
- val_loss: 1.5186
- val_all_f1:  0.5856 0.5852 0.5854
- val_exp_f1:  0.9012 0.8998 0.9005
- val_non_f1:  0.3088 0.3084 0.3086

13056/13056 [==============================] - 700s - loss: 0.7135 - val_loss: 1.5186
Epoch 111/1000
12992/13056 [============================>.] - ETA: 3s - loss: 0.6885
- val_loss: 1.5639
- val_all_f1:  0.5632 0.5632 0.5632
- val_exp_f1:  0.8771 0.8771 0.8771
- val_non_f1:  0.2874 0.2870 0.2872

13056/13056 [==============================] - 696s - loss: 0.6879 - val_loss: 1.5639
Epoch 112/1000
12992/13056 [============================>.] - ETA: 3s - loss: 0.6911
- val_loss: 1.5490
- val_all_f1:  0.5795 0.5795 0.5795
- val_exp_f1:  0.8892 0.8892 0.8892
- val_non_f1:  0.3075 0.3071 0.3073

13056/13056 [==============================] - 680s - loss: 0.6911 - val_loss: 1.5490
Epoch 113/1000
12992/13056 [============================>.] - ETA: 3s - loss: 0.6920
- val_loss: 1.5538
- val_all_f1:  0.5821 0.5817 0.5819
- val_exp_f1:  0.8875 0.8862 0.8869
- val_non_f1:  0.3142 0.3138 0.3140

13056/13056 [==============================] - 700s - loss: 0.6916 - val_loss: 1.5538
Epoch 114/1000
12992/13056 [============================>.] - ETA: 3s - loss: 0.7066
- val_loss: 1.5574
- val_all_f1:  0.5743 0.5739 0.5741
- val_exp_f1:  0.8830 0.8816 0.8823
- val_non_f1:  0.3035 0.3031 0.3033

13056/13056 [==============================] - 703s - loss: 0.7072 - val_loss: 1.5574
Epoch 115/1000
12992/13056 [============================>.] - ETA: 3s - loss: 0.7221
- val_loss: 1.5292
- val_all_f1:  0.5814 0.5810 0.5812
- val_exp_f1:  0.8815 0.8801 0.8808
- val_non_f1:  0.3182 0.3178 0.3180

13056/13056 [==============================] - 688s - loss: 0.7217 - val_loss: 1.5292
Epoch 116/1000
12992/13056 [============================>.] - ETA: 3s - loss: 0.6814
- val_loss: 1.5500
- val_all_f1:  0.5710 0.5710 0.5710
- val_exp_f1:  0.8953 0.8953 0.8953
- val_non_f1:  0.2865 0.2857 0.2861

13056/13056 [==============================] - 687s - loss: 0.6820 - val_loss: 1.5500
Epoch 117/1000
12992/13056 [============================>.] - ETA: 3s - loss: 0.7123
- val_loss: 1.5575
- val_all_f1:  0.5795 0.5795 0.5795
- val_exp_f1:  0.8816 0.8816 0.8816
- val_non_f1:  0.3142 0.3138 0.3140

13056/13056 [==============================] - 712s - loss: 0.7128 - val_loss: 1.5575
Epoch 118/1000
12992/13056 [============================>.] - ETA: 3s - loss: 0.7087
- val_loss: 1.5172
- val_all_f1:  0.5739 0.5739 0.5739
- val_exp_f1:  0.8832 0.8832 0.8832
- val_non_f1:  0.3017 0.3017 0.3017

13056/13056 [==============================] - 699s - loss: 0.7088 - val_loss: 1.5172
Epoch 119/1000
12992/13056 [============================>.] - ETA: 3s - loss: 0.7020
- val_loss: 1.5244
- val_all_f1:  0.5889 0.5881 0.5885
- val_exp_f1:  0.8889 0.8862 0.8875
- val_non_f1:  0.3262 0.3258 0.3260

13056/13056 [==============================] - 700s - loss: 0.7029 - val_loss: 1.5244
Epoch 120/1000
12992/13056 [============================>.] - ETA: 3s - loss: 0.6985
- val_loss: 1.5390
- val_all_f1:  0.5859 0.5859 0.5859
- val_exp_f1:  0.8862 0.8862 0.8862
- val_non_f1:  0.3222 0.3218 0.3220

13056/13056 [==============================] - 687s - loss: 0.6979 - val_loss: 1.5390
Epoch 121/1000
12992/13056 [============================>.] - ETA: 3s - loss: 0.6549
- val_loss: 1.5603
- val_all_f1:  0.5696 0.5696 0.5696
- val_exp_f1:  0.8695 0.8695 0.8695
- val_non_f1:  0.3061 0.3057 0.3059

13056/13056 [==============================] - 697s - loss: 0.6540 - val_loss: 1.5603
Epoch 122/1000
12992/13056 [============================>.] - ETA: 3s - loss: 0.6885
- val_loss: 1.5328
- val_all_f1:  0.5895 0.5895 0.5895
- val_exp_f1:  0.8877 0.8877 0.8877
- val_non_f1:  0.3275 0.3271 0.3273

13056/13056 [==============================] - 686s - loss: 0.6876 - val_loss: 1.5328
Epoch 123/1000
12992/13056 [============================>.] - ETA: 3s - loss: 0.6499
- val_loss: 1.6115
- val_all_f1:  0.5639 0.5639 0.5639
- val_exp_f1:  0.8847 0.8847 0.8847
- val_non_f1:  0.2817 0.2817 0.2817

13056/13056 [==============================] - 702s - loss: 0.6508 - val_loss: 1.6115
Epoch 124/1000
12992/13056 [============================>.] - ETA: 3s - loss: 0.6761
- val_loss: 1.5443
- val_all_f1:  0.5973 0.5973 0.5973
- val_exp_f1:  0.9105 0.9105 0.9105
- val_non_f1:  0.3222 0.3218 0.3220

13056/13056 [==============================] - 704s - loss: 0.6759 - val_loss: 1.5443
Epoch 125/1000
12992/13056 [============================>.] - ETA: 3s - loss: 0.6942
- val_loss: 1.5204
- val_all_f1:  0.5999 0.5994 0.5996
- val_exp_f1:  0.8982 0.8968 0.8975
- val_non_f1:  0.3382 0.3378 0.3380

13056/13056 [==============================] - 697s - loss: 0.6944 - val_loss: 1.5204
Epoch 126/1000
12992/13056 [============================>.] - ETA: 3s - loss: 0.6790
- val_loss: 1.5316
- val_all_f1:  0.5832 0.5824 0.5828
- val_exp_f1:  0.9056 0.9029 0.9043
- val_non_f1:  0.3008 0.3004 0.3006

13056/13056 [==============================] - 700s - loss: 0.6798 - val_loss: 1.5316
Epoch 127/1000
12992/13056 [============================>.] - ETA: 3s - loss: 0.6945
- val_loss: 1.6649
- val_all_f1:  0.5960 0.5952 0.5956
- val_exp_f1:  0.8858 0.8832 0.8845
- val_non_f1:  0.3418 0.3418 0.3418

13056/13056 [==============================] - 714s - loss: 0.6928 - val_loss: 1.6649
Epoch 128/1000
12992/13056 [============================>.] - ETA: 3s - loss: 0.6845
- val_loss: 1.5145
- val_all_f1:  0.5852 0.5852 0.5852
- val_exp_f1:  0.8832 0.8832 0.8832
- val_non_f1:  0.3235 0.3231 0.3233

13056/13056 [==============================] - 694s - loss: 0.6838 - val_loss: 1.5145
Epoch 129/1000
12992/13056 [============================>.] - ETA: 3s - loss: 0.6859
- val_loss: 1.5475
- val_all_f1:  0.5838 0.5838 0.5838
- val_exp_f1:  0.8862 0.8862 0.8862
- val_non_f1:  0.3182 0.3178 0.3180

13056/13056 [==============================] - 690s - loss: 0.6860 - val_loss: 1.5475
Epoch 130/1000
12992/13056 [============================>.] - ETA: 3s - loss: 0.6659
- val_loss: 1.5791
- val_all_f1:  0.5632 0.5632 0.5632
- val_exp_f1:  0.8786 0.8786 0.8786
- val_non_f1:  0.2861 0.2857 0.2859

13056/13056 [==============================] - 691s - loss: 0.6666 - val_loss: 1.5791
Epoch 131/1000
12992/13056 [============================>.] - ETA: 3s - loss: 0.6544
- val_loss: 1.5636
- val_all_f1:  0.5568 0.5568 0.5568
- val_exp_f1:  0.8725 0.8725 0.8725
- val_non_f1:  0.2794 0.2790 0.2792

13056/13056 [==============================] - 694s - loss: 0.6555 - val_loss: 1.5636
Epoch 132/1000
12992/13056 [============================>.] - ETA: 3s - loss: 0.6608
- val_loss: 1.5186
- val_all_f1:  0.5774 0.5774 0.5774
- val_exp_f1:  0.8998 0.8998 0.8998
- val_non_f1:  0.2937 0.2937 0.2937

13056/13056 [==============================] - 683s - loss: 0.6601 - val_loss: 1.5186
Epoch 133/1000
12992/13056 [============================>.] - ETA: 3s - loss: 0.6531
- val_loss: 1.5698
- val_all_f1:  0.5778 0.5774 0.5776
- val_exp_f1:  0.8951 0.8938 0.8945
- val_non_f1:  0.2995 0.2991 0.2993

13056/13056 [==============================] - 679s - loss: 0.6522 - val_loss: 1.5698
Epoch 134/1000
12992/13056 [============================>.] - ETA: 3s - loss: 0.6419
- val_loss: 1.5143
- val_all_f1:  0.5817 0.5817 0.5817
- val_exp_f1:  0.8968 0.8968 0.8968
- val_non_f1:  0.3048 0.3044 0.3046

13056/13056 [==============================] - 699s - loss: 0.6435 - val_loss: 1.5143
Epoch 135/1000
12992/13056 [============================>.] - ETA: 3s - loss: 0.6647
- val_loss: 1.5248
- val_all_f1:  0.5930 0.5930 0.5930
- val_exp_f1:  0.8741 0.8741 0.8741
- val_non_f1:  0.3463 0.3458 0.3460

13056/13056 [==============================] - 686s - loss: 0.6654 - val_loss: 1.5248
Epoch 136/1000
12992/13056 [============================>.] - ETA: 3s - loss: 0.6736
- val_loss: 1.5525
- val_all_f1:  0.5930 0.5930 0.5930
- val_exp_f1:  0.8907 0.8907 0.8907
- val_non_f1:  0.3316 0.3311 0.3313

13056/13056 [==============================] - 694s - loss: 0.6730 - val_loss: 1.5525
Epoch 137/1000
12992/13056 [============================>.] - ETA: 3s - loss: 0.6607
- val_loss: 1.5463
- val_all_f1:  0.5739 0.5739 0.5739
- val_exp_f1:  0.8953 0.8953 0.8953
- val_non_f1:  0.2914 0.2911 0.2912

13056/13056 [==============================] - 683s - loss: 0.6619 - val_loss: 1.5463
Epoch 138/1000
12992/13056 [============================>.] - ETA: 3s - loss: 0.6883
- val_loss: 1.5395
- val_all_f1:  0.5852 0.5852 0.5852
- val_exp_f1:  0.8938 0.8938 0.8938
- val_non_f1:  0.3142 0.3138 0.3140

13056/13056 [==============================] - 692s - loss: 0.6875 - val_loss: 1.5395
Epoch 139/1000
12992/13056 [============================>.] - ETA: 3s - loss: 0.6859
- val_loss: 1.5669
- val_all_f1:  0.5582 0.5582 0.5582
- val_exp_f1:  0.8877 0.8877 0.8877
- val_non_f1:  0.2687 0.2684 0.2685

13056/13056 [==============================] - 682s - loss: 0.6847 - val_loss: 1.5669
Epoch 140/1000
12992/13056 [============================>.] - ETA: 3s - loss: 0.6521
- val_loss: 1.5917
- val_all_f1:  0.5668 0.5668 0.5668
- val_exp_f1:  0.8756 0.8756 0.8756
- val_non_f1:  0.2955 0.2951 0.2953

13056/13056 [==============================] - 684s - loss: 0.6517 - val_loss: 1.5917
Epoch 141/1000
12992/13056 [============================>.] - ETA: 3s - loss: 0.6453
- val_loss: 1.5665
- val_all_f1:  0.5874 0.5874 0.5874
- val_exp_f1:  0.8968 0.8968 0.8968
- val_non_f1:  0.3155 0.3151 0.3153

13056/13056 [==============================] - 683s - loss: 0.6447 - val_loss: 1.5665
Epoch 142/1000
12992/13056 [============================>.] - ETA: 3s - loss: 0.6460
- val_loss: 1.5945
- val_all_f1:  0.5930 0.5930 0.5930
- val_exp_f1:  0.8771 0.8771 0.8771
- val_non_f1:  0.3436 0.3431 0.3434

13056/13056 [==============================] - 685s - loss: 0.6459 - val_loss: 1.5945
Epoch 143/1000
12992/13056 [============================>.] - ETA: 3s - loss: 0.6194
- val_loss: 1.5493
- val_all_f1:  0.5952 0.5952 0.5952
- val_exp_f1:  0.8923 0.8923 0.8923
- val_non_f1:  0.3342 0.3338 0.3340

13056/13056 [==============================] - 688s - loss: 0.6207 - val_loss: 1.5493
Epoch 144/1000
12992/13056 [============================>.] - ETA: 3s - loss: 0.6291
- val_loss: 1.5552
- val_all_f1:  0.5788 0.5788 0.5788
- val_exp_f1:  0.8998 0.8998 0.8998
- val_non_f1:  0.2968 0.2964 0.2966

13056/13056 [==============================] - 670s - loss: 0.6280 - val_loss: 1.5552
Epoch 145/1000
12992/13056 [============================>.] - ETA: 3s - loss: 0.6490
- val_loss: 1.5549
- val_all_f1:  0.5661 0.5661 0.5661
- val_exp_f1:  0.8680 0.8680 0.8680
- val_non_f1:  0.3008 0.3004 0.3006

13056/13056 [==============================] - 696s - loss: 0.6475 - val_loss: 1.5549
Epoch 146/1000
12992/13056 [============================>.] - ETA: 3s - loss: 0.6413
- val_loss: 1.5545
- val_all_f1:  0.5753 0.5753 0.5753
- val_exp_f1:  0.8877 0.8877 0.8877
- val_non_f1:  0.3008 0.3004 0.3006

13056/13056 [==============================] - 692s - loss: 0.6427 - val_loss: 1.5545
Epoch 147/1000
12992/13056 [============================>.] - ETA: 3s - loss: 0.6410
- val_loss: 1.5065
- val_all_f1:  0.6016 0.6016 0.6016
- val_exp_f1:  0.8907 0.8907 0.8907
- val_non_f1:  0.3476 0.3471 0.3474

13056/13056 [==============================] - 692s - loss: 0.6410 - val_loss: 1.5065
Epoch 148/1000
12992/13056 [============================>.] - ETA: 3s - loss: 0.6508
- val_loss: 1.5623
- val_all_f1:  0.5881 0.5881 0.5881
- val_exp_f1:  0.8786 0.8786 0.8786
- val_non_f1:  0.3329 0.3324 0.3327

13056/13056 [==============================] - 703s - loss: 0.6508 - val_loss: 1.5623
Epoch 149/1000
12992/13056 [============================>.] - ETA: 3s - loss: 0.6767
- val_loss: 1.5627
- val_all_f1:  0.5707 0.5703 0.5705
- val_exp_f1:  0.8678 0.8665 0.8671
- val_non_f1:  0.3102 0.3097 0.3100

13056/13056 [==============================] - 678s - loss: 0.6756 - val_loss: 1.5627
Epoch 150/1000
12992/13056 [============================>.] - ETA: 3s - loss: 0.6618
- val_loss: 1.5797
- val_all_f1:  0.5710 0.5710 0.5710
- val_exp_f1:  0.8771 0.8771 0.8771
- val_non_f1:  0.3021 0.3017 0.3019

13056/13056 [==============================] - 693s - loss: 0.6613 - val_loss: 1.5797
Epoch 151/1000
12992/13056 [============================>.] - ETA: 3s - loss: 0.6098
- val_loss: 1.5665
- val_all_f1:  0.5781 0.5781 0.5781
- val_exp_f1:  0.8756 0.8756 0.8756
- val_non_f1:  0.3168 0.3164 0.3166

13056/13056 [==============================] - 700s - loss: 0.6087 - val_loss: 1.5665
Epoch 152/1000
12992/13056 [============================>.] - ETA: 3s - loss: 0.6100
- val_loss: 1.5661
- val_all_f1:  0.5842 0.5838 0.5840
- val_exp_f1:  0.9012 0.8998 0.9005
- val_non_f1:  0.3061 0.3057 0.3059

13056/13056 [==============================] - 696s - loss: 0.6096 - val_loss: 1.5661
Epoch 153/1000
12992/13056 [============================>.] - ETA: 3s - loss: 0.6177
- val_loss: 1.6555
- val_all_f1:  0.5518 0.5518 0.5518
- val_exp_f1:  0.8331 0.8331 0.8331
- val_non_f1:  0.3060 0.3044 0.3052

13056/13056 [==============================] - 690s - loss: 0.6180 - val_loss: 1.6555
Epoch 154/1000
12992/13056 [============================>.] - ETA: 3s - loss: 0.6262
- val_loss: 1.6348
- val_all_f1:  0.5668 0.5668 0.5668
- val_exp_f1:  0.8832 0.8832 0.8832
- val_non_f1:  0.2884 0.2884 0.2884

13056/13056 [==============================] - 686s - loss: 0.6265 - val_loss: 1.6348
Epoch 155/1000
12992/13056 [============================>.] - ETA: 3s - loss: 0.6366
- val_loss: 1.6131
- val_all_f1:  0.5795 0.5795 0.5795
- val_exp_f1:  0.8710 0.8710 0.8710
- val_non_f1:  0.3235 0.3231 0.3233

13056/13056 [==============================] - 682s - loss: 0.6363 - val_loss: 1.6131
Epoch 156/1000
12992/13056 [============================>.] - ETA: 3s - loss: 0.6392
- val_loss: 1.5972
- val_all_f1:  0.5760 0.5760 0.5760
- val_exp_f1:  0.8695 0.8695 0.8695
- val_non_f1:  0.3182 0.3178 0.3180

13056/13056 [==============================] - 687s - loss: 0.6377 - val_loss: 1.5972
Epoch 157/1000
12992/13056 [============================>.] - ETA: 3s - loss: 0.6456
- val_loss: 1.5418
- val_all_f1:  0.5930 0.5930 0.5930
- val_exp_f1:  0.8968 0.8968 0.8968
- val_non_f1:  0.3262 0.3258 0.3260

13056/13056 [==============================] - 697s - loss: 0.6452 - val_loss: 1.5418
Epoch 158/1000
12992/13056 [============================>.] - ETA: 3s - loss: 0.6616
- val_loss: 1.5719
- val_all_f1:  0.5639 0.5639 0.5639
- val_exp_f1:  0.8452 0.8452 0.8452
- val_non_f1:  0.3173 0.3164 0.3168

13056/13056 [==============================] - 687s - loss: 0.6606 - val_loss: 1.5719
Epoch 159/1000
12992/13056 [============================>.] - ETA: 3s - loss: 0.6226
- val_loss: 1.6252
- val_all_f1:  0.5803 0.5803 0.5803
- val_exp_f1:  0.8407 0.8407 0.8407
- val_non_f1:  0.3516 0.3511 0.3514

13056/13056 [==============================] - 697s - loss: 0.6217 - val_loss: 1.6252
Epoch 160/1000
12992/13056 [============================>.] - ETA: 3s - loss: 0.6333
- val_loss: 1.5898
- val_all_f1:  0.5547 0.5547 0.5547
- val_exp_f1:  0.8543 0.8543 0.8543
- val_non_f1:  0.2914 0.2911 0.2912

13056/13056 [==============================] - 686s - loss: 0.6341 - val_loss: 1.5898
Epoch 161/1000
12992/13056 [============================>.] - ETA: 3s - loss: 0.6241
- val_loss: 1.5633
- val_all_f1:  0.5845 0.5845 0.5845
- val_exp_f1:  0.8862 0.8862 0.8862
- val_non_f1:  0.3195 0.3191 0.3193

13056/13056 [==============================] - 690s - loss: 0.6239 - val_loss: 1.5633
Epoch 162/1000
12992/13056 [============================>.] - ETA: 3s - loss: 0.6073
- val_loss: 1.6717
- val_all_f1:  0.5366 0.5362 0.5364
- val_exp_f1:  0.7903 0.7891 0.7897
- val_non_f1:  0.3150 0.3138 0.3144

13056/13056 [==============================] - 694s - loss: 0.6060 - val_loss: 1.6717
Epoch 163/1000
12992/13056 [============================>.] - ETA: 3s - loss: 0.6402
- val_loss: 1.5937
- val_all_f1:  0.5938 0.5938 0.5938
- val_exp_f1:  0.8892 0.8892 0.8892
- val_non_f1:  0.3342 0.3338 0.3340

13056/13056 [==============================] - 678s - loss: 0.6414 - val_loss: 1.5937
Epoch 164/1000
12992/13056 [============================>.] - ETA: 3s - loss: 0.6356
- val_loss: 1.5828
- val_all_f1:  0.5852 0.5852 0.5852
- val_exp_f1:  0.8953 0.8953 0.8953
- val_non_f1:  0.3137 0.3124 0.3130

13056/13056 [==============================] - 695s - loss: 0.6357 - val_loss: 1.5828
Epoch 165/1000
12992/13056 [============================>.] - ETA: 3s - loss: 0.6188
- val_loss: 1.5916
- val_all_f1:  0.5753 0.5753 0.5753
- val_exp_f1:  0.8665 0.8665 0.8665
- val_non_f1:  0.3199 0.3191 0.3195

13056/13056 [==============================] - 692s - loss: 0.6177 - val_loss: 1.5916
Epoch 166/1000
12992/13056 [============================>.] - ETA: 3s - loss: 0.6077
- val_loss: 1.6139
- val_all_f1:  0.5795 0.5795 0.5795
- val_exp_f1:  0.8558 0.8558 0.8558
- val_non_f1:  0.3369 0.3364 0.3367

13056/13056 [==============================] - 682s - loss: 0.6068 - val_loss: 1.6139
Epoch 167/1000
12992/13056 [============================>.] - ETA: 3s - loss: 0.6065
- val_loss: 1.6092
- val_all_f1:  0.5767 0.5767 0.5767
- val_exp_f1:  0.8801 0.8801 0.8801
- val_non_f1:  0.3102 0.3097 0.3100

13056/13056 [==============================] - 685s - loss: 0.6061 - val_loss: 1.6092
Epoch 168/1000
12992/13056 [============================>.] - ETA: 3s - loss: 0.6665
- val_loss: 1.6994
- val_all_f1:  0.5412 0.5412 0.5412
- val_exp_f1:  0.8179 0.8179 0.8179
- val_non_f1:  0.2989 0.2977 0.2983

13056/13056 [==============================] - 701s - loss: 0.6694 - val_loss: 1.6994
Epoch 169/1000
12992/13056 [============================>.] - ETA: 3s - loss: 0.6371
- val_loss: 1.6158
- val_all_f1:  0.5518 0.5518 0.5518
- val_exp_f1:  0.8452 0.8452 0.8452
- val_non_f1:  0.2941 0.2937 0.2939

13056/13056 [==============================] - 696s - loss: 0.6358 - val_loss: 1.6158
Epoch 170/1000
12992/13056 [============================>.] - ETA: 3s - loss: 0.6234
- val_loss: 1.6307
- val_all_f1:  0.5604 0.5604 0.5604
- val_exp_f1:  0.8604 0.8604 0.8604
- val_non_f1:  0.2968 0.2964 0.2966

13056/13056 [==============================] - 703s - loss: 0.6220 - val_loss: 1.6307
Epoch 171/1000
12992/13056 [============================>.] - ETA: 3s - loss: 0.6223
- val_loss: 1.6397
- val_all_f1:  0.5696 0.5696 0.5696
- val_exp_f1:  0.8361 0.8361 0.8361
- val_non_f1:  0.3356 0.3351 0.3353

13056/13056 [==============================] - 681s - loss: 0.6230 - val_loss: 1.6397
Epoch 172/1000
12992/13056 [============================>.] - ETA: 3s - loss: 0.5956
- val_loss: 1.6579
- val_all_f1:  0.5476 0.5476 0.5476
- val_exp_f1:  0.8316 0.8316 0.8316
- val_non_f1:  0.2981 0.2977 0.2979

13056/13056 [==============================] - 695s - loss: 0.5959 - val_loss: 1.6579
Epoch 173/1000
12992/13056 [============================>.] - ETA: 3s - loss: 0.6124
- val_loss: 1.6855
- val_all_f1:  0.5518 0.5518 0.5518
- val_exp_f1:  0.7921 0.7921 0.7921
- val_non_f1:  0.3409 0.3405 0.3407

13056/13056 [==============================] - 689s - loss: 0.6126 - val_loss: 1.6855
Epoch 174/1000
12992/13056 [============================>.] - ETA: 3s - loss: 0.6063
- val_loss: 1.6662
- val_all_f1:  0.5398 0.5398 0.5398
- val_exp_f1:  0.8300 0.8300 0.8300
- val_non_f1:  0.2848 0.2844 0.2846

13056/13056 [==============================] - 697s - loss: 0.6062 - val_loss: 1.6662
Epoch 175/1000
12992/13056 [============================>.] - ETA: 3s - loss: 0.6295
- val_loss: 1.7116
- val_all_f1:  0.5277 0.5277 0.5277
- val_exp_f1:  0.7951 0.7951 0.7951
- val_non_f1:  0.2936 0.2924 0.2930

13056/13056 [==============================] - 690s - loss: 0.6295 - val_loss: 1.7116
Epoch 176/1000
12992/13056 [============================>.] - ETA: 3s - loss: 0.6124
- val_loss: 1.6188
- val_all_f1:  0.5476 0.5476 0.5476
- val_exp_f1:  0.8361 0.8361 0.8361
- val_non_f1:  0.2941 0.2937 0.2939

13056/13056 [==============================] - 697s - loss: 0.6115 - val_loss: 1.6188
Epoch 177/1000
12992/13056 [============================>.] - ETA: 3s - loss: 0.6039
- val_loss: 1.6118
- val_all_f1:  0.5646 0.5646 0.5646
- val_exp_f1:  0.8392 0.8392 0.8392
- val_non_f1:  0.3235 0.3231 0.3233

13056/13056 [==============================] - 691s - loss: 0.6052 - val_loss: 1.6118
Epoch 178/1000
12992/13056 [============================>.] - ETA: 3s - loss: 0.6469
- val_loss: 1.6088
- val_all_f1:  0.5739 0.5739 0.5739
- val_exp_f1:  0.8695 0.8695 0.8695
- val_non_f1:  0.3138 0.3138 0.3138

13056/13056 [==============================] - 697s - loss: 0.6473 - val_loss: 1.6088
Epoch 179/1000
12992/13056 [============================>.] - ETA: 3s - loss: 0.6089
- val_loss: 1.5689
- val_all_f1:  0.5930 0.5930 0.5930
- val_exp_f1:  0.8862 0.8862 0.8862
- val_non_f1:  0.3356 0.3351 0.3353

13056/13056 [==============================] - 703s - loss: 0.6096 - val_loss: 1.5689
Epoch 180/1000
12992/13056 [============================>.] - ETA: 3s - loss: 0.5986
- val_loss: 1.6261
- val_all_f1:  0.5760 0.5760 0.5760
- val_exp_f1:  0.8695 0.8695 0.8695
- val_non_f1:  0.3182 0.3178 0.3180

13056/13056 [==============================] - 693s - loss: 0.5983 - val_loss: 1.6261
Epoch 181/1000
12992/13056 [============================>.] - ETA: 3s - loss: 0.6326
- val_loss: 1.5773
- val_all_f1:  0.5859 0.5859 0.5859
- val_exp_f1:  0.8771 0.8771 0.8771
- val_non_f1:  0.3302 0.3298 0.3300

13056/13056 [==============================] - 698s - loss: 0.6325 - val_loss: 1.5773
Epoch 182/1000
12992/13056 [============================>.] - ETA: 3s - loss: 0.6622
- val_loss: 1.5667
- val_all_f1:  0.5781 0.5781 0.5781
- val_exp_f1:  0.8725 0.8725 0.8725
- val_non_f1:  0.3195 0.3191 0.3193

13056/13056 [==============================] - 677s - loss: 0.6619 - val_loss: 1.5667
Epoch 183/1000
12992/13056 [============================>.] - ETA: 3s - loss: 0.6305
- val_loss: 1.6582
- val_all_f1:  0.5668 0.5668 0.5668
- val_exp_f1:  0.8558 0.8558 0.8558
- val_non_f1:  0.3133 0.3124 0.3128

13056/13056 [==============================] - 702s - loss: 0.6320 - val_loss: 1.6582
Epoch 184/1000
12992/13056 [============================>.] - ETA: 3s - loss: 0.7627
- val_loss: 1.5852
- val_all_f1:  0.5270 0.5270 0.5270
- val_exp_f1:  0.7876 0.7876 0.7876
- val_non_f1:  0.2981 0.2977 0.2979

13056/13056 [==============================] - 694s - loss: 0.7645 - val_loss: 1.5852
Epoch 185/1000
12992/13056 [============================>.] - ETA: 3s - loss: 0.7726
- val_loss: 1.5589
- val_all_f1:  0.5419 0.5419 0.5419
- val_exp_f1:  0.8225 0.8225 0.8225
- val_non_f1:  0.2955 0.2951 0.2953

13056/13056 [==============================] - 699s - loss: 0.7742 - val_loss: 1.5589
Epoch 186/1000
12992/13056 [============================>.] - ETA: 3s - loss: 0.7609
- val_loss: 1.5027
- val_all_f1:  0.5284 0.5284 0.5284
- val_exp_f1:  0.7754 0.7754 0.7754
- val_non_f1:  0.3115 0.3111 0.3113

13056/13056 [==============================] - 681s - loss: 0.7611 - val_loss: 1.5027
Epoch 187/1000
12992/13056 [============================>.] - ETA: 3s - loss: 0.7657
- val_loss: 1.5828
- val_all_f1:  0.5121 0.5121 0.5121
- val_exp_f1:  0.7936 0.7936 0.7936
- val_non_f1:  0.2647 0.2644 0.2645

13056/13056 [==============================] - 692s - loss: 0.7665 - val_loss: 1.5828
Epoch 188/1000
12992/13056 [============================>.] - ETA: 3s - loss: 0.7413
- val_loss: 1.4662
- val_all_f1:  0.5739 0.5739 0.5739
- val_exp_f1:  0.8832 0.8832 0.8832
- val_non_f1:  0.3021 0.3017 0.3019

13056/13056 [==============================] - 681s - loss: 0.7425 - val_loss: 1.4662
Epoch 189/1000
12992/13056 [============================>.] - ETA: 3s - loss: 0.7573
- val_loss: 1.5245
- val_all_f1:  0.5703 0.5703 0.5703
- val_exp_f1:  0.8589 0.8589 0.8589
- val_non_f1:  0.3173 0.3164 0.3168

13056/13056 [==============================] - 698s - loss: 0.7568 - val_loss: 1.5245
[2019-03-21 03:45] training finished (ex/conll16st-v35dimx2-en)
[2019-03-21 03:45] best_val_loss: 46 - loss: 0.8271 - val_loss: 1.4056 - val_all_f1: 0.6009 - val_exp_f1: 0.8945 - val_non_f1: 0.3434
[2019-03-21 03:45] best_val_all_f1: 87 - loss: 0.7695 - val_loss: 1.4460 - val_all_f1: 0.6051 - val_exp_f1: 0.9105 - val_non_f1: 0.3367
[2019-03-21 03:45] time: loaded: 193.0381 - prepared: 544.1385 - trained: 130769.6591 - epoch: 6919.0296 - epoch_cnt: 18.9000 - epoch_samples: 130560.0000
