[2018-03-16 19:44] configuration (ex/conll16st-vsimple-zh/blind)
[2018-03-16 19:44]   config 'arg1_len': 500
[2018-03-16 19:44]   config 'arg2_len': 500
[2018-03-16 19:44]   config 'backend': theano
[2018-03-16 19:44]   config 'backend_theano': device=gpu,floatX=float32,nvcc.fastmath=True,lib.cnmem=1
[2018-03-16 19:44]   config 'batch_size': 64
[2018-03-16 19:44]   config 'conn_len': 10
[2018-03-16 19:44]   config 'dataset_dir': data/conll16st-zh-04-27-2016-blind-test
[2018-03-16 19:44]   config 'filter_fn_name': None
[2018-03-16 19:44]   config 'lang': zh
[2018-03-16 19:44]   config 'mode': word
[2018-03-16 19:44]   config 'model_dir': ex/conll16st-vsimple-zh
[2018-03-16 19:44]   config 'output_dir': ex/conll16st-vsimple-zh/blind
[2018-03-16 19:44]   config 'punc_len': 2
[2018-03-16 19:44]   config 'rest': ['--rnn_dim=240']
[2018-03-16 19:44]   config 'snapshot_size': 2048
[2018-03-16 19:44] load dataset for prediction (data/conll16st-zh-04-27-2016-blind-test)
[2018-03-16 19:44]   lang: zh, doc_ids: 64, words: 29892, rel_ids: 2101, relation tokens: 82465
[2018-03-16 19:44] load previous indexes (ex/conll16st-vsimple-zh/indexes.pkl)
[2018-03-16 19:44]   words2id: 14785, target2id: 12
[2018-03-16 19:44] load model (ex/conll16st-vsimple-zh)
[2018-03-16 19:44] load previous weights (ex/conll16st-vsimple-zh/weights_val_all_f1.hdf5)
[2018-03-16 19:44] prediction preparation
[2018-03-16 19:44] make predictions (ex/conll16st-vsimple-zh/blind/output.json)
[2018-03-16 19:45] finished (ex/conll16st-vsimple-zh/blind)
