[2017-07-18 21:30] configuration (ex/conll16st-v35b1-zh-default-3/blind)
[2017-07-18 21:30]   config 'arg1_len': 500
[2017-07-18 21:30]   config 'arg2_len': 500
[2017-07-18 21:30]   config 'backend': theano
[2017-07-18 21:30]   config 'backend_theano': device=gpu,floatX=float32,nvcc.fastmath=True,lib.cnmem=1
[2017-07-18 21:30]   config 'batch_size': 64
[2017-07-18 21:30]   config 'conn_len': 10
[2017-07-18 21:30]   config 'dataset_dir': data/conll16st-zh-04-27-2016-blind-test
[2017-07-18 21:30]   config 'filter_fn_name': None
[2017-07-18 21:30]   config 'lang': zh
[2017-07-18 21:30]   config 'mode': word
[2017-07-18 21:30]   config 'model_dir': ex/conll16st-v35b1-zh-default-3
[2017-07-18 21:30]   config 'normalization_mode': sample_aspect
[2017-07-18 21:30]   config 'output_dir': ex/conll16st-v35b1-zh-default-3/blind
[2017-07-18 21:30]   config 'punc_len': 2
[2017-07-18 21:30]   config 'rest': []
[2017-07-18 21:30]   config 'snapshot_size': 2048
[2017-07-18 21:30] load dataset for prediction (data/conll16st-zh-04-27-2016-blind-test)
[2017-07-18 21:30]   lang: zh, doc_ids: 64, words: 29892, rel_ids: 2101, relation tokens: 82465
[2017-07-18 21:30] load previous indexes (ex/conll16st-v35b1-zh-default-3/indexes.pkl)
[2017-07-18 21:30]   words2id: 14785, target2id: 12
[2017-07-18 21:30] load model (ex/conll16st-v35b1-zh-default-3)
[2017-07-18 21:30] load previous weights (ex/conll16st-v35b1-zh-default-3/weights_val_all_f1.hdf5)
[2017-07-18 21:30] prediction preparation
[2017-07-18 21:30] make predictions (ex/conll16st-v35b1-zh-default-3/blind/output.json)
[2017-07-18 21:32] peek into filtering weights (ex/conll16st-v35b1-zh-default-3/blind/peek.html)
[2017-07-18 21:36] finished (ex/conll16st-v35b1-zh-default-3/blind)
