[2017-07-06 07:23] configuration (ex/conll16st-v35b1-en-fd-8-rn-8-0)
[2017-07-06 07:23]   config 'arg1_len': 100
[2017-07-06 07:23]   config 'arg2_len': 100
[2017-07-06 07:23]   config 'backend': theano
[2017-07-06 07:23]   config 'backend_theano': device=gpu,floatX=float32,nvcc.fastmath=True,lib.cnmem=1
[2017-07-06 07:23]   config 'batch_size': 64
[2017-07-06 07:23]   config 'conn_len': 10
[2017-07-06 07:23]   config 'continue_': False
[2017-07-06 07:23]   config 'curriculum_end': 0.0
[2017-07-06 07:23]   config 'epochs': 1000
[2017-07-06 07:23]   config 'epochs_patience': 100
[2017-07-06 07:23]   config 'epochs_ratio': 0.1
[2017-07-06 07:23]   config 'filter_act': sigmoid
[2017-07-06 07:23]   config 'filter_append_act': linear
[2017-07-06 07:23]   config 'filter_append_batchnorm': False
[2017-07-06 07:23]   config 'filter_append_dim': 0
[2017-07-06 07:23]   config 'filter_append_dropout': 0.0
[2017-07-06 07:23]   config 'filter_apply': mul
[2017-07-06 07:23]   config 'filter_dim': 8
[2017-07-06 07:23]   config 'filter_dropout_U': 0.0
[2017-07-06 07:23]   config 'filter_dropout_W': 0.0
[2017-07-06 07:23]   config 'filter_fn_name': None
[2017-07-06 07:23]   config 'filter_shared': global
[2017-07-06 07:23]   config 'filter_type': lstm-fb
[2017-07-06 07:23]   config 'filter_zoneout_c': 0.0
[2017-07-06 07:23]   config 'filter_zoneout_h': 0.0
[2017-07-06 07:23]   config 'final_act': SReLU
[2017-07-06 07:23]   config 'final_dim': 80
[2017-07-06 07:23]   config 'final_dropout': 0.3
[2017-07-06 07:23]   config 'lang': en
[2017-07-06 07:23]   config 'masking': True
[2017-07-06 07:23]   config 'mode': word
[2017-07-06 07:23]   config 'model_dir': ex/conll16st-v35b1-en-fd-8-rn-8-0
[2017-07-06 07:23]   config 'optimizer': adam
[2017-07-06 07:23]   config 'original_positives': 0
[2017-07-06 07:23]   config 'punc_len': 0
[2017-07-06 07:23]   config 'random_negatives': 2
[2017-07-06 07:23]   config 'random_positives': 2
[2017-07-06 07:23]   config 'random_proba_1': 0.1
[2017-07-06 07:23]   config 'random_proba_2': 0.1
[2017-07-06 07:23]   config 'random_proba_3': 0.9
[2017-07-06 07:23]   config 'rnn_act': tanh
[2017-07-06 07:23]   config 'rnn_dim': 20
[2017-07-06 07:23]   config 'rnn_dropout_U': 0.0
[2017-07-06 07:23]   config 'rnn_dropout_W': 0.0
[2017-07-06 07:23]   config 'rnn_dropout_merge': 0.3
[2017-07-06 07:23]   config 'rnn_merge': concat
[2017-07-06 07:23]   config 'rnn_num': 8
[2017-07-06 07:23]   config 'rnn_shared': aspect
[2017-07-06 07:23]   config 'rnn_type': lstm-fwd
[2017-07-06 07:23]   config 'rnn_zoneout_c': 0.0
[2017-07-06 07:23]   config 'rnn_zoneout_h': 0.0
[2017-07-06 07:23]   config 'snapshot_size': 2048
[2017-07-06 07:23]   config 'train_dir': data/conll16st-en-03-29-16-train
[2017-07-06 07:23]   config 'valid_dir': data/conll16st-en-03-29-16-dev
[2017-07-06 07:23]   config 'words2vec_bin': None
[2017-07-06 07:23]   config 'words2vec_txt': None
[2017-07-06 07:23]   config 'words_dim': 20
[2017-07-06 07:23]   config 'words_dropout': 0.3
[2017-07-06 07:23]   config 'words_shared': global
[2017-07-06 07:23]   config 'words_trainable': True
[2017-07-06 07:23] load dataset for training (data/conll16st-en-03-29-16-train)
[2017-07-06 07:26]   lang: en, doc_ids: 1756, words: 933049, rel_ids: 32535, relation tokens: 1159204
[2017-07-06 07:26] load dataset for validation (data/conll16st-en-03-29-16-dev)
[2017-07-06 07:26]   lang: en, doc_ids: 79, words: 39712, rel_ids: 1436, relation tokens: 48882
[2017-07-06 07:26] build indexes from training
[2017-07-06 07:26]   words2id: 43918, target2id: 23
[2017-07-06 07:26] target class distribution from training
[2017-07-06 07:26]   class 0 = 'None': None
[2017-07-06 07:26]   class 1 = '': None
[2017-07-06 07:26]   class 2 = 'Expansion.Conjunction': 7817
[2017-07-06 07:26]   class 3 = 'Comparison.Contrast': 4714
[2017-07-06 07:26]   class 4 = 'EntRel': 4133
[2017-07-06 07:26]   class 5 = 'Contingency.Cause.Reason': 3344
[2017-07-06 07:26]   class 6 = 'Expansion.Restatement': 2699
[2017-07-06 07:26]   class 7 = 'Contingency.Cause.Result': 2137
[2017-07-06 07:26]   class 8 = 'Temporal.Synchrony': 1499
[2017-07-06 07:26]   class 9 = 'Expansion.Instantiation': 1403
[2017-07-06 07:26]   class 10 = 'Comparison.Concession': 1293
[2017-07-06 07:26]   class 11 = 'Temporal.Asynchronous.Precedence': 1277
[2017-07-06 07:26]   class 12 = 'Contingency.Condition': 1197
[2017-07-06 07:26]   class 13 = 'Temporal.Asynchronous.Succession': 1014
[2017-07-06 07:26]   class 14 = 'Comparison': 992
[2017-07-06 07:26]   class 15 = 'Expansion': 630
[2017-07-06 07:26]   class 16 = 'Expansion.Alternative.Chosen alternative': 241
[2017-07-06 07:26]   class 17 = 'Expansion.Alternative': 210
[2017-07-06 07:26]   class 18 = 'Temporal': 27
[2017-07-06 07:26]   class 19 = 'Contingency': 24
[2017-07-06 07:26]   class 20 = 'Expansion.Exception': 15
[2017-07-06 07:26]   class 21 = 'Temporal.Asynchronous': 6
[2017-07-06 07:26]   class 22 = 'Contingency.Cause': 2
[2017-07-06 07:26] build model
____________________________________________________________________________________________________
Layer (type)                     Output Shape          Param #     Connected to                     
====================================================================================================
arg1_ids (InputLayer)            (None, 100)           0                                            
____________________________________________________________________________________________________
arg2_ids (InputLayer)            (None, 100)           0                                            
____________________________________________________________________________________________________
conn_ids (InputLayer)            (None, 10)            0                                            
____________________________________________________________________________________________________
embedding_1 (Embedding)          multiple              878360      arg1_ids[0][0]                   
                                                                   arg2_ids[0][0]                   
                                                                   conn_ids[0][0]                   
____________________________________________________________________________________________________
shareablelstm_1 (ShareableLSTM)  multiple              928         embedding_1[0][0]                
                                                                   embedding_1[1][0]                
                                                                   embedding_1[2][0]                
____________________________________________________________________________________________________
shareablelstm_2 (ShareableLSTM)  multiple              928         embedding_1[0][0]                
                                                                   embedding_1[1][0]                
                                                                   embedding_1[2][0]                
____________________________________________________________________________________________________
merge_1 (Merge)                  (None, 100, 8)        0           shareablelstm_1[0][0]            
                                                                   shareablelstm_2[0][0]            
____________________________________________________________________________________________________
merge_11 (Merge)                 (None, 100, 8)        0           shareablelstm_1[1][0]            
                                                                   shareablelstm_2[1][0]            
____________________________________________________________________________________________________
merge_21 (Merge)                 (None, 10, 8)         0           shareablelstm_1[2][0]            
                                                                   shareablelstm_2[2][0]            
____________________________________________________________________________________________________
arg1_filters (Activation)        (None, 100, 8)        0           merge_1[0][0]                    
____________________________________________________________________________________________________
arg2_filters (Activation)        (None, 100, 8)        0           merge_11[0][0]                   
____________________________________________________________________________________________________
conn_filters (Activation)        (None, 10, 8)         0           merge_21[0][0]                   
____________________________________________________________________________________________________
merge_2 (Merge)                  (None, 100, 20)       0           embedding_1[0][0]                
                                                                   arg1_filters[0][0]               
____________________________________________________________________________________________________
merge_3 (Merge)                  (None, 100, 20)       0           embedding_1[0][0]                
                                                                   arg1_filters[0][0]               
____________________________________________________________________________________________________
merge_4 (Merge)                  (None, 100, 20)       0           embedding_1[0][0]                
                                                                   arg1_filters[0][0]               
____________________________________________________________________________________________________
merge_5 (Merge)                  (None, 100, 20)       0           embedding_1[0][0]                
                                                                   arg1_filters[0][0]               
____________________________________________________________________________________________________
merge_6 (Merge)                  (None, 100, 20)       0           embedding_1[0][0]                
                                                                   arg1_filters[0][0]               
____________________________________________________________________________________________________
merge_7 (Merge)                  (None, 100, 20)       0           embedding_1[0][0]                
                                                                   arg1_filters[0][0]               
____________________________________________________________________________________________________
merge_8 (Merge)                  (None, 100, 20)       0           embedding_1[0][0]                
                                                                   arg1_filters[0][0]               
____________________________________________________________________________________________________
merge_9 (Merge)                  (None, 100, 20)       0           embedding_1[0][0]                
                                                                   arg1_filters[0][0]               
____________________________________________________________________________________________________
merge_12 (Merge)                 (None, 100, 20)       0           embedding_1[1][0]                
                                                                   arg2_filters[0][0]               
____________________________________________________________________________________________________
merge_13 (Merge)                 (None, 100, 20)       0           embedding_1[1][0]                
                                                                   arg2_filters[0][0]               
____________________________________________________________________________________________________
merge_14 (Merge)                 (None, 100, 20)       0           embedding_1[1][0]                
                                                                   arg2_filters[0][0]               
____________________________________________________________________________________________________
merge_15 (Merge)                 (None, 100, 20)       0           embedding_1[1][0]                
                                                                   arg2_filters[0][0]               
____________________________________________________________________________________________________
merge_16 (Merge)                 (None, 100, 20)       0           embedding_1[1][0]                
                                                                   arg2_filters[0][0]               
____________________________________________________________________________________________________
merge_17 (Merge)                 (None, 100, 20)       0           embedding_1[1][0]                
                                                                   arg2_filters[0][0]               
____________________________________________________________________________________________________
merge_18 (Merge)                 (None, 100, 20)       0           embedding_1[1][0]                
                                                                   arg2_filters[0][0]               
____________________________________________________________________________________________________
merge_19 (Merge)                 (None, 100, 20)       0           embedding_1[1][0]                
                                                                   arg2_filters[0][0]               
____________________________________________________________________________________________________
merge_22 (Merge)                 (None, 10, 20)        0           embedding_1[2][0]                
                                                                   conn_filters[0][0]               
____________________________________________________________________________________________________
merge_23 (Merge)                 (None, 10, 20)        0           embedding_1[2][0]                
                                                                   conn_filters[0][0]               
____________________________________________________________________________________________________
merge_24 (Merge)                 (None, 10, 20)        0           embedding_1[2][0]                
                                                                   conn_filters[0][0]               
____________________________________________________________________________________________________
merge_25 (Merge)                 (None, 10, 20)        0           embedding_1[2][0]                
                                                                   conn_filters[0][0]               
____________________________________________________________________________________________________
merge_26 (Merge)                 (None, 10, 20)        0           embedding_1[2][0]                
                                                                   conn_filters[0][0]               
____________________________________________________________________________________________________
merge_27 (Merge)                 (None, 10, 20)        0           embedding_1[2][0]                
                                                                   conn_filters[0][0]               
____________________________________________________________________________________________________
merge_28 (Merge)                 (None, 10, 20)        0           embedding_1[2][0]                
                                                                   conn_filters[0][0]               
____________________________________________________________________________________________________
merge_29 (Merge)                 (None, 10, 20)        0           embedding_1[2][0]                
                                                                   conn_filters[0][0]               
____________________________________________________________________________________________________
shareablelstm_3 (ShareableLSTM)  (None, 20)            3280        merge_2[0][0]                    
                                                                   merge_12[0][0]                   
                                                                   merge_22[0][0]                   
____________________________________________________________________________________________________
shareablelstm_5 (ShareableLSTM)  (None, 20)            3280        merge_3[0][0]                    
                                                                   merge_13[0][0]                   
                                                                   merge_23[0][0]                   
____________________________________________________________________________________________________
shareablelstm_7 (ShareableLSTM)  (None, 20)            3280        merge_4[0][0]                    
                                                                   merge_14[0][0]                   
                                                                   merge_24[0][0]                   
____________________________________________________________________________________________________
shareablelstm_9 (ShareableLSTM)  (None, 20)            3280        merge_5[0][0]                    
                                                                   merge_15[0][0]                   
                                                                   merge_25[0][0]                   
____________________________________________________________________________________________________
shareablelstm_11 (ShareableLSTM) (None, 20)            3280        merge_6[0][0]                    
                                                                   merge_16[0][0]                   
                                                                   merge_26[0][0]                   
____________________________________________________________________________________________________
shareablelstm_13 (ShareableLSTM) (None, 20)            3280        merge_7[0][0]                    
                                                                   merge_17[0][0]                   
                                                                   merge_27[0][0]                   
____________________________________________________________________________________________________
shareablelstm_15 (ShareableLSTM) (None, 20)            3280        merge_8[0][0]                    
                                                                   merge_18[0][0]                   
                                                                   merge_28[0][0]                   
____________________________________________________________________________________________________
shareablelstm_17 (ShareableLSTM) (None, 20)            3280        merge_9[0][0]                    
                                                                   merge_19[0][0]                   
                                                                   merge_29[0][0]                   
____________________________________________________________________________________________________
merge_10 (Merge)                 (None, 160)           0           shareablelstm_3[0][0]            
                                                                   shareablelstm_5[0][0]            
                                                                   shareablelstm_7[0][0]            
                                                                   shareablelstm_9[0][0]            
                                                                   shareablelstm_11[0][0]           
                                                                   shareablelstm_13[0][0]           
                                                                   shareablelstm_15[0][0]           
                                                                   shareablelstm_17[0][0]           
____________________________________________________________________________________________________
merge_20 (Merge)                 (None, 160)           0           shareablelstm_3[1][0]            
                                                                   shareablelstm_5[1][0]            
                                                                   shareablelstm_7[1][0]            
                                                                   shareablelstm_9[1][0]            
                                                                   shareablelstm_11[1][0]           
                                                                   shareablelstm_13[1][0]           
                                                                   shareablelstm_15[1][0]           
                                                                   shareablelstm_17[1][0]           
____________________________________________________________________________________________________
merge_30 (Merge)                 (None, 160)           0           shareablelstm_3[2][0]            
                                                                   shareablelstm_5[2][0]            
                                                                   shareablelstm_7[2][0]            
                                                                   shareablelstm_9[2][0]            
                                                                   shareablelstm_11[2][0]           
                                                                   shareablelstm_13[2][0]           
                                                                   shareablelstm_15[2][0]           
                                                                   shareablelstm_17[2][0]           
____________________________________________________________________________________________________
dropout_1 (Dropout)              (None, 160)           0           merge_10[0][0]                   
____________________________________________________________________________________________________
dropout_2 (Dropout)              (None, 160)           0           merge_20[0][0]                   
____________________________________________________________________________________________________
dropout_3 (Dropout)              (None, 160)           0           merge_30[0][0]                   
____________________________________________________________________________________________________
merge_31 (Merge)                 (None, 480)           0           dropout_1[0][0]                  
                                                                   dropout_2[0][0]                  
                                                                   dropout_3[0][0]                  
____________________________________________________________________________________________________
dense_1 (Dense)                  (None, 80)            38480       merge_31[0][0]                   
____________________________________________________________________________________________________
srelu_1 (SReLU)                  (None, 80)            320         dense_1[0][0]                    
____________________________________________________________________________________________________
dropout_4 (Dropout)              (None, 80)            0           srelu_1[0][0]                    
____________________________________________________________________________________________________
dense_2 (Dense)                  (None, 23)            1863        dropout_4[0][0]                  
____________________________________________________________________________________________________
target (Activation)              (None, 23)            0           dense_2[0][0]                    
====================================================================================================
Total params: 947,119
Trainable params: 947,119
Non-trainable params: 0
____________________________________________________________________________________________________
[2017-07-06 07:37] initialize weights
[2017-07-06 07:37] training preparation
[2017-07-06 07:37] train model (ex/conll16st-v35b1-en-fd-8-rn-8-0)
Epoch 1/1000
12992/13056 [============================>.] - ETA: 1s - loss: 2.0726
- val_loss: 3.1913
- val_all_f1:  0.2202 0.2202 0.2202
- val_exp_f1:  0.2807 0.2807 0.2807
- val_non_f1:  0.1669 0.1669 0.1669

13056/13056 [==============================] - 226s - loss: 2.0710 - val_loss: 3.1913
Epoch 2/1000
12992/13056 [============================>.] - ETA: 1s - loss: 1.7177
- val_loss: 2.5713
- val_all_f1:  0.1946 0.1946 0.1946
- val_exp_f1:  0.2807 0.2807 0.2807
- val_non_f1:  0.1188 0.1188 0.1188

13056/13056 [==============================] - 226s - loss: 1.7162 - val_loss: 2.5713
Epoch 3/1000
12992/13056 [============================>.] - ETA: 1s - loss: 1.3929
- val_loss: 2.3747
- val_all_f1:  0.2969 0.2969 0.2969
- val_exp_f1:  0.2989 0.2989 0.2989
- val_non_f1:  0.2951 0.2951 0.2951

13056/13056 [==============================] - 226s - loss: 1.3929 - val_loss: 2.3747
Epoch 4/1000
12992/13056 [============================>.] - ETA: 1s - loss: 1.2545
- val_loss: 2.3006
- val_all_f1:  0.3771 0.3771 0.3771
- val_exp_f1:  0.4659 0.4659 0.4659
- val_non_f1:  0.2991 0.2991 0.2991

13056/13056 [==============================] - 227s - loss: 1.2546 - val_loss: 2.3006
Epoch 5/1000
12992/13056 [============================>.] - ETA: 1s - loss: 1.2049
- val_loss: 2.0716
- val_all_f1:  0.3736 0.3736 0.3736
- val_exp_f1:  0.5175 0.5175 0.5175
- val_non_f1:  0.2470 0.2470 0.2470

13056/13056 [==============================] - 227s - loss: 1.2044 - val_loss: 2.0716
Epoch 6/1000
12992/13056 [============================>.] - ETA: 1s - loss: 1.1339
- val_loss: 1.9428
- val_all_f1:  0.3928 0.3928 0.3928
- val_exp_f1:  0.6085 0.6085 0.6085
- val_non_f1:  0.2029 0.2029 0.2029

13056/13056 [==============================] - 227s - loss: 1.1337 - val_loss: 1.9428
Epoch 7/1000
12992/13056 [============================>.] - ETA: 1s - loss: 1.1007
- val_loss: 1.8441
- val_all_f1:  0.4787 0.4787 0.4787
- val_exp_f1:  0.6769 0.6707 0.6738
- val_non_f1:  0.3097 0.3097 0.3097

13056/13056 [==============================] - 227s - loss: 1.0989 - val_loss: 1.8441
Epoch 8/1000
12992/13056 [============================>.] - ETA: 1s - loss: 1.0472
- val_loss: 1.8381
- val_all_f1:  0.4119 0.4119 0.4119
- val_exp_f1:  0.6692 0.6662 0.6677
- val_non_f1:  0.1885 0.1883 0.1884

13056/13056 [==============================] - 226s - loss: 1.0481 - val_loss: 1.8381
Epoch 9/1000
12992/13056 [============================>.] - ETA: 1s - loss: 1.0375
- val_loss: 1.7639
- val_all_f1:  0.4922 0.4922 0.4922
- val_exp_f1:  0.7038 0.6995 0.7017
- val_non_f1:  0.3102 0.3097 0.3100

13056/13056 [==============================] - 227s - loss: 1.0375 - val_loss: 1.7639
Epoch 10/1000
12992/13056 [============================>.] - ETA: 1s - loss: 1.0172
- val_loss: 1.7521
- val_all_f1:  0.4844 0.4844 0.4844
- val_exp_f1:  0.7097 0.7086 0.7092
- val_non_f1:  0.2874 0.2870 0.2872

13056/13056 [==============================] - 228s - loss: 1.0174 - val_loss: 1.7521
Epoch 11/1000
12992/13056 [============================>.] - ETA: 1s - loss: 1.0024
- val_loss: 1.6896
- val_all_f1:  0.5234 0.5234 0.5234
- val_exp_f1:  0.7705 0.7693 0.7699
- val_non_f1:  0.3075 0.3071 0.3073

13056/13056 [==============================] - 227s - loss: 1.0016 - val_loss: 1.6896
Epoch 12/1000
12992/13056 [============================>.] - ETA: 1s - loss: 0.9905
- val_loss: 1.6730
- val_all_f1:  0.5320 0.5320 0.5320
- val_exp_f1:  0.7781 0.7769 0.7775
- val_non_f1:  0.3164 0.3164 0.3164

13056/13056 [==============================] - 228s - loss: 0.9926 - val_loss: 1.6730
Epoch 13/1000
12992/13056 [============================>.] - ETA: 1s - loss: 0.9927
- val_loss: 1.7240
- val_all_f1:  0.5142 0.5142 0.5142
- val_exp_f1:  0.7830 0.7830 0.7830
- val_non_f1:  0.2777 0.2777 0.2777

13056/13056 [==============================] - 227s - loss: 0.9930 - val_loss: 1.7240
Epoch 14/1000
12992/13056 [============================>.] - ETA: 1s - loss: 0.9654
- val_loss: 1.6518
- val_all_f1:  0.5589 0.5589 0.5589
- val_exp_f1:  0.8209 0.8209 0.8209
- val_non_f1:  0.3289 0.3284 0.3287

13056/13056 [==============================] - 227s - loss: 0.9670 - val_loss: 1.6518
Epoch 15/1000
12992/13056 [============================>.] - ETA: 1s - loss: 0.9918
- val_loss: 1.6275
- val_all_f1:  0.5554 0.5554 0.5554
- val_exp_f1:  0.8179 0.8179 0.8179
- val_non_f1:  0.3249 0.3244 0.3246

13056/13056 [==============================] - 227s - loss: 0.9906 - val_loss: 1.6275
Epoch 16/1000
12992/13056 [============================>.] - ETA: 1s - loss: 0.9884
- val_loss: 1.5936
- val_all_f1:  0.5369 0.5369 0.5369
- val_exp_f1:  0.8513 0.8513 0.8513
- val_non_f1:  0.2607 0.2603 0.2605

13056/13056 [==============================] - 228s - loss: 0.9880 - val_loss: 1.5936
Epoch 17/1000
12992/13056 [============================>.] - ETA: 1s - loss: 0.9770
- val_loss: 1.5935
- val_all_f1:  0.5675 0.5675 0.5675
- val_exp_f1:  0.8407 0.8407 0.8407
- val_non_f1:  0.3275 0.3271 0.3273

13056/13056 [==============================] - 228s - loss: 0.9780 - val_loss: 1.5935
Epoch 18/1000
12992/13056 [============================>.] - ETA: 1s - loss: 0.9666
- val_loss: 1.5754
- val_all_f1:  0.5717 0.5717 0.5717
- val_exp_f1:  0.8710 0.8710 0.8710
- val_non_f1:  0.3088 0.3084 0.3086

13056/13056 [==============================] - 228s - loss: 0.9680 - val_loss: 1.5754
Epoch 19/1000
12992/13056 [============================>.] - ETA: 1s - loss: 0.9832
- val_loss: 1.5469
- val_all_f1:  0.5866 0.5866 0.5866
- val_exp_f1:  0.8741 0.8741 0.8741
- val_non_f1:  0.3342 0.3338 0.3340

13056/13056 [==============================] - 228s - loss: 0.9821 - val_loss: 1.5469
Epoch 20/1000
12992/13056 [============================>.] - ETA: 1s - loss: 0.9685
- val_loss: 1.5460
- val_all_f1:  0.5582 0.5582 0.5582
- val_exp_f1:  0.8710 0.8710 0.8710
- val_non_f1:  0.2834 0.2830 0.2832

13056/13056 [==============================] - 228s - loss: 0.9675 - val_loss: 1.5460
Epoch 21/1000
12992/13056 [============================>.] - ETA: 1s - loss: 0.9570
- val_loss: 1.5919
- val_all_f1:  0.5313 0.5313 0.5313
- val_exp_f1:  0.7860 0.7860 0.7860
- val_non_f1:  0.3075 0.3071 0.3073

13056/13056 [==============================] - 228s - loss: 0.9559 - val_loss: 1.5919
Epoch 22/1000
12992/13056 [============================>.] - ETA: 1s - loss: 0.9321
- val_loss: 1.5413
- val_all_f1:  0.5696 0.5696 0.5696
- val_exp_f1:  0.8665 0.8665 0.8665
- val_non_f1:  0.3088 0.3084 0.3086

13056/13056 [==============================] - 228s - loss: 0.9315 - val_loss: 1.5413
Epoch 23/1000
12992/13056 [============================>.] - ETA: 1s - loss: 0.8979
- val_loss: 1.5211
- val_all_f1:  0.5710 0.5710 0.5710
- val_exp_f1:  0.8680 0.8680 0.8680
- val_non_f1:  0.3102 0.3097 0.3100

13056/13056 [==============================] - 228s - loss: 0.8984 - val_loss: 1.5211
Epoch 24/1000
12992/13056 [============================>.] - ETA: 1s - loss: 0.9262
- val_loss: 1.5303
- val_all_f1:  0.5483 0.5483 0.5483
- val_exp_f1:  0.8452 0.8452 0.8452
- val_non_f1:  0.2874 0.2870 0.2872

13056/13056 [==============================] - 227s - loss: 0.9254 - val_loss: 1.5303
Epoch 25/1000
12992/13056 [============================>.] - ETA: 1s - loss: 0.9403
- val_loss: 1.5885
- val_all_f1:  0.5291 0.5291 0.5291
- val_exp_f1:  0.8467 0.8467 0.8467
- val_non_f1:  0.2500 0.2497 0.2498

13056/13056 [==============================] - 227s - loss: 0.9411 - val_loss: 1.5885
Epoch 26/1000
12992/13056 [============================>.] - ETA: 1s - loss: 0.9206
- val_loss: 1.5013
- val_all_f1:  0.5739 0.5739 0.5739
- val_exp_f1:  0.8467 0.8467 0.8467
- val_non_f1:  0.3342 0.3338 0.3340

13056/13056 [==============================] - 227s - loss: 0.9202 - val_loss: 1.5013
Epoch 27/1000
12992/13056 [============================>.] - ETA: 1s - loss: 0.9410
- val_loss: 1.5051
- val_all_f1:  0.5724 0.5724 0.5724
- val_exp_f1:  0.8938 0.8938 0.8938
- val_non_f1:  0.2901 0.2897 0.2899

13056/13056 [==============================] - 227s - loss: 0.9405 - val_loss: 1.5051
Epoch 28/1000
12992/13056 [============================>.] - ETA: 1s - loss: 0.9280
- val_loss: 1.5043
- val_all_f1:  0.5817 0.5817 0.5817
- val_exp_f1:  0.8847 0.8847 0.8847
- val_non_f1:  0.3155 0.3151 0.3153

13056/13056 [==============================] - 227s - loss: 0.9273 - val_loss: 1.5043
Epoch 29/1000
12992/13056 [============================>.] - ETA: 1s - loss: 0.9080
- val_loss: 1.4953
- val_all_f1:  0.5966 0.5966 0.5966
- val_exp_f1:  0.8982 0.8968 0.8975
- val_non_f1:  0.3329 0.3324 0.3327

13056/13056 [==============================] - 227s - loss: 0.9077 - val_loss: 1.4953
Epoch 30/1000
12992/13056 [============================>.] - ETA: 1s - loss: 0.9215
- val_loss: 1.5309
- val_all_f1:  0.5589 0.5589 0.5589
- val_exp_f1:  0.8604 0.8604 0.8604
- val_non_f1:  0.2941 0.2937 0.2939

13056/13056 [==============================] - 227s - loss: 0.9198 - val_loss: 1.5309
Epoch 31/1000
12992/13056 [============================>.] - ETA: 1s - loss: 0.8850
- val_loss: 1.5053
- val_all_f1:  0.5795 0.5795 0.5795
- val_exp_f1:  0.8862 0.8862 0.8862
- val_non_f1:  0.3102 0.3097 0.3100

13056/13056 [==============================] - 227s - loss: 0.8842 - val_loss: 1.5053
Epoch 32/1000
12992/13056 [============================>.] - ETA: 1s - loss: 0.8879
- val_loss: 1.4681
- val_all_f1:  0.5788 0.5788 0.5788
- val_exp_f1:  0.8741 0.8741 0.8741
- val_non_f1:  0.3195 0.3191 0.3193

13056/13056 [==============================] - 227s - loss: 0.8876 - val_loss: 1.4681
Epoch 33/1000
12992/13056 [============================>.] - ETA: 1s - loss: 0.8860
- val_loss: 1.5372
- val_all_f1:  0.5376 0.5376 0.5376
- val_exp_f1:  0.7785 0.7785 0.7785
- val_non_f1:  0.3262 0.3258 0.3260

13056/13056 [==============================] - 227s - loss: 0.8860 - val_loss: 1.5372
Epoch 34/1000
12992/13056 [============================>.] - ETA: 1s - loss: 0.8765
- val_loss: 1.4853
- val_all_f1:  0.5412 0.5412 0.5412
- val_exp_f1:  0.8634 0.8634 0.8634
- val_non_f1:  0.2580 0.2577 0.2578

13056/13056 [==============================] - 227s - loss: 0.8767 - val_loss: 1.4853
Epoch 35/1000
12992/13056 [============================>.] - ETA: 1s - loss: 0.8992
- val_loss: 1.4878
- val_all_f1:  0.5710 0.5710 0.5710
- val_exp_f1:  0.8665 0.8665 0.8665
- val_non_f1:  0.3115 0.3111 0.3113

13056/13056 [==============================] - 228s - loss: 0.8998 - val_loss: 1.4878
Epoch 36/1000
12992/13056 [============================>.] - ETA: 1s - loss: 0.8745
- val_loss: 1.4707
- val_all_f1:  0.5661 0.5661 0.5661
- val_exp_f1:  0.8437 0.8437 0.8437
- val_non_f1:  0.3222 0.3218 0.3220

13056/13056 [==============================] - 228s - loss: 0.8751 - val_loss: 1.4707
Epoch 37/1000
12992/13056 [============================>.] - ETA: 1s - loss: 0.8835
- val_loss: 1.4737
- val_all_f1:  0.5874 0.5874 0.5874
- val_exp_f1:  0.8953 0.8953 0.8953
- val_non_f1:  0.3168 0.3164 0.3166

13056/13056 [==============================] - 233s - loss: 0.8825 - val_loss: 1.4737
Epoch 38/1000
12992/13056 [============================>.] - ETA: 1s - loss: 0.9033
- val_loss: 1.5365
- val_all_f1:  0.5469 0.5469 0.5469
- val_exp_f1:  0.8498 0.8498 0.8498
- val_non_f1:  0.2807 0.2804 0.2806

13056/13056 [==============================] - 237s - loss: 0.9014 - val_loss: 1.5365
Epoch 39/1000
12992/13056 [============================>.] - ETA: 1s - loss: 0.8617
- val_loss: 1.4906
- val_all_f1:  0.5611 0.5611 0.5611
- val_exp_f1:  0.8619 0.8619 0.8619
- val_non_f1:  0.2968 0.2964 0.2966

13056/13056 [==============================] - 234s - loss: 0.8629 - val_loss: 1.4906
Epoch 40/1000
12992/13056 [============================>.] - ETA: 1s - loss: 0.8859
- val_loss: 1.4297
- val_all_f1:  0.5959 0.5959 0.5959
- val_exp_f1:  0.9090 0.9090 0.9090
- val_non_f1:  0.3213 0.3204 0.3209

13056/13056 [==============================] - 232s - loss: 0.8863 - val_loss: 1.4297
Epoch 41/1000
12992/13056 [============================>.] - ETA: 1s - loss: 0.8807
- val_loss: 1.5614
- val_all_f1:  0.5447 0.5447 0.5447
- val_exp_f1:  0.8756 0.8756 0.8756
- val_non_f1:  0.2544 0.2537 0.2540

13056/13056 [==============================] - 230s - loss: 0.8799 - val_loss: 1.5614
Epoch 42/1000
12992/13056 [============================>.] - ETA: 1s - loss: 0.8630
- val_loss: 1.5626
- val_all_f1:  0.5341 0.5341 0.5341
- val_exp_f1:  0.8316 0.8316 0.8316
- val_non_f1:  0.2727 0.2724 0.2725

13056/13056 [==============================] - 230s - loss: 0.8624 - val_loss: 1.5626
Epoch 43/1000
12992/13056 [============================>.] - ETA: 1s - loss: 0.8768
- val_loss: 1.4996
- val_all_f1:  0.5462 0.5462 0.5462
- val_exp_f1:  0.8528 0.8528 0.8528
- val_non_f1:  0.2767 0.2764 0.2766

13056/13056 [==============================] - 230s - loss: 0.8761 - val_loss: 1.4996
Epoch 44/1000
12992/13056 [============================>.] - ETA: 1s - loss: 0.8514
- val_loss: 1.5376
- val_all_f1:  0.5433 0.5433 0.5433
- val_exp_f1:  0.8040 0.8027 0.8033
- val_non_f1:  0.3155 0.3151 0.3153

13056/13056 [==============================] - 229s - loss: 0.8523 - val_loss: 1.5376
Epoch 45/1000
12992/13056 [============================>.] - ETA: 1s - loss: 0.8746
- val_loss: 1.4946
- val_all_f1:  0.5575 0.5575 0.5575
- val_exp_f1:  0.8710 0.8710 0.8710
- val_non_f1:  0.2821 0.2817 0.2819

13056/13056 [==============================] - 229s - loss: 0.8756 - val_loss: 1.4946
Epoch 46/1000
12992/13056 [============================>.] - ETA: 1s - loss: 0.8306
- val_loss: 1.5319
- val_all_f1:  0.5348 0.5348 0.5348
- val_exp_f1:  0.8346 0.8346 0.8346
- val_non_f1:  0.2718 0.2710 0.2714

13056/13056 [==============================] - 230s - loss: 0.8303 - val_loss: 1.5319
Epoch 47/1000
12992/13056 [============================>.] - ETA: 1s - loss: 0.8415
- val_loss: 1.4874
- val_all_f1:  0.5554 0.5554 0.5554
- val_exp_f1:  0.8404 0.8392 0.8398
- val_non_f1:  0.3066 0.3057 0.3061

13056/13056 [==============================] - 230s - loss: 0.8415 - val_loss: 1.4874
Epoch 48/1000
12992/13056 [============================>.] - ETA: 1s - loss: 0.8617
- val_loss: 1.4674
- val_all_f1:  0.5632 0.5632 0.5632
- val_exp_f1:  0.8832 0.8832 0.8832
- val_non_f1:  0.2821 0.2817 0.2819

13056/13056 [==============================] - 229s - loss: 0.8614 - val_loss: 1.4674
Epoch 49/1000
12992/13056 [============================>.] - ETA: 1s - loss: 0.8584
- val_loss: 1.4252
- val_all_f1:  0.5994 0.5994 0.5994
- val_exp_f1:  0.9058 0.9044 0.9051
- val_non_f1:  0.3316 0.3311 0.3313

13056/13056 [==============================] - 229s - loss: 0.8583 - val_loss: 1.4252
Epoch 50/1000
12992/13056 [============================>.] - ETA: 1s - loss: 0.8578
- val_loss: 1.4987
- val_all_f1:  0.5540 0.5540 0.5540
- val_exp_f1:  0.8741 0.8741 0.8741
- val_non_f1:  0.2727 0.2724 0.2725

13056/13056 [==============================] - 229s - loss: 0.8596 - val_loss: 1.4987
Epoch 51/1000
12992/13056 [============================>.] - ETA: 1s - loss: 0.8383
- val_loss: 1.5531
- val_all_f1:  0.5398 0.5398 0.5398
- val_exp_f1:  0.8407 0.8407 0.8407
- val_non_f1:  0.2754 0.2750 0.2752

13056/13056 [==============================] - 230s - loss: 0.8372 - val_loss: 1.5531
Epoch 52/1000
12992/13056 [============================>.] - ETA: 1s - loss: 0.8052
- val_loss: 1.4448
- val_all_f1:  0.5902 0.5902 0.5902
- val_exp_f1:  0.8998 0.8998 0.8998
- val_non_f1:  0.3182 0.3178 0.3180

13056/13056 [==============================] - 229s - loss: 0.8048 - val_loss: 1.4448
Epoch 53/1000
12992/13056 [============================>.] - ETA: 1s - loss: 0.8233
- val_loss: 1.5214
- val_all_f1:  0.5504 0.5504 0.5504
- val_exp_f1:  0.8983 0.8983 0.8983
- val_non_f1:  0.2447 0.2443 0.2445

13056/13056 [==============================] - 229s - loss: 0.8229 - val_loss: 1.5214
Epoch 54/1000
12992/13056 [============================>.] - ETA: 1s - loss: 0.8355
- val_loss: 1.5071
- val_all_f1:  0.5462 0.5462 0.5462
- val_exp_f1:  0.8938 0.8938 0.8938
- val_non_f1:  0.2406 0.2403 0.2405

13056/13056 [==============================] - 229s - loss: 0.8358 - val_loss: 1.5071
Epoch 55/1000
12992/13056 [============================>.] - ETA: 1s - loss: 0.8556
- val_loss: 1.4360
- val_all_f1:  0.5881 0.5881 0.5881
- val_exp_f1:  0.9074 0.9074 0.9074
- val_non_f1:  0.3075 0.3071 0.3073

13056/13056 [==============================] - 229s - loss: 0.8554 - val_loss: 1.4360
Epoch 56/1000
12992/13056 [============================>.] - ETA: 1s - loss: 0.8301
- val_loss: 1.4982
- val_all_f1:  0.5575 0.5575 0.5575
- val_exp_f1:  0.8619 0.8619 0.8619
- val_non_f1:  0.2901 0.2897 0.2899

13056/13056 [==============================] - 229s - loss: 0.8294 - val_loss: 1.4982
Epoch 57/1000
12992/13056 [============================>.] - ETA: 1s - loss: 0.8420
- val_loss: 1.5346
- val_all_f1:  0.5384 0.5384 0.5384
- val_exp_f1:  0.8437 0.8437 0.8437
- val_non_f1:  0.2701 0.2697 0.2699

13056/13056 [==============================] - 229s - loss: 0.8432 - val_loss: 1.5346
Epoch 58/1000
12992/13056 [============================>.] - ETA: 1s - loss: 0.8444
- val_loss: 1.4862
- val_all_f1:  0.5582 0.5582 0.5582
- val_exp_f1:  0.8665 0.8665 0.8665
- val_non_f1:  0.2874 0.2870 0.2872

13056/13056 [==============================] - 229s - loss: 0.8430 - val_loss: 1.4862
Epoch 59/1000
12992/13056 [============================>.] - ETA: 1s - loss: 0.8301
- val_loss: 1.4838
- val_all_f1:  0.5611 0.5611 0.5611
- val_exp_f1:  0.8634 0.8634 0.8634
- val_non_f1:  0.2955 0.2951 0.2953

13056/13056 [==============================] - 229s - loss: 0.8304 - val_loss: 1.4838
Epoch 60/1000
12992/13056 [============================>.] - ETA: 1s - loss: 0.8396
- val_loss: 1.4592
- val_all_f1:  0.5767 0.5767 0.5767
- val_exp_f1:  0.8907 0.8907 0.8907
- val_non_f1:  0.3008 0.3004 0.3006

13056/13056 [==============================] - 229s - loss: 0.8401 - val_loss: 1.4592
Epoch 61/1000
12992/13056 [============================>.] - ETA: 1s - loss: 0.8023
- val_loss: 1.5404
- val_all_f1:  0.5305 0.5305 0.5305
- val_exp_f1:  0.8589 0.8589 0.8589
- val_non_f1:  0.2420 0.2417 0.2418

13056/13056 [==============================] - 229s - loss: 0.8032 - val_loss: 1.5404
Epoch 62/1000
12992/13056 [============================>.] - ETA: 1s - loss: 0.8332
- val_loss: 1.6030
- val_all_f1:  0.5057 0.5057 0.5057
- val_exp_f1:  0.7830 0.7830 0.7830
- val_non_f1:  0.2620 0.2617 0.2619

13056/13056 [==============================] - 228s - loss: 0.8324 - val_loss: 1.6030
Epoch 63/1000
12992/13056 [============================>.] - ETA: 1s - loss: 0.8166
- val_loss: 1.5088
- val_all_f1:  0.5589 0.5589 0.5589
- val_exp_f1:  0.8589 0.8589 0.8589
- val_non_f1:  0.2955 0.2951 0.2953

13056/13056 [==============================] - 228s - loss: 0.8160 - val_loss: 1.5088
Epoch 64/1000
12992/13056 [============================>.] - ETA: 1s - loss: 0.8142
- val_loss: 1.5158
- val_all_f1:  0.5547 0.5547 0.5547
- val_exp_f1:  0.8725 0.8725 0.8725
- val_non_f1:  0.2754 0.2750 0.2752

13056/13056 [==============================] - 228s - loss: 0.8143 - val_loss: 1.5158
Epoch 65/1000
12992/13056 [============================>.] - ETA: 1s - loss: 0.8092
- val_loss: 1.4799
- val_all_f1:  0.5682 0.5682 0.5682
- val_exp_f1:  0.8816 0.8816 0.8816
- val_non_f1:  0.2928 0.2924 0.2926

13056/13056 [==============================] - 229s - loss: 0.8093 - val_loss: 1.4799
Epoch 66/1000
12992/13056 [============================>.] - ETA: 1s - loss: 0.8161
- val_loss: 1.5929
- val_all_f1:  0.5284 0.5284 0.5284
- val_exp_f1:  0.8680 0.8680 0.8680
- val_non_f1:  0.2299 0.2296 0.2298

13056/13056 [==============================] - 228s - loss: 0.8174 - val_loss: 1.5929
Epoch 67/1000
12992/13056 [============================>.] - ETA: 1s - loss: 0.8104
- val_loss: 1.5432
- val_all_f1:  0.5341 0.5341 0.5341
- val_exp_f1:  0.8012 0.8012 0.8012
- val_non_f1:  0.2999 0.2991 0.2995

13056/13056 [==============================] - 229s - loss: 0.8100 - val_loss: 1.5432
Epoch 68/1000
12992/13056 [============================>.] - ETA: 1s - loss: 0.8153
- val_loss: 1.4924
- val_all_f1:  0.5753 0.5753 0.5753
- val_exp_f1:  0.8632 0.8619 0.8626
- val_non_f1:  0.3231 0.3231 0.3231

13056/13056 [==============================] - 229s - loss: 0.8145 - val_loss: 1.4924
Epoch 69/1000
12992/13056 [============================>.] - ETA: 1s - loss: 0.8210
- val_loss: 1.6474
- val_all_f1:  0.4837 0.4837 0.4837
- val_exp_f1:  0.7527 0.7527 0.7527
- val_non_f1:  0.2473 0.2470 0.2472

13056/13056 [==============================] - 229s - loss: 0.8210 - val_loss: 1.6474
Epoch 70/1000
12992/13056 [============================>.] - ETA: 1s - loss: 0.8136
- val_loss: 1.4820
- val_all_f1:  0.5788 0.5788 0.5788
- val_exp_f1:  0.8877 0.8877 0.8877
- val_non_f1:  0.3075 0.3071 0.3073

13056/13056 [==============================] - 229s - loss: 0.8143 - val_loss: 1.4820
Epoch 71/1000
12992/13056 [============================>.] - ETA: 1s - loss: 0.8092
- val_loss: 1.4990
- val_all_f1:  0.5589 0.5589 0.5589
- val_exp_f1:  0.8801 0.8801 0.8801
- val_non_f1:  0.2767 0.2764 0.2766

13056/13056 [==============================] - 229s - loss: 0.8101 - val_loss: 1.4990
Epoch 72/1000
12992/13056 [============================>.] - ETA: 1s - loss: 0.7785
- val_loss: 1.6675
- val_all_f1:  0.5234 0.5234 0.5234
- val_exp_f1:  0.8756 0.8756 0.8756
- val_non_f1:  0.2139 0.2136 0.2138

13056/13056 [==============================] - 228s - loss: 0.7777 - val_loss: 1.6675
Epoch 73/1000
12992/13056 [============================>.] - ETA: 1s - loss: 0.7779
- val_loss: 1.6019
- val_all_f1:  0.5391 0.5391 0.5391
- val_exp_f1:  0.8771 0.8771 0.8771
- val_non_f1:  0.2420 0.2417 0.2418

13056/13056 [==============================] - 229s - loss: 0.7777 - val_loss: 1.6019
Epoch 74/1000
12992/13056 [============================>.] - ETA: 1s - loss: 0.7864
- val_loss: 1.4966
- val_all_f1:  0.5682 0.5682 0.5682
- val_exp_f1:  0.8877 0.8877 0.8877
- val_non_f1:  0.2870 0.2870 0.2870

13056/13056 [==============================] - 229s - loss: 0.7857 - val_loss: 1.4966
Epoch 75/1000
12992/13056 [============================>.] - ETA: 1s - loss: 0.7681
- val_loss: 1.6738
- val_all_f1:  0.4830 0.4830 0.4830
- val_exp_f1:  0.7511 0.7511 0.7511
- val_non_f1:  0.2477 0.2470 0.2473

13056/13056 [==============================] - 229s - loss: 0.7679 - val_loss: 1.6738
Epoch 76/1000
12992/13056 [============================>.] - ETA: 1s - loss: 0.8096
- val_loss: 1.5324
- val_all_f1:  0.5568 0.5568 0.5568
- val_exp_f1:  0.8862 0.8862 0.8862
- val_non_f1:  0.2674 0.2670 0.2672

13056/13056 [==============================] - 228s - loss: 0.8097 - val_loss: 1.5324
Epoch 77/1000
12992/13056 [============================>.] - ETA: 1s - loss: 0.7987
- val_loss: 1.5041
- val_all_f1:  0.5668 0.5668 0.5668
- val_exp_f1:  0.8877 0.8877 0.8877
- val_non_f1:  0.2844 0.2844 0.2844

13056/13056 [==============================] - 228s - loss: 0.7985 - val_loss: 1.5041
Epoch 78/1000
12992/13056 [============================>.] - ETA: 1s - loss: 0.8064
- val_loss: 1.5126
- val_all_f1:  0.5355 0.5355 0.5355
- val_exp_f1:  0.8407 0.8407 0.8407
- val_non_f1:  0.2674 0.2670 0.2672

13056/13056 [==============================] - 228s - loss: 0.8062 - val_loss: 1.5126
Epoch 79/1000
12992/13056 [============================>.] - ETA: 1s - loss: 0.8076
- val_loss: 1.4712
- val_all_f1:  0.5774 0.5774 0.5774
- val_exp_f1:  0.8862 0.8862 0.8862
- val_non_f1:  0.3057 0.3057 0.3057

13056/13056 [==============================] - 228s - loss: 0.8069 - val_loss: 1.4712
Epoch 80/1000
12992/13056 [============================>.] - ETA: 1s - loss: 0.8041
- val_loss: 1.4765
- val_all_f1:  0.5646 0.5646 0.5646
- val_exp_f1:  0.8695 0.8695 0.8695
- val_non_f1:  0.2964 0.2964 0.2964

13056/13056 [==============================] - 227s - loss: 0.8031 - val_loss: 1.4765
Epoch 81/1000
12992/13056 [============================>.] - ETA: 1s - loss: 0.7869
- val_loss: 1.5069
- val_all_f1:  0.5781 0.5781 0.5781
- val_exp_f1:  0.8832 0.8832 0.8832
- val_non_f1:  0.3097 0.3097 0.3097

13056/13056 [==============================] - 228s - loss: 0.7875 - val_loss: 1.5069
Epoch 82/1000
12992/13056 [============================>.] - ETA: 1s - loss: 0.7901
- val_loss: 1.5402
- val_all_f1:  0.5746 0.5746 0.5746
- val_exp_f1:  0.8663 0.8649 0.8656
- val_non_f1:  0.3191 0.3191 0.3191

13056/13056 [==============================] - 228s - loss: 0.7891 - val_loss: 1.5402
Epoch 83/1000
12992/13056 [============================>.] - ETA: 1s - loss: 0.7687
- val_loss: 1.5351
- val_all_f1:  0.5462 0.5462 0.5462
- val_exp_f1:  0.8528 0.8528 0.8528
- val_non_f1:  0.2767 0.2764 0.2766

13056/13056 [==============================] - 229s - loss: 0.7678 - val_loss: 1.5351
Epoch 84/1000
12992/13056 [============================>.] - ETA: 1s - loss: 0.7769
- val_loss: 1.5000
- val_all_f1:  0.5675 0.5675 0.5675
- val_exp_f1:  0.8832 0.8832 0.8832
- val_non_f1:  0.2901 0.2897 0.2899

13056/13056 [==============================] - 228s - loss: 0.7768 - val_loss: 1.5000
Epoch 85/1000
12992/13056 [============================>.] - ETA: 1s - loss: 0.7589
- val_loss: 1.5859
- val_all_f1:  0.5178 0.5178 0.5178
- val_exp_f1:  0.8240 0.8240 0.8240
- val_non_f1:  0.2487 0.2483 0.2485

13056/13056 [==============================] - 229s - loss: 0.7581 - val_loss: 1.5859
Epoch 86/1000
12992/13056 [============================>.] - ETA: 1s - loss: 0.7853
- val_loss: 1.5192
- val_all_f1:  0.5540 0.5540 0.5540
- val_exp_f1:  0.8422 0.8422 0.8422
- val_non_f1:  0.3008 0.3004 0.3006

13056/13056 [==============================] - 227s - loss: 0.7839 - val_loss: 1.5192
Epoch 87/1000
12992/13056 [============================>.] - ETA: 1s - loss: 0.8000
- val_loss: 1.5642
- val_all_f1:  0.5376 0.5376 0.5376
- val_exp_f1:  0.8361 0.8361 0.8361
- val_non_f1:  0.2754 0.2750 0.2752

13056/13056 [==============================] - 228s - loss: 0.7993 - val_loss: 1.5642
Epoch 88/1000
12992/13056 [============================>.] - ETA: 1s - loss: 0.7886
- val_loss: 1.5133
- val_all_f1:  0.5518 0.5518 0.5518
- val_exp_f1:  0.8695 0.8695 0.8695
- val_non_f1:  0.2727 0.2724 0.2725

13056/13056 [==============================] - 228s - loss: 0.7880 - val_loss: 1.5133
Epoch 89/1000
12992/13056 [============================>.] - ETA: 1s - loss: 0.7777
- val_loss: 1.5171
- val_all_f1:  0.5462 0.5462 0.5462
- val_exp_f1:  0.8741 0.8741 0.8741
- val_non_f1:  0.2580 0.2577 0.2578

13056/13056 [==============================] - 228s - loss: 0.7782 - val_loss: 1.5171
Epoch 90/1000
12992/13056 [============================>.] - ETA: 1s - loss: 0.7637
- val_loss: 1.6022
- val_all_f1:  0.5163 0.5163 0.5163
- val_exp_f1:  0.8467 0.8467 0.8467
- val_non_f1:  0.2259 0.2256 0.2258

13056/13056 [==============================] - 227s - loss: 0.7650 - val_loss: 1.6022
Epoch 91/1000
12992/13056 [============================>.] - ETA: 1s - loss: 0.7542
- val_loss: 1.5378
- val_all_f1:  0.5668 0.5668 0.5668
- val_exp_f1:  0.8574 0.8574 0.8574
- val_non_f1:  0.3115 0.3111 0.3113

13056/13056 [==============================] - 228s - loss: 0.7549 - val_loss: 1.5378
Epoch 92/1000
12992/13056 [============================>.] - ETA: 1s - loss: 0.7652
- val_loss: 1.5553
- val_all_f1:  0.5405 0.5405 0.5405
- val_exp_f1:  0.8619 0.8619 0.8619
- val_non_f1:  0.2580 0.2577 0.2578

13056/13056 [==============================] - 228s - loss: 0.7641 - val_loss: 1.5553
Epoch 93/1000
12992/13056 [============================>.] - ETA: 1s - loss: 0.7806
- val_loss: 1.4715
- val_all_f1:  0.5817 0.5817 0.5817
- val_exp_f1:  0.9014 0.9014 0.9014
- val_non_f1:  0.3008 0.3004 0.3006

13056/13056 [==============================] - 227s - loss: 0.7799 - val_loss: 1.4715
Epoch 94/1000
12992/13056 [============================>.] - ETA: 1s - loss: 0.7633
- val_loss: 1.5090
- val_all_f1:  0.5696 0.5696 0.5696
- val_exp_f1:  0.8816 0.8816 0.8816
- val_non_f1:  0.2955 0.2951 0.2953

13056/13056 [==============================] - 227s - loss: 0.7642 - val_loss: 1.5090
Epoch 95/1000
12992/13056 [============================>.] - ETA: 1s - loss: 0.7671
- val_loss: 1.6092
- val_all_f1:  0.5355 0.5355 0.5355
- val_exp_f1:  0.8877 0.8877 0.8877
- val_non_f1:  0.2259 0.2256 0.2258

13056/13056 [==============================] - 227s - loss: 0.7680 - val_loss: 1.6092
Epoch 96/1000
12992/13056 [============================>.] - ETA: 1s - loss: 0.7749
- val_loss: 1.5304
- val_all_f1:  0.5611 0.5611 0.5611
- val_exp_f1:  0.8619 0.8619 0.8619
- val_non_f1:  0.2972 0.2964 0.2968

13056/13056 [==============================] - 227s - loss: 0.7746 - val_loss: 1.5304
Epoch 97/1000
12992/13056 [============================>.] - ETA: 1s - loss: 0.7782
- val_loss: 1.4998
- val_all_f1:  0.5533 0.5533 0.5533
- val_exp_f1:  0.8316 0.8316 0.8316
- val_non_f1:  0.3088 0.3084 0.3086

13056/13056 [==============================] - 227s - loss: 0.7780 - val_loss: 1.4998
Epoch 98/1000
12992/13056 [============================>.] - ETA: 1s - loss: 0.7766
- val_loss: 1.5302
- val_all_f1:  0.5369 0.5369 0.5369
- val_exp_f1:  0.8346 0.8346 0.8346
- val_non_f1:  0.2758 0.2750 0.2754

13056/13056 [==============================] - 226s - loss: 0.7770 - val_loss: 1.5302
Epoch 99/1000
12992/13056 [============================>.] - ETA: 1s - loss: 0.7656
- val_loss: 1.5526
- val_all_f1:  0.5440 0.5440 0.5440
- val_exp_f1:  0.8604 0.8604 0.8604
- val_non_f1:  0.2664 0.2657 0.2660

13056/13056 [==============================] - 227s - loss: 0.7649 - val_loss: 1.5526
Epoch 100/1000
12992/13056 [============================>.] - ETA: 1s - loss: 0.7464
- val_loss: 1.5071
- val_all_f1:  0.5575 0.5575 0.5575
- val_exp_f1:  0.8771 0.8771 0.8771
- val_non_f1:  0.2771 0.2764 0.2767

13056/13056 [==============================] - 227s - loss: 0.7473 - val_loss: 1.5071
Epoch 101/1000
12992/13056 [============================>.] - ETA: 1s - loss: 0.7437
- val_loss: 1.5388
- val_all_f1:  0.5788 0.5788 0.5788
- val_exp_f1:  0.8556 0.8543 0.8550
- val_non_f1:  0.3373 0.3364 0.3369

13056/13056 [==============================] - 227s - loss: 0.7440 - val_loss: 1.5388
Epoch 102/1000
12992/13056 [============================>.] - ETA: 1s - loss: 0.7544
- val_loss: 1.4869
- val_all_f1:  0.5845 0.5845 0.5845
- val_exp_f1:  0.8801 0.8801 0.8801
- val_non_f1:  0.3249 0.3244 0.3246

13056/13056 [==============================] - 227s - loss: 0.7543 - val_loss: 1.4869
Epoch 103/1000
12992/13056 [============================>.] - ETA: 1s - loss: 0.7468
- val_loss: 1.5318
- val_all_f1:  0.5661 0.5661 0.5661
- val_exp_f1:  0.8786 0.8786 0.8786
- val_non_f1:  0.2914 0.2911 0.2912

13056/13056 [==============================] - 227s - loss: 0.7462 - val_loss: 1.5318
Epoch 104/1000
12992/13056 [============================>.] - ETA: 1s - loss: 0.7492
- val_loss: 1.6546
- val_all_f1:  0.5220 0.5220 0.5220
- val_exp_f1:  0.8376 0.8376 0.8376
- val_non_f1:  0.2453 0.2443 0.2448

13056/13056 [==============================] - 227s - loss: 0.7498 - val_loss: 1.6546
Epoch 105/1000
12992/13056 [============================>.] - ETA: 1s - loss: 0.7545
- val_loss: 1.6590
- val_all_f1:  0.5163 0.5163 0.5163
- val_exp_f1:  0.8240 0.8240 0.8240
- val_non_f1:  0.2466 0.2457 0.2462

13056/13056 [==============================] - 227s - loss: 0.7543 - val_loss: 1.6590
Epoch 106/1000
12992/13056 [============================>.] - ETA: 1s - loss: 0.7732
- val_loss: 1.5159
- val_all_f1:  0.5639 0.5639 0.5639
- val_exp_f1:  0.8756 0.8756 0.8756
- val_non_f1:  0.2905 0.2897 0.2901

13056/13056 [==============================] - 226s - loss: 0.7732 - val_loss: 1.5159
Epoch 107/1000
12992/13056 [============================>.] - ETA: 1s - loss: 0.7620
- val_loss: 1.5388
- val_all_f1:  0.5554 0.5554 0.5554
- val_exp_f1:  0.8725 0.8725 0.8725
- val_non_f1:  0.2771 0.2764 0.2767

13056/13056 [==============================] - 227s - loss: 0.7617 - val_loss: 1.5388
Epoch 108/1000
12992/13056 [============================>.] - ETA: 1s - loss: 0.7711
- val_loss: 1.4714
- val_all_f1:  0.5781 0.5781 0.5781
- val_exp_f1:  0.8847 0.8847 0.8847
- val_non_f1:  0.3088 0.3084 0.3086

13056/13056 [==============================] - 227s - loss: 0.7701 - val_loss: 1.4714
Epoch 109/1000
12992/13056 [============================>.] - ETA: 1s - loss: 0.7632
- val_loss: 1.4842
- val_all_f1:  0.5866 0.5866 0.5866
- val_exp_f1:  0.9014 0.9014 0.9014
- val_non_f1:  0.3102 0.3097 0.3100

13056/13056 [==============================] - 227s - loss: 0.7630 - val_loss: 1.4842
Epoch 110/1000
12992/13056 [============================>.] - ETA: 1s - loss: 0.7461
- val_loss: 1.4768
- val_all_f1:  0.5803 0.5803 0.5803
- val_exp_f1:  0.9029 0.9029 0.9029
- val_non_f1:  0.2968 0.2964 0.2966

13056/13056 [==============================] - 227s - loss: 0.7454 - val_loss: 1.4768
Epoch 111/1000
12992/13056 [============================>.] - ETA: 1s - loss: 0.7313
- val_loss: 1.5024
- val_all_f1:  0.5653 0.5653 0.5653
- val_exp_f1:  0.8953 0.8953 0.8953
- val_non_f1:  0.2758 0.2750 0.2754

13056/13056 [==============================] - 227s - loss: 0.7314 - val_loss: 1.5024
Epoch 112/1000
12992/13056 [============================>.] - ETA: 1s - loss: 0.7414
- val_loss: 1.6682
- val_all_f1:  0.5256 0.5256 0.5256
- val_exp_f1:  0.8331 0.8331 0.8331
- val_non_f1:  0.2564 0.2550 0.2557

13056/13056 [==============================] - 227s - loss: 0.7422 - val_loss: 1.6682
Epoch 113/1000
12992/13056 [============================>.] - ETA: 1s - loss: 0.7506
- val_loss: 1.5203
- val_all_f1:  0.5582 0.5582 0.5582
- val_exp_f1:  0.8816 0.8816 0.8816
- val_non_f1:  0.2744 0.2737 0.2741

13056/13056 [==============================] - 227s - loss: 0.7499 - val_loss: 1.5203
Epoch 114/1000
12992/13056 [============================>.] - ETA: 1s - loss: 0.7521
- val_loss: 1.4982
- val_all_f1:  0.5710 0.5710 0.5710
- val_exp_f1:  0.8801 0.8801 0.8801
- val_non_f1:  0.2999 0.2991 0.2995

13056/13056 [==============================] - 227s - loss: 0.7531 - val_loss: 1.4982
Epoch 115/1000
12992/13056 [============================>.] - ETA: 1s - loss: 0.7399
- val_loss: 1.5226
- val_all_f1:  0.5710 0.5710 0.5710
- val_exp_f1:  0.8847 0.8847 0.8847
- val_non_f1:  0.2959 0.2951 0.2955

13056/13056 [==============================] - 226s - loss: 0.7395 - val_loss: 1.5226
Epoch 116/1000
12992/13056 [============================>.] - ETA: 1s - loss: 0.7516
- val_loss: 1.5223
- val_all_f1:  0.5781 0.5781 0.5781
- val_exp_f1:  0.8983 0.8983 0.8983
- val_non_f1:  0.2972 0.2964 0.2968

13056/13056 [==============================] - 226s - loss: 0.7500 - val_loss: 1.5223
Epoch 117/1000
12992/13056 [============================>.] - ETA: 1s - loss: 0.7627
- val_loss: 1.5973
- val_all_f1:  0.5426 0.5426 0.5426
- val_exp_f1:  0.8695 0.8695 0.8695
- val_non_f1:  0.2560 0.2550 0.2555

13056/13056 [==============================] - 227s - loss: 0.7636 - val_loss: 1.5973
Epoch 118/1000
12992/13056 [============================>.] - ETA: 1s - loss: 0.7419
- val_loss: 1.6087
- val_all_f1:  0.5561 0.5561 0.5561
- val_exp_f1:  0.8483 0.8483 0.8483
- val_non_f1:  0.2999 0.2991 0.2995

13056/13056 [==============================] - 227s - loss: 0.7417 - val_loss: 1.6087
Epoch 119/1000
12992/13056 [============================>.] - ETA: 1s - loss: 0.7550
- val_loss: 1.5056
- val_all_f1:  0.5810 0.5810 0.5810
- val_exp_f1:  0.8998 0.8998 0.8998
- val_non_f1:  0.3008 0.3004 0.3006

13056/13056 [==============================] - 227s - loss: 0.7547 - val_loss: 1.5056
Epoch 120/1000
12992/13056 [============================>.] - ETA: 1s - loss: 0.7355
- val_loss: 1.5556
- val_all_f1:  0.5440 0.5440 0.5440
- val_exp_f1:  0.8376 0.8376 0.8376
- val_non_f1:  0.2861 0.2857 0.2859

13056/13056 [==============================] - 227s - loss: 0.7359 - val_loss: 1.5556
Epoch 121/1000
12992/13056 [============================>.] - ETA: 1s - loss: 0.7169
- val_loss: 1.6458
- val_all_f1:  0.5270 0.5270 0.5270
- val_exp_f1:  0.8346 0.8346 0.8346
- val_non_f1:  0.2570 0.2563 0.2567

13056/13056 [==============================] - 227s - loss: 0.7173 - val_loss: 1.6458
Epoch 122/1000
12992/13056 [============================>.] - ETA: 1s - loss: 0.7541
- val_loss: 1.6381
- val_all_f1:  0.5043 0.5043 0.5043
- val_exp_f1:  0.8118 0.8118 0.8118
- val_non_f1:  0.2343 0.2336 0.2340

13056/13056 [==============================] - 228s - loss: 0.7556 - val_loss: 1.6381
Epoch 123/1000
12992/13056 [============================>.] - ETA: 1s - loss: 0.7038
- val_loss: 1.5492
- val_all_f1:  0.5625 0.5625 0.5625
- val_exp_f1:  0.8558 0.8558 0.8558
- val_non_f1:  0.3048 0.3044 0.3046

13056/13056 [==============================] - 228s - loss: 0.7044 - val_loss: 1.5492
Epoch 124/1000
12992/13056 [============================>.] - ETA: 1s - loss: 0.7290
- val_loss: 1.5224
- val_all_f1:  0.5639 0.5639 0.5639
- val_exp_f1:  0.8832 0.8832 0.8832
- val_non_f1:  0.2842 0.2830 0.2836

13056/13056 [==============================] - 228s - loss: 0.7288 - val_loss: 1.5224
Epoch 125/1000
12992/13056 [============================>.] - ETA: 1s - loss: 0.7267
- val_loss: 1.5275
- val_all_f1:  0.5852 0.5852 0.5852
- val_exp_f1:  0.8907 0.8907 0.8907
- val_non_f1:  0.3168 0.3164 0.3166

13056/13056 [==============================] - 227s - loss: 0.7275 - val_loss: 1.5275
Epoch 126/1000
12992/13056 [============================>.] - ETA: 1s - loss: 0.7307
- val_loss: 1.4937
- val_all_f1:  0.5774 0.5774 0.5774
- val_exp_f1:  0.8923 0.8923 0.8923
- val_non_f1:  0.3008 0.3004 0.3006

13056/13056 [==============================] - 227s - loss: 0.7315 - val_loss: 1.4937
Epoch 127/1000
12992/13056 [============================>.] - ETA: 1s - loss: 0.7196
- val_loss: 1.6154
- val_all_f1:  0.5305 0.5305 0.5305
- val_exp_f1:  0.8225 0.8225 0.8225
- val_non_f1:  0.2744 0.2737 0.2741

13056/13056 [==============================] - 227s - loss: 0.7190 - val_loss: 1.6154
Epoch 128/1000
12992/13056 [============================>.] - ETA: 1s - loss: 0.7452
- val_loss: 1.5473
- val_all_f1:  0.5455 0.5455 0.5455
- val_exp_f1:  0.8543 0.8543 0.8543
- val_non_f1:  0.2741 0.2737 0.2739

13056/13056 [==============================] - 227s - loss: 0.7462 - val_loss: 1.5473
Epoch 129/1000
12992/13056 [============================>.] - ETA: 1s - loss: 0.7423
- val_loss: 1.5489
- val_all_f1:  0.5632 0.5632 0.5632
- val_exp_f1:  0.8665 0.8665 0.8665
- val_non_f1:  0.2968 0.2964 0.2966

13056/13056 [==============================] - 227s - loss: 0.7421 - val_loss: 1.5489
Epoch 130/1000
12992/13056 [============================>.] - ETA: 1s - loss: 0.7368
- val_loss: 1.5516
- val_all_f1:  0.5540 0.5540 0.5540
- val_exp_f1:  0.8498 0.8498 0.8498
- val_non_f1:  0.2945 0.2937 0.2941

13056/13056 [==============================] - 226s - loss: 0.7356 - val_loss: 1.5516
Epoch 131/1000
12992/13056 [============================>.] - ETA: 1s - loss: 0.6958
- val_loss: 1.5617
- val_all_f1:  0.5668 0.5668 0.5668
- val_exp_f1:  0.8574 0.8574 0.8574
- val_non_f1:  0.3119 0.3111 0.3115

13056/13056 [==============================] - 227s - loss: 0.6981 - val_loss: 1.5617
Epoch 132/1000
12992/13056 [============================>.] - ETA: 1s - loss: 0.7227
- val_loss: 1.5380
- val_all_f1:  0.5661 0.5661 0.5661
- val_exp_f1:  0.8589 0.8589 0.8589
- val_non_f1:  0.3092 0.3084 0.3088

13056/13056 [==============================] - 227s - loss: 0.7215 - val_loss: 1.5380
Epoch 133/1000
12992/13056 [============================>.] - ETA: 1s - loss: 0.7251
- val_loss: 1.5185
- val_all_f1:  0.5732 0.5732 0.5732
- val_exp_f1:  0.8695 0.8695 0.8695
- val_non_f1:  0.3128 0.3124 0.3126

13056/13056 [==============================] - 227s - loss: 0.7248 - val_loss: 1.5185
Epoch 134/1000
12992/13056 [============================>.] - ETA: 1s - loss: 0.7072
- val_loss: 1.6590
- val_all_f1:  0.5064 0.5064 0.5064
- val_exp_f1:  0.8058 0.8058 0.8058
- val_non_f1:  0.2440 0.2430 0.2435

13056/13056 [==============================] - 226s - loss: 0.7081 - val_loss: 1.6590
Epoch 135/1000
12992/13056 [============================>.] - ETA: 1s - loss: 0.7447
- val_loss: 1.5724
- val_all_f1:  0.5412 0.5412 0.5412
- val_exp_f1:  0.8331 0.8331 0.8331
- val_non_f1:  0.2851 0.2844 0.2848

13056/13056 [==============================] - 227s - loss: 0.7441 - val_loss: 1.5724
Epoch 136/1000
12992/13056 [============================>.] - ETA: 1s - loss: 0.7298
- val_loss: 1.5372
- val_all_f1:  0.5568 0.5568 0.5568
- val_exp_f1:  0.8832 0.8832 0.8832
- val_non_f1:  0.2701 0.2697 0.2699

13056/13056 [==============================] - 226s - loss: 0.7296 - val_loss: 1.5372
Epoch 137/1000
12992/13056 [============================>.] - ETA: 1s - loss: 0.6984
- val_loss: 1.6143
- val_all_f1:  0.5348 0.5348 0.5348
- val_exp_f1:  0.8710 0.8710 0.8710
- val_non_f1:  0.2396 0.2390 0.2393

13056/13056 [==============================] - 226s - loss: 0.6977 - val_loss: 1.6143
Epoch 138/1000
12992/13056 [============================>.] - ETA: 1s - loss: 0.7216
- val_loss: 1.5126
- val_all_f1:  0.5568 0.5568 0.5568
- val_exp_f1:  0.8771 0.8771 0.8771
- val_non_f1:  0.2758 0.2750 0.2754

13056/13056 [==============================] - 226s - loss: 0.7214 - val_loss: 1.5126
Epoch 139/1000
12992/13056 [============================>.] - ETA: 1s - loss: 0.7340
- val_loss: 1.5234
- val_all_f1:  0.5511 0.5511 0.5511
- val_exp_f1:  0.8513 0.8513 0.8513
- val_non_f1:  0.2874 0.2870 0.2872

13056/13056 [==============================] - 226s - loss: 0.7348 - val_loss: 1.5234
Epoch 140/1000
12992/13056 [============================>.] - ETA: 1s - loss: 0.7208
- val_loss: 1.5268
- val_all_f1:  0.5746 0.5746 0.5746
- val_exp_f1:  0.8801 0.8801 0.8801
- val_non_f1:  0.3061 0.3057 0.3059

13056/13056 [==============================] - 226s - loss: 0.7236 - val_loss: 1.5268
Epoch 141/1000
12992/13056 [============================>.] - ETA: 1s - loss: 0.6881
- val_loss: 1.5277
- val_all_f1:  0.5739 0.5739 0.5739
- val_exp_f1:  0.8892 0.8892 0.8892
- val_non_f1:  0.2972 0.2964 0.2968

13056/13056 [==============================] - 227s - loss: 0.6886 - val_loss: 1.5277
Epoch 142/1000
12992/13056 [============================>.] - ETA: 1s - loss: 0.6974
- val_loss: 1.5490
- val_all_f1:  0.5625 0.5625 0.5625
- val_exp_f1:  0.8801 0.8801 0.8801
- val_non_f1:  0.2838 0.2830 0.2834

13056/13056 [==============================] - 227s - loss: 0.6971 - val_loss: 1.5490
Epoch 143/1000
12992/13056 [============================>.] - ETA: 1s - loss: 0.6872
- val_loss: 1.5949
- val_all_f1:  0.5334 0.5334 0.5334
- val_exp_f1:  0.8452 0.8452 0.8452
- val_non_f1:  0.2597 0.2590 0.2594

13056/13056 [==============================] - 227s - loss: 0.6892 - val_loss: 1.5949
Epoch 144/1000
12992/13056 [============================>.] - ETA: 1s - loss: 0.6882
- val_loss: 1.5374
- val_all_f1:  0.5597 0.5597 0.5597
- val_exp_f1:  0.8619 0.8619 0.8619
- val_non_f1:  0.2945 0.2937 0.2941

13056/13056 [==============================] - 227s - loss: 0.6886 - val_loss: 1.5374
Epoch 145/1000
12992/13056 [============================>.] - ETA: 1s - loss: 0.7002
- val_loss: 1.6110
- val_all_f1:  0.5249 0.5249 0.5249
- val_exp_f1:  0.8346 0.8346 0.8346
- val_non_f1:  0.2530 0.2523 0.2527

13056/13056 [==============================] - 227s - loss: 0.7006 - val_loss: 1.6110
Epoch 146/1000
12992/13056 [============================>.] - ETA: 1s - loss: 0.7043
- val_loss: 1.5885
- val_all_f1:  0.5561 0.5561 0.5561
- val_exp_f1:  0.8467 0.8467 0.8467
- val_non_f1:  0.3012 0.3004 0.3008

13056/13056 [==============================] - 227s - loss: 0.7051 - val_loss: 1.5885
Epoch 147/1000
12992/13056 [============================>.] - ETA: 1s - loss: 0.7101
- val_loss: 1.5877
- val_all_f1:  0.5717 0.5717 0.5717
- val_exp_f1:  0.8467 0.8467 0.8467
- val_non_f1:  0.3302 0.3298 0.3300

13056/13056 [==============================] - 227s - loss: 0.7103 - val_loss: 1.5877
Epoch 148/1000
12992/13056 [============================>.] - ETA: 1s - loss: 0.7054
- val_loss: 1.6615
- val_all_f1:  0.5099 0.5099 0.5099
- val_exp_f1:  0.8118 0.8118 0.8118
- val_non_f1:  0.2450 0.2443 0.2447

13056/13056 [==============================] - 227s - loss: 0.7059 - val_loss: 1.6615
Epoch 149/1000
12992/13056 [============================>.] - ETA: 1s - loss: 0.7409
- val_loss: 1.5391
- val_all_f1:  0.5618 0.5618 0.5618
- val_exp_f1:  0.8604 0.8604 0.8604
- val_non_f1:  0.2995 0.2991 0.2993

13056/13056 [==============================] - 227s - loss: 0.7412 - val_loss: 1.5391
Epoch 150/1000
12992/13056 [============================>.] - ETA: 1s - loss: 0.7071
- val_loss: 1.5380
- val_all_f1:  0.5653 0.5653 0.5653
- val_exp_f1:  0.8741 0.8741 0.8741
- val_non_f1:  0.2941 0.2937 0.2939

13056/13056 [==============================] - 227s - loss: 0.7063 - val_loss: 1.5380
[2017-07-06 17:08] training finished (ex/conll16st-v35b1-en-fd-8-rn-8-0)
[2017-07-06 17:08] best_val_loss: 48 - loss: 0.8583 - val_loss: 1.4252 - val_all_f1: 0.5994 - val_exp_f1: 0.9051 - val_non_f1: 0.3313
[2017-07-06 17:08] best_val_all_f1: 48 - loss: 0.8583 - val_loss: 1.4252 - val_all_f1: 0.5994 - val_exp_f1: 0.9051 - val_non_f1: 0.3313
