[2019-03-05 17:56] configuration (ex/conll16st-v35nodropout-zh/blind)
[2019-03-05 17:56]   config 'arg1_len': 500
[2019-03-05 17:56]   config 'arg2_len': 500
[2019-03-05 17:56]   config 'backend': theano
[2019-03-05 17:56]   config 'backend_theano': device=cpu
[2019-03-05 17:56]   config 'batch_size': 64
[2019-03-05 17:56]   config 'conn_len': 10
[2019-03-05 17:56]   config 'dataset_dir': data/conll16st-zh-04-27-2016-blind-test
[2019-03-05 17:56]   config 'filter_fn_name': None
[2019-03-05 17:56]   config 'input_size': None
[2019-03-05 17:56]   config 'lang': zh
[2019-03-05 17:56]   config 'mode': word
[2019-03-05 17:56]   config 'model_dir': ex/conll16st-v35nodropout-zh
[2019-03-05 17:56]   config 'normalization_mode': sample_aspect
[2019-03-05 17:56]   config 'output_dir': ex/conll16st-v35nodropout-zh/blind
[2019-03-05 17:56]   config 'punc_len': 2
[2019-03-05 17:56]   config 'rest': ['--words_dropout=0.0', '--rnn_dropout_merge=0.0', '--final_dropout=0.0']
[2019-03-05 17:56]   config 'snapshot_size': 2048
[2019-03-05 17:56] load dataset for prediction (data/conll16st-zh-04-27-2016-blind-test)
[2019-03-05 17:56]   lang: zh, doc_ids: 64, words: 29892, rel_ids: 2101, relation tokens: 82465
[2019-03-05 17:56] load previous indexes (ex/conll16st-v35nodropout-zh/indexes.pkl)
[2019-03-05 17:56]   words2id: 14785, target2id: 12
[2019-03-05 17:56] load model (ex/conll16st-v35nodropout-zh)
[2019-03-05 17:56] load previous weights (ex/conll16st-v35nodropout-zh/weights_val_all_f1.hdf5)
[2019-03-05 17:56] make predictions
[2019-03-05 17:59] save predictions (ex/conll16st-v35nodropout-zh/blind/output.json)
[2019-03-05 17:59] save predictions (ex/conll16st-v35nodropout-zh/blind/output_proba.json)
[2019-03-05 17:59] peek into filtering weights (ex/conll16st-v35nodropout-zh/blind/peek.html)
[2019-03-05 18:04] finished (ex/conll16st-v35nodropout-zh/blind)
[2019-03-05 18:04] time: loaded: 12.2478 - prepared: 5.1486 - predicted: 174.8940
