[2017-07-21 04:16] configuration (ex/conll16st-v35b1-en-fd-8-rn-8-2/blind)
[2017-07-21 04:16]   config 'arg1_len': 100
[2017-07-21 04:16]   config 'arg2_len': 100
[2017-07-21 04:16]   config 'backend': theano
[2017-07-21 04:16]   config 'backend_theano': device=gpu,floatX=float32,nvcc.fastmath=True,lib.cnmem=1
[2017-07-21 04:16]   config 'batch_size': 64
[2017-07-21 04:16]   config 'conn_len': 10
[2017-07-21 04:16]   config 'dataset_dir': data/conll15st-en-03-29-16-blind-test
[2017-07-21 04:16]   config 'filter_fn_name': None
[2017-07-21 04:16]   config 'lang': en
[2017-07-21 04:16]   config 'mode': word
[2017-07-21 04:16]   config 'model_dir': ex/conll16st-v35b1-en-fd-8-rn-8-2
[2017-07-21 04:16]   config 'normalization_mode': sample_aspect
[2017-07-21 04:16]   config 'output_dir': ex/conll16st-v35b1-en-fd-8-rn-8-2/blind
[2017-07-21 04:16]   config 'punc_len': 0
[2017-07-21 04:16]   config 'rest': ['--filter_dim=8', '--rnn_num=8']
[2017-07-21 04:16]   config 'snapshot_size': 2048
[2017-07-21 04:16] load dataset for prediction (data/conll15st-en-03-29-16-blind-test)
[2017-07-21 04:16]   lang: en, doc_ids: 71, words: 34621, rel_ids: 1209, relation tokens: 44203
[2017-07-21 04:16] load previous indexes (ex/conll16st-v35b1-en-fd-8-rn-8-2/indexes.pkl)
[2017-07-21 04:16]   words2id: 43918, target2id: 23
[2017-07-21 04:16] load model (ex/conll16st-v35b1-en-fd-8-rn-8-2)
[2017-07-21 04:16] load previous weights (ex/conll16st-v35b1-en-fd-8-rn-8-2/weights_val_all_f1.hdf5)
[2017-07-21 04:16] prediction preparation
[2017-07-21 04:16] make predictions (ex/conll16st-v35b1-en-fd-8-rn-8-2/blind/output.json)
[2017-07-21 04:17] peek into filtering weights (ex/conll16st-v35b1-en-fd-8-rn-8-2/blind/peek.html)
[2017-07-21 04:18] finished (ex/conll16st-v35b1-en-fd-8-rn-8-2/blind)
