[2019-03-08 10:03] configuration (ex/conll16st-v35nodropout-zhch/blind)
[2019-03-08 10:03]   config 'arg1_len': 900
[2019-03-08 10:03]   config 'arg2_len': 900
[2019-03-08 10:03]   config 'backend': theano
[2019-03-08 10:03]   config 'backend_theano': device=cpu
[2019-03-08 10:03]   config 'batch_size': 64
[2019-03-08 10:03]   config 'conn_len': 20
[2019-03-08 10:03]   config 'dataset_dir': data/conll16st-zh-04-27-2016-blind-test
[2019-03-08 10:03]   config 'filter_fn_name': None
[2019-03-08 10:03]   config 'input_size': None
[2019-03-08 10:03]   config 'lang': zh
[2019-03-08 10:03]   config 'mode': char
[2019-03-08 10:03]   config 'model_dir': ex/conll16st-v35nodropout-zhch
[2019-03-08 10:03]   config 'normalization_mode': sample_aspect
[2019-03-08 10:03]   config 'output_dir': ex/conll16st-v35nodropout-zhch/blind
[2019-03-08 10:03]   config 'punc_len': 2
[2019-03-08 10:03]   config 'rest': ['--words_dropout=0.0', '--rnn_dropout_merge=0.0', '--final_dropout=0.0']
[2019-03-08 10:03]   config 'snapshot_size': 2048
[2019-03-08 10:03] load dataset for prediction (data/conll16st-zh-04-27-2016-blind-test)
[2019-03-08 10:03]   lang: zh, rel_ids: 2101
[2019-03-08 10:03] load previous indexes (ex/conll16st-v35nodropout-zhch/indexes.pkl)
[2019-03-08 10:03]   words2id: 2859, target2id: 12
[2019-03-08 10:03] load model (ex/conll16st-v35nodropout-zhch)
[2019-03-08 10:03] load previous weights (ex/conll16st-v35nodropout-zhch/weights_val_all_f1.hdf5)
[2019-03-08 10:03] make predictions
[2019-03-08 10:07] save predictions (ex/conll16st-v35nodropout-zhch/blind/output.json)
[2019-03-08 10:07] save predictions (ex/conll16st-v35nodropout-zhch/blind/output_proba.json)
[2019-03-08 10:07] peek into filtering weights (ex/conll16st-v35nodropout-zhch/blind/peek.html)
[2019-03-08 10:16] finished (ex/conll16st-v35nodropout-zhch/blind)
[2019-03-08 10:16] time: loaded: 0.4668 - prepared: 4.0891 - predicted: 246.7385
