[2019-03-08 18:31] configuration (ex/conll16st-v35-en-al-100-0)
[2019-03-08 18:31]   config 'arg1_len': 100
[2019-03-08 18:31]   config 'arg2_len': 100
[2019-03-08 18:31]   config 'backend': theano
[2019-03-08 18:31]   config 'backend_theano': device=gpu,floatX=float32,nvcc.fastmath=True,lib.cnmem=0.8
[2019-03-08 18:31]   config 'batch_size': 64
[2019-03-08 18:31]   config 'conn_len': 10
[2019-03-08 18:31]   config 'continue_': False
[2019-03-08 18:31]   config 'curriculum_end': 0.0
[2019-03-08 18:31]   config 'epochs': 1000
[2019-03-08 18:31]   config 'epochs_patience': 100
[2019-03-08 18:31]   config 'epochs_ratio': 0.1
[2019-03-08 18:31]   config 'filter_act': sigmoid
[2019-03-08 18:31]   config 'filter_append_act': linear
[2019-03-08 18:31]   config 'filter_append_batchnorm': False
[2019-03-08 18:31]   config 'filter_append_dim': 0
[2019-03-08 18:31]   config 'filter_append_dropout': 0.0
[2019-03-08 18:31]   config 'filter_apply': mul
[2019-03-08 18:31]   config 'filter_dim': 12
[2019-03-08 18:31]   config 'filter_dropout_U': 0.0
[2019-03-08 18:31]   config 'filter_dropout_W': 0.0
[2019-03-08 18:31]   config 'filter_fn_name': None
[2019-03-08 18:31]   config 'filter_shared': global
[2019-03-08 18:31]   config 'filter_type': lstm-fb
[2019-03-08 18:31]   config 'filter_zoneout_c': 0.0
[2019-03-08 18:31]   config 'filter_zoneout_h': 0.0
[2019-03-08 18:31]   config 'final_act': SReLU
[2019-03-08 18:31]   config 'final_dim': 80
[2019-03-08 18:31]   config 'final_dropout': 0.3
[2019-03-08 18:31]   config 'input_size': None
[2019-03-08 18:31]   config 'lang': en
[2019-03-08 18:31]   config 'masking': True
[2019-03-08 18:31]   config 'mode': word
[2019-03-08 18:31]   config 'model_dir': ex/conll16st-v35-en-al-100-0
[2019-03-08 18:31]   config 'optimizer': adam
[2019-03-08 18:31]   config 'original_positives': 0
[2019-03-08 18:31]   config 'punc_len': 0
[2019-03-08 18:31]   config 'random_negatives': 2
[2019-03-08 18:31]   config 'random_positives': 2
[2019-03-08 18:31]   config 'random_proba_1': 0.1
[2019-03-08 18:31]   config 'random_proba_2': 0.1
[2019-03-08 18:31]   config 'random_proba_3': 0.9
[2019-03-08 18:31]   config 'rnn_act': tanh
[2019-03-08 18:31]   config 'rnn_dim': 20
[2019-03-08 18:31]   config 'rnn_dropout_U': 0.0
[2019-03-08 18:31]   config 'rnn_dropout_W': 0.0
[2019-03-08 18:31]   config 'rnn_dropout_merge': 0.3
[2019-03-08 18:31]   config 'rnn_merge': concat
[2019-03-08 18:31]   config 'rnn_num': 12
[2019-03-08 18:31]   config 'rnn_shared': aspect
[2019-03-08 18:31]   config 'rnn_type': lstm-fwd
[2019-03-08 18:31]   config 'rnn_zoneout_c': 0.0
[2019-03-08 18:31]   config 'rnn_zoneout_h': 0.0
[2019-03-08 18:31]   config 'snapshot_size': 2048
[2019-03-08 18:31]   config 'train_dir': data/conll16st-en-03-29-16-train
[2019-03-08 18:31]   config 'valid_dir': data/conll16st-en-03-29-16-dev
[2019-03-08 18:31]   config 'words2vec_bin': None
[2019-03-08 18:31]   config 'words2vec_txt': None
[2019-03-08 18:31]   config 'words_crop': None
[2019-03-08 18:31]   config 'words_dim': 20
[2019-03-08 18:31]   config 'words_dropout': 0.3
[2019-03-08 18:31]   config 'words_shared': global
[2019-03-08 18:31]   config 'words_trainable': True
[2019-03-08 18:31] load dataset for training (data/conll16st-en-03-29-16-train)
[2019-03-08 18:34]   lang: en, doc_ids: 1756, words: 933049, rel_ids: 32535, relation tokens: 1159204
[2019-03-08 18:34] load dataset for validation (data/conll16st-en-03-29-16-dev)
[2019-03-08 18:34]   lang: en, doc_ids: 79, words: 39712, rel_ids: 1436, relation tokens: 48882
[2019-03-08 18:34] build indexes from training
[2019-03-08 18:34]   words2id: 43918, target2id: 23
[2019-03-08 18:34] target class distribution from training
[2019-03-08 18:34]   class 0 = 'None': None
[2019-03-08 18:34]   class 1 = '': None
[2019-03-08 18:34]   class 2 = 'Expansion.Conjunction': 7817
[2019-03-08 18:34]   class 3 = 'Comparison.Contrast': 4714
[2019-03-08 18:34]   class 4 = 'EntRel': 4133
[2019-03-08 18:34]   class 5 = 'Contingency.Cause.Reason': 3344
[2019-03-08 18:34]   class 6 = 'Expansion.Restatement': 2699
[2019-03-08 18:34]   class 7 = 'Contingency.Cause.Result': 2137
[2019-03-08 18:34]   class 8 = 'Temporal.Synchrony': 1499
[2019-03-08 18:34]   class 9 = 'Expansion.Instantiation': 1403
[2019-03-08 18:34]   class 10 = 'Comparison.Concession': 1293
[2019-03-08 18:34]   class 11 = 'Temporal.Asynchronous.Precedence': 1277
[2019-03-08 18:34]   class 12 = 'Contingency.Condition': 1197
[2019-03-08 18:34]   class 13 = 'Temporal.Asynchronous.Succession': 1014
[2019-03-08 18:34]   class 14 = 'Comparison': 992
[2019-03-08 18:34]   class 15 = 'Expansion': 630
[2019-03-08 18:34]   class 16 = 'Expansion.Alternative.Chosen alternative': 241
[2019-03-08 18:34]   class 17 = 'Expansion.Alternative': 210
[2019-03-08 18:34]   class 18 = 'Temporal': 27
[2019-03-08 18:34]   class 19 = 'Contingency': 24
[2019-03-08 18:34]   class 20 = 'Expansion.Exception': 15
[2019-03-08 18:34]   class 21 = 'Temporal.Asynchronous': 6
[2019-03-08 18:34]   class 22 = 'Contingency.Cause': 2
[2019-03-08 18:34] build model
____________________________________________________________________________________________________
Layer (type)                     Output Shape          Param #     Connected to                     
====================================================================================================
arg1_ids (InputLayer)            (None, 100)           0                                            
____________________________________________________________________________________________________
arg2_ids (InputLayer)            (None, 100)           0                                            
____________________________________________________________________________________________________
conn_ids (InputLayer)            (None, 10)            0                                            
____________________________________________________________________________________________________
embedding_1 (Embedding)          multiple              878360      arg1_ids[0][0]                   
                                                                   arg2_ids[0][0]                   
                                                                   conn_ids[0][0]                   
____________________________________________________________________________________________________
shareablelstm_1 (ShareableLSTM)  multiple              1584        embedding_1[0][0]                
                                                                   embedding_1[1][0]                
                                                                   embedding_1[2][0]                
____________________________________________________________________________________________________
shareablelstm_2 (ShareableLSTM)  multiple              1584        embedding_1[0][0]                
                                                                   embedding_1[1][0]                
                                                                   embedding_1[2][0]                
____________________________________________________________________________________________________
merge_1 (Merge)                  (None, 100, 12)       0           shareablelstm_1[0][0]            
                                                                   shareablelstm_2[0][0]            
____________________________________________________________________________________________________
merge_15 (Merge)                 (None, 100, 12)       0           shareablelstm_1[1][0]            
                                                                   shareablelstm_2[1][0]            
____________________________________________________________________________________________________
merge_29 (Merge)                 (None, 10, 12)        0           shareablelstm_1[2][0]            
                                                                   shareablelstm_2[2][0]            
____________________________________________________________________________________________________
arg1_filters (Activation)        (None, 100, 12)       0           merge_1[0][0]                    
____________________________________________________________________________________________________
arg2_filters (Activation)        (None, 100, 12)       0           merge_15[0][0]                   
____________________________________________________________________________________________________
conn_filters (Activation)        (None, 10, 12)        0           merge_29[0][0]                   
____________________________________________________________________________________________________
merge_2 (Merge)                  (None, 100, 20)       0           embedding_1[0][0]                
                                                                   arg1_filters[0][0]               
____________________________________________________________________________________________________
merge_3 (Merge)                  (None, 100, 20)       0           embedding_1[0][0]                
                                                                   arg1_filters[0][0]               
____________________________________________________________________________________________________
merge_4 (Merge)                  (None, 100, 20)       0           embedding_1[0][0]                
                                                                   arg1_filters[0][0]               
____________________________________________________________________________________________________
merge_5 (Merge)                  (None, 100, 20)       0           embedding_1[0][0]                
                                                                   arg1_filters[0][0]               
____________________________________________________________________________________________________
merge_6 (Merge)                  (None, 100, 20)       0           embedding_1[0][0]                
                                                                   arg1_filters[0][0]               
____________________________________________________________________________________________________
merge_7 (Merge)                  (None, 100, 20)       0           embedding_1[0][0]                
                                                                   arg1_filters[0][0]               
____________________________________________________________________________________________________
merge_8 (Merge)                  (None, 100, 20)       0           embedding_1[0][0]                
                                                                   arg1_filters[0][0]               
____________________________________________________________________________________________________
merge_9 (Merge)                  (None, 100, 20)       0           embedding_1[0][0]                
                                                                   arg1_filters[0][0]               
____________________________________________________________________________________________________
merge_10 (Merge)                 (None, 100, 20)       0           embedding_1[0][0]                
                                                                   arg1_filters[0][0]               
____________________________________________________________________________________________________
merge_11 (Merge)                 (None, 100, 20)       0           embedding_1[0][0]                
                                                                   arg1_filters[0][0]               
____________________________________________________________________________________________________
merge_12 (Merge)                 (None, 100, 20)       0           embedding_1[0][0]                
                                                                   arg1_filters[0][0]               
____________________________________________________________________________________________________
merge_13 (Merge)                 (None, 100, 20)       0           embedding_1[0][0]                
                                                                   arg1_filters[0][0]               
____________________________________________________________________________________________________
merge_16 (Merge)                 (None, 100, 20)       0           embedding_1[1][0]                
                                                                   arg2_filters[0][0]               
____________________________________________________________________________________________________
merge_17 (Merge)                 (None, 100, 20)       0           embedding_1[1][0]                
                                                                   arg2_filters[0][0]               
____________________________________________________________________________________________________
merge_18 (Merge)                 (None, 100, 20)       0           embedding_1[1][0]                
                                                                   arg2_filters[0][0]               
____________________________________________________________________________________________________
merge_19 (Merge)                 (None, 100, 20)       0           embedding_1[1][0]                
                                                                   arg2_filters[0][0]               
____________________________________________________________________________________________________
merge_20 (Merge)                 (None, 100, 20)       0           embedding_1[1][0]                
                                                                   arg2_filters[0][0]               
____________________________________________________________________________________________________
merge_21 (Merge)                 (None, 100, 20)       0           embedding_1[1][0]                
                                                                   arg2_filters[0][0]               
____________________________________________________________________________________________________
merge_22 (Merge)                 (None, 100, 20)       0           embedding_1[1][0]                
                                                                   arg2_filters[0][0]               
____________________________________________________________________________________________________
merge_23 (Merge)                 (None, 100, 20)       0           embedding_1[1][0]                
                                                                   arg2_filters[0][0]               
____________________________________________________________________________________________________
merge_24 (Merge)                 (None, 100, 20)       0           embedding_1[1][0]                
                                                                   arg2_filters[0][0]               
____________________________________________________________________________________________________
merge_25 (Merge)                 (None, 100, 20)       0           embedding_1[1][0]                
                                                                   arg2_filters[0][0]               
____________________________________________________________________________________________________
merge_26 (Merge)                 (None, 100, 20)       0           embedding_1[1][0]                
                                                                   arg2_filters[0][0]               
____________________________________________________________________________________________________
merge_27 (Merge)                 (None, 100, 20)       0           embedding_1[1][0]                
                                                                   arg2_filters[0][0]               
____________________________________________________________________________________________________
merge_30 (Merge)                 (None, 10, 20)        0           embedding_1[2][0]                
                                                                   conn_filters[0][0]               
____________________________________________________________________________________________________
merge_31 (Merge)                 (None, 10, 20)        0           embedding_1[2][0]                
                                                                   conn_filters[0][0]               
____________________________________________________________________________________________________
merge_32 (Merge)                 (None, 10, 20)        0           embedding_1[2][0]                
                                                                   conn_filters[0][0]               
____________________________________________________________________________________________________
merge_33 (Merge)                 (None, 10, 20)        0           embedding_1[2][0]                
                                                                   conn_filters[0][0]               
____________________________________________________________________________________________________
merge_34 (Merge)                 (None, 10, 20)        0           embedding_1[2][0]                
                                                                   conn_filters[0][0]               
____________________________________________________________________________________________________
merge_35 (Merge)                 (None, 10, 20)        0           embedding_1[2][0]                
                                                                   conn_filters[0][0]               
____________________________________________________________________________________________________
merge_36 (Merge)                 (None, 10, 20)        0           embedding_1[2][0]                
                                                                   conn_filters[0][0]               
____________________________________________________________________________________________________
merge_37 (Merge)                 (None, 10, 20)        0           embedding_1[2][0]                
                                                                   conn_filters[0][0]               
____________________________________________________________________________________________________
merge_38 (Merge)                 (None, 10, 20)        0           embedding_1[2][0]                
                                                                   conn_filters[0][0]               
____________________________________________________________________________________________________
merge_39 (Merge)                 (None, 10, 20)        0           embedding_1[2][0]                
                                                                   conn_filters[0][0]               
____________________________________________________________________________________________________
merge_40 (Merge)                 (None, 10, 20)        0           embedding_1[2][0]                
                                                                   conn_filters[0][0]               
____________________________________________________________________________________________________
merge_41 (Merge)                 (None, 10, 20)        0           embedding_1[2][0]                
                                                                   conn_filters[0][0]               
____________________________________________________________________________________________________
shareablelstm_3 (ShareableLSTM)  (None, 20)            3280        merge_2[0][0]                    
                                                                   merge_16[0][0]                   
                                                                   merge_30[0][0]                   
____________________________________________________________________________________________________
shareablelstm_5 (ShareableLSTM)  (None, 20)            3280        merge_3[0][0]                    
                                                                   merge_17[0][0]                   
                                                                   merge_31[0][0]                   
____________________________________________________________________________________________________
shareablelstm_7 (ShareableLSTM)  (None, 20)            3280        merge_4[0][0]                    
                                                                   merge_18[0][0]                   
                                                                   merge_32[0][0]                   
____________________________________________________________________________________________________
shareablelstm_9 (ShareableLSTM)  (None, 20)            3280        merge_5[0][0]                    
                                                                   merge_19[0][0]                   
                                                                   merge_33[0][0]                   
____________________________________________________________________________________________________
shareablelstm_11 (ShareableLSTM) (None, 20)            3280        merge_6[0][0]                    
                                                                   merge_20[0][0]                   
                                                                   merge_34[0][0]                   
____________________________________________________________________________________________________
shareablelstm_13 (ShareableLSTM) (None, 20)            3280        merge_7[0][0]                    
                                                                   merge_21[0][0]                   
                                                                   merge_35[0][0]                   
____________________________________________________________________________________________________
shareablelstm_15 (ShareableLSTM) (None, 20)            3280        merge_8[0][0]                    
                                                                   merge_22[0][0]                   
                                                                   merge_36[0][0]                   
____________________________________________________________________________________________________
shareablelstm_17 (ShareableLSTM) (None, 20)            3280        merge_9[0][0]                    
                                                                   merge_23[0][0]                   
                                                                   merge_37[0][0]                   
____________________________________________________________________________________________________
shareablelstm_19 (ShareableLSTM) (None, 20)            3280        merge_10[0][0]                   
                                                                   merge_24[0][0]                   
                                                                   merge_38[0][0]                   
____________________________________________________________________________________________________
shareablelstm_21 (ShareableLSTM) (None, 20)            3280        merge_11[0][0]                   
                                                                   merge_25[0][0]                   
                                                                   merge_39[0][0]                   
____________________________________________________________________________________________________
shareablelstm_23 (ShareableLSTM) (None, 20)            3280        merge_12[0][0]                   
                                                                   merge_26[0][0]                   
                                                                   merge_40[0][0]                   
____________________________________________________________________________________________________
shareablelstm_25 (ShareableLSTM) (None, 20)            3280        merge_13[0][0]                   
                                                                   merge_27[0][0]                   
                                                                   merge_41[0][0]                   
____________________________________________________________________________________________________
merge_14 (Merge)                 (None, 240)           0           shareablelstm_3[0][0]            
                                                                   shareablelstm_5[0][0]            
                                                                   shareablelstm_7[0][0]            
                                                                   shareablelstm_9[0][0]            
                                                                   shareablelstm_11[0][0]           
                                                                   shareablelstm_13[0][0]           
                                                                   shareablelstm_15[0][0]           
                                                                   shareablelstm_17[0][0]           
                                                                   shareablelstm_19[0][0]           
                                                                   shareablelstm_21[0][0]           
                                                                   shareablelstm_23[0][0]           
                                                                   shareablelstm_25[0][0]           
____________________________________________________________________________________________________
merge_28 (Merge)                 (None, 240)           0           shareablelstm_3[1][0]            
                                                                   shareablelstm_5[1][0]            
                                                                   shareablelstm_7[1][0]            
                                                                   shareablelstm_9[1][0]            
                                                                   shareablelstm_11[1][0]           
                                                                   shareablelstm_13[1][0]           
                                                                   shareablelstm_15[1][0]           
                                                                   shareablelstm_17[1][0]           
                                                                   shareablelstm_19[1][0]           
                                                                   shareablelstm_21[1][0]           
                                                                   shareablelstm_23[1][0]           
                                                                   shareablelstm_25[1][0]           
____________________________________________________________________________________________________
merge_42 (Merge)                 (None, 240)           0           shareablelstm_3[2][0]            
                                                                   shareablelstm_5[2][0]            
                                                                   shareablelstm_7[2][0]            
                                                                   shareablelstm_9[2][0]            
                                                                   shareablelstm_11[2][0]           
                                                                   shareablelstm_13[2][0]           
                                                                   shareablelstm_15[2][0]           
                                                                   shareablelstm_17[2][0]           
                                                                   shareablelstm_19[2][0]           
                                                                   shareablelstm_21[2][0]           
                                                                   shareablelstm_23[2][0]           
                                                                   shareablelstm_25[2][0]           
____________________________________________________________________________________________________
dropout_1 (Dropout)              (None, 240)           0           merge_14[0][0]                   
____________________________________________________________________________________________________
dropout_2 (Dropout)              (None, 240)           0           merge_28[0][0]                   
____________________________________________________________________________________________________
dropout_3 (Dropout)              (None, 240)           0           merge_42[0][0]                   
____________________________________________________________________________________________________
merge_43 (Merge)                 (None, 720)           0           dropout_1[0][0]                  
                                                                   dropout_2[0][0]                  
                                                                   dropout_3[0][0]                  
____________________________________________________________________________________________________
dense_1 (Dense)                  (None, 80)            57680       merge_43[0][0]                   
____________________________________________________________________________________________________
srelu_1 (SReLU)                  (None, 80)            320         dense_1[0][0]                    
____________________________________________________________________________________________________
dropout_4 (Dropout)              (None, 80)            0           srelu_1[0][0]                    
____________________________________________________________________________________________________
dense_2 (Dense)                  (None, 23)            1863        dropout_4[0][0]                  
____________________________________________________________________________________________________
target (Activation)              (None, 23)            0           dense_2[0][0]                    
====================================================================================================
Total params: 980,751
Trainable params: 980,751
Non-trainable params: 0
____________________________________________________________________________________________________
[2019-03-08 18:49] initialize weights
[2019-03-08 18:49] training preparation
[2019-03-08 18:49] train model (ex/conll16st-v35-en-al-100-0)
Epoch 1/1000
12992/13056 [============================>.] - ETA: 0s - loss: 2.0588
- val_loss: 3.2413
- val_all_f1:  0.2202 0.2202 0.2202
- val_exp_f1:  0.2807 0.2807 0.2807
- val_non_f1:  0.1669 0.1669 0.1669

13056/13056 [==============================] - 217s - loss: 2.0580 - val_loss: 3.2413
Epoch 2/1000
12992/13056 [============================>.] - ETA: 0s - loss: 1.4622
- val_loss: 2.3708
- val_all_f1:  0.3267 0.3267 0.3267
- val_exp_f1:  0.3708 0.3657 0.3682
- val_non_f1:  0.2924 0.2924 0.2924

13056/13056 [==============================] - 217s - loss: 1.4603 - val_loss: 2.3708
Epoch 3/1000
12992/13056 [============================>.] - ETA: 0s - loss: 1.2676
- val_loss: 1.9661
- val_all_f1:  0.4538 0.4538 0.4538
- val_exp_f1:  0.6427 0.6252 0.6338
- val_non_f1:  0.3031 0.3031 0.3031

13056/13056 [==============================] - 216s - loss: 1.2672 - val_loss: 1.9661
Epoch 4/1000
12992/13056 [============================>.] - ETA: 0s - loss: 1.1478
- val_loss: 1.8695
- val_all_f1:  0.3899 0.3899 0.3899
- val_exp_f1:  0.6404 0.6404 0.6404
- val_non_f1:  0.1698 0.1696 0.1697

13056/13056 [==============================] - 216s - loss: 1.1472 - val_loss: 1.8695
Epoch 5/1000
12992/13056 [============================>.] - ETA: 0s - loss: 1.0912
- val_loss: 1.8273
- val_all_f1:  0.4744 0.4744 0.4744
- val_exp_f1:  0.6862 0.6737 0.6799
- val_non_f1:  0.2991 0.2991 0.2991

13056/13056 [==============================] - 216s - loss: 1.0919 - val_loss: 1.8273
Epoch 6/1000
12992/13056 [============================>.] - ETA: 0s - loss: 1.0465
- val_loss: 1.8073
- val_all_f1:  0.4489 0.4489 0.4489
- val_exp_f1:  0.7671 0.7648 0.7660
- val_non_f1:  0.1709 0.1709 0.1709

13056/13056 [==============================] - 216s - loss: 1.0477 - val_loss: 1.8073
Epoch 7/1000
12992/13056 [============================>.] - ETA: 0s - loss: 1.0509
- val_loss: 1.7355
- val_all_f1:  0.4908 0.4908 0.4908
- val_exp_f1:  0.7727 0.7633 0.7679
- val_non_f1:  0.2510 0.2510 0.2510

13056/13056 [==============================] - 216s - loss: 1.0501 - val_loss: 1.7355
Epoch 8/1000
12992/13056 [============================>.] - ETA: 0s - loss: 1.0025
- val_loss: 1.6570
- val_all_f1:  0.5483 0.5483 0.5483
- val_exp_f1:  0.8300 0.8300 0.8300
- val_non_f1:  0.3004 0.3004 0.3004

13056/13056 [==============================] - 216s - loss: 1.0028 - val_loss: 1.6570
Epoch 9/1000
12992/13056 [============================>.] - ETA: 0s - loss: 1.0207
- val_loss: 1.6301
- val_all_f1:  0.5398 0.5398 0.5398
- val_exp_f1:  0.8343 0.8331 0.8337
- val_non_f1:  0.2817 0.2817 0.2817

13056/13056 [==============================] - 215s - loss: 1.0206 - val_loss: 1.6301
Epoch 10/1000
12992/13056 [============================>.] - ETA: 0s - loss: 0.9942
- val_loss: 1.6120
- val_all_f1:  0.5682 0.5682 0.5682
- val_exp_f1:  0.8634 0.8634 0.8634
- val_non_f1:  0.3084 0.3084 0.3084

13056/13056 [==============================] - 216s - loss: 0.9932 - val_loss: 1.6120
Epoch 11/1000
12992/13056 [============================>.] - ETA: 0s - loss: 0.9814
- val_loss: 1.6277
- val_all_f1:  0.5291 0.5291 0.5291
- val_exp_f1:  0.7900 0.7876 0.7888
- val_non_f1:  0.3017 0.3017 0.3017

13056/13056 [==============================] - 215s - loss: 0.9809 - val_loss: 1.6277
Epoch 12/1000
12992/13056 [============================>.] - ETA: 0s - loss: 0.9754
- val_loss: 1.5704
- val_all_f1:  0.5554 0.5554 0.5554
- val_exp_f1:  0.8267 0.8255 0.8261
- val_non_f1:  0.3178 0.3178 0.3178

13056/13056 [==============================] - 216s - loss: 0.9740 - val_loss: 1.5704
Epoch 13/1000
12992/13056 [============================>.] - ETA: 0s - loss: 0.9661
- val_loss: 1.5689
- val_all_f1:  0.5767 0.5767 0.5767
- val_exp_f1:  0.8678 0.8665 0.8671
- val_non_f1:  0.3218 0.3218 0.3218

13056/13056 [==============================] - 216s - loss: 0.9669 - val_loss: 1.5689
Epoch 14/1000
12992/13056 [============================>.] - ETA: 0s - loss: 0.9651
- val_loss: 1.6123
- val_all_f1:  0.5078 0.5078 0.5078
- val_exp_f1:  0.8634 0.8634 0.8634
- val_non_f1:  0.1949 0.1949 0.1949

13056/13056 [==============================] - 216s - loss: 0.9662 - val_loss: 1.6123
Epoch 15/1000
12992/13056 [============================>.] - ETA: 0s - loss: 0.9788
- val_loss: 1.5864
- val_all_f1:  0.5327 0.5327 0.5327
- val_exp_f1:  0.8374 0.8361 0.8368
- val_non_f1:  0.2657 0.2657 0.2657

13056/13056 [==============================] - 215s - loss: 0.9785 - val_loss: 1.5864
Epoch 16/1000
12992/13056 [============================>.] - ETA: 0s - loss: 0.9589
- val_loss: 1.5282
- val_all_f1:  0.5845 0.5845 0.5845
- val_exp_f1:  0.8860 0.8847 0.8853
- val_non_f1:  0.3204 0.3204 0.3204

13056/13056 [==============================] - 216s - loss: 0.9594 - val_loss: 1.5282
Epoch 17/1000
12992/13056 [============================>.] - ETA: 0s - loss: 0.9426
- val_loss: 1.5506
- val_all_f1:  0.5810 0.5810 0.5810
- val_exp_f1:  0.8830 0.8816 0.8823
- val_non_f1:  0.3164 0.3164 0.3164

13056/13056 [==============================] - 215s - loss: 0.9430 - val_loss: 1.5506
Epoch 18/1000
12992/13056 [============================>.] - ETA: 0s - loss: 0.9377
- val_loss: 1.5615
- val_all_f1:  0.5362 0.5362 0.5362
- val_exp_f1:  0.8498 0.8498 0.8498
- val_non_f1:  0.2603 0.2603 0.2603

13056/13056 [==============================] - 216s - loss: 0.9380 - val_loss: 1.5615
Epoch 19/1000
12992/13056 [============================>.] - ETA: 0s - loss: 0.9310
- val_loss: 1.5430
- val_all_f1:  0.5320 0.5320 0.5320
- val_exp_f1:  0.8285 0.8285 0.8285
- val_non_f1:  0.2710 0.2710 0.2710

13056/13056 [==============================] - 215s - loss: 0.9310 - val_loss: 1.5430
Epoch 20/1000
12992/13056 [============================>.] - ETA: 0s - loss: 0.9261
- val_loss: 1.5108
- val_all_f1:  0.5852 0.5852 0.5852
- val_exp_f1:  0.8725 0.8725 0.8725
- val_non_f1:  0.3324 0.3324 0.3324

13056/13056 [==============================] - 216s - loss: 0.9277 - val_loss: 1.5108
Epoch 21/1000
12992/13056 [============================>.] - ETA: 0s - loss: 0.9084
- val_loss: 1.5183
- val_all_f1:  0.5646 0.5646 0.5646
- val_exp_f1:  0.8832 0.8832 0.8832
- val_non_f1:  0.2844 0.2844 0.2844

13056/13056 [==============================] - 215s - loss: 0.9077 - val_loss: 1.5183
Epoch 22/1000
12992/13056 [============================>.] - ETA: 0s - loss: 0.9191
- val_loss: 1.5008
- val_all_f1:  0.5845 0.5845 0.5845
- val_exp_f1:  0.8923 0.8923 0.8923
- val_non_f1:  0.3138 0.3138 0.3138

13056/13056 [==============================] - 215s - loss: 0.9190 - val_loss: 1.5008
Epoch 23/1000
12992/13056 [============================>.] - ETA: 0s - loss: 0.9089
- val_loss: 1.5659
- val_all_f1:  0.5291 0.5291 0.5291
- val_exp_f1:  0.8847 0.8847 0.8847
- val_non_f1:  0.2166 0.2163 0.2164

13056/13056 [==============================] - 215s - loss: 0.9090 - val_loss: 1.5659
Epoch 24/1000
12992/13056 [============================>.] - ETA: 0s - loss: 0.9063
- val_loss: 1.5177
- val_all_f1:  0.5604 0.5604 0.5604
- val_exp_f1:  0.8361 0.8361 0.8361
- val_non_f1:  0.3178 0.3178 0.3178

13056/13056 [==============================] - 215s - loss: 0.9072 - val_loss: 1.5177
Epoch 25/1000
12992/13056 [============================>.] - ETA: 0s - loss: 0.9188
- val_loss: 1.4916
- val_all_f1:  0.5852 0.5852 0.5852
- val_exp_f1:  0.8860 0.8847 0.8853
- val_non_f1:  0.3218 0.3218 0.3218

13056/13056 [==============================] - 215s - loss: 0.9179 - val_loss: 1.4916
Epoch 26/1000
12992/13056 [============================>.] - ETA: 0s - loss: 0.9218
- val_loss: 1.5657
- val_all_f1:  0.5838 0.5838 0.5838
- val_exp_f1:  0.8556 0.8543 0.8550
- val_non_f1:  0.3458 0.3458 0.3458

13056/13056 [==============================] - 215s - loss: 0.9210 - val_loss: 1.5657
Epoch 27/1000
12992/13056 [============================>.] - ETA: 0s - loss: 0.8975
- val_loss: 1.4959
- val_all_f1:  0.5696 0.5696 0.5696
- val_exp_f1:  0.8860 0.8847 0.8853
- val_non_f1:  0.2924 0.2924 0.2924

13056/13056 [==============================] - 215s - loss: 0.8977 - val_loss: 1.4959
Epoch 28/1000
12992/13056 [============================>.] - ETA: 0s - loss: 0.9101
- val_loss: 1.5067
- val_all_f1:  0.5483 0.5483 0.5483
- val_exp_f1:  0.8877 0.8877 0.8877
- val_non_f1:  0.2497 0.2497 0.2497

13056/13056 [==============================] - 215s - loss: 0.9090 - val_loss: 1.5067
Epoch 29/1000
12992/13056 [============================>.] - ETA: 0s - loss: 0.9008
- val_loss: 1.4630
- val_all_f1:  0.5916 0.5916 0.5916
- val_exp_f1:  0.8860 0.8847 0.8853
- val_non_f1:  0.3342 0.3338 0.3340

13056/13056 [==============================] - 215s - loss: 0.9001 - val_loss: 1.4630
Epoch 30/1000
12992/13056 [============================>.] - ETA: 0s - loss: 0.9013
- val_loss: 1.4567
- val_all_f1:  0.5916 0.5916 0.5916
- val_exp_f1:  0.9012 0.8998 0.9005
- val_non_f1:  0.3204 0.3204 0.3204

13056/13056 [==============================] - 215s - loss: 0.9003 - val_loss: 1.4567
Epoch 31/1000
12992/13056 [============================>.] - ETA: 0s - loss: 0.8793
- val_loss: 1.4918
- val_all_f1:  0.5717 0.5717 0.5717
- val_exp_f1:  0.8632 0.8619 0.8626
- val_non_f1:  0.3164 0.3164 0.3164

13056/13056 [==============================] - 215s - loss: 0.8804 - val_loss: 1.4918
Epoch 32/1000
12992/13056 [============================>.] - ETA: 0s - loss: 0.8885
- val_loss: 1.4878
- val_all_f1:  0.5859 0.5859 0.5859
- val_exp_f1:  0.8739 0.8725 0.8732
- val_non_f1:  0.3338 0.3338 0.3338

13056/13056 [==============================] - 215s - loss: 0.8878 - val_loss: 1.4878
Epoch 33/1000
12992/13056 [============================>.] - ETA: 0s - loss: 0.8747
- val_loss: 1.5110
- val_all_f1:  0.5682 0.5682 0.5682
- val_exp_f1:  0.8815 0.8801 0.8808
- val_non_f1:  0.2941 0.2937 0.2939

13056/13056 [==============================] - 215s - loss: 0.8755 - val_loss: 1.5110
Epoch 34/1000
12992/13056 [============================>.] - ETA: 0s - loss: 0.8925
- val_loss: 1.5388
- val_all_f1:  0.5412 0.5412 0.5412
- val_exp_f1:  0.8892 0.8892 0.8892
- val_non_f1:  0.2353 0.2350 0.2351

13056/13056 [==============================] - 215s - loss: 0.8923 - val_loss: 1.5388
Epoch 35/1000
12992/13056 [============================>.] - ETA: 0s - loss: 0.8556
- val_loss: 1.4948
- val_all_f1:  0.5597 0.5597 0.5597
- val_exp_f1:  0.8892 0.8892 0.8892
- val_non_f1:  0.2697 0.2697 0.2697

13056/13056 [==============================] - 215s - loss: 0.8559 - val_loss: 1.4948
Epoch 36/1000
12992/13056 [============================>.] - ETA: 0s - loss: 0.8801
- val_loss: 1.4970
- val_all_f1:  0.5746 0.5746 0.5746
- val_exp_f1:  0.8526 0.8513 0.8519
- val_non_f1:  0.3311 0.3311 0.3311

13056/13056 [==============================] - 215s - loss: 0.8806 - val_loss: 1.4970
Epoch 37/1000
12992/13056 [============================>.] - ETA: 0s - loss: 0.8667
- val_loss: 1.4738
- val_all_f1:  0.5689 0.5689 0.5689
- val_exp_f1:  0.8892 0.8892 0.8892
- val_non_f1:  0.2870 0.2870 0.2870

13056/13056 [==============================] - 215s - loss: 0.8666 - val_loss: 1.4738
Epoch 38/1000
12992/13056 [============================>.] - ETA: 0s - loss: 0.8803
- val_loss: 1.5200
- val_all_f1:  0.5462 0.5462 0.5462
- val_exp_f1:  0.8923 0.8923 0.8923
- val_non_f1:  0.2417 0.2417 0.2417

13056/13056 [==============================] - 215s - loss: 0.8795 - val_loss: 1.5200
Epoch 39/1000
12992/13056 [============================>.] - ETA: 0s - loss: 0.8682
- val_loss: 1.4610
- val_all_f1:  0.5561 0.5561 0.5561
- val_exp_f1:  0.8968 0.8968 0.8968
- val_non_f1:  0.2563 0.2563 0.2563

13056/13056 [==============================] - 215s - loss: 0.8684 - val_loss: 1.4610
Epoch 40/1000
12992/13056 [============================>.] - ETA: 0s - loss: 0.8589
- val_loss: 1.4374
- val_all_f1:  0.5795 0.5795 0.5795
- val_exp_f1:  0.8906 0.8892 0.8899
- val_non_f1:  0.3071 0.3071 0.3071

13056/13056 [==============================] - 215s - loss: 0.8580 - val_loss: 1.4374
Epoch 41/1000
12992/13056 [============================>.] - ETA: 0s - loss: 0.8391
- val_loss: 1.4796
- val_all_f1:  0.5675 0.5675 0.5675
- val_exp_f1:  0.8526 0.8513 0.8519
- val_non_f1:  0.3178 0.3178 0.3178

13056/13056 [==============================] - 215s - loss: 0.8395 - val_loss: 1.4796
Epoch 42/1000
12992/13056 [============================>.] - ETA: 0s - loss: 0.8656
- val_loss: 1.4661
- val_all_f1:  0.5902 0.5902 0.5902
- val_exp_f1:  0.9012 0.8998 0.9005
- val_non_f1:  0.3178 0.3178 0.3178

13056/13056 [==============================] - 215s - loss: 0.8655 - val_loss: 1.4661
Epoch 43/1000
12992/13056 [============================>.] - ETA: 0s - loss: 0.8582
- val_loss: 1.4843
- val_all_f1:  0.5781 0.5781 0.5781
- val_exp_f1:  0.8708 0.8695 0.8702
- val_non_f1:  0.3218 0.3218 0.3218

13056/13056 [==============================] - 215s - loss: 0.8566 - val_loss: 1.4843
Epoch 44/1000
12992/13056 [============================>.] - ETA: 0s - loss: 0.8468
- val_loss: 1.4602
- val_all_f1:  0.5824 0.5824 0.5824
- val_exp_f1:  0.8982 0.8968 0.8975
- val_non_f1:  0.3057 0.3057 0.3057

13056/13056 [==============================] - 215s - loss: 0.8461 - val_loss: 1.4602
Epoch 45/1000
12992/13056 [============================>.] - ETA: 0s - loss: 0.8567
- val_loss: 1.4364
- val_all_f1:  0.5859 0.5859 0.5859
- val_exp_f1:  0.8997 0.8983 0.8990
- val_non_f1:  0.3111 0.3111 0.3111

13056/13056 [==============================] - 215s - loss: 0.8565 - val_loss: 1.4364
Epoch 46/1000
12992/13056 [============================>.] - ETA: 0s - loss: 0.8447
- val_loss: 1.4379
- val_all_f1:  0.5938 0.5938 0.5938
- val_exp_f1:  0.8982 0.8968 0.8975
- val_non_f1:  0.3271 0.3271 0.3271

13056/13056 [==============================] - 216s - loss: 0.8451 - val_loss: 1.4379
Epoch 47/1000
12992/13056 [============================>.] - ETA: 0s - loss: 0.8483
- val_loss: 1.4386
- val_all_f1:  0.5895 0.5895 0.5895
- val_exp_f1:  0.8860 0.8847 0.8853
- val_non_f1:  0.3298 0.3298 0.3298

13056/13056 [==============================] - 215s - loss: 0.8516 - val_loss: 1.4386
Epoch 48/1000
12992/13056 [============================>.] - ETA: 0s - loss: 0.8487
- val_loss: 1.4849
- val_all_f1:  0.5540 0.5540 0.5540
- val_exp_f1:  0.9012 0.8998 0.9005
- val_non_f1:  0.2497 0.2497 0.2497

13056/13056 [==============================] - 215s - loss: 0.8491 - val_loss: 1.4849
Epoch 49/1000
12992/13056 [============================>.] - ETA: 0s - loss: 0.8475
- val_loss: 1.4660
- val_all_f1:  0.5973 0.5973 0.5973
- val_exp_f1:  0.8830 0.8816 0.8823
- val_non_f1:  0.3471 0.3471 0.3471

13056/13056 [==============================] - 215s - loss: 0.8465 - val_loss: 1.4660
Epoch 50/1000
12992/13056 [============================>.] - ETA: 0s - loss: 0.8268
- val_loss: 1.4709
- val_all_f1:  0.5554 0.5554 0.5554
- val_exp_f1:  0.8756 0.8756 0.8756
- val_non_f1:  0.2737 0.2737 0.2737

13056/13056 [==============================] - 215s - loss: 0.8261 - val_loss: 1.4709
Epoch 51/1000
12992/13056 [============================>.] - ETA: 0s - loss: 0.8076
- val_loss: 1.5878
- val_all_f1:  0.5256 0.5256 0.5256
- val_exp_f1:  0.8526 0.8513 0.8519
- val_non_f1:  0.2390 0.2390 0.2390

13056/13056 [==============================] - 215s - loss: 0.8077 - val_loss: 1.5878
Epoch 52/1000
12992/13056 [============================>.] - ETA: 0s - loss: 0.8020
- val_loss: 1.5249
- val_all_f1:  0.5689 0.5689 0.5689
- val_exp_f1:  0.8526 0.8513 0.8519
- val_non_f1:  0.3204 0.3204 0.3204

13056/13056 [==============================] - 215s - loss: 0.8011 - val_loss: 1.5249
Epoch 53/1000
12992/13056 [============================>.] - ETA: 0s - loss: 0.8334
- val_loss: 1.5387
- val_all_f1:  0.5838 0.5838 0.5838
- val_exp_f1:  0.8663 0.8649 0.8656
- val_non_f1:  0.3364 0.3364 0.3364

13056/13056 [==============================] - 215s - loss: 0.8332 - val_loss: 1.5387
Epoch 54/1000
12992/13056 [============================>.] - ETA: 0s - loss: 0.8132
- val_loss: 1.5291
- val_all_f1:  0.5419 0.5419 0.5419
- val_exp_f1:  0.8632 0.8619 0.8626
- val_non_f1:  0.2603 0.2603 0.2603

13056/13056 [==============================] - 215s - loss: 0.8146 - val_loss: 1.5291
Epoch 55/1000
12992/13056 [============================>.] - ETA: 0s - loss: 0.8250
- val_loss: 1.4795
- val_all_f1:  0.5604 0.5604 0.5604
- val_exp_f1:  0.8951 0.8938 0.8945
- val_non_f1:  0.2670 0.2670 0.2670

13056/13056 [==============================] - 215s - loss: 0.8253 - val_loss: 1.4795
Epoch 56/1000
12992/13056 [============================>.] - ETA: 0s - loss: 0.8330
- val_loss: 1.5470
- val_all_f1:  0.5369 0.5369 0.5369
- val_exp_f1:  0.8695 0.8695 0.8695
- val_non_f1:  0.2443 0.2443 0.2443

13056/13056 [==============================] - 215s - loss: 0.8329 - val_loss: 1.5470
Epoch 57/1000
12992/13056 [============================>.] - ETA: 0s - loss: 0.8229
- val_loss: 1.4970
- val_all_f1:  0.5561 0.5561 0.5561
- val_exp_f1:  0.8649 0.8649 0.8649
- val_non_f1:  0.2844 0.2844 0.2844

13056/13056 [==============================] - 215s - loss: 0.8231 - val_loss: 1.4970
Epoch 58/1000
12992/13056 [============================>.] - ETA: 0s - loss: 0.8624
- val_loss: 1.4692
- val_all_f1:  0.5852 0.5852 0.5852
- val_exp_f1:  0.8921 0.8907 0.8914
- val_non_f1:  0.3164 0.3164 0.3164

13056/13056 [==============================] - 215s - loss: 0.8636 - val_loss: 1.4692
Epoch 59/1000
12992/13056 [============================>.] - ETA: 0s - loss: 0.8411
- val_loss: 1.6310
- val_all_f1:  0.5085 0.5085 0.5085
- val_exp_f1:  0.8404 0.8392 0.8398
- val_non_f1:  0.2176 0.2176 0.2176

13056/13056 [==============================] - 215s - loss: 0.8422 - val_loss: 1.6310
Epoch 60/1000
12992/13056 [============================>.] - ETA: 0s - loss: 0.8421
- val_loss: 1.4551
- val_all_f1:  0.5724 0.5724 0.5724
- val_exp_f1:  0.8951 0.8938 0.8945
- val_non_f1:  0.2897 0.2897 0.2897

13056/13056 [==============================] - 215s - loss: 0.8422 - val_loss: 1.4551
Epoch 61/1000
12992/13056 [============================>.] - ETA: 0s - loss: 0.8109
- val_loss: 1.5113
- val_all_f1:  0.5668 0.5668 0.5668
- val_exp_f1:  0.9058 0.9044 0.9051
- val_non_f1:  0.2697 0.2697 0.2697

13056/13056 [==============================] - 215s - loss: 0.8122 - val_loss: 1.5113
Epoch 62/1000
12992/13056 [============================>.] - ETA: 0s - loss: 0.8227
- val_loss: 1.5125
- val_all_f1:  0.5504 0.5504 0.5504
- val_exp_f1:  0.8816 0.8816 0.8816
- val_non_f1:  0.2590 0.2590 0.2590

13056/13056 [==============================] - 215s - loss: 0.8221 - val_loss: 1.5125
Epoch 63/1000
12992/13056 [============================>.] - ETA: 0s - loss: 0.7980
- val_loss: 1.5225
- val_all_f1:  0.5433 0.5433 0.5433
- val_exp_f1:  0.8632 0.8619 0.8626
- val_non_f1:  0.2630 0.2630 0.2630

13056/13056 [==============================] - 215s - loss: 0.7982 - val_loss: 1.5225
Epoch 64/1000
12992/13056 [============================>.] - ETA: 0s - loss: 0.8125
- val_loss: 1.5835
- val_all_f1:  0.5824 0.5824 0.5824
- val_exp_f1:  0.8875 0.8862 0.8869
- val_non_f1:  0.3151 0.3151 0.3151

13056/13056 [==============================] - 215s - loss: 0.8138 - val_loss: 1.5835
Epoch 65/1000
12992/13056 [============================>.] - ETA: 0s - loss: 0.8149
- val_loss: 1.5450
- val_all_f1:  0.5391 0.5391 0.5391
- val_exp_f1:  0.8830 0.8816 0.8823
- val_non_f1:  0.2377 0.2377 0.2377

13056/13056 [==============================] - 215s - loss: 0.8148 - val_loss: 1.5450
Epoch 66/1000
12992/13056 [============================>.] - ETA: 0s - loss: 0.8178
- val_loss: 1.4605
- val_all_f1:  0.5831 0.5831 0.5831
- val_exp_f1:  0.8799 0.8786 0.8793
- val_non_f1:  0.3231 0.3231 0.3231

13056/13056 [==============================] - 215s - loss: 0.8166 - val_loss: 1.4605
Epoch 67/1000
12992/13056 [============================>.] - ETA: 0s - loss: 0.8103
- val_loss: 1.5399
- val_all_f1:  0.5433 0.5433 0.5433
- val_exp_f1:  0.8693 0.8680 0.8686
- val_non_f1:  0.2577 0.2577 0.2577

13056/13056 [==============================] - 215s - loss: 0.8112 - val_loss: 1.5399
Epoch 68/1000
12992/13056 [============================>.] - ETA: 0s - loss: 0.8396
- val_loss: 1.4830
- val_all_f1:  0.5582 0.5582 0.5582
- val_exp_f1:  0.8875 0.8862 0.8869
- val_non_f1:  0.2697 0.2697 0.2697

13056/13056 [==============================] - 215s - loss: 0.8388 - val_loss: 1.4830
Epoch 69/1000
12992/13056 [============================>.] - ETA: 0s - loss: 0.8092
- val_loss: 1.4486
- val_all_f1:  0.5696 0.5696 0.5696
- val_exp_f1:  0.9012 0.8998 0.9005
- val_non_f1:  0.2790 0.2790 0.2790

13056/13056 [==============================] - 215s - loss: 0.8085 - val_loss: 1.4486
Epoch 70/1000
12992/13056 [============================>.] - ETA: 0s - loss: 0.8088
- val_loss: 1.4817
- val_all_f1:  0.5554 0.5554 0.5554
- val_exp_f1:  0.8862 0.8862 0.8862
- val_non_f1:  0.2644 0.2644 0.2644

13056/13056 [==============================] - 215s - loss: 0.8085 - val_loss: 1.4817
Epoch 71/1000
12992/13056 [============================>.] - ETA: 0s - loss: 0.7982
- val_loss: 1.4720
- val_all_f1:  0.5646 0.5646 0.5646
- val_exp_f1:  0.8723 0.8710 0.8717
- val_non_f1:  0.2951 0.2951 0.2951

13056/13056 [==============================] - 215s - loss: 0.7990 - val_loss: 1.4720
Epoch 72/1000
12992/13056 [============================>.] - ETA: 0s - loss: 0.7852
- val_loss: 1.5361
- val_all_f1:  0.5284 0.5284 0.5284
- val_exp_f1:  0.8680 0.8680 0.8680
- val_non_f1:  0.2296 0.2296 0.2296

13056/13056 [==============================] - 217s - loss: 0.7847 - val_loss: 1.5361
Epoch 73/1000
12992/13056 [============================>.] - ETA: 0s - loss: 0.7718
- val_loss: 1.5167
- val_all_f1:  0.5376 0.5376 0.5376
- val_exp_f1:  0.8634 0.8634 0.8634
- val_non_f1:  0.2510 0.2510 0.2510

13056/13056 [==============================] - 216s - loss: 0.7729 - val_loss: 1.5167
Epoch 74/1000
12992/13056 [============================>.] - ETA: 0s - loss: 0.7888
- val_loss: 1.6338
- val_all_f1:  0.5099 0.5099 0.5099
- val_exp_f1:  0.8574 0.8574 0.8574
- val_non_f1:  0.2043 0.2043 0.2043

13056/13056 [==============================] - 215s - loss: 0.7894 - val_loss: 1.6338
Epoch 75/1000
12992/13056 [============================>.] - ETA: 0s - loss: 0.7824
- val_loss: 1.5769
- val_all_f1:  0.5341 0.5341 0.5341
- val_exp_f1:  0.8604 0.8604 0.8604
- val_non_f1:  0.2470 0.2470 0.2470

13056/13056 [==============================] - 215s - loss: 0.7847 - val_loss: 1.5769
Epoch 76/1000
12992/13056 [============================>.] - ETA: 0s - loss: 0.7901
- val_loss: 1.5298
- val_all_f1:  0.5632 0.5632 0.5632
- val_exp_f1:  0.8328 0.8316 0.8322
- val_non_f1:  0.3271 0.3271 0.3271

13056/13056 [==============================] - 215s - loss: 0.7916 - val_loss: 1.5298
Epoch 77/1000
12992/13056 [============================>.] - ETA: 0s - loss: 0.7849
- val_loss: 1.5114
- val_all_f1:  0.5504 0.5504 0.5504
- val_exp_f1:  0.8467 0.8467 0.8467
- val_non_f1:  0.2897 0.2897 0.2897

13056/13056 [==============================] - 215s - loss: 0.7862 - val_loss: 1.5114
Epoch 78/1000
12992/13056 [============================>.] - ETA: 0s - loss: 0.7903
- val_loss: 1.5075
- val_all_f1:  0.5653 0.5653 0.5653
- val_exp_f1:  0.9149 0.9135 0.9142
- val_non_f1:  0.2594 0.2590 0.2592

13056/13056 [==============================] - 215s - loss: 0.7921 - val_loss: 1.5075
Epoch 79/1000
12992/13056 [============================>.] - ETA: 0s - loss: 0.7904
- val_loss: 1.6206
- val_all_f1:  0.4979 0.4979 0.4979
- val_exp_f1:  0.7997 0.7997 0.7997
- val_non_f1:  0.2323 0.2323 0.2323

13056/13056 [==============================] - 215s - loss: 0.7900 - val_loss: 1.6206
Epoch 80/1000
12992/13056 [============================>.] - ETA: 0s - loss: 0.7908
- val_loss: 1.5237
- val_all_f1:  0.5483 0.5483 0.5483
- val_exp_f1:  0.8771 0.8771 0.8771
- val_non_f1:  0.2590 0.2590 0.2590

13056/13056 [==============================] - 215s - loss: 0.7912 - val_loss: 1.5237
Epoch 81/1000
12992/13056 [============================>.] - ETA: 0s - loss: 0.7431
- val_loss: 1.5367
- val_all_f1:  0.5469 0.5469 0.5469
- val_exp_f1:  0.8953 0.8953 0.8953
- val_non_f1:  0.2403 0.2403 0.2403

13056/13056 [==============================] - 215s - loss: 0.7429 - val_loss: 1.5367
Epoch 82/1000
12992/13056 [============================>.] - ETA: 0s - loss: 0.7700
- val_loss: 1.4688
- val_all_f1:  0.5810 0.5810 0.5810
- val_exp_f1:  0.8951 0.8938 0.8945
- val_non_f1:  0.3057 0.3057 0.3057

13056/13056 [==============================] - 215s - loss: 0.7708 - val_loss: 1.4688
Epoch 83/1000
12992/13056 [============================>.] - ETA: 0s - loss: 0.7511
- val_loss: 1.4653
- val_all_f1:  0.5767 0.5767 0.5767
- val_exp_f1:  0.9044 0.9044 0.9044
- val_non_f1:  0.2884 0.2884 0.2884

13056/13056 [==============================] - 215s - loss: 0.7511 - val_loss: 1.4653
Epoch 84/1000
12992/13056 [============================>.] - ETA: 0s - loss: 0.7514
- val_loss: 1.5494
- val_all_f1:  0.5355 0.5355 0.5355
- val_exp_f1:  0.8574 0.8574 0.8574
- val_non_f1:  0.2523 0.2523 0.2523

13056/13056 [==============================] - 215s - loss: 0.7519 - val_loss: 1.5494
Epoch 85/1000
12992/13056 [============================>.] - ETA: 0s - loss: 0.7789
- val_loss: 1.5129
- val_all_f1:  0.5504 0.5504 0.5504
- val_exp_f1:  0.8695 0.8695 0.8695
- val_non_f1:  0.2697 0.2697 0.2697

13056/13056 [==============================] - 215s - loss: 0.7785 - val_loss: 1.5129
Epoch 86/1000
12992/13056 [============================>.] - ETA: 0s - loss: 0.8023
- val_loss: 1.4763
- val_all_f1:  0.5646 0.5646 0.5646
- val_exp_f1:  0.8862 0.8862 0.8862
- val_non_f1:  0.2817 0.2817 0.2817

13056/13056 [==============================] - 215s - loss: 0.8019 - val_loss: 1.4763
Epoch 87/1000
12992/13056 [============================>.] - ETA: 0s - loss: 0.7751
- val_loss: 1.4871
- val_all_f1:  0.5661 0.5661 0.5661
- val_exp_f1:  0.8953 0.8953 0.8953
- val_non_f1:  0.2764 0.2764 0.2764

13056/13056 [==============================] - 215s - loss: 0.7732 - val_loss: 1.4871
Epoch 88/1000
12992/13056 [============================>.] - ETA: 0s - loss: 0.7725
- val_loss: 1.5327
- val_all_f1:  0.5604 0.5604 0.5604
- val_exp_f1:  0.8528 0.8528 0.8528
- val_non_f1:  0.3031 0.3031 0.3031

13056/13056 [==============================] - 215s - loss: 0.7719 - val_loss: 1.5327
Epoch 89/1000
12992/13056 [============================>.] - ETA: 0s - loss: 0.7890
- val_loss: 1.6052
- val_all_f1:  0.5178 0.5178 0.5178
- val_exp_f1:  0.8513 0.8513 0.8513
- val_non_f1:  0.2243 0.2243 0.2243

13056/13056 [==============================] - 215s - loss: 0.7890 - val_loss: 1.6052
Epoch 90/1000
12992/13056 [============================>.] - ETA: 0s - loss: 0.7613
- val_loss: 1.5343
- val_all_f1:  0.5320 0.5320 0.5320
- val_exp_f1:  0.8498 0.8498 0.8498
- val_non_f1:  0.2523 0.2523 0.2523

13056/13056 [==============================] - 215s - loss: 0.7621 - val_loss: 1.5343
Epoch 91/1000
12992/13056 [============================>.] - ETA: 0s - loss: 0.7401
- val_loss: 1.5020
- val_all_f1:  0.5682 0.5682 0.5682
- val_exp_f1:  0.9090 0.9090 0.9090
- val_non_f1:  0.2684 0.2684 0.2684

13056/13056 [==============================] - 215s - loss: 0.7397 - val_loss: 1.5020
Epoch 92/1000
12992/13056 [============================>.] - ETA: 0s - loss: 0.7570
- val_loss: 1.5184
- val_all_f1:  0.5483 0.5483 0.5483
- val_exp_f1:  0.8892 0.8892 0.8892
- val_non_f1:  0.2483 0.2483 0.2483

13056/13056 [==============================] - 215s - loss: 0.7568 - val_loss: 1.5184
Epoch 93/1000
12992/13056 [============================>.] - ETA: 0s - loss: 0.7532
- val_loss: 1.5023
- val_all_f1:  0.5866 0.5866 0.5866
- val_exp_f1:  0.8923 0.8923 0.8923
- val_non_f1:  0.3178 0.3178 0.3178

13056/13056 [==============================] - 215s - loss: 0.7537 - val_loss: 1.5023
Epoch 94/1000
12992/13056 [============================>.] - ETA: 0s - loss: 0.7578
- val_loss: 1.5560
- val_all_f1:  0.5320 0.5320 0.5320
- val_exp_f1:  0.8892 0.8892 0.8892
- val_non_f1:  0.2176 0.2176 0.2176

13056/13056 [==============================] - 215s - loss: 0.7570 - val_loss: 1.5560
Epoch 95/1000
12992/13056 [============================>.] - ETA: 0s - loss: 0.7586
- val_loss: 1.5158
- val_all_f1:  0.5476 0.5476 0.5476
- val_exp_f1:  0.8877 0.8877 0.8877
- val_non_f1:  0.2483 0.2483 0.2483

13056/13056 [==============================] - 215s - loss: 0.7597 - val_loss: 1.5158
Epoch 96/1000
12992/13056 [============================>.] - ETA: 0s - loss: 0.7604
- val_loss: 1.6746
- val_all_f1:  0.5149 0.5149 0.5149
- val_exp_f1:  0.8983 0.8983 0.8983
- val_non_f1:  0.1780 0.1776 0.1778

13056/13056 [==============================] - 215s - loss: 0.7622 - val_loss: 1.6746
Epoch 97/1000
12992/13056 [============================>.] - ETA: 0s - loss: 0.7701
- val_loss: 1.4956
- val_all_f1:  0.5696 0.5696 0.5696
- val_exp_f1:  0.8998 0.8998 0.8998
- val_non_f1:  0.2790 0.2790 0.2790

13056/13056 [==============================] - 215s - loss: 0.7697 - val_loss: 1.4956
Epoch 98/1000
12992/13056 [============================>.] - ETA: 0s - loss: 0.7714
- val_loss: 1.5516
- val_all_f1:  0.5462 0.5462 0.5462
- val_exp_f1:  0.8756 0.8756 0.8756
- val_non_f1:  0.2563 0.2563 0.2563

13056/13056 [==============================] - 215s - loss: 0.7704 - val_loss: 1.5516
Epoch 99/1000
12992/13056 [============================>.] - ETA: 0s - loss: 0.7753
- val_loss: 1.5467
- val_all_f1:  0.5376 0.5376 0.5376
- val_exp_f1:  0.8741 0.8741 0.8741
- val_non_f1:  0.2417 0.2417 0.2417

13056/13056 [==============================] - 215s - loss: 0.7746 - val_loss: 1.5467
Epoch 100/1000
12992/13056 [============================>.] - ETA: 0s - loss: 0.7656
- val_loss: 1.5876
- val_all_f1:  0.5447 0.5447 0.5447
- val_exp_f1:  0.8923 0.8923 0.8923
- val_non_f1:  0.2390 0.2390 0.2390

13056/13056 [==============================] - 215s - loss: 0.7664 - val_loss: 1.5876
Epoch 101/1000
12992/13056 [============================>.] - ETA: 0s - loss: 0.7220
- val_loss: 1.4906
- val_all_f1:  0.5774 0.5774 0.5774
- val_exp_f1:  0.9044 0.9044 0.9044
- val_non_f1:  0.2897 0.2897 0.2897

13056/13056 [==============================] - 215s - loss: 0.7222 - val_loss: 1.4906
Epoch 102/1000
12992/13056 [============================>.] - ETA: 0s - loss: 0.7473
- val_loss: 1.5026
- val_all_f1:  0.5803 0.5803 0.5803
- val_exp_f1:  0.9044 0.9044 0.9044
- val_non_f1:  0.2951 0.2951 0.2951

13056/13056 [==============================] - 216s - loss: 0.7466 - val_loss: 1.5026
Epoch 103/1000
12992/13056 [============================>.] - ETA: 0s - loss: 0.7421
- val_loss: 1.5255
- val_all_f1:  0.5625 0.5625 0.5625
- val_exp_f1:  0.8771 0.8771 0.8771
- val_non_f1:  0.2857 0.2857 0.2857

13056/13056 [==============================] - 215s - loss: 0.7434 - val_loss: 1.5255
Epoch 104/1000
12992/13056 [============================>.] - ETA: 0s - loss: 0.7256
- val_loss: 1.5506
- val_all_f1:  0.5362 0.5362 0.5362
- val_exp_f1:  0.8983 0.8983 0.8983
- val_non_f1:  0.2176 0.2176 0.2176

13056/13056 [==============================] - 215s - loss: 0.7246 - val_loss: 1.5506
Epoch 105/1000
12992/13056 [============================>.] - ETA: 0s - loss: 0.7370
- val_loss: 1.5717
- val_all_f1:  0.5348 0.5348 0.5348
- val_exp_f1:  0.8907 0.8907 0.8907
- val_non_f1:  0.2219 0.2216 0.2218

13056/13056 [==============================] - 215s - loss: 0.7385 - val_loss: 1.5717
Epoch 106/1000
12992/13056 [============================>.] - ETA: 0s - loss: 0.7645
- val_loss: 1.6400
- val_all_f1:  0.5206 0.5206 0.5206
- val_exp_f1:  0.8892 0.8892 0.8892
- val_non_f1:  0.1963 0.1963 0.1963

13056/13056 [==============================] - 215s - loss: 0.7640 - val_loss: 1.6400
Epoch 107/1000
12992/13056 [============================>.] - ETA: 0s - loss: 0.7346
- val_loss: 1.6939
- val_all_f1:  0.4964 0.4964 0.4964
- val_exp_f1:  0.8255 0.8255 0.8255
- val_non_f1:  0.2069 0.2069 0.2069

13056/13056 [==============================] - 215s - loss: 0.7337 - val_loss: 1.6939
Epoch 108/1000
12992/13056 [============================>.] - ETA: 0s - loss: 0.7329
- val_loss: 1.5973
- val_all_f1:  0.5270 0.5270 0.5270
- val_exp_f1:  0.8968 0.8968 0.8968
- val_non_f1:  0.2019 0.2016 0.2017

13056/13056 [==============================] - 215s - loss: 0.7337 - val_loss: 1.5973
Epoch 109/1000
12992/13056 [============================>.] - ETA: 0s - loss: 0.7415
- val_loss: 1.5526
- val_all_f1:  0.5533 0.5533 0.5533
- val_exp_f1:  0.8847 0.8847 0.8847
- val_non_f1:  0.2620 0.2617 0.2619

13056/13056 [==============================] - 215s - loss: 0.7430 - val_loss: 1.5526
Epoch 110/1000
12992/13056 [============================>.] - ETA: 0s - loss: 0.7329
- val_loss: 1.6326
- val_all_f1:  0.5355 0.5355 0.5355
- val_exp_f1:  0.8756 0.8756 0.8756
- val_non_f1:  0.2363 0.2363 0.2363

13056/13056 [==============================] - 215s - loss: 0.7331 - val_loss: 1.6326
Epoch 111/1000
12992/13056 [============================>.] - ETA: 0s - loss: 0.7324
- val_loss: 1.5672
- val_all_f1:  0.5490 0.5490 0.5490
- val_exp_f1:  0.8968 0.8968 0.8968
- val_non_f1:  0.2430 0.2430 0.2430

13056/13056 [==============================] - 215s - loss: 0.7313 - val_loss: 1.5672
Epoch 112/1000
12992/13056 [============================>.] - ETA: 0s - loss: 0.7360
- val_loss: 1.6726
- val_all_f1:  0.5199 0.5199 0.5199
- val_exp_f1:  0.8923 0.8923 0.8923
- val_non_f1:  0.1923 0.1923 0.1923

13056/13056 [==============================] - 215s - loss: 0.7354 - val_loss: 1.6726
Epoch 113/1000
12992/13056 [============================>.] - ETA: 0s - loss: 0.7266
- val_loss: 1.5803
- val_all_f1:  0.5369 0.5369 0.5369
- val_exp_f1:  0.8725 0.8725 0.8725
- val_non_f1:  0.2417 0.2417 0.2417

13056/13056 [==============================] - 222s - loss: 0.7287 - val_loss: 1.5803
Epoch 114/1000
12992/13056 [============================>.] - ETA: 0s - loss: 0.7257
- val_loss: 1.5239
- val_all_f1:  0.5526 0.5526 0.5526
- val_exp_f1:  0.8983 0.8983 0.8983
- val_non_f1:  0.2487 0.2483 0.2485

13056/13056 [==============================] - 215s - loss: 0.7249 - val_loss: 1.5239
Epoch 115/1000
12992/13056 [============================>.] - ETA: 0s - loss: 0.7391
- val_loss: 1.6498
- val_all_f1:  0.5227 0.5227 0.5227
- val_exp_f1:  0.8710 0.8710 0.8710
- val_non_f1:  0.2163 0.2163 0.2163

13056/13056 [==============================] - 215s - loss: 0.7388 - val_loss: 1.6498
Epoch 116/1000
12992/13056 [============================>.] - ETA: 0s - loss: 0.7324
- val_loss: 1.5734
- val_all_f1:  0.5483 0.5483 0.5483
- val_exp_f1:  0.8847 0.8847 0.8847
- val_non_f1:  0.2523 0.2523 0.2523

13056/13056 [==============================] - 215s - loss: 0.7327 - val_loss: 1.5734
Epoch 117/1000
12992/13056 [============================>.] - ETA: 0s - loss: 0.7404
- val_loss: 1.5904
- val_all_f1:  0.5199 0.5199 0.5199
- val_exp_f1:  0.8467 0.8467 0.8467
- val_non_f1:  0.2323 0.2323 0.2323

13056/13056 [==============================] - 215s - loss: 0.7392 - val_loss: 1.5904
Epoch 118/1000
12992/13056 [============================>.] - ETA: 0s - loss: 0.7508
- val_loss: 1.5127
- val_all_f1:  0.5497 0.5497 0.5497
- val_exp_f1:  0.8832 0.8832 0.8832
- val_non_f1:  0.2563 0.2563 0.2563

13056/13056 [==============================] - 215s - loss: 0.7510 - val_loss: 1.5127
Epoch 119/1000
12992/13056 [============================>.] - ETA: 0s - loss: 0.7249
- val_loss: 1.6085
- val_all_f1:  0.5149 0.5149 0.5149
- val_exp_f1:  0.8498 0.8498 0.8498
- val_non_f1:  0.2203 0.2203 0.2203

13056/13056 [==============================] - 215s - loss: 0.7249 - val_loss: 1.6085
Epoch 120/1000
12992/13056 [============================>.] - ETA: 0s - loss: 0.7305
- val_loss: 1.5742
- val_all_f1:  0.5462 0.5462 0.5462
- val_exp_f1:  0.8832 0.8832 0.8832
- val_non_f1:  0.2497 0.2497 0.2497

13056/13056 [==============================] - 215s - loss: 0.7306 - val_loss: 1.5742
Epoch 121/1000
12992/13056 [============================>.] - ETA: 0s - loss: 0.7006
- val_loss: 1.6826
- val_all_f1:  0.5107 0.5107 0.5107
- val_exp_f1:  0.8331 0.8331 0.8331
- val_non_f1:  0.2270 0.2270 0.2270

13056/13056 [==============================] - 215s - loss: 0.7006 - val_loss: 1.6826
Epoch 122/1000
12992/13056 [============================>.] - ETA: 0s - loss: 0.7145
- val_loss: 1.6389
- val_all_f1:  0.5234 0.5234 0.5234
- val_exp_f1:  0.8634 0.8634 0.8634
- val_non_f1:  0.2243 0.2243 0.2243

13056/13056 [==============================] - 215s - loss: 0.7151 - val_loss: 1.6389
Epoch 123/1000
12992/13056 [============================>.] - ETA: 0s - loss: 0.7315
- val_loss: 1.5868
- val_all_f1:  0.5220 0.5220 0.5220
- val_exp_f1:  0.8498 0.8498 0.8498
- val_non_f1:  0.2336 0.2336 0.2336

13056/13056 [==============================] - 215s - loss: 0.7306 - val_loss: 1.5868
Epoch 124/1000
12992/13056 [============================>.] - ETA: 0s - loss: 0.7288
- val_loss: 1.5804
- val_all_f1:  0.5284 0.5284 0.5284
- val_exp_f1:  0.8422 0.8422 0.8422
- val_non_f1:  0.2523 0.2523 0.2523

13056/13056 [==============================] - 215s - loss: 0.7309 - val_loss: 1.5804
Epoch 125/1000
12992/13056 [============================>.] - ETA: 0s - loss: 0.7302
- val_loss: 1.5861
- val_all_f1:  0.5405 0.5405 0.5405
- val_exp_f1:  0.8983 0.8983 0.8983
- val_non_f1:  0.2256 0.2256 0.2256

13056/13056 [==============================] - 215s - loss: 0.7299 - val_loss: 1.5861
Epoch 126/1000
12992/13056 [============================>.] - ETA: 0s - loss: 0.7132
- val_loss: 1.6004
- val_all_f1:  0.5313 0.5313 0.5313
- val_exp_f1:  0.8619 0.8619 0.8619
- val_non_f1:  0.2403 0.2403 0.2403

13056/13056 [==============================] - 215s - loss: 0.7132 - val_loss: 1.6004
Epoch 127/1000
12992/13056 [============================>.] - ETA: 0s - loss: 0.7260
- val_loss: 1.6017
- val_all_f1:  0.5348 0.5348 0.5348
- val_exp_f1:  0.8832 0.8832 0.8832
- val_non_f1:  0.2283 0.2283 0.2283

13056/13056 [==============================] - 215s - loss: 0.7250 - val_loss: 1.6017
Epoch 128/1000
12992/13056 [============================>.] - ETA: 0s - loss: 0.7104
- val_loss: 1.5816
- val_all_f1:  0.5384 0.5384 0.5384
- val_exp_f1:  0.8756 0.8756 0.8756
- val_non_f1:  0.2417 0.2417 0.2417

13056/13056 [==============================] - 215s - loss: 0.7116 - val_loss: 1.5816
Epoch 129/1000
12992/13056 [============================>.] - ETA: 0s - loss: 0.7144
- val_loss: 1.5709
- val_all_f1:  0.5277 0.5277 0.5277
- val_exp_f1:  0.8665 0.8665 0.8665
- val_non_f1:  0.2296 0.2296 0.2296

13056/13056 [==============================] - 215s - loss: 0.7146 - val_loss: 1.5709
Epoch 130/1000
12992/13056 [============================>.] - ETA: 0s - loss: 0.6812
- val_loss: 1.6071
- val_all_f1:  0.5220 0.5220 0.5220
- val_exp_f1:  0.8437 0.8437 0.8437
- val_non_f1:  0.2390 0.2390 0.2390

13056/13056 [==============================] - 215s - loss: 0.6816 - val_loss: 1.6071
Epoch 131/1000
12992/13056 [============================>.] - ETA: 0s - loss: 0.6551
- val_loss: 1.6570
- val_all_f1:  0.5263 0.5263 0.5263
- val_exp_f1:  0.8665 0.8665 0.8665
- val_non_f1:  0.2273 0.2270 0.2271

13056/13056 [==============================] - 215s - loss: 0.6539 - val_loss: 1.6570
Epoch 132/1000
12992/13056 [============================>.] - ETA: 0s - loss: 0.6959
- val_loss: 1.6223
- val_all_f1:  0.5291 0.5291 0.5291
- val_exp_f1:  0.8816 0.8816 0.8816
- val_non_f1:  0.2190 0.2190 0.2190

13056/13056 [==============================] - 215s - loss: 0.6945 - val_loss: 1.6223
Epoch 133/1000
12992/13056 [============================>.] - ETA: 0s - loss: 0.7228
- val_loss: 1.5898
- val_all_f1:  0.5568 0.5568 0.5568
- val_exp_f1:  0.8847 0.8847 0.8847
- val_non_f1:  0.2684 0.2684 0.2684

13056/13056 [==============================] - 215s - loss: 0.7210 - val_loss: 1.5898
Epoch 134/1000
12992/13056 [============================>.] - ETA: 0s - loss: 0.7098
- val_loss: 1.5624
- val_all_f1:  0.5497 0.5497 0.5497
- val_exp_f1:  0.8968 0.8968 0.8968
- val_non_f1:  0.2443 0.2443 0.2443

13056/13056 [==============================] - 215s - loss: 0.7098 - val_loss: 1.5624
Epoch 135/1000
12992/13056 [============================>.] - ETA: 0s - loss: 0.6962
- val_loss: 1.5990
- val_all_f1:  0.5220 0.5220 0.5220
- val_exp_f1:  0.8437 0.8437 0.8437
- val_non_f1:  0.2390 0.2390 0.2390

13056/13056 [==============================] - 215s - loss: 0.6963 - val_loss: 1.5990
Epoch 136/1000
12992/13056 [============================>.] - ETA: 0s - loss: 0.7165
- val_loss: 1.6248
- val_all_f1:  0.5291 0.5291 0.5291
- val_exp_f1:  0.8619 0.8619 0.8619
- val_non_f1:  0.2363 0.2363 0.2363

13056/13056 [==============================] - 215s - loss: 0.7164 - val_loss: 1.6248
Epoch 137/1000
12992/13056 [============================>.] - ETA: 0s - loss: 0.6847
- val_loss: 1.5410
- val_all_f1:  0.5604 0.5604 0.5604
- val_exp_f1:  0.8862 0.8862 0.8862
- val_non_f1:  0.2737 0.2737 0.2737

13056/13056 [==============================] - 215s - loss: 0.6846 - val_loss: 1.5410
Epoch 138/1000
12992/13056 [============================>.] - ETA: 0s - loss: 0.7246
- val_loss: 1.5810
- val_all_f1:  0.5412 0.5412 0.5412
- val_exp_f1:  0.8467 0.8467 0.8467
- val_non_f1:  0.2724 0.2724 0.2724

13056/13056 [==============================] - 215s - loss: 0.7235 - val_loss: 1.5810
Epoch 139/1000
12992/13056 [============================>.] - ETA: 0s - loss: 0.7085
- val_loss: 1.5897
- val_all_f1:  0.5284 0.5284 0.5284
- val_exp_f1:  0.8376 0.8376 0.8376
- val_non_f1:  0.2563 0.2563 0.2563

13056/13056 [==============================] - 215s - loss: 0.7084 - val_loss: 1.5897
Epoch 140/1000
12992/13056 [============================>.] - ETA: 0s - loss: 0.7008
- val_loss: 1.5742
- val_all_f1:  0.5469 0.5469 0.5469
- val_exp_f1:  0.8816 0.8816 0.8816
- val_non_f1:  0.2523 0.2523 0.2523

13056/13056 [==============================] - 215s - loss: 0.7011 - val_loss: 1.5742
Epoch 141/1000
12992/13056 [============================>.] - ETA: 0s - loss: 0.6813
- val_loss: 1.6542
- val_all_f1:  0.5362 0.5362 0.5362
- val_exp_f1:  0.8923 0.8923 0.8923
- val_non_f1:  0.2230 0.2230 0.2230

13056/13056 [==============================] - 215s - loss: 0.6832 - val_loss: 1.6542
Epoch 142/1000
12992/13056 [============================>.] - ETA: 0s - loss: 0.6888
- val_loss: 1.6440
- val_all_f1:  0.5313 0.5313 0.5313
- val_exp_f1:  0.8816 0.8816 0.8816
- val_non_f1:  0.2230 0.2230 0.2230

13056/13056 [==============================] - 215s - loss: 0.6882 - val_loss: 1.6440
Epoch 143/1000
12992/13056 [============================>.] - ETA: 0s - loss: 0.6737
- val_loss: 1.6987
- val_all_f1:  0.5206 0.5206 0.5206
- val_exp_f1:  0.8832 0.8832 0.8832
- val_non_f1:  0.2019 0.2016 0.2017

13056/13056 [==============================] - 215s - loss: 0.6728 - val_loss: 1.6987
Epoch 144/1000
12992/13056 [============================>.] - ETA: 0s - loss: 0.7050
- val_loss: 1.7212
- val_all_f1:  0.5064 0.5064 0.5064
- val_exp_f1:  0.8346 0.8346 0.8346
- val_non_f1:  0.2179 0.2176 0.2178

13056/13056 [==============================] - 215s - loss: 0.7053 - val_loss: 1.7212
Epoch 145/1000
12992/13056 [============================>.] - ETA: 0s - loss: 0.7013
- val_loss: 1.5740
- val_all_f1:  0.5526 0.5526 0.5526
- val_exp_f1:  0.8968 0.8968 0.8968
- val_non_f1:  0.2500 0.2497 0.2498

13056/13056 [==============================] - 215s - loss: 0.7019 - val_loss: 1.5740
Epoch 146/1000
12992/13056 [============================>.] - ETA: 0s - loss: 0.6953
- val_loss: 1.6588
- val_all_f1:  0.5249 0.5249 0.5249
- val_exp_f1:  0.8786 0.8786 0.8786
- val_non_f1:  0.2139 0.2136 0.2138

13056/13056 [==============================] - 215s - loss: 0.6960 - val_loss: 1.6588
Epoch 147/1000
12992/13056 [============================>.] - ETA: 0s - loss: 0.6881
- val_loss: 1.5733
- val_all_f1:  0.5405 0.5405 0.5405
- val_exp_f1:  0.8953 0.8953 0.8953
- val_non_f1:  0.2283 0.2283 0.2283

13056/13056 [==============================] - 215s - loss: 0.6888 - val_loss: 1.5733
Epoch 148/1000
12992/13056 [============================>.] - ETA: 0s - loss: 0.7116
- val_loss: 1.6429
- val_all_f1:  0.5206 0.5206 0.5206
- val_exp_f1:  0.8407 0.8407 0.8407
- val_non_f1:  0.2390 0.2390 0.2390

13056/13056 [==============================] - 215s - loss: 0.7132 - val_loss: 1.6429
Epoch 149/1000
12992/13056 [============================>.] - ETA: 0s - loss: 0.7128
- val_loss: 1.6663
- val_all_f1:  0.5071 0.5071 0.5071
- val_exp_f1:  0.8179 0.8179 0.8179
- val_non_f1:  0.2336 0.2336 0.2336

13056/13056 [==============================] - 215s - loss: 0.7122 - val_loss: 1.6663
Epoch 150/1000
12992/13056 [============================>.] - ETA: 0s - loss: 0.6822
- val_loss: 1.7405
- val_all_f1:  0.4979 0.4979 0.4979
- val_exp_f1:  0.8361 0.8361 0.8361
- val_non_f1:  0.2003 0.2003 0.2003

13056/13056 [==============================] - 215s - loss: 0.6816 - val_loss: 1.7405
[2019-03-09 03:49] training finished (ex/conll16st-v35-en-al-100-0)
[2019-03-09 03:49] best_val_loss: 44 - loss: 0.8565 - val_loss: 1.4364 - val_all_f1: 0.5859 - val_exp_f1: 0.8990 - val_non_f1: 0.3111
[2019-03-09 03:49] best_val_all_f1: 48 - loss: 0.8465 - val_loss: 1.4660 - val_all_f1: 0.5973 - val_exp_f1: 0.8823 - val_non_f1: 0.3471
[2019-03-09 03:49] time: loaded: 172.0763 - prepared: 930.3158 - trained: 32394.8296 - epoch: 2159.6553 - epoch_cnt: 15.0000 - epoch_samples: 130560.0000
