[2019-03-06 07:47] configuration (ex/conll16st-v35-zh-al-500-0)
[2019-03-06 07:47]   config 'arg1_len': 500
[2019-03-06 07:47]   config 'arg2_len': 500
[2019-03-06 07:47]   config 'backend': theano
[2019-03-06 07:47]   config 'backend_theano': device=gpu,floatX=float32,nvcc.fastmath=True,lib.cnmem=0.8
[2019-03-06 07:47]   config 'batch_size': 64
[2019-03-06 07:47]   config 'conn_len': 10
[2019-03-06 07:47]   config 'continue_': False
[2019-03-06 07:47]   config 'curriculum_end': 0.0
[2019-03-06 07:47]   config 'epochs': 1000
[2019-03-06 07:47]   config 'epochs_patience': 100
[2019-03-06 07:47]   config 'epochs_ratio': 0.1
[2019-03-06 07:47]   config 'filter_act': sigmoid
[2019-03-06 07:47]   config 'filter_append_act': linear
[2019-03-06 07:47]   config 'filter_append_batchnorm': False
[2019-03-06 07:47]   config 'filter_append_dim': 0
[2019-03-06 07:47]   config 'filter_append_dropout': 0.0
[2019-03-06 07:47]   config 'filter_apply': mul
[2019-03-06 07:47]   config 'filter_dim': 12
[2019-03-06 07:47]   config 'filter_dropout_U': 0.0
[2019-03-06 07:47]   config 'filter_dropout_W': 0.0
[2019-03-06 07:47]   config 'filter_fn_name': None
[2019-03-06 07:47]   config 'filter_shared': global
[2019-03-06 07:47]   config 'filter_type': lstm-fb
[2019-03-06 07:47]   config 'filter_zoneout_c': 0.0
[2019-03-06 07:47]   config 'filter_zoneout_h': 0.0
[2019-03-06 07:47]   config 'final_act': SReLU
[2019-03-06 07:47]   config 'final_dim': 80
[2019-03-06 07:47]   config 'final_dropout': 0.3
[2019-03-06 07:47]   config 'input_size': None
[2019-03-06 07:47]   config 'lang': zh
[2019-03-06 07:47]   config 'masking': True
[2019-03-06 07:47]   config 'mode': word
[2019-03-06 07:47]   config 'model_dir': ex/conll16st-v35-zh-al-500-0
[2019-03-06 07:47]   config 'optimizer': adam
[2019-03-06 07:47]   config 'original_positives': 0
[2019-03-06 07:47]   config 'punc_len': 2
[2019-03-06 07:47]   config 'random_negatives': 2
[2019-03-06 07:47]   config 'random_positives': 2
[2019-03-06 07:47]   config 'random_proba_1': 0.1
[2019-03-06 07:47]   config 'random_proba_2': 0.1
[2019-03-06 07:47]   config 'random_proba_3': 0.9
[2019-03-06 07:47]   config 'rnn_act': tanh
[2019-03-06 07:47]   config 'rnn_dim': 20
[2019-03-06 07:47]   config 'rnn_dropout_U': 0.0
[2019-03-06 07:47]   config 'rnn_dropout_W': 0.0
[2019-03-06 07:47]   config 'rnn_dropout_merge': 0.3
[2019-03-06 07:47]   config 'rnn_merge': concat
[2019-03-06 07:47]   config 'rnn_num': 12
[2019-03-06 07:47]   config 'rnn_shared': aspect
[2019-03-06 07:47]   config 'rnn_type': lstm-fwd
[2019-03-06 07:47]   config 'rnn_zoneout_c': 0.0
[2019-03-06 07:47]   config 'rnn_zoneout_h': 0.0
[2019-03-06 07:47]   config 'snapshot_size': 2048
[2019-03-06 07:47]   config 'train_dir': data/conll16st-zh-01-08-2016-train
[2019-03-06 07:47]   config 'valid_dir': data/conll16st-zh-01-08-2016-dev
[2019-03-06 07:47]   config 'words2vec_bin': None
[2019-03-06 07:47]   config 'words2vec_txt': None
[2019-03-06 07:47]   config 'words_crop': None
[2019-03-06 07:47]   config 'words_dim': 20
[2019-03-06 07:47]   config 'words_dropout': 0.3
[2019-03-06 07:47]   config 'words_shared': global
[2019-03-06 07:47]   config 'words_trainable': True
[2019-03-06 07:47] load dataset for training (data/conll16st-zh-01-08-2016-train)
[2019-03-06 07:47]   lang: zh, doc_ids: 455, words: 155827, rel_ids: 10240, relation tokens: 475970
[2019-03-06 07:47] load dataset for validation (data/conll16st-zh-01-08-2016-dev)
[2019-03-06 07:47]   lang: zh, doc_ids: 24, words: 6782, rel_ids: 383, relation tokens: 16859
[2019-03-06 07:47] build indexes from training
[2019-03-06 07:47]   words2id: 14785, target2id: 12
[2019-03-06 07:47] target class distribution from training
[2019-03-06 07:47]   class 0 = 'None': None
[2019-03-06 07:47]   class 1 = '': None
[2019-03-06 07:47]   class 2 = 'Conjunction': 6102
[2019-03-06 07:47]   class 3 = 'Expansion': 1435
[2019-03-06 07:47]   class 4 = 'EntRel': 1098
[2019-03-06 07:47]   class 5 = 'Causation': 456
[2019-03-06 07:47]   class 6 = 'Temporal': 434
[2019-03-06 07:47]   class 7 = 'Contrast': 340
[2019-03-06 07:47]   class 8 = 'Purpose': 244
[2019-03-06 07:47]   class 9 = 'Conditional': 134
[2019-03-06 07:47]   class 10 = 'Progression': 75
[2019-03-06 07:47]   class 11 = 'Alternative': 18
[2019-03-06 07:47] build model
____________________________________________________________________________________________________
Layer (type)                     Output Shape          Param #     Connected to                     
====================================================================================================
arg1_ids (InputLayer)            (None, 500)           0                                            
____________________________________________________________________________________________________
arg2_ids (InputLayer)            (None, 500)           0                                            
____________________________________________________________________________________________________
conn_ids (InputLayer)            (None, 10)            0                                            
____________________________________________________________________________________________________
punc_ids (InputLayer)            (None, 2)             0                                            
____________________________________________________________________________________________________
embedding_1 (Embedding)          multiple              295700      arg1_ids[0][0]                   
                                                                   arg2_ids[0][0]                   
                                                                   conn_ids[0][0]                   
                                                                   punc_ids[0][0]                   
____________________________________________________________________________________________________
shareablelstm_1 (ShareableLSTM)  multiple              1584        embedding_1[0][0]                
                                                                   embedding_1[1][0]                
                                                                   embedding_1[2][0]                
                                                                   embedding_1[3][0]                
____________________________________________________________________________________________________
shareablelstm_2 (ShareableLSTM)  multiple              1584        embedding_1[0][0]                
                                                                   embedding_1[1][0]                
                                                                   embedding_1[2][0]                
                                                                   embedding_1[3][0]                
____________________________________________________________________________________________________
merge_1 (Merge)                  (None, 500, 12)       0           shareablelstm_1[0][0]            
                                                                   shareablelstm_2[0][0]            
____________________________________________________________________________________________________
merge_15 (Merge)                 (None, 500, 12)       0           shareablelstm_1[1][0]            
                                                                   shareablelstm_2[1][0]            
____________________________________________________________________________________________________
merge_29 (Merge)                 (None, 10, 12)        0           shareablelstm_1[2][0]            
                                                                   shareablelstm_2[2][0]            
____________________________________________________________________________________________________
merge_43 (Merge)                 (None, 2, 12)         0           shareablelstm_1[3][0]            
                                                                   shareablelstm_2[3][0]            
____________________________________________________________________________________________________
arg1_filters (Activation)        (None, 500, 12)       0           merge_1[0][0]                    
____________________________________________________________________________________________________
arg2_filters (Activation)        (None, 500, 12)       0           merge_15[0][0]                   
____________________________________________________________________________________________________
conn_filters (Activation)        (None, 10, 12)        0           merge_29[0][0]                   
____________________________________________________________________________________________________
punc_filters (Activation)        (None, 2, 12)         0           merge_43[0][0]                   
____________________________________________________________________________________________________
merge_2 (Merge)                  (None, 500, 20)       0           embedding_1[0][0]                
                                                                   arg1_filters[0][0]               
____________________________________________________________________________________________________
merge_3 (Merge)                  (None, 500, 20)       0           embedding_1[0][0]                
                                                                   arg1_filters[0][0]               
____________________________________________________________________________________________________
merge_4 (Merge)                  (None, 500, 20)       0           embedding_1[0][0]                
                                                                   arg1_filters[0][0]               
____________________________________________________________________________________________________
merge_5 (Merge)                  (None, 500, 20)       0           embedding_1[0][0]                
                                                                   arg1_filters[0][0]               
____________________________________________________________________________________________________
merge_6 (Merge)                  (None, 500, 20)       0           embedding_1[0][0]                
                                                                   arg1_filters[0][0]               
____________________________________________________________________________________________________
merge_7 (Merge)                  (None, 500, 20)       0           embedding_1[0][0]                
                                                                   arg1_filters[0][0]               
____________________________________________________________________________________________________
merge_8 (Merge)                  (None, 500, 20)       0           embedding_1[0][0]                
                                                                   arg1_filters[0][0]               
____________________________________________________________________________________________________
merge_9 (Merge)                  (None, 500, 20)       0           embedding_1[0][0]                
                                                                   arg1_filters[0][0]               
____________________________________________________________________________________________________
merge_10 (Merge)                 (None, 500, 20)       0           embedding_1[0][0]                
                                                                   arg1_filters[0][0]               
____________________________________________________________________________________________________
merge_11 (Merge)                 (None, 500, 20)       0           embedding_1[0][0]                
                                                                   arg1_filters[0][0]               
____________________________________________________________________________________________________
merge_12 (Merge)                 (None, 500, 20)       0           embedding_1[0][0]                
                                                                   arg1_filters[0][0]               
____________________________________________________________________________________________________
merge_13 (Merge)                 (None, 500, 20)       0           embedding_1[0][0]                
                                                                   arg1_filters[0][0]               
____________________________________________________________________________________________________
merge_16 (Merge)                 (None, 500, 20)       0           embedding_1[1][0]                
                                                                   arg2_filters[0][0]               
____________________________________________________________________________________________________
merge_17 (Merge)                 (None, 500, 20)       0           embedding_1[1][0]                
                                                                   arg2_filters[0][0]               
____________________________________________________________________________________________________
merge_18 (Merge)                 (None, 500, 20)       0           embedding_1[1][0]                
                                                                   arg2_filters[0][0]               
____________________________________________________________________________________________________
merge_19 (Merge)                 (None, 500, 20)       0           embedding_1[1][0]                
                                                                   arg2_filters[0][0]               
____________________________________________________________________________________________________
merge_20 (Merge)                 (None, 500, 20)       0           embedding_1[1][0]                
                                                                   arg2_filters[0][0]               
____________________________________________________________________________________________________
merge_21 (Merge)                 (None, 500, 20)       0           embedding_1[1][0]                
                                                                   arg2_filters[0][0]               
____________________________________________________________________________________________________
merge_22 (Merge)                 (None, 500, 20)       0           embedding_1[1][0]                
                                                                   arg2_filters[0][0]               
____________________________________________________________________________________________________
merge_23 (Merge)                 (None, 500, 20)       0           embedding_1[1][0]                
                                                                   arg2_filters[0][0]               
____________________________________________________________________________________________________
merge_24 (Merge)                 (None, 500, 20)       0           embedding_1[1][0]                
                                                                   arg2_filters[0][0]               
____________________________________________________________________________________________________
merge_25 (Merge)                 (None, 500, 20)       0           embedding_1[1][0]                
                                                                   arg2_filters[0][0]               
____________________________________________________________________________________________________
merge_26 (Merge)                 (None, 500, 20)       0           embedding_1[1][0]                
                                                                   arg2_filters[0][0]               
____________________________________________________________________________________________________
merge_27 (Merge)                 (None, 500, 20)       0           embedding_1[1][0]                
                                                                   arg2_filters[0][0]               
____________________________________________________________________________________________________
merge_30 (Merge)                 (None, 10, 20)        0           embedding_1[2][0]                
                                                                   conn_filters[0][0]               
____________________________________________________________________________________________________
merge_31 (Merge)                 (None, 10, 20)        0           embedding_1[2][0]                
                                                                   conn_filters[0][0]               
____________________________________________________________________________________________________
merge_32 (Merge)                 (None, 10, 20)        0           embedding_1[2][0]                
                                                                   conn_filters[0][0]               
____________________________________________________________________________________________________
merge_33 (Merge)                 (None, 10, 20)        0           embedding_1[2][0]                
                                                                   conn_filters[0][0]               
____________________________________________________________________________________________________
merge_34 (Merge)                 (None, 10, 20)        0           embedding_1[2][0]                
                                                                   conn_filters[0][0]               
____________________________________________________________________________________________________
merge_35 (Merge)                 (None, 10, 20)        0           embedding_1[2][0]                
                                                                   conn_filters[0][0]               
____________________________________________________________________________________________________
merge_36 (Merge)                 (None, 10, 20)        0           embedding_1[2][0]                
                                                                   conn_filters[0][0]               
____________________________________________________________________________________________________
merge_37 (Merge)                 (None, 10, 20)        0           embedding_1[2][0]                
                                                                   conn_filters[0][0]               
____________________________________________________________________________________________________
merge_38 (Merge)                 (None, 10, 20)        0           embedding_1[2][0]                
                                                                   conn_filters[0][0]               
____________________________________________________________________________________________________
merge_39 (Merge)                 (None, 10, 20)        0           embedding_1[2][0]                
                                                                   conn_filters[0][0]               
____________________________________________________________________________________________________
merge_40 (Merge)                 (None, 10, 20)        0           embedding_1[2][0]                
                                                                   conn_filters[0][0]               
____________________________________________________________________________________________________
merge_41 (Merge)                 (None, 10, 20)        0           embedding_1[2][0]                
                                                                   conn_filters[0][0]               
____________________________________________________________________________________________________
merge_44 (Merge)                 (None, 2, 20)         0           embedding_1[3][0]                
                                                                   punc_filters[0][0]               
____________________________________________________________________________________________________
merge_45 (Merge)                 (None, 2, 20)         0           embedding_1[3][0]                
                                                                   punc_filters[0][0]               
____________________________________________________________________________________________________
merge_46 (Merge)                 (None, 2, 20)         0           embedding_1[3][0]                
                                                                   punc_filters[0][0]               
____________________________________________________________________________________________________
merge_47 (Merge)                 (None, 2, 20)         0           embedding_1[3][0]                
                                                                   punc_filters[0][0]               
____________________________________________________________________________________________________
merge_48 (Merge)                 (None, 2, 20)         0           embedding_1[3][0]                
                                                                   punc_filters[0][0]               
____________________________________________________________________________________________________
merge_49 (Merge)                 (None, 2, 20)         0           embedding_1[3][0]                
                                                                   punc_filters[0][0]               
____________________________________________________________________________________________________
merge_50 (Merge)                 (None, 2, 20)         0           embedding_1[3][0]                
                                                                   punc_filters[0][0]               
____________________________________________________________________________________________________
merge_51 (Merge)                 (None, 2, 20)         0           embedding_1[3][0]                
                                                                   punc_filters[0][0]               
____________________________________________________________________________________________________
merge_52 (Merge)                 (None, 2, 20)         0           embedding_1[3][0]                
                                                                   punc_filters[0][0]               
____________________________________________________________________________________________________
merge_53 (Merge)                 (None, 2, 20)         0           embedding_1[3][0]                
                                                                   punc_filters[0][0]               
____________________________________________________________________________________________________
merge_54 (Merge)                 (None, 2, 20)         0           embedding_1[3][0]                
                                                                   punc_filters[0][0]               
____________________________________________________________________________________________________
merge_55 (Merge)                 (None, 2, 20)         0           embedding_1[3][0]                
                                                                   punc_filters[0][0]               
____________________________________________________________________________________________________
shareablelstm_3 (ShareableLSTM)  (None, 20)            3280        merge_2[0][0]                    
                                                                   merge_16[0][0]                   
                                                                   merge_30[0][0]                   
                                                                   merge_44[0][0]                   
____________________________________________________________________________________________________
shareablelstm_5 (ShareableLSTM)  (None, 20)            3280        merge_3[0][0]                    
                                                                   merge_17[0][0]                   
                                                                   merge_31[0][0]                   
                                                                   merge_45[0][0]                   
____________________________________________________________________________________________________
shareablelstm_7 (ShareableLSTM)  (None, 20)            3280        merge_4[0][0]                    
                                                                   merge_18[0][0]                   
                                                                   merge_32[0][0]                   
                                                                   merge_46[0][0]                   
____________________________________________________________________________________________________
shareablelstm_9 (ShareableLSTM)  (None, 20)            3280        merge_5[0][0]                    
                                                                   merge_19[0][0]                   
                                                                   merge_33[0][0]                   
                                                                   merge_47[0][0]                   
____________________________________________________________________________________________________
shareablelstm_11 (ShareableLSTM) (None, 20)            3280        merge_6[0][0]                    
                                                                   merge_20[0][0]                   
                                                                   merge_34[0][0]                   
                                                                   merge_48[0][0]                   
____________________________________________________________________________________________________
shareablelstm_13 (ShareableLSTM) (None, 20)            3280        merge_7[0][0]                    
                                                                   merge_21[0][0]                   
                                                                   merge_35[0][0]                   
                                                                   merge_49[0][0]                   
____________________________________________________________________________________________________
shareablelstm_15 (ShareableLSTM) (None, 20)            3280        merge_8[0][0]                    
                                                                   merge_22[0][0]                   
                                                                   merge_36[0][0]                   
                                                                   merge_50[0][0]                   
____________________________________________________________________________________________________
shareablelstm_17 (ShareableLSTM) (None, 20)            3280        merge_9[0][0]                    
                                                                   merge_23[0][0]                   
                                                                   merge_37[0][0]                   
                                                                   merge_51[0][0]                   
____________________________________________________________________________________________________
shareablelstm_19 (ShareableLSTM) (None, 20)            3280        merge_10[0][0]                   
                                                                   merge_24[0][0]                   
                                                                   merge_38[0][0]                   
                                                                   merge_52[0][0]                   
____________________________________________________________________________________________________
shareablelstm_21 (ShareableLSTM) (None, 20)            3280        merge_11[0][0]                   
                                                                   merge_25[0][0]                   
                                                                   merge_39[0][0]                   
                                                                   merge_53[0][0]                   
____________________________________________________________________________________________________
shareablelstm_23 (ShareableLSTM) (None, 20)            3280        merge_12[0][0]                   
                                                                   merge_26[0][0]                   
                                                                   merge_40[0][0]                   
                                                                   merge_54[0][0]                   
____________________________________________________________________________________________________
shareablelstm_25 (ShareableLSTM) (None, 20)            3280        merge_13[0][0]                   
                                                                   merge_27[0][0]                   
                                                                   merge_41[0][0]                   
                                                                   merge_55[0][0]                   
____________________________________________________________________________________________________
merge_14 (Merge)                 (None, 240)           0           shareablelstm_3[0][0]            
                                                                   shareablelstm_5[0][0]            
                                                                   shareablelstm_7[0][0]            
                                                                   shareablelstm_9[0][0]            
                                                                   shareablelstm_11[0][0]           
                                                                   shareablelstm_13[0][0]           
                                                                   shareablelstm_15[0][0]           
                                                                   shareablelstm_17[0][0]           
                                                                   shareablelstm_19[0][0]           
                                                                   shareablelstm_21[0][0]           
                                                                   shareablelstm_23[0][0]           
                                                                   shareablelstm_25[0][0]           
____________________________________________________________________________________________________
merge_28 (Merge)                 (None, 240)           0           shareablelstm_3[1][0]            
                                                                   shareablelstm_5[1][0]            
                                                                   shareablelstm_7[1][0]            
                                                                   shareablelstm_9[1][0]            
                                                                   shareablelstm_11[1][0]           
                                                                   shareablelstm_13[1][0]           
                                                                   shareablelstm_15[1][0]           
                                                                   shareablelstm_17[1][0]           
                                                                   shareablelstm_19[1][0]           
                                                                   shareablelstm_21[1][0]           
                                                                   shareablelstm_23[1][0]           
                                                                   shareablelstm_25[1][0]           
____________________________________________________________________________________________________
merge_42 (Merge)                 (None, 240)           0           shareablelstm_3[2][0]            
                                                                   shareablelstm_5[2][0]            
                                                                   shareablelstm_7[2][0]            
                                                                   shareablelstm_9[2][0]            
                                                                   shareablelstm_11[2][0]           
                                                                   shareablelstm_13[2][0]           
                                                                   shareablelstm_15[2][0]           
                                                                   shareablelstm_17[2][0]           
                                                                   shareablelstm_19[2][0]           
                                                                   shareablelstm_21[2][0]           
                                                                   shareablelstm_23[2][0]           
                                                                   shareablelstm_25[2][0]           
____________________________________________________________________________________________________
merge_56 (Merge)                 (None, 240)           0           shareablelstm_3[3][0]            
                                                                   shareablelstm_5[3][0]            
                                                                   shareablelstm_7[3][0]            
                                                                   shareablelstm_9[3][0]            
                                                                   shareablelstm_11[3][0]           
                                                                   shareablelstm_13[3][0]           
                                                                   shareablelstm_15[3][0]           
                                                                   shareablelstm_17[3][0]           
                                                                   shareablelstm_19[3][0]           
                                                                   shareablelstm_21[3][0]           
                                                                   shareablelstm_23[3][0]           
                                                                   shareablelstm_25[3][0]           
____________________________________________________________________________________________________
dropout_1 (Dropout)              (None, 240)           0           merge_14[0][0]                   
____________________________________________________________________________________________________
dropout_2 (Dropout)              (None, 240)           0           merge_28[0][0]                   
____________________________________________________________________________________________________
dropout_3 (Dropout)              (None, 240)           0           merge_42[0][0]                   
____________________________________________________________________________________________________
dropout_4 (Dropout)              (None, 240)           0           merge_56[0][0]                   
____________________________________________________________________________________________________
merge_57 (Merge)                 (None, 960)           0           dropout_1[0][0]                  
                                                                   dropout_2[0][0]                  
                                                                   dropout_3[0][0]                  
                                                                   dropout_4[0][0]                  
____________________________________________________________________________________________________
dense_1 (Dense)                  (None, 80)            76880       merge_57[0][0]                   
____________________________________________________________________________________________________
srelu_1 (SReLU)                  (None, 80)            320         dense_1[0][0]                    
____________________________________________________________________________________________________
dropout_5 (Dropout)              (None, 80)            0           srelu_1[0][0]                    
____________________________________________________________________________________________________
dense_2 (Dense)                  (None, 12)            972         dropout_5[0][0]                  
____________________________________________________________________________________________________
target (Activation)              (None, 12)            0           dense_2[0][0]                    
====================================================================================================
Total params: 416,400
Trainable params: 416,400
Non-trainable params: 0
____________________________________________________________________________________________________
[2019-03-06 08:10] initialize weights
[2019-03-06 08:10] training preparation
[2019-03-06 08:10] train model (ex/conll16st-v35-zh-al-500-0)
Epoch 1/1000
4032/4096 [============================>.] - ETA: 4s - loss: 1.5950
- val_loss: 2.0836
- val_all_f1:  0.5770 0.5770 0.5770
- val_exp_f1:  0.4156 0.4156 0.4156
- val_non_f1:  0.6176 0.6176 0.6176

4096/4096 [==============================] - 322s - loss: 1.5931 - val_loss: 2.0836
Epoch 2/1000
4032/4096 [============================>.] - ETA: 4s - loss: 1.4429
- val_loss: 1.9951
- val_all_f1:  0.5770 0.5770 0.5770
- val_exp_f1:  0.4156 0.4156 0.4156
- val_non_f1:  0.6176 0.6176 0.6176

4096/4096 [==============================] - 321s - loss: 1.4411 - val_loss: 1.9951
Epoch 3/1000
4032/4096 [============================>.] - ETA: 4s - loss: 1.3697
- val_loss: 1.7236
- val_all_f1:  0.5770 0.5770 0.5770
- val_exp_f1:  0.4156 0.4156 0.4156
- val_non_f1:  0.6176 0.6176 0.6176

4096/4096 [==============================] - 321s - loss: 1.3689 - val_loss: 1.7236
Epoch 4/1000
4032/4096 [============================>.] - ETA: 4s - loss: 1.2755
- val_loss: 1.6824
- val_all_f1:  0.5927 0.5927 0.5927
- val_exp_f1:  0.4156 0.4156 0.4156
- val_non_f1:  0.6373 0.6373 0.6373

4096/4096 [==============================] - 321s - loss: 1.2763 - val_loss: 1.6824
Epoch 5/1000
4032/4096 [============================>.] - ETA: 4s - loss: 1.2330
- val_loss: 1.5482
- val_all_f1:  0.6057 0.6057 0.6057
- val_exp_f1:  0.4156 0.4156 0.4156
- val_non_f1:  0.6536 0.6536 0.6536

4096/4096 [==============================] - 321s - loss: 1.2299 - val_loss: 1.5482
Epoch 6/1000
4032/4096 [============================>.] - ETA: 4s - loss: 1.1538
- val_loss: 1.4267
- val_all_f1:  0.6110 0.6110 0.6110
- val_exp_f1:  0.4156 0.4156 0.4156
- val_non_f1:  0.6601 0.6601 0.6601

4096/4096 [==============================] - 321s - loss: 1.1501 - val_loss: 1.4267
Epoch 7/1000
4032/4096 [============================>.] - ETA: 4s - loss: 1.1079
- val_loss: 1.5973
- val_all_f1:  0.5875 0.5875 0.5875
- val_exp_f1:  0.4286 0.4286 0.4286
- val_non_f1:  0.6275 0.6275 0.6275

4096/4096 [==============================] - 320s - loss: 1.1065 - val_loss: 1.5973
Epoch 8/1000
4032/4096 [============================>.] - ETA: 4s - loss: 1.0321
- val_loss: 1.1562
- val_all_f1:  0.5822 0.5822 0.5822
- val_exp_f1:  0.4545 0.4545 0.4545
- val_non_f1:  0.6164 0.6144 0.6154

4096/4096 [==============================] - 320s - loss: 1.0290 - val_loss: 1.1562
Epoch 9/1000
4032/4096 [============================>.] - ETA: 4s - loss: 0.9610
- val_loss: 1.1163
- val_all_f1:  0.5822 0.5822 0.5822
- val_exp_f1:  0.4935 0.4935 0.4935
- val_non_f1:  0.6086 0.6046 0.6066

4096/4096 [==============================] - 320s - loss: 0.9599 - val_loss: 1.1163
Epoch 10/1000
4032/4096 [============================>.] - ETA: 4s - loss: 0.8975
- val_loss: 1.1194
- val_all_f1:  0.6292 0.6292 0.6292
- val_exp_f1:  0.5455 0.5455 0.5455
- val_non_f1:  0.6546 0.6503 0.6525

4096/4096 [==============================] - 321s - loss: 0.8946 - val_loss: 1.1194
Epoch 11/1000
4032/4096 [============================>.] - ETA: 4s - loss: 0.9187
- val_loss: 1.2362
- val_all_f1:  0.6057 0.6057 0.6057
- val_exp_f1:  0.4805 0.4805 0.4805
- val_non_f1:  0.6414 0.6373 0.6393

4096/4096 [==============================] - 320s - loss: 0.9183 - val_loss: 1.2362
Epoch 12/1000
4032/4096 [============================>.] - ETA: 4s - loss: 0.9059
- val_loss: 1.1419
- val_all_f1:  0.6371 0.6371 0.6371
- val_exp_f1:  0.5844 0.5844 0.5844
- val_non_f1:  0.6546 0.6503 0.6525

4096/4096 [==============================] - 320s - loss: 0.9047 - val_loss: 1.1419
Epoch 13/1000
4032/4096 [============================>.] - ETA: 4s - loss: 0.8777
- val_loss: 1.1036
- val_all_f1:  0.6371 0.6371 0.6371
- val_exp_f1:  0.5195 0.5195 0.5195
- val_non_f1:  0.6711 0.6667 0.6689

4096/4096 [==============================] - 321s - loss: 0.8751 - val_loss: 1.1036
Epoch 14/1000
4032/4096 [============================>.] - ETA: 4s - loss: 0.8569
- val_loss: 1.1865
- val_all_f1:  0.5927 0.5927 0.5927
- val_exp_f1:  0.4935 0.4935 0.4935
- val_non_f1:  0.6238 0.6176 0.6207

4096/4096 [==============================] - 320s - loss: 0.8545 - val_loss: 1.1865
Epoch 15/1000
4032/4096 [============================>.] - ETA: 4s - loss: 0.7624
- val_loss: 1.0914
- val_all_f1:  0.6423 0.6423 0.6423
- val_exp_f1:  0.5714 0.5714 0.5714
- val_non_f1:  0.6667 0.6601 0.6634

4096/4096 [==============================] - 320s - loss: 0.7667 - val_loss: 1.0914
Epoch 16/1000
4032/4096 [============================>.] - ETA: 4s - loss: 0.8068
- val_loss: 1.1519
- val_all_f1:  0.6449 0.6449 0.6449
- val_exp_f1:  0.5844 0.5844 0.5844
- val_non_f1:  0.6645 0.6601 0.6623

4096/4096 [==============================] - 320s - loss: 0.8090 - val_loss: 1.1519
Epoch 17/1000
4032/4096 [============================>.] - ETA: 4s - loss: 0.7925
- val_loss: 1.0527
- val_all_f1:  0.6501 0.6501 0.6501
- val_exp_f1:  0.6234 0.6234 0.6234
- val_non_f1:  0.6634 0.6569 0.6601

4096/4096 [==============================] - 321s - loss: 0.7905 - val_loss: 1.0527
Epoch 18/1000
4032/4096 [============================>.] - ETA: 4s - loss: 0.7294
- val_loss: 1.0338
- val_all_f1:  0.6475 0.6475 0.6475
- val_exp_f1:  0.5714 0.5714 0.5714
- val_non_f1:  0.6689 0.6667 0.6678

4096/4096 [==============================] - 320s - loss: 0.7335 - val_loss: 1.0338
Epoch 19/1000
4032/4096 [============================>.] - ETA: 4s - loss: 0.6846
- val_loss: 1.0227
- val_all_f1:  0.6580 0.6580 0.6580
- val_exp_f1:  0.6364 0.6364 0.6364
- val_non_f1:  0.6700 0.6634 0.6667

4096/4096 [==============================] - 320s - loss: 0.6834 - val_loss: 1.0227
Epoch 20/1000
4032/4096 [============================>.] - ETA: 4s - loss: 0.7497
- val_loss: 1.1012
- val_all_f1:  0.6136 0.6136 0.6136
- val_exp_f1:  0.5844 0.5844 0.5844
- val_non_f1:  0.6250 0.6209 0.6230

4096/4096 [==============================] - 320s - loss: 0.7479 - val_loss: 1.1012
Epoch 21/1000
4032/4096 [============================>.] - ETA: 4s - loss: 0.7508
- val_loss: 1.0550
- val_all_f1:  0.6214 0.6214 0.6214
- val_exp_f1:  0.6364 0.6364 0.6364
- val_non_f1:  0.6238 0.6176 0.6207

4096/4096 [==============================] - 320s - loss: 0.7472 - val_loss: 1.0550
Epoch 22/1000
4032/4096 [============================>.] - ETA: 4s - loss: 0.7309
- val_loss: 1.0474
- val_all_f1:  0.6501 0.6501 0.6501
- val_exp_f1:  0.5974 0.5974 0.5974
- val_non_f1:  0.6678 0.6634 0.6656

4096/4096 [==============================] - 319s - loss: 0.7287 - val_loss: 1.0474
Epoch 23/1000
4032/4096 [============================>.] - ETA: 4s - loss: 0.6914
- val_loss: 1.0567
- val_all_f1:  0.6110 0.6110 0.6110
- val_exp_f1:  0.5714 0.5714 0.5714
- val_non_f1:  0.6271 0.6209 0.6240

4096/4096 [==============================] - 319s - loss: 0.6941 - val_loss: 1.0567
Epoch 24/1000
4032/4096 [============================>.] - ETA: 4s - loss: 0.6930
- val_loss: 0.9974
- val_all_f1:  0.6527 0.6527 0.6527
- val_exp_f1:  0.6104 0.6104 0.6104
- val_non_f1:  0.6678 0.6634 0.6656

4096/4096 [==============================] - 319s - loss: 0.6957 - val_loss: 0.9974
Epoch 25/1000
4032/4096 [============================>.] - ETA: 4s - loss: 0.7392
- val_loss: 0.9824
- val_all_f1:  0.6527 0.6527 0.6527
- val_exp_f1:  0.6234 0.6234 0.6234
- val_non_f1:  0.6645 0.6601 0.6623

4096/4096 [==============================] - 320s - loss: 0.7489 - val_loss: 0.9824
Epoch 26/1000
4032/4096 [============================>.] - ETA: 4s - loss: 0.7388
- val_loss: 1.0302
- val_all_f1:  0.6240 0.6240 0.6240
- val_exp_f1:  0.5455 0.5455 0.5455
- val_non_f1:  0.6480 0.6438 0.6459

4096/4096 [==============================] - 320s - loss: 0.7418 - val_loss: 1.0302
Epoch 27/1000
4032/4096 [============================>.] - ETA: 4s - loss: 0.7005
- val_loss: 0.9931
- val_all_f1:  0.6423 0.6423 0.6423
- val_exp_f1:  0.6364 0.6364 0.6364
- val_non_f1:  0.6480 0.6438 0.6459

4096/4096 [==============================] - 320s - loss: 0.6989 - val_loss: 0.9931
Epoch 28/1000
4032/4096 [============================>.] - ETA: 4s - loss: 0.7484
- val_loss: 1.0315
- val_all_f1:  0.6371 0.6371 0.6371
- val_exp_f1:  0.6104 0.6104 0.6104
- val_non_f1:  0.6480 0.6438 0.6459

4096/4096 [==============================] - 319s - loss: 0.7473 - val_loss: 1.0315
Epoch 29/1000
4032/4096 [============================>.] - ETA: 4s - loss: 0.6766
- val_loss: 0.9761
- val_all_f1:  0.6449 0.6449 0.6449
- val_exp_f1:  0.5195 0.5195 0.5195
- val_non_f1:  0.6809 0.6765 0.6787

4096/4096 [==============================] - 319s - loss: 0.6758 - val_loss: 0.9761
Epoch 30/1000
4032/4096 [============================>.] - ETA: 4s - loss: 0.6848
- val_loss: 0.9709
- val_all_f1:  0.6371 0.6371 0.6371
- val_exp_f1:  0.5844 0.5844 0.5844
- val_non_f1:  0.6568 0.6503 0.6535

4096/4096 [==============================] - 320s - loss: 0.6929 - val_loss: 0.9709
Epoch 31/1000
4032/4096 [============================>.] - ETA: 4s - loss: 0.6416
- val_loss: 0.9834
- val_all_f1:  0.6319 0.6319 0.6319
- val_exp_f1:  0.6104 0.6104 0.6104
- val_non_f1:  0.6414 0.6373 0.6393

4096/4096 [==============================] - 320s - loss: 0.6429 - val_loss: 0.9834
Epoch 32/1000
4032/4096 [============================>.] - ETA: 4s - loss: 0.6383
- val_loss: 0.9817
- val_all_f1:  0.6580 0.6580 0.6580
- val_exp_f1:  0.6104 0.6104 0.6104
- val_non_f1:  0.6743 0.6699 0.6721

4096/4096 [==============================] - 320s - loss: 0.6338 - val_loss: 0.9817
Epoch 33/1000
4032/4096 [============================>.] - ETA: 4s - loss: 0.6503
- val_loss: 0.9432
- val_all_f1:  0.6684 0.6684 0.6684
- val_exp_f1:  0.7143 0.7143 0.7143
- val_non_f1:  0.6612 0.6569 0.6590

4096/4096 [==============================] - 320s - loss: 0.6536 - val_loss: 0.9432
Epoch 34/1000
4032/4096 [============================>.] - ETA: 4s - loss: 0.6431
- val_loss: 1.0049
- val_all_f1:  0.6266 0.6266 0.6266
- val_exp_f1:  0.5974 0.5974 0.5974
- val_non_f1:  0.6403 0.6340 0.6371

4096/4096 [==============================] - 320s - loss: 0.6436 - val_loss: 1.0049
Epoch 35/1000
4032/4096 [============================>.] - ETA: 4s - loss: 0.6429
- val_loss: 0.9641
- val_all_f1:  0.6423 0.6423 0.6423
- val_exp_f1:  0.5844 0.5844 0.5844
- val_non_f1:  0.6634 0.6569 0.6601

4096/4096 [==============================] - 320s - loss: 0.6426 - val_loss: 0.9641
Epoch 36/1000
4032/4096 [============================>.] - ETA: 4s - loss: 0.5981
- val_loss: 0.9245
- val_all_f1:  0.6501 0.6501 0.6501
- val_exp_f1:  0.6234 0.6234 0.6234
- val_non_f1:  0.6634 0.6569 0.6601

4096/4096 [==============================] - 319s - loss: 0.6044 - val_loss: 0.9245
Epoch 37/1000
4032/4096 [============================>.] - ETA: 4s - loss: 0.6042
- val_loss: 0.9837
- val_all_f1:  0.6266 0.6266 0.6266
- val_exp_f1:  0.5844 0.5844 0.5844
- val_non_f1:  0.6436 0.6373 0.6404

4096/4096 [==============================] - 320s - loss: 0.6028 - val_loss: 0.9837
Epoch 38/1000
4032/4096 [============================>.] - ETA: 4s - loss: 0.6153
- val_loss: 0.9600
- val_all_f1:  0.6371 0.6371 0.6371
- val_exp_f1:  0.6234 0.6234 0.6234
- val_non_f1:  0.6469 0.6405 0.6437

4096/4096 [==============================] - 320s - loss: 0.6221 - val_loss: 0.9600
Epoch 39/1000
4032/4096 [============================>.] - ETA: 4s - loss: 0.6500
- val_loss: 0.9248
- val_all_f1:  0.6580 0.6580 0.6580
- val_exp_f1:  0.6364 0.6364 0.6364
- val_non_f1:  0.6700 0.6634 0.6667

4096/4096 [==============================] - 320s - loss: 0.6484 - val_loss: 0.9248
Epoch 40/1000
4032/4096 [============================>.] - ETA: 4s - loss: 0.6389
- val_loss: 0.9690
- val_all_f1:  0.6475 0.6475 0.6475
- val_exp_f1:  0.6623 0.6623 0.6623
- val_non_f1:  0.6502 0.6438 0.6470

4096/4096 [==============================] - 320s - loss: 0.6377 - val_loss: 0.9690
Epoch 41/1000
4032/4096 [============================>.] - ETA: 4s - loss: 0.5740
- val_loss: 0.9243
- val_all_f1:  0.6554 0.6554 0.6554
- val_exp_f1:  0.6364 0.6364 0.6364
- val_non_f1:  0.6667 0.6601 0.6634

4096/4096 [==============================] - 320s - loss: 0.5766 - val_loss: 0.9243
Epoch 42/1000
4032/4096 [============================>.] - ETA: 4s - loss: 0.5964
- val_loss: 0.9339
- val_all_f1:  0.6449 0.6449 0.6449
- val_exp_f1:  0.6364 0.6364 0.6364
- val_non_f1:  0.6535 0.6471 0.6502

4096/4096 [==============================] - 320s - loss: 0.6009 - val_loss: 0.9339
Epoch 43/1000
4032/4096 [============================>.] - ETA: 4s - loss: 0.5767
- val_loss: 0.9344
- val_all_f1:  0.6449 0.6449 0.6449
- val_exp_f1:  0.6234 0.6234 0.6234
- val_non_f1:  0.6568 0.6503 0.6535

4096/4096 [==============================] - 320s - loss: 0.5747 - val_loss: 0.9344
Epoch 44/1000
4032/4096 [============================>.] - ETA: 4s - loss: 0.6085
- val_loss: 0.9385
- val_all_f1:  0.6527 0.6527 0.6527
- val_exp_f1:  0.6494 0.6494 0.6494
- val_non_f1:  0.6601 0.6536 0.6568

4096/4096 [==============================] - 319s - loss: 0.6100 - val_loss: 0.9385
Epoch 45/1000
4032/4096 [============================>.] - ETA: 4s - loss: 0.5899
- val_loss: 0.9561
- val_all_f1:  0.6684 0.6684 0.6684
- val_exp_f1:  0.7273 0.7273 0.7273
- val_non_f1:  0.6601 0.6536 0.6568

4096/4096 [==============================] - 319s - loss: 0.5910 - val_loss: 0.9561
Epoch 46/1000
4032/4096 [============================>.] - ETA: 4s - loss: 0.5917
- val_loss: 0.9200
- val_all_f1:  0.6815 0.6815 0.6815
- val_exp_f1:  0.7143 0.7143 0.7143
- val_non_f1:  0.6799 0.6732 0.6765

4096/4096 [==============================] - 320s - loss: 0.5916 - val_loss: 0.9200
Epoch 47/1000
4032/4096 [============================>.] - ETA: 4s - loss: 0.5888
- val_loss: 0.9259
- val_all_f1:  0.6867 0.6867 0.6867
- val_exp_f1:  0.7662 0.7662 0.7662
- val_non_f1:  0.6733 0.6667 0.6700

4096/4096 [==============================] - 320s - loss: 0.5904 - val_loss: 0.9259
Epoch 48/1000
4032/4096 [============================>.] - ETA: 4s - loss: 0.5444
- val_loss: 0.8921
- val_all_f1:  0.6893 0.6893 0.6893
- val_exp_f1:  0.7273 0.7273 0.7273
- val_non_f1:  0.6887 0.6797 0.6842

4096/4096 [==============================] - 320s - loss: 0.5457 - val_loss: 0.8921
Epoch 49/1000
4032/4096 [============================>.] - ETA: 4s - loss: 0.5853
- val_loss: 0.9269
- val_all_f1:  0.6762 0.6762 0.6762
- val_exp_f1:  0.7792 0.7792 0.7792
- val_non_f1:  0.6589 0.6503 0.6546

4096/4096 [==============================] - 320s - loss: 0.5860 - val_loss: 0.9269
Epoch 50/1000
4032/4096 [============================>.] - ETA: 4s - loss: 0.5409
- val_loss: 0.9554
- val_all_f1:  0.6554 0.6554 0.6554
- val_exp_f1:  0.7662 0.7662 0.7662
- val_non_f1:  0.6337 0.6275 0.6305

4096/4096 [==============================] - 320s - loss: 0.5449 - val_loss: 0.9554
Epoch 51/1000
4032/4096 [============================>.] - ETA: 4s - loss: 0.5476
- val_loss: 0.9130
- val_all_f1:  0.6658 0.6658 0.6658
- val_exp_f1:  0.7273 0.7273 0.7273
- val_non_f1:  0.6568 0.6503 0.6535

4096/4096 [==============================] - 320s - loss: 0.5444 - val_loss: 0.9130
Epoch 52/1000
4032/4096 [============================>.] - ETA: 4s - loss: 0.5850
- val_loss: 0.8876
- val_all_f1:  0.6762 0.6762 0.6762
- val_exp_f1:  0.7143 0.7143 0.7143
- val_non_f1:  0.6733 0.6667 0.6700

4096/4096 [==============================] - 320s - loss: 0.5869 - val_loss: 0.8876
Epoch 53/1000
4032/4096 [============================>.] - ETA: 4s - loss: 0.5072
- val_loss: 0.8661
- val_all_f1:  0.7180 0.7180 0.7180
- val_exp_f1:  0.8182 0.8182 0.8182
- val_non_f1:  0.6951 0.6928 0.6939

4096/4096 [==============================] - 320s - loss: 0.5079 - val_loss: 0.8661
Epoch 54/1000
4032/4096 [============================>.] - ETA: 4s - loss: 0.5448
- val_loss: 0.9119
- val_all_f1:  0.6606 0.6606 0.6606
- val_exp_f1:  0.7273 0.7273 0.7273
- val_non_f1:  0.6459 0.6438 0.6448

4096/4096 [==============================] - 320s - loss: 0.5459 - val_loss: 0.9119
Epoch 55/1000
4032/4096 [============================>.] - ETA: 4s - loss: 0.5433
- val_loss: 0.8792
- val_all_f1:  0.6893 0.6893 0.6893
- val_exp_f1:  0.8312 0.8312 0.8312
- val_non_f1:  0.6601 0.6536 0.6568

4096/4096 [==============================] - 320s - loss: 0.5439 - val_loss: 0.8792
Epoch 56/1000
4032/4096 [============================>.] - ETA: 4s - loss: 0.6049
- val_loss: 0.8968
- val_all_f1:  0.6736 0.6736 0.6736
- val_exp_f1:  0.7403 0.7403 0.7403
- val_non_f1:  0.6590 0.6569 0.6579

4096/4096 [==============================] - 320s - loss: 0.6025 - val_loss: 0.8968
Epoch 57/1000
4032/4096 [============================>.] - ETA: 4s - loss: 0.5667
- val_loss: 0.8704
- val_all_f1:  0.6867 0.6867 0.6867
- val_exp_f1:  0.7532 0.7532 0.7532
- val_non_f1:  0.6721 0.6699 0.6710

4096/4096 [==============================] - 320s - loss: 0.5679 - val_loss: 0.8704
Epoch 58/1000
4032/4096 [============================>.] - ETA: 4s - loss: 0.5333
- val_loss: 0.8687
- val_all_f1:  0.7128 0.7128 0.7128
- val_exp_f1:  0.8701 0.8701 0.8701
- val_non_f1:  0.6732 0.6732 0.6732

4096/4096 [==============================] - 320s - loss: 0.5348 - val_loss: 0.8687
Epoch 59/1000
4032/4096 [============================>.] - ETA: 4s - loss: 0.5928
- val_loss: 0.8764
- val_all_f1:  0.6710 0.6710 0.6710
- val_exp_f1:  0.7922 0.7922 0.7922
- val_non_f1:  0.6405 0.6405 0.6405

4096/4096 [==============================] - 319s - loss: 0.5989 - val_loss: 0.8764
Epoch 60/1000
4032/4096 [============================>.] - ETA: 4s - loss: 0.5657
- val_loss: 0.8984
- val_all_f1:  0.7050 0.7050 0.7050
- val_exp_f1:  0.8831 0.8831 0.8831
- val_non_f1:  0.6645 0.6601 0.6623

4096/4096 [==============================] - 320s - loss: 0.5628 - val_loss: 0.8984
Epoch 61/1000
4032/4096 [============================>.] - ETA: 4s - loss: 0.5390
- val_loss: 0.8814
- val_all_f1:  0.7076 0.7076 0.7076
- val_exp_f1:  0.9221 0.9221 0.9221
- val_non_f1:  0.6557 0.6536 0.6547

4096/4096 [==============================] - 320s - loss: 0.5451 - val_loss: 0.8814
Epoch 62/1000
4032/4096 [============================>.] - ETA: 4s - loss: 0.5667
- val_loss: 0.8641
- val_all_f1:  0.6945 0.6945 0.6945
- val_exp_f1:  0.8571 0.8571 0.8571
- val_non_f1:  0.6557 0.6536 0.6547

4096/4096 [==============================] - 320s - loss: 0.5651 - val_loss: 0.8641
Epoch 63/1000
4032/4096 [============================>.] - ETA: 4s - loss: 0.5322
- val_loss: 0.8599
- val_all_f1:  0.6971 0.6971 0.6971
- val_exp_f1:  0.8831 0.8831 0.8831
- val_non_f1:  0.6525 0.6503 0.6514

4096/4096 [==============================] - 321s - loss: 0.5303 - val_loss: 0.8599
Epoch 64/1000
4032/4096 [============================>.] - ETA: 4s - loss: 0.5551
- val_loss: 0.8390
- val_all_f1:  0.7050 0.7050 0.7050
- val_exp_f1:  0.9091 0.9091 0.9091
- val_non_f1:  0.6557 0.6536 0.6547

4096/4096 [==============================] - 321s - loss: 0.5551 - val_loss: 0.8390
Epoch 65/1000
4032/4096 [============================>.] - ETA: 4s - loss: 0.5219
- val_loss: 0.8271
- val_all_f1:  0.7076 0.7076 0.7076
- val_exp_f1:  0.9221 0.9221 0.9221
- val_non_f1:  0.6557 0.6536 0.6547

4096/4096 [==============================] - 320s - loss: 0.5224 - val_loss: 0.8271
Epoch 66/1000
4032/4096 [============================>.] - ETA: 4s - loss: 0.5258
- val_loss: 0.8660
- val_all_f1:  0.6945 0.6945 0.6945
- val_exp_f1:  0.8571 0.8571 0.8571
- val_non_f1:  0.6557 0.6536 0.6547

4096/4096 [==============================] - 320s - loss: 0.5267 - val_loss: 0.8660
Epoch 67/1000
4032/4096 [============================>.] - ETA: 4s - loss: 0.5600
- val_loss: 0.8684
- val_all_f1:  0.6841 0.6841 0.6841
- val_exp_f1:  0.9221 0.9221 0.9221
- val_non_f1:  0.6242 0.6242 0.6242

4096/4096 [==============================] - 320s - loss: 0.5552 - val_loss: 0.8684
Epoch 68/1000
4032/4096 [============================>.] - ETA: 4s - loss: 0.5562
- val_loss: 0.8941
- val_all_f1:  0.6632 0.6632 0.6632
- val_exp_f1:  0.8312 0.8312 0.8312
- val_non_f1:  0.6230 0.6209 0.6219

4096/4096 [==============================] - 320s - loss: 0.5563 - val_loss: 0.8941
Epoch 69/1000
4032/4096 [============================>.] - ETA: 4s - loss: 0.5421
- val_loss: 0.8740
- val_all_f1:  0.6945 0.6945 0.6945
- val_exp_f1:  0.8571 0.8571 0.8571
- val_non_f1:  0.6536 0.6536 0.6536

4096/4096 [==============================] - 320s - loss: 0.5426 - val_loss: 0.8740
Epoch 70/1000
4032/4096 [============================>.] - ETA: 4s - loss: 0.5404
- val_loss: 0.8670
- val_all_f1:  0.6789 0.6789 0.6789
- val_exp_f1:  0.9091 0.9091 0.9091
- val_non_f1:  0.6230 0.6209 0.6219

4096/4096 [==============================] - 320s - loss: 0.5438 - val_loss: 0.8670
Epoch 71/1000
4032/4096 [============================>.] - ETA: 4s - loss: 0.5134
- val_loss: 0.8331
- val_all_f1:  0.7076 0.7076 0.7076
- val_exp_f1:  0.9091 0.9091 0.9091
- val_non_f1:  0.6569 0.6569 0.6569

4096/4096 [==============================] - 320s - loss: 0.5100 - val_loss: 0.8331
Epoch 72/1000
4032/4096 [============================>.] - ETA: 4s - loss: 0.5459
- val_loss: 0.8408
- val_all_f1:  0.7128 0.7128 0.7128
- val_exp_f1:  0.8831 0.8831 0.8831
- val_non_f1:  0.6699 0.6699 0.6699

4096/4096 [==============================] - 320s - loss: 0.5442 - val_loss: 0.8408
Epoch 73/1000
4032/4096 [============================>.] - ETA: 4s - loss: 0.5086
- val_loss: 0.8581
- val_all_f1:  0.7076 0.7076 0.7076
- val_exp_f1:  0.9091 0.9091 0.9091
- val_non_f1:  0.6569 0.6569 0.6569

4096/4096 [==============================] - 319s - loss: 0.5097 - val_loss: 0.8581
Epoch 74/1000
4032/4096 [============================>.] - ETA: 4s - loss: 0.5134
- val_loss: 0.8299
- val_all_f1:  0.7102 0.7102 0.7102
- val_exp_f1:  0.9351 0.9351 0.9351
- val_non_f1:  0.6557 0.6536 0.6547

4096/4096 [==============================] - 320s - loss: 0.5139 - val_loss: 0.8299
Epoch 75/1000
4032/4096 [============================>.] - ETA: 4s - loss: 0.5223
- val_loss: 0.9058
- val_all_f1:  0.6841 0.6841 0.6841
- val_exp_f1:  0.9221 0.9221 0.9221
- val_non_f1:  0.6242 0.6242 0.6242

4096/4096 [==============================] - 320s - loss: 0.5199 - val_loss: 0.9058
Epoch 76/1000
4032/4096 [============================>.] - ETA: 4s - loss: 0.5270
- val_loss: 0.8584
- val_all_f1:  0.7050 0.7050 0.7050
- val_exp_f1:  0.9351 0.9351 0.9351
- val_non_f1:  0.6492 0.6471 0.6481

4096/4096 [==============================] - 320s - loss: 0.5296 - val_loss: 0.8584
Epoch 77/1000
4032/4096 [============================>.] - ETA: 4s - loss: 0.4980
- val_loss: 0.8779
- val_all_f1:  0.6867 0.6867 0.6867
- val_exp_f1:  0.9351 0.9351 0.9351
- val_non_f1:  0.6262 0.6242 0.6252

4096/4096 [==============================] - 320s - loss: 0.5001 - val_loss: 0.8779
Epoch 78/1000
4032/4096 [============================>.] - ETA: 4s - loss: 0.5602
- val_loss: 0.9055
- val_all_f1:  0.6762 0.6762 0.6762
- val_exp_f1:  0.8961 0.8961 0.8961
- val_non_f1:  0.6230 0.6209 0.6219

4096/4096 [==============================] - 320s - loss: 0.5574 - val_loss: 0.9055
Epoch 79/1000
4032/4096 [============================>.] - ETA: 4s - loss: 0.5081
- val_loss: 0.9714
- val_all_f1:  0.6867 0.6867 0.6867
- val_exp_f1:  0.9221 0.9221 0.9221
- val_non_f1:  0.6275 0.6275 0.6275

4096/4096 [==============================] - 320s - loss: 0.5095 - val_loss: 0.9714
Epoch 80/1000
4032/4096 [============================>.] - ETA: 4s - loss: 0.4957
- val_loss: 0.9814
- val_all_f1:  0.6919 0.6919 0.6919
- val_exp_f1:  0.9481 0.9481 0.9481
- val_non_f1:  0.6275 0.6275 0.6275

4096/4096 [==============================] - 321s - loss: 0.4972 - val_loss: 0.9814
Epoch 81/1000
4032/4096 [============================>.] - ETA: 4s - loss: 0.4955
- val_loss: 0.9123
- val_all_f1:  0.6919 0.6919 0.6919
- val_exp_f1:  0.9481 0.9481 0.9481
- val_non_f1:  0.6295 0.6275 0.6285

4096/4096 [==============================] - 321s - loss: 0.4934 - val_loss: 0.9123
Epoch 82/1000
4032/4096 [============================>.] - ETA: 4s - loss: 0.5039
- val_loss: 0.8482
- val_all_f1:  0.7050 0.7050 0.7050
- val_exp_f1:  0.9481 0.9481 0.9481
- val_non_f1:  0.6459 0.6438 0.6448

4096/4096 [==============================] - 320s - loss: 0.5077 - val_loss: 0.8482
Epoch 83/1000
4032/4096 [============================>.] - ETA: 4s - loss: 0.5230
- val_loss: 0.8784
- val_all_f1:  0.6919 0.6919 0.6919
- val_exp_f1:  0.9481 0.9481 0.9481
- val_non_f1:  0.6275 0.6275 0.6275

4096/4096 [==============================] - 320s - loss: 0.5252 - val_loss: 0.8784
Epoch 84/1000
4032/4096 [============================>.] - ETA: 4s - loss: 0.4870
- val_loss: 0.8110
- val_all_f1:  0.7180 0.7180 0.7180
- val_exp_f1:  0.9481 0.9481 0.9481
- val_non_f1:  0.6601 0.6601 0.6601

4096/4096 [==============================] - 320s - loss: 0.4862 - val_loss: 0.8110
Epoch 85/1000
4032/4096 [============================>.] - ETA: 4s - loss: 0.4828
- val_loss: 0.8556
- val_all_f1:  0.7102 0.7102 0.7102
- val_exp_f1:  0.8831 0.8831 0.8831
- val_non_f1:  0.6689 0.6667 0.6678

4096/4096 [==============================] - 320s - loss: 0.4871 - val_loss: 0.8556
Epoch 86/1000
4032/4096 [============================>.] - ETA: 4s - loss: 0.5170
- val_loss: 0.8279
- val_all_f1:  0.7206 0.7206 0.7206
- val_exp_f1:  0.9481 0.9481 0.9481
- val_non_f1:  0.6656 0.6634 0.6645

4096/4096 [==============================] - 320s - loss: 0.5151 - val_loss: 0.8279
Epoch 87/1000
4032/4096 [============================>.] - ETA: 4s - loss: 0.5251
- val_loss: 0.8763
- val_all_f1:  0.7050 0.7050 0.7050
- val_exp_f1:  0.9481 0.9481 0.9481
- val_non_f1:  0.6459 0.6438 0.6448

4096/4096 [==============================] - 320s - loss: 0.5217 - val_loss: 0.8763
Epoch 88/1000
4032/4096 [============================>.] - ETA: 4s - loss: 0.5174
- val_loss: 0.8233
- val_all_f1:  0.7023 0.7023 0.7023
- val_exp_f1:  0.9481 0.9481 0.9481
- val_non_f1:  0.6426 0.6405 0.6416

4096/4096 [==============================] - 320s - loss: 0.5137 - val_loss: 0.8233
Epoch 89/1000
4032/4096 [============================>.] - ETA: 4s - loss: 0.4820
- val_loss: 0.8881
- val_all_f1:  0.7180 0.7180 0.7180
- val_exp_f1:  0.9481 0.9481 0.9481
- val_non_f1:  0.6623 0.6601 0.6612

4096/4096 [==============================] - 320s - loss: 0.4866 - val_loss: 0.8881
Epoch 90/1000
4032/4096 [============================>.] - ETA: 4s - loss: 0.5026
- val_loss: 0.8362
- val_all_f1:  0.7180 0.7180 0.7180
- val_exp_f1:  0.9481 0.9481 0.9481
- val_non_f1:  0.6601 0.6601 0.6601

4096/4096 [==============================] - 320s - loss: 0.5043 - val_loss: 0.8362
Epoch 91/1000
4032/4096 [============================>.] - ETA: 4s - loss: 0.5001
- val_loss: 0.8571
- val_all_f1:  0.7232 0.7232 0.7232
- val_exp_f1:  0.9351 0.9351 0.9351
- val_non_f1:  0.6699 0.6699 0.6699

4096/4096 [==============================] - 319s - loss: 0.4974 - val_loss: 0.8571
Epoch 92/1000
4032/4096 [============================>.] - ETA: 4s - loss: 0.5095
- val_loss: 0.8787
- val_all_f1:  0.6919 0.6919 0.6919
- val_exp_f1:  0.9221 0.9221 0.9221
- val_non_f1:  0.6340 0.6340 0.6340

4096/4096 [==============================] - 320s - loss: 0.5064 - val_loss: 0.8787
Epoch 93/1000
4032/4096 [============================>.] - ETA: 4s - loss: 0.4885
- val_loss: 0.8774
- val_all_f1:  0.6945 0.6945 0.6945
- val_exp_f1:  0.9481 0.9481 0.9481
- val_non_f1:  0.6307 0.6307 0.6307

4096/4096 [==============================] - 319s - loss: 0.4873 - val_loss: 0.8774
Epoch 94/1000
4032/4096 [============================>.] - ETA: 4s - loss: 0.4813
- val_loss: 0.8536
- val_all_f1:  0.7180 0.7180 0.7180
- val_exp_f1:  0.9351 0.9351 0.9351
- val_non_f1:  0.6634 0.6634 0.6634

4096/4096 [==============================] - 320s - loss: 0.4833 - val_loss: 0.8536
Epoch 95/1000
4032/4096 [============================>.] - ETA: 4s - loss: 0.4961
- val_loss: 0.8999
- val_all_f1:  0.6919 0.6919 0.6919
- val_exp_f1:  0.9351 0.9351 0.9351
- val_non_f1:  0.6307 0.6307 0.6307

4096/4096 [==============================] - 320s - loss: 0.4962 - val_loss: 0.8999
Epoch 96/1000
4032/4096 [============================>.] - ETA: 4s - loss: 0.4855
- val_loss: 0.9047
- val_all_f1:  0.7102 0.7102 0.7102
- val_exp_f1:  0.9221 0.9221 0.9221
- val_non_f1:  0.6569 0.6569 0.6569

4096/4096 [==============================] - 320s - loss: 0.4879 - val_loss: 0.9047
Epoch 97/1000
4032/4096 [============================>.] - ETA: 4s - loss: 0.4838
- val_loss: 0.8503
- val_all_f1:  0.7023 0.7023 0.7023
- val_exp_f1:  0.9481 0.9481 0.9481
- val_non_f1:  0.6405 0.6405 0.6405

4096/4096 [==============================] - 320s - loss: 0.4802 - val_loss: 0.8503
Epoch 98/1000
4032/4096 [============================>.] - ETA: 4s - loss: 0.4836
- val_loss: 0.8174
- val_all_f1:  0.7102 0.7102 0.7102
- val_exp_f1:  0.9221 0.9221 0.9221
- val_non_f1:  0.6569 0.6569 0.6569

4096/4096 [==============================] - 320s - loss: 0.4812 - val_loss: 0.8174
Epoch 99/1000
4032/4096 [============================>.] - ETA: 4s - loss: 0.4859
- val_loss: 0.8528
- val_all_f1:  0.6971 0.6971 0.6971
- val_exp_f1:  0.9091 0.9091 0.9091
- val_non_f1:  0.6438 0.6438 0.6438

4096/4096 [==============================] - 320s - loss: 0.4840 - val_loss: 0.8528
Epoch 100/1000
4032/4096 [============================>.] - ETA: 4s - loss: 0.4801
- val_loss: 0.8928
- val_all_f1:  0.6893 0.6893 0.6893
- val_exp_f1:  0.8701 0.8701 0.8701
- val_non_f1:  0.6438 0.6438 0.6438

4096/4096 [==============================] - 320s - loss: 0.4779 - val_loss: 0.8928
Epoch 101/1000
4032/4096 [============================>.] - ETA: 4s - loss: 0.4730
- val_loss: 0.8846
- val_all_f1:  0.6919 0.6919 0.6919
- val_exp_f1:  0.9091 0.9091 0.9091
- val_non_f1:  0.6373 0.6373 0.6373

4096/4096 [==============================] - 321s - loss: 0.4694 - val_loss: 0.8846
Epoch 102/1000
4032/4096 [============================>.] - ETA: 4s - loss: 0.4695
- val_loss: 0.9338
- val_all_f1:  0.6945 0.6945 0.6945
- val_exp_f1:  0.9481 0.9481 0.9481
- val_non_f1:  0.6307 0.6307 0.6307

4096/4096 [==============================] - 320s - loss: 0.4696 - val_loss: 0.9338
Epoch 103/1000
4032/4096 [============================>.] - ETA: 4s - loss: 0.4705
- val_loss: 0.8787
- val_all_f1:  0.7076 0.7076 0.7076
- val_exp_f1:  0.9481 0.9481 0.9481
- val_non_f1:  0.6471 0.6471 0.6471

4096/4096 [==============================] - 320s - loss: 0.4713 - val_loss: 0.8787
Epoch 104/1000
4032/4096 [============================>.] - ETA: 4s - loss: 0.4593
- val_loss: 0.8869
- val_all_f1:  0.6867 0.6867 0.6867
- val_exp_f1:  0.9351 0.9351 0.9351
- val_non_f1:  0.6242 0.6242 0.6242

4096/4096 [==============================] - 320s - loss: 0.4582 - val_loss: 0.8869
Epoch 105/1000
4032/4096 [============================>.] - ETA: 4s - loss: 0.4671
- val_loss: 0.8968
- val_all_f1:  0.6815 0.6815 0.6815
- val_exp_f1:  0.9091 0.9091 0.9091
- val_non_f1:  0.6262 0.6242 0.6252

4096/4096 [==============================] - 319s - loss: 0.4656 - val_loss: 0.8968
Epoch 106/1000
4032/4096 [============================>.] - ETA: 4s - loss: 0.4492
- val_loss: 0.9009
- val_all_f1:  0.6971 0.6971 0.6971
- val_exp_f1:  0.9481 0.9481 0.9481
- val_non_f1:  0.6340 0.6340 0.6340

4096/4096 [==============================] - 320s - loss: 0.4444 - val_loss: 0.9009
Epoch 107/1000
4032/4096 [============================>.] - ETA: 4s - loss: 0.4357
- val_loss: 0.8753
- val_all_f1:  0.6841 0.6841 0.6841
- val_exp_f1:  0.9091 0.9091 0.9091
- val_non_f1:  0.6275 0.6275 0.6275

4096/4096 [==============================] - 320s - loss: 0.4342 - val_loss: 0.8753
Epoch 108/1000
4032/4096 [============================>.] - ETA: 4s - loss: 0.4840
- val_loss: 0.9467
- val_all_f1:  0.6997 0.6997 0.6997
- val_exp_f1:  0.9091 0.9091 0.9091
- val_non_f1:  0.6471 0.6471 0.6471

4096/4096 [==============================] - 320s - loss: 0.4823 - val_loss: 0.9467
Epoch 109/1000
4032/4096 [============================>.] - ETA: 4s - loss: 0.4585
- val_loss: 0.9073
- val_all_f1:  0.6919 0.6919 0.6919
- val_exp_f1:  0.9091 0.9091 0.9091
- val_non_f1:  0.6373 0.6373 0.6373

4096/4096 [==============================] - 320s - loss: 0.4602 - val_loss: 0.9073
Epoch 110/1000
4032/4096 [============================>.] - ETA: 4s - loss: 0.4853
- val_loss: 0.8861
- val_all_f1:  0.6971 0.6971 0.6971
- val_exp_f1:  0.9091 0.9091 0.9091
- val_non_f1:  0.6438 0.6438 0.6438

4096/4096 [==============================] - 320s - loss: 0.4846 - val_loss: 0.8861
Epoch 111/1000
4032/4096 [============================>.] - ETA: 4s - loss: 0.4561
- val_loss: 0.8716
- val_all_f1:  0.7023 0.7023 0.7023
- val_exp_f1:  0.9481 0.9481 0.9481
- val_non_f1:  0.6405 0.6405 0.6405

4096/4096 [==============================] - 320s - loss: 0.4564 - val_loss: 0.8716
Epoch 112/1000
4032/4096 [============================>.] - ETA: 4s - loss: 0.5063
- val_loss: 0.8438
- val_all_f1:  0.7128 0.7128 0.7128
- val_exp_f1:  0.9481 0.9481 0.9481
- val_non_f1:  0.6536 0.6536 0.6536

4096/4096 [==============================] - 320s - loss: 0.5046 - val_loss: 0.8438
Epoch 113/1000
4032/4096 [============================>.] - ETA: 4s - loss: 0.4720
- val_loss: 0.8709
- val_all_f1:  0.7180 0.7180 0.7180
- val_exp_f1:  0.9481 0.9481 0.9481
- val_non_f1:  0.6601 0.6601 0.6601

4096/4096 [==============================] - 320s - loss: 0.4711 - val_loss: 0.8709
Epoch 114/1000
4032/4096 [============================>.] - ETA: 4s - loss: 0.4766
- val_loss: 0.8599
- val_all_f1:  0.7023 0.7023 0.7023
- val_exp_f1:  0.9351 0.9351 0.9351
- val_non_f1:  0.6438 0.6438 0.6438

4096/4096 [==============================] - 319s - loss: 0.4790 - val_loss: 0.8599
Epoch 115/1000
4032/4096 [============================>.] - ETA: 4s - loss: 0.4741
- val_loss: 0.8584
- val_all_f1:  0.7102 0.7102 0.7102
- val_exp_f1:  0.9481 0.9481 0.9481
- val_non_f1:  0.6503 0.6503 0.6503

4096/4096 [==============================] - 319s - loss: 0.4705 - val_loss: 0.8584
Epoch 116/1000
4032/4096 [============================>.] - ETA: 4s - loss: 0.4859
- val_loss: 0.9006
- val_all_f1:  0.6997 0.6997 0.6997
- val_exp_f1:  0.9481 0.9481 0.9481
- val_non_f1:  0.6373 0.6373 0.6373

4096/4096 [==============================] - 319s - loss: 0.4846 - val_loss: 0.9006
Epoch 117/1000
4032/4096 [============================>.] - ETA: 4s - loss: 0.4195
- val_loss: 0.9293
- val_all_f1:  0.6945 0.6945 0.6945
- val_exp_f1:  0.8961 0.8961 0.8961
- val_non_f1:  0.6438 0.6438 0.6438

4096/4096 [==============================] - 319s - loss: 0.4208 - val_loss: 0.9293
Epoch 118/1000
4032/4096 [============================>.] - ETA: 4s - loss: 0.5006
- val_loss: 0.8621
- val_all_f1:  0.7154 0.7154 0.7154
- val_exp_f1:  0.9481 0.9481 0.9481
- val_non_f1:  0.6569 0.6569 0.6569

4096/4096 [==============================] - 320s - loss: 0.4965 - val_loss: 0.8621
Epoch 119/1000
4032/4096 [============================>.] - ETA: 4s - loss: 0.4477
- val_loss: 0.8721
- val_all_f1:  0.6919 0.6919 0.6919
- val_exp_f1:  0.9221 0.9221 0.9221
- val_non_f1:  0.6340 0.6340 0.6340

4096/4096 [==============================] - 320s - loss: 0.4457 - val_loss: 0.8721
Epoch 120/1000
4032/4096 [============================>.] - ETA: 4s - loss: 0.4505
- val_loss: 0.9342
- val_all_f1:  0.6971 0.6971 0.6971
- val_exp_f1:  0.9351 0.9351 0.9351
- val_non_f1:  0.6373 0.6373 0.6373

4096/4096 [==============================] - 320s - loss: 0.4496 - val_loss: 0.9342
Epoch 121/1000
4032/4096 [============================>.] - ETA: 4s - loss: 0.4515
- val_loss: 0.9402
- val_all_f1:  0.6841 0.6841 0.6841
- val_exp_f1:  0.8961 0.8961 0.8961
- val_non_f1:  0.6307 0.6307 0.6307

4096/4096 [==============================] - 319s - loss: 0.4488 - val_loss: 0.9402
Epoch 122/1000
4032/4096 [============================>.] - ETA: 4s - loss: 0.4018
- val_loss: 0.9279
- val_all_f1:  0.6997 0.6997 0.6997
- val_exp_f1:  0.9221 0.9221 0.9221
- val_non_f1:  0.6438 0.6438 0.6438

4096/4096 [==============================] - 320s - loss: 0.3978 - val_loss: 0.9279
Epoch 123/1000
4032/4096 [============================>.] - ETA: 4s - loss: 0.4121
- val_loss: 0.9496
- val_all_f1:  0.6867 0.6867 0.6867
- val_exp_f1:  0.9481 0.9481 0.9481
- val_non_f1:  0.6209 0.6209 0.6209

4096/4096 [==============================] - 320s - loss: 0.4090 - val_loss: 0.9496
Epoch 124/1000
4032/4096 [============================>.] - ETA: 4s - loss: 0.4257
- val_loss: 0.8826
- val_all_f1:  0.7023 0.7023 0.7023
- val_exp_f1:  0.9481 0.9481 0.9481
- val_non_f1:  0.6405 0.6405 0.6405

4096/4096 [==============================] - 320s - loss: 0.4233 - val_loss: 0.8826
Epoch 125/1000
4032/4096 [============================>.] - ETA: 4s - loss: 0.4529
- val_loss: 0.8915
- val_all_f1:  0.6971 0.6971 0.6971
- val_exp_f1:  0.9481 0.9481 0.9481
- val_non_f1:  0.6340 0.6340 0.6340

4096/4096 [==============================] - 319s - loss: 0.4526 - val_loss: 0.8915
Epoch 126/1000
4032/4096 [============================>.] - ETA: 4s - loss: 0.4416
- val_loss: 0.9586
- val_all_f1:  0.6893 0.6893 0.6893
- val_exp_f1:  0.9481 0.9481 0.9481
- val_non_f1:  0.6242 0.6242 0.6242

4096/4096 [==============================] - 319s - loss: 0.4428 - val_loss: 0.9586
Epoch 127/1000
4032/4096 [============================>.] - ETA: 4s - loss: 0.4608
- val_loss: 0.9408
- val_all_f1:  0.6945 0.6945 0.6945
- val_exp_f1:  0.9091 0.9091 0.9091
- val_non_f1:  0.6405 0.6405 0.6405

4096/4096 [==============================] - 319s - loss: 0.4670 - val_loss: 0.9408
Epoch 128/1000
4032/4096 [============================>.] - ETA: 4s - loss: 0.4400
- val_loss: 0.9418
- val_all_f1:  0.7050 0.7050 0.7050
- val_exp_f1:  0.9481 0.9481 0.9481
- val_non_f1:  0.6438 0.6438 0.6438

4096/4096 [==============================] - 319s - loss: 0.4441 - val_loss: 0.9418
Epoch 129/1000
4032/4096 [============================>.] - ETA: 4s - loss: 0.4481
- val_loss: 1.0312
- val_all_f1:  0.6867 0.6867 0.6867
- val_exp_f1:  0.9221 0.9221 0.9221
- val_non_f1:  0.6275 0.6275 0.6275

4096/4096 [==============================] - 319s - loss: 0.4484 - val_loss: 1.0312
Epoch 130/1000
4032/4096 [============================>.] - ETA: 4s - loss: 0.4427
- val_loss: 0.9070
- val_all_f1:  0.6945 0.6945 0.6945
- val_exp_f1:  0.9091 0.9091 0.9091
- val_non_f1:  0.6405 0.6405 0.6405

4096/4096 [==============================] - 320s - loss: 0.4412 - val_loss: 0.9070
Epoch 131/1000
4032/4096 [============================>.] - ETA: 4s - loss: 0.4341
- val_loss: 1.0879
- val_all_f1:  0.6893 0.6893 0.6893
- val_exp_f1:  0.9351 0.9351 0.9351
- val_non_f1:  0.6275 0.6275 0.6275

4096/4096 [==============================] - 319s - loss: 0.4388 - val_loss: 1.0879
Epoch 132/1000
4032/4096 [============================>.] - ETA: 4s - loss: 0.4433
- val_loss: 0.8871
- val_all_f1:  0.6919 0.6919 0.6919
- val_exp_f1:  0.9091 0.9091 0.9091
- val_non_f1:  0.6373 0.6373 0.6373

4096/4096 [==============================] - 319s - loss: 0.4401 - val_loss: 0.8871
Epoch 133/1000
4032/4096 [============================>.] - ETA: 4s - loss: 0.4227
- val_loss: 0.9252
- val_all_f1:  0.6789 0.6789 0.6789
- val_exp_f1:  0.8961 0.8961 0.8961
- val_non_f1:  0.6242 0.6242 0.6242

4096/4096 [==============================] - 320s - loss: 0.4234 - val_loss: 0.9252
Epoch 134/1000
4032/4096 [============================>.] - ETA: 4s - loss: 0.4404
- val_loss: 0.9929
- val_all_f1:  0.7076 0.7076 0.7076
- val_exp_f1:  0.9091 0.9091 0.9091
- val_non_f1:  0.6569 0.6569 0.6569

4096/4096 [==============================] - 319s - loss: 0.4402 - val_loss: 0.9929
Epoch 135/1000
4032/4096 [============================>.] - ETA: 4s - loss: 0.4190
- val_loss: 0.9777
- val_all_f1:  0.6945 0.6945 0.6945
- val_exp_f1:  0.9091 0.9091 0.9091
- val_non_f1:  0.6405 0.6405 0.6405

4096/4096 [==============================] - 319s - loss: 0.4173 - val_loss: 0.9777
Epoch 136/1000
4032/4096 [============================>.] - ETA: 4s - loss: 0.4368
- val_loss: 0.9296
- val_all_f1:  0.6815 0.6815 0.6815
- val_exp_f1:  0.8701 0.8701 0.8701
- val_non_f1:  0.6340 0.6340 0.6340

4096/4096 [==============================] - 319s - loss: 0.4358 - val_loss: 0.9296
Epoch 137/1000
4032/4096 [============================>.] - ETA: 4s - loss: 0.4154
- val_loss: 0.9627
- val_all_f1:  0.6945 0.6945 0.6945
- val_exp_f1:  0.8961 0.8961 0.8961
- val_non_f1:  0.6438 0.6438 0.6438

4096/4096 [==============================] - 319s - loss: 0.4182 - val_loss: 0.9627
Epoch 138/1000
4032/4096 [============================>.] - ETA: 4s - loss: 0.4078
- val_loss: 0.9439
- val_all_f1:  0.6893 0.6893 0.6893
- val_exp_f1:  0.9091 0.9091 0.9091
- val_non_f1:  0.6340 0.6340 0.6340

4096/4096 [==============================] - 319s - loss: 0.4101 - val_loss: 0.9439
Epoch 139/1000
4032/4096 [============================>.] - ETA: 4s - loss: 0.4454
- val_loss: 0.9785
- val_all_f1:  0.6893 0.6893 0.6893
- val_exp_f1:  0.9091 0.9091 0.9091
- val_non_f1:  0.6340 0.6340 0.6340

4096/4096 [==============================] - 319s - loss: 0.4505 - val_loss: 0.9785
Epoch 140/1000
4032/4096 [============================>.] - ETA: 4s - loss: 0.4470
- val_loss: 0.9033
- val_all_f1:  0.6815 0.6815 0.6815
- val_exp_f1:  0.9091 0.9091 0.9091
- val_non_f1:  0.6242 0.6242 0.6242

4096/4096 [==============================] - 319s - loss: 0.4459 - val_loss: 0.9033
Epoch 141/1000
4032/4096 [============================>.] - ETA: 4s - loss: 0.4291
- val_loss: 0.9946
- val_all_f1:  0.6945 0.6945 0.6945
- val_exp_f1:  0.9481 0.9481 0.9481
- val_non_f1:  0.6349 0.6307 0.6328

4096/4096 [==============================] - 319s - loss: 0.4278 - val_loss: 0.9946
Epoch 142/1000
4032/4096 [============================>.] - ETA: 4s - loss: 0.4490
- val_loss: 1.0604
- val_all_f1:  0.6997 0.6997 0.6997
- val_exp_f1:  0.9351 0.9351 0.9351
- val_non_f1:  0.6405 0.6405 0.6405

4096/4096 [==============================] - 320s - loss: 0.4474 - val_loss: 1.0604
Epoch 143/1000
4032/4096 [============================>.] - ETA: 4s - loss: 0.4154
- val_loss: 1.0373
- val_all_f1:  0.6971 0.6971 0.6971
- val_exp_f1:  0.9481 0.9481 0.9481
- val_non_f1:  0.6340 0.6340 0.6340

4096/4096 [==============================] - 320s - loss: 0.4105 - val_loss: 1.0373
Epoch 144/1000
4032/4096 [============================>.] - ETA: 4s - loss: 0.4209
- val_loss: 0.9954
- val_all_f1:  0.6867 0.6867 0.6867
- val_exp_f1:  0.8961 0.8961 0.8961
- val_non_f1:  0.6340 0.6340 0.6340

4096/4096 [==============================] - 320s - loss: 0.4279 - val_loss: 0.9954
Epoch 145/1000
4032/4096 [============================>.] - ETA: 4s - loss: 0.4558
- val_loss: 1.0668
- val_all_f1:  0.6893 0.6893 0.6893
- val_exp_f1:  0.9091 0.9091 0.9091
- val_non_f1:  0.6340 0.6340 0.6340

4096/4096 [==============================] - 318s - loss: 0.4594 - val_loss: 1.0668
Epoch 146/1000
4032/4096 [============================>.] - ETA: 4s - loss: 0.4211
- val_loss: 0.9462
- val_all_f1:  0.6789 0.6789 0.6789
- val_exp_f1:  0.8961 0.8961 0.8961
- val_non_f1:  0.6242 0.6242 0.6242

4096/4096 [==============================] - 319s - loss: 0.4278 - val_loss: 0.9462
Epoch 147/1000
4032/4096 [============================>.] - ETA: 4s - loss: 0.4098
- val_loss: 1.0162
- val_all_f1:  0.6945 0.6945 0.6945
- val_exp_f1:  0.9091 0.9091 0.9091
- val_non_f1:  0.6405 0.6405 0.6405

4096/4096 [==============================] - 319s - loss: 0.4091 - val_loss: 1.0162
Epoch 148/1000
4032/4096 [============================>.] - ETA: 4s - loss: 0.4233
- val_loss: 0.9371
- val_all_f1:  0.7050 0.7050 0.7050
- val_exp_f1:  0.9221 0.9221 0.9221
- val_non_f1:  0.6503 0.6503 0.6503

4096/4096 [==============================] - 319s - loss: 0.4216 - val_loss: 0.9371
Epoch 149/1000
4032/4096 [============================>.] - ETA: 4s - loss: 0.4185
- val_loss: 0.8543
- val_all_f1:  0.7023 0.7023 0.7023
- val_exp_f1:  0.9091 0.9091 0.9091
- val_non_f1:  0.6503 0.6503 0.6503

4096/4096 [==============================] - 319s - loss: 0.4157 - val_loss: 0.8543
Epoch 150/1000
4032/4096 [============================>.] - ETA: 4s - loss: 0.4005
- val_loss: 0.9958
- val_all_f1:  0.6971 0.6971 0.6971
- val_exp_f1:  0.9351 0.9351 0.9351
- val_non_f1:  0.6373 0.6373 0.6373

4096/4096 [==============================] - 320s - loss: 0.3999 - val_loss: 0.9958
Epoch 151/1000
4032/4096 [============================>.] - ETA: 4s - loss: 0.4457
- val_loss: 0.9349
- val_all_f1:  0.6997 0.6997 0.6997
- val_exp_f1:  0.9351 0.9351 0.9351
- val_non_f1:  0.6405 0.6405 0.6405

4096/4096 [==============================] - 319s - loss: 0.4479 - val_loss: 0.9349
Epoch 152/1000
4032/4096 [============================>.] - ETA: 4s - loss: 0.4143
- val_loss: 0.9378
- val_all_f1:  0.6945 0.6945 0.6945
- val_exp_f1:  0.8831 0.8831 0.8831
- val_non_f1:  0.6471 0.6471 0.6471

4096/4096 [==============================] - 319s - loss: 0.4106 - val_loss: 0.9378
Epoch 153/1000
4032/4096 [============================>.] - ETA: 4s - loss: 0.3961
- val_loss: 1.0098
- val_all_f1:  0.6867 0.6867 0.6867
- val_exp_f1:  0.9351 0.9351 0.9351
- val_non_f1:  0.6242 0.6242 0.6242

4096/4096 [==============================] - 319s - loss: 0.3969 - val_loss: 1.0098
Epoch 154/1000
4032/4096 [============================>.] - ETA: 4s - loss: 0.4086
- val_loss: 1.0136
- val_all_f1:  0.7050 0.7050 0.7050
- val_exp_f1:  0.9481 0.9481 0.9481
- val_non_f1:  0.6438 0.6438 0.6438

4096/4096 [==============================] - 320s - loss: 0.4075 - val_loss: 1.0136
Epoch 155/1000
4032/4096 [============================>.] - ETA: 4s - loss: 0.4166
- val_loss: 0.9853
- val_all_f1:  0.6971 0.6971 0.6971
- val_exp_f1:  0.9351 0.9351 0.9351
- val_non_f1:  0.6373 0.6373 0.6373

4096/4096 [==============================] - 319s - loss: 0.4177 - val_loss: 0.9853
Epoch 156/1000
4032/4096 [============================>.] - ETA: 4s - loss: 0.4215
- val_loss: 0.8981
- val_all_f1:  0.6893 0.6893 0.6893
- val_exp_f1:  0.9221 0.9221 0.9221
- val_non_f1:  0.6307 0.6307 0.6307

4096/4096 [==============================] - 319s - loss: 0.4224 - val_loss: 0.8981
Epoch 157/1000
4032/4096 [============================>.] - ETA: 4s - loss: 0.4071
- val_loss: 0.9153
- val_all_f1:  0.6919 0.6919 0.6919
- val_exp_f1:  0.9091 0.9091 0.9091
- val_non_f1:  0.6373 0.6373 0.6373

4096/4096 [==============================] - 320s - loss: 0.4054 - val_loss: 0.9153
Epoch 158/1000
4032/4096 [============================>.] - ETA: 4s - loss: 0.4207
- val_loss: 0.9458
- val_all_f1:  0.7023 0.7023 0.7023
- val_exp_f1:  0.9481 0.9481 0.9481
- val_non_f1:  0.6405 0.6405 0.6405

4096/4096 [==============================] - 319s - loss: 0.4216 - val_loss: 0.9458
Epoch 159/1000
4032/4096 [============================>.] - ETA: 4s - loss: 0.4214
- val_loss: 0.8938
- val_all_f1:  0.7076 0.7076 0.7076
- val_exp_f1:  0.9351 0.9351 0.9351
- val_non_f1:  0.6503 0.6503 0.6503

4096/4096 [==============================] - 320s - loss: 0.4184 - val_loss: 0.8938
Epoch 160/1000
4032/4096 [============================>.] - ETA: 4s - loss: 0.4349
- val_loss: 0.9347
- val_all_f1:  0.7023 0.7023 0.7023
- val_exp_f1:  0.9351 0.9351 0.9351
- val_non_f1:  0.6438 0.6438 0.6438

4096/4096 [==============================] - 319s - loss: 0.4359 - val_loss: 0.9347
Epoch 161/1000
4032/4096 [============================>.] - ETA: 4s - loss: 0.4405
- val_loss: 0.9456
- val_all_f1:  0.7050 0.7050 0.7050
- val_exp_f1:  0.9221 0.9221 0.9221
- val_non_f1:  0.6503 0.6503 0.6503

4096/4096 [==============================] - 319s - loss: 0.4392 - val_loss: 0.9456
Epoch 162/1000
4032/4096 [============================>.] - ETA: 4s - loss: 0.4360
- val_loss: 1.0192
- val_all_f1:  0.6997 0.6997 0.6997
- val_exp_f1:  0.9481 0.9481 0.9481
- val_non_f1:  0.6373 0.6373 0.6373

4096/4096 [==============================] - 319s - loss: 0.4347 - val_loss: 1.0192
Epoch 163/1000
4032/4096 [============================>.] - ETA: 4s - loss: 0.4105
- val_loss: 0.9472
- val_all_f1:  0.7023 0.7023 0.7023
- val_exp_f1:  0.9351 0.9351 0.9351
- val_non_f1:  0.6438 0.6438 0.6438

4096/4096 [==============================] - 319s - loss: 0.4090 - val_loss: 0.9472
Epoch 164/1000
4032/4096 [============================>.] - ETA: 4s - loss: 0.4081
- val_loss: 0.9507
- val_all_f1:  0.7023 0.7023 0.7023
- val_exp_f1:  0.9351 0.9351 0.9351
- val_non_f1:  0.6438 0.6438 0.6438

4096/4096 [==============================] - 319s - loss: 0.4070 - val_loss: 0.9507
Epoch 165/1000
4032/4096 [============================>.] - ETA: 4s - loss: 0.4383
- val_loss: 0.9946
- val_all_f1:  0.6997 0.6997 0.6997
- val_exp_f1:  0.9351 0.9351 0.9351
- val_non_f1:  0.6405 0.6405 0.6405

4096/4096 [==============================] - 319s - loss: 0.4405 - val_loss: 0.9946
Epoch 166/1000
4032/4096 [============================>.] - ETA: 4s - loss: 0.4216
- val_loss: 0.9394
- val_all_f1:  0.6945 0.6945 0.6945
- val_exp_f1:  0.9481 0.9481 0.9481
- val_non_f1:  0.6307 0.6307 0.6307

4096/4096 [==============================] - 319s - loss: 0.4188 - val_loss: 0.9394
Epoch 167/1000
4032/4096 [============================>.] - ETA: 4s - loss: 0.4030
- val_loss: 1.0069
- val_all_f1:  0.7023 0.7023 0.7023
- val_exp_f1:  0.9481 0.9481 0.9481
- val_non_f1:  0.6405 0.6405 0.6405

4096/4096 [==============================] - 319s - loss: 0.4035 - val_loss: 1.0069
Epoch 168/1000
4032/4096 [============================>.] - ETA: 4s - loss: 0.3784
- val_loss: 0.9756
- val_all_f1:  0.6971 0.6971 0.6971
- val_exp_f1:  0.9351 0.9351 0.9351
- val_non_f1:  0.6373 0.6373 0.6373

4096/4096 [==============================] - 320s - loss: 0.3797 - val_loss: 0.9756
Epoch 169/1000
4032/4096 [============================>.] - ETA: 4s - loss: 0.4217
- val_loss: 1.0342
- val_all_f1:  0.7023 0.7023 0.7023
- val_exp_f1:  0.9481 0.9481 0.9481
- val_non_f1:  0.6405 0.6405 0.6405

4096/4096 [==============================] - 321s - loss: 0.4202 - val_loss: 1.0342
Epoch 170/1000
4032/4096 [============================>.] - ETA: 4s - loss: 0.4027
- val_loss: 1.0011
- val_all_f1:  0.7050 0.7050 0.7050
- val_exp_f1:  0.9481 0.9481 0.9481
- val_non_f1:  0.6438 0.6438 0.6438

4096/4096 [==============================] - 320s - loss: 0.4077 - val_loss: 1.0011
Epoch 171/1000
4032/4096 [============================>.] - ETA: 4s - loss: 0.3549
- val_loss: 1.1208
- val_all_f1:  0.6997 0.6997 0.6997
- val_exp_f1:  0.9091 0.9091 0.9091
- val_non_f1:  0.6471 0.6471 0.6471

4096/4096 [==============================] - 320s - loss: 0.3550 - val_loss: 1.1208
Epoch 172/1000
4032/4096 [============================>.] - ETA: 4s - loss: 0.4194
- val_loss: 1.0343
- val_all_f1:  0.6997 0.6997 0.6997
- val_exp_f1:  0.9221 0.9221 0.9221
- val_non_f1:  0.6438 0.6438 0.6438

4096/4096 [==============================] - 320s - loss: 0.4194 - val_loss: 1.0343
Epoch 173/1000
4032/4096 [============================>.] - ETA: 4s - loss: 0.4053
- val_loss: 1.0058
- val_all_f1:  0.7076 0.7076 0.7076
- val_exp_f1:  0.9481 0.9481 0.9481
- val_non_f1:  0.6471 0.6471 0.6471

4096/4096 [==============================] - 320s - loss: 0.4120 - val_loss: 1.0058
Epoch 174/1000
4032/4096 [============================>.] - ETA: 4s - loss: 0.4157
- val_loss: 0.9817
- val_all_f1:  0.6945 0.6945 0.6945
- val_exp_f1:  0.9481 0.9481 0.9481
- val_non_f1:  0.6307 0.6307 0.6307

4096/4096 [==============================] - 319s - loss: 0.4186 - val_loss: 0.9817
Epoch 175/1000
4032/4096 [============================>.] - ETA: 4s - loss: 0.4180
- val_loss: 0.9382
- val_all_f1:  0.7050 0.7050 0.7050
- val_exp_f1:  0.9091 0.9091 0.9091
- val_non_f1:  0.6536 0.6536 0.6536

4096/4096 [==============================] - 319s - loss: 0.4151 - val_loss: 0.9382
Epoch 176/1000
4032/4096 [============================>.] - ETA: 4s - loss: 0.4337
- val_loss: 0.9083
- val_all_f1:  0.7102 0.7102 0.7102
- val_exp_f1:  0.9351 0.9351 0.9351
- val_non_f1:  0.6536 0.6536 0.6536

4096/4096 [==============================] - 319s - loss: 0.4367 - val_loss: 0.9083
Epoch 177/1000
4032/4096 [============================>.] - ETA: 4s - loss: 0.4505
- val_loss: 0.9393
- val_all_f1:  0.6841 0.6841 0.6841
- val_exp_f1:  0.9221 0.9221 0.9221
- val_non_f1:  0.6242 0.6242 0.6242

4096/4096 [==============================] - 320s - loss: 0.4521 - val_loss: 0.9393
Epoch 178/1000
4032/4096 [============================>.] - ETA: 4s - loss: 0.5265
- val_loss: 0.9063
- val_all_f1:  0.6945 0.6945 0.6945
- val_exp_f1:  0.9481 0.9481 0.9481
- val_non_f1:  0.6307 0.6307 0.6307

4096/4096 [==============================] - 320s - loss: 0.5314 - val_loss: 0.9063
Epoch 179/1000
4032/4096 [============================>.] - ETA: 4s - loss: 0.4865
- val_loss: 1.0294
- val_all_f1:  0.6841 0.6841 0.6841
- val_exp_f1:  0.9091 0.9091 0.9091
- val_non_f1:  0.6275 0.6275 0.6275

4096/4096 [==============================] - 320s - loss: 0.4935 - val_loss: 1.0294
Epoch 180/1000
4032/4096 [============================>.] - ETA: 4s - loss: 0.4778
- val_loss: 0.8887
- val_all_f1:  0.6893 0.6893 0.6893
- val_exp_f1:  0.8961 0.8961 0.8961
- val_non_f1:  0.6373 0.6373 0.6373

4096/4096 [==============================] - 319s - loss: 0.4745 - val_loss: 0.8887
Epoch 181/1000
4032/4096 [============================>.] - ETA: 4s - loss: 0.4044
- val_loss: 0.8631
- val_all_f1:  0.6919 0.6919 0.6919
- val_exp_f1:  0.9221 0.9221 0.9221
- val_non_f1:  0.6340 0.6340 0.6340

4096/4096 [==============================] - 319s - loss: 0.4049 - val_loss: 0.8631
Epoch 182/1000
4032/4096 [============================>.] - ETA: 4s - loss: 0.4283
- val_loss: 1.0188
- val_all_f1:  0.6945 0.6945 0.6945
- val_exp_f1:  0.8961 0.8961 0.8961
- val_non_f1:  0.6438 0.6438 0.6438

4096/4096 [==============================] - 319s - loss: 0.4272 - val_loss: 1.0188
Epoch 183/1000
4032/4096 [============================>.] - ETA: 4s - loss: 0.4142
- val_loss: 0.9589
- val_all_f1:  0.6867 0.6867 0.6867
- val_exp_f1:  0.9351 0.9351 0.9351
- val_non_f1:  0.6242 0.6242 0.6242

4096/4096 [==============================] - 319s - loss: 0.4164 - val_loss: 0.9589
Epoch 184/1000
4032/4096 [============================>.] - ETA: 4s - loss: 0.4012
- val_loss: 1.1325
- val_all_f1:  0.6919 0.6919 0.6919
- val_exp_f1:  0.9351 0.9351 0.9351
- val_non_f1:  0.6307 0.6307 0.6307

4096/4096 [==============================] - 319s - loss: 0.4046 - val_loss: 1.1325
Epoch 185/1000
4032/4096 [============================>.] - ETA: 4s - loss: 0.4191
- val_loss: 0.9079
- val_all_f1:  0.7050 0.7050 0.7050
- val_exp_f1:  0.9091 0.9091 0.9091
- val_non_f1:  0.6536 0.6536 0.6536

4096/4096 [==============================] - 319s - loss: 0.4269 - val_loss: 0.9079
Epoch 186/1000
4032/4096 [============================>.] - ETA: 4s - loss: 0.4578
- val_loss: 0.9309
- val_all_f1:  0.7050 0.7050 0.7050
- val_exp_f1:  0.9091 0.9091 0.9091
- val_non_f1:  0.6536 0.6536 0.6536

4096/4096 [==============================] - 319s - loss: 0.4550 - val_loss: 0.9309
Epoch 187/1000
4032/4096 [============================>.] - ETA: 4s - loss: 0.4205
- val_loss: 0.9350
- val_all_f1:  0.6919 0.6919 0.6919
- val_exp_f1:  0.9221 0.9221 0.9221
- val_non_f1:  0.6340 0.6340 0.6340

4096/4096 [==============================] - 319s - loss: 0.4220 - val_loss: 0.9350
Epoch 188/1000
4032/4096 [============================>.] - ETA: 4s - loss: 0.3939
- val_loss: 0.9672
- val_all_f1:  0.6945 0.6945 0.6945
- val_exp_f1:  0.9351 0.9351 0.9351
- val_non_f1:  0.6340 0.6340 0.6340

4096/4096 [==============================] - 319s - loss: 0.3965 - val_loss: 0.9672
Epoch 189/1000
4032/4096 [============================>.] - ETA: 4s - loss: 0.4364
- val_loss: 0.9144
- val_all_f1:  0.7180 0.7180 0.7180
- val_exp_f1:  0.9610 0.9610 0.9610
- val_non_f1:  0.6569 0.6569 0.6569

4096/4096 [==============================] - 319s - loss: 0.4361 - val_loss: 0.9144
Epoch 190/1000
4032/4096 [============================>.] - ETA: 4s - loss: 0.4569
- val_loss: 0.9782
- val_all_f1:  0.6945 0.6945 0.6945
- val_exp_f1:  0.9221 0.9221 0.9221
- val_non_f1:  0.6373 0.6373 0.6373

4096/4096 [==============================] - 320s - loss: 0.4571 - val_loss: 0.9782
Epoch 191/1000
4032/4096 [============================>.] - ETA: 4s - loss: 0.4122
- val_loss: 0.9663
- val_all_f1:  0.7023 0.7023 0.7023
- val_exp_f1:  0.9481 0.9481 0.9481
- val_non_f1:  0.6426 0.6405 0.6416

4096/4096 [==============================] - 319s - loss: 0.4082 - val_loss: 0.9663
Epoch 192/1000
4032/4096 [============================>.] - ETA: 4s - loss: 0.4085
- val_loss: 1.0077
- val_all_f1:  0.6945 0.6945 0.6945
- val_exp_f1:  0.9091 0.9091 0.9091
- val_non_f1:  0.6405 0.6405 0.6405

4096/4096 [==============================] - 319s - loss: 0.4146 - val_loss: 1.0077
[2019-03-07 01:15] training finished (ex/conll16st-v35-zh-al-500-0)
[2019-03-07 01:15] best_val_loss: 83 - loss: 0.4862 - val_loss: 0.8110 - val_all_f1: 0.7180 - val_exp_f1: 0.9481 - val_non_f1: 0.6601
[2019-03-07 01:15] best_val_all_f1: 90 - loss: 0.4974 - val_loss: 0.8571 - val_all_f1: 0.7232 - val_exp_f1: 0.9351 - val_non_f1: 0.6699
[2019-03-07 01:15] time: loaded: 33.4399 - prepared: 1352.8627 - trained: 61549.7921 - epoch: 3205.7183 - epoch_cnt: 19.2000 - epoch_samples: 40960.0000
