[2019-03-20 12:05] configuration (ex/conll16st-v35-ench-al-200-0/blind)
[2019-03-20 12:05]   config 'arg1_len': 200
[2019-03-20 12:05]   config 'arg2_len': 200
[2019-03-20 12:05]   config 'backend': theano
[2019-03-20 12:05]   config 'backend_theano': device=gpu,floatX=float32,nvcc.fastmath=True,lib.cnmem=0.8
[2019-03-20 12:05]   config 'batch_size': 64
[2019-03-20 12:05]   config 'conn_len': 20
[2019-03-20 12:05]   config 'dataset_dir': data/conll15st-en-03-29-16-blind-test
[2019-03-20 12:05]   config 'filter_fn_name': None
[2019-03-20 12:05]   config 'input_size': None
[2019-03-20 12:05]   config 'lang': en
[2019-03-20 12:05]   config 'mode': char
[2019-03-20 12:05]   config 'model_dir': ex/conll16st-v35-ench-al-200-0
[2019-03-20 12:05]   config 'normalization_mode': sample_aspect
[2019-03-20 12:05]   config 'output_dir': ex/conll16st-v35-ench-al-200-0/blind
[2019-03-20 12:05]   config 'punc_len': 0
[2019-03-20 12:05]   config 'rest': []
[2019-03-20 12:05]   config 'snapshot_size': 2048
[2019-03-20 12:05] load dataset for prediction (data/conll15st-en-03-29-16-blind-test)
[2019-03-20 12:05]   lang: en, rel_ids: 1209
[2019-03-20 12:05] load previous indexes (ex/conll16st-v35-ench-al-200-0/indexes.pkl)
[2019-03-20 12:05]   words2id: 87, target2id: 23
[2019-03-20 12:05] load model (ex/conll16st-v35-ench-al-200-0)
[2019-03-20 12:05] load previous weights (ex/conll16st-v35-ench-al-200-0/weights_val_all_f1.hdf5)
[2019-03-20 12:05] make predictions
[2019-03-20 12:05] save predictions (ex/conll16st-v35-ench-al-200-0/blind/output.json)
[2019-03-20 12:05] save predictions (ex/conll16st-v35-ench-al-200-0/blind/output_proba.json)
[2019-03-20 12:05] peek into filtering weights (ex/conll16st-v35-ench-al-200-0/blind/peek.html)
[2019-03-20 12:07] finished (ex/conll16st-v35-ench-al-200-0/blind)
[2019-03-20 12:07] time: loaded: 0.2015 - prepared: 2.1770 - predicted: 47.2504
