[2017-07-20 15:00] configuration (ex/conll16st-v35b1-en-fd-8-rn-8-1)
[2017-07-20 15:00]   config 'arg1_len': 100
[2017-07-20 15:00]   config 'arg2_len': 100
[2017-07-20 15:00]   config 'backend': theano
[2017-07-20 15:00]   config 'backend_theano': device=gpu,floatX=float32,nvcc.fastmath=True,lib.cnmem=1
[2017-07-20 15:00]   config 'batch_size': 64
[2017-07-20 15:00]   config 'conn_len': 10
[2017-07-20 15:00]   config 'continue_': False
[2017-07-20 15:00]   config 'curriculum_end': 0.0
[2017-07-20 15:00]   config 'epochs': 1000
[2017-07-20 15:00]   config 'epochs_patience': 100
[2017-07-20 15:00]   config 'epochs_ratio': 0.1
[2017-07-20 15:00]   config 'filter_act': sigmoid
[2017-07-20 15:00]   config 'filter_append_act': linear
[2017-07-20 15:00]   config 'filter_append_batchnorm': False
[2017-07-20 15:00]   config 'filter_append_dim': 0
[2017-07-20 15:00]   config 'filter_append_dropout': 0.0
[2017-07-20 15:00]   config 'filter_apply': mul
[2017-07-20 15:00]   config 'filter_dim': 8
[2017-07-20 15:00]   config 'filter_dropout_U': 0.0
[2017-07-20 15:00]   config 'filter_dropout_W': 0.0
[2017-07-20 15:00]   config 'filter_fn_name': None
[2017-07-20 15:00]   config 'filter_shared': global
[2017-07-20 15:00]   config 'filter_type': lstm-fb
[2017-07-20 15:00]   config 'filter_zoneout_c': 0.0
[2017-07-20 15:00]   config 'filter_zoneout_h': 0.0
[2017-07-20 15:00]   config 'final_act': SReLU
[2017-07-20 15:00]   config 'final_dim': 80
[2017-07-20 15:00]   config 'final_dropout': 0.3
[2017-07-20 15:00]   config 'lang': en
[2017-07-20 15:00]   config 'masking': True
[2017-07-20 15:00]   config 'mode': word
[2017-07-20 15:00]   config 'model_dir': ex/conll16st-v35b1-en-fd-8-rn-8-1
[2017-07-20 15:00]   config 'optimizer': adam
[2017-07-20 15:00]   config 'original_positives': 0
[2017-07-20 15:00]   config 'punc_len': 0
[2017-07-20 15:00]   config 'random_negatives': 2
[2017-07-20 15:00]   config 'random_positives': 2
[2017-07-20 15:00]   config 'random_proba_1': 0.1
[2017-07-20 15:00]   config 'random_proba_2': 0.1
[2017-07-20 15:00]   config 'random_proba_3': 0.9
[2017-07-20 15:00]   config 'rnn_act': tanh
[2017-07-20 15:00]   config 'rnn_dim': 20
[2017-07-20 15:00]   config 'rnn_dropout_U': 0.0
[2017-07-20 15:00]   config 'rnn_dropout_W': 0.0
[2017-07-20 15:00]   config 'rnn_dropout_merge': 0.3
[2017-07-20 15:00]   config 'rnn_merge': concat
[2017-07-20 15:00]   config 'rnn_num': 8
[2017-07-20 15:00]   config 'rnn_shared': aspect
[2017-07-20 15:00]   config 'rnn_type': lstm-fwd
[2017-07-20 15:00]   config 'rnn_zoneout_c': 0.0
[2017-07-20 15:00]   config 'rnn_zoneout_h': 0.0
[2017-07-20 15:00]   config 'snapshot_size': 2048
[2017-07-20 15:00]   config 'train_dir': data/conll16st-en-03-29-16-train
[2017-07-20 15:00]   config 'valid_dir': data/conll16st-en-03-29-16-dev
[2017-07-20 15:00]   config 'words2vec_bin': None
[2017-07-20 15:00]   config 'words2vec_txt': None
[2017-07-20 15:00]   config 'words_dim': 20
[2017-07-20 15:00]   config 'words_dropout': 0.3
[2017-07-20 15:00]   config 'words_shared': global
[2017-07-20 15:00]   config 'words_trainable': True
[2017-07-20 15:00] load dataset for training (data/conll16st-en-03-29-16-train)
[2017-07-20 15:03]   lang: en, doc_ids: 1756, words: 933049, rel_ids: 32535, relation tokens: 1159204
[2017-07-20 15:03] load dataset for validation (data/conll16st-en-03-29-16-dev)
[2017-07-20 15:03]   lang: en, doc_ids: 79, words: 39712, rel_ids: 1436, relation tokens: 48882
[2017-07-20 15:03] build indexes from training
[2017-07-20 15:03]   words2id: 43918, target2id: 23
[2017-07-20 15:03] target class distribution from training
[2017-07-20 15:03]   class 0 = 'None': None
[2017-07-20 15:03]   class 1 = '': None
[2017-07-20 15:03]   class 2 = 'Expansion.Conjunction': 7817
[2017-07-20 15:03]   class 3 = 'Comparison.Contrast': 4714
[2017-07-20 15:03]   class 4 = 'EntRel': 4133
[2017-07-20 15:03]   class 5 = 'Contingency.Cause.Reason': 3344
[2017-07-20 15:03]   class 6 = 'Expansion.Restatement': 2699
[2017-07-20 15:03]   class 7 = 'Contingency.Cause.Result': 2137
[2017-07-20 15:03]   class 8 = 'Temporal.Synchrony': 1499
[2017-07-20 15:03]   class 9 = 'Expansion.Instantiation': 1403
[2017-07-20 15:03]   class 10 = 'Comparison.Concession': 1293
[2017-07-20 15:03]   class 11 = 'Temporal.Asynchronous.Precedence': 1277
[2017-07-20 15:03]   class 12 = 'Contingency.Condition': 1197
[2017-07-20 15:03]   class 13 = 'Temporal.Asynchronous.Succession': 1014
[2017-07-20 15:03]   class 14 = 'Comparison': 992
[2017-07-20 15:03]   class 15 = 'Expansion': 630
[2017-07-20 15:03]   class 16 = 'Expansion.Alternative.Chosen alternative': 241
[2017-07-20 15:03]   class 17 = 'Expansion.Alternative': 210
[2017-07-20 15:03]   class 18 = 'Temporal': 27
[2017-07-20 15:03]   class 19 = 'Contingency': 24
[2017-07-20 15:03]   class 20 = 'Expansion.Exception': 15
[2017-07-20 15:03]   class 21 = 'Temporal.Asynchronous': 6
[2017-07-20 15:03]   class 22 = 'Contingency.Cause': 2
[2017-07-20 15:03] build model
____________________________________________________________________________________________________
Layer (type)                     Output Shape          Param #     Connected to                     
====================================================================================================
arg1_ids (InputLayer)            (None, 100)           0                                            
____________________________________________________________________________________________________
arg2_ids (InputLayer)            (None, 100)           0                                            
____________________________________________________________________________________________________
conn_ids (InputLayer)            (None, 10)            0                                            
____________________________________________________________________________________________________
embedding_1 (Embedding)          multiple              878360      arg1_ids[0][0]                   
                                                                   arg2_ids[0][0]                   
                                                                   conn_ids[0][0]                   
____________________________________________________________________________________________________
shareablelstm_1 (ShareableLSTM)  multiple              928         embedding_1[0][0]                
                                                                   embedding_1[1][0]                
                                                                   embedding_1[2][0]                
____________________________________________________________________________________________________
shareablelstm_2 (ShareableLSTM)  multiple              928         embedding_1[0][0]                
                                                                   embedding_1[1][0]                
                                                                   embedding_1[2][0]                
____________________________________________________________________________________________________
merge_1 (Merge)                  (None, 100, 8)        0           shareablelstm_1[0][0]            
                                                                   shareablelstm_2[0][0]            
____________________________________________________________________________________________________
merge_11 (Merge)                 (None, 100, 8)        0           shareablelstm_1[1][0]            
                                                                   shareablelstm_2[1][0]            
____________________________________________________________________________________________________
merge_21 (Merge)                 (None, 10, 8)         0           shareablelstm_1[2][0]            
                                                                   shareablelstm_2[2][0]            
____________________________________________________________________________________________________
arg1_filters (Activation)        (None, 100, 8)        0           merge_1[0][0]                    
____________________________________________________________________________________________________
arg2_filters (Activation)        (None, 100, 8)        0           merge_11[0][0]                   
____________________________________________________________________________________________________
conn_filters (Activation)        (None, 10, 8)         0           merge_21[0][0]                   
____________________________________________________________________________________________________
merge_2 (Merge)                  (None, 100, 20)       0           embedding_1[0][0]                
                                                                   arg1_filters[0][0]               
____________________________________________________________________________________________________
merge_3 (Merge)                  (None, 100, 20)       0           embedding_1[0][0]                
                                                                   arg1_filters[0][0]               
____________________________________________________________________________________________________
merge_4 (Merge)                  (None, 100, 20)       0           embedding_1[0][0]                
                                                                   arg1_filters[0][0]               
____________________________________________________________________________________________________
merge_5 (Merge)                  (None, 100, 20)       0           embedding_1[0][0]                
                                                                   arg1_filters[0][0]               
____________________________________________________________________________________________________
merge_6 (Merge)                  (None, 100, 20)       0           embedding_1[0][0]                
                                                                   arg1_filters[0][0]               
____________________________________________________________________________________________________
merge_7 (Merge)                  (None, 100, 20)       0           embedding_1[0][0]                
                                                                   arg1_filters[0][0]               
____________________________________________________________________________________________________
merge_8 (Merge)                  (None, 100, 20)       0           embedding_1[0][0]                
                                                                   arg1_filters[0][0]               
____________________________________________________________________________________________________
merge_9 (Merge)                  (None, 100, 20)       0           embedding_1[0][0]                
                                                                   arg1_filters[0][0]               
____________________________________________________________________________________________________
merge_12 (Merge)                 (None, 100, 20)       0           embedding_1[1][0]                
                                                                   arg2_filters[0][0]               
____________________________________________________________________________________________________
merge_13 (Merge)                 (None, 100, 20)       0           embedding_1[1][0]                
                                                                   arg2_filters[0][0]               
____________________________________________________________________________________________________
merge_14 (Merge)                 (None, 100, 20)       0           embedding_1[1][0]                
                                                                   arg2_filters[0][0]               
____________________________________________________________________________________________________
merge_15 (Merge)                 (None, 100, 20)       0           embedding_1[1][0]                
                                                                   arg2_filters[0][0]               
____________________________________________________________________________________________________
merge_16 (Merge)                 (None, 100, 20)       0           embedding_1[1][0]                
                                                                   arg2_filters[0][0]               
____________________________________________________________________________________________________
merge_17 (Merge)                 (None, 100, 20)       0           embedding_1[1][0]                
                                                                   arg2_filters[0][0]               
____________________________________________________________________________________________________
merge_18 (Merge)                 (None, 100, 20)       0           embedding_1[1][0]                
                                                                   arg2_filters[0][0]               
____________________________________________________________________________________________________
merge_19 (Merge)                 (None, 100, 20)       0           embedding_1[1][0]                
                                                                   arg2_filters[0][0]               
____________________________________________________________________________________________________
merge_22 (Merge)                 (None, 10, 20)        0           embedding_1[2][0]                
                                                                   conn_filters[0][0]               
____________________________________________________________________________________________________
merge_23 (Merge)                 (None, 10, 20)        0           embedding_1[2][0]                
                                                                   conn_filters[0][0]               
____________________________________________________________________________________________________
merge_24 (Merge)                 (None, 10, 20)        0           embedding_1[2][0]                
                                                                   conn_filters[0][0]               
____________________________________________________________________________________________________
merge_25 (Merge)                 (None, 10, 20)        0           embedding_1[2][0]                
                                                                   conn_filters[0][0]               
____________________________________________________________________________________________________
merge_26 (Merge)                 (None, 10, 20)        0           embedding_1[2][0]                
                                                                   conn_filters[0][0]               
____________________________________________________________________________________________________
merge_27 (Merge)                 (None, 10, 20)        0           embedding_1[2][0]                
                                                                   conn_filters[0][0]               
____________________________________________________________________________________________________
merge_28 (Merge)                 (None, 10, 20)        0           embedding_1[2][0]                
                                                                   conn_filters[0][0]               
____________________________________________________________________________________________________
merge_29 (Merge)                 (None, 10, 20)        0           embedding_1[2][0]                
                                                                   conn_filters[0][0]               
____________________________________________________________________________________________________
shareablelstm_3 (ShareableLSTM)  (None, 20)            3280        merge_2[0][0]                    
                                                                   merge_12[0][0]                   
                                                                   merge_22[0][0]                   
____________________________________________________________________________________________________
shareablelstm_5 (ShareableLSTM)  (None, 20)            3280        merge_3[0][0]                    
                                                                   merge_13[0][0]                   
                                                                   merge_23[0][0]                   
____________________________________________________________________________________________________
shareablelstm_7 (ShareableLSTM)  (None, 20)            3280        merge_4[0][0]                    
                                                                   merge_14[0][0]                   
                                                                   merge_24[0][0]                   
____________________________________________________________________________________________________
shareablelstm_9 (ShareableLSTM)  (None, 20)            3280        merge_5[0][0]                    
                                                                   merge_15[0][0]                   
                                                                   merge_25[0][0]                   
____________________________________________________________________________________________________
shareablelstm_11 (ShareableLSTM) (None, 20)            3280        merge_6[0][0]                    
                                                                   merge_16[0][0]                   
                                                                   merge_26[0][0]                   
____________________________________________________________________________________________________
shareablelstm_13 (ShareableLSTM) (None, 20)            3280        merge_7[0][0]                    
                                                                   merge_17[0][0]                   
                                                                   merge_27[0][0]                   
____________________________________________________________________________________________________
shareablelstm_15 (ShareableLSTM) (None, 20)            3280        merge_8[0][0]                    
                                                                   merge_18[0][0]                   
                                                                   merge_28[0][0]                   
____________________________________________________________________________________________________
shareablelstm_17 (ShareableLSTM) (None, 20)            3280        merge_9[0][0]                    
                                                                   merge_19[0][0]                   
                                                                   merge_29[0][0]                   
____________________________________________________________________________________________________
merge_10 (Merge)                 (None, 160)           0           shareablelstm_3[0][0]            
                                                                   shareablelstm_5[0][0]            
                                                                   shareablelstm_7[0][0]            
                                                                   shareablelstm_9[0][0]            
                                                                   shareablelstm_11[0][0]           
                                                                   shareablelstm_13[0][0]           
                                                                   shareablelstm_15[0][0]           
                                                                   shareablelstm_17[0][0]           
____________________________________________________________________________________________________
merge_20 (Merge)                 (None, 160)           0           shareablelstm_3[1][0]            
                                                                   shareablelstm_5[1][0]            
                                                                   shareablelstm_7[1][0]            
                                                                   shareablelstm_9[1][0]            
                                                                   shareablelstm_11[1][0]           
                                                                   shareablelstm_13[1][0]           
                                                                   shareablelstm_15[1][0]           
                                                                   shareablelstm_17[1][0]           
____________________________________________________________________________________________________
merge_30 (Merge)                 (None, 160)           0           shareablelstm_3[2][0]            
                                                                   shareablelstm_5[2][0]            
                                                                   shareablelstm_7[2][0]            
                                                                   shareablelstm_9[2][0]            
                                                                   shareablelstm_11[2][0]           
                                                                   shareablelstm_13[2][0]           
                                                                   shareablelstm_15[2][0]           
                                                                   shareablelstm_17[2][0]           
____________________________________________________________________________________________________
dropout_1 (Dropout)              (None, 160)           0           merge_10[0][0]                   
____________________________________________________________________________________________________
dropout_2 (Dropout)              (None, 160)           0           merge_20[0][0]                   
____________________________________________________________________________________________________
dropout_3 (Dropout)              (None, 160)           0           merge_30[0][0]                   
____________________________________________________________________________________________________
merge_31 (Merge)                 (None, 480)           0           dropout_1[0][0]                  
                                                                   dropout_2[0][0]                  
                                                                   dropout_3[0][0]                  
____________________________________________________________________________________________________
dense_1 (Dense)                  (None, 80)            38480       merge_31[0][0]                   
____________________________________________________________________________________________________
srelu_1 (SReLU)                  (None, 80)            320         dense_1[0][0]                    
____________________________________________________________________________________________________
dropout_4 (Dropout)              (None, 80)            0           srelu_1[0][0]                    
____________________________________________________________________________________________________
dense_2 (Dense)                  (None, 23)            1863        dropout_4[0][0]                  
____________________________________________________________________________________________________
target (Activation)              (None, 23)            0           dense_2[0][0]                    
====================================================================================================
Total params: 947,119
Trainable params: 947,119
Non-trainable params: 0
____________________________________________________________________________________________________
[2017-07-20 15:13] initialize weights
[2017-07-20 15:13] training preparation
[2017-07-20 15:13] train model (ex/conll16st-v35b1-en-fd-8-rn-8-1)
Epoch 1/1000
12992/13056 [============================>.] - ETA: 1s - loss: 2.0847
- val_loss: 3.2561
- val_all_f1:  0.2202 0.2202 0.2202
- val_exp_f1:  0.2807 0.2807 0.2807
- val_non_f1:  0.1669 0.1669 0.1669

13056/13056 [==============================] - 230s - loss: 2.0835 - val_loss: 3.2561
Epoch 2/1000
12992/13056 [============================>.] - ETA: 1s - loss: 1.4803
- val_loss: 2.4390
- val_all_f1:  0.2202 0.2202 0.2202
- val_exp_f1:  0.2807 0.2807 0.2807
- val_non_f1:  0.1669 0.1669 0.1669

13056/13056 [==============================] - 231s - loss: 1.4792 - val_loss: 2.4390
Epoch 3/1000
12992/13056 [============================>.] - ETA: 1s - loss: 1.2247
- val_loss: 2.2098
- val_all_f1:  0.3111 0.3111 0.3111
- val_exp_f1:  0.4704 0.4704 0.4704
- val_non_f1:  0.1709 0.1709 0.1709

13056/13056 [==============================] - 231s - loss: 1.2251 - val_loss: 2.2098
Epoch 4/1000
12992/13056 [============================>.] - ETA: 1s - loss: 1.1760
- val_loss: 1.9750
- val_all_f1:  0.4276 0.4276 0.4276
- val_exp_f1:  0.5881 0.5873 0.5877
- val_non_f1:  0.2870 0.2870 0.2870

13056/13056 [==============================] - 232s - loss: 1.1756 - val_loss: 1.9750
Epoch 5/1000
12992/13056 [============================>.] - ETA: 1s - loss: 1.1002
- val_loss: 1.9170
- val_all_f1:  0.3906 0.3906 0.3906
- val_exp_f1:  0.5979 0.5979 0.5979
- val_non_f1:  0.2083 0.2083 0.2083

13056/13056 [==============================] - 233s - loss: 1.1001 - val_loss: 1.9170
Epoch 6/1000
12992/13056 [============================>.] - ETA: 1s - loss: 1.1037
- val_loss: 1.8644
- val_all_f1:  0.4311 0.4311 0.4311
- val_exp_f1:  0.5799 0.5781 0.5790
- val_non_f1:  0.3017 0.3017 0.3017

13056/13056 [==============================] - 232s - loss: 1.1046 - val_loss: 1.8644
Epoch 7/1000
12992/13056 [============================>.] - ETA: 1s - loss: 1.0703
- val_loss: 1.8171
- val_all_f1:  0.4396 0.4396 0.4396
- val_exp_f1:  0.6049 0.6039 0.6044
- val_non_f1:  0.2955 0.2951 0.2953

13056/13056 [==============================] - 233s - loss: 1.0706 - val_loss: 1.8171
Epoch 8/1000
12992/13056 [============================>.] - ETA: 1s - loss: 1.0572
- val_loss: 1.7957
- val_all_f1:  0.4467 0.4467 0.4467
- val_exp_f1:  0.6514 0.6495 0.6505
- val_non_f1:  0.2684 0.2684 0.2684

13056/13056 [==============================] - 233s - loss: 1.0574 - val_loss: 1.7957
Epoch 9/1000
12992/13056 [============================>.] - ETA: 1s - loss: 1.0441
- val_loss: 1.7668
- val_all_f1:  0.4766 0.4766 0.4766
- val_exp_f1:  0.6935 0.6935 0.6935
- val_non_f1:  0.2857 0.2857 0.2857

13056/13056 [==============================] - 233s - loss: 1.0436 - val_loss: 1.7668
Epoch 10/1000
12992/13056 [============================>.] - ETA: 1s - loss: 1.0399
- val_loss: 1.7733
- val_all_f1:  0.5021 0.5021 0.5021
- val_exp_f1:  0.7420 0.7420 0.7420
- val_non_f1:  0.2918 0.2911 0.2914

13056/13056 [==============================] - 235s - loss: 1.0410 - val_loss: 1.7733
Epoch 11/1000
12992/13056 [============================>.] - ETA: 1s - loss: 1.0305
- val_loss: 1.7206
- val_all_f1:  0.4901 0.4901 0.4901
- val_exp_f1:  0.7264 0.7253 0.7259
- val_non_f1:  0.2830 0.2830 0.2830

13056/13056 [==============================] - 233s - loss: 1.0310 - val_loss: 1.7206
Epoch 12/1000
12992/13056 [============================>.] - ETA: 1s - loss: 1.0148
- val_loss: 1.7487
- val_all_f1:  0.4403 0.4403 0.4403
- val_exp_f1:  0.7360 0.7360 0.7360
- val_non_f1:  0.1807 0.1802 0.1805

13056/13056 [==============================] - 235s - loss: 1.0166 - val_loss: 1.7487
Epoch 13/1000
12992/13056 [============================>.] - ETA: 1s - loss: 1.0067
- val_loss: 1.6883
- val_all_f1:  0.5220 0.5220 0.5220
- val_exp_f1:  0.7759 0.7724 0.7741
- val_non_f1:  0.3021 0.3017 0.3019

13056/13056 [==============================] - 234s - loss: 1.0073 - val_loss: 1.6883
Epoch 14/1000
12992/13056 [============================>.] - ETA: 1s - loss: 0.9940
- val_loss: 1.6410
- val_all_f1:  0.5469 0.5469 0.5469
- val_exp_f1:  0.8204 0.8179 0.8191
- val_non_f1:  0.3088 0.3084 0.3086

13056/13056 [==============================] - 234s - loss: 0.9938 - val_loss: 1.6410
Epoch 15/1000
12992/13056 [============================>.] - ETA: 1s - loss: 0.9940
- val_loss: 1.6490
- val_all_f1:  0.4908 0.4908 0.4908
- val_exp_f1:  0.8073 0.8073 0.8073
- val_non_f1:  0.2126 0.2123 0.2124

13056/13056 [==============================] - 234s - loss: 0.9942 - val_loss: 1.6490
Epoch 16/1000
12992/13056 [============================>.] - ETA: 1s - loss: 0.9921
- val_loss: 1.6401
- val_all_f1:  0.5249 0.5249 0.5249
- val_exp_f1:  0.8042 0.8042 0.8042
- val_non_f1:  0.2794 0.2790 0.2792

13056/13056 [==============================] - 234s - loss: 0.9920 - val_loss: 1.6401
Epoch 17/1000
12992/13056 [============================>.] - ETA: 1s - loss: 0.9802
- val_loss: 1.6168
- val_all_f1:  0.4609 0.4609 0.4609
- val_exp_f1:  0.7860 0.7860 0.7860
- val_non_f1:  0.1751 0.1749 0.1750

13056/13056 [==============================] - 234s - loss: 0.9790 - val_loss: 1.6168
Epoch 18/1000
12992/13056 [============================>.] - ETA: 1s - loss: 0.9713
- val_loss: 1.6182
- val_all_f1:  0.5270 0.5270 0.5270
- val_exp_f1:  0.8346 0.8346 0.8346
- val_non_f1:  0.2567 0.2563 0.2565

13056/13056 [==============================] - 233s - loss: 0.9717 - val_loss: 1.6182
Epoch 19/1000
12992/13056 [============================>.] - ETA: 1s - loss: 0.9634
- val_loss: 1.5826
- val_all_f1:  0.5504 0.5504 0.5504
- val_exp_f1:  0.8437 0.8437 0.8437
- val_non_f1:  0.2928 0.2924 0.2926

13056/13056 [==============================] - 234s - loss: 0.9639 - val_loss: 1.5826
Epoch 20/1000
12992/13056 [============================>.] - ETA: 1s - loss: 0.9808
- val_loss: 1.6556
- val_all_f1:  0.4808 0.4808 0.4808
- val_exp_f1:  0.8392 0.8392 0.8392
- val_non_f1:  0.1658 0.1656 0.1657

13056/13056 [==============================] - 235s - loss: 0.9816 - val_loss: 1.6556
Epoch 21/1000
12992/13056 [============================>.] - ETA: 1s - loss: 0.9617
- val_loss: 1.6021
- val_all_f1:  0.4808 0.4808 0.4808
- val_exp_f1:  0.7906 0.7906 0.7906
- val_non_f1:  0.2086 0.2083 0.2084

13056/13056 [==============================] - 242s - loss: 0.9606 - val_loss: 1.6021
Epoch 22/1000
12992/13056 [============================>.] - ETA: 1s - loss: 0.9607
- val_loss: 1.5446
- val_all_f1:  0.5760 0.5760 0.5760
- val_exp_f1:  0.8467 0.8467 0.8467
- val_non_f1:  0.3382 0.3378 0.3380

13056/13056 [==============================] - 245s - loss: 0.9603 - val_loss: 1.5446
Epoch 23/1000
12992/13056 [============================>.] - ETA: 1s - loss: 0.9272
- val_loss: 1.5744
- val_all_f1:  0.5348 0.5348 0.5348
- val_exp_f1:  0.7997 0.7997 0.7997
- val_non_f1:  0.3021 0.3017 0.3019

13056/13056 [==============================] - 242s - loss: 0.9276 - val_loss: 1.5744
Epoch 24/1000
12992/13056 [============================>.] - ETA: 1s - loss: 0.9423
- val_loss: 1.6438
- val_all_f1:  0.4979 0.4979 0.4979
- val_exp_f1:  0.8467 0.8467 0.8467
- val_non_f1:  0.1912 0.1909 0.1910

13056/13056 [==============================] - 239s - loss: 0.9419 - val_loss: 1.6438
Epoch 25/1000
12992/13056 [============================>.] - ETA: 1s - loss: 0.9377
- val_loss: 1.5882
- val_all_f1:  0.5241 0.5241 0.5241
- val_exp_f1:  0.8741 0.8741 0.8741
- val_non_f1:  0.2166 0.2163 0.2164

13056/13056 [==============================] - 240s - loss: 0.9375 - val_loss: 1.5882
Epoch 26/1000
12992/13056 [============================>.] - ETA: 1s - loss: 0.9219
- val_loss: 1.5330
- val_all_f1:  0.5518 0.5518 0.5518
- val_exp_f1:  0.8483 0.8483 0.8483
- val_non_f1:  0.2914 0.2911 0.2912

13056/13056 [==============================] - 238s - loss: 0.9225 - val_loss: 1.5330
Epoch 27/1000
12992/13056 [============================>.] - ETA: 1s - loss: 0.9291
- val_loss: 1.5086
- val_all_f1:  0.5703 0.5703 0.5703
- val_exp_f1:  0.8634 0.8634 0.8634
- val_non_f1:  0.3128 0.3124 0.3126

13056/13056 [==============================] - 238s - loss: 0.9283 - val_loss: 1.5086
Epoch 28/1000
12992/13056 [============================>.] - ETA: 1s - loss: 0.9779
- val_loss: 1.5447
- val_all_f1:  0.5518 0.5518 0.5518
- val_exp_f1:  0.8467 0.8467 0.8467
- val_non_f1:  0.2928 0.2924 0.2926

13056/13056 [==============================] - 238s - loss: 0.9764 - val_loss: 1.5447
Epoch 29/1000
12992/13056 [============================>.] - ETA: 1s - loss: 0.9152
- val_loss: 1.5621
- val_all_f1:  0.5327 0.5327 0.5327
- val_exp_f1:  0.8589 0.8589 0.8589
- val_non_f1:  0.2460 0.2457 0.2458

13056/13056 [==============================] - 238s - loss: 0.9151 - val_loss: 1.5621
Epoch 30/1000
12992/13056 [============================>.] - ETA: 1s - loss: 0.9304
- val_loss: 1.6064
- val_all_f1:  0.5284 0.5284 0.5284
- val_exp_f1:  0.8392 0.8392 0.8392
- val_non_f1:  0.2553 0.2550 0.2552

13056/13056 [==============================] - 238s - loss: 0.9301 - val_loss: 1.6064
Epoch 31/1000
12992/13056 [============================>.] - ETA: 1s - loss: 0.9120
- val_loss: 1.5366
- val_all_f1:  0.5746 0.5746 0.5746
- val_exp_f1:  0.8756 0.8756 0.8756
- val_non_f1:  0.3102 0.3097 0.3100

13056/13056 [==============================] - 237s - loss: 0.9128 - val_loss: 1.5366
Epoch 32/1000
12992/13056 [============================>.] - ETA: 1s - loss: 0.9135
- val_loss: 1.5187
- val_all_f1:  0.5732 0.5732 0.5732
- val_exp_f1:  0.8938 0.8938 0.8938
- val_non_f1:  0.2914 0.2911 0.2912

13056/13056 [==============================] - 236s - loss: 0.9132 - val_loss: 1.5187
Epoch 33/1000
12992/13056 [============================>.] - ETA: 1s - loss: 0.8999
- val_loss: 1.5232
- val_all_f1:  0.5419 0.5419 0.5419
- val_exp_f1:  0.8710 0.8710 0.8710
- val_non_f1:  0.2527 0.2523 0.2525

13056/13056 [==============================] - 236s - loss: 0.8983 - val_loss: 1.5232
Epoch 34/1000
12992/13056 [============================>.] - ETA: 1s - loss: 0.8905
- val_loss: 1.5012
- val_all_f1:  0.5739 0.5739 0.5739
- val_exp_f1:  0.8832 0.8832 0.8832
- val_non_f1:  0.3021 0.3017 0.3019

13056/13056 [==============================] - 236s - loss: 0.8907 - val_loss: 1.5012
Epoch 35/1000
12992/13056 [============================>.] - ETA: 1s - loss: 0.9054
- val_loss: 1.5211
- val_all_f1:  0.5497 0.5497 0.5497
- val_exp_f1:  0.8710 0.8710 0.8710
- val_non_f1:  0.2674 0.2670 0.2672

13056/13056 [==============================] - 237s - loss: 0.9054 - val_loss: 1.5211
Epoch 36/1000
12992/13056 [============================>.] - ETA: 1s - loss: 0.9026
- val_loss: 1.5932
- val_all_f1:  0.5185 0.5185 0.5185
- val_exp_f1:  0.8558 0.8558 0.8558
- val_non_f1:  0.2219 0.2216 0.2218

13056/13056 [==============================] - 237s - loss: 0.9031 - val_loss: 1.5932
Epoch 37/1000
12992/13056 [============================>.] - ETA: 1s - loss: 0.8907
- val_loss: 1.4690
- val_all_f1:  0.5874 0.5874 0.5874
- val_exp_f1:  0.8725 0.8725 0.8725
- val_non_f1:  0.3364 0.3364 0.3364

13056/13056 [==============================] - 237s - loss: 0.8903 - val_loss: 1.4690
Epoch 38/1000
12992/13056 [============================>.] - ETA: 1s - loss: 0.8963
- val_loss: 1.5123
- val_all_f1:  0.5781 0.5781 0.5781
- val_exp_f1:  0.8665 0.8665 0.8665
- val_non_f1:  0.3249 0.3244 0.3246

13056/13056 [==============================] - 238s - loss: 0.8959 - val_loss: 1.5123
Epoch 39/1000
12992/13056 [============================>.] - ETA: 1s - loss: 0.8978
- val_loss: 1.5691
- val_all_f1:  0.5241 0.5241 0.5241
- val_exp_f1:  0.8558 0.8558 0.8558
- val_non_f1:  0.2329 0.2323 0.2326

13056/13056 [==============================] - 237s - loss: 0.8976 - val_loss: 1.5691
Epoch 40/1000
12992/13056 [============================>.] - ETA: 1s - loss: 0.8979
- val_loss: 1.5381
- val_all_f1:  0.5398 0.5398 0.5398
- val_exp_f1:  0.8498 0.8498 0.8498
- val_non_f1:  0.2674 0.2670 0.2672

13056/13056 [==============================] - 237s - loss: 0.8981 - val_loss: 1.5381
Epoch 41/1000
12992/13056 [============================>.] - ETA: 1s - loss: 0.8709
- val_loss: 1.4925
- val_all_f1:  0.5732 0.5732 0.5732
- val_exp_f1:  0.8739 0.8725 0.8732
- val_non_f1:  0.3102 0.3097 0.3100

13056/13056 [==============================] - 238s - loss: 0.8708 - val_loss: 1.4925
Epoch 42/1000
12992/13056 [============================>.] - ETA: 1s - loss: 0.8905
- val_loss: 1.5420
- val_all_f1:  0.5313 0.5313 0.5313
- val_exp_f1:  0.8678 0.8665 0.8671
- val_non_f1:  0.2376 0.2363 0.2369

13056/13056 [==============================] - 237s - loss: 0.8907 - val_loss: 1.5420
Epoch 43/1000
12992/13056 [============================>.] - ETA: 1s - loss: 0.8602
- val_loss: 1.4657
- val_all_f1:  0.5668 0.5668 0.5668
- val_exp_f1:  0.8649 0.8649 0.8649
- val_non_f1:  0.3048 0.3044 0.3046

13056/13056 [==============================] - 238s - loss: 0.8605 - val_loss: 1.4657
Epoch 44/1000
12992/13056 [============================>.] - ETA: 1s - loss: 0.8603
- val_loss: 1.5048
- val_all_f1:  0.5447 0.5447 0.5447
- val_exp_f1:  0.8483 0.8483 0.8483
- val_non_f1:  0.2781 0.2777 0.2779

13056/13056 [==============================] - 237s - loss: 0.8599 - val_loss: 1.5048
Epoch 45/1000
12992/13056 [============================>.] - ETA: 1s - loss: 0.8767
- val_loss: 1.5385
- val_all_f1:  0.5256 0.5256 0.5256
- val_exp_f1:  0.8665 0.8665 0.8665
- val_non_f1:  0.2259 0.2256 0.2258

13056/13056 [==============================] - 239s - loss: 0.8770 - val_loss: 1.5385
Epoch 46/1000
12992/13056 [============================>.] - ETA: 1s - loss: 0.8610
- val_loss: 1.4466
- val_all_f1:  0.5639 0.5639 0.5639
- val_exp_f1:  0.8892 0.8892 0.8892
- val_non_f1:  0.2781 0.2777 0.2779

13056/13056 [==============================] - 250s - loss: 0.8636 - val_loss: 1.4466
Epoch 47/1000
12992/13056 [============================>.] - ETA: 1s - loss: 0.8827
- val_loss: 1.5600
- val_all_f1:  0.4993 0.4993 0.4993
- val_exp_f1:  0.8346 0.8346 0.8346
- val_non_f1:  0.2045 0.2043 0.2044

13056/13056 [==============================] - 254s - loss: 0.8818 - val_loss: 1.5600
Epoch 48/1000
12992/13056 [============================>.] - ETA: 1s - loss: 0.9123
- val_loss: 1.4925
- val_all_f1:  0.5589 0.5589 0.5589
- val_exp_f1:  0.8725 0.8725 0.8725
- val_non_f1:  0.2834 0.2830 0.2832

13056/13056 [==============================] - 237s - loss: 0.9123 - val_loss: 1.4925
Epoch 49/1000
12992/13056 [============================>.] - ETA: 1s - loss: 0.8840
- val_loss: 1.4899
- val_all_f1:  0.5511 0.5511 0.5511
- val_exp_f1:  0.8725 0.8725 0.8725
- val_non_f1:  0.2687 0.2684 0.2685

13056/13056 [==============================] - 235s - loss: 0.8844 - val_loss: 1.4899
Epoch 50/1000
12992/13056 [============================>.] - ETA: 1s - loss: 0.8660
- val_loss: 1.5412
- val_all_f1:  0.5206 0.5206 0.5206
- val_exp_f1:  0.8741 0.8741 0.8741
- val_non_f1:  0.2099 0.2096 0.2098

13056/13056 [==============================] - 236s - loss: 0.8662 - val_loss: 1.5412
Epoch 51/1000
12992/13056 [============================>.] - ETA: 1s - loss: 0.8506
- val_loss: 1.6001
- val_all_f1:  0.5249 0.5249 0.5249
- val_exp_f1:  0.8741 0.8741 0.8741
- val_non_f1:  0.2179 0.2176 0.2178

13056/13056 [==============================] - 236s - loss: 0.8507 - val_loss: 1.6001
Epoch 52/1000
12992/13056 [============================>.] - ETA: 1s - loss: 0.8618
- val_loss: 1.4700
- val_all_f1:  0.5668 0.5668 0.5668
- val_exp_f1:  0.8832 0.8832 0.8832
- val_non_f1:  0.2888 0.2884 0.2886

13056/13056 [==============================] - 236s - loss: 0.8598 - val_loss: 1.4700
Epoch 53/1000
12992/13056 [============================>.] - ETA: 1s - loss: 0.8467
- val_loss: 1.5241
- val_all_f1:  0.5433 0.5433 0.5433
- val_exp_f1:  0.8725 0.8725 0.8725
- val_non_f1:  0.2540 0.2537 0.2538

13056/13056 [==============================] - 239s - loss: 0.8459 - val_loss: 1.5241
Epoch 54/1000
12992/13056 [============================>.] - ETA: 1s - loss: 0.8536
- val_loss: 1.5300
- val_all_f1:  0.5305 0.5305 0.5305
- val_exp_f1:  0.8725 0.8725 0.8725
- val_non_f1:  0.2299 0.2296 0.2298

13056/13056 [==============================] - 236s - loss: 0.8531 - val_loss: 1.5300
Epoch 55/1000
12992/13056 [============================>.] - ETA: 1s - loss: 0.8441
- val_loss: 1.5766
- val_all_f1:  0.5170 0.5170 0.5170
- val_exp_f1:  0.8589 0.8589 0.8589
- val_non_f1:  0.2166 0.2163 0.2164

13056/13056 [==============================] - 236s - loss: 0.8443 - val_loss: 1.5766
Epoch 56/1000
12992/13056 [============================>.] - ETA: 1s - loss: 0.8424
- val_loss: 1.5579
- val_all_f1:  0.5220 0.5220 0.5220
- val_exp_f1:  0.8756 0.8756 0.8756
- val_non_f1:  0.2112 0.2109 0.2111

13056/13056 [==============================] - 236s - loss: 0.8433 - val_loss: 1.5579
Epoch 57/1000
12992/13056 [============================>.] - ETA: 1s - loss: 0.8464
- val_loss: 1.4766
- val_all_f1:  0.5398 0.5398 0.5398
- val_exp_f1:  0.8892 0.8892 0.8892
- val_non_f1:  0.2326 0.2323 0.2325

13056/13056 [==============================] - 236s - loss: 0.8463 - val_loss: 1.4766
Epoch 58/1000
12992/13056 [============================>.] - ETA: 1s - loss: 0.8484
- val_loss: 1.5599
- val_all_f1:  0.5220 0.5220 0.5220
- val_exp_f1:  0.8756 0.8756 0.8756
- val_non_f1:  0.2112 0.2109 0.2111

13056/13056 [==============================] - 236s - loss: 0.8488 - val_loss: 1.5599
Epoch 59/1000
12992/13056 [============================>.] - ETA: 1s - loss: 0.8534
- val_loss: 1.5567
- val_all_f1:  0.5277 0.5277 0.5277
- val_exp_f1:  0.8756 0.8756 0.8756
- val_non_f1:  0.2219 0.2216 0.2218

13056/13056 [==============================] - 236s - loss: 0.8520 - val_loss: 1.5567
Epoch 60/1000
12992/13056 [============================>.] - ETA: 1s - loss: 0.8509
- val_loss: 1.5065
- val_all_f1:  0.5355 0.5355 0.5355
- val_exp_f1:  0.8680 0.8680 0.8680
- val_non_f1:  0.2433 0.2430 0.2432

13056/13056 [==============================] - 236s - loss: 0.8535 - val_loss: 1.5065
Epoch 61/1000
12992/13056 [============================>.] - ETA: 1s - loss: 0.8152
- val_loss: 1.5192
- val_all_f1:  0.5419 0.5419 0.5419
- val_exp_f1:  0.8723 0.8710 0.8717
- val_non_f1:  0.2527 0.2523 0.2525

13056/13056 [==============================] - 235s - loss: 0.8150 - val_loss: 1.5192
Epoch 62/1000
12992/13056 [============================>.] - ETA: 1s - loss: 0.8334
- val_loss: 1.5321
- val_all_f1:  0.5298 0.5298 0.5298
- val_exp_f1:  0.8680 0.8680 0.8680
- val_non_f1:  0.2326 0.2323 0.2325

13056/13056 [==============================] - 235s - loss: 0.8332 - val_loss: 1.5321
Epoch 63/1000
12992/13056 [============================>.] - ETA: 1s - loss: 0.8185
- val_loss: 1.5149
- val_all_f1:  0.5433 0.5433 0.5433
- val_exp_f1:  0.8756 0.8756 0.8756
- val_non_f1:  0.2513 0.2510 0.2512

13056/13056 [==============================] - 236s - loss: 0.8176 - val_loss: 1.5149
Epoch 64/1000
12992/13056 [============================>.] - ETA: 1s - loss: 0.8108
- val_loss: 1.4826
- val_all_f1:  0.5455 0.5455 0.5455
- val_exp_f1:  0.8847 0.8847 0.8847
- val_non_f1:  0.2473 0.2470 0.2472

13056/13056 [==============================] - 236s - loss: 0.8110 - val_loss: 1.4826
Epoch 65/1000
12992/13056 [============================>.] - ETA: 1s - loss: 0.8336
- val_loss: 1.4810
- val_all_f1:  0.5483 0.5483 0.5483
- val_exp_f1:  0.8892 0.8892 0.8892
- val_non_f1:  0.2487 0.2483 0.2485

13056/13056 [==============================] - 236s - loss: 0.8351 - val_loss: 1.4810
Epoch 66/1000
12992/13056 [============================>.] - ETA: 1s - loss: 0.8137
- val_loss: 1.4557
- val_all_f1:  0.5724 0.5724 0.5724
- val_exp_f1:  0.8953 0.8953 0.8953
- val_non_f1:  0.2888 0.2884 0.2886

13056/13056 [==============================] - 236s - loss: 0.8136 - val_loss: 1.4557
Epoch 67/1000
12992/13056 [============================>.] - ETA: 1s - loss: 0.8498
- val_loss: 1.4828
- val_all_f1:  0.5668 0.5668 0.5668
- val_exp_f1:  0.9090 0.9090 0.9090
- val_non_f1:  0.2660 0.2657 0.2659

13056/13056 [==============================] - 236s - loss: 0.8505 - val_loss: 1.4828
Epoch 68/1000
12992/13056 [============================>.] - ETA: 1s - loss: 0.8285
- val_loss: 1.4796
- val_all_f1:  0.5575 0.5575 0.5575
- val_exp_f1:  0.9014 0.9014 0.9014
- val_non_f1:  0.2553 0.2550 0.2552

13056/13056 [==============================] - 235s - loss: 0.8291 - val_loss: 1.4796
Epoch 69/1000
12992/13056 [============================>.] - ETA: 1s - loss: 0.8377
- val_loss: 1.5554
- val_all_f1:  0.5234 0.5234 0.5234
- val_exp_f1:  0.8892 0.8892 0.8892
- val_non_f1:  0.2019 0.2016 0.2017

13056/13056 [==============================] - 234s - loss: 0.8369 - val_loss: 1.5554
Epoch 70/1000
12992/13056 [============================>.] - ETA: 1s - loss: 0.8001
- val_loss: 1.5465
- val_all_f1:  0.5355 0.5355 0.5355
- val_exp_f1:  0.8649 0.8649 0.8649
- val_non_f1:  0.2460 0.2457 0.2458

13056/13056 [==============================] - 235s - loss: 0.8009 - val_loss: 1.5465
Epoch 71/1000
12992/13056 [============================>.] - ETA: 1s - loss: 0.7911
- val_loss: 1.4696
- val_all_f1:  0.5646 0.5646 0.5646
- val_exp_f1:  0.9027 0.9014 0.9021
- val_non_f1:  0.2687 0.2684 0.2685

13056/13056 [==============================] - 235s - loss: 0.7918 - val_loss: 1.4696
Epoch 72/1000
12992/13056 [============================>.] - ETA: 1s - loss: 0.8514
- val_loss: 1.5277
- val_all_f1:  0.5455 0.5455 0.5455
- val_exp_f1:  0.8801 0.8801 0.8801
- val_non_f1:  0.2513 0.2510 0.2512

13056/13056 [==============================] - 236s - loss: 0.8510 - val_loss: 1.5277
Epoch 73/1000
12992/13056 [============================>.] - ETA: 1s - loss: 0.8141
- val_loss: 1.4490
- val_all_f1:  0.5810 0.5810 0.5810
- val_exp_f1:  0.8980 0.8953 0.8967
- val_non_f1:  0.3048 0.3044 0.3046

13056/13056 [==============================] - 236s - loss: 0.8136 - val_loss: 1.4490
Epoch 74/1000
12992/13056 [============================>.] - ETA: 1s - loss: 0.8260
- val_loss: 1.5241
- val_all_f1:  0.5440 0.5440 0.5440
- val_exp_f1:  0.8786 0.8786 0.8786
- val_non_f1:  0.2500 0.2497 0.2498

13056/13056 [==============================] - 235s - loss: 0.8258 - val_loss: 1.5241
Epoch 75/1000
12992/13056 [============================>.] - ETA: 1s - loss: 0.8081
- val_loss: 1.4598
- val_all_f1:  0.5774 0.5774 0.5774
- val_exp_f1:  0.8936 0.8923 0.8929
- val_non_f1:  0.3008 0.3004 0.3006

13056/13056 [==============================] - 235s - loss: 0.8100 - val_loss: 1.4598
Epoch 76/1000
12992/13056 [============================>.] - ETA: 1s - loss: 0.7995
- val_loss: 1.5064
- val_all_f1:  0.5440 0.5440 0.5440
- val_exp_f1:  0.8799 0.8786 0.8793
- val_non_f1:  0.2500 0.2497 0.2498

13056/13056 [==============================] - 235s - loss: 0.7983 - val_loss: 1.5064
Epoch 77/1000
12992/13056 [============================>.] - ETA: 1s - loss: 0.8049
- val_loss: 1.4539
- val_all_f1:  0.5646 0.5646 0.5646
- val_exp_f1:  0.8967 0.8953 0.8960
- val_non_f1:  0.2741 0.2737 0.2739

13056/13056 [==============================] - 235s - loss: 0.8069 - val_loss: 1.4539
Epoch 78/1000
12992/13056 [============================>.] - ETA: 1s - loss: 0.8171
- val_loss: 1.5083
- val_all_f1:  0.5476 0.5476 0.5476
- val_exp_f1:  0.8756 0.8756 0.8756
- val_non_f1:  0.2594 0.2590 0.2592

13056/13056 [==============================] - 235s - loss: 0.8172 - val_loss: 1.5083
Epoch 79/1000
12992/13056 [============================>.] - ETA: 1s - loss: 0.8166
- val_loss: 1.6455
- val_all_f1:  0.5099 0.5099 0.5099
- val_exp_f1:  0.8649 0.8649 0.8649
- val_non_f1:  0.1979 0.1976 0.1977

13056/13056 [==============================] - 234s - loss: 0.8161 - val_loss: 1.6455
Epoch 80/1000
12992/13056 [============================>.] - ETA: 1s - loss: 0.8318
- val_loss: 1.5237
- val_all_f1:  0.5376 0.5376 0.5376
- val_exp_f1:  0.8756 0.8756 0.8756
- val_non_f1:  0.2406 0.2403 0.2405

13056/13056 [==============================] - 234s - loss: 0.8310 - val_loss: 1.5237
Epoch 81/1000
12992/13056 [============================>.] - ETA: 1s - loss: 0.7921
- val_loss: 1.5279
- val_all_f1:  0.5412 0.5412 0.5412
- val_exp_f1:  0.8756 0.8756 0.8756
- val_non_f1:  0.2473 0.2470 0.2472

13056/13056 [==============================] - 235s - loss: 0.7933 - val_loss: 1.5279
Epoch 82/1000
12992/13056 [============================>.] - ETA: 1s - loss: 0.7735
- val_loss: 1.5389
- val_all_f1:  0.5384 0.5384 0.5384
- val_exp_f1:  0.8695 0.8695 0.8695
- val_non_f1:  0.2473 0.2470 0.2472

13056/13056 [==============================] - 235s - loss: 0.7729 - val_loss: 1.5389
Epoch 83/1000
12992/13056 [============================>.] - ETA: 1s - loss: 0.8024
- val_loss: 1.5293
- val_all_f1:  0.5398 0.5398 0.5398
- val_exp_f1:  0.8816 0.8816 0.8816
- val_non_f1:  0.2393 0.2390 0.2391

13056/13056 [==============================] - 235s - loss: 0.8037 - val_loss: 1.5293
Epoch 84/1000
12992/13056 [============================>.] - ETA: 1s - loss: 0.7801
- val_loss: 1.5317
- val_all_f1:  0.5440 0.5440 0.5440
- val_exp_f1:  0.8786 0.8786 0.8786
- val_non_f1:  0.2500 0.2497 0.2498

13056/13056 [==============================] - 236s - loss: 0.7798 - val_loss: 1.5317
Epoch 85/1000
12992/13056 [============================>.] - ETA: 1s - loss: 0.7986
- val_loss: 1.5427
- val_all_f1:  0.5391 0.5391 0.5391
- val_exp_f1:  0.8741 0.8741 0.8741
- val_non_f1:  0.2447 0.2443 0.2445

13056/13056 [==============================] - 235s - loss: 0.7979 - val_loss: 1.5427
Epoch 86/1000
12992/13056 [============================>.] - ETA: 1s - loss: 0.7922
- val_loss: 1.5496
- val_all_f1:  0.5384 0.5384 0.5384
- val_exp_f1:  0.8801 0.8801 0.8801
- val_non_f1:  0.2383 0.2377 0.2380

13056/13056 [==============================] - 235s - loss: 0.7922 - val_loss: 1.5496
Epoch 87/1000
12992/13056 [============================>.] - ETA: 1s - loss: 0.7848
- val_loss: 1.4958
- val_all_f1:  0.5625 0.5625 0.5625
- val_exp_f1:  0.8877 0.8877 0.8877
- val_non_f1:  0.2767 0.2764 0.2766

13056/13056 [==============================] - 235s - loss: 0.7852 - val_loss: 1.4958
Epoch 88/1000
12992/13056 [============================>.] - ETA: 1s - loss: 0.7859
- val_loss: 1.5040
- val_all_f1:  0.5462 0.5462 0.5462
- val_exp_f1:  0.8741 0.8741 0.8741
- val_non_f1:  0.2580 0.2577 0.2578

13056/13056 [==============================] - 235s - loss: 0.7871 - val_loss: 1.5040
Epoch 89/1000
12992/13056 [============================>.] - ETA: 1s - loss: 0.7901
- val_loss: 1.4758
- val_all_f1:  0.5604 0.5604 0.5604
- val_exp_f1:  0.9014 0.9014 0.9014
- val_non_f1:  0.2607 0.2603 0.2605

13056/13056 [==============================] - 235s - loss: 0.7907 - val_loss: 1.4758
Epoch 90/1000
12992/13056 [============================>.] - ETA: 1s - loss: 0.7819
- val_loss: 1.4965
- val_all_f1:  0.5533 0.5533 0.5533
- val_exp_f1:  0.8877 0.8877 0.8877
- val_non_f1:  0.2594 0.2590 0.2592

13056/13056 [==============================] - 235s - loss: 0.7809 - val_loss: 1.4965
Epoch 91/1000
12992/13056 [============================>.] - ETA: 1s - loss: 0.7612
- val_loss: 1.5086
- val_all_f1:  0.5540 0.5540 0.5540
- val_exp_f1:  0.8923 0.8923 0.8923
- val_non_f1:  0.2567 0.2563 0.2565

13056/13056 [==============================] - 236s - loss: 0.7621 - val_loss: 1.5086
Epoch 92/1000
12992/13056 [============================>.] - ETA: 1s - loss: 0.7792
- val_loss: 1.5242
- val_all_f1:  0.5447 0.5447 0.5447
- val_exp_f1:  0.8725 0.8725 0.8725
- val_non_f1:  0.2567 0.2563 0.2565

13056/13056 [==============================] - 236s - loss: 0.7793 - val_loss: 1.5242
Epoch 93/1000
12992/13056 [============================>.] - ETA: 1s - loss: 0.7955
- val_loss: 1.5798
- val_all_f1:  0.5348 0.5348 0.5348
- val_exp_f1:  0.8832 0.8832 0.8832
- val_non_f1:  0.2286 0.2283 0.2285

13056/13056 [==============================] - 235s - loss: 0.7942 - val_loss: 1.5798
Epoch 94/1000
12992/13056 [============================>.] - ETA: 1s - loss: 0.7740
- val_loss: 1.4974
- val_all_f1:  0.5746 0.5746 0.5746
- val_exp_f1:  0.8998 0.8998 0.8998
- val_non_f1:  0.2888 0.2884 0.2886

13056/13056 [==============================] - 234s - loss: 0.7732 - val_loss: 1.4974
Epoch 95/1000
12992/13056 [============================>.] - ETA: 1s - loss: 0.7891
- val_loss: 1.5843
- val_all_f1:  0.5256 0.5256 0.5256
- val_exp_f1:  0.8786 0.8786 0.8786
- val_non_f1:  0.2152 0.2150 0.2151

13056/13056 [==============================] - 234s - loss: 0.7904 - val_loss: 1.5843
Epoch 96/1000
12992/13056 [============================>.] - ETA: 1s - loss: 0.7768
- val_loss: 1.6331
- val_all_f1:  0.5170 0.5170 0.5170
- val_exp_f1:  0.8756 0.8756 0.8756
- val_non_f1:  0.2019 0.2016 0.2017

13056/13056 [==============================] - 235s - loss: 0.7765 - val_loss: 1.6331
Epoch 97/1000
12992/13056 [============================>.] - ETA: 1s - loss: 0.7922
- val_loss: 1.5221
- val_all_f1:  0.5526 0.5526 0.5526
- val_exp_f1:  0.8786 0.8786 0.8786
- val_non_f1:  0.2660 0.2657 0.2659

13056/13056 [==============================] - 234s - loss: 0.7919 - val_loss: 1.5221
Epoch 98/1000
12992/13056 [============================>.] - ETA: 1s - loss: 0.7699
- val_loss: 1.5899
- val_all_f1:  0.5284 0.5284 0.5284
- val_exp_f1:  0.8832 0.8832 0.8832
- val_non_f1:  0.2166 0.2163 0.2164

13056/13056 [==============================] - 234s - loss: 0.7706 - val_loss: 1.5899
Epoch 99/1000
12992/13056 [============================>.] - ETA: 1s - loss: 0.7836
- val_loss: 1.5653
- val_all_f1:  0.5334 0.5334 0.5334
- val_exp_f1:  0.8923 0.8923 0.8923
- val_non_f1:  0.2179 0.2176 0.2178

13056/13056 [==============================] - 234s - loss: 0.7843 - val_loss: 1.5653
Epoch 100/1000
12992/13056 [============================>.] - ETA: 1s - loss: 0.7845
- val_loss: 1.5466
- val_all_f1:  0.5369 0.5369 0.5369
- val_exp_f1:  0.8741 0.8741 0.8741
- val_non_f1:  0.2406 0.2403 0.2405

13056/13056 [==============================] - 234s - loss: 0.7844 - val_loss: 1.5466
Epoch 101/1000
12992/13056 [============================>.] - ETA: 1s - loss: 0.7458
- val_loss: 1.5252
- val_all_f1:  0.5639 0.5639 0.5639
- val_exp_f1:  0.8983 0.8983 0.8983
- val_non_f1:  0.2701 0.2697 0.2699

13056/13056 [==============================] - 234s - loss: 0.7460 - val_loss: 1.5252
Epoch 102/1000
12992/13056 [============================>.] - ETA: 1s - loss: 0.7606
- val_loss: 1.5976
- val_all_f1:  0.5206 0.5206 0.5206
- val_exp_f1:  0.8376 0.8376 0.8376
- val_non_f1:  0.2420 0.2417 0.2418

13056/13056 [==============================] - 234s - loss: 0.7609 - val_loss: 1.5976
Epoch 103/1000
12992/13056 [============================>.] - ETA: 1s - loss: 0.7524
- val_loss: 1.5911
- val_all_f1:  0.5227 0.5227 0.5227
- val_exp_f1:  0.8816 0.8816 0.8816
- val_non_f1:  0.2075 0.2069 0.2072

13056/13056 [==============================] - 233s - loss: 0.7527 - val_loss: 1.5911
Epoch 104/1000
12992/13056 [============================>.] - ETA: 1s - loss: 0.7657
- val_loss: 1.6455
- val_all_f1:  0.5206 0.5206 0.5206
- val_exp_f1:  0.8513 0.8513 0.8513
- val_non_f1:  0.2299 0.2296 0.2298

13056/13056 [==============================] - 234s - loss: 0.7651 - val_loss: 1.6455
Epoch 105/1000
12992/13056 [============================>.] - ETA: 1s - loss: 0.7567
- val_loss: 1.5722
- val_all_f1:  0.5582 0.5582 0.5582
- val_exp_f1:  0.8786 0.8786 0.8786
- val_non_f1:  0.2767 0.2764 0.2766

13056/13056 [==============================] - 234s - loss: 0.7573 - val_loss: 1.5722
Epoch 106/1000
12992/13056 [============================>.] - ETA: 1s - loss: 0.7758
- val_loss: 1.5964
- val_all_f1:  0.5455 0.5455 0.5455
- val_exp_f1:  0.8741 0.8741 0.8741
- val_non_f1:  0.2567 0.2563 0.2565

13056/13056 [==============================] - 233s - loss: 0.7760 - val_loss: 1.5964
Epoch 107/1000
12992/13056 [============================>.] - ETA: 1s - loss: 0.7749
- val_loss: 1.5945
- val_all_f1:  0.5433 0.5433 0.5433
- val_exp_f1:  0.8771 0.8771 0.8771
- val_non_f1:  0.2500 0.2497 0.2498

13056/13056 [==============================] - 233s - loss: 0.7750 - val_loss: 1.5945
Epoch 108/1000
12992/13056 [============================>.] - ETA: 1s - loss: 0.7549
- val_loss: 1.6202
- val_all_f1:  0.5298 0.5298 0.5298
- val_exp_f1:  0.8558 0.8558 0.8558
- val_non_f1:  0.2436 0.2430 0.2433

13056/13056 [==============================] - 233s - loss: 0.7537 - val_loss: 1.6202
Epoch 109/1000
12992/13056 [============================>.] - ETA: 1s - loss: 0.7718
- val_loss: 1.6299
- val_all_f1:  0.5000 0.5000 0.5000
- val_exp_f1:  0.7754 0.7754 0.7754
- val_non_f1:  0.2580 0.2577 0.2578

13056/13056 [==============================] - 233s - loss: 0.7709 - val_loss: 1.6299
Epoch 110/1000
12992/13056 [============================>.] - ETA: 1s - loss: 0.7608
- val_loss: 1.6308
- val_all_f1:  0.5099 0.5099 0.5099
- val_exp_f1:  0.7936 0.7936 0.7936
- val_non_f1:  0.2607 0.2603 0.2605

13056/13056 [==============================] - 233s - loss: 0.7633 - val_loss: 1.6308
Epoch 111/1000
12992/13056 [============================>.] - ETA: 1s - loss: 0.7369
- val_loss: 1.5908
- val_all_f1:  0.5426 0.5426 0.5426
- val_exp_f1:  0.8680 0.8680 0.8680
- val_non_f1:  0.2567 0.2563 0.2565

13056/13056 [==============================] - 233s - loss: 0.7378 - val_loss: 1.5908
Epoch 112/1000
12992/13056 [============================>.] - ETA: 1s - loss: 0.7286
- val_loss: 1.5969
- val_all_f1:  0.5447 0.5447 0.5447
- val_exp_f1:  0.8756 0.8756 0.8756
- val_non_f1:  0.2540 0.2537 0.2538

13056/13056 [==============================] - 234s - loss: 0.7282 - val_loss: 1.5969
Epoch 113/1000
12992/13056 [============================>.] - ETA: 1s - loss: 0.7461
- val_loss: 1.5842
- val_all_f1:  0.5405 0.5405 0.5405
- val_exp_f1:  0.8862 0.8862 0.8862
- val_non_f1:  0.2366 0.2363 0.2365

13056/13056 [==============================] - 234s - loss: 0.7475 - val_loss: 1.5842
Epoch 114/1000
12992/13056 [============================>.] - ETA: 1s - loss: 0.7629
- val_loss: 1.6701
- val_all_f1:  0.5071 0.5071 0.5071
- val_exp_f1:  0.8255 0.8255 0.8255
- val_non_f1:  0.2273 0.2270 0.2271

13056/13056 [==============================] - 234s - loss: 0.7636 - val_loss: 1.6701
Epoch 115/1000
12992/13056 [============================>.] - ETA: 1s - loss: 0.7672
- val_loss: 1.6066
- val_all_f1:  0.5447 0.5447 0.5447
- val_exp_f1:  0.8816 0.8816 0.8816
- val_non_f1:  0.2487 0.2483 0.2485

13056/13056 [==============================] - 234s - loss: 0.7676 - val_loss: 1.6066
Epoch 116/1000
12992/13056 [============================>.] - ETA: 1s - loss: 0.7694
- val_loss: 1.6187
- val_all_f1:  0.5362 0.5362 0.5362
- val_exp_f1:  0.8771 0.8771 0.8771
- val_non_f1:  0.2366 0.2363 0.2365

13056/13056 [==============================] - 236s - loss: 0.7687 - val_loss: 1.6187
Epoch 117/1000
12992/13056 [============================>.] - ETA: 1s - loss: 0.7674
- val_loss: 1.6229
- val_all_f1:  0.5170 0.5170 0.5170
- val_exp_f1:  0.8209 0.8209 0.8209
- val_non_f1:  0.2500 0.2497 0.2498

13056/13056 [==============================] - 236s - loss: 0.7679 - val_loss: 1.6229
Epoch 118/1000
12992/13056 [============================>.] - ETA: 1s - loss: 0.7634
- val_loss: 1.6043
- val_all_f1:  0.5298 0.5298 0.5298
- val_exp_f1:  0.8483 0.8483 0.8483
- val_non_f1:  0.2500 0.2497 0.2498

13056/13056 [==============================] - 239s - loss: 0.7626 - val_loss: 1.6043
Epoch 119/1000
12992/13056 [============================>.] - ETA: 1s - loss: 0.7593
- val_loss: 1.5590
- val_all_f1:  0.5554 0.5554 0.5554
- val_exp_f1:  0.8665 0.8665 0.8665
- val_non_f1:  0.2821 0.2817 0.2819

13056/13056 [==============================] - 240s - loss: 0.7589 - val_loss: 1.5590
Epoch 120/1000
12992/13056 [============================>.] - ETA: 1s - loss: 0.7555
- val_loss: 1.5366
- val_all_f1:  0.5778 0.5774 0.5776
- val_exp_f1:  0.8815 0.8801 0.8808
- val_non_f1:  0.3115 0.3111 0.3113

13056/13056 [==============================] - 235s - loss: 0.7541 - val_loss: 1.5366
Epoch 121/1000
12992/13056 [============================>.] - ETA: 1s - loss: 0.7396
- val_loss: 1.7277
- val_all_f1:  0.4815 0.4815 0.4815
- val_exp_f1:  0.7618 0.7618 0.7618
- val_non_f1:  0.2353 0.2350 0.2351

13056/13056 [==============================] - 235s - loss: 0.7382 - val_loss: 1.7277
Epoch 122/1000
12992/13056 [============================>.] - ETA: 1s - loss: 0.7382
- val_loss: 1.5370
- val_all_f1:  0.5703 0.5703 0.5703
- val_exp_f1:  0.8847 0.8847 0.8847
- val_non_f1:  0.2941 0.2937 0.2939

13056/13056 [==============================] - 235s - loss: 0.7388 - val_loss: 1.5370
Epoch 123/1000
12992/13056 [============================>.] - ETA: 1s - loss: 0.7310
- val_loss: 1.6518
- val_all_f1:  0.5291 0.5291 0.5291
- val_exp_f1:  0.8483 0.8483 0.8483
- val_non_f1:  0.2487 0.2483 0.2485

13056/13056 [==============================] - 235s - loss: 0.7299 - val_loss: 1.6518
Epoch 124/1000
12992/13056 [============================>.] - ETA: 1s - loss: 0.7284
- val_loss: 1.5951
- val_all_f1:  0.5355 0.5355 0.5355
- val_exp_f1:  0.8665 0.8665 0.8665
- val_non_f1:  0.2447 0.2443 0.2445

13056/13056 [==============================] - 235s - loss: 0.7276 - val_loss: 1.5951
Epoch 125/1000
12992/13056 [============================>.] - ETA: 1s - loss: 0.7497
- val_loss: 1.5310
- val_all_f1:  0.5611 0.5611 0.5611
- val_exp_f1:  0.8710 0.8710 0.8710
- val_non_f1:  0.2888 0.2884 0.2886

13056/13056 [==============================] - 234s - loss: 0.7502 - val_loss: 1.5310
Epoch 126/1000
12992/13056 [============================>.] - ETA: 1s - loss: 0.7354
- val_loss: 1.5999
- val_all_f1:  0.5348 0.5348 0.5348
- val_exp_f1:  0.8634 0.8634 0.8634
- val_non_f1:  0.2460 0.2457 0.2458

13056/13056 [==============================] - 234s - loss: 0.7351 - val_loss: 1.5999
Epoch 127/1000
12992/13056 [============================>.] - ETA: 1s - loss: 0.7543
- val_loss: 1.5930
- val_all_f1:  0.5298 0.5298 0.5298
- val_exp_f1:  0.8558 0.8558 0.8558
- val_non_f1:  0.2433 0.2430 0.2432

13056/13056 [==============================] - 234s - loss: 0.7550 - val_loss: 1.5930
Epoch 128/1000
12992/13056 [============================>.] - ETA: 1s - loss: 0.7562
- val_loss: 1.5356
- val_all_f1:  0.5696 0.5696 0.5696
- val_exp_f1:  0.8847 0.8847 0.8847
- val_non_f1:  0.2928 0.2924 0.2926

13056/13056 [==============================] - 234s - loss: 0.7540 - val_loss: 1.5356
Epoch 129/1000
12992/13056 [============================>.] - ETA: 1s - loss: 0.7596
- val_loss: 1.6370
- val_all_f1:  0.5192 0.5192 0.5192
- val_exp_f1:  0.8361 0.8361 0.8361
- val_non_f1:  0.2406 0.2403 0.2405

13056/13056 [==============================] - 233s - loss: 0.7600 - val_loss: 1.6370
Epoch 130/1000
12992/13056 [============================>.] - ETA: 1s - loss: 0.7197
- val_loss: 1.5859
- val_all_f1:  0.5462 0.5462 0.5462
- val_exp_f1:  0.8634 0.8634 0.8634
- val_non_f1:  0.2674 0.2670 0.2672

13056/13056 [==============================] - 232s - loss: 0.7194 - val_loss: 1.5859
Epoch 131/1000
12992/13056 [============================>.] - ETA: 1s - loss: 0.6930
- val_loss: 1.5816
- val_all_f1:  0.5490 0.5490 0.5490
- val_exp_f1:  0.8816 0.8816 0.8816
- val_non_f1:  0.2567 0.2563 0.2565

13056/13056 [==============================] - 234s - loss: 0.6934 - val_loss: 1.5816
Epoch 132/1000
12992/13056 [============================>.] - ETA: 1s - loss: 0.7205
- val_loss: 1.7366
- val_all_f1:  0.5000 0.5000 0.5000
- val_exp_f1:  0.8422 0.8422 0.8422
- val_non_f1:  0.1992 0.1989 0.1991

13056/13056 [==============================] - 234s - loss: 0.7215 - val_loss: 1.7366
Epoch 133/1000
12992/13056 [============================>.] - ETA: 1s - loss: 0.7351
- val_loss: 1.7163
- val_all_f1:  0.4858 0.4858 0.4858
- val_exp_f1:  0.7997 0.7997 0.7997
- val_non_f1:  0.2099 0.2096 0.2098

13056/13056 [==============================] - 233s - loss: 0.7351 - val_loss: 1.7163
Epoch 134/1000
12992/13056 [============================>.] - ETA: 1s - loss: 0.7228
- val_loss: 1.6415
- val_all_f1:  0.5213 0.5213 0.5213
- val_exp_f1:  0.8862 0.8862 0.8862
- val_non_f1:  0.2005 0.2003 0.2004

13056/13056 [==============================] - 233s - loss: 0.7226 - val_loss: 1.6415
Epoch 135/1000
12992/13056 [============================>.] - ETA: 1s - loss: 0.7291
- val_loss: 1.5660
- val_all_f1:  0.5433 0.5433 0.5433
- val_exp_f1:  0.8786 0.8786 0.8786
- val_non_f1:  0.2487 0.2483 0.2485

13056/13056 [==============================] - 233s - loss: 0.7276 - val_loss: 1.5660
Epoch 136/1000
12992/13056 [============================>.] - ETA: 1s - loss: 0.7391
- val_loss: 1.5787
- val_all_f1:  0.5462 0.5462 0.5462
- val_exp_f1:  0.8801 0.8801 0.8801
- val_non_f1:  0.2527 0.2523 0.2525

13056/13056 [==============================] - 233s - loss: 0.7394 - val_loss: 1.5787
Epoch 137/1000
12992/13056 [============================>.] - ETA: 1s - loss: 0.7471
- val_loss: 1.6018
- val_all_f1:  0.5284 0.5284 0.5284
- val_exp_f1:  0.8877 0.8877 0.8877
- val_non_f1:  0.2126 0.2123 0.2124

13056/13056 [==============================] - 233s - loss: 0.7466 - val_loss: 1.6018
Epoch 138/1000
12992/13056 [============================>.] - ETA: 1s - loss: 0.7134
- val_loss: 1.5222
- val_all_f1:  0.5646 0.5646 0.5646
- val_exp_f1:  0.9044 0.9044 0.9044
- val_non_f1:  0.2660 0.2657 0.2659

13056/13056 [==============================] - 233s - loss: 0.7140 - val_loss: 1.5222
[2017-07-21 00:16] training finished (ex/conll16st-v35b1-en-fd-8-rn-8-1)
[2017-07-21 00:16] best_val_loss: 45 - loss: 0.8636 - val_loss: 1.4466 - val_all_f1: 0.5639 - val_exp_f1: 0.8892 - val_non_f1: 0.2779
[2017-07-21 00:16] best_val_all_f1: 36 - loss: 0.8903 - val_loss: 1.4690 - val_all_f1: 0.5874 - val_exp_f1: 0.8725 - val_non_f1: 0.3364
