[2017-07-20 15:04] configuration (ex/conll16st-v35b1-zhch-default-3)
[2017-07-20 15:04]   config 'arg1_len': 900
[2017-07-20 15:04]   config 'arg2_len': 900
[2017-07-20 15:04]   config 'backend': theano
[2017-07-20 15:04]   config 'backend_theano': device=gpu,floatX=float32,nvcc.fastmath=True,lib.cnmem=1
[2017-07-20 15:04]   config 'batch_size': 64
[2017-07-20 15:04]   config 'conn_len': 20
[2017-07-20 15:04]   config 'continue_': False
[2017-07-20 15:04]   config 'curriculum_end': 0.0
[2017-07-20 15:04]   config 'epochs': 1000
[2017-07-20 15:04]   config 'epochs_patience': 100
[2017-07-20 15:04]   config 'epochs_ratio': 0.1
[2017-07-20 15:04]   config 'filter_act': sigmoid
[2017-07-20 15:04]   config 'filter_append_act': linear
[2017-07-20 15:04]   config 'filter_append_batchnorm': False
[2017-07-20 15:04]   config 'filter_append_dim': 0
[2017-07-20 15:04]   config 'filter_append_dropout': 0.0
[2017-07-20 15:04]   config 'filter_apply': mul
[2017-07-20 15:04]   config 'filter_dim': 12
[2017-07-20 15:04]   config 'filter_dropout_U': 0.0
[2017-07-20 15:04]   config 'filter_dropout_W': 0.0
[2017-07-20 15:04]   config 'filter_fn_name': None
[2017-07-20 15:04]   config 'filter_shared': global
[2017-07-20 15:04]   config 'filter_type': lstm-fb
[2017-07-20 15:04]   config 'filter_zoneout_c': 0.0
[2017-07-20 15:04]   config 'filter_zoneout_h': 0.0
[2017-07-20 15:04]   config 'final_act': SReLU
[2017-07-20 15:04]   config 'final_dim': 80
[2017-07-20 15:04]   config 'final_dropout': 0.3
[2017-07-20 15:04]   config 'lang': zh
[2017-07-20 15:04]   config 'masking': True
[2017-07-20 15:04]   config 'mode': char
[2017-07-20 15:04]   config 'model_dir': ex/conll16st-v35b1-zhch-default-3
[2017-07-20 15:04]   config 'optimizer': adam
[2017-07-20 15:04]   config 'original_positives': 0
[2017-07-20 15:04]   config 'punc_len': 2
[2017-07-20 15:04]   config 'random_negatives': 2
[2017-07-20 15:04]   config 'random_positives': 2
[2017-07-20 15:04]   config 'random_proba_1': 0.1
[2017-07-20 15:04]   config 'random_proba_2': 0.1
[2017-07-20 15:04]   config 'random_proba_3': 0.9
[2017-07-20 15:04]   config 'rnn_act': tanh
[2017-07-20 15:04]   config 'rnn_dim': 20
[2017-07-20 15:04]   config 'rnn_dropout_U': 0.0
[2017-07-20 15:04]   config 'rnn_dropout_W': 0.0
[2017-07-20 15:04]   config 'rnn_dropout_merge': 0.3
[2017-07-20 15:04]   config 'rnn_merge': concat
[2017-07-20 15:04]   config 'rnn_num': 12
[2017-07-20 15:04]   config 'rnn_shared': aspect
[2017-07-20 15:04]   config 'rnn_type': lstm-fwd
[2017-07-20 15:04]   config 'rnn_zoneout_c': 0.0
[2017-07-20 15:04]   config 'rnn_zoneout_h': 0.0
[2017-07-20 15:04]   config 'snapshot_size': 2048
[2017-07-20 15:04]   config 'train_dir': data/conll16st-zh-01-08-2016-train
[2017-07-20 15:04]   config 'valid_dir': data/conll16st-zh-01-08-2016-dev
[2017-07-20 15:04]   config 'words2vec_bin': None
[2017-07-20 15:04]   config 'words2vec_txt': None
[2017-07-20 15:04]   config 'words_dim': 20
[2017-07-20 15:04]   config 'words_dropout': 0.3
[2017-07-20 15:04]   config 'words_shared': global
[2017-07-20 15:04]   config 'words_trainable': True
[2017-07-20 15:04] load dataset for training (data/conll16st-zh-01-08-2016-train)
[2017-07-20 15:04]   lang: zh, rel_ids: 10240
[2017-07-20 15:04] load dataset for validation (data/conll16st-zh-01-08-2016-dev)
[2017-07-20 15:04]   lang: zh, rel_ids: 383
[2017-07-20 15:04] build indexes from training
[2017-07-20 15:04]   words2id: 2859, target2id: 12
[2017-07-20 15:04] target class distribution from training
[2017-07-20 15:04]   class 0 = 'None': None
[2017-07-20 15:04]   class 1 = '': None
[2017-07-20 15:04]   class 2 = 'Conjunction': 6102
[2017-07-20 15:04]   class 3 = 'Expansion': 1435
[2017-07-20 15:04]   class 4 = 'EntRel': 1098
[2017-07-20 15:04]   class 5 = 'Causation': 456
[2017-07-20 15:04]   class 6 = 'Temporal': 434
[2017-07-20 15:04]   class 7 = 'Contrast': 340
[2017-07-20 15:04]   class 8 = 'Purpose': 244
[2017-07-20 15:04]   class 9 = 'Conditional': 134
[2017-07-20 15:04]   class 10 = 'Progression': 75
[2017-07-20 15:04]   class 11 = 'Alternative': 18
[2017-07-20 15:04] build model
____________________________________________________________________________________________________
Layer (type)                     Output Shape          Param #     Connected to                     
====================================================================================================
arg1_ids (InputLayer)            (None, 900)           0                                            
____________________________________________________________________________________________________
arg2_ids (InputLayer)            (None, 900)           0                                            
____________________________________________________________________________________________________
conn_ids (InputLayer)            (None, 20)            0                                            
____________________________________________________________________________________________________
punc_ids (InputLayer)            (None, 2)             0                                            
____________________________________________________________________________________________________
embedding_1 (Embedding)          multiple              57180       arg1_ids[0][0]                   
                                                                   arg2_ids[0][0]                   
                                                                   conn_ids[0][0]                   
                                                                   punc_ids[0][0]                   
____________________________________________________________________________________________________
shareablelstm_1 (ShareableLSTM)  multiple              1584        embedding_1[0][0]                
                                                                   embedding_1[1][0]                
                                                                   embedding_1[2][0]                
                                                                   embedding_1[3][0]                
____________________________________________________________________________________________________
shareablelstm_2 (ShareableLSTM)  multiple              1584        embedding_1[0][0]                
                                                                   embedding_1[1][0]                
                                                                   embedding_1[2][0]                
                                                                   embedding_1[3][0]                
____________________________________________________________________________________________________
merge_1 (Merge)                  (None, 900, 12)       0           shareablelstm_1[0][0]            
                                                                   shareablelstm_2[0][0]            
____________________________________________________________________________________________________
merge_15 (Merge)                 (None, 900, 12)       0           shareablelstm_1[1][0]            
                                                                   shareablelstm_2[1][0]            
____________________________________________________________________________________________________
merge_29 (Merge)                 (None, 20, 12)        0           shareablelstm_1[2][0]            
                                                                   shareablelstm_2[2][0]            
____________________________________________________________________________________________________
merge_43 (Merge)                 (None, 2, 12)         0           shareablelstm_1[3][0]            
                                                                   shareablelstm_2[3][0]            
____________________________________________________________________________________________________
arg1_filters (Activation)        (None, 900, 12)       0           merge_1[0][0]                    
____________________________________________________________________________________________________
arg2_filters (Activation)        (None, 900, 12)       0           merge_15[0][0]                   
____________________________________________________________________________________________________
conn_filters (Activation)        (None, 20, 12)        0           merge_29[0][0]                   
____________________________________________________________________________________________________
punc_filters (Activation)        (None, 2, 12)         0           merge_43[0][0]                   
____________________________________________________________________________________________________
merge_2 (Merge)                  (None, 900, 20)       0           embedding_1[0][0]                
                                                                   arg1_filters[0][0]               
____________________________________________________________________________________________________
merge_3 (Merge)                  (None, 900, 20)       0           embedding_1[0][0]                
                                                                   arg1_filters[0][0]               
____________________________________________________________________________________________________
merge_4 (Merge)                  (None, 900, 20)       0           embedding_1[0][0]                
                                                                   arg1_filters[0][0]               
____________________________________________________________________________________________________
merge_5 (Merge)                  (None, 900, 20)       0           embedding_1[0][0]                
                                                                   arg1_filters[0][0]               
____________________________________________________________________________________________________
merge_6 (Merge)                  (None, 900, 20)       0           embedding_1[0][0]                
                                                                   arg1_filters[0][0]               
____________________________________________________________________________________________________
merge_7 (Merge)                  (None, 900, 20)       0           embedding_1[0][0]                
                                                                   arg1_filters[0][0]               
____________________________________________________________________________________________________
merge_8 (Merge)                  (None, 900, 20)       0           embedding_1[0][0]                
                                                                   arg1_filters[0][0]               
____________________________________________________________________________________________________
merge_9 (Merge)                  (None, 900, 20)       0           embedding_1[0][0]                
                                                                   arg1_filters[0][0]               
____________________________________________________________________________________________________
merge_10 (Merge)                 (None, 900, 20)       0           embedding_1[0][0]                
                                                                   arg1_filters[0][0]               
____________________________________________________________________________________________________
merge_11 (Merge)                 (None, 900, 20)       0           embedding_1[0][0]                
                                                                   arg1_filters[0][0]               
____________________________________________________________________________________________________
merge_12 (Merge)                 (None, 900, 20)       0           embedding_1[0][0]                
                                                                   arg1_filters[0][0]               
____________________________________________________________________________________________________
merge_13 (Merge)                 (None, 900, 20)       0           embedding_1[0][0]                
                                                                   arg1_filters[0][0]               
____________________________________________________________________________________________________
merge_16 (Merge)                 (None, 900, 20)       0           embedding_1[1][0]                
                                                                   arg2_filters[0][0]               
____________________________________________________________________________________________________
merge_17 (Merge)                 (None, 900, 20)       0           embedding_1[1][0]                
                                                                   arg2_filters[0][0]               
____________________________________________________________________________________________________
merge_18 (Merge)                 (None, 900, 20)       0           embedding_1[1][0]                
                                                                   arg2_filters[0][0]               
____________________________________________________________________________________________________
merge_19 (Merge)                 (None, 900, 20)       0           embedding_1[1][0]                
                                                                   arg2_filters[0][0]               
____________________________________________________________________________________________________
merge_20 (Merge)                 (None, 900, 20)       0           embedding_1[1][0]                
                                                                   arg2_filters[0][0]               
____________________________________________________________________________________________________
merge_21 (Merge)                 (None, 900, 20)       0           embedding_1[1][0]                
                                                                   arg2_filters[0][0]               
____________________________________________________________________________________________________
merge_22 (Merge)                 (None, 900, 20)       0           embedding_1[1][0]                
                                                                   arg2_filters[0][0]               
____________________________________________________________________________________________________
merge_23 (Merge)                 (None, 900, 20)       0           embedding_1[1][0]                
                                                                   arg2_filters[0][0]               
____________________________________________________________________________________________________
merge_24 (Merge)                 (None, 900, 20)       0           embedding_1[1][0]                
                                                                   arg2_filters[0][0]               
____________________________________________________________________________________________________
merge_25 (Merge)                 (None, 900, 20)       0           embedding_1[1][0]                
                                                                   arg2_filters[0][0]               
____________________________________________________________________________________________________
merge_26 (Merge)                 (None, 900, 20)       0           embedding_1[1][0]                
                                                                   arg2_filters[0][0]               
____________________________________________________________________________________________________
merge_27 (Merge)                 (None, 900, 20)       0           embedding_1[1][0]                
                                                                   arg2_filters[0][0]               
____________________________________________________________________________________________________
merge_30 (Merge)                 (None, 20, 20)        0           embedding_1[2][0]                
                                                                   conn_filters[0][0]               
____________________________________________________________________________________________________
merge_31 (Merge)                 (None, 20, 20)        0           embedding_1[2][0]                
                                                                   conn_filters[0][0]               
____________________________________________________________________________________________________
merge_32 (Merge)                 (None, 20, 20)        0           embedding_1[2][0]                
                                                                   conn_filters[0][0]               
____________________________________________________________________________________________________
merge_33 (Merge)                 (None, 20, 20)        0           embedding_1[2][0]                
                                                                   conn_filters[0][0]               
____________________________________________________________________________________________________
merge_34 (Merge)                 (None, 20, 20)        0           embedding_1[2][0]                
                                                                   conn_filters[0][0]               
____________________________________________________________________________________________________
merge_35 (Merge)                 (None, 20, 20)        0           embedding_1[2][0]                
                                                                   conn_filters[0][0]               
____________________________________________________________________________________________________
merge_36 (Merge)                 (None, 20, 20)        0           embedding_1[2][0]                
                                                                   conn_filters[0][0]               
____________________________________________________________________________________________________
merge_37 (Merge)                 (None, 20, 20)        0           embedding_1[2][0]                
                                                                   conn_filters[0][0]               
____________________________________________________________________________________________________
merge_38 (Merge)                 (None, 20, 20)        0           embedding_1[2][0]                
                                                                   conn_filters[0][0]               
____________________________________________________________________________________________________
merge_39 (Merge)                 (None, 20, 20)        0           embedding_1[2][0]                
                                                                   conn_filters[0][0]               
____________________________________________________________________________________________________
merge_40 (Merge)                 (None, 20, 20)        0           embedding_1[2][0]                
                                                                   conn_filters[0][0]               
____________________________________________________________________________________________________
merge_41 (Merge)                 (None, 20, 20)        0           embedding_1[2][0]                
                                                                   conn_filters[0][0]               
____________________________________________________________________________________________________
merge_44 (Merge)                 (None, 2, 20)         0           embedding_1[3][0]                
                                                                   punc_filters[0][0]               
____________________________________________________________________________________________________
merge_45 (Merge)                 (None, 2, 20)         0           embedding_1[3][0]                
                                                                   punc_filters[0][0]               
____________________________________________________________________________________________________
merge_46 (Merge)                 (None, 2, 20)         0           embedding_1[3][0]                
                                                                   punc_filters[0][0]               
____________________________________________________________________________________________________
merge_47 (Merge)                 (None, 2, 20)         0           embedding_1[3][0]                
                                                                   punc_filters[0][0]               
____________________________________________________________________________________________________
merge_48 (Merge)                 (None, 2, 20)         0           embedding_1[3][0]                
                                                                   punc_filters[0][0]               
____________________________________________________________________________________________________
merge_49 (Merge)                 (None, 2, 20)         0           embedding_1[3][0]                
                                                                   punc_filters[0][0]               
____________________________________________________________________________________________________
merge_50 (Merge)                 (None, 2, 20)         0           embedding_1[3][0]                
                                                                   punc_filters[0][0]               
____________________________________________________________________________________________________
merge_51 (Merge)                 (None, 2, 20)         0           embedding_1[3][0]                
                                                                   punc_filters[0][0]               
____________________________________________________________________________________________________
merge_52 (Merge)                 (None, 2, 20)         0           embedding_1[3][0]                
                                                                   punc_filters[0][0]               
____________________________________________________________________________________________________
merge_53 (Merge)                 (None, 2, 20)         0           embedding_1[3][0]                
                                                                   punc_filters[0][0]               
____________________________________________________________________________________________________
merge_54 (Merge)                 (None, 2, 20)         0           embedding_1[3][0]                
                                                                   punc_filters[0][0]               
____________________________________________________________________________________________________
merge_55 (Merge)                 (None, 2, 20)         0           embedding_1[3][0]                
                                                                   punc_filters[0][0]               
____________________________________________________________________________________________________
shareablelstm_3 (ShareableLSTM)  (None, 20)            3280        merge_2[0][0]                    
                                                                   merge_16[0][0]                   
                                                                   merge_30[0][0]                   
                                                                   merge_44[0][0]                   
____________________________________________________________________________________________________
shareablelstm_5 (ShareableLSTM)  (None, 20)            3280        merge_3[0][0]                    
                                                                   merge_17[0][0]                   
                                                                   merge_31[0][0]                   
                                                                   merge_45[0][0]                   
____________________________________________________________________________________________________
shareablelstm_7 (ShareableLSTM)  (None, 20)            3280        merge_4[0][0]                    
                                                                   merge_18[0][0]                   
                                                                   merge_32[0][0]                   
                                                                   merge_46[0][0]                   
____________________________________________________________________________________________________
shareablelstm_9 (ShareableLSTM)  (None, 20)            3280        merge_5[0][0]                    
                                                                   merge_19[0][0]                   
                                                                   merge_33[0][0]                   
                                                                   merge_47[0][0]                   
____________________________________________________________________________________________________
shareablelstm_11 (ShareableLSTM) (None, 20)            3280        merge_6[0][0]                    
                                                                   merge_20[0][0]                   
                                                                   merge_34[0][0]                   
                                                                   merge_48[0][0]                   
____________________________________________________________________________________________________
shareablelstm_13 (ShareableLSTM) (None, 20)            3280        merge_7[0][0]                    
                                                                   merge_21[0][0]                   
                                                                   merge_35[0][0]                   
                                                                   merge_49[0][0]                   
____________________________________________________________________________________________________
shareablelstm_15 (ShareableLSTM) (None, 20)            3280        merge_8[0][0]                    
                                                                   merge_22[0][0]                   
                                                                   merge_36[0][0]                   
                                                                   merge_50[0][0]                   
____________________________________________________________________________________________________
shareablelstm_17 (ShareableLSTM) (None, 20)            3280        merge_9[0][0]                    
                                                                   merge_23[0][0]                   
                                                                   merge_37[0][0]                   
                                                                   merge_51[0][0]                   
____________________________________________________________________________________________________
shareablelstm_19 (ShareableLSTM) (None, 20)            3280        merge_10[0][0]                   
                                                                   merge_24[0][0]                   
                                                                   merge_38[0][0]                   
                                                                   merge_52[0][0]                   
____________________________________________________________________________________________________
shareablelstm_21 (ShareableLSTM) (None, 20)            3280        merge_11[0][0]                   
                                                                   merge_25[0][0]                   
                                                                   merge_39[0][0]                   
                                                                   merge_53[0][0]                   
____________________________________________________________________________________________________
shareablelstm_23 (ShareableLSTM) (None, 20)            3280        merge_12[0][0]                   
                                                                   merge_26[0][0]                   
                                                                   merge_40[0][0]                   
                                                                   merge_54[0][0]                   
____________________________________________________________________________________________________
shareablelstm_25 (ShareableLSTM) (None, 20)            3280        merge_13[0][0]                   
                                                                   merge_27[0][0]                   
                                                                   merge_41[0][0]                   
                                                                   merge_55[0][0]                   
____________________________________________________________________________________________________
merge_14 (Merge)                 (None, 240)           0           shareablelstm_3[0][0]            
                                                                   shareablelstm_5[0][0]            
                                                                   shareablelstm_7[0][0]            
                                                                   shareablelstm_9[0][0]            
                                                                   shareablelstm_11[0][0]           
                                                                   shareablelstm_13[0][0]           
                                                                   shareablelstm_15[0][0]           
                                                                   shareablelstm_17[0][0]           
                                                                   shareablelstm_19[0][0]           
                                                                   shareablelstm_21[0][0]           
                                                                   shareablelstm_23[0][0]           
                                                                   shareablelstm_25[0][0]           
____________________________________________________________________________________________________
merge_28 (Merge)                 (None, 240)           0           shareablelstm_3[1][0]            
                                                                   shareablelstm_5[1][0]            
                                                                   shareablelstm_7[1][0]            
                                                                   shareablelstm_9[1][0]            
                                                                   shareablelstm_11[1][0]           
                                                                   shareablelstm_13[1][0]           
                                                                   shareablelstm_15[1][0]           
                                                                   shareablelstm_17[1][0]           
                                                                   shareablelstm_19[1][0]           
                                                                   shareablelstm_21[1][0]           
                                                                   shareablelstm_23[1][0]           
                                                                   shareablelstm_25[1][0]           
____________________________________________________________________________________________________
merge_42 (Merge)                 (None, 240)           0           shareablelstm_3[2][0]            
                                                                   shareablelstm_5[2][0]            
                                                                   shareablelstm_7[2][0]            
                                                                   shareablelstm_9[2][0]            
                                                                   shareablelstm_11[2][0]           
                                                                   shareablelstm_13[2][0]           
                                                                   shareablelstm_15[2][0]           
                                                                   shareablelstm_17[2][0]           
                                                                   shareablelstm_19[2][0]           
                                                                   shareablelstm_21[2][0]           
                                                                   shareablelstm_23[2][0]           
                                                                   shareablelstm_25[2][0]           
____________________________________________________________________________________________________
merge_56 (Merge)                 (None, 240)           0           shareablelstm_3[3][0]            
                                                                   shareablelstm_5[3][0]            
                                                                   shareablelstm_7[3][0]            
                                                                   shareablelstm_9[3][0]            
                                                                   shareablelstm_11[3][0]           
                                                                   shareablelstm_13[3][0]           
                                                                   shareablelstm_15[3][0]           
                                                                   shareablelstm_17[3][0]           
                                                                   shareablelstm_19[3][0]           
                                                                   shareablelstm_21[3][0]           
                                                                   shareablelstm_23[3][0]           
                                                                   shareablelstm_25[3][0]           
____________________________________________________________________________________________________
dropout_1 (Dropout)              (None, 240)           0           merge_14[0][0]                   
____________________________________________________________________________________________________
dropout_2 (Dropout)              (None, 240)           0           merge_28[0][0]                   
____________________________________________________________________________________________________
dropout_3 (Dropout)              (None, 240)           0           merge_42[0][0]                   
____________________________________________________________________________________________________
dropout_4 (Dropout)              (None, 240)           0           merge_56[0][0]                   
____________________________________________________________________________________________________
merge_57 (Merge)                 (None, 960)           0           dropout_1[0][0]                  
                                                                   dropout_2[0][0]                  
                                                                   dropout_3[0][0]                  
                                                                   dropout_4[0][0]                  
____________________________________________________________________________________________________
dense_1 (Dense)                  (None, 80)            76880       merge_57[0][0]                   
____________________________________________________________________________________________________
srelu_1 (SReLU)                  (None, 80)            320         dense_1[0][0]                    
____________________________________________________________________________________________________
dropout_5 (Dropout)              (None, 80)            0           srelu_1[0][0]                    
____________________________________________________________________________________________________
dense_2 (Dense)                  (None, 12)            972         dropout_5[0][0]                  
____________________________________________________________________________________________________
target (Activation)              (None, 12)            0           dense_2[0][0]                    
====================================================================================================
Total params: 177,880
Trainable params: 177,880
Non-trainable params: 0
____________________________________________________________________________________________________
[2017-07-20 15:29] initialize weights
[2017-07-20 15:29] training preparation
[2017-07-20 15:29] train model (ex/conll16st-v35b1-zhch-default-3)
Epoch 1/1000
4032/4096 [============================>.] - ETA: 22s - loss: 1.6719
- val_loss: 2.1004
- val_all_f1:  0.5770 0.5770 0.5770
- val_exp_f1:  0.4156 0.4156 0.4156
- val_non_f1:  0.6176 0.6176 0.6176

4096/4096 [==============================] - 1480s - loss: 1.6669 - val_loss: 2.1004
Epoch 2/1000
4032/4096 [============================>.] - ETA: 23s - loss: 1.4115
- val_loss: 2.0958
- val_all_f1:  0.5770 0.5770 0.5770
- val_exp_f1:  0.4156 0.4156 0.4156
- val_non_f1:  0.6176 0.6176 0.6176

4096/4096 [==============================] - 1524s - loss: 1.4103 - val_loss: 2.0958
Epoch 3/1000
4032/4096 [============================>.] - ETA: 20s - loss: 1.2291
- val_loss: 1.5223
- val_all_f1:  0.5770 0.5770 0.5770
- val_exp_f1:  0.4156 0.4156 0.4156
- val_non_f1:  0.6176 0.6176 0.6176

4096/4096 [==============================] - 1358s - loss: 1.2330 - val_loss: 1.5223
Epoch 4/1000
4032/4096 [============================>.] - ETA: 20s - loss: 1.0782
- val_loss: 1.3977
- val_all_f1:  0.5770 0.5770 0.5770
- val_exp_f1:  0.4156 0.4156 0.4156
- val_non_f1:  0.6176 0.6176 0.6176

4096/4096 [==============================] - 1350s - loss: 1.0690 - val_loss: 1.3977
Epoch 5/1000
4032/4096 [============================>.] - ETA: 21s - loss: 1.0796
- val_loss: 1.2957
- val_all_f1:  0.5770 0.5770 0.5770
- val_exp_f1:  0.4156 0.4156 0.4156
- val_non_f1:  0.6176 0.6176 0.6176

4096/4096 [==============================] - 1394s - loss: 1.0810 - val_loss: 1.2957
Epoch 6/1000
4032/4096 [============================>.] - ETA: 19s - loss: 0.9110
- val_loss: 1.2147
- val_all_f1:  0.5875 0.5875 0.5875
- val_exp_f1:  0.4675 0.4675 0.4675
- val_non_f1:  0.6197 0.6176 0.6187

4096/4096 [==============================] - 1318s - loss: 0.9102 - val_loss: 1.2147
Epoch 7/1000
4032/4096 [============================>.] - ETA: 18s - loss: 0.8254
- val_loss: 1.1732
- val_all_f1:  0.5875 0.5875 0.5875
- val_exp_f1:  0.4675 0.4675 0.4675
- val_non_f1:  0.6217 0.6176 0.6197

4096/4096 [==============================] - 1211s - loss: 0.8274 - val_loss: 1.1732
Epoch 8/1000
4032/4096 [============================>.] - ETA: 17s - loss: 0.7563
- val_loss: 1.1195
- val_all_f1:  0.6031 0.6031 0.6031
- val_exp_f1:  0.5325 0.5325 0.5325
- val_non_f1:  0.6271 0.6209 0.6240

4096/4096 [==============================] - 1183s - loss: 0.7621 - val_loss: 1.1195
Epoch 9/1000
4032/4096 [============================>.] - ETA: 18s - loss: 0.7131
- val_loss: 1.2127
- val_all_f1:  0.5822 0.5822 0.5822
- val_exp_f1:  0.4156 0.4156 0.4156
- val_non_f1:  0.6262 0.6242 0.6252

4096/4096 [==============================] - 1220s - loss: 0.7165 - val_loss: 1.2127
Epoch 10/1000
4032/4096 [============================>.] - ETA: 17s - loss: 0.7648
- val_loss: 1.1178
- val_all_f1:  0.6057 0.6057 0.6057
- val_exp_f1:  0.5325 0.5325 0.5325
- val_non_f1:  0.6304 0.6242 0.6273

4096/4096 [==============================] - 1193s - loss: 0.7612 - val_loss: 1.1178
Epoch 11/1000
4032/4096 [============================>.] - ETA: 18s - loss: 0.7202
- val_loss: 1.1709
- val_all_f1:  0.6057 0.6057 0.6057
- val_exp_f1:  0.5325 0.5325 0.5325
- val_non_f1:  0.6304 0.6242 0.6273

4096/4096 [==============================] - 1214s - loss: 0.7206 - val_loss: 1.1709
Epoch 12/1000
4032/4096 [============================>.] - ETA: 18s - loss: 0.7283
- val_loss: 1.1101
- val_all_f1:  0.6110 0.6110 0.6110
- val_exp_f1:  0.5584 0.5584 0.5584
- val_non_f1:  0.6304 0.6242 0.6273

4096/4096 [==============================] - 1227s - loss: 0.7242 - val_loss: 1.1101
Epoch 13/1000
4032/4096 [============================>.] - ETA: 19s - loss: 0.6818
- val_loss: 1.0999
- val_all_f1:  0.6136 0.6136 0.6136
- val_exp_f1:  0.5714 0.5714 0.5714
- val_non_f1:  0.6283 0.6242 0.6262

4096/4096 [==============================] - 1266s - loss: 0.6793 - val_loss: 1.0999
Epoch 14/1000
4032/4096 [============================>.] - ETA: 17s - loss: 0.7163
- val_loss: 1.0693
- val_all_f1:  0.6084 0.6084 0.6084
- val_exp_f1:  0.5584 0.5584 0.5584
- val_non_f1:  0.6250 0.6209 0.6230

4096/4096 [==============================] - 1188s - loss: 0.7119 - val_loss: 1.0693
Epoch 15/1000
4032/4096 [============================>.] - ETA: 18s - loss: 0.6640
- val_loss: 1.0739
- val_all_f1:  0.6031 0.6031 0.6031
- val_exp_f1:  0.5195 0.5195 0.5195
- val_non_f1:  0.6304 0.6242 0.6273

4096/4096 [==============================] - 1202s - loss: 0.6681 - val_loss: 1.0739
Epoch 16/1000
4032/4096 [============================>.] - ETA: 17s - loss: 0.6213
- val_loss: 1.0611
- val_all_f1:  0.6136 0.6136 0.6136
- val_exp_f1:  0.5714 0.5714 0.5714
- val_non_f1:  0.6283 0.6242 0.6262

4096/4096 [==============================] - 1162s - loss: 0.6232 - val_loss: 1.0611
Epoch 17/1000
4032/4096 [============================>.] - ETA: 16s - loss: 0.6376
- val_loss: 1.1112
- val_all_f1:  0.6057 0.6057 0.6057
- val_exp_f1:  0.5325 0.5325 0.5325
- val_non_f1:  0.6304 0.6242 0.6273

4096/4096 [==============================] - 1132s - loss: 0.6363 - val_loss: 1.1112
Epoch 18/1000
4032/4096 [============================>.] - ETA: 16s - loss: 0.6074
- val_loss: 1.0542
- val_all_f1:  0.6084 0.6084 0.6084
- val_exp_f1:  0.5455 0.5455 0.5455
- val_non_f1:  0.6304 0.6242 0.6273

4096/4096 [==============================] - 1130s - loss: 0.6116 - val_loss: 1.0542
Epoch 19/1000
4032/4096 [============================>.] - ETA: 17s - loss: 0.6795
- val_loss: 1.0475
- val_all_f1:  0.5979 0.5979 0.5979
- val_exp_f1:  0.5714 0.5714 0.5714
- val_non_f1:  0.6086 0.6046 0.6066

4096/4096 [==============================] - 1151s - loss: 0.6777 - val_loss: 1.0475
Epoch 20/1000
4032/4096 [============================>.] - ETA: 17s - loss: 0.6741
- val_loss: 1.0563
- val_all_f1:  0.5953 0.5953 0.5953
- val_exp_f1:  0.4935 0.4935 0.4935
- val_non_f1:  0.6271 0.6209 0.6240

4096/4096 [==============================] - 1184s - loss: 0.6706 - val_loss: 1.0563
Epoch 21/1000
4032/4096 [============================>.] - ETA: 17s - loss: 0.6119
- val_loss: 1.0684
- val_all_f1:  0.6031 0.6031 0.6031
- val_exp_f1:  0.5325 0.5325 0.5325
- val_non_f1:  0.6209 0.6209 0.6209

4096/4096 [==============================] - 1177s - loss: 0.6154 - val_loss: 1.0684
Epoch 22/1000
4032/4096 [============================>.] - ETA: 17s - loss: 0.6429
- val_loss: 1.0575
- val_all_f1:  0.6084 0.6084 0.6084
- val_exp_f1:  0.5584 0.5584 0.5584
- val_non_f1:  0.6250 0.6209 0.6230

4096/4096 [==============================] - 1161s - loss: 0.6419 - val_loss: 1.0575
Epoch 23/1000
4032/4096 [============================>.] - ETA: 17s - loss: 0.6612
- val_loss: 1.0785
- val_all_f1:  0.6110 0.6110 0.6110
- val_exp_f1:  0.5844 0.5844 0.5844
- val_non_f1:  0.6217 0.6176 0.6197

4096/4096 [==============================] - 1138s - loss: 0.6645 - val_loss: 1.0785
Epoch 24/1000
4032/4096 [============================>.] - ETA: 17s - loss: 0.6314
- val_loss: 1.0679
- val_all_f1:  0.6162 0.6162 0.6162
- val_exp_f1:  0.6104 0.6104 0.6104
- val_non_f1:  0.6217 0.6176 0.6197

4096/4096 [==============================] - 1152s - loss: 0.6344 - val_loss: 1.0679
Epoch 25/1000
4032/4096 [============================>.] - ETA: 16s - loss: 0.6283
- val_loss: 1.0560
- val_all_f1:  0.6110 0.6110 0.6110
- val_exp_f1:  0.5714 0.5714 0.5714
- val_non_f1:  0.6230 0.6209 0.6219

4096/4096 [==============================] - 1126s - loss: 0.6266 - val_loss: 1.0560
Epoch 26/1000
4032/4096 [============================>.] - ETA: 16s - loss: 0.6252
- val_loss: 1.0453
- val_all_f1:  0.6162 0.6162 0.6162
- val_exp_f1:  0.5974 0.5974 0.5974
- val_non_f1:  0.6230 0.6209 0.6219

4096/4096 [==============================] - 1109s - loss: 0.6294 - val_loss: 1.0453
Epoch 27/1000
4032/4096 [============================>.] - ETA: 16s - loss: 0.5883
- val_loss: 1.0610
- val_all_f1:  0.5953 0.5953 0.5953
- val_exp_f1:  0.4935 0.4935 0.4935
- val_non_f1:  0.6291 0.6209 0.6250

4096/4096 [==============================] - 1115s - loss: 0.5894 - val_loss: 1.0610
Epoch 28/1000
4032/4096 [============================>.] - ETA: 16s - loss: 0.6200
- val_loss: 1.0250
- val_all_f1:  0.6136 0.6136 0.6136
- val_exp_f1:  0.5714 0.5714 0.5714
- val_non_f1:  0.6283 0.6242 0.6262

4096/4096 [==============================] - 1123s - loss: 0.6201 - val_loss: 1.0250
Epoch 29/1000
4032/4096 [============================>.] - ETA: 17s - loss: 0.6220
- val_loss: 1.0342
- val_all_f1:  0.6057 0.6057 0.6057
- val_exp_f1:  0.5455 0.5455 0.5455
- val_non_f1:  0.6291 0.6209 0.6250

4096/4096 [==============================] - 1168s - loss: 0.6240 - val_loss: 1.0342
Epoch 30/1000
4032/4096 [============================>.] - ETA: 17s - loss: 0.6142
- val_loss: 1.0533
- val_all_f1:  0.6110 0.6110 0.6110
- val_exp_f1:  0.5455 0.5455 0.5455
- val_non_f1:  0.6358 0.6275 0.6316

4096/4096 [==============================] - 1181s - loss: 0.6151 - val_loss: 1.0533
Epoch 31/1000
4032/4096 [============================>.] - ETA: 16s - loss: 0.6173
- val_loss: 1.0342
- val_all_f1:  0.6345 0.6345 0.6345
- val_exp_f1:  0.6623 0.6623 0.6623
- val_non_f1:  0.6316 0.6275 0.6295

4096/4096 [==============================] - 1107s - loss: 0.6186 - val_loss: 1.0342
Epoch 32/1000
4032/4096 [============================>.] - ETA: 16s - loss: 0.5513
- val_loss: 1.0224
- val_all_f1:  0.6266 0.6266 0.6266
- val_exp_f1:  0.5584 0.5584 0.5584
- val_non_f1:  0.6459 0.6438 0.6448

4096/4096 [==============================] - 1098s - loss: 0.5523 - val_loss: 1.0224
Epoch 33/1000
4032/4096 [============================>.] - ETA: 16s - loss: 0.5941
- val_loss: 1.0322
- val_all_f1:  0.6214 0.6214 0.6214
- val_exp_f1:  0.5325 0.5325 0.5325
- val_non_f1:  0.6480 0.6438 0.6459

4096/4096 [==============================] - 1102s - loss: 0.5903 - val_loss: 1.0322
Epoch 34/1000
4032/4096 [============================>.] - ETA: 16s - loss: 0.6089
- val_loss: 1.0123
- val_all_f1:  0.6345 0.6345 0.6345
- val_exp_f1:  0.5065 0.5065 0.5065
- val_non_f1:  0.6755 0.6667 0.6711

4096/4096 [==============================] - 1078s - loss: 0.6145 - val_loss: 1.0123
Epoch 35/1000
4032/4096 [============================>.] - ETA: 15s - loss: 0.5837
- val_loss: 0.9954
- val_all_f1:  0.6423 0.6423 0.6423
- val_exp_f1:  0.5584 0.5584 0.5584
- val_non_f1:  0.6700 0.6634 0.6667

4096/4096 [==============================] - 1064s - loss: 0.5921 - val_loss: 0.9954
Epoch 36/1000
4032/4096 [============================>.] - ETA: 16s - loss: 0.5786
- val_loss: 0.9798
- val_all_f1:  0.6527 0.6527 0.6527
- val_exp_f1:  0.6104 0.6104 0.6104
- val_non_f1:  0.6678 0.6634 0.6656

4096/4096 [==============================] - 1077s - loss: 0.5814 - val_loss: 0.9798
Epoch 37/1000
4032/4096 [============================>.] - ETA: 16s - loss: 0.5467
- val_loss: 0.9765
- val_all_f1:  0.6292 0.6292 0.6292
- val_exp_f1:  0.5714 0.5714 0.5714
- val_non_f1:  0.6502 0.6438 0.6470

4096/4096 [==============================] - 1077s - loss: 0.5501 - val_loss: 0.9765
Epoch 38/1000
4032/4096 [============================>.] - ETA: 16s - loss: 0.5819
- val_loss: 0.9837
- val_all_f1:  0.6397 0.6397 0.6397
- val_exp_f1:  0.5714 0.5714 0.5714
- val_non_f1:  0.6656 0.6569 0.6612

4096/4096 [==============================] - 1071s - loss: 0.5866 - val_loss: 0.9837
Epoch 39/1000
4032/4096 [============================>.] - ETA: 16s - loss: 0.5882
- val_loss: 0.9668
- val_all_f1:  0.6449 0.6449 0.6449
- val_exp_f1:  0.5844 0.5844 0.5844
- val_non_f1:  0.6689 0.6601 0.6645

4096/4096 [==============================] - 1072s - loss: 0.5853 - val_loss: 0.9668
Epoch 40/1000
4032/4096 [============================>.] - ETA: 15s - loss: 0.6018
- val_loss: 0.9551
- val_all_f1:  0.6449 0.6449 0.6449
- val_exp_f1:  0.5844 0.5844 0.5844
- val_non_f1:  0.6667 0.6601 0.6634

4096/4096 [==============================] - 1066s - loss: 0.6043 - val_loss: 0.9551
Epoch 41/1000
4032/4096 [============================>.] - ETA: 16s - loss: 0.5227
- val_loss: 0.9682
- val_all_f1:  0.6475 0.6475 0.6475
- val_exp_f1:  0.5714 0.5714 0.5714
- val_non_f1:  0.6711 0.6667 0.6689

4096/4096 [==============================] - 1097s - loss: 0.5227 - val_loss: 0.9682
Epoch 42/1000
4032/4096 [============================>.] - ETA: 15s - loss: 0.5652
- val_loss: 0.9498
- val_all_f1:  0.6527 0.6527 0.6527
- val_exp_f1:  0.6234 0.6234 0.6234
- val_non_f1:  0.6645 0.6601 0.6623

4096/4096 [==============================] - 1048s - loss: 0.5674 - val_loss: 0.9498
Epoch 43/1000
4032/4096 [============================>.] - ETA: 15s - loss: 0.5798
- val_loss: 0.9609
- val_all_f1:  0.6319 0.6319 0.6319
- val_exp_f1:  0.6494 0.6494 0.6494
- val_non_f1:  0.6316 0.6275 0.6295

4096/4096 [==============================] - 1054s - loss: 0.5819 - val_loss: 0.9609
Epoch 44/1000
4032/4096 [============================>.] - ETA: 16s - loss: 0.5801
- val_loss: 0.9329
- val_all_f1:  0.6867 0.6867 0.6867
- val_exp_f1:  0.7403 0.7403 0.7403
- val_non_f1:  0.6776 0.6732 0.6754

4096/4096 [==============================] - 1093s - loss: 0.5775 - val_loss: 0.9329
Epoch 45/1000
4032/4096 [============================>.] - ETA: 17s - loss: 0.5783
- val_loss: 0.9662
- val_all_f1:  0.6606 0.6606 0.6606
- val_exp_f1:  0.6364 0.6364 0.6364
- val_non_f1:  0.6711 0.6667 0.6689

4096/4096 [==============================] - 1156s - loss: 0.5805 - val_loss: 0.9662
Epoch 46/1000
4032/4096 [============================>.] - ETA: 17s - loss: 0.6004
- val_loss: 0.9501
- val_all_f1:  0.6658 0.6658 0.6658
- val_exp_f1:  0.6753 0.6753 0.6753
- val_non_f1:  0.6700 0.6634 0.6667

4096/4096 [==============================] - 1146s - loss: 0.5973 - val_loss: 0.9501
Epoch 47/1000
4032/4096 [============================>.] - ETA: 17s - loss: 0.5591
- val_loss: 0.9285
- val_all_f1:  0.6606 0.6606 0.6606
- val_exp_f1:  0.6623 0.6623 0.6623
- val_non_f1:  0.6667 0.6601 0.6634

4096/4096 [==============================] - 1157s - loss: 0.5621 - val_loss: 0.9285
Epoch 48/1000
4032/4096 [============================>.] - ETA: 17s - loss: 0.5769
- val_loss: 0.9156
- val_all_f1:  0.6789 0.6789 0.6789
- val_exp_f1:  0.7273 0.7273 0.7273
- val_non_f1:  0.6711 0.6667 0.6689

4096/4096 [==============================] - 1155s - loss: 0.5760 - val_loss: 0.9156
Epoch 49/1000
4032/4096 [============================>.] - ETA: 17s - loss: 0.5394
- val_loss: 0.9168
- val_all_f1:  0.6606 0.6606 0.6606
- val_exp_f1:  0.6494 0.6494 0.6494
- val_non_f1:  0.6700 0.6634 0.6667

4096/4096 [==============================] - 1151s - loss: 0.5379 - val_loss: 0.9168
Epoch 50/1000
4032/4096 [============================>.] - ETA: 17s - loss: 0.5710
- val_loss: 0.9133
- val_all_f1:  0.6815 0.6815 0.6815
- val_exp_f1:  0.7403 0.7403 0.7403
- val_non_f1:  0.6733 0.6667 0.6700

4096/4096 [==============================] - 1153s - loss: 0.5740 - val_loss: 0.9133
Epoch 51/1000
4032/4096 [============================>.] - ETA: 17s - loss: 0.5185
- val_loss: 0.9026
- val_all_f1:  0.6710 0.6710 0.6710
- val_exp_f1:  0.6623 0.6623 0.6623
- val_non_f1:  0.6776 0.6732 0.6754

4096/4096 [==============================] - 1149s - loss: 0.5174 - val_loss: 0.9026
Epoch 52/1000
4032/4096 [============================>.] - ETA: 16s - loss: 0.5690
- val_loss: 0.9241
- val_all_f1:  0.6736 0.6736 0.6736
- val_exp_f1:  0.6883 0.6883 0.6883
- val_non_f1:  0.6788 0.6699 0.6743

4096/4096 [==============================] - 1134s - loss: 0.5658 - val_loss: 0.9241
Epoch 53/1000
4032/4096 [============================>.] - ETA: 17s - loss: 0.5273
- val_loss: 0.9361
- val_all_f1:  0.6554 0.6554 0.6554
- val_exp_f1:  0.6494 0.6494 0.6494
- val_non_f1:  0.6612 0.6569 0.6590

4096/4096 [==============================] - 1162s - loss: 0.5335 - val_loss: 0.9361
Epoch 54/1000
4032/4096 [============================>.] - ETA: 17s - loss: 0.5434
- val_loss: 0.8991
- val_all_f1:  0.6815 0.6815 0.6815
- val_exp_f1:  0.7403 0.7403 0.7403
- val_non_f1:  0.6755 0.6667 0.6711

4096/4096 [==============================] - 1139s - loss: 0.5415 - val_loss: 0.8991
Epoch 55/1000
4032/4096 [============================>.] - ETA: 16s - loss: 0.5252
- val_loss: 0.9052
- val_all_f1:  0.6867 0.6867 0.6867
- val_exp_f1:  0.7792 0.7792 0.7792
- val_non_f1:  0.6678 0.6634 0.6656

4096/4096 [==============================] - 1104s - loss: 0.5263 - val_loss: 0.9052
Epoch 56/1000
4032/4096 [============================>.] - ETA: 15s - loss: 0.5510
- val_loss: 0.9719
- val_all_f1:  0.6789 0.6789 0.6789
- val_exp_f1:  0.7273 0.7273 0.7273
- val_non_f1:  0.6733 0.6667 0.6700

4096/4096 [==============================] - 1058s - loss: 0.5509 - val_loss: 0.9719
Epoch 57/1000
4032/4096 [============================>.] - ETA: 15s - loss: 0.5680
- val_loss: 0.8992
- val_all_f1:  0.6789 0.6789 0.6789
- val_exp_f1:  0.7273 0.7273 0.7273
- val_non_f1:  0.6733 0.6667 0.6700

4096/4096 [==============================] - 1068s - loss: 0.5688 - val_loss: 0.8992
Epoch 58/1000
4032/4096 [============================>.] - ETA: 15s - loss: 0.4938
- val_loss: 0.8778
- val_all_f1:  0.6971 0.6971 0.6971
- val_exp_f1:  0.8052 0.8052 0.8052
- val_non_f1:  0.6766 0.6699 0.6732

4096/4096 [==============================] - 1053s - loss: 0.4904 - val_loss: 0.8778
Epoch 59/1000
4032/4096 [============================>.] - ETA: 16s - loss: 0.5742
- val_loss: 0.8757
- val_all_f1:  0.6893 0.6893 0.6893
- val_exp_f1:  0.7792 0.7792 0.7792
- val_non_f1:  0.6733 0.6667 0.6700

4096/4096 [==============================] - 1087s - loss: 0.5727 - val_loss: 0.8757
Epoch 60/1000
4032/4096 [============================>.] - ETA: 15s - loss: 0.5385
- val_loss: 0.8698
- val_all_f1:  0.6997 0.6997 0.6997
- val_exp_f1:  0.8312 0.8312 0.8312
- val_non_f1:  0.6733 0.6667 0.6700

4096/4096 [==============================] - 1062s - loss: 0.5353 - val_loss: 0.8698
Epoch 61/1000
4032/4096 [============================>.] - ETA: 15s - loss: 0.5174
- val_loss: 0.9283
- val_all_f1:  0.7023 0.7023 0.7023
- val_exp_f1:  0.8312 0.8312 0.8312
- val_non_f1:  0.6743 0.6699 0.6721

4096/4096 [==============================] - 1057s - loss: 0.5162 - val_loss: 0.9283
Epoch 62/1000
4032/4096 [============================>.] - ETA: 15s - loss: 0.5212
- val_loss: 0.8754
- val_all_f1:  0.6945 0.6945 0.6945
- val_exp_f1:  0.8182 0.8182 0.8182
- val_non_f1:  0.6700 0.6634 0.6667

4096/4096 [==============================] - 1037s - loss: 0.5185 - val_loss: 0.8754
Epoch 63/1000
4032/4096 [============================>.] - ETA: 15s - loss: 0.5136
- val_loss: 0.9047
- val_all_f1:  0.6789 0.6789 0.6789
- val_exp_f1:  0.7273 0.7273 0.7273
- val_non_f1:  0.6755 0.6667 0.6711

4096/4096 [==============================] - 1024s - loss: 0.5112 - val_loss: 0.9047
Epoch 64/1000
4032/4096 [============================>.] - ETA: 15s - loss: 0.5213
- val_loss: 0.8761
- val_all_f1:  0.6893 0.6893 0.6893
- val_exp_f1:  0.7662 0.7662 0.7662
- val_non_f1:  0.6766 0.6699 0.6732

4096/4096 [==============================] - 1022s - loss: 0.5187 - val_loss: 0.8761
Epoch 65/1000
4032/4096 [============================>.] - ETA: 15s - loss: 0.5152
- val_loss: 0.8505
- val_all_f1:  0.6997 0.6997 0.6997
- val_exp_f1:  0.8052 0.8052 0.8052
- val_non_f1:  0.6776 0.6732 0.6754

4096/4096 [==============================] - 1013s - loss: 0.5152 - val_loss: 0.8505
Epoch 66/1000
4032/4096 [============================>.] - ETA: 15s - loss: 0.5166
- val_loss: 0.8724
- val_all_f1:  0.6919 0.6919 0.6919
- val_exp_f1:  0.8052 0.8052 0.8052
- val_non_f1:  0.6700 0.6634 0.6667

4096/4096 [==============================] - 1007s - loss: 0.5153 - val_loss: 0.8724
Epoch 67/1000
4032/4096 [============================>.] - ETA: 15s - loss: 0.5379
- val_loss: 0.8803
- val_all_f1:  0.6893 0.6893 0.6893
- val_exp_f1:  0.7792 0.7792 0.7792
- val_non_f1:  0.6733 0.6667 0.6700

4096/4096 [==============================] - 1022s - loss: 0.5389 - val_loss: 0.8803
Epoch 68/1000
4032/4096 [============================>.] - ETA: 16s - loss: 0.5032
- val_loss: 0.8405
- val_all_f1:  0.6971 0.6971 0.6971
- val_exp_f1:  0.7792 0.7792 0.7792
- val_non_f1:  0.6832 0.6765 0.6798

4096/4096 [==============================] - 1075s - loss: 0.5010 - val_loss: 0.8405
Epoch 69/1000
4032/4096 [============================>.] - ETA: 16s - loss: 0.5064
- val_loss: 0.9085
- val_all_f1:  0.6945 0.6945 0.6945
- val_exp_f1:  0.8312 0.8312 0.8312
- val_non_f1:  0.6667 0.6601 0.6634

4096/4096 [==============================] - 1093s - loss: 0.5054 - val_loss: 0.9085
Epoch 70/1000
4032/4096 [============================>.] - ETA: 16s - loss: 0.5227
- val_loss: 0.9056
- val_all_f1:  0.6606 0.6606 0.6606
- val_exp_f1:  0.8052 0.8052 0.8052
- val_non_f1:  0.6304 0.6242 0.6273

4096/4096 [==============================] - 1093s - loss: 0.5210 - val_loss: 0.9056
Epoch 71/1000
4032/4096 [============================>.] - ETA: 16s - loss: 0.5026
- val_loss: 0.8873
- val_all_f1:  0.6971 0.6971 0.6971
- val_exp_f1:  0.8182 0.8182 0.8182
- val_non_f1:  0.6733 0.6667 0.6700

4096/4096 [==============================] - 1101s - loss: 0.4993 - val_loss: 0.8873
Epoch 72/1000
4032/4096 [============================>.] - ETA: 16s - loss: 0.4966
- val_loss: 0.8777
- val_all_f1:  0.6945 0.6945 0.6945
- val_exp_f1:  0.8312 0.8312 0.8312
- val_non_f1:  0.6667 0.6601 0.6634

4096/4096 [==============================] - 1092s - loss: 0.4987 - val_loss: 0.8777
Epoch 73/1000
4032/4096 [============================>.] - ETA: 16s - loss: 0.5169
- val_loss: 0.8396
- val_all_f1:  0.7154 0.7154 0.7154
- val_exp_f1:  0.8961 0.8961 0.8961
- val_non_f1:  0.6721 0.6699 0.6710

4096/4096 [==============================] - 1105s - loss: 0.5164 - val_loss: 0.8396
Epoch 74/1000
4032/4096 [============================>.] - ETA: 16s - loss: 0.5005
- val_loss: 0.8408
- val_all_f1:  0.7258 0.7258 0.7258
- val_exp_f1:  0.9221 0.9221 0.9221
- val_non_f1:  0.6765 0.6765 0.6765

4096/4096 [==============================] - 1132s - loss: 0.4999 - val_loss: 0.8408
Epoch 75/1000
4032/4096 [============================>.] - ETA: 16s - loss: 0.4743
- val_loss: 0.8439
- val_all_f1:  0.7154 0.7154 0.7154
- val_exp_f1:  0.8961 0.8961 0.8961
- val_non_f1:  0.6743 0.6699 0.6721

4096/4096 [==============================] - 1110s - loss: 0.4738 - val_loss: 0.8439
Epoch 76/1000
4032/4096 [============================>.] - ETA: 15s - loss: 0.4751
- val_loss: 0.8367
- val_all_f1:  0.7050 0.7050 0.7050
- val_exp_f1:  0.8701 0.8701 0.8701
- val_non_f1:  0.6656 0.6634 0.6645

4096/4096 [==============================] - 1065s - loss: 0.4759 - val_loss: 0.8367
Epoch 77/1000
4032/4096 [============================>.] - ETA: 16s - loss: 0.5017
- val_loss: 0.8322
- val_all_f1:  0.7128 0.7128 0.7128
- val_exp_f1:  0.9091 0.9091 0.9091
- val_non_f1:  0.6656 0.6634 0.6645

4096/4096 [==============================] - 1124s - loss: 0.5034 - val_loss: 0.8322
Epoch 78/1000
4032/4096 [============================>.] - ETA: 16s - loss: 0.5283
- val_loss: 0.8309
- val_all_f1:  0.7076 0.7076 0.7076
- val_exp_f1:  0.8701 0.8701 0.8701
- val_non_f1:  0.6711 0.6667 0.6689

4096/4096 [==============================] - 1132s - loss: 0.5284 - val_loss: 0.8309
Epoch 79/1000
4032/4096 [============================>.] - ETA: 16s - loss: 0.5297
- val_loss: 0.8371
- val_all_f1:  0.7102 0.7102 0.7102
- val_exp_f1:  0.8312 0.8312 0.8312
- val_non_f1:  0.6842 0.6797 0.6820

4096/4096 [==============================] - 1119s - loss: 0.5306 - val_loss: 0.8371
Epoch 80/1000
4032/4096 [============================>.] - ETA: 16s - loss: 0.4852
- val_loss: 0.9211
- val_all_f1:  0.6815 0.6815 0.6815
- val_exp_f1:  0.7922 0.7922 0.7922
- val_non_f1:  0.6579 0.6536 0.6557

4096/4096 [==============================] - 1128s - loss: 0.4834 - val_loss: 0.9211
Epoch 81/1000
4032/4096 [============================>.] - ETA: 16s - loss: 0.5039
- val_loss: 0.8505
- val_all_f1:  0.7128 0.7128 0.7128
- val_exp_f1:  0.8961 0.8961 0.8961
- val_non_f1:  0.6711 0.6667 0.6689

4096/4096 [==============================] - 1110s - loss: 0.5046 - val_loss: 0.8505
Epoch 82/1000
4032/4096 [============================>.] - ETA: 16s - loss: 0.4905
- val_loss: 0.8376
- val_all_f1:  0.7180 0.7180 0.7180
- val_exp_f1:  0.8961 0.8961 0.8961
- val_non_f1:  0.6821 0.6732 0.6776

4096/4096 [==============================] - 1088s - loss: 0.4916 - val_loss: 0.8376
Epoch 83/1000
4032/4096 [============================>.] - ETA: 16s - loss: 0.5065
- val_loss: 0.8545
- val_all_f1:  0.6945 0.6945 0.6945
- val_exp_f1:  0.7922 0.7922 0.7922
- val_non_f1:  0.6699 0.6699 0.6699

4096/4096 [==============================] - 1113s - loss: 0.5046 - val_loss: 0.8545
Epoch 84/1000
4032/4096 [============================>.] - ETA: 16s - loss: 0.5220
- val_loss: 0.8510
- val_all_f1:  0.7232 0.7232 0.7232
- val_exp_f1:  0.9091 0.9091 0.9091
- val_non_f1:  0.6832 0.6765 0.6798

4096/4096 [==============================] - 1092s - loss: 0.5225 - val_loss: 0.8510
Epoch 85/1000
4032/4096 [============================>.] - ETA: 16s - loss: 0.4881
- val_loss: 0.8165
- val_all_f1:  0.7206 0.7206 0.7206
- val_exp_f1:  0.8831 0.8831 0.8831
- val_non_f1:  0.6865 0.6797 0.6831

4096/4096 [==============================] - 1103s - loss: 0.4860 - val_loss: 0.8165
Epoch 86/1000
4032/4096 [============================>.] - ETA: 16s - loss: 0.4811
- val_loss: 0.8227
- val_all_f1:  0.7050 0.7050 0.7050
- val_exp_f1:  0.8442 0.8442 0.8442
- val_non_f1:  0.6743 0.6699 0.6721

4096/4096 [==============================] - 1098s - loss: 0.4796 - val_loss: 0.8227
Epoch 87/1000
4032/4096 [============================>.] - ETA: 16s - loss: 0.4749
- val_loss: 0.8482
- val_all_f1:  0.6919 0.6919 0.6919
- val_exp_f1:  0.8701 0.8701 0.8701
- val_non_f1:  0.6535 0.6471 0.6502

4096/4096 [==============================] - 1083s - loss: 0.4796 - val_loss: 0.8482
Epoch 88/1000
4032/4096 [============================>.] - ETA: 16s - loss: 0.4784
- val_loss: 0.8783
- val_all_f1:  0.6841 0.6841 0.6841
- val_exp_f1:  0.8701 0.8701 0.8701
- val_non_f1:  0.6414 0.6373 0.6393

4096/4096 [==============================] - 1083s - loss: 0.4788 - val_loss: 0.8783
Epoch 89/1000
4032/4096 [============================>.] - ETA: 15s - loss: 0.4866
- val_loss: 0.8242
- val_all_f1:  0.7180 0.7180 0.7180
- val_exp_f1:  0.9091 0.9091 0.9091
- val_non_f1:  0.6721 0.6699 0.6710

4096/4096 [==============================] - 1057s - loss: 0.4838 - val_loss: 0.8242
Epoch 90/1000
4032/4096 [============================>.] - ETA: 16s - loss: 0.4714
- val_loss: 0.8395
- val_all_f1:  0.7023 0.7023 0.7023
- val_exp_f1:  0.8571 0.8571 0.8571
- val_non_f1:  0.6656 0.6634 0.6645

4096/4096 [==============================] - 1118s - loss: 0.4714 - val_loss: 0.8395
Epoch 91/1000
4032/4096 [============================>.] - ETA: 16s - loss: 0.4828
- val_loss: 0.8154
- val_all_f1:  0.7232 0.7232 0.7232
- val_exp_f1:  0.8831 0.8831 0.8831
- val_non_f1:  0.6875 0.6830 0.6852

4096/4096 [==============================] - 1131s - loss: 0.4826 - val_loss: 0.8154
Epoch 92/1000
4032/4096 [============================>.] - ETA: 16s - loss: 0.4962
- val_loss: 0.8197
- val_all_f1:  0.7128 0.7128 0.7128
- val_exp_f1:  0.8961 0.8961 0.8961
- val_non_f1:  0.6711 0.6667 0.6689

4096/4096 [==============================] - 1118s - loss: 0.4935 - val_loss: 0.8197
Epoch 93/1000
4032/4096 [============================>.] - ETA: 17s - loss: 0.4803
- val_loss: 0.8572
- val_all_f1:  0.6841 0.6841 0.6841
- val_exp_f1:  0.8052 0.8052 0.8052
- val_non_f1:  0.6601 0.6536 0.6568

4096/4096 [==============================] - 1149s - loss: 0.4831 - val_loss: 0.8572
Epoch 94/1000
4032/4096 [============================>.] - ETA: 16s - loss: 0.4857
- val_loss: 0.8434
- val_all_f1:  0.7050 0.7050 0.7050
- val_exp_f1:  0.8442 0.8442 0.8442
- val_non_f1:  0.6699 0.6699 0.6699

4096/4096 [==============================] - 1129s - loss: 0.4864 - val_loss: 0.8434
Epoch 95/1000
4032/4096 [============================>.] - ETA: 16s - loss: 0.4920
- val_loss: 0.8482
- val_all_f1:  0.7154 0.7154 0.7154
- val_exp_f1:  0.8961 0.8961 0.8961
- val_non_f1:  0.6699 0.6699 0.6699

4096/4096 [==============================] - 1091s - loss: 0.4880 - val_loss: 0.8482
Epoch 96/1000
4032/4096 [============================>.] - ETA: 16s - loss: 0.4663
- val_loss: 0.8261
- val_all_f1:  0.7076 0.7076 0.7076
- val_exp_f1:  0.8571 0.8571 0.8571
- val_non_f1:  0.6721 0.6699 0.6710

4096/4096 [==============================] - 1079s - loss: 0.4644 - val_loss: 0.8261
Epoch 97/1000
4032/4096 [============================>.] - ETA: 16s - loss: 0.4779
- val_loss: 0.8472
- val_all_f1:  0.7023 0.7023 0.7023
- val_exp_f1:  0.8442 0.8442 0.8442
- val_non_f1:  0.6711 0.6667 0.6689

4096/4096 [==============================] - 1112s - loss: 0.4813 - val_loss: 0.8472
Epoch 98/1000
4032/4096 [============================>.] - ETA: 16s - loss: 0.4857
- val_loss: 0.8079
- val_all_f1:  0.7050 0.7050 0.7050
- val_exp_f1:  0.8312 0.8312 0.8312
- val_non_f1:  0.6776 0.6732 0.6754

4096/4096 [==============================] - 1126s - loss: 0.4883 - val_loss: 0.8079
Epoch 99/1000
4032/4096 [============================>.] - ETA: 16s - loss: 0.5417
- val_loss: 0.8761
- val_all_f1:  0.6762 0.6762 0.6762
- val_exp_f1:  0.8831 0.8831 0.8831
- val_non_f1:  0.6283 0.6242 0.6262

4096/4096 [==============================] - 1072s - loss: 0.5363 - val_loss: 0.8761
Epoch 100/1000
4032/4096 [============================>.] - ETA: 16s - loss: 0.5174
- val_loss: 0.8587
- val_all_f1:  0.6789 0.6789 0.6789
- val_exp_f1:  0.8961 0.8961 0.8961
- val_non_f1:  0.6304 0.6242 0.6273

4096/4096 [==============================] - 1086s - loss: 0.5164 - val_loss: 0.8587
Epoch 101/1000
4032/4096 [============================>.] - ETA: 16s - loss: 0.4879
- val_loss: 0.8645
- val_all_f1:  0.6789 0.6789 0.6789
- val_exp_f1:  0.8961 0.8961 0.8961
- val_non_f1:  0.6304 0.6242 0.6273

4096/4096 [==============================] - 1120s - loss: 0.4920 - val_loss: 0.8645
Epoch 102/1000
4032/4096 [============================>.] - ETA: 17s - loss: 0.5362
- val_loss: 0.8666
- val_all_f1:  0.6789 0.6789 0.6789
- val_exp_f1:  0.8831 0.8831 0.8831
- val_non_f1:  0.6275 0.6275 0.6275

4096/4096 [==============================] - 1169s - loss: 0.5328 - val_loss: 0.8666
Epoch 103/1000
4032/4096 [============================>.] - ETA: 16s - loss: 0.5220
- val_loss: 0.8742
- val_all_f1:  0.6762 0.6762 0.6762
- val_exp_f1:  0.8442 0.8442 0.8442
- val_non_f1:  0.6340 0.6340 0.6340

4096/4096 [==============================] - 1110s - loss: 0.5213 - val_loss: 0.8742
Epoch 104/1000
4032/4096 [============================>.] - ETA: 16s - loss: 0.5144
- val_loss: 0.8528
- val_all_f1:  0.6841 0.6841 0.6841
- val_exp_f1:  0.8961 0.8961 0.8961
- val_non_f1:  0.6307 0.6307 0.6307

4096/4096 [==============================] - 1112s - loss: 0.5123 - val_loss: 0.8528
Epoch 105/1000
4032/4096 [============================>.] - ETA: 16s - loss: 0.4948
- val_loss: 0.8432
- val_all_f1:  0.6762 0.6762 0.6762
- val_exp_f1:  0.8961 0.8961 0.8961
- val_non_f1:  0.6230 0.6209 0.6219

4096/4096 [==============================] - 1102s - loss: 0.4944 - val_loss: 0.8432
Epoch 106/1000
4032/4096 [============================>.] - ETA: 16s - loss: 0.4778
- val_loss: 0.8628
- val_all_f1:  0.6762 0.6762 0.6762
- val_exp_f1:  0.8701 0.8701 0.8701
- val_non_f1:  0.6275 0.6275 0.6275

4096/4096 [==============================] - 1102s - loss: 0.4763 - val_loss: 0.8628
Epoch 107/1000
4032/4096 [============================>.] - ETA: 16s - loss: 0.5203
- val_loss: 0.8416
- val_all_f1:  0.6867 0.6867 0.6867
- val_exp_f1:  0.9221 0.9221 0.9221
- val_non_f1:  0.6295 0.6275 0.6285

4096/4096 [==============================] - 1077s - loss: 0.5211 - val_loss: 0.8416
Epoch 108/1000
4032/4096 [============================>.] - ETA: 15s - loss: 0.4788
- val_loss: 0.8150
- val_all_f1:  0.6997 0.6997 0.6997
- val_exp_f1:  0.9221 0.9221 0.9221
- val_non_f1:  0.6459 0.6438 0.6448

4096/4096 [==============================] - 1068s - loss: 0.4856 - val_loss: 0.8150
Epoch 109/1000
4032/4096 [============================>.] - ETA: 16s - loss: 0.4924
- val_loss: 0.8214
- val_all_f1:  0.6893 0.6893 0.6893
- val_exp_f1:  0.9351 0.9351 0.9351
- val_non_f1:  0.6275 0.6275 0.6275

4096/4096 [==============================] - 1078s - loss: 0.4925 - val_loss: 0.8214
Epoch 110/1000
4032/4096 [============================>.] - ETA: 15s - loss: 0.4625
- val_loss: 0.8427
- val_all_f1:  0.7023 0.7023 0.7023
- val_exp_f1:  0.8831 0.8831 0.8831
- val_non_f1:  0.6612 0.6569 0.6590

4096/4096 [==============================] - 1060s - loss: 0.4624 - val_loss: 0.8427
Epoch 111/1000
4032/4096 [============================>.] - ETA: 15s - loss: 0.4688
- val_loss: 0.8233
- val_all_f1:  0.7206 0.7206 0.7206
- val_exp_f1:  0.8961 0.8961 0.8961
- val_non_f1:  0.6787 0.6765 0.6776

4096/4096 [==============================] - 1044s - loss: 0.4733 - val_loss: 0.8233
Epoch 112/1000
4032/4096 [============================>.] - ETA: 16s - loss: 0.4866
- val_loss: 0.8460
- val_all_f1:  0.7023 0.7023 0.7023
- val_exp_f1:  0.8961 0.8961 0.8961
- val_non_f1:  0.6557 0.6536 0.6547

4096/4096 [==============================] - 1073s - loss: 0.4870 - val_loss: 0.8460
Epoch 113/1000
4032/4096 [============================>.] - ETA: 15s - loss: 0.4731
- val_loss: 0.8136
- val_all_f1:  0.7154 0.7154 0.7154
- val_exp_f1:  0.9221 0.9221 0.9221
- val_non_f1:  0.6656 0.6634 0.6645

4096/4096 [==============================] - 1052s - loss: 0.4735 - val_loss: 0.8136
Epoch 114/1000
4032/4096 [============================>.] - ETA: 15s - loss: 0.4858
- val_loss: 0.8143
- val_all_f1:  0.7050 0.7050 0.7050
- val_exp_f1:  0.8701 0.8701 0.8701
- val_non_f1:  0.6700 0.6634 0.6667

4096/4096 [==============================] - 1063s - loss: 0.4900 - val_loss: 0.8143
Epoch 115/1000
4032/4096 [============================>.] - ETA: 15s - loss: 0.5160
- val_loss: 0.8412
- val_all_f1:  0.7102 0.7102 0.7102
- val_exp_f1:  0.8701 0.8701 0.8701
- val_non_f1:  0.6743 0.6699 0.6721

4096/4096 [==============================] - 1040s - loss: 0.5184 - val_loss: 0.8412
Epoch 116/1000
4032/4096 [============================>.] - ETA: 15s - loss: 0.4623
- val_loss: 0.8129
- val_all_f1:  0.7258 0.7258 0.7258
- val_exp_f1:  0.9351 0.9351 0.9351
- val_non_f1:  0.6776 0.6732 0.6754

4096/4096 [==============================] - 1045s - loss: 0.4674 - val_loss: 0.8129
Epoch 117/1000
4032/4096 [============================>.] - ETA: 15s - loss: 0.4610
- val_loss: 0.8109
- val_all_f1:  0.7102 0.7102 0.7102
- val_exp_f1:  0.8831 0.8831 0.8831
- val_non_f1:  0.6667 0.6667 0.6667

4096/4096 [==============================] - 1029s - loss: 0.4648 - val_loss: 0.8109
Epoch 118/1000
4032/4096 [============================>.] - ETA: 15s - loss: 0.4300
- val_loss: 0.7908
- val_all_f1:  0.7128 0.7128 0.7128
- val_exp_f1:  0.8961 0.8961 0.8961
- val_non_f1:  0.6689 0.6667 0.6678

4096/4096 [==============================] - 1058s - loss: 0.4327 - val_loss: 0.7908
Epoch 119/1000
4032/4096 [============================>.] - ETA: 16s - loss: 0.4975
- val_loss: 0.7833
- val_all_f1:  0.7206 0.7206 0.7206
- val_exp_f1:  0.8961 0.8961 0.8961
- val_non_f1:  0.6787 0.6765 0.6776

4096/4096 [==============================] - 1119s - loss: 0.4960 - val_loss: 0.7833
Epoch 120/1000
4032/4096 [============================>.] - ETA: 17s - loss: 0.4739
- val_loss: 0.8464
- val_all_f1:  0.6971 0.6971 0.6971
- val_exp_f1:  0.8442 0.8442 0.8442
- val_non_f1:  0.6623 0.6601 0.6612

4096/4096 [==============================] - 1167s - loss: 0.4752 - val_loss: 0.8464
Epoch 121/1000
4032/4096 [============================>.] - ETA: 17s - loss: 0.4736
- val_loss: 0.8026
- val_all_f1:  0.7076 0.7076 0.7076
- val_exp_f1:  0.8961 0.8961 0.8961
- val_non_f1:  0.6623 0.6601 0.6612

4096/4096 [==============================] - 1167s - loss: 0.4742 - val_loss: 0.8026
Epoch 122/1000
4032/4096 [============================>.] - ETA: 17s - loss: 0.4784
- val_loss: 0.7731
- val_all_f1:  0.7258 0.7258 0.7258
- val_exp_f1:  0.9221 0.9221 0.9221
- val_non_f1:  0.6787 0.6765 0.6776

4096/4096 [==============================] - 1136s - loss: 0.4764 - val_loss: 0.7731
Epoch 123/1000
4032/4096 [============================>.] - ETA: 16s - loss: 0.4717
- val_loss: 0.8013
- val_all_f1:  0.7154 0.7154 0.7154
- val_exp_f1:  0.8961 0.8961 0.8961
- val_non_f1:  0.6743 0.6699 0.6721

4096/4096 [==============================] - 1118s - loss: 0.4715 - val_loss: 0.8013
Epoch 124/1000
4032/4096 [============================>.] - ETA: 16s - loss: 0.4716
- val_loss: 0.8161
- val_all_f1:  0.7206 0.7206 0.7206
- val_exp_f1:  0.8961 0.8961 0.8961
- val_non_f1:  0.6787 0.6765 0.6776

4096/4096 [==============================] - 1076s - loss: 0.4682 - val_loss: 0.8161
Epoch 125/1000
4032/4096 [============================>.] - ETA: 16s - loss: 0.4895
- val_loss: 0.7816
- val_all_f1:  0.7180 0.7180 0.7180
- val_exp_f1:  0.9351 0.9351 0.9351
- val_non_f1:  0.6656 0.6634 0.6645

4096/4096 [==============================] - 1081s - loss: 0.4887 - val_loss: 0.7816
Epoch 126/1000
4032/4096 [============================>.] - ETA: 14s - loss: 0.4583
- val_loss: 0.7966
- val_all_f1:  0.6945 0.6945 0.6945
- val_exp_f1:  0.8831 0.8831 0.8831
- val_non_f1:  0.6471 0.6471 0.6471

4096/4096 [==============================] - 988s - loss: 0.4569 - val_loss: 0.7966
Epoch 127/1000
4032/4096 [============================>.] - ETA: 15s - loss: 0.4749
- val_loss: 0.7866
- val_all_f1:  0.7180 0.7180 0.7180
- val_exp_f1:  0.8961 0.8961 0.8961
- val_non_f1:  0.6776 0.6732 0.6754

4096/4096 [==============================] - 1008s - loss: 0.4813 - val_loss: 0.7866
Epoch 128/1000
4032/4096 [============================>.] - ETA: 14s - loss: 0.4283
- val_loss: 0.7639
- val_all_f1:  0.7050 0.7050 0.7050
- val_exp_f1:  0.8831 0.8831 0.8831
- val_non_f1:  0.6623 0.6601 0.6612

4096/4096 [==============================] - 1006s - loss: 0.4310 - val_loss: 0.7639
Epoch 129/1000
4032/4096 [============================>.] - ETA: 14s - loss: 0.5099
- val_loss: 0.8139
- val_all_f1:  0.7206 0.7206 0.7206
- val_exp_f1:  0.8961 0.8961 0.8961
- val_non_f1:  0.6765 0.6765 0.6765

4096/4096 [==============================] - 998s - loss: 0.5165 - val_loss: 0.8139
Epoch 130/1000
4032/4096 [============================>.] - ETA: 15s - loss: 0.4640
- val_loss: 0.8022
- val_all_f1:  0.7180 0.7180 0.7180
- val_exp_f1:  0.9221 0.9221 0.9221
- val_non_f1:  0.6689 0.6667 0.6678

4096/4096 [==============================] - 1056s - loss: 0.4626 - val_loss: 0.8022
Epoch 131/1000
4032/4096 [============================>.] - ETA: 15s - loss: 0.4835
- val_loss: 0.7948
- val_all_f1:  0.7154 0.7154 0.7154
- val_exp_f1:  0.8442 0.8442 0.8442
- val_non_f1:  0.6875 0.6830 0.6852

4096/4096 [==============================] - 1053s - loss: 0.4860 - val_loss: 0.7948
Epoch 132/1000
4032/4096 [============================>.] - ETA: 15s - loss: 0.4678
- val_loss: 0.7721
- val_all_f1:  0.7050 0.7050 0.7050
- val_exp_f1:  0.9351 0.9351 0.9351
- val_non_f1:  0.6492 0.6471 0.6481

4096/4096 [==============================] - 1021s - loss: 0.4670 - val_loss: 0.7721
Epoch 133/1000
4032/4096 [============================>.] - ETA: 15s - loss: 0.4435
- val_loss: 0.7554
- val_all_f1:  0.7206 0.7206 0.7206
- val_exp_f1:  0.8961 0.8961 0.8961
- val_non_f1:  0.6787 0.6765 0.6776

4096/4096 [==============================] - 1029s - loss: 0.4462 - val_loss: 0.7554
Epoch 134/1000
4032/4096 [============================>.] - ETA: 15s - loss: 0.4429
- val_loss: 0.7686
- val_all_f1:  0.7180 0.7180 0.7180
- val_exp_f1:  0.8961 0.8961 0.8961
- val_non_f1:  0.6754 0.6732 0.6743

4096/4096 [==============================] - 1013s - loss: 0.4438 - val_loss: 0.7686
Epoch 135/1000
4032/4096 [============================>.] - ETA: 15s - loss: 0.4921
- val_loss: 0.7819
- val_all_f1:  0.7128 0.7128 0.7128
- val_exp_f1:  0.9091 0.9091 0.9091
- val_non_f1:  0.6656 0.6634 0.6645

4096/4096 [==============================] - 1011s - loss: 0.4915 - val_loss: 0.7819
Epoch 136/1000
4032/4096 [============================>.] - ETA: 15s - loss: 0.5243
- val_loss: 0.8513
- val_all_f1:  0.6971 0.6971 0.6971
- val_exp_f1:  0.9481 0.9481 0.9481
- val_non_f1:  0.6361 0.6340 0.6350

4096/4096 [==============================] - 1046s - loss: 0.5234 - val_loss: 0.8513
Epoch 137/1000
4032/4096 [============================>.] - ETA: 15s - loss: 0.5171
- val_loss: 0.8363
- val_all_f1:  0.6893 0.6893 0.6893
- val_exp_f1:  0.9091 0.9091 0.9091
- val_non_f1:  0.6361 0.6340 0.6350

4096/4096 [==============================] - 1063s - loss: 0.5165 - val_loss: 0.8363
Epoch 138/1000
4032/4096 [============================>.] - ETA: 15s - loss: 0.4732
- val_loss: 0.8489
- val_all_f1:  0.6893 0.6893 0.6893
- val_exp_f1:  0.8961 0.8961 0.8961
- val_non_f1:  0.6393 0.6373 0.6383

4096/4096 [==============================] - 1061s - loss: 0.4720 - val_loss: 0.8489
Epoch 139/1000
4032/4096 [============================>.] - ETA: 15s - loss: 0.5152
- val_loss: 0.8458
- val_all_f1:  0.6919 0.6919 0.6919
- val_exp_f1:  0.9221 0.9221 0.9221
- val_non_f1:  0.6361 0.6340 0.6350

4096/4096 [==============================] - 1065s - loss: 0.5131 - val_loss: 0.8458
Epoch 140/1000
4032/4096 [============================>.] - ETA: 15s - loss: 0.5100
- val_loss: 0.8466
- val_all_f1:  0.6893 0.6893 0.6893
- val_exp_f1:  0.9221 0.9221 0.9221
- val_non_f1:  0.6328 0.6307 0.6318

4096/4096 [==============================] - 1061s - loss: 0.5100 - val_loss: 0.8466
Epoch 141/1000
4032/4096 [============================>.] - ETA: 15s - loss: 0.5114
- val_loss: 0.8442
- val_all_f1:  0.6971 0.6971 0.6971
- val_exp_f1:  0.9481 0.9481 0.9481
- val_non_f1:  0.6361 0.6340 0.6350

4096/4096 [==============================] - 1023s - loss: 0.5121 - val_loss: 0.8442
Epoch 142/1000
4032/4096 [============================>.] - ETA: 15s - loss: 0.5361
- val_loss: 0.8437
- val_all_f1:  0.6815 0.6815 0.6815
- val_exp_f1:  0.8961 0.8961 0.8961
- val_non_f1:  0.6295 0.6275 0.6285

4096/4096 [==============================] - 1020s - loss: 0.5331 - val_loss: 0.8437
Epoch 143/1000
4032/4096 [============================>.] - ETA: 15s - loss: 0.5251
- val_loss: 0.8255
- val_all_f1:  0.6893 0.6893 0.6893
- val_exp_f1:  0.9351 0.9351 0.9351
- val_non_f1:  0.6295 0.6275 0.6285

4096/4096 [==============================] - 1022s - loss: 0.5256 - val_loss: 0.8255
Epoch 144/1000
4032/4096 [============================>.] - ETA: 15s - loss: 0.5084
- val_loss: 0.8218
- val_all_f1:  0.6867 0.6867 0.6867
- val_exp_f1:  0.8961 0.8961 0.8961
- val_non_f1:  0.6361 0.6340 0.6350

4096/4096 [==============================] - 1033s - loss: 0.5082 - val_loss: 0.8218
Epoch 145/1000
4032/4096 [============================>.] - ETA: 15s - loss: 0.5348
- val_loss: 0.8352
- val_all_f1:  0.6945 0.6945 0.6945
- val_exp_f1:  0.9351 0.9351 0.9351
- val_non_f1:  0.6340 0.6340 0.6340

4096/4096 [==============================] - 1031s - loss: 0.5394 - val_loss: 0.8352
Epoch 146/1000
4032/4096 [============================>.] - ETA: 15s - loss: 0.4960
- val_loss: 0.8256
- val_all_f1:  0.6919 0.6919 0.6919
- val_exp_f1:  0.9221 0.9221 0.9221
- val_non_f1:  0.6361 0.6340 0.6350

4096/4096 [==============================] - 1022s - loss: 0.4941 - val_loss: 0.8256
Epoch 147/1000
4032/4096 [============================>.] - ETA: 14s - loss: 0.4478
- val_loss: 0.8007
- val_all_f1:  0.6971 0.6971 0.6971
- val_exp_f1:  0.9481 0.9481 0.9481
- val_non_f1:  0.6361 0.6340 0.6350

4096/4096 [==============================] - 1003s - loss: 0.4477 - val_loss: 0.8007
Epoch 148/1000
4032/4096 [============================>.] - ETA: 15s - loss: 0.4770
- val_loss: 0.7910
- val_all_f1:  0.6919 0.6919 0.6919
- val_exp_f1:  0.9351 0.9351 0.9351
- val_non_f1:  0.6328 0.6307 0.6318

4096/4096 [==============================] - 1006s - loss: 0.4775 - val_loss: 0.7910
Epoch 149/1000
4032/4096 [============================>.] - ETA: 14s - loss: 0.4881
- val_loss: 0.8326
- val_all_f1:  0.6841 0.6841 0.6841
- val_exp_f1:  0.8961 0.8961 0.8961
- val_non_f1:  0.6328 0.6307 0.6318

4096/4096 [==============================] - 994s - loss: 0.4883 - val_loss: 0.8326
Epoch 150/1000
4032/4096 [============================>.] - ETA: 14s - loss: 0.4978
- val_loss: 0.8006
- val_all_f1:  0.6919 0.6919 0.6919
- val_exp_f1:  0.9351 0.9351 0.9351
- val_non_f1:  0.6328 0.6307 0.6318

4096/4096 [==============================] - 998s - loss: 0.5016 - val_loss: 0.8006
Epoch 151/1000
4032/4096 [============================>.] - ETA: 15s - loss: 0.5208
- val_loss: 0.8487
- val_all_f1:  0.6762 0.6762 0.6762
- val_exp_f1:  0.8831 0.8831 0.8831
- val_non_f1:  0.6262 0.6242 0.6252

4096/4096 [==============================] - 1050s - loss: 0.5180 - val_loss: 0.8487
Epoch 152/1000
4032/4096 [============================>.] - ETA: 16s - loss: 0.4945
- val_loss: 0.8003
- val_all_f1:  0.6971 0.6971 0.6971
- val_exp_f1:  0.9481 0.9481 0.9481
- val_non_f1:  0.6361 0.6340 0.6350

4096/4096 [==============================] - 1093s - loss: 0.4995 - val_loss: 0.8003
Epoch 153/1000
4032/4096 [============================>.] - ETA: 16s - loss: 0.4855
- val_loss: 0.7984
- val_all_f1:  0.6841 0.6841 0.6841
- val_exp_f1:  0.9351 0.9351 0.9351
- val_non_f1:  0.6230 0.6209 0.6219

4096/4096 [==============================] - 1124s - loss: 0.4837 - val_loss: 0.7984
Epoch 154/1000
4032/4096 [============================>.] - ETA: 17s - loss: 0.4821
- val_loss: 0.8033
- val_all_f1:  0.6893 0.6893 0.6893
- val_exp_f1:  0.9481 0.9481 0.9481
- val_non_f1:  0.6262 0.6242 0.6252

4096/4096 [==============================] - 1195s - loss: 0.4845 - val_loss: 0.8033
Epoch 155/1000
4032/4096 [============================>.] - ETA: 17s - loss: 0.4815
- val_loss: 0.8156
- val_all_f1:  0.6867 0.6867 0.6867
- val_exp_f1:  0.9091 0.9091 0.9091
- val_non_f1:  0.6328 0.6307 0.6318

4096/4096 [==============================] - 1190s - loss: 0.4798 - val_loss: 0.8156
Epoch 156/1000
4032/4096 [============================>.] - ETA: 18s - loss: 0.4812
- val_loss: 0.9264
- val_all_f1:  0.6893 0.6893 0.6893
- val_exp_f1:  0.9091 0.9091 0.9091
- val_non_f1:  0.6361 0.6340 0.6350

4096/4096 [==============================] - 1207s - loss: 0.4776 - val_loss: 0.9264
Epoch 157/1000
4032/4096 [============================>.] - ETA: 17s - loss: 0.4814
- val_loss: 0.8149
- val_all_f1:  0.6893 0.6893 0.6893
- val_exp_f1:  0.8961 0.8961 0.8961
- val_non_f1:  0.6393 0.6373 0.6383

4096/4096 [==============================] - 1185s - loss: 0.4833 - val_loss: 0.8149
Epoch 158/1000
4032/4096 [============================>.] - ETA: 17s - loss: 0.5015
- val_loss: 0.8045
- val_all_f1:  0.6919 0.6919 0.6919
- val_exp_f1:  0.9091 0.9091 0.9091
- val_non_f1:  0.6393 0.6373 0.6383

4096/4096 [==============================] - 1159s - loss: 0.4995 - val_loss: 0.8045
Epoch 159/1000
4032/4096 [============================>.] - ETA: 17s - loss: 0.4938
- val_loss: 0.7865
- val_all_f1:  0.7023 0.7023 0.7023
- val_exp_f1:  0.8961 0.8961 0.8961
- val_non_f1:  0.6557 0.6536 0.6547

4096/4096 [==============================] - 1158s - loss: 0.4961 - val_loss: 0.7865
Epoch 160/1000
4032/4096 [============================>.] - ETA: 17s - loss: 0.4692
- val_loss: 0.8077
- val_all_f1:  0.7050 0.7050 0.7050
- val_exp_f1:  0.8961 0.8961 0.8961
- val_non_f1:  0.6590 0.6569 0.6579

4096/4096 [==============================] - 1172s - loss: 0.4736 - val_loss: 0.8077
Epoch 161/1000
4032/4096 [============================>.] - ETA: 17s - loss: 0.4452
- val_loss: 0.8093
- val_all_f1:  0.6919 0.6919 0.6919
- val_exp_f1:  0.9481 0.9481 0.9481
- val_non_f1:  0.6295 0.6275 0.6285

4096/4096 [==============================] - 1179s - loss: 0.4424 - val_loss: 0.8093
Epoch 162/1000
4032/4096 [============================>.] - ETA: 17s - loss: 0.4908
- val_loss: 0.8045
- val_all_f1:  0.7206 0.7206 0.7206
- val_exp_f1:  0.9091 0.9091 0.9091
- val_non_f1:  0.6754 0.6732 0.6743

4096/4096 [==============================] - 1183s - loss: 0.4881 - val_loss: 0.8045
Epoch 163/1000
4032/4096 [============================>.] - ETA: 17s - loss: 0.4561
- val_loss: 0.7936
- val_all_f1:  0.7023 0.7023 0.7023
- val_exp_f1:  0.8961 0.8961 0.8961
- val_non_f1:  0.6557 0.6536 0.6547

4096/4096 [==============================] - 1165s - loss: 0.4601 - val_loss: 0.7936
Epoch 164/1000
4032/4096 [============================>.] - ETA: 17s - loss: 0.4765
- val_loss: 0.7889
- val_all_f1:  0.6971 0.6971 0.6971
- val_exp_f1:  0.8961 0.8961 0.8961
- val_non_f1:  0.6492 0.6471 0.6481

4096/4096 [==============================] - 1166s - loss: 0.4725 - val_loss: 0.7889
Epoch 165/1000
4032/4096 [============================>.] - ETA: 17s - loss: 0.4530
- val_loss: 0.7691
- val_all_f1:  0.7050 0.7050 0.7050
- val_exp_f1:  0.9091 0.9091 0.9091
- val_non_f1:  0.6557 0.6536 0.6547

4096/4096 [==============================] - 1160s - loss: 0.4521 - val_loss: 0.7691
Epoch 166/1000
4032/4096 [============================>.] - ETA: 16s - loss: 0.4688
- val_loss: 0.7962
- val_all_f1:  0.7232 0.7232 0.7232
- val_exp_f1:  0.8831 0.8831 0.8831
- val_non_f1:  0.6852 0.6830 0.6841

4096/4096 [==============================] - 1114s - loss: 0.4687 - val_loss: 0.7962
Epoch 167/1000
4032/4096 [============================>.] - ETA: 16s - loss: 0.5328
- val_loss: 0.7881
- val_all_f1:  0.7154 0.7154 0.7154
- val_exp_f1:  0.9481 0.9481 0.9481
- val_non_f1:  0.6590 0.6569 0.6579

4096/4096 [==============================] - 1129s - loss: 0.5373 - val_loss: 0.7881
Epoch 168/1000
4032/4096 [============================>.] - ETA: 16s - loss: 0.4514
- val_loss: 0.7910
- val_all_f1:  0.7232 0.7232 0.7232
- val_exp_f1:  0.9351 0.9351 0.9351
- val_non_f1:  0.6721 0.6699 0.6710

4096/4096 [==============================] - 1087s - loss: 0.4512 - val_loss: 0.7910
Epoch 169/1000
4032/4096 [============================>.] - ETA: 17s - loss: 0.4392
- val_loss: 0.8029
- val_all_f1:  0.7050 0.7050 0.7050
- val_exp_f1:  0.9091 0.9091 0.9091
- val_non_f1:  0.6557 0.6536 0.6547

4096/4096 [==============================] - 1135s - loss: 0.4349 - val_loss: 0.8029
Epoch 170/1000
4032/4096 [============================>.] - ETA: 17s - loss: 0.4617
- val_loss: 0.7684
- val_all_f1:  0.7050 0.7050 0.7050
- val_exp_f1:  0.9091 0.9091 0.9091
- val_non_f1:  0.6536 0.6536 0.6536

4096/4096 [==============================] - 1155s - loss: 0.4607 - val_loss: 0.7684
Epoch 171/1000
4032/4096 [============================>.] - ETA: 17s - loss: 0.4908
- val_loss: 0.7778
- val_all_f1:  0.6971 0.6971 0.6971
- val_exp_f1:  0.9351 0.9351 0.9351
- val_non_f1:  0.6393 0.6373 0.6383

4096/4096 [==============================] - 1146s - loss: 0.4882 - val_loss: 0.7778
Epoch 172/1000
4032/4096 [============================>.] - ETA: 17s - loss: 0.4579
- val_loss: 0.8091
- val_all_f1:  0.6815 0.6815 0.6815
- val_exp_f1:  0.9351 0.9351 0.9351
- val_non_f1:  0.6197 0.6176 0.6187

4096/4096 [==============================] - 1150s - loss: 0.4593 - val_loss: 0.8091
Epoch 173/1000
4032/4096 [============================>.] - ETA: 16s - loss: 0.4738
- val_loss: 0.7804
- val_all_f1:  0.6945 0.6945 0.6945
- val_exp_f1:  0.8961 0.8961 0.8961
- val_non_f1:  0.6459 0.6438 0.6448

4096/4096 [==============================] - 1099s - loss: 0.4730 - val_loss: 0.7804
Epoch 174/1000
4032/4096 [============================>.] - ETA: 17s - loss: 0.4435
- val_loss: 0.7876
- val_all_f1:  0.6997 0.6997 0.6997
- val_exp_f1:  0.9481 0.9481 0.9481
- val_non_f1:  0.6393 0.6373 0.6383

4096/4096 [==============================] - 1157s - loss: 0.4410 - val_loss: 0.7876
Epoch 175/1000
4032/4096 [============================>.] - ETA: 17s - loss: 0.4827
- val_loss: 0.7975
- val_all_f1:  0.6919 0.6919 0.6919
- val_exp_f1:  0.9091 0.9091 0.9091
- val_non_f1:  0.6393 0.6373 0.6383

4096/4096 [==============================] - 1159s - loss: 0.4807 - val_loss: 0.7975
[2017-07-22 21:37] training finished (ex/conll16st-v35b1-zhch-default-3)
[2017-07-22 21:37] best_val_loss: 132 - loss: 0.4462 - val_loss: 0.7554 - val_all_f1: 0.7206 - val_exp_f1: 0.8961 - val_non_f1: 0.6776
[2017-07-22 21:37] best_val_all_f1: 73 - loss: 0.4999 - val_loss: 0.8408 - val_all_f1: 0.7258 - val_exp_f1: 0.9221 - val_non_f1: 0.6765
