[2017-06-25 21:36] configuration (ex/conll16st-v35b1-zh-default-0)
[2017-06-25 21:36]   config 'arg1_len': 500
[2017-06-25 21:36]   config 'arg2_len': 500
[2017-06-25 21:36]   config 'backend': theano
[2017-06-25 21:36]   config 'backend_theano': device=gpu,floatX=float32,nvcc.fastmath=True,lib.cnmem=0.45
[2017-06-25 21:36]   config 'batch_size': 64
[2017-06-25 21:36]   config 'conn_len': 10
[2017-06-25 21:36]   config 'continue_': False
[2017-06-25 21:36]   config 'curriculum_end': 0.0
[2017-06-25 21:36]   config 'epochs': 1000
[2017-06-25 21:36]   config 'epochs_patience': 100
[2017-06-25 21:36]   config 'epochs_ratio': 0.1
[2017-06-25 21:36]   config 'filter_act': sigmoid
[2017-06-25 21:36]   config 'filter_append_act': linear
[2017-06-25 21:36]   config 'filter_append_batchnorm': False
[2017-06-25 21:36]   config 'filter_append_dim': 0
[2017-06-25 21:36]   config 'filter_append_dropout': 0.0
[2017-06-25 21:36]   config 'filter_apply': mul
[2017-06-25 21:36]   config 'filter_dim': 12
[2017-06-25 21:36]   config 'filter_dropout_U': 0.0
[2017-06-25 21:36]   config 'filter_dropout_W': 0.0
[2017-06-25 21:36]   config 'filter_fn_name': None
[2017-06-25 21:36]   config 'filter_shared': global
[2017-06-25 21:36]   config 'filter_type': lstm-fb
[2017-06-25 21:36]   config 'filter_zoneout_c': 0.0
[2017-06-25 21:36]   config 'filter_zoneout_h': 0.0
[2017-06-25 21:36]   config 'final_act': SReLU
[2017-06-25 21:36]   config 'final_dim': 80
[2017-06-25 21:36]   config 'final_dropout': 0.3
[2017-06-25 21:36]   config 'lang': zh
[2017-06-25 21:36]   config 'masking': True
[2017-06-25 21:36]   config 'mode': word
[2017-06-25 21:36]   config 'model_dir': ex/conll16st-v35b1-zh-default-0
[2017-06-25 21:36]   config 'optimizer': adam
[2017-06-25 21:36]   config 'original_positives': 0
[2017-06-25 21:36]   config 'punc_len': 2
[2017-06-25 21:36]   config 'random_negatives': 2
[2017-06-25 21:36]   config 'random_positives': 2
[2017-06-25 21:36]   config 'random_proba_1': 0.1
[2017-06-25 21:36]   config 'random_proba_2': 0.1
[2017-06-25 21:36]   config 'random_proba_3': 0.9
[2017-06-25 21:36]   config 'rnn_act': tanh
[2017-06-25 21:36]   config 'rnn_dim': 20
[2017-06-25 21:36]   config 'rnn_dropout_U': 0.0
[2017-06-25 21:36]   config 'rnn_dropout_W': 0.0
[2017-06-25 21:36]   config 'rnn_dropout_merge': 0.3
[2017-06-25 21:36]   config 'rnn_merge': concat
[2017-06-25 21:36]   config 'rnn_num': 12
[2017-06-25 21:36]   config 'rnn_shared': aspect
[2017-06-25 21:36]   config 'rnn_type': lstm-fwd
[2017-06-25 21:36]   config 'rnn_zoneout_c': 0.0
[2017-06-25 21:36]   config 'rnn_zoneout_h': 0.0
[2017-06-25 21:36]   config 'snapshot_size': 2048
[2017-06-25 21:36]   config 'train_dir': data/conll16st-zh-01-08-2016-train
[2017-06-25 21:36]   config 'valid_dir': data/conll16st-zh-01-08-2016-dev
[2017-06-25 21:36]   config 'words2vec_bin': None
[2017-06-25 21:36]   config 'words2vec_txt': None
[2017-06-25 21:36]   config 'words_dim': 20
[2017-06-25 21:36]   config 'words_dropout': 0.3
[2017-06-25 21:36]   config 'words_shared': global
[2017-06-25 21:36]   config 'words_trainable': True
[2017-06-25 21:36] load dataset for training (data/conll16st-zh-01-08-2016-train)
[2017-06-25 21:37]   lang: zh, doc_ids: 455, words: 155827, rel_ids: 10240, relation tokens: 475970
[2017-06-25 21:37] load dataset for validation (data/conll16st-zh-01-08-2016-dev)
[2017-06-25 21:37]   lang: zh, doc_ids: 24, words: 6782, rel_ids: 383, relation tokens: 16859
[2017-06-25 21:37] build indexes from training
[2017-06-25 21:37]   words2id: 14785, target2id: 12
[2017-06-25 21:37] target class distribution from training
[2017-06-25 21:37]   class 0 = 'None': None
[2017-06-25 21:37]   class 1 = '': None
[2017-06-25 21:37]   class 2 = 'Conjunction': 6102
[2017-06-25 21:37]   class 3 = 'Expansion': 1435
[2017-06-25 21:37]   class 4 = 'EntRel': 1098
[2017-06-25 21:37]   class 5 = 'Causation': 456
[2017-06-25 21:37]   class 6 = 'Temporal': 434
[2017-06-25 21:37]   class 7 = 'Contrast': 340
[2017-06-25 21:37]   class 8 = 'Purpose': 244
[2017-06-25 21:37]   class 9 = 'Conditional': 134
[2017-06-25 21:37]   class 10 = 'Progression': 75
[2017-06-25 21:37]   class 11 = 'Alternative': 18
[2017-06-25 21:37] build model
____________________________________________________________________________________________________
Layer (type)                     Output Shape          Param #     Connected to                     
====================================================================================================
arg1_ids (InputLayer)            (None, 500)           0                                            
____________________________________________________________________________________________________
arg2_ids (InputLayer)            (None, 500)           0                                            
____________________________________________________________________________________________________
conn_ids (InputLayer)            (None, 10)            0                                            
____________________________________________________________________________________________________
punc_ids (InputLayer)            (None, 2)             0                                            
____________________________________________________________________________________________________
embedding_1 (Embedding)          multiple              295700      arg1_ids[0][0]                   
                                                                   arg2_ids[0][0]                   
                                                                   conn_ids[0][0]                   
                                                                   punc_ids[0][0]                   
____________________________________________________________________________________________________
shareablelstm_1 (ShareableLSTM)  multiple              1584        embedding_1[0][0]                
                                                                   embedding_1[1][0]                
                                                                   embedding_1[2][0]                
                                                                   embedding_1[3][0]                
____________________________________________________________________________________________________
shareablelstm_2 (ShareableLSTM)  multiple              1584        embedding_1[0][0]                
                                                                   embedding_1[1][0]                
                                                                   embedding_1[2][0]                
                                                                   embedding_1[3][0]                
____________________________________________________________________________________________________
merge_1 (Merge)                  (None, 500, 12)       0           shareablelstm_1[0][0]            
                                                                   shareablelstm_2[0][0]            
____________________________________________________________________________________________________
merge_15 (Merge)                 (None, 500, 12)       0           shareablelstm_1[1][0]            
                                                                   shareablelstm_2[1][0]            
____________________________________________________________________________________________________
merge_29 (Merge)                 (None, 10, 12)        0           shareablelstm_1[2][0]            
                                                                   shareablelstm_2[2][0]            
____________________________________________________________________________________________________
merge_43 (Merge)                 (None, 2, 12)         0           shareablelstm_1[3][0]            
                                                                   shareablelstm_2[3][0]            
____________________________________________________________________________________________________
arg1_filters (Activation)        (None, 500, 12)       0           merge_1[0][0]                    
____________________________________________________________________________________________________
arg2_filters (Activation)        (None, 500, 12)       0           merge_15[0][0]                   
____________________________________________________________________________________________________
conn_filters (Activation)        (None, 10, 12)        0           merge_29[0][0]                   
____________________________________________________________________________________________________
punc_filters (Activation)        (None, 2, 12)         0           merge_43[0][0]                   
____________________________________________________________________________________________________
merge_2 (Merge)                  (None, 500, 20)       0           embedding_1[0][0]                
                                                                   arg1_filters[0][0]               
____________________________________________________________________________________________________
merge_3 (Merge)                  (None, 500, 20)       0           embedding_1[0][0]                
                                                                   arg1_filters[0][0]               
____________________________________________________________________________________________________
merge_4 (Merge)                  (None, 500, 20)       0           embedding_1[0][0]                
                                                                   arg1_filters[0][0]               
____________________________________________________________________________________________________
merge_5 (Merge)                  (None, 500, 20)       0           embedding_1[0][0]                
                                                                   arg1_filters[0][0]               
____________________________________________________________________________________________________
merge_6 (Merge)                  (None, 500, 20)       0           embedding_1[0][0]                
                                                                   arg1_filters[0][0]               
____________________________________________________________________________________________________
merge_7 (Merge)                  (None, 500, 20)       0           embedding_1[0][0]                
                                                                   arg1_filters[0][0]               
____________________________________________________________________________________________________
merge_8 (Merge)                  (None, 500, 20)       0           embedding_1[0][0]                
                                                                   arg1_filters[0][0]               
____________________________________________________________________________________________________
merge_9 (Merge)                  (None, 500, 20)       0           embedding_1[0][0]                
                                                                   arg1_filters[0][0]               
____________________________________________________________________________________________________
merge_10 (Merge)                 (None, 500, 20)       0           embedding_1[0][0]                
                                                                   arg1_filters[0][0]               
____________________________________________________________________________________________________
merge_11 (Merge)                 (None, 500, 20)       0           embedding_1[0][0]                
                                                                   arg1_filters[0][0]               
____________________________________________________________________________________________________
merge_12 (Merge)                 (None, 500, 20)       0           embedding_1[0][0]                
                                                                   arg1_filters[0][0]               
____________________________________________________________________________________________________
merge_13 (Merge)                 (None, 500, 20)       0           embedding_1[0][0]                
                                                                   arg1_filters[0][0]               
____________________________________________________________________________________________________
merge_16 (Merge)                 (None, 500, 20)       0           embedding_1[1][0]                
                                                                   arg2_filters[0][0]               
____________________________________________________________________________________________________
merge_17 (Merge)                 (None, 500, 20)       0           embedding_1[1][0]                
                                                                   arg2_filters[0][0]               
____________________________________________________________________________________________________
merge_18 (Merge)                 (None, 500, 20)       0           embedding_1[1][0]                
                                                                   arg2_filters[0][0]               
____________________________________________________________________________________________________
merge_19 (Merge)                 (None, 500, 20)       0           embedding_1[1][0]                
                                                                   arg2_filters[0][0]               
____________________________________________________________________________________________________
merge_20 (Merge)                 (None, 500, 20)       0           embedding_1[1][0]                
                                                                   arg2_filters[0][0]               
____________________________________________________________________________________________________
merge_21 (Merge)                 (None, 500, 20)       0           embedding_1[1][0]                
                                                                   arg2_filters[0][0]               
____________________________________________________________________________________________________
merge_22 (Merge)                 (None, 500, 20)       0           embedding_1[1][0]                
                                                                   arg2_filters[0][0]               
____________________________________________________________________________________________________
merge_23 (Merge)                 (None, 500, 20)       0           embedding_1[1][0]                
                                                                   arg2_filters[0][0]               
____________________________________________________________________________________________________
merge_24 (Merge)                 (None, 500, 20)       0           embedding_1[1][0]                
                                                                   arg2_filters[0][0]               
____________________________________________________________________________________________________
merge_25 (Merge)                 (None, 500, 20)       0           embedding_1[1][0]                
                                                                   arg2_filters[0][0]               
____________________________________________________________________________________________________
merge_26 (Merge)                 (None, 500, 20)       0           embedding_1[1][0]                
                                                                   arg2_filters[0][0]               
____________________________________________________________________________________________________
merge_27 (Merge)                 (None, 500, 20)       0           embedding_1[1][0]                
                                                                   arg2_filters[0][0]               
____________________________________________________________________________________________________
merge_30 (Merge)                 (None, 10, 20)        0           embedding_1[2][0]                
                                                                   conn_filters[0][0]               
____________________________________________________________________________________________________
merge_31 (Merge)                 (None, 10, 20)        0           embedding_1[2][0]                
                                                                   conn_filters[0][0]               
____________________________________________________________________________________________________
merge_32 (Merge)                 (None, 10, 20)        0           embedding_1[2][0]                
                                                                   conn_filters[0][0]               
____________________________________________________________________________________________________
merge_33 (Merge)                 (None, 10, 20)        0           embedding_1[2][0]                
                                                                   conn_filters[0][0]               
____________________________________________________________________________________________________
merge_34 (Merge)                 (None, 10, 20)        0           embedding_1[2][0]                
                                                                   conn_filters[0][0]               
____________________________________________________________________________________________________
merge_35 (Merge)                 (None, 10, 20)        0           embedding_1[2][0]                
                                                                   conn_filters[0][0]               
____________________________________________________________________________________________________
merge_36 (Merge)                 (None, 10, 20)        0           embedding_1[2][0]                
                                                                   conn_filters[0][0]               
____________________________________________________________________________________________________
merge_37 (Merge)                 (None, 10, 20)        0           embedding_1[2][0]                
                                                                   conn_filters[0][0]               
____________________________________________________________________________________________________
merge_38 (Merge)                 (None, 10, 20)        0           embedding_1[2][0]                
                                                                   conn_filters[0][0]               
____________________________________________________________________________________________________
merge_39 (Merge)                 (None, 10, 20)        0           embedding_1[2][0]                
                                                                   conn_filters[0][0]               
____________________________________________________________________________________________________
merge_40 (Merge)                 (None, 10, 20)        0           embedding_1[2][0]                
                                                                   conn_filters[0][0]               
____________________________________________________________________________________________________
merge_41 (Merge)                 (None, 10, 20)        0           embedding_1[2][0]                
                                                                   conn_filters[0][0]               
____________________________________________________________________________________________________
merge_44 (Merge)                 (None, 2, 20)         0           embedding_1[3][0]                
                                                                   punc_filters[0][0]               
____________________________________________________________________________________________________
merge_45 (Merge)                 (None, 2, 20)         0           embedding_1[3][0]                
                                                                   punc_filters[0][0]               
____________________________________________________________________________________________________
merge_46 (Merge)                 (None, 2, 20)         0           embedding_1[3][0]                
                                                                   punc_filters[0][0]               
____________________________________________________________________________________________________
merge_47 (Merge)                 (None, 2, 20)         0           embedding_1[3][0]                
                                                                   punc_filters[0][0]               
____________________________________________________________________________________________________
merge_48 (Merge)                 (None, 2, 20)         0           embedding_1[3][0]                
                                                                   punc_filters[0][0]               
____________________________________________________________________________________________________
merge_49 (Merge)                 (None, 2, 20)         0           embedding_1[3][0]                
                                                                   punc_filters[0][0]               
____________________________________________________________________________________________________
merge_50 (Merge)                 (None, 2, 20)         0           embedding_1[3][0]                
                                                                   punc_filters[0][0]               
____________________________________________________________________________________________________
merge_51 (Merge)                 (None, 2, 20)         0           embedding_1[3][0]                
                                                                   punc_filters[0][0]               
____________________________________________________________________________________________________
merge_52 (Merge)                 (None, 2, 20)         0           embedding_1[3][0]                
                                                                   punc_filters[0][0]               
____________________________________________________________________________________________________
merge_53 (Merge)                 (None, 2, 20)         0           embedding_1[3][0]                
                                                                   punc_filters[0][0]               
____________________________________________________________________________________________________
merge_54 (Merge)                 (None, 2, 20)         0           embedding_1[3][0]                
                                                                   punc_filters[0][0]               
____________________________________________________________________________________________________
merge_55 (Merge)                 (None, 2, 20)         0           embedding_1[3][0]                
                                                                   punc_filters[0][0]               
____________________________________________________________________________________________________
shareablelstm_3 (ShareableLSTM)  (None, 20)            3280        merge_2[0][0]                    
                                                                   merge_16[0][0]                   
                                                                   merge_30[0][0]                   
                                                                   merge_44[0][0]                   
____________________________________________________________________________________________________
shareablelstm_5 (ShareableLSTM)  (None, 20)            3280        merge_3[0][0]                    
                                                                   merge_17[0][0]                   
                                                                   merge_31[0][0]                   
                                                                   merge_45[0][0]                   
____________________________________________________________________________________________________
shareablelstm_7 (ShareableLSTM)  (None, 20)            3280        merge_4[0][0]                    
                                                                   merge_18[0][0]                   
                                                                   merge_32[0][0]                   
                                                                   merge_46[0][0]                   
____________________________________________________________________________________________________
shareablelstm_9 (ShareableLSTM)  (None, 20)            3280        merge_5[0][0]                    
                                                                   merge_19[0][0]                   
                                                                   merge_33[0][0]                   
                                                                   merge_47[0][0]                   
____________________________________________________________________________________________________
shareablelstm_11 (ShareableLSTM) (None, 20)            3280        merge_6[0][0]                    
                                                                   merge_20[0][0]                   
                                                                   merge_34[0][0]                   
                                                                   merge_48[0][0]                   
____________________________________________________________________________________________________
shareablelstm_13 (ShareableLSTM) (None, 20)            3280        merge_7[0][0]                    
                                                                   merge_21[0][0]                   
                                                                   merge_35[0][0]                   
                                                                   merge_49[0][0]                   
____________________________________________________________________________________________________
shareablelstm_15 (ShareableLSTM) (None, 20)            3280        merge_8[0][0]                    
                                                                   merge_22[0][0]                   
                                                                   merge_36[0][0]                   
                                                                   merge_50[0][0]                   
____________________________________________________________________________________________________
shareablelstm_17 (ShareableLSTM) (None, 20)            3280        merge_9[0][0]                    
                                                                   merge_23[0][0]                   
                                                                   merge_37[0][0]                   
                                                                   merge_51[0][0]                   
____________________________________________________________________________________________________
shareablelstm_19 (ShareableLSTM) (None, 20)            3280        merge_10[0][0]                   
                                                                   merge_24[0][0]                   
                                                                   merge_38[0][0]                   
                                                                   merge_52[0][0]                   
____________________________________________________________________________________________________
shareablelstm_21 (ShareableLSTM) (None, 20)            3280        merge_11[0][0]                   
                                                                   merge_25[0][0]                   
                                                                   merge_39[0][0]                   
                                                                   merge_53[0][0]                   
____________________________________________________________________________________________________
shareablelstm_23 (ShareableLSTM) (None, 20)            3280        merge_12[0][0]                   
                                                                   merge_26[0][0]                   
                                                                   merge_40[0][0]                   
                                                                   merge_54[0][0]                   
____________________________________________________________________________________________________
shareablelstm_25 (ShareableLSTM) (None, 20)            3280        merge_13[0][0]                   
                                                                   merge_27[0][0]                   
                                                                   merge_41[0][0]                   
                                                                   merge_55[0][0]                   
____________________________________________________________________________________________________
merge_14 (Merge)                 (None, 240)           0           shareablelstm_3[0][0]            
                                                                   shareablelstm_5[0][0]            
                                                                   shareablelstm_7[0][0]            
                                                                   shareablelstm_9[0][0]            
                                                                   shareablelstm_11[0][0]           
                                                                   shareablelstm_13[0][0]           
                                                                   shareablelstm_15[0][0]           
                                                                   shareablelstm_17[0][0]           
                                                                   shareablelstm_19[0][0]           
                                                                   shareablelstm_21[0][0]           
                                                                   shareablelstm_23[0][0]           
                                                                   shareablelstm_25[0][0]           
____________________________________________________________________________________________________
merge_28 (Merge)                 (None, 240)           0           shareablelstm_3[1][0]            
                                                                   shareablelstm_5[1][0]            
                                                                   shareablelstm_7[1][0]            
                                                                   shareablelstm_9[1][0]            
                                                                   shareablelstm_11[1][0]           
                                                                   shareablelstm_13[1][0]           
                                                                   shareablelstm_15[1][0]           
                                                                   shareablelstm_17[1][0]           
                                                                   shareablelstm_19[1][0]           
                                                                   shareablelstm_21[1][0]           
                                                                   shareablelstm_23[1][0]           
                                                                   shareablelstm_25[1][0]           
____________________________________________________________________________________________________
merge_42 (Merge)                 (None, 240)           0           shareablelstm_3[2][0]            
                                                                   shareablelstm_5[2][0]            
                                                                   shareablelstm_7[2][0]            
                                                                   shareablelstm_9[2][0]            
                                                                   shareablelstm_11[2][0]           
                                                                   shareablelstm_13[2][0]           
                                                                   shareablelstm_15[2][0]           
                                                                   shareablelstm_17[2][0]           
                                                                   shareablelstm_19[2][0]           
                                                                   shareablelstm_21[2][0]           
                                                                   shareablelstm_23[2][0]           
                                                                   shareablelstm_25[2][0]           
____________________________________________________________________________________________________
merge_56 (Merge)                 (None, 240)           0           shareablelstm_3[3][0]            
                                                                   shareablelstm_5[3][0]            
                                                                   shareablelstm_7[3][0]            
                                                                   shareablelstm_9[3][0]            
                                                                   shareablelstm_11[3][0]           
                                                                   shareablelstm_13[3][0]           
                                                                   shareablelstm_15[3][0]           
                                                                   shareablelstm_17[3][0]           
                                                                   shareablelstm_19[3][0]           
                                                                   shareablelstm_21[3][0]           
                                                                   shareablelstm_23[3][0]           
                                                                   shareablelstm_25[3][0]           
____________________________________________________________________________________________________
dropout_1 (Dropout)              (None, 240)           0           merge_14[0][0]                   
____________________________________________________________________________________________________
dropout_2 (Dropout)              (None, 240)           0           merge_28[0][0]                   
____________________________________________________________________________________________________
dropout_3 (Dropout)              (None, 240)           0           merge_42[0][0]                   
____________________________________________________________________________________________________
dropout_4 (Dropout)              (None, 240)           0           merge_56[0][0]                   
____________________________________________________________________________________________________
merge_57 (Merge)                 (None, 960)           0           dropout_1[0][0]                  
                                                                   dropout_2[0][0]                  
                                                                   dropout_3[0][0]                  
                                                                   dropout_4[0][0]                  
____________________________________________________________________________________________________
dense_1 (Dense)                  (None, 80)            76880       merge_57[0][0]                   
____________________________________________________________________________________________________
srelu_1 (SReLU)                  (None, 80)            320         dense_1[0][0]                    
____________________________________________________________________________________________________
dropout_5 (Dropout)              (None, 80)            0           srelu_1[0][0]                    
____________________________________________________________________________________________________
dense_2 (Dense)                  (None, 12)            972         dropout_5[0][0]                  
____________________________________________________________________________________________________
target (Activation)              (None, 12)            0           dense_2[0][0]                    
====================================================================================================
Total params: 416,400
Trainable params: 416,400
Non-trainable params: 0
____________________________________________________________________________________________________
[2017-06-25 21:59] initialize weights
[2017-06-25 21:59] training preparation
[2017-06-25 21:59] train model (ex/conll16st-v35b1-zh-default-0)
Epoch 1/1000
4032/4096 [============================>.] - ETA: 4s - loss: 1.6057
- val_loss: 2.1536
- val_all_f1:  0.5770 0.5770 0.5770
- val_exp_f1:  0.4156 0.4156 0.4156
- val_non_f1:  0.6176 0.6176 0.6176

4096/4096 [==============================] - 306s - loss: 1.6036 - val_loss: 2.1536
Epoch 2/1000
4032/4096 [============================>.] - ETA: 4s - loss: 1.4634
- val_loss: 2.0777
- val_all_f1:  0.5770 0.5770 0.5770
- val_exp_f1:  0.4156 0.4156 0.4156
- val_non_f1:  0.6176 0.6176 0.6176

4096/4096 [==============================] - 307s - loss: 1.4586 - val_loss: 2.0777
Epoch 3/1000
4032/4096 [============================>.] - ETA: 4s - loss: 1.3620
- val_loss: 1.7662
- val_all_f1:  0.5770 0.5770 0.5770
- val_exp_f1:  0.4156 0.4156 0.4156
- val_non_f1:  0.6176 0.6176 0.6176

4096/4096 [==============================] - 307s - loss: 1.3583 - val_loss: 1.7662
Epoch 4/1000
4032/4096 [============================>.] - ETA: 4s - loss: 1.2421
- val_loss: 1.7325
- val_all_f1:  0.5770 0.5770 0.5770
- val_exp_f1:  0.4156 0.4156 0.4156
- val_non_f1:  0.6176 0.6176 0.6176

4096/4096 [==============================] - 306s - loss: 1.2447 - val_loss: 1.7325
Epoch 5/1000
4032/4096 [============================>.] - ETA: 4s - loss: 1.2054
- val_loss: 1.6080
- val_all_f1:  0.5770 0.5770 0.5770
- val_exp_f1:  0.4156 0.4156 0.4156
- val_non_f1:  0.6176 0.6176 0.6176

4096/4096 [==============================] - 306s - loss: 1.2064 - val_loss: 1.6080
Epoch 6/1000
4032/4096 [============================>.] - ETA: 4s - loss: 1.1797
- val_loss: 1.5778
- val_all_f1:  0.5770 0.5770 0.5770
- val_exp_f1:  0.4156 0.4156 0.4156
- val_non_f1:  0.6176 0.6176 0.6176

4096/4096 [==============================] - 306s - loss: 1.1776 - val_loss: 1.5778
Epoch 7/1000
4032/4096 [============================>.] - ETA: 4s - loss: 0.9869
- val_loss: 1.2081
- val_all_f1:  0.5822 0.5822 0.5822
- val_exp_f1:  0.4416 0.4416 0.4416
- val_non_f1:  0.6197 0.6176 0.6187

4096/4096 [==============================] - 306s - loss: 0.9862 - val_loss: 1.2081
Epoch 8/1000
4032/4096 [============================>.] - ETA: 4s - loss: 0.8511
- val_loss: 1.2122
- val_all_f1:  0.5875 0.5875 0.5875
- val_exp_f1:  0.4675 0.4675 0.4675
- val_non_f1:  0.6197 0.6176 0.6187

4096/4096 [==============================] - 306s - loss: 0.8486 - val_loss: 1.2122
Epoch 9/1000
4032/4096 [============================>.] - ETA: 4s - loss: 0.7950
- val_loss: 1.3353
- val_all_f1:  0.5849 0.5849 0.5849
- val_exp_f1:  0.4545 0.4545 0.4545
- val_non_f1:  0.6197 0.6176 0.6187

4096/4096 [==============================] - 306s - loss: 0.7969 - val_loss: 1.3353
Epoch 10/1000
4032/4096 [============================>.] - ETA: 4s - loss: 0.8276
- val_loss: 1.2277
- val_all_f1:  0.5927 0.5927 0.5927
- val_exp_f1:  0.4935 0.4935 0.4935
- val_non_f1:  0.6217 0.6176 0.6197

4096/4096 [==============================] - 305s - loss: 0.8301 - val_loss: 1.2277
Epoch 11/1000
4032/4096 [============================>.] - ETA: 4s - loss: 0.7524
- val_loss: 1.0928
- val_all_f1:  0.6005 0.6005 0.6005
- val_exp_f1:  0.5065 0.5065 0.5065
- val_non_f1:  0.6242 0.6242 0.6242

4096/4096 [==============================] - 306s - loss: 0.7521 - val_loss: 1.0928
Epoch 12/1000
4032/4096 [============================>.] - ETA: 4s - loss: 0.7224
- val_loss: 1.1433
- val_all_f1:  0.6031 0.6031 0.6031
- val_exp_f1:  0.5325 0.5325 0.5325
- val_non_f1:  0.6271 0.6209 0.6240

4096/4096 [==============================] - 306s - loss: 0.7271 - val_loss: 1.1433
Epoch 13/1000
4032/4096 [============================>.] - ETA: 4s - loss: 0.7245
- val_loss: 1.0600
- val_all_f1:  0.6501 0.6501 0.6501
- val_exp_f1:  0.5714 0.5714 0.5714
- val_non_f1:  0.6743 0.6699 0.6721

4096/4096 [==============================] - 306s - loss: 0.7226 - val_loss: 1.0600
Epoch 14/1000
4032/4096 [============================>.] - ETA: 4s - loss: 0.7269
- val_loss: 1.0565
- val_all_f1:  0.6371 0.6371 0.6371
- val_exp_f1:  0.5455 0.5455 0.5455
- val_non_f1:  0.6667 0.6601 0.6634

4096/4096 [==============================] - 306s - loss: 0.7266 - val_loss: 1.0565
Epoch 15/1000
4032/4096 [============================>.] - ETA: 4s - loss: 0.7052
- val_loss: 1.0269
- val_all_f1:  0.6580 0.6580 0.6580
- val_exp_f1:  0.6234 0.6234 0.6234
- val_non_f1:  0.6711 0.6667 0.6689

4096/4096 [==============================] - 306s - loss: 0.7067 - val_loss: 1.0269
Epoch 16/1000
4032/4096 [============================>.] - ETA: 4s - loss: 0.7272
- val_loss: 1.1552
- val_all_f1:  0.6136 0.6136 0.6136
- val_exp_f1:  0.5584 0.5584 0.5584
- val_non_f1:  0.6337 0.6275 0.6305

4096/4096 [==============================] - 306s - loss: 0.7259 - val_loss: 1.1552
Epoch 17/1000
4032/4096 [============================>.] - ETA: 4s - loss: 0.7478
- val_loss: 1.0515
- val_all_f1:  0.6371 0.6371 0.6371
- val_exp_f1:  0.5974 0.5974 0.5974
- val_non_f1:  0.6513 0.6471 0.6492

4096/4096 [==============================] - 305s - loss: 0.7580 - val_loss: 1.0515
Epoch 18/1000
4032/4096 [============================>.] - ETA: 4s - loss: 0.7031
- val_loss: 1.0510
- val_all_f1:  0.6449 0.6449 0.6449
- val_exp_f1:  0.5844 0.5844 0.5844
- val_non_f1:  0.6667 0.6601 0.6634

4096/4096 [==============================] - 305s - loss: 0.7060 - val_loss: 1.0510
Epoch 19/1000
4032/4096 [============================>.] - ETA: 4s - loss: 0.6810
- val_loss: 1.0219
- val_all_f1:  0.6554 0.6554 0.6554
- val_exp_f1:  0.5974 0.5974 0.5974
- val_non_f1:  0.6766 0.6699 0.6732

4096/4096 [==============================] - 306s - loss: 0.6794 - val_loss: 1.0219
Epoch 20/1000
4032/4096 [============================>.] - ETA: 4s - loss: 0.6711
- val_loss: 1.0005
- val_all_f1:  0.6319 0.6319 0.6319
- val_exp_f1:  0.5325 0.5325 0.5325
- val_non_f1:  0.6569 0.6569 0.6569

4096/4096 [==============================] - 306s - loss: 0.6667 - val_loss: 1.0005
Epoch 21/1000
4032/4096 [============================>.] - ETA: 4s - loss: 0.6473
- val_loss: 1.0232
- val_all_f1:  0.6371 0.6371 0.6371
- val_exp_f1:  0.5844 0.5844 0.5844
- val_non_f1:  0.6525 0.6503 0.6514

4096/4096 [==============================] - 306s - loss: 0.6450 - val_loss: 1.0232
Epoch 22/1000
4032/4096 [============================>.] - ETA: 4s - loss: 0.6806
- val_loss: 1.0137
- val_all_f1:  0.6449 0.6449 0.6449
- val_exp_f1:  0.5714 0.5714 0.5714
- val_non_f1:  0.6700 0.6634 0.6667

4096/4096 [==============================] - 305s - loss: 0.6814 - val_loss: 1.0137
Epoch 23/1000
4032/4096 [============================>.] - ETA: 4s - loss: 0.6742
- val_loss: 1.0229
- val_all_f1:  0.6319 0.6319 0.6319
- val_exp_f1:  0.5455 0.5455 0.5455
- val_non_f1:  0.6601 0.6536 0.6568

4096/4096 [==============================] - 305s - loss: 0.6755 - val_loss: 1.0229
Epoch 24/1000
4032/4096 [============================>.] - ETA: 4s - loss: 0.6491
- val_loss: 1.0400
- val_all_f1:  0.6449 0.6449 0.6449
- val_exp_f1:  0.5584 0.5584 0.5584
- val_non_f1:  0.6689 0.6667 0.6678

4096/4096 [==============================] - 305s - loss: 0.6525 - val_loss: 1.0400
Epoch 25/1000
4032/4096 [============================>.] - ETA: 4s - loss: 0.6612
- val_loss: 1.0320
- val_all_f1:  0.6475 0.6475 0.6475
- val_exp_f1:  0.5584 0.5584 0.5584
- val_non_f1:  0.6766 0.6699 0.6732

4096/4096 [==============================] - 305s - loss: 0.6609 - val_loss: 1.0320
Epoch 26/1000
4032/4096 [============================>.] - ETA: 4s - loss: 0.6700
- val_loss: 0.9924
- val_all_f1:  0.6580 0.6580 0.6580
- val_exp_f1:  0.5844 0.5844 0.5844
- val_non_f1:  0.6809 0.6765 0.6787

4096/4096 [==============================] - 305s - loss: 0.6692 - val_loss: 0.9924
Epoch 27/1000
4032/4096 [============================>.] - ETA: 4s - loss: 0.6354
- val_loss: 1.0354
- val_all_f1:  0.6501 0.6501 0.6501
- val_exp_f1:  0.6104 0.6104 0.6104
- val_non_f1:  0.6645 0.6601 0.6623

4096/4096 [==============================] - 305s - loss: 0.6351 - val_loss: 1.0354
Epoch 28/1000
4032/4096 [============================>.] - ETA: 4s - loss: 0.6320
- val_loss: 0.9841
- val_all_f1:  0.6632 0.6632 0.6632
- val_exp_f1:  0.6234 0.6234 0.6234
- val_non_f1:  0.6776 0.6732 0.6754

4096/4096 [==============================] - 306s - loss: 0.6304 - val_loss: 0.9841
Epoch 29/1000
4032/4096 [============================>.] - ETA: 4s - loss: 0.6112
- val_loss: 1.0050
- val_all_f1:  0.6475 0.6475 0.6475
- val_exp_f1:  0.5844 0.5844 0.5844
- val_non_f1:  0.6700 0.6634 0.6667

4096/4096 [==============================] - 305s - loss: 0.6096 - val_loss: 1.0050
Epoch 30/1000
4032/4096 [============================>.] - ETA: 4s - loss: 0.6218
- val_loss: 0.9788
- val_all_f1:  0.6371 0.6371 0.6371
- val_exp_f1:  0.5584 0.5584 0.5584
- val_non_f1:  0.6634 0.6569 0.6601

4096/4096 [==============================] - 305s - loss: 0.6199 - val_loss: 0.9788
Epoch 31/1000
4032/4096 [============================>.] - ETA: 4s - loss: 0.6232
- val_loss: 0.9811
- val_all_f1:  0.6527 0.6527 0.6527
- val_exp_f1:  0.5844 0.5844 0.5844
- val_non_f1:  0.6766 0.6699 0.6732

4096/4096 [==============================] - 305s - loss: 0.6218 - val_loss: 0.9811
Epoch 32/1000
4032/4096 [============================>.] - ETA: 4s - loss: 0.5916
- val_loss: 1.0839
- val_all_f1:  0.6319 0.6319 0.6319
- val_exp_f1:  0.6883 0.6883 0.6883
- val_non_f1:  0.6217 0.6176 0.6197

4096/4096 [==============================] - 305s - loss: 0.5901 - val_loss: 1.0839
Epoch 33/1000
4032/4096 [============================>.] - ETA: 4s - loss: 0.6313
- val_loss: 1.0565
- val_all_f1:  0.6136 0.6136 0.6136
- val_exp_f1:  0.5974 0.5974 0.5974
- val_non_f1:  0.6197 0.6176 0.6187

4096/4096 [==============================] - 306s - loss: 0.6307 - val_loss: 1.0565
Epoch 34/1000
4032/4096 [============================>.] - ETA: 4s - loss: 0.6393
- val_loss: 1.0452
- val_all_f1:  0.6423 0.6423 0.6423
- val_exp_f1:  0.7403 0.7403 0.7403
- val_non_f1:  0.6217 0.6176 0.6197

4096/4096 [==============================] - 305s - loss: 0.6399 - val_loss: 1.0452
Epoch 35/1000
4032/4096 [============================>.] - ETA: 4s - loss: 0.6251
- val_loss: 1.0756
- val_all_f1:  0.6214 0.6214 0.6214
- val_exp_f1:  0.6104 0.6104 0.6104
- val_non_f1:  0.6283 0.6242 0.6262

4096/4096 [==============================] - 305s - loss: 0.6262 - val_loss: 1.0756
Epoch 36/1000
4032/4096 [============================>.] - ETA: 4s - loss: 0.6189
- val_loss: 1.0194
- val_all_f1:  0.6554 0.6554 0.6554
- val_exp_f1:  0.7662 0.7662 0.7662
- val_non_f1:  0.6295 0.6275 0.6285

4096/4096 [==============================] - 305s - loss: 0.6182 - val_loss: 1.0194
Epoch 37/1000
4032/4096 [============================>.] - ETA: 4s - loss: 0.6555
- val_loss: 1.0479
- val_all_f1:  0.6423 0.6423 0.6423
- val_exp_f1:  0.7273 0.7273 0.7273
- val_non_f1:  0.6250 0.6209 0.6230

4096/4096 [==============================] - 305s - loss: 0.6567 - val_loss: 1.0479
Epoch 38/1000
4032/4096 [============================>.] - ETA: 4s - loss: 0.5915
- val_loss: 1.0527
- val_all_f1:  0.6684 0.6684 0.6684
- val_exp_f1:  0.7273 0.7273 0.7273
- val_non_f1:  0.6579 0.6536 0.6557

4096/4096 [==============================] - 305s - loss: 0.5939 - val_loss: 1.0527
Epoch 39/1000
4032/4096 [============================>.] - ETA: 4s - loss: 0.6169
- val_loss: 1.0130
- val_all_f1:  0.6397 0.6397 0.6397
- val_exp_f1:  0.7143 0.7143 0.7143
- val_non_f1:  0.6250 0.6209 0.6230

4096/4096 [==============================] - 305s - loss: 0.6135 - val_loss: 1.0130
Epoch 40/1000
4032/4096 [============================>.] - ETA: 4s - loss: 0.6151
- val_loss: 1.0359
- val_all_f1:  0.6449 0.6449 0.6449
- val_exp_f1:  0.7403 0.7403 0.7403
- val_non_f1:  0.6250 0.6209 0.6230

4096/4096 [==============================] - 305s - loss: 0.6162 - val_loss: 1.0359
Epoch 41/1000
4032/4096 [============================>.] - ETA: 4s - loss: 0.6315
- val_loss: 0.9409
- val_all_f1:  0.6762 0.6762 0.6762
- val_exp_f1:  0.7922 0.7922 0.7922
- val_non_f1:  0.6513 0.6471 0.6492

4096/4096 [==============================] - 305s - loss: 0.6283 - val_loss: 0.9409
Epoch 42/1000
4032/4096 [============================>.] - ETA: 4s - loss: 0.5861
- val_loss: 0.9908
- val_all_f1:  0.6632 0.6632 0.6632
- val_exp_f1:  0.7922 0.7922 0.7922
- val_non_f1:  0.6370 0.6307 0.6338

4096/4096 [==============================] - 305s - loss: 0.5851 - val_loss: 0.9908
Epoch 43/1000
4032/4096 [============================>.] - ETA: 4s - loss: 0.5924
- val_loss: 1.0305
- val_all_f1:  0.6580 0.6580 0.6580
- val_exp_f1:  0.8052 0.8052 0.8052
- val_non_f1:  0.6230 0.6209 0.6219

4096/4096 [==============================] - 306s - loss: 0.5934 - val_loss: 1.0305
Epoch 44/1000
4032/4096 [============================>.] - ETA: 4s - loss: 0.5958
- val_loss: 0.9979
- val_all_f1:  0.6632 0.6632 0.6632
- val_exp_f1:  0.8312 0.8312 0.8312
- val_non_f1:  0.6250 0.6209 0.6230

4096/4096 [==============================] - 305s - loss: 0.5961 - val_loss: 0.9979
Epoch 45/1000
4032/4096 [============================>.] - ETA: 4s - loss: 0.5883
- val_loss: 0.9248
- val_all_f1:  0.6632 0.6632 0.6632
- val_exp_f1:  0.6753 0.6753 0.6753
- val_non_f1:  0.6645 0.6601 0.6623

4096/4096 [==============================] - 305s - loss: 0.5887 - val_loss: 0.9248
Epoch 46/1000
4032/4096 [============================>.] - ETA: 4s - loss: 0.5969
- val_loss: 0.9786
- val_all_f1:  0.6527 0.6527 0.6527
- val_exp_f1:  0.7662 0.7662 0.7662
- val_non_f1:  0.6283 0.6242 0.6262

4096/4096 [==============================] - 305s - loss: 0.5952 - val_loss: 0.9786
Epoch 47/1000
4032/4096 [============================>.] - ETA: 4s - loss: 0.6123
- val_loss: 0.9676
- val_all_f1:  0.6554 0.6554 0.6554
- val_exp_f1:  0.7922 0.7922 0.7922
- val_non_f1:  0.6250 0.6209 0.6230

4096/4096 [==============================] - 305s - loss: 0.6081 - val_loss: 0.9676
Epoch 48/1000
4032/4096 [============================>.] - ETA: 4s - loss: 0.5978
- val_loss: 0.9696
- val_all_f1:  0.6867 0.6867 0.6867
- val_exp_f1:  0.8571 0.8571 0.8571
- val_non_f1:  0.6480 0.6438 0.6459

4096/4096 [==============================] - 305s - loss: 0.5944 - val_loss: 0.9696
Epoch 49/1000
4032/4096 [============================>.] - ETA: 4s - loss: 0.5865
- val_loss: 0.9673
- val_all_f1:  0.6554 0.6554 0.6554
- val_exp_f1:  0.7792 0.7792 0.7792
- val_non_f1:  0.6283 0.6242 0.6262

4096/4096 [==============================] - 306s - loss: 0.5866 - val_loss: 0.9673
Epoch 50/1000
4032/4096 [============================>.] - ETA: 4s - loss: 0.5781
- val_loss: 0.9173
- val_all_f1:  0.6997 0.6997 0.6997
- val_exp_f1:  0.7922 0.7922 0.7922
- val_non_f1:  0.6809 0.6765 0.6787

4096/4096 [==============================] - 305s - loss: 0.5825 - val_loss: 0.9173
Epoch 51/1000
4032/4096 [============================>.] - ETA: 4s - loss: 0.5535
- val_loss: 0.9336
- val_all_f1:  0.6789 0.6789 0.6789
- val_exp_f1:  0.7922 0.7922 0.7922
- val_non_f1:  0.6525 0.6503 0.6514

4096/4096 [==============================] - 306s - loss: 0.5540 - val_loss: 0.9336
Epoch 52/1000
4032/4096 [============================>.] - ETA: 4s - loss: 0.5664
- val_loss: 0.9278
- val_all_f1:  0.6684 0.6684 0.6684
- val_exp_f1:  0.7792 0.7792 0.7792
- val_non_f1:  0.6426 0.6405 0.6416

4096/4096 [==============================] - 305s - loss: 0.5695 - val_loss: 0.9278
Epoch 53/1000
4032/4096 [============================>.] - ETA: 4s - loss: 0.5805
- val_loss: 0.9610
- val_all_f1:  0.6710 0.6710 0.6710
- val_exp_f1:  0.8442 0.8442 0.8442
- val_non_f1:  0.6316 0.6275 0.6295

4096/4096 [==============================] - 305s - loss: 0.5769 - val_loss: 0.9610
Epoch 54/1000
4032/4096 [============================>.] - ETA: 4s - loss: 0.5836
- val_loss: 0.8975
- val_all_f1:  0.6919 0.6919 0.6919
- val_exp_f1:  0.7922 0.7922 0.7922
- val_non_f1:  0.6689 0.6667 0.6678

4096/4096 [==============================] - 305s - loss: 0.5816 - val_loss: 0.8975
Epoch 55/1000
4032/4096 [============================>.] - ETA: 4s - loss: 0.5405
- val_loss: 1.0501
- val_all_f1:  0.6580 0.6580 0.6580
- val_exp_f1:  0.8052 0.8052 0.8052
- val_non_f1:  0.6250 0.6209 0.6230

4096/4096 [==============================] - 305s - loss: 0.5411 - val_loss: 1.0501
Epoch 56/1000
4032/4096 [============================>.] - ETA: 4s - loss: 0.5469
- val_loss: 0.8895
- val_all_f1:  0.6919 0.6919 0.6919
- val_exp_f1:  0.8052 0.8052 0.8052
- val_non_f1:  0.6678 0.6634 0.6656

4096/4096 [==============================] - 306s - loss: 0.5445 - val_loss: 0.8895
Epoch 57/1000
4032/4096 [============================>.] - ETA: 4s - loss: 0.5431
- val_loss: 0.9143
- val_all_f1:  0.6919 0.6919 0.6919
- val_exp_f1:  0.8182 0.8182 0.8182
- val_non_f1:  0.6645 0.6601 0.6623

4096/4096 [==============================] - 305s - loss: 0.5421 - val_loss: 0.9143
Epoch 58/1000
4032/4096 [============================>.] - ETA: 4s - loss: 0.5806
- val_loss: 1.0131
- val_all_f1:  0.6710 0.6710 0.6710
- val_exp_f1:  0.8571 0.8571 0.8571
- val_non_f1:  0.6283 0.6242 0.6262

4096/4096 [==============================] - 305s - loss: 0.5822 - val_loss: 1.0131
Epoch 59/1000
4032/4096 [============================>.] - ETA: 4s - loss: 0.5605
- val_loss: 0.9164
- val_all_f1:  0.7128 0.7128 0.7128
- val_exp_f1:  0.8701 0.8701 0.8701
- val_non_f1:  0.6754 0.6732 0.6743

4096/4096 [==============================] - 305s - loss: 0.5587 - val_loss: 0.9164
Epoch 60/1000
4032/4096 [============================>.] - ETA: 4s - loss: 0.5563
- val_loss: 1.0492
- val_all_f1:  0.6762 0.6762 0.6762
- val_exp_f1:  0.8961 0.8961 0.8961
- val_non_f1:  0.6230 0.6209 0.6219

4096/4096 [==============================] - 305s - loss: 0.5520 - val_loss: 1.0492
Epoch 61/1000
4032/4096 [============================>.] - ETA: 4s - loss: 0.5726
- val_loss: 0.9090
- val_all_f1:  0.7050 0.7050 0.7050
- val_exp_f1:  0.8571 0.8571 0.8571
- val_non_f1:  0.6689 0.6667 0.6678

4096/4096 [==============================] - 305s - loss: 0.5743 - val_loss: 0.9090
Epoch 62/1000
4032/4096 [============================>.] - ETA: 4s - loss: 0.5336
- val_loss: 0.9217
- val_all_f1:  0.6919 0.6919 0.6919
- val_exp_f1:  0.9091 0.9091 0.9091
- val_non_f1:  0.6393 0.6373 0.6383

4096/4096 [==============================] - 305s - loss: 0.5296 - val_loss: 0.9217
Epoch 63/1000
4032/4096 [============================>.] - ETA: 4s - loss: 0.5660
- val_loss: 0.9209
- val_all_f1:  0.6945 0.6945 0.6945
- val_exp_f1:  0.8442 0.8442 0.8442
- val_non_f1:  0.6590 0.6569 0.6579

4096/4096 [==============================] - 305s - loss: 0.5675 - val_loss: 0.9209
Epoch 64/1000
4032/4096 [============================>.] - ETA: 4s - loss: 0.5577
- val_loss: 0.9339
- val_all_f1:  0.6789 0.6789 0.6789
- val_exp_f1:  0.8961 0.8961 0.8961
- val_non_f1:  0.6262 0.6242 0.6252

4096/4096 [==============================] - 305s - loss: 0.5580 - val_loss: 0.9339
Epoch 65/1000
4032/4096 [============================>.] - ETA: 4s - loss: 0.5572
- val_loss: 0.9883
- val_all_f1:  0.6815 0.6815 0.6815
- val_exp_f1:  0.8701 0.8701 0.8701
- val_non_f1:  0.6361 0.6340 0.6350

4096/4096 [==============================] - 305s - loss: 0.5559 - val_loss: 0.9883
Epoch 66/1000
4032/4096 [============================>.] - ETA: 4s - loss: 0.5427
- val_loss: 0.9696
- val_all_f1:  0.6789 0.6789 0.6789
- val_exp_f1:  0.8831 0.8831 0.8831
- val_non_f1:  0.6295 0.6275 0.6285

4096/4096 [==============================] - 305s - loss: 0.5488 - val_loss: 0.9696
Epoch 67/1000
4032/4096 [============================>.] - ETA: 4s - loss: 0.5320
- val_loss: 0.8761
- val_all_f1:  0.7180 0.7180 0.7180
- val_exp_f1:  0.9351 0.9351 0.9351
- val_non_f1:  0.6634 0.6634 0.6634

4096/4096 [==============================] - 305s - loss: 0.5296 - val_loss: 0.8761
Epoch 68/1000
4032/4096 [============================>.] - ETA: 4s - loss: 0.5052
- val_loss: 0.8809
- val_all_f1:  0.7050 0.7050 0.7050
- val_exp_f1:  0.8701 0.8701 0.8701
- val_non_f1:  0.6634 0.6634 0.6634

4096/4096 [==============================] - 305s - loss: 0.5053 - val_loss: 0.8809
Epoch 69/1000
4032/4096 [============================>.] - ETA: 4s - loss: 0.5428
- val_loss: 0.9490
- val_all_f1:  0.6815 0.6815 0.6815
- val_exp_f1:  0.8831 0.8831 0.8831
- val_non_f1:  0.6307 0.6307 0.6307

4096/4096 [==============================] - 305s - loss: 0.5451 - val_loss: 0.9490
Epoch 70/1000
4032/4096 [============================>.] - ETA: 4s - loss: 0.5256
- val_loss: 0.9413
- val_all_f1:  0.6762 0.6762 0.6762
- val_exp_f1:  0.8571 0.8571 0.8571
- val_non_f1:  0.6307 0.6307 0.6307

4096/4096 [==============================] - 305s - loss: 0.5311 - val_loss: 0.9413
Epoch 71/1000
4032/4096 [============================>.] - ETA: 4s - loss: 0.5185
- val_loss: 0.9853
- val_all_f1:  0.6815 0.6815 0.6815
- val_exp_f1:  0.8831 0.8831 0.8831
- val_non_f1:  0.6328 0.6307 0.6318

4096/4096 [==============================] - 304s - loss: 0.5209 - val_loss: 0.9853
Epoch 72/1000
4032/4096 [============================>.] - ETA: 4s - loss: 0.5825
- val_loss: 0.8492
- val_all_f1:  0.7154 0.7154 0.7154
- val_exp_f1:  0.9091 0.9091 0.9091
- val_non_f1:  0.6689 0.6667 0.6678

4096/4096 [==============================] - 305s - loss: 0.5891 - val_loss: 0.8492
Epoch 73/1000
4032/4096 [============================>.] - ETA: 4s - loss: 0.5323
- val_loss: 0.8427
- val_all_f1:  0.7206 0.7206 0.7206
- val_exp_f1:  0.9221 0.9221 0.9221
- val_non_f1:  0.6699 0.6699 0.6699

4096/4096 [==============================] - 306s - loss: 0.5311 - val_loss: 0.8427
Epoch 74/1000
4032/4096 [============================>.] - ETA: 4s - loss: 0.5196
- val_loss: 0.8861
- val_all_f1:  0.7337 0.7337 0.7337
- val_exp_f1:  0.9351 0.9351 0.9351
- val_non_f1:  0.6830 0.6830 0.6830

4096/4096 [==============================] - 305s - loss: 0.5166 - val_loss: 0.8861
Epoch 75/1000
4032/4096 [============================>.] - ETA: 4s - loss: 0.5436
- val_loss: 0.8624
- val_all_f1:  0.7076 0.7076 0.7076
- val_exp_f1:  0.8701 0.8701 0.8701
- val_non_f1:  0.6667 0.6667 0.6667

4096/4096 [==============================] - 305s - loss: 0.5385 - val_loss: 0.8624
Epoch 76/1000
4032/4096 [============================>.] - ETA: 4s - loss: 0.5007
- val_loss: 0.8285
- val_all_f1:  0.7311 0.7311 0.7311
- val_exp_f1:  0.9351 0.9351 0.9351
- val_non_f1:  0.6797 0.6797 0.6797

4096/4096 [==============================] - 306s - loss: 0.5004 - val_loss: 0.8285
Epoch 77/1000
4032/4096 [============================>.] - ETA: 4s - loss: 0.5223
- val_loss: 0.9623
- val_all_f1:  0.6945 0.6945 0.6945
- val_exp_f1:  0.9481 0.9481 0.9481
- val_non_f1:  0.6307 0.6307 0.6307

4096/4096 [==============================] - 305s - loss: 0.5240 - val_loss: 0.9623
Epoch 78/1000
4032/4096 [============================>.] - ETA: 4s - loss: 0.4863
- val_loss: 0.8740
- val_all_f1:  0.7154 0.7154 0.7154
- val_exp_f1:  0.9091 0.9091 0.9091
- val_non_f1:  0.6689 0.6667 0.6678

4096/4096 [==============================] - 305s - loss: 0.4874 - val_loss: 0.8740
Epoch 79/1000
4032/4096 [============================>.] - ETA: 4s - loss: 0.5101
- val_loss: 0.8940
- val_all_f1:  0.6997 0.6997 0.6997
- val_exp_f1:  0.8701 0.8701 0.8701
- val_non_f1:  0.6569 0.6569 0.6569

4096/4096 [==============================] - 305s - loss: 0.5088 - val_loss: 0.8940
Epoch 80/1000
4032/4096 [============================>.] - ETA: 4s - loss: 0.5321
- val_loss: 0.8551
- val_all_f1:  0.7232 0.7232 0.7232
- val_exp_f1:  0.9091 0.9091 0.9091
- val_non_f1:  0.6765 0.6765 0.6765

4096/4096 [==============================] - 304s - loss: 0.5323 - val_loss: 0.8551
Epoch 81/1000
4032/4096 [============================>.] - ETA: 4s - loss: 0.5061
- val_loss: 0.8973
- val_all_f1:  0.7023 0.7023 0.7023
- val_exp_f1:  0.8831 0.8831 0.8831
- val_non_f1:  0.6569 0.6569 0.6569

4096/4096 [==============================] - 305s - loss: 0.5057 - val_loss: 0.8973
Epoch 82/1000
4032/4096 [============================>.] - ETA: 4s - loss: 0.5480
- val_loss: 0.9002
- val_all_f1:  0.6945 0.6945 0.6945
- val_exp_f1:  0.9481 0.9481 0.9481
- val_non_f1:  0.6307 0.6307 0.6307

4096/4096 [==============================] - 305s - loss: 0.5481 - val_loss: 0.9002
Epoch 83/1000
4032/4096 [============================>.] - ETA: 4s - loss: 0.5061
- val_loss: 0.8441
- val_all_f1:  0.7076 0.7076 0.7076
- val_exp_f1:  0.8701 0.8701 0.8701
- val_non_f1:  0.6667 0.6667 0.6667

4096/4096 [==============================] - 305s - loss: 0.5063 - val_loss: 0.8441
Epoch 84/1000
4032/4096 [============================>.] - ETA: 4s - loss: 0.5645
- val_loss: 0.8943
- val_all_f1:  0.6815 0.6815 0.6815
- val_exp_f1:  0.8831 0.8831 0.8831
- val_non_f1:  0.6307 0.6307 0.6307

4096/4096 [==============================] - 305s - loss: 0.5638 - val_loss: 0.8943
Epoch 85/1000
4032/4096 [============================>.] - ETA: 4s - loss: 0.5168
- val_loss: 0.9420
- val_all_f1:  0.6867 0.6867 0.6867
- val_exp_f1:  0.9221 0.9221 0.9221
- val_non_f1:  0.6275 0.6275 0.6275

4096/4096 [==============================] - 305s - loss: 0.5229 - val_loss: 0.9420
Epoch 86/1000
4032/4096 [============================>.] - ETA: 4s - loss: 0.5204
- val_loss: 0.8359
- val_all_f1:  0.6945 0.6945 0.6945
- val_exp_f1:  0.9221 0.9221 0.9221
- val_non_f1:  0.6373 0.6373 0.6373

4096/4096 [==============================] - 305s - loss: 0.5243 - val_loss: 0.8359
Epoch 87/1000
4032/4096 [============================>.] - ETA: 4s - loss: 0.5509
- val_loss: 0.9277
- val_all_f1:  0.6841 0.6841 0.6841
- val_exp_f1:  0.8961 0.8961 0.8961
- val_non_f1:  0.6307 0.6307 0.6307

4096/4096 [==============================] - 304s - loss: 0.5474 - val_loss: 0.9277
Epoch 88/1000
4032/4096 [============================>.] - ETA: 4s - loss: 0.5064
- val_loss: 0.9042
- val_all_f1:  0.6815 0.6815 0.6815
- val_exp_f1:  0.8961 0.8961 0.8961
- val_non_f1:  0.6295 0.6275 0.6285

4096/4096 [==============================] - 305s - loss: 0.5027 - val_loss: 0.9042
Epoch 89/1000
4032/4096 [============================>.] - ETA: 4s - loss: 0.5561
- val_loss: 0.8492
- val_all_f1:  0.7258 0.7258 0.7258
- val_exp_f1:  0.9091 0.9091 0.9091
- val_non_f1:  0.6797 0.6797 0.6797

4096/4096 [==============================] - 305s - loss: 0.5548 - val_loss: 0.8492
Epoch 90/1000
4032/4096 [============================>.] - ETA: 4s - loss: 0.5329
- val_loss: 0.8877
- val_all_f1:  0.7180 0.7180 0.7180
- val_exp_f1:  0.8961 0.8961 0.8961
- val_non_f1:  0.6732 0.6732 0.6732

4096/4096 [==============================] - 305s - loss: 0.5365 - val_loss: 0.8877
Epoch 91/1000
4032/4096 [============================>.] - ETA: 4s - loss: 0.5123
- val_loss: 0.8977
- val_all_f1:  0.6841 0.6841 0.6841
- val_exp_f1:  0.9091 0.9091 0.9091
- val_non_f1:  0.6275 0.6275 0.6275

4096/4096 [==============================] - 305s - loss: 0.5127 - val_loss: 0.8977
Epoch 92/1000
4032/4096 [============================>.] - ETA: 4s - loss: 0.4845
- val_loss: 0.9449
- val_all_f1:  0.7050 0.7050 0.7050
- val_exp_f1:  0.8831 0.8831 0.8831
- val_non_f1:  0.6601 0.6601 0.6601

4096/4096 [==============================] - 305s - loss: 0.4901 - val_loss: 0.9449
Epoch 93/1000
4032/4096 [============================>.] - ETA: 4s - loss: 0.5215
- val_loss: 1.0114
- val_all_f1:  0.6919 0.6919 0.6919
- val_exp_f1:  0.9221 0.9221 0.9221
- val_non_f1:  0.6340 0.6340 0.6340

4096/4096 [==============================] - 305s - loss: 0.5179 - val_loss: 1.0114
Epoch 94/1000
4032/4096 [============================>.] - ETA: 4s - loss: 0.5141
- val_loss: 1.0170
- val_all_f1:  0.6815 0.6815 0.6815
- val_exp_f1:  0.8961 0.8961 0.8961
- val_non_f1:  0.6275 0.6275 0.6275

4096/4096 [==============================] - 305s - loss: 0.5163 - val_loss: 1.0170
Epoch 95/1000
4032/4096 [============================>.] - ETA: 4s - loss: 0.4980
- val_loss: 0.9075
- val_all_f1:  0.7023 0.7023 0.7023
- val_exp_f1:  0.8831 0.8831 0.8831
- val_non_f1:  0.6569 0.6569 0.6569

4096/4096 [==============================] - 305s - loss: 0.4972 - val_loss: 0.9075
Epoch 96/1000
4032/4096 [============================>.] - ETA: 4s - loss: 0.4990
- val_loss: 0.9312
- val_all_f1:  0.6841 0.6841 0.6841
- val_exp_f1:  0.8831 0.8831 0.8831
- val_non_f1:  0.6340 0.6340 0.6340

4096/4096 [==============================] - 305s - loss: 0.4990 - val_loss: 0.9312
Epoch 97/1000
4032/4096 [============================>.] - ETA: 4s - loss: 0.5615
- val_loss: 0.9282
- val_all_f1:  0.7128 0.7128 0.7128
- val_exp_f1:  0.9221 0.9221 0.9221
- val_non_f1:  0.6623 0.6601 0.6612

4096/4096 [==============================] - 305s - loss: 0.5600 - val_loss: 0.9282
Epoch 98/1000
4032/4096 [============================>.] - ETA: 4s - loss: 0.5409
- val_loss: 0.8933
- val_all_f1:  0.6919 0.6919 0.6919
- val_exp_f1:  0.8571 0.8571 0.8571
- val_non_f1:  0.6503 0.6503 0.6503

4096/4096 [==============================] - 305s - loss: 0.5403 - val_loss: 0.8933
Epoch 99/1000
4032/4096 [============================>.] - ETA: 4s - loss: 0.5211
- val_loss: 0.8748
- val_all_f1:  0.7180 0.7180 0.7180
- val_exp_f1:  0.8831 0.8831 0.8831
- val_non_f1:  0.6765 0.6765 0.6765

4096/4096 [==============================] - 305s - loss: 0.5205 - val_loss: 0.8748
Epoch 100/1000
4032/4096 [============================>.] - ETA: 4s - loss: 0.5299
- val_loss: 0.8761
- val_all_f1:  0.6867 0.6867 0.6867
- val_exp_f1:  0.9481 0.9481 0.9481
- val_non_f1:  0.6209 0.6209 0.6209

4096/4096 [==============================] - 305s - loss: 0.5299 - val_loss: 0.8761
Epoch 101/1000
4032/4096 [============================>.] - ETA: 4s - loss: 0.5718
- val_loss: 0.9401
- val_all_f1:  0.6815 0.6815 0.6815
- val_exp_f1:  0.8831 0.8831 0.8831
- val_non_f1:  0.6307 0.6307 0.6307

4096/4096 [==============================] - 305s - loss: 0.5671 - val_loss: 0.9401
Epoch 102/1000
4032/4096 [============================>.] - ETA: 4s - loss: 0.5863
- val_loss: 0.9214
- val_all_f1:  0.6893 0.6893 0.6893
- val_exp_f1:  0.8961 0.8961 0.8961
- val_non_f1:  0.6373 0.6373 0.6373

4096/4096 [==============================] - 305s - loss: 0.5871 - val_loss: 0.9214
Epoch 103/1000
4032/4096 [============================>.] - ETA: 4s - loss: 0.5711
- val_loss: 0.8719
- val_all_f1:  0.6841 0.6841 0.6841
- val_exp_f1:  0.8701 0.8701 0.8701
- val_non_f1:  0.6373 0.6373 0.6373

4096/4096 [==============================] - 305s - loss: 0.5691 - val_loss: 0.8719
Epoch 104/1000
4032/4096 [============================>.] - ETA: 4s - loss: 0.5626
- val_loss: 0.8955
- val_all_f1:  0.6841 0.6841 0.6841
- val_exp_f1:  0.9091 0.9091 0.9091
- val_non_f1:  0.6295 0.6275 0.6285

4096/4096 [==============================] - 305s - loss: 0.5602 - val_loss: 0.8955
Epoch 105/1000
4032/4096 [============================>.] - ETA: 4s - loss: 0.5090
- val_loss: 0.8290
- val_all_f1:  0.6919 0.6919 0.6919
- val_exp_f1:  0.8961 0.8961 0.8961
- val_non_f1:  0.6426 0.6405 0.6416

4096/4096 [==============================] - 305s - loss: 0.5066 - val_loss: 0.8290
Epoch 106/1000
4032/4096 [============================>.] - ETA: 4s - loss: 0.5447
- val_loss: 0.8495
- val_all_f1:  0.6919 0.6919 0.6919
- val_exp_f1:  0.8831 0.8831 0.8831
- val_non_f1:  0.6459 0.6438 0.6448

4096/4096 [==============================] - 305s - loss: 0.5438 - val_loss: 0.8495
Epoch 107/1000
4032/4096 [============================>.] - ETA: 4s - loss: 0.5344
- val_loss: 0.8504
- val_all_f1:  0.7232 0.7232 0.7232
- val_exp_f1:  0.9610 0.9610 0.9610
- val_non_f1:  0.6656 0.6634 0.6645

4096/4096 [==============================] - 305s - loss: 0.5322 - val_loss: 0.8504
Epoch 108/1000
4032/4096 [============================>.] - ETA: 4s - loss: 0.4952
- val_loss: 0.8730
- val_all_f1:  0.7206 0.7206 0.7206
- val_exp_f1:  0.9610 0.9610 0.9610
- val_non_f1:  0.6601 0.6601 0.6601

4096/4096 [==============================] - 305s - loss: 0.4955 - val_loss: 0.8730
Epoch 109/1000
4032/4096 [============================>.] - ETA: 4s - loss: 0.5173
- val_loss: 0.8771
- val_all_f1:  0.7023 0.7023 0.7023
- val_exp_f1:  0.9481 0.9481 0.9481
- val_non_f1:  0.6426 0.6405 0.6416

4096/4096 [==============================] - 305s - loss: 0.5148 - val_loss: 0.8771
Epoch 110/1000
4032/4096 [============================>.] - ETA: 4s - loss: 0.5308
- val_loss: 0.8414
- val_all_f1:  0.6893 0.6893 0.6893
- val_exp_f1:  0.8701 0.8701 0.8701
- val_non_f1:  0.6438 0.6438 0.6438

4096/4096 [==============================] - 305s - loss: 0.5341 - val_loss: 0.8414
Epoch 111/1000
4032/4096 [============================>.] - ETA: 4s - loss: 0.4973
- val_loss: 0.9530
- val_all_f1:  0.6789 0.6789 0.6789
- val_exp_f1:  0.8701 0.8701 0.8701
- val_non_f1:  0.6307 0.6307 0.6307

4096/4096 [==============================] - 304s - loss: 0.4967 - val_loss: 0.9530
Epoch 112/1000
4032/4096 [============================>.] - ETA: 4s - loss: 0.5210
- val_loss: 0.8740
- val_all_f1:  0.6841 0.6841 0.6841
- val_exp_f1:  0.8831 0.8831 0.8831
- val_non_f1:  0.6340 0.6340 0.6340

4096/4096 [==============================] - 305s - loss: 0.5160 - val_loss: 0.8740
Epoch 113/1000
4032/4096 [============================>.] - ETA: 4s - loss: 0.4685
- val_loss: 0.8838
- val_all_f1:  0.6945 0.6945 0.6945
- val_exp_f1:  0.9091 0.9091 0.9091
- val_non_f1:  0.6405 0.6405 0.6405

4096/4096 [==============================] - 305s - loss: 0.4727 - val_loss: 0.8838
Epoch 114/1000
4032/4096 [============================>.] - ETA: 4s - loss: 0.5117
- val_loss: 0.8881
- val_all_f1:  0.6997 0.6997 0.6997
- val_exp_f1:  0.9091 0.9091 0.9091
- val_non_f1:  0.6471 0.6471 0.6471

4096/4096 [==============================] - 305s - loss: 0.5201 - val_loss: 0.8881
Epoch 115/1000
4032/4096 [============================>.] - ETA: 4s - loss: 0.4810
- val_loss: 0.8744
- val_all_f1:  0.6893 0.6893 0.6893
- val_exp_f1:  0.9091 0.9091 0.9091
- val_non_f1:  0.6340 0.6340 0.6340

4096/4096 [==============================] - 305s - loss: 0.4797 - val_loss: 0.8744
Epoch 116/1000
4032/4096 [============================>.] - ETA: 4s - loss: 0.5372
- val_loss: 0.8915
- val_all_f1:  0.6971 0.6971 0.6971
- val_exp_f1:  0.9091 0.9091 0.9091
- val_non_f1:  0.6438 0.6438 0.6438

4096/4096 [==============================] - 304s - loss: 0.5344 - val_loss: 0.8915
Epoch 117/1000
4032/4096 [============================>.] - ETA: 4s - loss: 0.4996
- val_loss: 0.8735
- val_all_f1:  0.6867 0.6867 0.6867
- val_exp_f1:  0.8701 0.8701 0.8701
- val_non_f1:  0.6405 0.6405 0.6405

4096/4096 [==============================] - 305s - loss: 0.4983 - val_loss: 0.8735
Epoch 118/1000
4032/4096 [============================>.] - ETA: 4s - loss: 0.5193
- val_loss: 0.8819
- val_all_f1:  0.6945 0.6945 0.6945
- val_exp_f1:  0.9091 0.9091 0.9091
- val_non_f1:  0.6405 0.6405 0.6405

4096/4096 [==============================] - 305s - loss: 0.5221 - val_loss: 0.8819
Epoch 119/1000
4032/4096 [============================>.] - ETA: 4s - loss: 0.5395
- val_loss: 0.9119
- val_all_f1:  0.6919 0.6919 0.6919
- val_exp_f1:  0.8831 0.8831 0.8831
- val_non_f1:  0.6459 0.6438 0.6448

4096/4096 [==============================] - 305s - loss: 0.5406 - val_loss: 0.9119
Epoch 120/1000
4032/4096 [============================>.] - ETA: 4s - loss: 0.4833
- val_loss: 0.8656
- val_all_f1:  0.7050 0.7050 0.7050
- val_exp_f1:  0.9351 0.9351 0.9351
- val_non_f1:  0.6492 0.6471 0.6481

4096/4096 [==============================] - 305s - loss: 0.4889 - val_loss: 0.8656
Epoch 121/1000
4032/4096 [============================>.] - ETA: 4s - loss: 0.4816
- val_loss: 0.9173
- val_all_f1:  0.7050 0.7050 0.7050
- val_exp_f1:  0.8961 0.8961 0.8961
- val_non_f1:  0.6569 0.6569 0.6569

4096/4096 [==============================] - 305s - loss: 0.4838 - val_loss: 0.9173
Epoch 122/1000
4032/4096 [============================>.] - ETA: 4s - loss: 0.4937
- val_loss: 0.8216
- val_all_f1:  0.7258 0.7258 0.7258
- val_exp_f1:  0.9481 0.9481 0.9481
- val_non_f1:  0.6721 0.6699 0.6710

4096/4096 [==============================] - 305s - loss: 0.4929 - val_loss: 0.8216
Epoch 123/1000
4032/4096 [============================>.] - ETA: 4s - loss: 0.5382
- val_loss: 0.8363
- val_all_f1:  0.6997 0.6997 0.6997
- val_exp_f1:  0.8831 0.8831 0.8831
- val_non_f1:  0.6536 0.6536 0.6536

4096/4096 [==============================] - 305s - loss: 0.5419 - val_loss: 0.8363
Epoch 124/1000
4032/4096 [============================>.] - ETA: 4s - loss: 0.5079
- val_loss: 0.8621
- val_all_f1:  0.7023 0.7023 0.7023
- val_exp_f1:  0.8831 0.8831 0.8831
- val_non_f1:  0.6590 0.6569 0.6579

4096/4096 [==============================] - 305s - loss: 0.5104 - val_loss: 0.8621
Epoch 125/1000
4032/4096 [============================>.] - ETA: 4s - loss: 0.4765
- val_loss: 0.8555
- val_all_f1:  0.7206 0.7206 0.7206
- val_exp_f1:  0.9091 0.9091 0.9091
- val_non_f1:  0.6754 0.6732 0.6743

4096/4096 [==============================] - 305s - loss: 0.4759 - val_loss: 0.8555
Epoch 126/1000
4032/4096 [============================>.] - ETA: 4s - loss: 0.5245
- val_loss: 0.8852
- val_all_f1:  0.7128 0.7128 0.7128
- val_exp_f1:  0.8961 0.8961 0.8961
- val_non_f1:  0.6689 0.6667 0.6678

4096/4096 [==============================] - 305s - loss: 0.5233 - val_loss: 0.8852
Epoch 127/1000
4032/4096 [============================>.] - ETA: 4s - loss: 0.5076
- val_loss: 0.8242
- val_all_f1:  0.7180 0.7180 0.7180
- val_exp_f1:  0.9091 0.9091 0.9091
- val_non_f1:  0.6721 0.6699 0.6710

4096/4096 [==============================] - 305s - loss: 0.5099 - val_loss: 0.8242
Epoch 128/1000
4032/4096 [============================>.] - ETA: 4s - loss: 0.5108
- val_loss: 0.8632
- val_all_f1:  0.7128 0.7128 0.7128
- val_exp_f1:  0.8961 0.8961 0.8961
- val_non_f1:  0.6667 0.6667 0.6667

4096/4096 [==============================] - 305s - loss: 0.5071 - val_loss: 0.8632
Epoch 129/1000
4032/4096 [============================>.] - ETA: 4s - loss: 0.4938
- val_loss: 0.8489
- val_all_f1:  0.7154 0.7154 0.7154
- val_exp_f1:  0.9091 0.9091 0.9091
- val_non_f1:  0.6689 0.6667 0.6678

4096/4096 [==============================] - 305s - loss: 0.4986 - val_loss: 0.8489
Epoch 130/1000
4032/4096 [============================>.] - ETA: 4s - loss: 0.4870
- val_loss: 0.8412
- val_all_f1:  0.7180 0.7180 0.7180
- val_exp_f1:  0.8961 0.8961 0.8961
- val_non_f1:  0.6754 0.6732 0.6743

4096/4096 [==============================] - 304s - loss: 0.4910 - val_loss: 0.8412
Epoch 131/1000
4032/4096 [============================>.] - ETA: 4s - loss: 0.4990
- val_loss: 0.9201
- val_all_f1:  0.6997 0.6997 0.6997
- val_exp_f1:  0.8961 0.8961 0.8961
- val_non_f1:  0.6503 0.6503 0.6503

4096/4096 [==============================] - 305s - loss: 0.5044 - val_loss: 0.9201
Epoch 132/1000
4032/4096 [============================>.] - ETA: 4s - loss: 0.4791
- val_loss: 0.9066
- val_all_f1:  0.7128 0.7128 0.7128
- val_exp_f1:  0.9091 0.9091 0.9091
- val_non_f1:  0.6634 0.6634 0.6634

4096/4096 [==============================] - 305s - loss: 0.4768 - val_loss: 0.9066
Epoch 133/1000
4032/4096 [============================>.] - ETA: 4s - loss: 0.5134
- val_loss: 0.8848
- val_all_f1:  0.7023 0.7023 0.7023
- val_exp_f1:  0.8961 0.8961 0.8961
- val_non_f1:  0.6536 0.6536 0.6536

4096/4096 [==============================] - 304s - loss: 0.5128 - val_loss: 0.8848
Epoch 134/1000
4032/4096 [============================>.] - ETA: 4s - loss: 0.4908
- val_loss: 0.8833
- val_all_f1:  0.7076 0.7076 0.7076
- val_exp_f1:  0.8831 0.8831 0.8831
- val_non_f1:  0.6634 0.6634 0.6634

4096/4096 [==============================] - 304s - loss: 0.4922 - val_loss: 0.8833
Epoch 135/1000
4032/4096 [============================>.] - ETA: 4s - loss: 0.4948
- val_loss: 0.8911
- val_all_f1:  0.7102 0.7102 0.7102
- val_exp_f1:  0.8831 0.8831 0.8831
- val_non_f1:  0.6667 0.6667 0.6667

4096/4096 [==============================] - 305s - loss: 0.4940 - val_loss: 0.8911
Epoch 136/1000
4032/4096 [============================>.] - ETA: 4s - loss: 0.5178
- val_loss: 0.8696
- val_all_f1:  0.7023 0.7023 0.7023
- val_exp_f1:  0.8961 0.8961 0.8961
- val_non_f1:  0.6536 0.6536 0.6536

4096/4096 [==============================] - 305s - loss: 0.5150 - val_loss: 0.8696
Epoch 137/1000
4032/4096 [============================>.] - ETA: 4s - loss: 0.4736
- val_loss: 0.8840
- val_all_f1:  0.7180 0.7180 0.7180
- val_exp_f1:  0.9091 0.9091 0.9091
- val_non_f1:  0.6699 0.6699 0.6699

4096/4096 [==============================] - 305s - loss: 0.4747 - val_loss: 0.8840
Epoch 138/1000
4032/4096 [============================>.] - ETA: 4s - loss: 0.5021
- val_loss: 0.9052
- val_all_f1:  0.6945 0.6945 0.6945
- val_exp_f1:  0.8961 0.8961 0.8961
- val_non_f1:  0.6438 0.6438 0.6438

4096/4096 [==============================] - 305s - loss: 0.5002 - val_loss: 0.9052
Epoch 139/1000
4032/4096 [============================>.] - ETA: 4s - loss: 0.4766
- val_loss: 0.8863
- val_all_f1:  0.7076 0.7076 0.7076
- val_exp_f1:  0.9351 0.9351 0.9351
- val_non_f1:  0.6503 0.6503 0.6503

4096/4096 [==============================] - 305s - loss: 0.4784 - val_loss: 0.8863
Epoch 140/1000
4032/4096 [============================>.] - ETA: 4s - loss: 0.4742
- val_loss: 0.9023
- val_all_f1:  0.7076 0.7076 0.7076
- val_exp_f1:  0.9481 0.9481 0.9481
- val_non_f1:  0.6471 0.6471 0.6471

4096/4096 [==============================] - 305s - loss: 0.4751 - val_loss: 0.9023
Epoch 141/1000
4032/4096 [============================>.] - ETA: 4s - loss: 0.4848
- val_loss: 0.9009
- val_all_f1:  0.7102 0.7102 0.7102
- val_exp_f1:  0.9481 0.9481 0.9481
- val_non_f1:  0.6525 0.6503 0.6514

4096/4096 [==============================] - 305s - loss: 0.4835 - val_loss: 0.9009
Epoch 142/1000
4032/4096 [============================>.] - ETA: 4s - loss: 0.4858
- val_loss: 0.8796
- val_all_f1:  0.7128 0.7128 0.7128
- val_exp_f1:  0.9091 0.9091 0.9091
- val_non_f1:  0.6656 0.6634 0.6645

4096/4096 [==============================] - 305s - loss: 0.4871 - val_loss: 0.8796
Epoch 143/1000
4032/4096 [============================>.] - ETA: 4s - loss: 0.4838
- val_loss: 0.9315
- val_all_f1:  0.6919 0.6919 0.6919
- val_exp_f1:  0.9091 0.9091 0.9091
- val_non_f1:  0.6373 0.6373 0.6373

4096/4096 [==============================] - 305s - loss: 0.4814 - val_loss: 0.9315
Epoch 144/1000
4032/4096 [============================>.] - ETA: 4s - loss: 0.4645
- val_loss: 0.9170
- val_all_f1:  0.6919 0.6919 0.6919
- val_exp_f1:  0.9091 0.9091 0.9091
- val_non_f1:  0.6373 0.6373 0.6373

4096/4096 [==============================] - 305s - loss: 0.4624 - val_loss: 0.9170
Epoch 145/1000
4032/4096 [============================>.] - ETA: 4s - loss: 0.4632
- val_loss: 0.8446
- val_all_f1:  0.7154 0.7154 0.7154
- val_exp_f1:  0.9351 0.9351 0.9351
- val_non_f1:  0.6601 0.6601 0.6601

4096/4096 [==============================] - 305s - loss: 0.4643 - val_loss: 0.8446
Epoch 146/1000
4032/4096 [============================>.] - ETA: 4s - loss: 0.4813
- val_loss: 0.8788
- val_all_f1:  0.7128 0.7128 0.7128
- val_exp_f1:  0.8831 0.8831 0.8831
- val_non_f1:  0.6699 0.6699 0.6699

4096/4096 [==============================] - 305s - loss: 0.4783 - val_loss: 0.8788
Epoch 147/1000
4032/4096 [============================>.] - ETA: 4s - loss: 0.4755
- val_loss: 0.8690
- val_all_f1:  0.7102 0.7102 0.7102
- val_exp_f1:  0.9091 0.9091 0.9091
- val_non_f1:  0.6601 0.6601 0.6601

4096/4096 [==============================] - 305s - loss: 0.4740 - val_loss: 0.8690
Epoch 148/1000
4032/4096 [============================>.] - ETA: 4s - loss: 0.4684
- val_loss: 0.8821
- val_all_f1:  0.7076 0.7076 0.7076
- val_exp_f1:  0.8961 0.8961 0.8961
- val_non_f1:  0.6601 0.6601 0.6601

4096/4096 [==============================] - 305s - loss: 0.4635 - val_loss: 0.8821
Epoch 149/1000
4032/4096 [============================>.] - ETA: 4s - loss: 0.4835
- val_loss: 0.8868
- val_all_f1:  0.7154 0.7154 0.7154
- val_exp_f1:  0.9091 0.9091 0.9091
- val_non_f1:  0.6667 0.6667 0.6667

4096/4096 [==============================] - 305s - loss: 0.4833 - val_loss: 0.8868
Epoch 150/1000
4032/4096 [============================>.] - ETA: 4s - loss: 0.4838
- val_loss: 0.8276
- val_all_f1:  0.7128 0.7128 0.7128
- val_exp_f1:  0.9091 0.9091 0.9091
- val_non_f1:  0.6656 0.6634 0.6645

4096/4096 [==============================] - 305s - loss: 0.4833 - val_loss: 0.8276
Epoch 151/1000
4032/4096 [============================>.] - ETA: 4s - loss: 0.4392
- val_loss: 0.9039
- val_all_f1:  0.7180 0.7180 0.7180
- val_exp_f1:  0.9091 0.9091 0.9091
- val_non_f1:  0.6699 0.6699 0.6699

4096/4096 [==============================] - 305s - loss: 0.4405 - val_loss: 0.9039
Epoch 152/1000
4032/4096 [============================>.] - ETA: 4s - loss: 0.4648
- val_loss: 0.9215
- val_all_f1:  0.6997 0.6997 0.6997
- val_exp_f1:  0.9091 0.9091 0.9091
- val_non_f1:  0.6471 0.6471 0.6471

4096/4096 [==============================] - 306s - loss: 0.4640 - val_loss: 0.9215
Epoch 153/1000
4032/4096 [============================>.] - ETA: 4s - loss: 0.5089
- val_loss: 0.8149
- val_all_f1:  0.7154 0.7154 0.7154
- val_exp_f1:  0.9351 0.9351 0.9351
- val_non_f1:  0.6623 0.6601 0.6612

4096/4096 [==============================] - 306s - loss: 0.5078 - val_loss: 0.8149
Epoch 154/1000
4032/4096 [============================>.] - ETA: 4s - loss: 0.4666
- val_loss: 0.8433
- val_all_f1:  0.7102 0.7102 0.7102
- val_exp_f1:  0.9091 0.9091 0.9091
- val_non_f1:  0.6623 0.6601 0.6612

4096/4096 [==============================] - 305s - loss: 0.4642 - val_loss: 0.8433
Epoch 155/1000
4032/4096 [============================>.] - ETA: 4s - loss: 0.4667
- val_loss: 0.8357
- val_all_f1:  0.6997 0.6997 0.6997
- val_exp_f1:  0.8961 0.8961 0.8961
- val_non_f1:  0.6525 0.6503 0.6514

4096/4096 [==============================] - 305s - loss: 0.4672 - val_loss: 0.8357
Epoch 156/1000
4032/4096 [============================>.] - ETA: 4s - loss: 0.4717
- val_loss: 0.8558
- val_all_f1:  0.7050 0.7050 0.7050
- val_exp_f1:  0.8831 0.8831 0.8831
- val_non_f1:  0.6623 0.6601 0.6612

4096/4096 [==============================] - 305s - loss: 0.4709 - val_loss: 0.8558
Epoch 157/1000
4032/4096 [============================>.] - ETA: 4s - loss: 0.4853
- val_loss: 0.8518
- val_all_f1:  0.7154 0.7154 0.7154
- val_exp_f1:  0.8961 0.8961 0.8961
- val_non_f1:  0.6721 0.6699 0.6710

4096/4096 [==============================] - 305s - loss: 0.4817 - val_loss: 0.8518
Epoch 158/1000
4032/4096 [============================>.] - ETA: 4s - loss: 0.4891
- val_loss: 0.8515
- val_all_f1:  0.7232 0.7232 0.7232
- val_exp_f1:  0.8961 0.8961 0.8961
- val_non_f1:  0.6820 0.6797 0.6809

4096/4096 [==============================] - 305s - loss: 0.4917 - val_loss: 0.8515
Epoch 159/1000
4032/4096 [============================>.] - ETA: 4s - loss: 0.5314
- val_loss: 0.9880
- val_all_f1:  0.6789 0.6789 0.6789
- val_exp_f1:  0.8831 0.8831 0.8831
- val_non_f1:  0.6295 0.6275 0.6285

4096/4096 [==============================] - 305s - loss: 0.5270 - val_loss: 0.9880
Epoch 160/1000
4032/4096 [============================>.] - ETA: 4s - loss: 0.4812
- val_loss: 0.8940
- val_all_f1:  0.6658 0.6658 0.6658
- val_exp_f1:  0.8571 0.8571 0.8571
- val_non_f1:  0.6197 0.6176 0.6187

4096/4096 [==============================] - 305s - loss: 0.4853 - val_loss: 0.8940
Epoch 161/1000
4032/4096 [============================>.] - ETA: 4s - loss: 0.5082
- val_loss: 0.9262
- val_all_f1:  0.6789 0.6789 0.6789
- val_exp_f1:  0.8701 0.8701 0.8701
- val_non_f1:  0.6307 0.6307 0.6307

4096/4096 [==============================] - 305s - loss: 0.5101 - val_loss: 0.9262
Epoch 162/1000
4032/4096 [============================>.] - ETA: 4s - loss: 0.5341
- val_loss: 0.9264
- val_all_f1:  0.6736 0.6736 0.6736
- val_exp_f1:  0.8961 0.8961 0.8961
- val_non_f1:  0.6197 0.6176 0.6187

4096/4096 [==============================] - 305s - loss: 0.5306 - val_loss: 0.9264
Epoch 163/1000
4032/4096 [============================>.] - ETA: 4s - loss: 0.4873
- val_loss: 0.9333
- val_all_f1:  0.6762 0.6762 0.6762
- val_exp_f1:  0.9091 0.9091 0.9091
- val_non_f1:  0.6197 0.6176 0.6187

4096/4096 [==============================] - 305s - loss: 0.4871 - val_loss: 0.9333
Epoch 164/1000
4032/4096 [============================>.] - ETA: 4s - loss: 0.4537
- val_loss: 0.9680
- val_all_f1:  0.6867 0.6867 0.6867
- val_exp_f1:  0.9221 0.9221 0.9221
- val_non_f1:  0.6295 0.6275 0.6285

4096/4096 [==============================] - 305s - loss: 0.4529 - val_loss: 0.9680
Epoch 165/1000
4032/4096 [============================>.] - ETA: 4s - loss: 0.4852
- val_loss: 0.9560
- val_all_f1:  0.6841 0.6841 0.6841
- val_exp_f1:  0.9091 0.9091 0.9091
- val_non_f1:  0.6295 0.6275 0.6285

4096/4096 [==============================] - 305s - loss: 0.4854 - val_loss: 0.9560
Epoch 166/1000
4032/4096 [============================>.] - ETA: 4s - loss: 0.4737
- val_loss: 0.9092
- val_all_f1:  0.6867 0.6867 0.6867
- val_exp_f1:  0.9221 0.9221 0.9221
- val_non_f1:  0.6295 0.6275 0.6285

4096/4096 [==============================] - 305s - loss: 0.4719 - val_loss: 0.9092
Epoch 167/1000
4032/4096 [============================>.] - ETA: 4s - loss: 0.4774
- val_loss: 0.9426
- val_all_f1:  0.6867 0.6867 0.6867
- val_exp_f1:  0.9221 0.9221 0.9221
- val_non_f1:  0.6295 0.6275 0.6285

4096/4096 [==============================] - 305s - loss: 0.4777 - val_loss: 0.9426
Epoch 168/1000
4032/4096 [============================>.] - ETA: 4s - loss: 0.4946
- val_loss: 0.8613
- val_all_f1:  0.6945 0.6945 0.6945
- val_exp_f1:  0.9221 0.9221 0.9221
- val_non_f1:  0.6393 0.6373 0.6383

4096/4096 [==============================] - 305s - loss: 0.4946 - val_loss: 0.8613
Epoch 169/1000
4032/4096 [============================>.] - ETA: 4s - loss: 0.4847
- val_loss: 0.9567
- val_all_f1:  0.6815 0.6815 0.6815
- val_exp_f1:  0.9091 0.9091 0.9091
- val_non_f1:  0.6262 0.6242 0.6252

4096/4096 [==============================] - 305s - loss: 0.4859 - val_loss: 0.9567
Epoch 170/1000
4032/4096 [============================>.] - ETA: 4s - loss: 0.4911
- val_loss: 0.9764
- val_all_f1:  0.6815 0.6815 0.6815
- val_exp_f1:  0.8961 0.8961 0.8961
- val_non_f1:  0.6295 0.6275 0.6285

4096/4096 [==============================] - 305s - loss: 0.4920 - val_loss: 0.9764
Epoch 171/1000
4032/4096 [============================>.] - ETA: 4s - loss: 0.4904
- val_loss: 0.9614
- val_all_f1:  0.6893 0.6893 0.6893
- val_exp_f1:  0.9221 0.9221 0.9221
- val_non_f1:  0.6328 0.6307 0.6318

4096/4096 [==============================] - 305s - loss: 0.4863 - val_loss: 0.9614
Epoch 172/1000
4032/4096 [============================>.] - ETA: 4s - loss: 0.4918
- val_loss: 0.8972
- val_all_f1:  0.6919 0.6919 0.6919
- val_exp_f1:  0.9091 0.9091 0.9091
- val_non_f1:  0.6393 0.6373 0.6383

4096/4096 [==============================] - 304s - loss: 0.4937 - val_loss: 0.8972
Epoch 173/1000
4032/4096 [============================>.] - ETA: 4s - loss: 0.4713
- val_loss: 0.9556
- val_all_f1:  0.6841 0.6841 0.6841
- val_exp_f1:  0.9091 0.9091 0.9091
- val_non_f1:  0.6295 0.6275 0.6285

4096/4096 [==============================] - 305s - loss: 0.4710 - val_loss: 0.9556
Epoch 174/1000
4032/4096 [============================>.] - ETA: 4s - loss: 0.4750
- val_loss: 0.9598
- val_all_f1:  0.6893 0.6893 0.6893
- val_exp_f1:  0.8831 0.8831 0.8831
- val_non_f1:  0.6405 0.6405 0.6405

4096/4096 [==============================] - 304s - loss: 0.4725 - val_loss: 0.9598
Epoch 175/1000
4032/4096 [============================>.] - ETA: 4s - loss: 0.4650
- val_loss: 0.9147
- val_all_f1:  0.6945 0.6945 0.6945
- val_exp_f1:  0.8961 0.8961 0.8961
- val_non_f1:  0.6438 0.6438 0.6438

4096/4096 [==============================] - 305s - loss: 0.4658 - val_loss: 0.9147
[2017-06-26 12:51] training finished (ex/conll16st-v35b1-zh-default-0)
[2017-06-26 12:51] best_val_loss: 152 - loss: 0.5078 - val_loss: 0.8149 - val_all_f1: 0.7154 - val_exp_f1: 0.9351 - val_non_f1: 0.6612
[2017-06-26 12:51] best_val_all_f1: 73 - loss: 0.5166 - val_loss: 0.8861 - val_all_f1: 0.7337 - val_exp_f1: 0.9351 - val_non_f1: 0.6830
