[2019-03-12 02:04] configuration (ex/conll16st-v35-zhch-al-500-0/blind)
[2019-03-12 02:04]   config 'arg1_len': 500
[2019-03-12 02:04]   config 'arg2_len': 500
[2019-03-12 02:04]   config 'backend': theano
[2019-03-12 02:04]   config 'backend_theano': device=gpu,floatX=float32,nvcc.fastmath=True,lib.cnmem=0.8
[2019-03-12 02:04]   config 'batch_size': 64
[2019-03-12 02:04]   config 'conn_len': 20
[2019-03-12 02:04]   config 'dataset_dir': data/conll16st-zh-04-27-2016-blind-test
[2019-03-12 02:04]   config 'filter_fn_name': None
[2019-03-12 02:04]   config 'input_size': None
[2019-03-12 02:04]   config 'lang': zh
[2019-03-12 02:04]   config 'mode': char
[2019-03-12 02:04]   config 'model_dir': ex/conll16st-v35-zhch-al-500-0
[2019-03-12 02:04]   config 'normalization_mode': sample_aspect
[2019-03-12 02:04]   config 'output_dir': ex/conll16st-v35-zhch-al-500-0/blind
[2019-03-12 02:04]   config 'punc_len': 2
[2019-03-12 02:04]   config 'rest': []
[2019-03-12 02:04]   config 'snapshot_size': 2048
[2019-03-12 02:04] load dataset for prediction (data/conll16st-zh-04-27-2016-blind-test)
[2019-03-12 02:04]   lang: zh, rel_ids: 2101
[2019-03-12 02:04] load previous indexes (ex/conll16st-v35-zhch-al-500-0/indexes.pkl)
[2019-03-12 02:04]   words2id: 2859, target2id: 12
[2019-03-12 02:04] load model (ex/conll16st-v35-zhch-al-500-0)
[2019-03-12 02:04] load previous weights (ex/conll16st-v35-zhch-al-500-0/weights_val_all_f1.hdf5)
[2019-03-12 02:04] make predictions
[2019-03-12 02:06] save predictions (ex/conll16st-v35-zhch-al-500-0/blind/output.json)
[2019-03-12 02:06] save predictions (ex/conll16st-v35-zhch-al-500-0/blind/output_proba.json)
[2019-03-12 02:06] peek into filtering weights (ex/conll16st-v35-zhch-al-500-0/blind/peek.html)
[2019-03-12 02:12] finished (ex/conll16st-v35-zhch-al-500-0/blind)
[2019-03-12 02:12] time: loaded: 0.5153 - prepared: 2.8991 - predicted: 93.8965
