[2019-03-08 08:42] configuration (ex/conll16st-v35-en-al-10-0)
[2019-03-08 08:42]   config 'arg1_len': 10
[2019-03-08 08:42]   config 'arg2_len': 10
[2019-03-08 08:42]   config 'backend': theano
[2019-03-08 08:42]   config 'backend_theano': device=gpu,floatX=float32,nvcc.fastmath=True,lib.cnmem=0.8
[2019-03-08 08:42]   config 'batch_size': 64
[2019-03-08 08:42]   config 'conn_len': 10
[2019-03-08 08:42]   config 'continue_': False
[2019-03-08 08:42]   config 'curriculum_end': 0.0
[2019-03-08 08:42]   config 'epochs': 1000
[2019-03-08 08:42]   config 'epochs_patience': 100
[2019-03-08 08:42]   config 'epochs_ratio': 0.1
[2019-03-08 08:42]   config 'filter_act': sigmoid
[2019-03-08 08:42]   config 'filter_append_act': linear
[2019-03-08 08:42]   config 'filter_append_batchnorm': False
[2019-03-08 08:42]   config 'filter_append_dim': 0
[2019-03-08 08:42]   config 'filter_append_dropout': 0.0
[2019-03-08 08:42]   config 'filter_apply': mul
[2019-03-08 08:42]   config 'filter_dim': 12
[2019-03-08 08:42]   config 'filter_dropout_U': 0.0
[2019-03-08 08:42]   config 'filter_dropout_W': 0.0
[2019-03-08 08:42]   config 'filter_fn_name': None
[2019-03-08 08:42]   config 'filter_shared': global
[2019-03-08 08:42]   config 'filter_type': lstm-fb
[2019-03-08 08:42]   config 'filter_zoneout_c': 0.0
[2019-03-08 08:42]   config 'filter_zoneout_h': 0.0
[2019-03-08 08:42]   config 'final_act': SReLU
[2019-03-08 08:42]   config 'final_dim': 80
[2019-03-08 08:42]   config 'final_dropout': 0.3
[2019-03-08 08:42]   config 'input_size': None
[2019-03-08 08:42]   config 'lang': en
[2019-03-08 08:42]   config 'masking': True
[2019-03-08 08:42]   config 'mode': word
[2019-03-08 08:42]   config 'model_dir': ex/conll16st-v35-en-al-10-0
[2019-03-08 08:42]   config 'optimizer': adam
[2019-03-08 08:42]   config 'original_positives': 0
[2019-03-08 08:42]   config 'punc_len': 0
[2019-03-08 08:42]   config 'random_negatives': 2
[2019-03-08 08:42]   config 'random_positives': 2
[2019-03-08 08:42]   config 'random_proba_1': 0.1
[2019-03-08 08:42]   config 'random_proba_2': 0.1
[2019-03-08 08:42]   config 'random_proba_3': 0.9
[2019-03-08 08:42]   config 'rnn_act': tanh
[2019-03-08 08:42]   config 'rnn_dim': 20
[2019-03-08 08:42]   config 'rnn_dropout_U': 0.0
[2019-03-08 08:42]   config 'rnn_dropout_W': 0.0
[2019-03-08 08:42]   config 'rnn_dropout_merge': 0.3
[2019-03-08 08:42]   config 'rnn_merge': concat
[2019-03-08 08:42]   config 'rnn_num': 12
[2019-03-08 08:42]   config 'rnn_shared': aspect
[2019-03-08 08:42]   config 'rnn_type': lstm-fwd
[2019-03-08 08:42]   config 'rnn_zoneout_c': 0.0
[2019-03-08 08:42]   config 'rnn_zoneout_h': 0.0
[2019-03-08 08:42]   config 'snapshot_size': 2048
[2019-03-08 08:42]   config 'train_dir': data/conll16st-en-03-29-16-train
[2019-03-08 08:42]   config 'valid_dir': data/conll16st-en-03-29-16-dev
[2019-03-08 08:42]   config 'words2vec_bin': None
[2019-03-08 08:42]   config 'words2vec_txt': None
[2019-03-08 08:42]   config 'words_crop': None
[2019-03-08 08:42]   config 'words_dim': 20
[2019-03-08 08:42]   config 'words_dropout': 0.3
[2019-03-08 08:42]   config 'words_shared': global
[2019-03-08 08:42]   config 'words_trainable': True
[2019-03-08 08:42] load dataset for training (data/conll16st-en-03-29-16-train)
[2019-03-08 08:45]   lang: en, doc_ids: 1756, words: 933049, rel_ids: 32535, relation tokens: 1159204
[2019-03-08 08:45] load dataset for validation (data/conll16st-en-03-29-16-dev)
[2019-03-08 08:45]   lang: en, doc_ids: 79, words: 39712, rel_ids: 1436, relation tokens: 48882
[2019-03-08 08:45] build indexes from training
[2019-03-08 08:45]   words2id: 43918, target2id: 23
[2019-03-08 08:45] target class distribution from training
[2019-03-08 08:45]   class 0 = 'None': None
[2019-03-08 08:45]   class 1 = '': None
[2019-03-08 08:45]   class 2 = 'Expansion.Conjunction': 7817
[2019-03-08 08:45]   class 3 = 'Comparison.Contrast': 4714
[2019-03-08 08:45]   class 4 = 'EntRel': 4133
[2019-03-08 08:45]   class 5 = 'Contingency.Cause.Reason': 3344
[2019-03-08 08:45]   class 6 = 'Expansion.Restatement': 2699
[2019-03-08 08:45]   class 7 = 'Contingency.Cause.Result': 2137
[2019-03-08 08:45]   class 8 = 'Temporal.Synchrony': 1499
[2019-03-08 08:45]   class 9 = 'Expansion.Instantiation': 1403
[2019-03-08 08:45]   class 10 = 'Comparison.Concession': 1293
[2019-03-08 08:45]   class 11 = 'Temporal.Asynchronous.Precedence': 1277
[2019-03-08 08:45]   class 12 = 'Contingency.Condition': 1197
[2019-03-08 08:45]   class 13 = 'Temporal.Asynchronous.Succession': 1014
[2019-03-08 08:45]   class 14 = 'Comparison': 992
[2019-03-08 08:45]   class 15 = 'Expansion': 630
[2019-03-08 08:45]   class 16 = 'Expansion.Alternative.Chosen alternative': 241
[2019-03-08 08:45]   class 17 = 'Expansion.Alternative': 210
[2019-03-08 08:45]   class 18 = 'Temporal': 27
[2019-03-08 08:45]   class 19 = 'Contingency': 24
[2019-03-08 08:45]   class 20 = 'Expansion.Exception': 15
[2019-03-08 08:45]   class 21 = 'Temporal.Asynchronous': 6
[2019-03-08 08:45]   class 22 = 'Contingency.Cause': 2
[2019-03-08 08:45] build model
____________________________________________________________________________________________________
Layer (type)                     Output Shape          Param #     Connected to                     
====================================================================================================
arg1_ids (InputLayer)            (None, 10)            0                                            
____________________________________________________________________________________________________
arg2_ids (InputLayer)            (None, 10)            0                                            
____________________________________________________________________________________________________
conn_ids (InputLayer)            (None, 10)            0                                            
____________________________________________________________________________________________________
embedding_1 (Embedding)          (None, 10, 20)        878360      arg1_ids[0][0]                   
                                                                   arg2_ids[0][0]                   
                                                                   conn_ids[0][0]                   
____________________________________________________________________________________________________
shareablelstm_1 (ShareableLSTM)  (None, 10, 12)        1584        embedding_1[0][0]                
                                                                   embedding_1[1][0]                
                                                                   embedding_1[2][0]                
____________________________________________________________________________________________________
shareablelstm_2 (ShareableLSTM)  (None, 10, 12)        1584        embedding_1[0][0]                
                                                                   embedding_1[1][0]                
                                                                   embedding_1[2][0]                
____________________________________________________________________________________________________
merge_1 (Merge)                  (None, 10, 12)        0           shareablelstm_1[0][0]            
                                                                   shareablelstm_2[0][0]            
____________________________________________________________________________________________________
merge_15 (Merge)                 (None, 10, 12)        0           shareablelstm_1[1][0]            
                                                                   shareablelstm_2[1][0]            
____________________________________________________________________________________________________
merge_29 (Merge)                 (None, 10, 12)        0           shareablelstm_1[2][0]            
                                                                   shareablelstm_2[2][0]            
____________________________________________________________________________________________________
arg1_filters (Activation)        (None, 10, 12)        0           merge_1[0][0]                    
____________________________________________________________________________________________________
arg2_filters (Activation)        (None, 10, 12)        0           merge_15[0][0]                   
____________________________________________________________________________________________________
conn_filters (Activation)        (None, 10, 12)        0           merge_29[0][0]                   
____________________________________________________________________________________________________
merge_2 (Merge)                  (None, 10, 20)        0           embedding_1[0][0]                
                                                                   arg1_filters[0][0]               
____________________________________________________________________________________________________
merge_3 (Merge)                  (None, 10, 20)        0           embedding_1[0][0]                
                                                                   arg1_filters[0][0]               
____________________________________________________________________________________________________
merge_4 (Merge)                  (None, 10, 20)        0           embedding_1[0][0]                
                                                                   arg1_filters[0][0]               
____________________________________________________________________________________________________
merge_5 (Merge)                  (None, 10, 20)        0           embedding_1[0][0]                
                                                                   arg1_filters[0][0]               
____________________________________________________________________________________________________
merge_6 (Merge)                  (None, 10, 20)        0           embedding_1[0][0]                
                                                                   arg1_filters[0][0]               
____________________________________________________________________________________________________
merge_7 (Merge)                  (None, 10, 20)        0           embedding_1[0][0]                
                                                                   arg1_filters[0][0]               
____________________________________________________________________________________________________
merge_8 (Merge)                  (None, 10, 20)        0           embedding_1[0][0]                
                                                                   arg1_filters[0][0]               
____________________________________________________________________________________________________
merge_9 (Merge)                  (None, 10, 20)        0           embedding_1[0][0]                
                                                                   arg1_filters[0][0]               
____________________________________________________________________________________________________
merge_10 (Merge)                 (None, 10, 20)        0           embedding_1[0][0]                
                                                                   arg1_filters[0][0]               
____________________________________________________________________________________________________
merge_11 (Merge)                 (None, 10, 20)        0           embedding_1[0][0]                
                                                                   arg1_filters[0][0]               
____________________________________________________________________________________________________
merge_12 (Merge)                 (None, 10, 20)        0           embedding_1[0][0]                
                                                                   arg1_filters[0][0]               
____________________________________________________________________________________________________
merge_13 (Merge)                 (None, 10, 20)        0           embedding_1[0][0]                
                                                                   arg1_filters[0][0]               
____________________________________________________________________________________________________
merge_16 (Merge)                 (None, 10, 20)        0           embedding_1[1][0]                
                                                                   arg2_filters[0][0]               
____________________________________________________________________________________________________
merge_17 (Merge)                 (None, 10, 20)        0           embedding_1[1][0]                
                                                                   arg2_filters[0][0]               
____________________________________________________________________________________________________
merge_18 (Merge)                 (None, 10, 20)        0           embedding_1[1][0]                
                                                                   arg2_filters[0][0]               
____________________________________________________________________________________________________
merge_19 (Merge)                 (None, 10, 20)        0           embedding_1[1][0]                
                                                                   arg2_filters[0][0]               
____________________________________________________________________________________________________
merge_20 (Merge)                 (None, 10, 20)        0           embedding_1[1][0]                
                                                                   arg2_filters[0][0]               
____________________________________________________________________________________________________
merge_21 (Merge)                 (None, 10, 20)        0           embedding_1[1][0]                
                                                                   arg2_filters[0][0]               
____________________________________________________________________________________________________
merge_22 (Merge)                 (None, 10, 20)        0           embedding_1[1][0]                
                                                                   arg2_filters[0][0]               
____________________________________________________________________________________________________
merge_23 (Merge)                 (None, 10, 20)        0           embedding_1[1][0]                
                                                                   arg2_filters[0][0]               
____________________________________________________________________________________________________
merge_24 (Merge)                 (None, 10, 20)        0           embedding_1[1][0]                
                                                                   arg2_filters[0][0]               
____________________________________________________________________________________________________
merge_25 (Merge)                 (None, 10, 20)        0           embedding_1[1][0]                
                                                                   arg2_filters[0][0]               
____________________________________________________________________________________________________
merge_26 (Merge)                 (None, 10, 20)        0           embedding_1[1][0]                
                                                                   arg2_filters[0][0]               
____________________________________________________________________________________________________
merge_27 (Merge)                 (None, 10, 20)        0           embedding_1[1][0]                
                                                                   arg2_filters[0][0]               
____________________________________________________________________________________________________
merge_30 (Merge)                 (None, 10, 20)        0           embedding_1[2][0]                
                                                                   conn_filters[0][0]               
____________________________________________________________________________________________________
merge_31 (Merge)                 (None, 10, 20)        0           embedding_1[2][0]                
                                                                   conn_filters[0][0]               
____________________________________________________________________________________________________
merge_32 (Merge)                 (None, 10, 20)        0           embedding_1[2][0]                
                                                                   conn_filters[0][0]               
____________________________________________________________________________________________________
merge_33 (Merge)                 (None, 10, 20)        0           embedding_1[2][0]                
                                                                   conn_filters[0][0]               
____________________________________________________________________________________________________
merge_34 (Merge)                 (None, 10, 20)        0           embedding_1[2][0]                
                                                                   conn_filters[0][0]               
____________________________________________________________________________________________________
merge_35 (Merge)                 (None, 10, 20)        0           embedding_1[2][0]                
                                                                   conn_filters[0][0]               
____________________________________________________________________________________________________
merge_36 (Merge)                 (None, 10, 20)        0           embedding_1[2][0]                
                                                                   conn_filters[0][0]               
____________________________________________________________________________________________________
merge_37 (Merge)                 (None, 10, 20)        0           embedding_1[2][0]                
                                                                   conn_filters[0][0]               
____________________________________________________________________________________________________
merge_38 (Merge)                 (None, 10, 20)        0           embedding_1[2][0]                
                                                                   conn_filters[0][0]               
____________________________________________________________________________________________________
merge_39 (Merge)                 (None, 10, 20)        0           embedding_1[2][0]                
                                                                   conn_filters[0][0]               
____________________________________________________________________________________________________
merge_40 (Merge)                 (None, 10, 20)        0           embedding_1[2][0]                
                                                                   conn_filters[0][0]               
____________________________________________________________________________________________________
merge_41 (Merge)                 (None, 10, 20)        0           embedding_1[2][0]                
                                                                   conn_filters[0][0]               
____________________________________________________________________________________________________
shareablelstm_3 (ShareableLSTM)  (None, 20)            3280        merge_2[0][0]                    
                                                                   merge_16[0][0]                   
                                                                   merge_30[0][0]                   
____________________________________________________________________________________________________
shareablelstm_5 (ShareableLSTM)  (None, 20)            3280        merge_3[0][0]                    
                                                                   merge_17[0][0]                   
                                                                   merge_31[0][0]                   
____________________________________________________________________________________________________
shareablelstm_7 (ShareableLSTM)  (None, 20)            3280        merge_4[0][0]                    
                                                                   merge_18[0][0]                   
                                                                   merge_32[0][0]                   
____________________________________________________________________________________________________
shareablelstm_9 (ShareableLSTM)  (None, 20)            3280        merge_5[0][0]                    
                                                                   merge_19[0][0]                   
                                                                   merge_33[0][0]                   
____________________________________________________________________________________________________
shareablelstm_11 (ShareableLSTM) (None, 20)            3280        merge_6[0][0]                    
                                                                   merge_20[0][0]                   
                                                                   merge_34[0][0]                   
____________________________________________________________________________________________________
shareablelstm_13 (ShareableLSTM) (None, 20)            3280        merge_7[0][0]                    
                                                                   merge_21[0][0]                   
                                                                   merge_35[0][0]                   
____________________________________________________________________________________________________
shareablelstm_15 (ShareableLSTM) (None, 20)            3280        merge_8[0][0]                    
                                                                   merge_22[0][0]                   
                                                                   merge_36[0][0]                   
____________________________________________________________________________________________________
shareablelstm_17 (ShareableLSTM) (None, 20)            3280        merge_9[0][0]                    
                                                                   merge_23[0][0]                   
                                                                   merge_37[0][0]                   
____________________________________________________________________________________________________
shareablelstm_19 (ShareableLSTM) (None, 20)            3280        merge_10[0][0]                   
                                                                   merge_24[0][0]                   
                                                                   merge_38[0][0]                   
____________________________________________________________________________________________________
shareablelstm_21 (ShareableLSTM) (None, 20)            3280        merge_11[0][0]                   
                                                                   merge_25[0][0]                   
                                                                   merge_39[0][0]                   
____________________________________________________________________________________________________
shareablelstm_23 (ShareableLSTM) (None, 20)            3280        merge_12[0][0]                   
                                                                   merge_26[0][0]                   
                                                                   merge_40[0][0]                   
____________________________________________________________________________________________________
shareablelstm_25 (ShareableLSTM) (None, 20)            3280        merge_13[0][0]                   
                                                                   merge_27[0][0]                   
                                                                   merge_41[0][0]                   
____________________________________________________________________________________________________
merge_14 (Merge)                 (None, 240)           0           shareablelstm_3[0][0]            
                                                                   shareablelstm_5[0][0]            
                                                                   shareablelstm_7[0][0]            
                                                                   shareablelstm_9[0][0]            
                                                                   shareablelstm_11[0][0]           
                                                                   shareablelstm_13[0][0]           
                                                                   shareablelstm_15[0][0]           
                                                                   shareablelstm_17[0][0]           
                                                                   shareablelstm_19[0][0]           
                                                                   shareablelstm_21[0][0]           
                                                                   shareablelstm_23[0][0]           
                                                                   shareablelstm_25[0][0]           
____________________________________________________________________________________________________
merge_28 (Merge)                 (None, 240)           0           shareablelstm_3[1][0]            
                                                                   shareablelstm_5[1][0]            
                                                                   shareablelstm_7[1][0]            
                                                                   shareablelstm_9[1][0]            
                                                                   shareablelstm_11[1][0]           
                                                                   shareablelstm_13[1][0]           
                                                                   shareablelstm_15[1][0]           
                                                                   shareablelstm_17[1][0]           
                                                                   shareablelstm_19[1][0]           
                                                                   shareablelstm_21[1][0]           
                                                                   shareablelstm_23[1][0]           
                                                                   shareablelstm_25[1][0]           
____________________________________________________________________________________________________
merge_42 (Merge)                 (None, 240)           0           shareablelstm_3[2][0]            
                                                                   shareablelstm_5[2][0]            
                                                                   shareablelstm_7[2][0]            
                                                                   shareablelstm_9[2][0]            
                                                                   shareablelstm_11[2][0]           
                                                                   shareablelstm_13[2][0]           
                                                                   shareablelstm_15[2][0]           
                                                                   shareablelstm_17[2][0]           
                                                                   shareablelstm_19[2][0]           
                                                                   shareablelstm_21[2][0]           
                                                                   shareablelstm_23[2][0]           
                                                                   shareablelstm_25[2][0]           
____________________________________________________________________________________________________
dropout_1 (Dropout)              (None, 240)           0           merge_14[0][0]                   
____________________________________________________________________________________________________
dropout_2 (Dropout)              (None, 240)           0           merge_28[0][0]                   
____________________________________________________________________________________________________
dropout_3 (Dropout)              (None, 240)           0           merge_42[0][0]                   
____________________________________________________________________________________________________
merge_43 (Merge)                 (None, 720)           0           dropout_1[0][0]                  
                                                                   dropout_2[0][0]                  
                                                                   dropout_3[0][0]                  
____________________________________________________________________________________________________
dense_1 (Dense)                  (None, 80)            57680       merge_43[0][0]                   
____________________________________________________________________________________________________
srelu_1 (SReLU)                  (None, 80)            320         dense_1[0][0]                    
____________________________________________________________________________________________________
dropout_4 (Dropout)              (None, 80)            0           srelu_1[0][0]                    
____________________________________________________________________________________________________
dense_2 (Dense)                  (None, 23)            1863        dropout_4[0][0]                  
____________________________________________________________________________________________________
target (Activation)              (None, 23)            0           dense_2[0][0]                    
====================================================================================================
Total params: 980,751
Trainable params: 980,751
Non-trainable params: 0
____________________________________________________________________________________________________
[2019-03-08 09:01] initialize weights
[2019-03-08 09:01] training preparation
[2019-03-08 09:01] train model (ex/conll16st-v35-en-al-10-0)
Epoch 1/1000
12992/13056 [============================>.] - ETA: 0s - loss: 1.6913
- val_loss: 2.6978
- val_all_f1:  0.2202 0.2202 0.2202
- val_exp_f1:  0.2807 0.2807 0.2807
- val_non_f1:  0.1669 0.1669 0.1669

13056/13056 [==============================] - 42s - loss: 1.6909 - val_loss: 2.6978
Epoch 2/1000
12992/13056 [============================>.] - ETA: 0s - loss: 1.3015
- val_loss: 2.3626
- val_all_f1:  0.3274 0.3274 0.3274
- val_exp_f1:  0.5068 0.5068 0.5068
- val_non_f1:  0.1696 0.1696 0.1696

13056/13056 [==============================] - 50s - loss: 1.3020 - val_loss: 2.3626
Epoch 3/1000
12992/13056 [============================>.] - ETA: 0s - loss: 1.1820
- val_loss: 2.1577
- val_all_f1:  0.4134 0.4134 0.4134
- val_exp_f1:  0.5463 0.5463 0.5463
- val_non_f1:  0.2964 0.2964 0.2964

13056/13056 [==============================] - 45s - loss: 1.1816 - val_loss: 2.1577
Epoch 4/1000
12992/13056 [============================>.] - ETA: 0s - loss: 1.1567
- val_loss: 2.1807
- val_all_f1:  0.4048 0.4048 0.4048
- val_exp_f1:  0.5281 0.5281 0.5281
- val_non_f1:  0.2964 0.2964 0.2964

13056/13056 [==============================] - 44s - loss: 1.1562 - val_loss: 2.1807
Epoch 5/1000
12992/13056 [============================>.] - ETA: 0s - loss: 1.1385
- val_loss: 2.2097
- val_all_f1:  0.3771 0.3771 0.3771
- val_exp_f1:  0.5584 0.5584 0.5584
- val_non_f1:  0.2176 0.2176 0.2176

13056/13056 [==============================] - 44s - loss: 1.1396 - val_loss: 2.2097
Epoch 6/1000
12992/13056 [============================>.] - ETA: 0s - loss: 1.1141
- val_loss: 1.9864
- val_all_f1:  0.4254 0.4254 0.4254
- val_exp_f1:  0.5827 0.5827 0.5827
- val_non_f1:  0.2870 0.2870 0.2870

13056/13056 [==============================] - 44s - loss: 1.1144 - val_loss: 1.9864
Epoch 7/1000
12992/13056 [============================>.] - ETA: 0s - loss: 1.0729
- val_loss: 1.9865
- val_all_f1:  0.4730 0.4730 0.4730
- val_exp_f1:  0.6611 0.6571 0.6591
- val_non_f1:  0.3115 0.3111 0.3113

13056/13056 [==============================] - 43s - loss: 1.0738 - val_loss: 1.9865
Epoch 8/1000
12992/13056 [============================>.] - ETA: 0s - loss: 1.0528
- val_loss: 1.9282
- val_all_f1:  0.4616 0.4616 0.4616
- val_exp_f1:  0.6672 0.6662 0.6667
- val_non_f1:  0.2821 0.2817 0.2819

13056/13056 [==============================] - 43s - loss: 1.0549 - val_loss: 1.9282
Epoch 9/1000
12992/13056 [============================>.] - ETA: 0s - loss: 1.0361
- val_loss: 1.8216
- val_all_f1:  0.4759 0.4759 0.4759
- val_exp_f1:  0.7299 0.7299 0.7299
- val_non_f1:  0.2523 0.2523 0.2523

13056/13056 [==============================] - 43s - loss: 1.0365 - val_loss: 1.8216
Epoch 10/1000
12992/13056 [============================>.] - ETA: 0s - loss: 1.0231
- val_loss: 1.7107
- val_all_f1:  0.5185 0.5185 0.5185
- val_exp_f1:  0.7678 0.7678 0.7678
- val_non_f1:  0.2991 0.2991 0.2991

13056/13056 [==============================] - 43s - loss: 1.0223 - val_loss: 1.7107
Epoch 11/1000
12992/13056 [============================>.] - ETA: 0s - loss: 0.9957
- val_loss: 1.7098
- val_all_f1:  0.5185 0.5185 0.5185
- val_exp_f1:  0.7602 0.7602 0.7602
- val_non_f1:  0.3057 0.3057 0.3057

13056/13056 [==============================] - 43s - loss: 0.9969 - val_loss: 1.7098
Epoch 12/1000
12992/13056 [============================>.] - ETA: 0s - loss: 0.9631
- val_loss: 1.7379
- val_all_f1:  0.5156 0.5156 0.5156
- val_exp_f1:  0.7876 0.7876 0.7876
- val_non_f1:  0.2767 0.2764 0.2766

13056/13056 [==============================] - 43s - loss: 0.9640 - val_loss: 1.7379
Epoch 13/1000
12992/13056 [============================>.] - ETA: 0s - loss: 0.9806
- val_loss: 1.6751
- val_all_f1:  0.5284 0.5284 0.5284
- val_exp_f1:  0.7891 0.7891 0.7891
- val_non_f1:  0.2995 0.2991 0.2993

13056/13056 [==============================] - 43s - loss: 0.9810 - val_loss: 1.6751
Epoch 14/1000
12992/13056 [============================>.] - ETA: 0s - loss: 0.9853
- val_loss: 1.7366
- val_all_f1:  0.5170 0.5170 0.5170
- val_exp_f1:  0.7754 0.7754 0.7754
- val_non_f1:  0.2897 0.2897 0.2897

13056/13056 [==============================] - 43s - loss: 0.9836 - val_loss: 1.7366
Epoch 15/1000
12992/13056 [============================>.] - ETA: 0s - loss: 0.9658
- val_loss: 1.7814
- val_all_f1:  0.5170 0.5170 0.5170
- val_exp_f1:  0.8209 0.8209 0.8209
- val_non_f1:  0.2497 0.2497 0.2497

13056/13056 [==============================] - 43s - loss: 0.9657 - val_loss: 1.7814
Epoch 16/1000
12992/13056 [============================>.] - ETA: 0s - loss: 0.9538
- val_loss: 1.6458
- val_all_f1:  0.5518 0.5518 0.5518
- val_exp_f1:  0.8513 0.8513 0.8513
- val_non_f1:  0.2884 0.2884 0.2884

13056/13056 [==============================] - 43s - loss: 0.9533 - val_loss: 1.6458
Epoch 17/1000
12992/13056 [============================>.] - ETA: 0s - loss: 0.9235
- val_loss: 1.6454
- val_all_f1:  0.5412 0.5412 0.5412
- val_exp_f1:  0.8392 0.8392 0.8392
- val_non_f1:  0.2790 0.2790 0.2790

13056/13056 [==============================] - 43s - loss: 0.9238 - val_loss: 1.6454
Epoch 18/1000
12992/13056 [============================>.] - ETA: 0s - loss: 0.9213
- val_loss: 1.6052
- val_all_f1:  0.5653 0.5653 0.5653
- val_exp_f1:  0.8741 0.8741 0.8741
- val_non_f1:  0.2937 0.2937 0.2937

13056/13056 [==============================] - 43s - loss: 0.9206 - val_loss: 1.6052
Epoch 19/1000
12992/13056 [============================>.] - ETA: 0s - loss: 0.9315
- val_loss: 1.7202
- val_all_f1:  0.5320 0.5320 0.5320
- val_exp_f1:  0.8498 0.8498 0.8498
- val_non_f1:  0.2523 0.2523 0.2523

13056/13056 [==============================] - 42s - loss: 0.9320 - val_loss: 1.7202
Epoch 20/1000
12992/13056 [============================>.] - ETA: 0s - loss: 0.9404
- val_loss: 1.6311
- val_all_f1:  0.5540 0.5540 0.5540
- val_exp_f1:  0.8619 0.8619 0.8619
- val_non_f1:  0.2830 0.2830 0.2830

13056/13056 [==============================] - 42s - loss: 0.9411 - val_loss: 1.6311
Epoch 21/1000
12992/13056 [============================>.] - ETA: 0s - loss: 0.9153
- val_loss: 1.6269
- val_all_f1:  0.5575 0.5575 0.5575
- val_exp_f1:  0.8543 0.8543 0.8543
- val_non_f1:  0.2964 0.2964 0.2964

13056/13056 [==============================] - 43s - loss: 0.9155 - val_loss: 1.6269
Epoch 22/1000
12992/13056 [============================>.] - ETA: 0s - loss: 0.9137
- val_loss: 1.5544
- val_all_f1:  0.5739 0.5739 0.5739
- val_exp_f1:  0.8725 0.8725 0.8725
- val_non_f1:  0.3111 0.3111 0.3111

13056/13056 [==============================] - 43s - loss: 0.9148 - val_loss: 1.5544
Epoch 23/1000
12992/13056 [============================>.] - ETA: 0s - loss: 0.9143
- val_loss: 1.5569
- val_all_f1:  0.5639 0.5639 0.5639
- val_exp_f1:  0.8574 0.8574 0.8574
- val_non_f1:  0.3057 0.3057 0.3057

13056/13056 [==============================] - 43s - loss: 0.9138 - val_loss: 1.5569
Epoch 24/1000
12992/13056 [============================>.] - ETA: 0s - loss: 0.9007
- val_loss: 1.5566
- val_all_f1:  0.5625 0.5625 0.5625
- val_exp_f1:  0.8771 0.8771 0.8771
- val_non_f1:  0.2857 0.2857 0.2857

13056/13056 [==============================] - 43s - loss: 0.9008 - val_loss: 1.5566
Epoch 25/1000
12992/13056 [============================>.] - ETA: 0s - loss: 0.8803
- val_loss: 1.6351
- val_all_f1:  0.5518 0.5518 0.5518
- val_exp_f1:  0.8756 0.8756 0.8756
- val_non_f1:  0.2674 0.2670 0.2672

13056/13056 [==============================] - 43s - loss: 0.8808 - val_loss: 1.6351
Epoch 26/1000
12992/13056 [============================>.] - ETA: 0s - loss: 0.8906
- val_loss: 1.5523
- val_all_f1:  0.5760 0.5760 0.5760
- val_exp_f1:  0.8877 0.8877 0.8877
- val_non_f1:  0.3017 0.3017 0.3017

13056/13056 [==============================] - 43s - loss: 0.8902 - val_loss: 1.5523
Epoch 27/1000
12992/13056 [============================>.] - ETA: 0s - loss: 0.9076
- val_loss: 1.5179
- val_all_f1:  0.5639 0.5639 0.5639
- val_exp_f1:  0.8832 0.8832 0.8832
- val_non_f1:  0.2830 0.2830 0.2830

13056/13056 [==============================] - 43s - loss: 0.9084 - val_loss: 1.5179
Epoch 28/1000
12992/13056 [============================>.] - ETA: 0s - loss: 0.8876
- val_loss: 1.6029
- val_all_f1:  0.5597 0.5597 0.5597
- val_exp_f1:  0.8816 0.8816 0.8816
- val_non_f1:  0.2764 0.2764 0.2764

13056/13056 [==============================] - 42s - loss: 0.8875 - val_loss: 1.6029
Epoch 29/1000
12992/13056 [============================>.] - ETA: 0s - loss: 0.8866
- val_loss: 1.5417
- val_all_f1:  0.5689 0.5689 0.5689
- val_exp_f1:  0.8923 0.8923 0.8923
- val_non_f1:  0.2844 0.2844 0.2844

13056/13056 [==============================] - 42s - loss: 0.8875 - val_loss: 1.5417
Epoch 30/1000
12992/13056 [============================>.] - ETA: 0s - loss: 0.8620
- val_loss: 1.5265
- val_all_f1:  0.5774 0.5774 0.5774
- val_exp_f1:  0.8862 0.8862 0.8862
- val_non_f1:  0.3057 0.3057 0.3057

13056/13056 [==============================] - 43s - loss: 0.8618 - val_loss: 1.5265
Epoch 31/1000
12992/13056 [============================>.] - ETA: 0s - loss: 0.8696
- val_loss: 1.5694
- val_all_f1:  0.5724 0.5724 0.5724
- val_exp_f1:  0.8891 0.8877 0.8884
- val_non_f1:  0.2951 0.2951 0.2951

13056/13056 [==============================] - 42s - loss: 0.8705 - val_loss: 1.5694
Epoch 32/1000
12992/13056 [============================>.] - ETA: 0s - loss: 0.8791
- val_loss: 1.5039
- val_all_f1:  0.5632 0.5632 0.5632
- val_exp_f1:  0.8862 0.8862 0.8862
- val_non_f1:  0.2790 0.2790 0.2790

13056/13056 [==============================] - 42s - loss: 0.8794 - val_loss: 1.5039
Epoch 33/1000
12992/13056 [============================>.] - ETA: 0s - loss: 0.8651
- val_loss: 1.5697
- val_all_f1:  0.5405 0.5405 0.5405
- val_exp_f1:  0.8786 0.8786 0.8786
- val_non_f1:  0.2433 0.2430 0.2432

13056/13056 [==============================] - 42s - loss: 0.8650 - val_loss: 1.5697
Epoch 34/1000
12992/13056 [============================>.] - ETA: 0s - loss: 0.8653
- val_loss: 1.5705
- val_all_f1:  0.5760 0.5760 0.5760
- val_exp_f1:  0.8799 0.8786 0.8793
- val_non_f1:  0.3097 0.3097 0.3097

13056/13056 [==============================] - 42s - loss: 0.8643 - val_loss: 1.5705
Epoch 35/1000
12992/13056 [============================>.] - ETA: 0s - loss: 0.8573
- val_loss: 1.5267
- val_all_f1:  0.5774 0.5774 0.5774
- val_exp_f1:  0.8923 0.8923 0.8923
- val_non_f1:  0.3004 0.3004 0.3004

13056/13056 [==============================] - 42s - loss: 0.8565 - val_loss: 1.5267
Epoch 36/1000
12992/13056 [============================>.] - ETA: 0s - loss: 0.8509
- val_loss: 1.5444
- val_all_f1:  0.5795 0.5795 0.5795
- val_exp_f1:  0.8968 0.8968 0.8968
- val_non_f1:  0.3004 0.3004 0.3004

13056/13056 [==============================] - 43s - loss: 0.8516 - val_loss: 1.5444
Epoch 37/1000
12992/13056 [============================>.] - ETA: 0s - loss: 0.8657
- val_loss: 1.6209
- val_all_f1:  0.5547 0.5547 0.5547
- val_exp_f1:  0.8756 0.8756 0.8756
- val_non_f1:  0.2724 0.2724 0.2724

13056/13056 [==============================] - 42s - loss: 0.8660 - val_loss: 1.6209
Epoch 38/1000
12992/13056 [============================>.] - ETA: 0s - loss: 0.8735
- val_loss: 1.5462
- val_all_f1:  0.5696 0.5696 0.5696
- val_exp_f1:  0.8968 0.8968 0.8968
- val_non_f1:  0.2817 0.2817 0.2817

13056/13056 [==============================] - 42s - loss: 0.8724 - val_loss: 1.5462
Epoch 39/1000
12992/13056 [============================>.] - ETA: 0s - loss: 0.8524
- val_loss: 1.5014
- val_all_f1:  0.5803 0.5803 0.5803
- val_exp_f1:  0.8923 0.8923 0.8923
- val_non_f1:  0.3057 0.3057 0.3057

13056/13056 [==============================] - 42s - loss: 0.8525 - val_loss: 1.5014
Epoch 40/1000
12992/13056 [============================>.] - ETA: 0s - loss: 0.8567
- val_loss: 1.5539
- val_all_f1:  0.5774 0.5774 0.5774
- val_exp_f1:  0.8892 0.8892 0.8892
- val_non_f1:  0.3031 0.3031 0.3031

13056/13056 [==============================] - 42s - loss: 0.8578 - val_loss: 1.5539
Epoch 41/1000
12992/13056 [============================>.] - ETA: 0s - loss: 0.8335
- val_loss: 1.6237
- val_all_f1:  0.5774 0.5774 0.5774
- val_exp_f1:  0.8968 0.8968 0.8968
- val_non_f1:  0.2964 0.2964 0.2964

13056/13056 [==============================] - 42s - loss: 0.8341 - val_loss: 1.6237
Epoch 42/1000
12992/13056 [============================>.] - ETA: 0s - loss: 0.8211
- val_loss: 1.5853
- val_all_f1:  0.5554 0.5554 0.5554
- val_exp_f1:  0.8907 0.8907 0.8907
- val_non_f1:  0.2603 0.2603 0.2603

13056/13056 [==============================] - 43s - loss: 0.8203 - val_loss: 1.5853
Epoch 43/1000
12992/13056 [============================>.] - ETA: 0s - loss: 0.8395
- val_loss: 1.5834
- val_all_f1:  0.5824 0.5824 0.5824
- val_exp_f1:  0.8953 0.8953 0.8953
- val_non_f1:  0.3071 0.3071 0.3071

13056/13056 [==============================] - 42s - loss: 0.8410 - val_loss: 1.5834
Epoch 44/1000
12992/13056 [============================>.] - ETA: 0s - loss: 0.8374
- val_loss: 1.5268
- val_all_f1:  0.5824 0.5824 0.5824
- val_exp_f1:  0.9014 0.9014 0.9014
- val_non_f1:  0.3017 0.3017 0.3017

13056/13056 [==============================] - 42s - loss: 0.8373 - val_loss: 1.5268
Epoch 45/1000
12992/13056 [============================>.] - ETA: 0s - loss: 0.8198
- val_loss: 1.5036
- val_all_f1:  0.5732 0.5732 0.5732
- val_exp_f1:  0.8983 0.8983 0.8983
- val_non_f1:  0.2870 0.2870 0.2870

13056/13056 [==============================] - 42s - loss: 0.8185 - val_loss: 1.5036
Epoch 46/1000
12992/13056 [============================>.] - ETA: 0s - loss: 0.8398
- val_loss: 1.5120
- val_all_f1:  0.5881 0.5881 0.5881
- val_exp_f1:  0.8998 0.8998 0.8998
- val_non_f1:  0.3138 0.3138 0.3138

13056/13056 [==============================] - 42s - loss: 0.8410 - val_loss: 1.5120
Epoch 47/1000
12992/13056 [============================>.] - ETA: 0s - loss: 0.8317
- val_loss: 1.4825
- val_all_f1:  0.5966 0.5966 0.5966
- val_exp_f1:  0.9014 0.9014 0.9014
- val_non_f1:  0.3284 0.3284 0.3284

13056/13056 [==============================] - 43s - loss: 0.8317 - val_loss: 1.4825
Epoch 48/1000
12992/13056 [============================>.] - ETA: 0s - loss: 0.8690
- val_loss: 1.5233
- val_all_f1:  0.5916 0.5916 0.5916
- val_exp_f1:  0.8953 0.8953 0.8953
- val_non_f1:  0.3244 0.3244 0.3244

13056/13056 [==============================] - 42s - loss: 0.8704 - val_loss: 1.5233
Epoch 49/1000
12992/13056 [============================>.] - ETA: 0s - loss: 0.8314
- val_loss: 1.5040
- val_all_f1:  0.5923 0.5923 0.5923
- val_exp_f1:  0.8998 0.8998 0.8998
- val_non_f1:  0.3218 0.3218 0.3218

13056/13056 [==============================] - 42s - loss: 0.8328 - val_loss: 1.5040
Epoch 50/1000
12992/13056 [============================>.] - ETA: 0s - loss: 0.8484
- val_loss: 1.5706
- val_all_f1:  0.5724 0.5724 0.5724
- val_exp_f1:  0.8771 0.8771 0.8771
- val_non_f1:  0.3044 0.3044 0.3044

13056/13056 [==============================] - 42s - loss: 0.8476 - val_loss: 1.5706
Epoch 51/1000
12992/13056 [============================>.] - ETA: 0s - loss: 0.7840
- val_loss: 1.5533
- val_all_f1:  0.5866 0.5866 0.5866
- val_exp_f1:  0.8983 0.8983 0.8983
- val_non_f1:  0.3124 0.3124 0.3124

13056/13056 [==============================] - 42s - loss: 0.7865 - val_loss: 1.5533
Epoch 52/1000
12992/13056 [============================>.] - ETA: 0s - loss: 0.8008
- val_loss: 1.6743
- val_all_f1:  0.5575 0.5575 0.5575
- val_exp_f1:  0.8786 0.8786 0.8786
- val_non_f1:  0.2750 0.2750 0.2750

13056/13056 [==============================] - 42s - loss: 0.8006 - val_loss: 1.6743
Epoch 53/1000
12992/13056 [============================>.] - ETA: 0s - loss: 0.8293
- val_loss: 1.6321
- val_all_f1:  0.5618 0.5618 0.5618
- val_exp_f1:  0.8816 0.8816 0.8816
- val_non_f1:  0.2804 0.2804 0.2804

13056/13056 [==============================] - 42s - loss: 0.8280 - val_loss: 1.6321
Epoch 54/1000
12992/13056 [============================>.] - ETA: 0s - loss: 0.8039
- val_loss: 1.6428
- val_all_f1:  0.5597 0.5597 0.5597
- val_exp_f1:  0.8786 0.8786 0.8786
- val_non_f1:  0.2790 0.2790 0.2790

13056/13056 [==============================] - 42s - loss: 0.8039 - val_loss: 1.6428
Epoch 55/1000
12992/13056 [============================>.] - ETA: 0s - loss: 0.8116
- val_loss: 1.5398
- val_all_f1:  0.5767 0.5767 0.5767
- val_exp_f1:  0.8983 0.8983 0.8983
- val_non_f1:  0.2937 0.2937 0.2937

13056/13056 [==============================] - 42s - loss: 0.8119 - val_loss: 1.5398
Epoch 56/1000
12992/13056 [============================>.] - ETA: 0s - loss: 0.8124
- val_loss: 1.6420
- val_all_f1:  0.5668 0.5668 0.5668
- val_exp_f1:  0.8847 0.8847 0.8847
- val_non_f1:  0.2870 0.2870 0.2870

13056/13056 [==============================] - 42s - loss: 0.8145 - val_loss: 1.6420
Epoch 57/1000
12992/13056 [============================>.] - ETA: 0s - loss: 0.8100
- val_loss: 1.5168
- val_all_f1:  0.5803 0.5803 0.5803
- val_exp_f1:  0.8877 0.8877 0.8877
- val_non_f1:  0.3097 0.3097 0.3097

13056/13056 [==============================] - 42s - loss: 0.8102 - val_loss: 1.5168
Epoch 58/1000
12992/13056 [============================>.] - ETA: 0s - loss: 0.8051
- val_loss: 1.6145
- val_all_f1:  0.5611 0.5611 0.5611
- val_exp_f1:  0.8953 0.8953 0.8953
- val_non_f1:  0.2670 0.2670 0.2670

13056/13056 [==============================] - 42s - loss: 0.8055 - val_loss: 1.6145
Epoch 59/1000
12992/13056 [============================>.] - ETA: 0s - loss: 0.7974
- val_loss: 1.4899
- val_all_f1:  0.5881 0.5881 0.5881
- val_exp_f1:  0.9059 0.9059 0.9059
- val_non_f1:  0.3084 0.3084 0.3084

13056/13056 [==============================] - 42s - loss: 0.7970 - val_loss: 1.4899
Epoch 60/1000
12992/13056 [============================>.] - ETA: 0s - loss: 0.7908
- val_loss: 1.5486
- val_all_f1:  0.5781 0.5781 0.5781
- val_exp_f1:  0.8938 0.8938 0.8938
- val_non_f1:  0.3004 0.3004 0.3004

13056/13056 [==============================] - 42s - loss: 0.7902 - val_loss: 1.5486
Epoch 61/1000
12992/13056 [============================>.] - ETA: 0s - loss: 0.7982
- val_loss: 1.5349
- val_all_f1:  0.5831 0.5831 0.5831
- val_exp_f1:  0.9029 0.9029 0.9029
- val_non_f1:  0.3017 0.3017 0.3017

13056/13056 [==============================] - 42s - loss: 0.7982 - val_loss: 1.5349
Epoch 62/1000
12992/13056 [============================>.] - ETA: 0s - loss: 0.7706
- val_loss: 1.5051
- val_all_f1:  0.5888 0.5888 0.5888
- val_exp_f1:  0.8938 0.8938 0.8938
- val_non_f1:  0.3204 0.3204 0.3204

13056/13056 [==============================] - 42s - loss: 0.7703 - val_loss: 1.5051
Epoch 63/1000
12992/13056 [============================>.] - ETA: 0s - loss: 0.7613
- val_loss: 1.5718
- val_all_f1:  0.5724 0.5724 0.5724
- val_exp_f1:  0.8741 0.8741 0.8741
- val_non_f1:  0.3071 0.3071 0.3071

13056/13056 [==============================] - 42s - loss: 0.7615 - val_loss: 1.5718
Epoch 64/1000
12992/13056 [============================>.] - ETA: 0s - loss: 0.7738
- val_loss: 1.5325
- val_all_f1:  0.5746 0.5746 0.5746
- val_exp_f1:  0.8953 0.8953 0.8953
- val_non_f1:  0.2924 0.2924 0.2924

13056/13056 [==============================] - 42s - loss: 0.7743 - val_loss: 1.5325
Epoch 65/1000
12992/13056 [============================>.] - ETA: 0s - loss: 0.7632
- val_loss: 1.5168
- val_all_f1:  0.5852 0.5852 0.5852
- val_exp_f1:  0.9044 0.9044 0.9044
- val_non_f1:  0.3044 0.3044 0.3044

13056/13056 [==============================] - 42s - loss: 0.7643 - val_loss: 1.5168
Epoch 66/1000
12992/13056 [============================>.] - ETA: 0s - loss: 0.7908
- val_loss: 1.5729
- val_all_f1:  0.5739 0.5739 0.5739
- val_exp_f1:  0.8892 0.8892 0.8892
- val_non_f1:  0.2964 0.2964 0.2964

13056/13056 [==============================] - 42s - loss: 0.7908 - val_loss: 1.5729
Epoch 67/1000
12992/13056 [============================>.] - ETA: 0s - loss: 0.7894
- val_loss: 1.5911
- val_all_f1:  0.5746 0.5746 0.5746
- val_exp_f1:  0.8968 0.8968 0.8968
- val_non_f1:  0.2911 0.2911 0.2911

13056/13056 [==============================] - 42s - loss: 0.7892 - val_loss: 1.5911
Epoch 68/1000
12992/13056 [============================>.] - ETA: 0s - loss: 0.7829
- val_loss: 1.5375
- val_all_f1:  0.5845 0.5845 0.5845
- val_exp_f1:  0.9014 0.9014 0.9014
- val_non_f1:  0.3057 0.3057 0.3057

13056/13056 [==============================] - 42s - loss: 0.7822 - val_loss: 1.5375
Epoch 69/1000
12992/13056 [============================>.] - ETA: 0s - loss: 0.7759
- val_loss: 1.6033
- val_all_f1:  0.5767 0.5767 0.5767
- val_exp_f1:  0.8968 0.8968 0.8968
- val_non_f1:  0.2951 0.2951 0.2951

13056/13056 [==============================] - 42s - loss: 0.7768 - val_loss: 1.6033
Epoch 70/1000
12992/13056 [============================>.] - ETA: 0s - loss: 0.7522
- val_loss: 1.6397
- val_all_f1:  0.5710 0.5710 0.5710
- val_exp_f1:  0.8741 0.8741 0.8741
- val_non_f1:  0.3052 0.3044 0.3048

13056/13056 [==============================] - 42s - loss: 0.7521 - val_loss: 1.6397
Epoch 71/1000
12992/13056 [============================>.] - ETA: 0s - loss: 0.7273
- val_loss: 1.5662
- val_all_f1:  0.5746 0.5746 0.5746
- val_exp_f1:  0.8923 0.8923 0.8923
- val_non_f1:  0.2951 0.2951 0.2951

13056/13056 [==============================] - 42s - loss: 0.7262 - val_loss: 1.5662
Epoch 72/1000
12992/13056 [============================>.] - ETA: 0s - loss: 0.7259
- val_loss: 1.6323
- val_all_f1:  0.5774 0.5774 0.5774
- val_exp_f1:  0.8847 0.8847 0.8847
- val_non_f1:  0.3071 0.3071 0.3071

13056/13056 [==============================] - 42s - loss: 0.7254 - val_loss: 1.6323
Epoch 73/1000
12992/13056 [============================>.] - ETA: 0s - loss: 0.7679
- val_loss: 1.6275
- val_all_f1:  0.5767 0.5767 0.5767
- val_exp_f1:  0.8968 0.8968 0.8968
- val_non_f1:  0.2951 0.2951 0.2951

13056/13056 [==============================] - 42s - loss: 0.7667 - val_loss: 1.6275
Epoch 74/1000
12992/13056 [============================>.] - ETA: 0s - loss: 0.7265
- val_loss: 1.5958
- val_all_f1:  0.5639 0.5639 0.5639
- val_exp_f1:  0.8589 0.8589 0.8589
- val_non_f1:  0.3044 0.3044 0.3044

13056/13056 [==============================] - 42s - loss: 0.7273 - val_loss: 1.5958
Epoch 75/1000
12992/13056 [============================>.] - ETA: 0s - loss: 0.7459
- val_loss: 1.6366
- val_all_f1:  0.5795 0.5795 0.5795
- val_exp_f1:  0.8983 0.8983 0.8983
- val_non_f1:  0.2991 0.2991 0.2991

13056/13056 [==============================] - 42s - loss: 0.7458 - val_loss: 1.6366
Epoch 76/1000
12992/13056 [============================>.] - ETA: 0s - loss: 0.7387
- val_loss: 1.6114
- val_all_f1:  0.5781 0.5781 0.5781
- val_exp_f1:  0.8907 0.8907 0.8907
- val_non_f1:  0.3031 0.3031 0.3031

13056/13056 [==============================] - 42s - loss: 0.7389 - val_loss: 1.6114
Epoch 77/1000
12992/13056 [============================>.] - ETA: 0s - loss: 0.7426
- val_loss: 1.5730
- val_all_f1:  0.5838 0.5838 0.5838
- val_exp_f1:  0.8983 0.8983 0.8983
- val_non_f1:  0.3071 0.3071 0.3071

13056/13056 [==============================] - 42s - loss: 0.7425 - val_loss: 1.5730
Epoch 78/1000
12992/13056 [============================>.] - ETA: 0s - loss: 0.7513
- val_loss: 1.5709
- val_all_f1:  0.5696 0.5696 0.5696
- val_exp_f1:  0.8983 0.8983 0.8983
- val_non_f1:  0.2804 0.2804 0.2804

13056/13056 [==============================] - 42s - loss: 0.7510 - val_loss: 1.5709
Epoch 79/1000
12992/13056 [============================>.] - ETA: 0s - loss: 0.7394
- val_loss: 1.5847
- val_all_f1:  0.5795 0.5795 0.5795
- val_exp_f1:  0.8907 0.8907 0.8907
- val_non_f1:  0.3057 0.3057 0.3057

13056/13056 [==============================] - 42s - loss: 0.7392 - val_loss: 1.5847
Epoch 80/1000
12992/13056 [============================>.] - ETA: 0s - loss: 0.7344
- val_loss: 1.6101
- val_all_f1:  0.5767 0.5767 0.5767
- val_exp_f1:  0.8923 0.8923 0.8923
- val_non_f1:  0.2991 0.2991 0.2991

13056/13056 [==============================] - 42s - loss: 0.7326 - val_loss: 1.6101
Epoch 81/1000
12992/13056 [============================>.] - ETA: 0s - loss: 0.6995
- val_loss: 1.6218
- val_all_f1:  0.5803 0.5803 0.5803
- val_exp_f1:  0.8923 0.8923 0.8923
- val_non_f1:  0.3057 0.3057 0.3057

13056/13056 [==============================] - 42s - loss: 0.6987 - val_loss: 1.6218
Epoch 82/1000
12992/13056 [============================>.] - ETA: 0s - loss: 0.6983
- val_loss: 1.6777
- val_all_f1:  0.5639 0.5639 0.5639
- val_exp_f1:  0.8786 0.8786 0.8786
- val_non_f1:  0.2870 0.2870 0.2870

13056/13056 [==============================] - 42s - loss: 0.6966 - val_loss: 1.6777
Epoch 83/1000
12992/13056 [============================>.] - ETA: 0s - loss: 0.7315
- val_loss: 1.6707
- val_all_f1:  0.5582 0.5582 0.5582
- val_exp_f1:  0.8665 0.8665 0.8665
- val_non_f1:  0.2870 0.2870 0.2870

13056/13056 [==============================] - 42s - loss: 0.7329 - val_loss: 1.6707
Epoch 84/1000
12992/13056 [============================>.] - ETA: 0s - loss: 0.7063
- val_loss: 1.5487
- val_all_f1:  0.5824 0.5824 0.5824
- val_exp_f1:  0.8816 0.8816 0.8816
- val_non_f1:  0.3191 0.3191 0.3191

13056/13056 [==============================] - 42s - loss: 0.7065 - val_loss: 1.5487
Epoch 85/1000
12992/13056 [============================>.] - ETA: 0s - loss: 0.7339
- val_loss: 1.6086
- val_all_f1:  0.5653 0.5653 0.5653
- val_exp_f1:  0.8771 0.8771 0.8771
- val_non_f1:  0.2911 0.2911 0.2911

13056/13056 [==============================] - 42s - loss: 0.7331 - val_loss: 1.6086
Epoch 86/1000
12992/13056 [============================>.] - ETA: 0s - loss: 0.7185
- val_loss: 1.6505
- val_all_f1:  0.5653 0.5653 0.5653
- val_exp_f1:  0.8680 0.8680 0.8680
- val_non_f1:  0.2991 0.2991 0.2991

13056/13056 [==============================] - 42s - loss: 0.7169 - val_loss: 1.6505
Epoch 87/1000
12992/13056 [============================>.] - ETA: 0s - loss: 0.7132
- val_loss: 1.6236
- val_all_f1:  0.5668 0.5668 0.5668
- val_exp_f1:  0.8665 0.8665 0.8665
- val_non_f1:  0.3031 0.3031 0.3031

13056/13056 [==============================] - 42s - loss: 0.7129 - val_loss: 1.6236
Epoch 88/1000
12992/13056 [============================>.] - ETA: 0s - loss: 0.7189
- val_loss: 1.6234
- val_all_f1:  0.5746 0.5746 0.5746
- val_exp_f1:  0.8771 0.8771 0.8771
- val_non_f1:  0.3084 0.3084 0.3084

13056/13056 [==============================] - 42s - loss: 0.7188 - val_loss: 1.6234
Epoch 89/1000
12992/13056 [============================>.] - ETA: 0s - loss: 0.7165
- val_loss: 1.5677
- val_all_f1:  0.5746 0.5746 0.5746
- val_exp_f1:  0.8847 0.8847 0.8847
- val_non_f1:  0.3017 0.3017 0.3017

13056/13056 [==============================] - 42s - loss: 0.7159 - val_loss: 1.5677
Epoch 90/1000
12992/13056 [============================>.] - ETA: 0s - loss: 0.7077
- val_loss: 1.5676
- val_all_f1:  0.5810 0.5810 0.5810
- val_exp_f1:  0.8771 0.8771 0.8771
- val_non_f1:  0.3209 0.3204 0.3206

13056/13056 [==============================] - 42s - loss: 0.7073 - val_loss: 1.5676
Epoch 91/1000
12992/13056 [============================>.] - ETA: 0s - loss: 0.6820
- val_loss: 1.7095
- val_all_f1:  0.5582 0.5582 0.5582
- val_exp_f1:  0.8771 0.8771 0.8771
- val_non_f1:  0.2777 0.2777 0.2777

13056/13056 [==============================] - 42s - loss: 0.6816 - val_loss: 1.7095
Epoch 92/1000
12992/13056 [============================>.] - ETA: 0s - loss: 0.6956
- val_loss: 1.6613
- val_all_f1:  0.5646 0.5646 0.5646
- val_exp_f1:  0.8847 0.8847 0.8847
- val_non_f1:  0.2834 0.2830 0.2832

13056/13056 [==============================] - 42s - loss: 0.6952 - val_loss: 1.6613
Epoch 93/1000
12992/13056 [============================>.] - ETA: 0s - loss: 0.6786
- val_loss: 1.5740
- val_all_f1:  0.5781 0.5781 0.5781
- val_exp_f1:  0.8847 0.8847 0.8847
- val_non_f1:  0.3084 0.3084 0.3084

13056/13056 [==============================] - 42s - loss: 0.6778 - val_loss: 1.5740
Epoch 94/1000
12992/13056 [============================>.] - ETA: 0s - loss: 0.6872
- val_loss: 1.6805
- val_all_f1:  0.5696 0.5696 0.5696
- val_exp_f1:  0.8589 0.8589 0.8589
- val_non_f1:  0.3155 0.3151 0.3153

13056/13056 [==============================] - 42s - loss: 0.6872 - val_loss: 1.6805
Epoch 95/1000
12992/13056 [============================>.] - ETA: 0s - loss: 0.6962
- val_loss: 1.6303
- val_all_f1:  0.5717 0.5717 0.5717
- val_exp_f1:  0.8816 0.8816 0.8816
- val_non_f1:  0.2991 0.2991 0.2991

13056/13056 [==============================] - 42s - loss: 0.6946 - val_loss: 1.6303
Epoch 96/1000
12992/13056 [============================>.] - ETA: 0s - loss: 0.7015
- val_loss: 1.5830
- val_all_f1:  0.5746 0.5746 0.5746
- val_exp_f1:  0.8756 0.8756 0.8756
- val_non_f1:  0.3097 0.3097 0.3097

13056/13056 [==============================] - 42s - loss: 0.7008 - val_loss: 1.5830
Epoch 97/1000
12992/13056 [============================>.] - ETA: 0s - loss: 0.7041
- val_loss: 1.6659
- val_all_f1:  0.5682 0.5682 0.5682
- val_exp_f1:  0.8786 0.8786 0.8786
- val_non_f1:  0.2951 0.2951 0.2951

13056/13056 [==============================] - 42s - loss: 0.7043 - val_loss: 1.6659
Epoch 98/1000
12992/13056 [============================>.] - ETA: 0s - loss: 0.6998
- val_loss: 1.6490
- val_all_f1:  0.5703 0.5703 0.5703
- val_exp_f1:  0.8832 0.8832 0.8832
- val_non_f1:  0.2955 0.2951 0.2953

13056/13056 [==============================] - 42s - loss: 0.6998 - val_loss: 1.6490
Epoch 99/1000
12992/13056 [============================>.] - ETA: 0s - loss: 0.6915
- val_loss: 1.6306
- val_all_f1:  0.5696 0.5696 0.5696
- val_exp_f1:  0.8756 0.8756 0.8756
- val_non_f1:  0.3004 0.3004 0.3004

13056/13056 [==============================] - 42s - loss: 0.6906 - val_loss: 1.6306
Epoch 100/1000
12992/13056 [============================>.] - ETA: 0s - loss: 0.6870
- val_loss: 1.7557
- val_all_f1:  0.5504 0.5504 0.5504
- val_exp_f1:  0.8543 0.8543 0.8543
- val_non_f1:  0.2830 0.2830 0.2830

13056/13056 [==============================] - 42s - loss: 0.6875 - val_loss: 1.7557
Epoch 101/1000
12992/13056 [============================>.] - ETA: 0s - loss: 0.6469
- val_loss: 1.6941
- val_all_f1:  0.5540 0.5540 0.5540
- val_exp_f1:  0.8558 0.8558 0.8558
- val_non_f1:  0.2884 0.2884 0.2884

13056/13056 [==============================] - 42s - loss: 0.6469 - val_loss: 1.6941
Epoch 102/1000
12992/13056 [============================>.] - ETA: 0s - loss: 0.6560
- val_loss: 1.7075
- val_all_f1:  0.5653 0.5653 0.5653
- val_exp_f1:  0.8771 0.8771 0.8771
- val_non_f1:  0.2914 0.2911 0.2912

13056/13056 [==============================] - 42s - loss: 0.6558 - val_loss: 1.7075
Epoch 103/1000
12992/13056 [============================>.] - ETA: 0s - loss: 0.6888
- val_loss: 1.7733
- val_all_f1:  0.5604 0.5604 0.5604
- val_exp_f1:  0.8816 0.8816 0.8816
- val_non_f1:  0.2777 0.2777 0.2777

13056/13056 [==============================] - 42s - loss: 0.6891 - val_loss: 1.7733
Epoch 104/1000
12992/13056 [============================>.] - ETA: 0s - loss: 0.6496
- val_loss: 1.7100
- val_all_f1:  0.5604 0.5604 0.5604
- val_exp_f1:  0.8723 0.8710 0.8717
- val_non_f1:  0.2870 0.2870 0.2870

13056/13056 [==============================] - 42s - loss: 0.6493 - val_loss: 1.7100
Epoch 105/1000
12992/13056 [============================>.] - ETA: 0s - loss: 0.6646
- val_loss: 1.7849
- val_all_f1:  0.5511 0.5511 0.5511
- val_exp_f1:  0.8649 0.8649 0.8649
- val_non_f1:  0.2750 0.2750 0.2750

13056/13056 [==============================] - 42s - loss: 0.6644 - val_loss: 1.7849
Epoch 106/1000
12992/13056 [============================>.] - ETA: 0s - loss: 0.6675
- val_loss: 1.7138
- val_all_f1:  0.5632 0.5632 0.5632
- val_exp_f1:  0.8767 0.8741 0.8754
- val_non_f1:  0.2901 0.2897 0.2899

13056/13056 [==============================] - 42s - loss: 0.6668 - val_loss: 1.7138
Epoch 107/1000
12992/13056 [============================>.] - ETA: 0s - loss: 0.6935
- val_loss: 1.8660
- val_all_f1:  0.5504 0.5504 0.5504
- val_exp_f1:  0.8801 0.8801 0.8801
- val_non_f1:  0.2603 0.2603 0.2603

13056/13056 [==============================] - 42s - loss: 0.6938 - val_loss: 1.8660
Epoch 108/1000
12992/13056 [============================>.] - ETA: 0s - loss: 0.6658
- val_loss: 1.8387
- val_all_f1:  0.5440 0.5440 0.5440
- val_exp_f1:  0.8513 0.8513 0.8513
- val_non_f1:  0.2737 0.2737 0.2737

13056/13056 [==============================] - 42s - loss: 0.6657 - val_loss: 1.8387
Epoch 109/1000
12992/13056 [============================>.] - ETA: 0s - loss: 0.6849
- val_loss: 1.6819
- val_all_f1:  0.5661 0.5661 0.5661
- val_exp_f1:  0.8830 0.8816 0.8823
- val_non_f1:  0.2884 0.2884 0.2884

13056/13056 [==============================] - 42s - loss: 0.6849 - val_loss: 1.6819
Epoch 110/1000
12992/13056 [============================>.] - ETA: 0s - loss: 0.6495
- val_loss: 1.8514
- val_all_f1:  0.5483 0.5483 0.5483
- val_exp_f1:  0.8528 0.8528 0.8528
- val_non_f1:  0.2804 0.2804 0.2804

13056/13056 [==============================] - 42s - loss: 0.6486 - val_loss: 1.8514
Epoch 111/1000
12992/13056 [============================>.] - ETA: 0s - loss: 0.6368
- val_loss: 1.7867
- val_all_f1:  0.5561 0.5561 0.5561
- val_exp_f1:  0.8771 0.8771 0.8771
- val_non_f1:  0.2737 0.2737 0.2737

13056/13056 [==============================] - 42s - loss: 0.6378 - val_loss: 1.7867
Epoch 112/1000
12992/13056 [============================>.] - ETA: 0s - loss: 0.6345
- val_loss: 1.7491
- val_all_f1:  0.5668 0.5668 0.5668
- val_exp_f1:  0.8786 0.8786 0.8786
- val_non_f1:  0.2924 0.2924 0.2924

13056/13056 [==============================] - 42s - loss: 0.6349 - val_loss: 1.7491
Epoch 113/1000
12992/13056 [============================>.] - ETA: 0s - loss: 0.6582
- val_loss: 1.7946
- val_all_f1:  0.5355 0.5355 0.5355
- val_exp_f1:  0.8316 0.8316 0.8316
- val_non_f1:  0.2750 0.2750 0.2750

13056/13056 [==============================] - 42s - loss: 0.6576 - val_loss: 1.7946
Epoch 114/1000
12992/13056 [============================>.] - ETA: 0s - loss: 0.6659
- val_loss: 1.8659
- val_all_f1:  0.5469 0.5469 0.5469
- val_exp_f1:  0.8663 0.8649 0.8656
- val_non_f1:  0.2681 0.2670 0.2676

13056/13056 [==============================] - 42s - loss: 0.6662 - val_loss: 1.8659
Epoch 115/1000
12992/13056 [============================>.] - ETA: 0s - loss: 0.6519
- val_loss: 1.6798
- val_all_f1:  0.5703 0.5703 0.5703
- val_exp_f1:  0.8847 0.8847 0.8847
- val_non_f1:  0.2941 0.2937 0.2939

13056/13056 [==============================] - 42s - loss: 0.6523 - val_loss: 1.6798
Epoch 116/1000
12992/13056 [============================>.] - ETA: 0s - loss: 0.6849
- val_loss: 1.8810
- val_all_f1:  0.5455 0.5455 0.5455
- val_exp_f1:  0.8589 0.8589 0.8589
- val_non_f1:  0.2697 0.2697 0.2697

13056/13056 [==============================] - 42s - loss: 0.6852 - val_loss: 1.8810
Epoch 117/1000
12992/13056 [============================>.] - ETA: 0s - loss: 0.6604
- val_loss: 1.8794
- val_all_f1:  0.5625 0.5625 0.5625
- val_exp_f1:  0.8665 0.8665 0.8665
- val_non_f1:  0.2959 0.2951 0.2955

13056/13056 [==============================] - 42s - loss: 0.6607 - val_loss: 1.8794
Epoch 118/1000
12992/13056 [============================>.] - ETA: 0s - loss: 0.6530
- val_loss: 1.9063
- val_all_f1:  0.5469 0.5469 0.5469
- val_exp_f1:  0.8663 0.8649 0.8656
- val_non_f1:  0.2670 0.2670 0.2670

13056/13056 [==============================] - 42s - loss: 0.6527 - val_loss: 1.9063
Epoch 119/1000
12992/13056 [============================>.] - ETA: 0s - loss: 0.6545
- val_loss: 1.8053
- val_all_f1:  0.5561 0.5561 0.5561
- val_exp_f1:  0.8708 0.8695 0.8702
- val_non_f1:  0.2804 0.2804 0.2804

13056/13056 [==============================] - 42s - loss: 0.6539 - val_loss: 1.8053
Epoch 120/1000
12992/13056 [============================>.] - ETA: 0s - loss: 0.6667
- val_loss: 1.7487
- val_all_f1:  0.5611 0.5611 0.5611
- val_exp_f1:  0.8741 0.8741 0.8741
- val_non_f1:  0.2857 0.2857 0.2857

13056/13056 [==============================] - 42s - loss: 0.6667 - val_loss: 1.7487
Epoch 121/1000
12992/13056 [============================>.] - ETA: 0s - loss: 0.6128
- val_loss: 1.9106
- val_all_f1:  0.5412 0.5412 0.5412
- val_exp_f1:  0.8511 0.8498 0.8504
- val_non_f1:  0.2697 0.2697 0.2697

13056/13056 [==============================] - 42s - loss: 0.6135 - val_loss: 1.9106
Epoch 122/1000
12992/13056 [============================>.] - ETA: 0s - loss: 0.6489
- val_loss: 1.7757
- val_all_f1:  0.5653 0.5653 0.5653
- val_exp_f1:  0.8739 0.8725 0.8732
- val_non_f1:  0.2955 0.2951 0.2953

13056/13056 [==============================] - 49s - loss: 0.6507 - val_loss: 1.7757
Epoch 123/1000
12992/13056 [============================>.] - ETA: 0s - loss: 0.6397
- val_loss: 1.7511
- val_all_f1:  0.5490 0.5490 0.5490
- val_exp_f1:  0.8541 0.8528 0.8535
- val_non_f1:  0.2817 0.2817 0.2817

13056/13056 [==============================] - 42s - loss: 0.6398 - val_loss: 1.7511
Epoch 124/1000
12992/13056 [============================>.] - ETA: 0s - loss: 0.6285
- val_loss: 1.9006
- val_all_f1:  0.5447 0.5447 0.5447
- val_exp_f1:  0.8571 0.8558 0.8565
- val_non_f1:  0.2714 0.2710 0.2712

13056/13056 [==============================] - 42s - loss: 0.6278 - val_loss: 1.9006
Epoch 125/1000
12992/13056 [============================>.] - ETA: 0s - loss: 0.6532
- val_loss: 1.7271
- val_all_f1:  0.5582 0.5582 0.5582
- val_exp_f1:  0.8634 0.8634 0.8634
- val_non_f1:  0.2901 0.2897 0.2899

13056/13056 [==============================] - 42s - loss: 0.6531 - val_loss: 1.7271
Epoch 126/1000
12992/13056 [============================>.] - ETA: 0s - loss: 0.6383
- val_loss: 1.8753
- val_all_f1:  0.5412 0.5412 0.5412
- val_exp_f1:  0.8374 0.8361 0.8368
- val_non_f1:  0.2817 0.2817 0.2817

13056/13056 [==============================] - 42s - loss: 0.6389 - val_loss: 1.8753
Epoch 127/1000
12992/13056 [============================>.] - ETA: 0s - loss: 0.6123
- val_loss: 1.7124
- val_all_f1:  0.5732 0.5732 0.5732
- val_exp_f1:  0.8832 0.8832 0.8832
- val_non_f1:  0.3012 0.3004 0.3008

13056/13056 [==============================] - 42s - loss: 0.6108 - val_loss: 1.7124
Epoch 128/1000
12992/13056 [============================>.] - ETA: 0s - loss: 0.6288
- val_loss: 1.8573
- val_all_f1:  0.5561 0.5561 0.5561
- val_exp_f1:  0.8832 0.8832 0.8832
- val_non_f1:  0.2684 0.2684 0.2684

13056/13056 [==============================] - 42s - loss: 0.6281 - val_loss: 1.8573
Epoch 129/1000
12992/13056 [============================>.] - ETA: 0s - loss: 0.6381
- val_loss: 1.7825
- val_all_f1:  0.5490 0.5490 0.5490
- val_exp_f1:  0.8649 0.8649 0.8649
- val_non_f1:  0.2714 0.2710 0.2712

13056/13056 [==============================] - 42s - loss: 0.6369 - val_loss: 1.7825
Epoch 130/1000
12992/13056 [============================>.] - ETA: 0s - loss: 0.6323
- val_loss: 1.9358
- val_all_f1:  0.5455 0.5455 0.5455
- val_exp_f1:  0.8619 0.8619 0.8619
- val_non_f1:  0.2670 0.2670 0.2670

13056/13056 [==============================] - 42s - loss: 0.6324 - val_loss: 1.9358
Epoch 131/1000
12992/13056 [============================>.] - ETA: 0s - loss: 0.6142
- val_loss: 1.9251
- val_all_f1:  0.5384 0.5384 0.5384
- val_exp_f1:  0.8528 0.8528 0.8528
- val_non_f1:  0.2620 0.2617 0.2619

13056/13056 [==============================] - 42s - loss: 0.6129 - val_loss: 1.9251
Epoch 132/1000
12992/13056 [============================>.] - ETA: 0s - loss: 0.6312
- val_loss: 1.8411
- val_all_f1:  0.5412 0.5412 0.5412
- val_exp_f1:  0.8526 0.8513 0.8519
- val_non_f1:  0.2684 0.2684 0.2684

13056/13056 [==============================] - 42s - loss: 0.6306 - val_loss: 1.8411
Epoch 133/1000
12992/13056 [============================>.] - ETA: 0s - loss: 0.6018
- val_loss: 2.2122
- val_all_f1:  0.5391 0.5391 0.5391
- val_exp_f1:  0.8634 0.8634 0.8634
- val_non_f1:  0.2537 0.2537 0.2537

13056/13056 [==============================] - 42s - loss: 0.6015 - val_loss: 2.2122
Epoch 134/1000
12992/13056 [============================>.] - ETA: 0s - loss: 0.6211
- val_loss: 1.8358
- val_all_f1:  0.5433 0.5433 0.5433
- val_exp_f1:  0.8693 0.8680 0.8686
- val_non_f1:  0.2577 0.2577 0.2577

13056/13056 [==============================] - 42s - loss: 0.6204 - val_loss: 1.8358
Epoch 135/1000
12992/13056 [============================>.] - ETA: 0s - loss: 0.6111
- val_loss: 2.0667
- val_all_f1:  0.5291 0.5291 0.5291
- val_exp_f1:  0.8574 0.8574 0.8574
- val_non_f1:  0.2403 0.2403 0.2403

13056/13056 [==============================] - 42s - loss: 0.6102 - val_loss: 2.0667
Epoch 136/1000
12992/13056 [============================>.] - ETA: 0s - loss: 0.6293
- val_loss: 1.8689
- val_all_f1:  0.5362 0.5362 0.5362
- val_exp_f1:  0.8480 0.8467 0.8474
- val_non_f1:  0.2630 0.2630 0.2630

13056/13056 [==============================] - 42s - loss: 0.6300 - val_loss: 1.8689
Epoch 137/1000
12992/13056 [============================>.] - ETA: 0s - loss: 0.6318
- val_loss: 1.8117
- val_all_f1:  0.5611 0.5611 0.5611
- val_exp_f1:  0.8680 0.8680 0.8680
- val_non_f1:  0.2911 0.2911 0.2911

13056/13056 [==============================] - 42s - loss: 0.6298 - val_loss: 1.8117
Epoch 138/1000
12992/13056 [============================>.] - ETA: 0s - loss: 0.6256
- val_loss: 1.8077
- val_all_f1:  0.5455 0.5455 0.5455
- val_exp_f1:  0.8465 0.8452 0.8459
- val_non_f1:  0.2825 0.2817 0.2821

13056/13056 [==============================] - 42s - loss: 0.6252 - val_loss: 1.8077
Epoch 139/1000
12992/13056 [============================>.] - ETA: 0s - loss: 0.6407
- val_loss: 1.6905
- val_all_f1:  0.5753 0.5753 0.5753
- val_exp_f1:  0.8708 0.8695 0.8702
- val_non_f1:  0.3173 0.3164 0.3168

13056/13056 [==============================] - 42s - loss: 0.6408 - val_loss: 1.6905
Epoch 140/1000
12992/13056 [============================>.] - ETA: 0s - loss: 0.6154
- val_loss: 2.1755
- val_all_f1:  0.5284 0.5284 0.5284
- val_exp_f1:  0.8511 0.8498 0.8504
- val_non_f1:  0.2460 0.2457 0.2458

13056/13056 [==============================] - 42s - loss: 0.6155 - val_loss: 2.1755
Epoch 141/1000
12992/13056 [============================>.] - ETA: 0s - loss: 0.6105
- val_loss: 1.9983
- val_all_f1:  0.5426 0.5426 0.5426
- val_exp_f1:  0.8663 0.8649 0.8656
- val_non_f1:  0.2594 0.2590 0.2592

13056/13056 [==============================] - 42s - loss: 0.6121 - val_loss: 1.9983
Epoch 142/1000
12992/13056 [============================>.] - ETA: 0s - loss: 0.5928
- val_loss: 1.9199
- val_all_f1:  0.5561 0.5561 0.5561
- val_exp_f1:  0.8587 0.8574 0.8580
- val_non_f1:  0.2914 0.2911 0.2912

13056/13056 [==============================] - 42s - loss: 0.5918 - val_loss: 1.9199
Epoch 143/1000
12992/13056 [============================>.] - ETA: 0s - loss: 0.6068
- val_loss: 1.8713
- val_all_f1:  0.5440 0.5440 0.5440
- val_exp_f1:  0.8558 0.8558 0.8558
- val_non_f1:  0.2697 0.2697 0.2697

13056/13056 [==============================] - 42s - loss: 0.6063 - val_loss: 1.8713
Epoch 144/1000
12992/13056 [============================>.] - ETA: 0s - loss: 0.6144
- val_loss: 2.0158
- val_all_f1:  0.5249 0.5249 0.5249
- val_exp_f1:  0.8222 0.8209 0.8216
- val_non_f1:  0.2644 0.2644 0.2644

13056/13056 [==============================] - 42s - loss: 0.6140 - val_loss: 2.0158
Epoch 145/1000
12992/13056 [============================>.] - ETA: 0s - loss: 0.6205
- val_loss: 1.8720
- val_all_f1:  0.5376 0.5376 0.5376
- val_exp_f1:  0.8665 0.8665 0.8665
- val_non_f1:  0.2483 0.2483 0.2483

13056/13056 [==============================] - 42s - loss: 0.6215 - val_loss: 1.8720
Epoch 146/1000
12992/13056 [============================>.] - ETA: 0s - loss: 0.6036
- val_loss: 2.0126
- val_all_f1:  0.5369 0.5369 0.5369
- val_exp_f1:  0.8589 0.8589 0.8589
- val_non_f1:  0.2537 0.2537 0.2537

13056/13056 [==============================] - 42s - loss: 0.6034 - val_loss: 2.0126
Epoch 147/1000
12992/13056 [============================>.] - ETA: 0s - loss: 0.6230
- val_loss: 1.8945
- val_all_f1:  0.5462 0.5462 0.5462
- val_exp_f1:  0.8617 0.8604 0.8610
- val_non_f1:  0.2697 0.2697 0.2697

13056/13056 [==============================] - 42s - loss: 0.6233 - val_loss: 1.8945
Epoch 148/1000
12992/13056 [============================>.] - ETA: 0s - loss: 0.6352
- val_loss: 1.7720
- val_all_f1:  0.5540 0.5540 0.5540
- val_exp_f1:  0.8723 0.8710 0.8717
- val_non_f1:  0.2754 0.2750 0.2752

13056/13056 [==============================] - 42s - loss: 0.6349 - val_loss: 1.7720
[2019-03-08 10:47] training finished (ex/conll16st-v35-en-al-10-0)
[2019-03-08 10:47] best_val_loss: 46 - loss: 0.8317 - val_loss: 1.4825 - val_all_f1: 0.5966 - val_exp_f1: 0.9014 - val_non_f1: 0.3284
[2019-03-08 10:47] best_val_all_f1: 46 - loss: 0.8317 - val_loss: 1.4825 - val_all_f1: 0.5966 - val_exp_f1: 0.9014 - val_non_f1: 0.3284
[2019-03-08 10:47] time: loaded: 172.7429 - prepared: 967.0709 - trained: 6384.8247 - epoch: 431.4071 - epoch_cnt: 14.8000 - epoch_samples: 130560.0000
