[2019-03-06 15:37] configuration (ex/conll16st-v35noshare-zh/blind)
[2019-03-06 15:37]   config 'arg1_len': 500
[2019-03-06 15:37]   config 'arg2_len': 500
[2019-03-06 15:37]   config 'backend': theano
[2019-03-06 15:37]   config 'backend_theano': device=cpu
[2019-03-06 15:37]   config 'batch_size': 64
[2019-03-06 15:37]   config 'conn_len': 10
[2019-03-06 15:37]   config 'dataset_dir': data/conll16st-zh-04-27-2016-blind-test
[2019-03-06 15:37]   config 'filter_fn_name': None
[2019-03-06 15:37]   config 'input_size': None
[2019-03-06 15:37]   config 'lang': zh
[2019-03-06 15:37]   config 'mode': word
[2019-03-06 15:37]   config 'model_dir': ex/conll16st-v35noshare-zh
[2019-03-06 15:37]   config 'normalization_mode': sample_aspect
[2019-03-06 15:37]   config 'output_dir': ex/conll16st-v35noshare-zh/blind
[2019-03-06 15:37]   config 'punc_len': 2
[2019-03-06 15:37]   config 'rest': ['--words_shared=span', '--filter_shared=span', '--rnn_shared=none']
[2019-03-06 15:37]   config 'snapshot_size': 2048
[2019-03-06 15:37] load dataset for prediction (data/conll16st-zh-04-27-2016-blind-test)
[2019-03-06 15:37]   lang: zh, doc_ids: 64, words: 29892, rel_ids: 2101, relation tokens: 82465
[2019-03-06 15:37] load previous indexes (ex/conll16st-v35noshare-zh/indexes.pkl)
[2019-03-06 15:37]   words2id: 14785, target2id: 12
[2019-03-06 15:37] load model (ex/conll16st-v35noshare-zh)
[2019-03-06 15:37] load previous weights (ex/conll16st-v35noshare-zh/weights_val_all_f1.hdf5)
[2019-03-06 15:37] make predictions
[2019-03-06 15:40] save predictions (ex/conll16st-v35noshare-zh/blind/output.json)
[2019-03-06 15:40] save predictions (ex/conll16st-v35noshare-zh/blind/output_proba.json)
[2019-03-06 15:40] peek into filtering weights (ex/conll16st-v35noshare-zh/blind/peek.html)
[2019-03-06 15:44] finished (ex/conll16st-v35noshare-zh/blind)
[2019-03-06 15:44] time: loaded: 11.4515 - prepared: 5.3106 - predicted: 159.2299
