[2019-04-16 03:41] configuration (ex/conll16st-v35-en-fd-2-rn-2-0)
[2019-04-16 03:41]   config 'arg1_len': 100
[2019-04-16 03:41]   config 'arg2_len': 100
[2019-04-16 03:41]   config 'backend': theano
[2019-04-16 03:41]   config 'backend_theano': device=cpu
[2019-04-16 03:41]   config 'batch_size': 64
[2019-04-16 03:41]   config 'conn_len': 10
[2019-04-16 03:41]   config 'continue_': False
[2019-04-16 03:41]   config 'curriculum_end': 0.0
[2019-04-16 03:41]   config 'epochs': 1000
[2019-04-16 03:41]   config 'epochs_patience': 100
[2019-04-16 03:41]   config 'epochs_ratio': 0.1
[2019-04-16 03:41]   config 'filter_act': sigmoid
[2019-04-16 03:41]   config 'filter_append_act': linear
[2019-04-16 03:41]   config 'filter_append_batchnorm': False
[2019-04-16 03:41]   config 'filter_append_dim': 0
[2019-04-16 03:41]   config 'filter_append_dropout': 0.0
[2019-04-16 03:41]   config 'filter_apply': mul
[2019-04-16 03:41]   config 'filter_dim': 2
[2019-04-16 03:41]   config 'filter_dropout_U': 0.0
[2019-04-16 03:41]   config 'filter_dropout_W': 0.0
[2019-04-16 03:41]   config 'filter_fn_name': None
[2019-04-16 03:41]   config 'filter_shared': global
[2019-04-16 03:41]   config 'filter_type': lstm-fb
[2019-04-16 03:41]   config 'filter_zoneout_c': 0.0
[2019-04-16 03:41]   config 'filter_zoneout_h': 0.0
[2019-04-16 03:41]   config 'final_act': SReLU
[2019-04-16 03:41]   config 'final_dim': 80
[2019-04-16 03:41]   config 'final_dropout': 0.3
[2019-04-16 03:41]   config 'input_size': None
[2019-04-16 03:41]   config 'lang': en
[2019-04-16 03:41]   config 'masking': True
[2019-04-16 03:41]   config 'mode': word
[2019-04-16 03:41]   config 'model_dir': ex/conll16st-v35-en-fd-2-rn-2-0
[2019-04-16 03:41]   config 'optimizer': adam
[2019-04-16 03:41]   config 'original_positives': 0
[2019-04-16 03:41]   config 'punc_len': 0
[2019-04-16 03:41]   config 'random_negatives': 2
[2019-04-16 03:41]   config 'random_positives': 2
[2019-04-16 03:41]   config 'random_proba_1': 0.1
[2019-04-16 03:41]   config 'random_proba_2': 0.1
[2019-04-16 03:41]   config 'random_proba_3': 0.9
[2019-04-16 03:41]   config 'rnn_act': tanh
[2019-04-16 03:41]   config 'rnn_dim': 20
[2019-04-16 03:41]   config 'rnn_dropout_U': 0.0
[2019-04-16 03:41]   config 'rnn_dropout_W': 0.0
[2019-04-16 03:41]   config 'rnn_dropout_merge': 0.3
[2019-04-16 03:41]   config 'rnn_merge': concat
[2019-04-16 03:41]   config 'rnn_num': 2
[2019-04-16 03:41]   config 'rnn_shared': aspect
[2019-04-16 03:41]   config 'rnn_type': lstm-fwd
[2019-04-16 03:41]   config 'rnn_zoneout_c': 0.0
[2019-04-16 03:41]   config 'rnn_zoneout_h': 0.0
[2019-04-16 03:41]   config 'snapshot_size': 2048
[2019-04-16 03:41]   config 'train_dir': data/conll16st-en-03-29-16-train
[2019-04-16 03:41]   config 'valid_dir': data/conll16st-en-03-29-16-dev
[2019-04-16 03:41]   config 'words2vec_bin': None
[2019-04-16 03:41]   config 'words2vec_txt': None
[2019-04-16 03:41]   config 'words_crop': None
[2019-04-16 03:41]   config 'words_dim': 20
[2019-04-16 03:41]   config 'words_dropout': 0.3
[2019-04-16 03:41]   config 'words_shared': global
[2019-04-16 03:41]   config 'words_trainable': True
[2019-04-16 03:41] load dataset for training (data/conll16st-en-03-29-16-train)
[2019-04-16 03:44]   lang: en, doc_ids: 1756, words: 933049, rel_ids: 32535, relation tokens: 1159204
[2019-04-16 03:44] load dataset for validation (data/conll16st-en-03-29-16-dev)
[2019-04-16 03:44]   lang: en, doc_ids: 79, words: 39712, rel_ids: 1436, relation tokens: 48882
[2019-04-16 03:44] build indexes from training
[2019-04-16 03:44]   words2id: 43918, target2id: 23
[2019-04-16 03:44] target class distribution from training
[2019-04-16 03:44]   class 0 = 'None': None
[2019-04-16 03:44]   class 1 = '': None
[2019-04-16 03:44]   class 2 = 'Expansion.Conjunction': 7817
[2019-04-16 03:44]   class 3 = 'Comparison.Contrast': 4714
[2019-04-16 03:44]   class 4 = 'EntRel': 4133
[2019-04-16 03:44]   class 5 = 'Contingency.Cause.Reason': 3344
[2019-04-16 03:44]   class 6 = 'Expansion.Restatement': 2699
[2019-04-16 03:44]   class 7 = 'Contingency.Cause.Result': 2137
[2019-04-16 03:44]   class 8 = 'Temporal.Synchrony': 1499
[2019-04-16 03:44]   class 9 = 'Expansion.Instantiation': 1403
[2019-04-16 03:44]   class 10 = 'Comparison.Concession': 1293
[2019-04-16 03:44]   class 11 = 'Temporal.Asynchronous.Precedence': 1277
[2019-04-16 03:44]   class 12 = 'Contingency.Condition': 1197
[2019-04-16 03:44]   class 13 = 'Temporal.Asynchronous.Succession': 1014
[2019-04-16 03:44]   class 14 = 'Comparison': 992
[2019-04-16 03:44]   class 15 = 'Expansion': 630
[2019-04-16 03:44]   class 16 = 'Expansion.Alternative.Chosen alternative': 241
[2019-04-16 03:44]   class 17 = 'Expansion.Alternative': 210
[2019-04-16 03:44]   class 18 = 'Temporal': 27
[2019-04-16 03:44]   class 19 = 'Contingency': 24
[2019-04-16 03:44]   class 20 = 'Expansion.Exception': 15
[2019-04-16 03:44]   class 21 = 'Temporal.Asynchronous': 6
[2019-04-16 03:44]   class 22 = 'Contingency.Cause': 2
[2019-04-16 03:44] build model
____________________________________________________________________________________________________
Layer (type)                     Output Shape          Param #     Connected to                     
====================================================================================================
arg1_ids (InputLayer)            (None, 100)           0                                            
____________________________________________________________________________________________________
arg2_ids (InputLayer)            (None, 100)           0                                            
____________________________________________________________________________________________________
conn_ids (InputLayer)            (None, 10)            0                                            
____________________________________________________________________________________________________
embedding_1 (Embedding)          multiple              878360      arg1_ids[0][0]                   
                                                                   arg2_ids[0][0]                   
                                                                   conn_ids[0][0]                   
____________________________________________________________________________________________________
shareablelstm_1 (ShareableLSTM)  multiple              184         embedding_1[0][0]                
                                                                   embedding_1[1][0]                
                                                                   embedding_1[2][0]                
____________________________________________________________________________________________________
shareablelstm_2 (ShareableLSTM)  multiple              184         embedding_1[0][0]                
                                                                   embedding_1[1][0]                
                                                                   embedding_1[2][0]                
____________________________________________________________________________________________________
merge_1 (Merge)                  (None, 100, 2)        0           shareablelstm_1[0][0]            
                                                                   shareablelstm_2[0][0]            
____________________________________________________________________________________________________
merge_5 (Merge)                  (None, 100, 2)        0           shareablelstm_1[1][0]            
                                                                   shareablelstm_2[1][0]            
____________________________________________________________________________________________________
merge_9 (Merge)                  (None, 10, 2)         0           shareablelstm_1[2][0]            
                                                                   shareablelstm_2[2][0]            
____________________________________________________________________________________________________
arg1_filters (Activation)        (None, 100, 2)        0           merge_1[0][0]                    
____________________________________________________________________________________________________
arg2_filters (Activation)        (None, 100, 2)        0           merge_5[0][0]                    
____________________________________________________________________________________________________
conn_filters (Activation)        (None, 10, 2)         0           merge_9[0][0]                    
____________________________________________________________________________________________________
merge_2 (Merge)                  (None, 100, 20)       0           embedding_1[0][0]                
                                                                   arg1_filters[0][0]               
____________________________________________________________________________________________________
merge_3 (Merge)                  (None, 100, 20)       0           embedding_1[0][0]                
                                                                   arg1_filters[0][0]               
____________________________________________________________________________________________________
merge_6 (Merge)                  (None, 100, 20)       0           embedding_1[1][0]                
                                                                   arg2_filters[0][0]               
____________________________________________________________________________________________________
merge_7 (Merge)                  (None, 100, 20)       0           embedding_1[1][0]                
                                                                   arg2_filters[0][0]               
____________________________________________________________________________________________________
merge_10 (Merge)                 (None, 10, 20)        0           embedding_1[2][0]                
                                                                   conn_filters[0][0]               
____________________________________________________________________________________________________
merge_11 (Merge)                 (None, 10, 20)        0           embedding_1[2][0]                
                                                                   conn_filters[0][0]               
____________________________________________________________________________________________________
shareablelstm_3 (ShareableLSTM)  (None, 20)            3280        merge_2[0][0]                    
                                                                   merge_6[0][0]                    
                                                                   merge_10[0][0]                   
____________________________________________________________________________________________________
shareablelstm_5 (ShareableLSTM)  (None, 20)            3280        merge_3[0][0]                    
                                                                   merge_7[0][0]                    
                                                                   merge_11[0][0]                   
____________________________________________________________________________________________________
merge_4 (Merge)                  (None, 40)            0           shareablelstm_3[0][0]            
                                                                   shareablelstm_5[0][0]            
____________________________________________________________________________________________________
merge_8 (Merge)                  (None, 40)            0           shareablelstm_3[1][0]            
                                                                   shareablelstm_5[1][0]            
____________________________________________________________________________________________________
merge_12 (Merge)                 (None, 40)            0           shareablelstm_3[2][0]            
                                                                   shareablelstm_5[2][0]            
____________________________________________________________________________________________________
dropout_1 (Dropout)              (None, 40)            0           merge_4[0][0]                    
____________________________________________________________________________________________________
dropout_2 (Dropout)              (None, 40)            0           merge_8[0][0]                    
____________________________________________________________________________________________________
dropout_3 (Dropout)              (None, 40)            0           merge_12[0][0]                   
____________________________________________________________________________________________________
merge_13 (Merge)                 (None, 120)           0           dropout_1[0][0]                  
                                                                   dropout_2[0][0]                  
                                                                   dropout_3[0][0]                  
____________________________________________________________________________________________________
dense_1 (Dense)                  (None, 80)            9680        merge_13[0][0]                   
____________________________________________________________________________________________________
srelu_1 (SReLU)                  (None, 80)            320         dense_1[0][0]                    
____________________________________________________________________________________________________
dropout_4 (Dropout)              (None, 80)            0           srelu_1[0][0]                    
____________________________________________________________________________________________________
dense_2 (Dense)                  (None, 23)            1863        dropout_4[0][0]                  
____________________________________________________________________________________________________
target (Activation)              (None, 23)            0           dense_2[0][0]                    
====================================================================================================
Total params: 897,151
Trainable params: 897,151
Non-trainable params: 0
____________________________________________________________________________________________________
[2019-04-16 03:49] initialize weights
[2019-04-16 03:49] training preparation
[2019-04-16 03:49] train model (ex/conll16st-v35-en-fd-2-rn-2-0)
Epoch 1/1000
12992/13056 [============================>.] - ETA: 0s - loss: 2.1376
- val_loss: 3.1641
- val_all_f1:  0.2202 0.2202 0.2202
- val_exp_f1:  0.2807 0.2807 0.2807
- val_non_f1:  0.1669 0.1669 0.1669

13056/13056 [==============================] - 68s - loss: 2.1362 - val_loss: 3.1641
Epoch 2/1000
12992/13056 [============================>.] - ETA: 0s - loss: 1.8678
- val_loss: 2.8069
- val_all_f1:  0.2202 0.2202 0.2202
- val_exp_f1:  0.2807 0.2807 0.2807
- val_non_f1:  0.1669 0.1669 0.1669

13056/13056 [==============================] - 68s - loss: 1.8663 - val_loss: 2.8069
Epoch 3/1000
12992/13056 [============================>.] - ETA: 0s - loss: 1.5459
- val_loss: 2.5604
- val_all_f1:  0.2202 0.2202 0.2202
- val_exp_f1:  0.2807 0.2807 0.2807
- val_non_f1:  0.1669 0.1669 0.1669

13056/13056 [==============================] - 68s - loss: 1.5453 - val_loss: 2.5604
Epoch 4/1000
12992/13056 [============================>.] - ETA: 0s - loss: 1.4314
- val_loss: 2.4438
- val_all_f1:  0.2834 0.2834 0.2834
- val_exp_f1:  0.2807 0.2807 0.2807
- val_non_f1:  0.2857 0.2857 0.2857

13056/13056 [==============================] - 69s - loss: 1.4301 - val_loss: 2.4438
Epoch 5/1000
12992/13056 [============================>.] - ETA: 0s - loss: 1.3663
- val_loss: 2.3372
- val_all_f1:  0.2479 0.2479 0.2479
- val_exp_f1:  0.2807 0.2807 0.2807
- val_non_f1:  0.2190 0.2190 0.2190

13056/13056 [==============================] - 68s - loss: 1.3696 - val_loss: 2.3372
Epoch 6/1000
12992/13056 [============================>.] - ETA: 0s - loss: 1.2798
- val_loss: 2.1508
- val_all_f1:  0.4041 0.4041 0.4041
- val_exp_f1:  0.5419 0.5402 0.5410
- val_non_f1:  0.2844 0.2844 0.2844

13056/13056 [==============================] - 68s - loss: 1.2807 - val_loss: 2.1508
Epoch 7/1000
12992/13056 [============================>.] - ETA: 0s - loss: 1.2153
- val_loss: 2.1105
- val_all_f1:  0.3977 0.3977 0.3977
- val_exp_f1:  0.5318 0.5205 0.5261
- val_non_f1:  0.2897 0.2897 0.2897

13056/13056 [==============================] - 69s - loss: 1.2138 - val_loss: 2.1105
Epoch 8/1000
12992/13056 [============================>.] - ETA: 0s - loss: 1.1512
- val_loss: 2.0307
- val_all_f1:  0.4190 0.4190 0.4190
- val_exp_f1:  0.5645 0.5645 0.5645
- val_non_f1:  0.2911 0.2911 0.2911

13056/13056 [==============================] - 69s - loss: 1.1502 - val_loss: 2.0307
Epoch 9/1000
12992/13056 [============================>.] - ETA: 0s - loss: 1.1484
- val_loss: 1.9947
- val_all_f1:  0.4311 0.4311 0.4311
- val_exp_f1:  0.5930 0.5903 0.5916
- val_non_f1:  0.2911 0.2911 0.2911

13056/13056 [==============================] - 69s - loss: 1.1490 - val_loss: 1.9947
Epoch 10/1000
12992/13056 [============================>.] - ETA: 0s - loss: 1.0972
- val_loss: 1.9500
- val_all_f1:  0.4489 0.4489 0.4489
- val_exp_f1:  0.6327 0.6222 0.6274
- val_non_f1:  0.2964 0.2964 0.2964

13056/13056 [==============================] - 69s - loss: 1.0979 - val_loss: 1.9500
Epoch 11/1000
12992/13056 [============================>.] - ETA: 0s - loss: 1.0983
- val_loss: 1.9046
- val_all_f1:  0.4403 0.4403 0.4403
- val_exp_f1:  0.6904 0.6904 0.6904
- val_non_f1:  0.2203 0.2203 0.2203

13056/13056 [==============================] - 69s - loss: 1.0987 - val_loss: 1.9046
Epoch 12/1000
12992/13056 [============================>.] - ETA: 0s - loss: 1.1232
- val_loss: 1.9464
- val_all_f1:  0.4723 0.4723 0.4723
- val_exp_f1:  0.6805 0.6722 0.6763
- val_non_f1:  0.2964 0.2964 0.2964

13056/13056 [==============================] - 69s - loss: 1.1245 - val_loss: 1.9464
Epoch 13/1000
12992/13056 [============================>.] - ETA: 0s - loss: 1.1897
- val_loss: 1.8897
- val_all_f1:  0.4986 0.4986 0.4986
- val_exp_f1:  0.7158 0.7147 0.7153
- val_non_f1:  0.3084 0.3084 0.3084

13056/13056 [==============================] - 72s - loss: 1.1897 - val_loss: 1.8897
Epoch 14/1000
12992/13056 [============================>.] - ETA: 0s - loss: 1.1498
- val_loss: 1.8495
- val_all_f1:  0.4893 0.4893 0.4893
- val_exp_f1:  0.7119 0.7086 0.7103
- val_non_f1:  0.2964 0.2964 0.2964

13056/13056 [==============================] - 69s - loss: 1.1488 - val_loss: 1.8495
Epoch 15/1000
12992/13056 [============================>.] - ETA: 0s - loss: 1.0941
- val_loss: 1.8538
- val_all_f1:  0.4688 0.4688 0.4688
- val_exp_f1:  0.6995 0.6995 0.6995
- val_non_f1:  0.2657 0.2657 0.2657

13056/13056 [==============================] - 69s - loss: 1.0946 - val_loss: 1.8538
Epoch 16/1000
12992/13056 [============================>.] - ETA: 0s - loss: 1.1046
- val_loss: 1.8203
- val_all_f1:  0.4936 0.4936 0.4936
- val_exp_f1:  0.7193 0.7193 0.7193
- val_non_f1:  0.2951 0.2951 0.2951

13056/13056 [==============================] - 69s - loss: 1.1049 - val_loss: 1.8203
Epoch 17/1000
12992/13056 [============================>.] - ETA: 0s - loss: 1.0687
- val_loss: 1.7969
- val_all_f1:  0.5071 0.5071 0.5071
- val_exp_f1:  0.7527 0.7481 0.7504
- val_non_f1:  0.2951 0.2951 0.2951

13056/13056 [==============================] - 69s - loss: 1.0702 - val_loss: 1.7969
Epoch 18/1000
12992/13056 [============================>.] - ETA: 0s - loss: 1.0489
- val_loss: 1.8092
- val_all_f1:  0.4844 0.4844 0.4844
- val_exp_f1:  0.6991 0.6980 0.6986
- val_non_f1:  0.2964 0.2964 0.2964

13056/13056 [==============================] - 69s - loss: 1.0483 - val_loss: 1.8092
Epoch 19/1000
12992/13056 [============================>.] - ETA: 0s - loss: 1.0592
- val_loss: 1.7867
- val_all_f1:  0.4794 0.4794 0.4794
- val_exp_f1:  0.6930 0.6920 0.6925
- val_non_f1:  0.2924 0.2924 0.2924

13056/13056 [==============================] - 69s - loss: 1.0596 - val_loss: 1.7867
Epoch 20/1000
12992/13056 [============================>.] - ETA: 0s - loss: 1.0382
- val_loss: 1.7858
- val_all_f1:  0.4403 0.4403 0.4403
- val_exp_f1:  0.7436 0.7436 0.7436
- val_non_f1:  0.1740 0.1736 0.1738

13056/13056 [==============================] - 69s - loss: 1.0383 - val_loss: 1.7858
Epoch 21/1000
12992/13056 [============================>.] - ETA: 0s - loss: 1.0486
- val_loss: 1.7557
- val_all_f1:  0.4922 0.4922 0.4922
- val_exp_f1:  0.7287 0.7253 0.7270
- val_non_f1:  0.2870 0.2870 0.2870

13056/13056 [==============================] - 69s - loss: 1.0479 - val_loss: 1.7557
Epoch 22/1000
12992/13056 [============================>.] - ETA: 0s - loss: 0.9981
- val_loss: 1.7352
- val_all_f1:  0.4901 0.4901 0.4901
- val_exp_f1:  0.7185 0.7086 0.7135
- val_non_f1:  0.2977 0.2977 0.2977

13056/13056 [==============================] - 69s - loss: 0.9980 - val_loss: 1.7352
Epoch 23/1000
12992/13056 [============================>.] - ETA: 0s - loss: 1.0283
- val_loss: 1.7379
- val_all_f1:  0.4957 0.4957 0.4957
- val_exp_f1:  0.7262 0.7162 0.7212
- val_non_f1:  0.3017 0.3017 0.3017

13056/13056 [==============================] - 69s - loss: 1.0275 - val_loss: 1.7379
Epoch 24/1000
12992/13056 [============================>.] - ETA: 0s - loss: 1.0162
- val_loss: 1.7636
- val_all_f1:  0.4709 0.4709 0.4709
- val_exp_f1:  0.6780 0.6677 0.6728
- val_non_f1:  0.2977 0.2977 0.2977

13056/13056 [==============================] - 69s - loss: 1.0162 - val_loss: 1.7636
Epoch 25/1000
12992/13056 [============================>.] - ETA: 0s - loss: 1.0221
- val_loss: 1.8239
- val_all_f1:  0.5156 0.5156 0.5156
- val_exp_f1:  0.7696 0.7602 0.7649
- val_non_f1:  0.3004 0.3004 0.3004

13056/13056 [==============================] - 69s - loss: 1.0216 - val_loss: 1.8239
Epoch 26/1000
12992/13056 [============================>.] - ETA: 0s - loss: 1.0163
- val_loss: 1.7066
- val_all_f1:  0.5263 0.5263 0.5263
- val_exp_f1:  0.7884 0.7860 0.7872
- val_non_f1:  0.2977 0.2977 0.2977

13056/13056 [==============================] - 70s - loss: 1.0177 - val_loss: 1.7066
Epoch 27/1000
12992/13056 [============================>.] - ETA: 0s - loss: 0.9914
- val_loss: 1.7558
- val_all_f1:  0.4801 0.4801 0.4801
- val_exp_f1:  0.7740 0.7693 0.7717
- val_non_f1:  0.2256 0.2256 0.2256

13056/13056 [==============================] - 70s - loss: 0.9894 - val_loss: 1.7558
Epoch 28/1000
12992/13056 [============================>.] - ETA: 0s - loss: 1.0030
- val_loss: 1.6762
- val_all_f1:  0.5241 0.5241 0.5241
- val_exp_f1:  0.7810 0.7739 0.7774
- val_non_f1:  0.3044 0.3044 0.3044

13056/13056 [==============================] - 70s - loss: 1.0026 - val_loss: 1.6762
Epoch 29/1000
12992/13056 [============================>.] - ETA: 0s - loss: 1.0003
- val_loss: 1.7005
- val_all_f1:  0.5050 0.5050 0.5050
- val_exp_f1:  0.7759 0.7724 0.7741
- val_non_f1:  0.2697 0.2697 0.2697

13056/13056 [==============================] - 70s - loss: 1.0000 - val_loss: 1.7005
Epoch 30/1000
12992/13056 [============================>.] - ETA: 0s - loss: 1.0056
- val_loss: 1.7567
- val_all_f1:  0.5163 0.5163 0.5163
- val_exp_f1:  0.7690 0.7678 0.7684
- val_non_f1:  0.2951 0.2951 0.2951

13056/13056 [==============================] - 70s - loss: 1.0060 - val_loss: 1.7567
Epoch 31/1000
12992/13056 [============================>.] - ETA: 0s - loss: 0.9919
- val_loss: 1.6922
- val_all_f1:  0.5071 0.5071 0.5071
- val_exp_f1:  0.7857 0.7845 0.7851
- val_non_f1:  0.2630 0.2630 0.2630

13056/13056 [==============================] - 69s - loss: 0.9926 - val_loss: 1.6922
Epoch 32/1000
12992/13056 [============================>.] - ETA: 0s - loss: 0.9997
- val_loss: 1.6779
- val_all_f1:  0.5206 0.5206 0.5206
- val_exp_f1:  0.8209 0.8209 0.8209
- val_non_f1:  0.2563 0.2563 0.2563

13056/13056 [==============================] - 70s - loss: 0.9988 - val_loss: 1.6779
Epoch 33/1000
12992/13056 [============================>.] - ETA: 0s - loss: 0.9713
- val_loss: 1.6615
- val_all_f1:  0.5391 0.5391 0.5391
- val_exp_f1:  0.8389 0.8376 0.8383
- val_non_f1:  0.2764 0.2764 0.2764

13056/13056 [==============================] - 70s - loss: 0.9708 - val_loss: 1.6615
Epoch 34/1000
12992/13056 [============================>.] - ETA: 0s - loss: 0.9775
- val_loss: 1.6560
- val_all_f1:  0.5284 0.5284 0.5284
- val_exp_f1:  0.8116 0.8103 0.8109
- val_non_f1:  0.2804 0.2804 0.2804

13056/13056 [==============================] - 70s - loss: 0.9768 - val_loss: 1.6560
Epoch 35/1000
12992/13056 [============================>.] - ETA: 0s - loss: 0.9802
- val_loss: 1.6506
- val_all_f1:  0.5476 0.5476 0.5476
- val_exp_f1:  0.8419 0.8407 0.8413
- val_non_f1:  0.2897 0.2897 0.2897

13056/13056 [==============================] - 70s - loss: 0.9797 - val_loss: 1.6506
Epoch 36/1000
12992/13056 [============================>.] - ETA: 0s - loss: 0.9567
- val_loss: 1.6458
- val_all_f1:  0.5582 0.5582 0.5582
- val_exp_f1:  0.8480 0.8467 0.8474
- val_non_f1:  0.3044 0.3044 0.3044

13056/13056 [==============================] - 70s - loss: 0.9565 - val_loss: 1.6458
Epoch 37/1000
12992/13056 [============================>.] - ETA: 0s - loss: 0.9597
- val_loss: 1.6700
- val_all_f1:  0.4936 0.4936 0.4936
- val_exp_f1:  0.8452 0.8452 0.8452
- val_non_f1:  0.1842 0.1842 0.1842

13056/13056 [==============================] - 70s - loss: 0.9596 - val_loss: 1.6700
Epoch 38/1000
12992/13056 [============================>.] - ETA: 0s - loss: 0.9708
- val_loss: 1.6326
- val_all_f1:  0.5170 0.5170 0.5170
- val_exp_f1:  0.8528 0.8528 0.8528
- val_non_f1:  0.2216 0.2216 0.2216

13056/13056 [==============================] - 70s - loss: 0.9700 - val_loss: 1.6326
Epoch 39/1000
12992/13056 [============================>.] - ETA: 0s - loss: 0.9691
- val_loss: 1.6377
- val_all_f1:  0.4957 0.4957 0.4957
- val_exp_f1:  0.8392 0.8392 0.8392
- val_non_f1:  0.1936 0.1936 0.1936

13056/13056 [==============================] - 69s - loss: 0.9698 - val_loss: 1.6377
Epoch 40/1000
12992/13056 [============================>.] - ETA: 0s - loss: 0.9581
- val_loss: 1.6329
- val_all_f1:  0.5476 0.5476 0.5476
- val_exp_f1:  0.8543 0.8543 0.8543
- val_non_f1:  0.2777 0.2777 0.2777

13056/13056 [==============================] - 69s - loss: 0.9581 - val_loss: 1.6329
Epoch 41/1000
12992/13056 [============================>.] - ETA: 0s - loss: 0.9585
- val_loss: 1.6148
- val_all_f1:  0.5412 0.5412 0.5412
- val_exp_f1:  0.8467 0.8467 0.8467
- val_non_f1:  0.2724 0.2724 0.2724

13056/13056 [==============================] - 70s - loss: 0.9599 - val_loss: 1.6148
Epoch 42/1000
12992/13056 [============================>.] - ETA: 0s - loss: 0.9556
- val_loss: 1.6173
- val_all_f1:  0.5497 0.5497 0.5497
- val_exp_f1:  0.8647 0.8634 0.8641
- val_non_f1:  0.2737 0.2737 0.2737

13056/13056 [==============================] - 70s - loss: 0.9544 - val_loss: 1.6173
Epoch 43/1000
12992/13056 [============================>.] - ETA: 0s - loss: 0.9526
- val_loss: 1.5888
- val_all_f1:  0.5540 0.5540 0.5540
- val_exp_f1:  0.8647 0.8634 0.8641
- val_non_f1:  0.2817 0.2817 0.2817

13056/13056 [==============================] - 69s - loss: 0.9525 - val_loss: 1.5888
Epoch 44/1000
12992/13056 [============================>.] - ETA: 0s - loss: 0.9485
- val_loss: 1.6022
- val_all_f1:  0.5433 0.5433 0.5433
- val_exp_f1:  0.8665 0.8665 0.8665
- val_non_f1:  0.2590 0.2590 0.2590

13056/13056 [==============================] - 69s - loss: 0.9482 - val_loss: 1.6022
Epoch 45/1000
12992/13056 [============================>.] - ETA: 0s - loss: 0.9684
- val_loss: 1.6036
- val_all_f1:  0.5341 0.5341 0.5341
- val_exp_f1:  0.8483 0.8483 0.8483
- val_non_f1:  0.2577 0.2577 0.2577

13056/13056 [==============================] - 69s - loss: 0.9694 - val_loss: 1.6036
Epoch 46/1000
12992/13056 [============================>.] - ETA: 0s - loss: 0.9668
- val_loss: 1.6096
- val_all_f1:  0.5341 0.5341 0.5341
- val_exp_f1:  0.8645 0.8619 0.8632
- val_non_f1:  0.2457 0.2457 0.2457

13056/13056 [==============================] - 69s - loss: 0.9689 - val_loss: 1.6096
Epoch 47/1000
12992/13056 [============================>.] - ETA: 0s - loss: 0.9645
- val_loss: 1.6817
- val_all_f1:  0.4986 0.4986 0.4986
- val_exp_f1:  0.8498 0.8498 0.8498
- val_non_f1:  0.1896 0.1896 0.1896

13056/13056 [==============================] - 70s - loss: 0.9658 - val_loss: 1.6817
Epoch 48/1000
12992/13056 [============================>.] - ETA: 0s - loss: 0.9854
- val_loss: 1.7030
- val_all_f1:  0.4659 0.4659 0.4659
- val_exp_f1:  0.8226 0.8164 0.8195
- val_non_f1:  0.1578 0.1575 0.1576

13056/13056 [==============================] - 69s - loss: 0.9860 - val_loss: 1.7030
Epoch 49/1000
12992/13056 [============================>.] - ETA: 0s - loss: 0.9962
- val_loss: 1.6798
- val_all_f1:  0.4901 0.4901 0.4901
- val_exp_f1:  0.8437 0.8437 0.8437
- val_non_f1:  0.1789 0.1789 0.1789

13056/13056 [==============================] - 69s - loss: 0.9967 - val_loss: 1.6798
Epoch 50/1000
12992/13056 [============================>.] - ETA: 0s - loss: 0.9568
- val_loss: 1.6426
- val_all_f1:  0.5036 0.5036 0.5036
- val_exp_f1:  0.8680 0.8680 0.8680
- val_non_f1:  0.1829 0.1829 0.1829

13056/13056 [==============================] - 69s - loss: 0.9567 - val_loss: 1.6426
Epoch 51/1000
12992/13056 [============================>.] - ETA: 0s - loss: 0.9612
- val_loss: 1.6314
- val_all_f1:  0.5114 0.5114 0.5114
- val_exp_f1:  0.8695 0.8695 0.8695
- val_non_f1:  0.1963 0.1963 0.1963

13056/13056 [==============================] - 69s - loss: 0.9595 - val_loss: 1.6314
Epoch 52/1000
12992/13056 [============================>.] - ETA: 0s - loss: 0.9247
- val_loss: 1.6492
- val_all_f1:  0.5192 0.5192 0.5192
- val_exp_f1:  0.8574 0.8574 0.8574
- val_non_f1:  0.2216 0.2216 0.2216

13056/13056 [==============================] - 69s - loss: 0.9252 - val_loss: 1.6492
Epoch 53/1000
12992/13056 [============================>.] - ETA: 0s - loss: 0.9434
- val_loss: 1.6521
- val_all_f1:  0.5057 0.5057 0.5057
- val_exp_f1:  0.8710 0.8710 0.8710
- val_non_f1:  0.1842 0.1842 0.1842

13056/13056 [==============================] - 69s - loss: 0.9424 - val_loss: 1.6521
Epoch 54/1000
12992/13056 [============================>.] - ETA: 0s - loss: 0.9576
- val_loss: 1.6457
- val_all_f1:  0.4964 0.4964 0.4964
- val_exp_f1:  0.8771 0.8771 0.8771
- val_non_f1:  0.1615 0.1615 0.1615

13056/13056 [==============================] - 70s - loss: 0.9582 - val_loss: 1.6457
Epoch 55/1000
12992/13056 [============================>.] - ETA: 0s - loss: 0.9406
- val_loss: 1.5965
- val_all_f1:  0.5192 0.5192 0.5192
- val_exp_f1:  0.8725 0.8725 0.8725
- val_non_f1:  0.2083 0.2083 0.2083

13056/13056 [==============================] - 70s - loss: 0.9408 - val_loss: 1.5965
Epoch 56/1000
12992/13056 [============================>.] - ETA: 0s - loss: 0.9448
- val_loss: 1.6131
- val_all_f1:  0.5043 0.5043 0.5043
- val_exp_f1:  0.8771 0.8771 0.8771
- val_non_f1:  0.1762 0.1762 0.1762

13056/13056 [==============================] - 70s - loss: 0.9450 - val_loss: 1.6131
Epoch 57/1000
12992/13056 [============================>.] - ETA: 0s - loss: 0.9458
- val_loss: 1.5986
- val_all_f1:  0.5220 0.5220 0.5220
- val_exp_f1:  0.8815 0.8801 0.8808
- val_non_f1:  0.2069 0.2069 0.2069

13056/13056 [==============================] - 70s - loss: 0.9452 - val_loss: 1.5986
Epoch 58/1000
12992/13056 [============================>.] - ETA: 0s - loss: 0.9499
- val_loss: 1.5937
- val_all_f1:  0.5121 0.5121 0.5121
- val_exp_f1:  0.8832 0.8832 0.8832
- val_non_f1:  0.1856 0.1856 0.1856

13056/13056 [==============================] - 70s - loss: 0.9489 - val_loss: 1.5937
Epoch 59/1000
12992/13056 [============================>.] - ETA: 0s - loss: 0.9349
- val_loss: 1.5967
- val_all_f1:  0.5114 0.5114 0.5114
- val_exp_f1:  0.8816 0.8816 0.8816
- val_non_f1:  0.1856 0.1856 0.1856

13056/13056 [==============================] - 70s - loss: 0.9345 - val_loss: 1.5967
Epoch 60/1000
12992/13056 [============================>.] - ETA: 0s - loss: 0.9042
- val_loss: 1.5678
- val_all_f1:  0.5526 0.5526 0.5526
- val_exp_f1:  0.8828 0.8801 0.8815
- val_non_f1:  0.2644 0.2644 0.2644

13056/13056 [==============================] - 70s - loss: 0.9036 - val_loss: 1.5678
Epoch 61/1000
12992/13056 [============================>.] - ETA: 0s - loss: 0.9212
- val_loss: 1.6558
- val_all_f1:  0.4993 0.4993 0.4993
- val_exp_f1:  0.8725 0.8725 0.8725
- val_non_f1:  0.1709 0.1709 0.1709

13056/13056 [==============================] - 70s - loss: 0.9244 - val_loss: 1.6558
Epoch 62/1000
12992/13056 [============================>.] - ETA: 0s - loss: 0.9137
- val_loss: 1.6323
- val_all_f1:  0.5050 0.5050 0.5050
- val_exp_f1:  0.8786 0.8786 0.8786
- val_non_f1:  0.1762 0.1762 0.1762

13056/13056 [==============================] - 70s - loss: 0.9137 - val_loss: 1.6323
Epoch 63/1000
12992/13056 [============================>.] - ETA: 0s - loss: 0.9269
- val_loss: 1.5655
- val_all_f1:  0.5270 0.5270 0.5270
- val_exp_f1:  0.8756 0.8756 0.8756
- val_non_f1:  0.2203 0.2203 0.2203

13056/13056 [==============================] - 70s - loss: 0.9264 - val_loss: 1.5655
Epoch 64/1000
12992/13056 [============================>.] - ETA: 0s - loss: 0.9324
- val_loss: 1.6259
- val_all_f1:  0.4893 0.4893 0.4893
- val_exp_f1:  0.8816 0.8816 0.8816
- val_non_f1:  0.1442 0.1442 0.1442

13056/13056 [==============================] - 69s - loss: 0.9323 - val_loss: 1.6259
Epoch 65/1000
12992/13056 [============================>.] - ETA: 0s - loss: 0.9252
- val_loss: 1.5919
- val_all_f1:  0.5007 0.5007 0.5007
- val_exp_f1:  0.8862 0.8862 0.8862
- val_non_f1:  0.1615 0.1615 0.1615

13056/13056 [==============================] - 69s - loss: 0.9268 - val_loss: 1.5919
Epoch 66/1000
12992/13056 [============================>.] - ETA: 0s - loss: 0.9423
- val_loss: 1.5778
- val_all_f1:  0.5291 0.5291 0.5291
- val_exp_f1:  0.8845 0.8832 0.8838
- val_non_f1:  0.2176 0.2176 0.2176

13056/13056 [==============================] - 69s - loss: 0.9415 - val_loss: 1.5778
Epoch 67/1000
12992/13056 [============================>.] - ETA: 0s - loss: 0.9149
- val_loss: 1.5427
- val_all_f1:  0.5298 0.5298 0.5298
- val_exp_f1:  0.8756 0.8756 0.8756
- val_non_f1:  0.2256 0.2256 0.2256

13056/13056 [==============================] - 69s - loss: 0.9151 - val_loss: 1.5427
Epoch 68/1000
12992/13056 [============================>.] - ETA: 0s - loss: 0.9427
- val_loss: 1.5961
- val_all_f1:  0.4957 0.4957 0.4957
- val_exp_f1:  0.8786 0.8786 0.8786
- val_non_f1:  0.1589 0.1589 0.1589

13056/13056 [==============================] - 69s - loss: 0.9432 - val_loss: 1.5961
Epoch 69/1000
12992/13056 [============================>.] - ETA: 0s - loss: 0.9039
- val_loss: 1.5902
- val_all_f1:  0.5014 0.5014 0.5014
- val_exp_f1:  0.8695 0.8695 0.8695
- val_non_f1:  0.1776 0.1776 0.1776

13056/13056 [==============================] - 69s - loss: 0.9054 - val_loss: 1.5902
Epoch 70/1000
12992/13056 [============================>.] - ETA: 0s - loss: 0.9288
- val_loss: 1.5423
- val_all_f1:  0.5355 0.5355 0.5355
- val_exp_f1:  0.8725 0.8725 0.8725
- val_non_f1:  0.2390 0.2390 0.2390

13056/13056 [==============================] - 69s - loss: 0.9292 - val_loss: 1.5423
Epoch 71/1000
12992/13056 [============================>.] - ETA: 0s - loss: 0.9087
- val_loss: 1.5423
- val_all_f1:  0.5213 0.5213 0.5213
- val_exp_f1:  0.8832 0.8832 0.8832
- val_non_f1:  0.2029 0.2029 0.2029

13056/13056 [==============================] - 69s - loss: 0.9088 - val_loss: 1.5423
Epoch 72/1000
12992/13056 [============================>.] - ETA: 0s - loss: 0.9338
- val_loss: 1.5887
- val_all_f1:  0.5263 0.5263 0.5263
- val_exp_f1:  0.8725 0.8725 0.8725
- val_non_f1:  0.2216 0.2216 0.2216

13056/13056 [==============================] - 69s - loss: 0.9333 - val_loss: 1.5887
Epoch 73/1000
12992/13056 [============================>.] - ETA: 0s - loss: 0.9416
- val_loss: 1.5738
- val_all_f1:  0.5234 0.5234 0.5234
- val_exp_f1:  0.8877 0.8877 0.8877
- val_non_f1:  0.2029 0.2029 0.2029

13056/13056 [==============================] - 69s - loss: 0.9398 - val_loss: 1.5738
Epoch 74/1000
12992/13056 [============================>.] - ETA: 0s - loss: 0.9043
- val_loss: 1.6320
- val_all_f1:  0.4986 0.4986 0.4986
- val_exp_f1:  0.8832 0.8832 0.8832
- val_non_f1:  0.1602 0.1602 0.1602

13056/13056 [==============================] - 69s - loss: 0.9041 - val_loss: 1.6320
Epoch 75/1000
12992/13056 [============================>.] - ETA: 0s - loss: 0.9319
- val_loss: 1.6096
- val_all_f1:  0.5078 0.5078 0.5078
- val_exp_f1:  0.8756 0.8756 0.8756
- val_non_f1:  0.1842 0.1842 0.1842

13056/13056 [==============================] - 69s - loss: 0.9327 - val_loss: 1.6096
Epoch 76/1000
12992/13056 [============================>.] - ETA: 0s - loss: 0.9375
- val_loss: 1.5841
- val_all_f1:  0.5185 0.5185 0.5185
- val_exp_f1:  0.8710 0.8710 0.8710
- val_non_f1:  0.2083 0.2083 0.2083

13056/13056 [==============================] - 70s - loss: 0.9369 - val_loss: 1.5841
Epoch 77/1000
12992/13056 [============================>.] - ETA: 0s - loss: 0.9084
- val_loss: 1.6836
- val_all_f1:  0.4893 0.4893 0.4893
- val_exp_f1:  0.8801 0.8801 0.8801
- val_non_f1:  0.1455 0.1455 0.1455

13056/13056 [==============================] - 69s - loss: 0.9088 - val_loss: 1.6836
Epoch 78/1000
12992/13056 [============================>.] - ETA: 0s - loss: 0.9020
- val_loss: 1.5745
- val_all_f1:  0.5071 0.5071 0.5071
- val_exp_f1:  0.8786 0.8786 0.8786
- val_non_f1:  0.1802 0.1802 0.1802

13056/13056 [==============================] - 70s - loss: 0.9022 - val_loss: 1.5745
Epoch 79/1000
12992/13056 [============================>.] - ETA: 0s - loss: 0.9151
- val_loss: 1.5799
- val_all_f1:  0.5114 0.5114 0.5114
- val_exp_f1:  0.8816 0.8816 0.8816
- val_non_f1:  0.1856 0.1856 0.1856

13056/13056 [==============================] - 70s - loss: 0.9161 - val_loss: 1.5799
Epoch 80/1000
12992/13056 [============================>.] - ETA: 0s - loss: 0.8878
- val_loss: 1.6076
- val_all_f1:  0.4993 0.4993 0.4993
- val_exp_f1:  0.8847 0.8847 0.8847
- val_non_f1:  0.1602 0.1602 0.1602

13056/13056 [==============================] - 70s - loss: 0.8871 - val_loss: 1.6076
Epoch 81/1000
12992/13056 [============================>.] - ETA: 0s - loss: 0.8878
- val_loss: 1.6132
- val_all_f1:  0.5085 0.5085 0.5085
- val_exp_f1:  0.8832 0.8832 0.8832
- val_non_f1:  0.1789 0.1789 0.1789

13056/13056 [==============================] - 69s - loss: 0.8875 - val_loss: 1.6132
Epoch 82/1000
12992/13056 [============================>.] - ETA: 0s - loss: 0.8940
- val_loss: 1.5487
- val_all_f1:  0.5249 0.5249 0.5249
- val_exp_f1:  0.8877 0.8877 0.8877
- val_non_f1:  0.2056 0.2056 0.2056

13056/13056 [==============================] - 69s - loss: 0.8946 - val_loss: 1.5487
Epoch 83/1000
12992/13056 [============================>.] - ETA: 0s - loss: 0.9038
- val_loss: 1.5930
- val_all_f1:  0.5043 0.5043 0.5043
- val_exp_f1:  0.8832 0.8832 0.8832
- val_non_f1:  0.1709 0.1709 0.1709

13056/13056 [==============================] - 70s - loss: 0.9055 - val_loss: 1.5930
Epoch 84/1000
12992/13056 [============================>.] - ETA: 0s - loss: 0.8947
- val_loss: 1.5378
- val_all_f1:  0.5298 0.5298 0.5298
- val_exp_f1:  0.8923 0.8923 0.8923
- val_non_f1:  0.2109 0.2109 0.2109

13056/13056 [==============================] - 70s - loss: 0.8953 - val_loss: 1.5378
Epoch 85/1000
12992/13056 [============================>.] - ETA: 0s - loss: 0.9056
- val_loss: 1.5563
- val_all_f1:  0.5185 0.5185 0.5185
- val_exp_f1:  0.8862 0.8862 0.8862
- val_non_f1:  0.1949 0.1949 0.1949

13056/13056 [==============================] - 69s - loss: 0.9047 - val_loss: 1.5563
Epoch 86/1000
12992/13056 [============================>.] - ETA: 0s - loss: 0.9016
- val_loss: 1.5807
- val_all_f1:  0.5213 0.5213 0.5213
- val_exp_f1:  0.8786 0.8786 0.8786
- val_non_f1:  0.2069 0.2069 0.2069

13056/13056 [==============================] - 70s - loss: 0.9015 - val_loss: 1.5807
Epoch 87/1000
12992/13056 [============================>.] - ETA: 0s - loss: 0.8816
- val_loss: 1.5347
- val_all_f1:  0.5327 0.5327 0.5327
- val_exp_f1:  0.8786 0.8786 0.8786
- val_non_f1:  0.2283 0.2283 0.2283

13056/13056 [==============================] - 70s - loss: 0.8817 - val_loss: 1.5347
Epoch 88/1000
12992/13056 [============================>.] - ETA: 0s - loss: 0.8754
- val_loss: 1.5550
- val_all_f1:  0.5107 0.5107 0.5107
- val_exp_f1:  0.8786 0.8786 0.8786
- val_non_f1:  0.1869 0.1869 0.1869

13056/13056 [==============================] - 70s - loss: 0.8751 - val_loss: 1.5550
Epoch 89/1000
12992/13056 [============================>.] - ETA: 0s - loss: 0.8943
- val_loss: 1.5167
- val_all_f1:  0.5270 0.5270 0.5270
- val_exp_f1:  0.8845 0.8832 0.8838
- val_non_f1:  0.2136 0.2136 0.2136

13056/13056 [==============================] - 70s - loss: 0.8948 - val_loss: 1.5167
Epoch 90/1000
12992/13056 [============================>.] - ETA: 0s - loss: 0.8807
- val_loss: 1.5350
- val_all_f1:  0.5320 0.5320 0.5320
- val_exp_f1:  0.8891 0.8877 0.8884
- val_non_f1:  0.2190 0.2190 0.2190

13056/13056 [==============================] - 70s - loss: 0.8818 - val_loss: 1.5350
Epoch 91/1000
12992/13056 [============================>.] - ETA: 0s - loss: 0.8803
- val_loss: 1.6639
- val_all_f1:  0.4979 0.4979 0.4979
- val_exp_f1:  0.8816 0.8816 0.8816
- val_non_f1:  0.1602 0.1602 0.1602

13056/13056 [==============================] - 70s - loss: 0.8808 - val_loss: 1.6639
Epoch 92/1000
12992/13056 [============================>.] - ETA: 0s - loss: 0.8745
- val_loss: 1.6487
- val_all_f1:  0.4950 0.4950 0.4950
- val_exp_f1:  0.8710 0.8710 0.8710
- val_non_f1:  0.1642 0.1642 0.1642

13056/13056 [==============================] - 70s - loss: 0.8742 - val_loss: 1.6487
Epoch 93/1000
12992/13056 [============================>.] - ETA: 0s - loss: 0.8913
- val_loss: 1.5433
- val_all_f1:  0.5220 0.5220 0.5220
- val_exp_f1:  0.8877 0.8877 0.8877
- val_non_f1:  0.2003 0.2003 0.2003

13056/13056 [==============================] - 69s - loss: 0.8910 - val_loss: 1.5433
Epoch 94/1000
12992/13056 [============================>.] - ETA: 0s - loss: 0.8633
- val_loss: 1.5637
- val_all_f1:  0.5284 0.5284 0.5284
- val_exp_f1:  0.8892 0.8892 0.8892
- val_non_f1:  0.2109 0.2109 0.2109

13056/13056 [==============================] - 70s - loss: 0.8623 - val_loss: 1.5637
Epoch 95/1000
12992/13056 [============================>.] - ETA: 0s - loss: 0.8875
- val_loss: 1.5000
- val_all_f1:  0.5426 0.5426 0.5426
- val_exp_f1:  0.8862 0.8862 0.8862
- val_non_f1:  0.2403 0.2403 0.2403

13056/13056 [==============================] - 70s - loss: 0.8866 - val_loss: 1.5000
Epoch 96/1000
12992/13056 [============================>.] - ETA: 0s - loss: 0.8695
- val_loss: 1.7020
- val_all_f1:  0.4964 0.4964 0.4964
- val_exp_f1:  0.8877 0.8877 0.8877
- val_non_f1:  0.1522 0.1522 0.1522

13056/13056 [==============================] - 70s - loss: 0.8696 - val_loss: 1.7020
Epoch 97/1000
12992/13056 [============================>.] - ETA: 0s - loss: 0.8759
- val_loss: 1.5948
- val_all_f1:  0.5185 0.5185 0.5185
- val_exp_f1:  0.8801 0.8801 0.8801
- val_non_f1:  0.2003 0.2003 0.2003

13056/13056 [==============================] - 70s - loss: 0.8750 - val_loss: 1.5948
Epoch 98/1000
12992/13056 [============================>.] - ETA: 0s - loss: 0.8769
- val_loss: 1.5636
- val_all_f1:  0.5220 0.5220 0.5220
- val_exp_f1:  0.8725 0.8725 0.8725
- val_non_f1:  0.2136 0.2136 0.2136

13056/13056 [==============================] - 69s - loss: 0.8771 - val_loss: 1.5636
Epoch 99/1000
12992/13056 [============================>.] - ETA: 0s - loss: 0.8487
- val_loss: 1.5836
- val_all_f1:  0.5220 0.5220 0.5220
- val_exp_f1:  0.8877 0.8877 0.8877
- val_non_f1:  0.2003 0.2003 0.2003

13056/13056 [==============================] - 69s - loss: 0.8483 - val_loss: 1.5836
Epoch 100/1000
12992/13056 [============================>.] - ETA: 0s - loss: 0.8679
- val_loss: 1.5751
- val_all_f1:  0.5213 0.5213 0.5213
- val_exp_f1:  0.8847 0.8847 0.8847
- val_non_f1:  0.2016 0.2016 0.2016

13056/13056 [==============================] - 72s - loss: 0.8667 - val_loss: 1.5751
Epoch 101/1000
12992/13056 [============================>.] - ETA: 0s - loss: 0.8599
- val_loss: 1.6569
- val_all_f1:  0.5000 0.5000 0.5000
- val_exp_f1:  0.8862 0.8862 0.8862
- val_non_f1:  0.1602 0.1602 0.1602

13056/13056 [==============================] - 70s - loss: 0.8592 - val_loss: 1.6569
Epoch 102/1000
12992/13056 [============================>.] - ETA: 0s - loss: 0.8830
- val_loss: 1.5886
- val_all_f1:  0.5227 0.5227 0.5227
- val_exp_f1:  0.8816 0.8816 0.8816
- val_non_f1:  0.2069 0.2069 0.2069

13056/13056 [==============================] - 70s - loss: 0.8844 - val_loss: 1.5886
Epoch 103/1000
12992/13056 [============================>.] - ETA: 0s - loss: 0.8572
- val_loss: 1.5526
- val_all_f1:  0.5355 0.5355 0.5355
- val_exp_f1:  0.8907 0.8907 0.8907
- val_non_f1:  0.2230 0.2230 0.2230

13056/13056 [==============================] - 70s - loss: 0.8574 - val_loss: 1.5526
Epoch 104/1000
12992/13056 [============================>.] - ETA: 0s - loss: 0.8589
- val_loss: 1.5058
- val_all_f1:  0.5497 0.5497 0.5497
- val_exp_f1:  0.8832 0.8832 0.8832
- val_non_f1:  0.2563 0.2563 0.2563

13056/13056 [==============================] - 70s - loss: 0.8586 - val_loss: 1.5058
Epoch 105/1000
12992/13056 [============================>.] - ETA: 0s - loss: 0.8595
- val_loss: 1.4903
- val_all_f1:  0.5483 0.5483 0.5483
- val_exp_f1:  0.8877 0.8877 0.8877
- val_non_f1:  0.2497 0.2497 0.2497

13056/13056 [==============================] - 70s - loss: 0.8586 - val_loss: 1.4903
Epoch 106/1000
12992/13056 [============================>.] - ETA: 0s - loss: 0.8344
- val_loss: 1.5470
- val_all_f1:  0.5305 0.5305 0.5305
- val_exp_f1:  0.8816 0.8816 0.8816
- val_non_f1:  0.2216 0.2216 0.2216

13056/13056 [==============================] - 70s - loss: 0.8353 - val_loss: 1.5470
Epoch 107/1000
12992/13056 [============================>.] - ETA: 0s - loss: 0.8696
- val_loss: 1.6363
- val_all_f1:  0.5057 0.5057 0.5057
- val_exp_f1:  0.8710 0.8710 0.8710
- val_non_f1:  0.1842 0.1842 0.1842

13056/13056 [==============================] - 69s - loss: 0.8696 - val_loss: 1.6363
Epoch 108/1000
12992/13056 [============================>.] - ETA: 0s - loss: 0.8410
- val_loss: 1.6134
- val_all_f1:  0.5071 0.5071 0.5071
- val_exp_f1:  0.8771 0.8771 0.8771
- val_non_f1:  0.1816 0.1816 0.1816

13056/13056 [==============================] - 70s - loss: 0.8412 - val_loss: 1.6134
Epoch 109/1000
12992/13056 [============================>.] - ETA: 0s - loss: 0.8409
- val_loss: 1.5330
- val_all_f1:  0.5384 0.5384 0.5384
- val_exp_f1:  0.8953 0.8953 0.8953
- val_non_f1:  0.2243 0.2243 0.2243

13056/13056 [==============================] - 70s - loss: 0.8403 - val_loss: 1.5330
Epoch 110/1000
12992/13056 [============================>.] - ETA: 0s - loss: 0.8660
- val_loss: 1.5456
- val_all_f1:  0.5291 0.5291 0.5291
- val_exp_f1:  0.8786 0.8786 0.8786
- val_non_f1:  0.2216 0.2216 0.2216

13056/13056 [==============================] - 69s - loss: 0.8665 - val_loss: 1.5456
Epoch 111/1000
12992/13056 [============================>.] - ETA: 0s - loss: 0.8153
- val_loss: 1.5698
- val_all_f1:  0.5192 0.5192 0.5192
- val_exp_f1:  0.8816 0.8816 0.8816
- val_non_f1:  0.2003 0.2003 0.2003

13056/13056 [==============================] - 70s - loss: 0.8145 - val_loss: 1.5698
Epoch 112/1000
12992/13056 [============================>.] - ETA: 0s - loss: 0.8471
- val_loss: 1.6553
- val_all_f1:  0.5028 0.5028 0.5028
- val_exp_f1:  0.8877 0.8877 0.8877
- val_non_f1:  0.1642 0.1642 0.1642

13056/13056 [==============================] - 69s - loss: 0.8471 - val_loss: 1.6553
Epoch 113/1000
12992/13056 [============================>.] - ETA: 0s - loss: 0.8372
- val_loss: 1.5692
- val_all_f1:  0.5263 0.5263 0.5263
- val_exp_f1:  0.8680 0.8680 0.8680
- val_non_f1:  0.2256 0.2256 0.2256

13056/13056 [==============================] - 70s - loss: 0.8363 - val_loss: 1.5692
Epoch 114/1000
12992/13056 [============================>.] - ETA: 0s - loss: 0.8631
- val_loss: 1.5004
- val_all_f1:  0.5497 0.5497 0.5497
- val_exp_f1:  0.8786 0.8786 0.8786
- val_non_f1:  0.2603 0.2603 0.2603

13056/13056 [==============================] - 70s - loss: 0.8636 - val_loss: 1.5004
Epoch 115/1000
12992/13056 [============================>.] - ETA: 0s - loss: 0.8483
- val_loss: 1.5364
- val_all_f1:  0.5376 0.5376 0.5376
- val_exp_f1:  0.8907 0.8907 0.8907
- val_non_f1:  0.2270 0.2270 0.2270

13056/13056 [==============================] - 69s - loss: 0.8489 - val_loss: 1.5364
Epoch 116/1000
12992/13056 [============================>.] - ETA: 0s - loss: 0.8176
- val_loss: 1.5253
- val_all_f1:  0.5398 0.5398 0.5398
- val_exp_f1:  0.8862 0.8862 0.8862
- val_non_f1:  0.2350 0.2350 0.2350

13056/13056 [==============================] - 69s - loss: 0.8177 - val_loss: 1.5253
Epoch 117/1000
12992/13056 [============================>.] - ETA: 0s - loss: 0.8520
- val_loss: 1.5323
- val_all_f1:  0.5391 0.5391 0.5391
- val_exp_f1:  0.8862 0.8862 0.8862
- val_non_f1:  0.2336 0.2336 0.2336

13056/13056 [==============================] - 69s - loss: 0.8525 - val_loss: 1.5323
Epoch 118/1000
12992/13056 [============================>.] - ETA: 0s - loss: 0.8353
- val_loss: 1.4940
- val_all_f1:  0.5476 0.5476 0.5476
- val_exp_f1:  0.8723 0.8710 0.8717
- val_non_f1:  0.2630 0.2630 0.2630

13056/13056 [==============================] - 69s - loss: 0.8357 - val_loss: 1.4940
Epoch 119/1000
12992/13056 [============================>.] - ETA: 0s - loss: 0.8360
- val_loss: 1.6132
- val_all_f1:  0.5178 0.5178 0.5178
- val_exp_f1:  0.8892 0.8892 0.8892
- val_non_f1:  0.1909 0.1909 0.1909

13056/13056 [==============================] - 69s - loss: 0.8362 - val_loss: 1.6132
Epoch 120/1000
12992/13056 [============================>.] - ETA: 0s - loss: 0.8241
- val_loss: 1.5478
- val_all_f1:  0.5270 0.5270 0.5270
- val_exp_f1:  0.8847 0.8847 0.8847
- val_non_f1:  0.2123 0.2123 0.2123

13056/13056 [==============================] - 69s - loss: 0.8243 - val_loss: 1.5478
Epoch 121/1000
12992/13056 [============================>.] - ETA: 0s - loss: 0.8035
- val_loss: 1.6231
- val_all_f1:  0.5071 0.5071 0.5071
- val_exp_f1:  0.8467 0.8467 0.8467
- val_non_f1:  0.2083 0.2083 0.2083

13056/13056 [==============================] - 70s - loss: 0.8041 - val_loss: 1.6231
Epoch 122/1000
12992/13056 [============================>.] - ETA: 0s - loss: 0.8180
- val_loss: 1.5433
- val_all_f1:  0.5405 0.5405 0.5405
- val_exp_f1:  0.8832 0.8832 0.8832
- val_non_f1:  0.2390 0.2390 0.2390

13056/13056 [==============================] - 69s - loss: 0.8181 - val_loss: 1.5433
Epoch 123/1000
12992/13056 [============================>.] - ETA: 0s - loss: 0.8120
- val_loss: 1.5351
- val_all_f1:  0.5433 0.5433 0.5433
- val_exp_f1:  0.8862 0.8862 0.8862
- val_non_f1:  0.2417 0.2417 0.2417

13056/13056 [==============================] - 69s - loss: 0.8110 - val_loss: 1.5351
Epoch 124/1000
12992/13056 [============================>.] - ETA: 0s - loss: 0.8333
- val_loss: 1.7100
- val_all_f1:  0.4993 0.4993 0.4993
- val_exp_f1:  0.8756 0.8756 0.8756
- val_non_f1:  0.1682 0.1682 0.1682

13056/13056 [==============================] - 69s - loss: 0.8330 - val_loss: 1.7100
Epoch 125/1000
12992/13056 [============================>.] - ETA: 0s - loss: 0.8313
- val_loss: 1.6692
- val_all_f1:  0.5085 0.5085 0.5085
- val_exp_f1:  0.8907 0.8907 0.8907
- val_non_f1:  0.1722 0.1722 0.1722

13056/13056 [==============================] - 69s - loss: 0.8303 - val_loss: 1.6692
Epoch 126/1000
12992/13056 [============================>.] - ETA: 0s - loss: 0.8363
- val_loss: 1.5312
- val_all_f1:  0.5455 0.5455 0.5455
- val_exp_f1:  0.8862 0.8862 0.8862
- val_non_f1:  0.2457 0.2457 0.2457

13056/13056 [==============================] - 69s - loss: 0.8363 - val_loss: 1.5312
Epoch 127/1000
12992/13056 [============================>.] - ETA: 0s - loss: 0.8275
- val_loss: 1.4450
- val_all_f1:  0.5632 0.5632 0.5632
- val_exp_f1:  0.8906 0.8892 0.8899
- val_non_f1:  0.2764 0.2764 0.2764

13056/13056 [==============================] - 69s - loss: 0.8268 - val_loss: 1.4450
Epoch 128/1000
12992/13056 [============================>.] - ETA: 0s - loss: 0.8375
- val_loss: 1.5382
- val_all_f1:  0.5362 0.5362 0.5362
- val_exp_f1:  0.8938 0.8938 0.8938
- val_non_f1:  0.2216 0.2216 0.2216

13056/13056 [==============================] - 69s - loss: 0.8398 - val_loss: 1.5382
Epoch 129/1000
12992/13056 [============================>.] - ETA: 0s - loss: 0.8599
- val_loss: 1.6323
- val_all_f1:  0.5270 0.5270 0.5270
- val_exp_f1:  0.8877 0.8877 0.8877
- val_non_f1:  0.2096 0.2096 0.2096

13056/13056 [==============================] - 69s - loss: 0.8587 - val_loss: 1.6323
Epoch 130/1000
12992/13056 [============================>.] - ETA: 0s - loss: 0.8188
- val_loss: 1.5750
- val_all_f1:  0.5433 0.5433 0.5433
- val_exp_f1:  0.8892 0.8892 0.8892
- val_non_f1:  0.2390 0.2390 0.2390

13056/13056 [==============================] - 69s - loss: 0.8184 - val_loss: 1.5750
Epoch 131/1000
12992/13056 [============================>.] - ETA: 0s - loss: 0.8149
- val_loss: 1.6856
- val_all_f1:  0.5227 0.5227 0.5227
- val_exp_f1:  0.8847 0.8847 0.8847
- val_non_f1:  0.2048 0.2043 0.2045

13056/13056 [==============================] - 69s - loss: 0.8148 - val_loss: 1.6856
Epoch 132/1000
12992/13056 [============================>.] - ETA: 0s - loss: 0.8188
- val_loss: 1.5764
- val_all_f1:  0.5384 0.5384 0.5384
- val_exp_f1:  0.8708 0.8695 0.8702
- val_non_f1:  0.2470 0.2470 0.2470

13056/13056 [==============================] - 70s - loss: 0.8177 - val_loss: 1.5764
Epoch 133/1000
12992/13056 [============================>.] - ETA: 0s - loss: 0.8320
- val_loss: 1.6266
- val_all_f1:  0.5284 0.5284 0.5284
- val_exp_f1:  0.8710 0.8710 0.8710
- val_non_f1:  0.2270 0.2270 0.2270

13056/13056 [==============================] - 70s - loss: 0.8313 - val_loss: 1.6266
Epoch 134/1000
12992/13056 [============================>.] - ETA: 0s - loss: 0.8260
- val_loss: 1.6527
- val_all_f1:  0.5128 0.5128 0.5128
- val_exp_f1:  0.8923 0.8923 0.8923
- val_non_f1:  0.1789 0.1789 0.1789

13056/13056 [==============================] - 70s - loss: 0.8251 - val_loss: 1.6527
Epoch 135/1000
12992/13056 [============================>.] - ETA: 0s - loss: 0.8257
- val_loss: 1.6599
- val_all_f1:  0.5135 0.5135 0.5135
- val_exp_f1:  0.8832 0.8832 0.8832
- val_non_f1:  0.1883 0.1883 0.1883

13056/13056 [==============================] - 70s - loss: 0.8244 - val_loss: 1.6599
Epoch 136/1000
12992/13056 [============================>.] - ETA: 0s - loss: 0.8183
- val_loss: 1.7674
- val_all_f1:  0.4908 0.4908 0.4908
- val_exp_f1:  0.8832 0.8832 0.8832
- val_non_f1:  0.1455 0.1455 0.1455

13056/13056 [==============================] - 70s - loss: 0.8178 - val_loss: 1.7674
Epoch 137/1000
12992/13056 [============================>.] - ETA: 0s - loss: 0.8207
- val_loss: 1.6133
- val_all_f1:  0.5362 0.5362 0.5362
- val_exp_f1:  0.8968 0.8968 0.8968
- val_non_f1:  0.2190 0.2190 0.2190

13056/13056 [==============================] - 69s - loss: 0.8195 - val_loss: 1.6133
Epoch 138/1000
12992/13056 [============================>.] - ETA: 0s - loss: 0.8149
- val_loss: 1.6597
- val_all_f1:  0.5071 0.5071 0.5071
- val_exp_f1:  0.8786 0.8786 0.8786
- val_non_f1:  0.1802 0.1802 0.1802

13056/13056 [==============================] - 69s - loss: 0.8168 - val_loss: 1.6597
Epoch 139/1000
12992/13056 [============================>.] - ETA: 0s - loss: 0.8254
- val_loss: 1.6015
- val_all_f1:  0.5170 0.5170 0.5170
- val_exp_f1:  0.8452 0.8452 0.8452
- val_non_f1:  0.2283 0.2283 0.2283

13056/13056 [==============================] - 69s - loss: 0.8271 - val_loss: 1.6015
Epoch 140/1000
12992/13056 [============================>.] - ETA: 0s - loss: 0.8322
- val_loss: 1.6320
- val_all_f1:  0.5220 0.5220 0.5220
- val_exp_f1:  0.8786 0.8786 0.8786
- val_non_f1:  0.2083 0.2083 0.2083

13056/13056 [==============================] - 70s - loss: 0.8320 - val_loss: 1.6320
Epoch 141/1000
12992/13056 [============================>.] - ETA: 0s - loss: 0.7946
- val_loss: 1.6878
- val_all_f1:  0.5206 0.5206 0.5206
- val_exp_f1:  0.8786 0.8786 0.8786
- val_non_f1:  0.2056 0.2056 0.2056

13056/13056 [==============================] - 70s - loss: 0.7946 - val_loss: 1.6878
Epoch 142/1000
12992/13056 [============================>.] - ETA: 0s - loss: 0.7956
- val_loss: 1.6077
- val_all_f1:  0.5298 0.5298 0.5298
- val_exp_f1:  0.8801 0.8801 0.8801
- val_non_f1:  0.2216 0.2216 0.2216

13056/13056 [==============================] - 69s - loss: 0.7963 - val_loss: 1.6077
Epoch 143/1000
12992/13056 [============================>.] - ETA: 0s - loss: 0.7900
- val_loss: 1.5953
- val_all_f1:  0.5156 0.5156 0.5156
- val_exp_f1:  0.8649 0.8649 0.8649
- val_non_f1:  0.2083 0.2083 0.2083

13056/13056 [==============================] - 70s - loss: 0.7910 - val_loss: 1.5953
Epoch 144/1000
12992/13056 [============================>.] - ETA: 0s - loss: 0.7992
- val_loss: 1.5755
- val_all_f1:  0.5213 0.5213 0.5213
- val_exp_f1:  0.8877 0.8877 0.8877
- val_non_f1:  0.1989 0.1989 0.1989

13056/13056 [==============================] - 70s - loss: 0.8008 - val_loss: 1.5755
Epoch 145/1000
12992/13056 [============================>.] - ETA: 0s - loss: 0.8051
- val_loss: 1.6402
- val_all_f1:  0.5199 0.5199 0.5199
- val_exp_f1:  0.8513 0.8513 0.8513
- val_non_f1:  0.2283 0.2283 0.2283

13056/13056 [==============================] - 70s - loss: 0.8056 - val_loss: 1.6402
Epoch 146/1000
12992/13056 [============================>.] - ETA: 0s - loss: 0.8088
- val_loss: 1.5847
- val_all_f1:  0.5241 0.5241 0.5241
- val_exp_f1:  0.8832 0.8832 0.8832
- val_non_f1:  0.2083 0.2083 0.2083

13056/13056 [==============================] - 70s - loss: 0.8087 - val_loss: 1.5847
Epoch 147/1000
12992/13056 [============================>.] - ETA: 0s - loss: 0.7894
- val_loss: 1.7243
- val_all_f1:  0.5092 0.5092 0.5092
- val_exp_f1:  0.8710 0.8710 0.8710
- val_non_f1:  0.1909 0.1909 0.1909

13056/13056 [==============================] - 70s - loss: 0.7895 - val_loss: 1.7243
Epoch 148/1000
12992/13056 [============================>.] - ETA: 0s - loss: 0.7954
- val_loss: 1.6626
- val_all_f1:  0.5099 0.5099 0.5099
- val_exp_f1:  0.8710 0.8710 0.8710
- val_non_f1:  0.1923 0.1923 0.1923

13056/13056 [==============================] - 70s - loss: 0.7954 - val_loss: 1.6626
Epoch 149/1000
12992/13056 [============================>.] - ETA: 0s - loss: 0.8127
- val_loss: 1.6845
- val_all_f1:  0.5043 0.5043 0.5043
- val_exp_f1:  0.8786 0.8786 0.8786
- val_non_f1:  0.1749 0.1749 0.1749

13056/13056 [==============================] - 70s - loss: 0.8119 - val_loss: 1.6845
Epoch 150/1000
12992/13056 [============================>.] - ETA: 0s - loss: 0.8018
- val_loss: 1.5158
- val_all_f1:  0.5405 0.5405 0.5405
- val_exp_f1:  0.8830 0.8816 0.8823
- val_non_f1:  0.2403 0.2403 0.2403

13056/13056 [==============================] - 70s - loss: 0.8011 - val_loss: 1.5158
Epoch 151/1000
12992/13056 [============================>.] - ETA: 0s - loss: 0.7855
- val_loss: 1.8270
- val_all_f1:  0.4886 0.4886 0.4886
- val_exp_f1:  0.8619 0.8619 0.8619
- val_non_f1:  0.1604 0.1602 0.1603

13056/13056 [==============================] - 70s - loss: 0.7859 - val_loss: 1.8270
Epoch 152/1000
12992/13056 [============================>.] - ETA: 0s - loss: 0.7986
- val_loss: 1.7181
- val_all_f1:  0.5099 0.5099 0.5099
- val_exp_f1:  0.8786 0.8786 0.8786
- val_non_f1:  0.1856 0.1856 0.1856

13056/13056 [==============================] - 70s - loss: 0.7986 - val_loss: 1.7181
Epoch 153/1000
12992/13056 [============================>.] - ETA: 0s - loss: 0.7854
- val_loss: 1.7323
- val_all_f1:  0.5114 0.5114 0.5114
- val_exp_f1:  0.8725 0.8725 0.8725
- val_non_f1:  0.1936 0.1936 0.1936

13056/13056 [==============================] - 70s - loss: 0.7847 - val_loss: 1.7323
Epoch 154/1000
12992/13056 [============================>.] - ETA: 0s - loss: 0.8079
- val_loss: 1.6059
- val_all_f1:  0.5412 0.5412 0.5412
- val_exp_f1:  0.8695 0.8695 0.8695
- val_non_f1:  0.2523 0.2523 0.2523

13056/13056 [==============================] - 70s - loss: 0.8093 - val_loss: 1.6059
Epoch 155/1000
12992/13056 [============================>.] - ETA: 0s - loss: 0.8149
- val_loss: 1.8551
- val_all_f1:  0.4950 0.4950 0.4950
- val_exp_f1:  0.8756 0.8756 0.8756
- val_non_f1:  0.1602 0.1602 0.1602

13056/13056 [==============================] - 70s - loss: 0.8145 - val_loss: 1.8551
Epoch 156/1000
12992/13056 [============================>.] - ETA: 0s - loss: 0.7687
- val_loss: 1.6151
- val_all_f1:  0.5199 0.5199 0.5199
- val_exp_f1:  0.8907 0.8907 0.8907
- val_non_f1:  0.1936 0.1936 0.1936

13056/13056 [==============================] - 69s - loss: 0.7688 - val_loss: 1.6151
Epoch 157/1000
12992/13056 [============================>.] - ETA: 0s - loss: 0.8031
- val_loss: 1.6452
- val_all_f1:  0.5064 0.5064 0.5064
- val_exp_f1:  0.8558 0.8558 0.8558
- val_non_f1:  0.1989 0.1989 0.1989

13056/13056 [==============================] - 70s - loss: 0.8025 - val_loss: 1.6452
Epoch 158/1000
12992/13056 [============================>.] - ETA: 0s - loss: 0.7983
- val_loss: 1.5943
- val_all_f1:  0.5199 0.5199 0.5199
- val_exp_f1:  0.8769 0.8756 0.8762
- val_non_f1:  0.2069 0.2069 0.2069

13056/13056 [==============================] - 69s - loss: 0.7986 - val_loss: 1.5943
Epoch 159/1000
12992/13056 [============================>.] - ETA: 0s - loss: 0.8030
- val_loss: 1.7850
- val_all_f1:  0.4979 0.4979 0.4979
- val_exp_f1:  0.8741 0.8741 0.8741
- val_non_f1:  0.1669 0.1669 0.1669

13056/13056 [==============================] - 69s - loss: 0.8029 - val_loss: 1.7850
Epoch 160/1000
12992/13056 [============================>.] - ETA: 0s - loss: 0.7806
- val_loss: 1.7061
- val_all_f1:  0.4872 0.4872 0.4872
- val_exp_f1:  0.8225 0.8225 0.8225
- val_non_f1:  0.1923 0.1923 0.1923

13056/13056 [==============================] - 69s - loss: 0.7799 - val_loss: 1.7061
Epoch 161/1000
12992/13056 [============================>.] - ETA: 0s - loss: 0.7645
- val_loss: 1.6604
- val_all_f1:  0.5313 0.5313 0.5313
- val_exp_f1:  0.8786 0.8786 0.8786
- val_non_f1:  0.2256 0.2256 0.2256

13056/13056 [==============================] - 70s - loss: 0.7636 - val_loss: 1.6604
Epoch 162/1000
12992/13056 [============================>.] - ETA: 0s - loss: 0.7739
- val_loss: 1.7203
- val_all_f1:  0.4964 0.4964 0.4964
- val_exp_f1:  0.7982 0.7982 0.7982
- val_non_f1:  0.2313 0.2310 0.2311

13056/13056 [==============================] - 70s - loss: 0.7751 - val_loss: 1.7203
Epoch 163/1000
12992/13056 [============================>.] - ETA: 0s - loss: 0.8100
- val_loss: 1.6823
- val_all_f1:  0.5156 0.5156 0.5156
- val_exp_f1:  0.8832 0.8832 0.8832
- val_non_f1:  0.1923 0.1923 0.1923

13056/13056 [==============================] - 69s - loss: 0.8094 - val_loss: 1.6823
Epoch 164/1000
12992/13056 [============================>.] - ETA: 0s - loss: 0.7661
- val_loss: 1.7162
- val_all_f1:  0.5135 0.5135 0.5135
- val_exp_f1:  0.8574 0.8574 0.8574
- val_non_f1:  0.2109 0.2109 0.2109

13056/13056 [==============================] - 70s - loss: 0.7673 - val_loss: 1.7162
Epoch 165/1000
12992/13056 [============================>.] - ETA: 0s - loss: 0.8043
- val_loss: 1.5218
- val_all_f1:  0.5554 0.5554 0.5554
- val_exp_f1:  0.8830 0.8816 0.8823
- val_non_f1:  0.2684 0.2684 0.2684

13056/13056 [==============================] - 70s - loss: 0.8037 - val_loss: 1.5218
Epoch 166/1000
12992/13056 [============================>.] - ETA: 0s - loss: 0.7709
- val_loss: 1.5609
- val_all_f1:  0.5362 0.5362 0.5362
- val_exp_f1:  0.8465 0.8452 0.8459
- val_non_f1:  0.2644 0.2644 0.2644

13056/13056 [==============================] - 70s - loss: 0.7720 - val_loss: 1.5609
Epoch 167/1000
12992/13056 [============================>.] - ETA: 0s - loss: 0.7794
- val_loss: 1.6829
- val_all_f1:  0.5277 0.5277 0.5277
- val_exp_f1:  0.8786 0.8786 0.8786
- val_non_f1:  0.2190 0.2190 0.2190

13056/13056 [==============================] - 69s - loss: 0.7803 - val_loss: 1.6829
Epoch 168/1000
12992/13056 [============================>.] - ETA: 0s - loss: 0.7625
- val_loss: 1.7228
- val_all_f1:  0.4979 0.4979 0.4979
- val_exp_f1:  0.8604 0.8604 0.8604
- val_non_f1:  0.1789 0.1789 0.1789

13056/13056 [==============================] - 70s - loss: 0.7624 - val_loss: 1.7228
Epoch 169/1000
12992/13056 [============================>.] - ETA: 0s - loss: 0.7766
- val_loss: 1.6695
- val_all_f1:  0.5107 0.5107 0.5107
- val_exp_f1:  0.8483 0.8483 0.8483
- val_non_f1:  0.2139 0.2136 0.2138

13056/13056 [==============================] - 70s - loss: 0.7761 - val_loss: 1.6695
Epoch 170/1000
12992/13056 [============================>.] - ETA: 0s - loss: 0.7740
- val_loss: 1.5876
- val_all_f1:  0.5369 0.5369 0.5369
- val_exp_f1:  0.8708 0.8695 0.8702
- val_non_f1:  0.2443 0.2443 0.2443

13056/13056 [==============================] - 69s - loss: 0.7740 - val_loss: 1.5876
Epoch 171/1000
12992/13056 [============================>.] - ETA: 0s - loss: 0.7645
- val_loss: 1.7245
- val_all_f1:  0.5121 0.5121 0.5121
- val_exp_f1:  0.8558 0.8558 0.8558
- val_non_f1:  0.2096 0.2096 0.2096

13056/13056 [==============================] - 69s - loss: 0.7634 - val_loss: 1.7245
Epoch 172/1000
12992/13056 [============================>.] - ETA: 0s - loss: 0.7772
- val_loss: 1.7814
- val_all_f1:  0.5014 0.5014 0.5014
- val_exp_f1:  0.8756 0.8756 0.8756
- val_non_f1:  0.1722 0.1722 0.1722

13056/13056 [==============================] - 70s - loss: 0.7780 - val_loss: 1.7814
Epoch 173/1000
12992/13056 [============================>.] - ETA: 0s - loss: 0.7741
- val_loss: 1.6980
- val_all_f1:  0.5256 0.5256 0.5256
- val_exp_f1:  0.8649 0.8649 0.8649
- val_non_f1:  0.2270 0.2270 0.2270

13056/13056 [==============================] - 70s - loss: 0.7729 - val_loss: 1.6980
Epoch 174/1000
12992/13056 [============================>.] - ETA: 0s - loss: 0.7671
- val_loss: 1.5569
- val_all_f1:  0.5497 0.5497 0.5497
- val_exp_f1:  0.8815 0.8801 0.8808
- val_non_f1:  0.2590 0.2590 0.2590

13056/13056 [==============================] - 70s - loss: 0.7662 - val_loss: 1.5569
Epoch 175/1000
12992/13056 [============================>.] - ETA: 0s - loss: 0.7763
- val_loss: 1.6815
- val_all_f1:  0.5170 0.5170 0.5170
- val_exp_f1:  0.8771 0.8771 0.8771
- val_non_f1:  0.2003 0.2003 0.2003

13056/13056 [==============================] - 70s - loss: 0.7758 - val_loss: 1.6815
Epoch 176/1000
12992/13056 [============================>.] - ETA: 0s - loss: 0.7854
- val_loss: 1.6870
- val_all_f1:  0.5199 0.5199 0.5199
- val_exp_f1:  0.8649 0.8649 0.8649
- val_non_f1:  0.2163 0.2163 0.2163

13056/13056 [==============================] - 70s - loss: 0.7895 - val_loss: 1.6870
Epoch 177/1000
12992/13056 [============================>.] - ETA: 0s - loss: 0.7548
- val_loss: 1.6975
- val_all_f1:  0.5220 0.5220 0.5220
- val_exp_f1:  0.8786 0.8786 0.8786
- val_non_f1:  0.2083 0.2083 0.2083

13056/13056 [==============================] - 70s - loss: 0.7541 - val_loss: 1.6975
Epoch 178/1000
12992/13056 [============================>.] - ETA: 0s - loss: 0.7649
- val_loss: 1.7397
- val_all_f1:  0.5099 0.5099 0.5099
- val_exp_f1:  0.8467 0.8467 0.8467
- val_non_f1:  0.2136 0.2136 0.2136

13056/13056 [==============================] - 69s - loss: 0.7651 - val_loss: 1.7397
Epoch 179/1000
12992/13056 [============================>.] - ETA: 0s - loss: 0.8017
- val_loss: 1.7934
- val_all_f1:  0.4993 0.4993 0.4993
- val_exp_f1:  0.8437 0.8437 0.8437
- val_non_f1:  0.1963 0.1963 0.1963

13056/13056 [==============================] - 70s - loss: 0.8017 - val_loss: 1.7934
Epoch 180/1000
12992/13056 [============================>.] - ETA: 0s - loss: 0.7600
- val_loss: 1.7499
- val_all_f1:  0.5149 0.5149 0.5149
- val_exp_f1:  0.8695 0.8695 0.8695
- val_non_f1:  0.2029 0.2029 0.2029

13056/13056 [==============================] - 69s - loss: 0.7599 - val_loss: 1.7499
Epoch 181/1000
12992/13056 [============================>.] - ETA: 0s - loss: 0.7422
- val_loss: 1.6693
- val_all_f1:  0.5334 0.5334 0.5334
- val_exp_f1:  0.8786 0.8786 0.8786
- val_non_f1:  0.2296 0.2296 0.2296

13056/13056 [==============================] - 70s - loss: 0.7429 - val_loss: 1.6693
Epoch 182/1000
12992/13056 [============================>.] - ETA: 0s - loss: 0.7405
- val_loss: 1.7487
- val_all_f1:  0.5199 0.5199 0.5199
- val_exp_f1:  0.8771 0.8771 0.8771
- val_non_f1:  0.2056 0.2056 0.2056

13056/13056 [==============================] - 70s - loss: 0.7408 - val_loss: 1.7487
Epoch 183/1000
12992/13056 [============================>.] - ETA: 0s - loss: 0.7537
- val_loss: 1.8042
- val_all_f1:  0.5036 0.5036 0.5036
- val_exp_f1:  0.8498 0.8498 0.8498
- val_non_f1:  0.1989 0.1989 0.1989

13056/13056 [==============================] - 72s - loss: 0.7544 - val_loss: 1.8042
Epoch 184/1000
12992/13056 [============================>.] - ETA: 0s - loss: 0.7553
- val_loss: 1.7365
- val_all_f1:  0.5099 0.5099 0.5099
- val_exp_f1:  0.8816 0.8816 0.8816
- val_non_f1:  0.1829 0.1829 0.1829

13056/13056 [==============================] - 70s - loss: 0.7554 - val_loss: 1.7365
Epoch 185/1000
12992/13056 [============================>.] - ETA: 0s - loss: 0.7495
- val_loss: 1.6428
- val_all_f1:  0.5277 0.5277 0.5277
- val_exp_f1:  0.8725 0.8725 0.8725
- val_non_f1:  0.2243 0.2243 0.2243

13056/13056 [==============================] - 70s - loss: 0.7494 - val_loss: 1.6428
Epoch 186/1000
12992/13056 [============================>.] - ETA: 0s - loss: 0.7634
- val_loss: 1.7463
- val_all_f1:  0.5099 0.5099 0.5099
- val_exp_f1:  0.8801 0.8801 0.8801
- val_non_f1:  0.1842 0.1842 0.1842

13056/13056 [==============================] - 70s - loss: 0.7634 - val_loss: 1.7463
Epoch 187/1000
12992/13056 [============================>.] - ETA: 0s - loss: 0.7721
- val_loss: 1.7653
- val_all_f1:  0.5071 0.5071 0.5071
- val_exp_f1:  0.8710 0.8710 0.8710
- val_non_f1:  0.1869 0.1869 0.1869

13056/13056 [==============================] - 69s - loss: 0.7714 - val_loss: 1.7653
Epoch 188/1000
12992/13056 [============================>.] - ETA: 0s - loss: 0.7605
- val_loss: 1.7197
- val_all_f1:  0.5170 0.5170 0.5170
- val_exp_f1:  0.8725 0.8725 0.8725
- val_non_f1:  0.2043 0.2043 0.2043

13056/13056 [==============================] - 69s - loss: 0.7598 - val_loss: 1.7197
Epoch 189/1000
12992/13056 [============================>.] - ETA: 0s - loss: 0.7742
- val_loss: 1.7453
- val_all_f1:  0.5007 0.5007 0.5007
- val_exp_f1:  0.8073 0.8073 0.8073
- val_non_f1:  0.2310 0.2310 0.2310

13056/13056 [==============================] - 70s - loss: 0.7769 - val_loss: 1.7453
Epoch 190/1000
12992/13056 [============================>.] - ETA: 0s - loss: 0.8075
- val_loss: 1.7518
- val_all_f1:  0.4908 0.4908 0.4908
- val_exp_f1:  0.8134 0.8134 0.8134
- val_non_f1:  0.2069 0.2069 0.2069

13056/13056 [==============================] - 70s - loss: 0.8080 - val_loss: 1.7518
Epoch 191/1000
12992/13056 [============================>.] - ETA: 0s - loss: 0.7812
- val_loss: 1.8328
- val_all_f1:  0.4964 0.4964 0.4964
- val_exp_f1:  0.8649 0.8649 0.8649
- val_non_f1:  0.1722 0.1722 0.1722

13056/13056 [==============================] - 70s - loss: 0.7799 - val_loss: 1.8328
Epoch 192/1000
12992/13056 [============================>.] - ETA: 0s - loss: 0.7410
- val_loss: 1.6678
- val_all_f1:  0.5227 0.5227 0.5227
- val_exp_f1:  0.8832 0.8832 0.8832
- val_non_f1:  0.2056 0.2056 0.2056

13056/13056 [==============================] - 69s - loss: 0.7418 - val_loss: 1.6678
Epoch 193/1000
12992/13056 [============================>.] - ETA: 0s - loss: 0.7305
- val_loss: 1.7862
- val_all_f1:  0.5043 0.5043 0.5043
- val_exp_f1:  0.8695 0.8695 0.8695
- val_non_f1:  0.1829 0.1829 0.1829

13056/13056 [==============================] - 70s - loss: 0.7319 - val_loss: 1.7862
Epoch 194/1000
12992/13056 [============================>.] - ETA: 0s - loss: 0.7414
- val_loss: 1.7540
- val_all_f1:  0.5028 0.5028 0.5028
- val_exp_f1:  0.8604 0.8604 0.8604
- val_non_f1:  0.1883 0.1883 0.1883

13056/13056 [==============================] - 70s - loss: 0.7416 - val_loss: 1.7540
Epoch 195/1000
12992/13056 [============================>.] - ETA: 0s - loss: 0.7434
- val_loss: 1.6530
- val_all_f1:  0.5305 0.5305 0.5305
- val_exp_f1:  0.8786 0.8786 0.8786
- val_non_f1:  0.2243 0.2243 0.2243

13056/13056 [==============================] - 69s - loss: 0.7445 - val_loss: 1.6530
Epoch 196/1000
12992/13056 [============================>.] - ETA: 0s - loss: 0.7396
- val_loss: 1.8230
- val_all_f1:  0.5107 0.5107 0.5107
- val_exp_f1:  0.8634 0.8634 0.8634
- val_non_f1:  0.2003 0.2003 0.2003

13056/13056 [==============================] - 69s - loss: 0.7409 - val_loss: 1.8230
Epoch 197/1000
12992/13056 [============================>.] - ETA: 0s - loss: 0.7598
- val_loss: 1.8366
- val_all_f1:  0.4950 0.4950 0.4950
- val_exp_f1:  0.8619 0.8619 0.8619
- val_non_f1:  0.1722 0.1722 0.1722

13056/13056 [==============================] - 70s - loss: 0.7598 - val_loss: 1.8366
Epoch 198/1000
12992/13056 [============================>.] - ETA: 0s - loss: 0.7834
- val_loss: 1.7303
- val_all_f1:  0.5128 0.5128 0.5128
- val_exp_f1:  0.8756 0.8756 0.8756
- val_non_f1:  0.1936 0.1936 0.1936

13056/13056 [==============================] - 70s - loss: 0.7827 - val_loss: 1.7303
Epoch 199/1000
12992/13056 [============================>.] - ETA: 0s - loss: 0.7616
- val_loss: 1.6073
- val_all_f1:  0.5284 0.5284 0.5284
- val_exp_f1:  0.8619 0.8619 0.8619
- val_non_f1:  0.2350 0.2350 0.2350

13056/13056 [==============================] - 69s - loss: 0.7616 - val_loss: 1.6073
Epoch 200/1000
12992/13056 [============================>.] - ETA: 0s - loss: 0.7208
- val_loss: 1.9454
- val_all_f1:  0.4780 0.4780 0.4780
- val_exp_f1:  0.8452 0.8452 0.8452
- val_non_f1:  0.1553 0.1549 0.1551

13056/13056 [==============================] - 69s - loss: 0.7203 - val_loss: 1.9454
Epoch 201/1000
12992/13056 [============================>.] - ETA: 0s - loss: 0.7105
- val_loss: 1.7030
- val_all_f1:  0.5149 0.5149 0.5149
- val_exp_f1:  0.8680 0.8680 0.8680
- val_non_f1:  0.2043 0.2043 0.2043

13056/13056 [==============================] - 70s - loss: 0.7101 - val_loss: 1.7030
Epoch 202/1000
12992/13056 [============================>.] - ETA: 0s - loss: 0.7511
- val_loss: 1.8047
- val_all_f1:  0.5036 0.5036 0.5036
- val_exp_f1:  0.8695 0.8695 0.8695
- val_non_f1:  0.1821 0.1816 0.1818

13056/13056 [==============================] - 69s - loss: 0.7502 - val_loss: 1.8047
Epoch 203/1000
12992/13056 [============================>.] - ETA: 0s - loss: 0.7353
- val_loss: 1.7708
- val_all_f1:  0.5000 0.5000 0.5000
- val_exp_f1:  0.8528 0.8528 0.8528
- val_non_f1:  0.1898 0.1896 0.1897

13056/13056 [==============================] - 69s - loss: 0.7359 - val_loss: 1.7708
Epoch 204/1000
12992/13056 [============================>.] - ETA: 0s - loss: 0.7442
- val_loss: 1.7914
- val_all_f1:  0.5135 0.5135 0.5135
- val_exp_f1:  0.8634 0.8634 0.8634
- val_non_f1:  0.2062 0.2056 0.2059

13056/13056 [==============================] - 70s - loss: 0.7442 - val_loss: 1.7914
Epoch 205/1000
12992/13056 [============================>.] - ETA: 0s - loss: 0.7404
- val_loss: 1.8649
- val_all_f1:  0.4929 0.4929 0.4929
- val_exp_f1:  0.8558 0.8558 0.8558
- val_non_f1:  0.1736 0.1736 0.1736

13056/13056 [==============================] - 69s - loss: 0.7400 - val_loss: 1.8649
Epoch 206/1000
12992/13056 [============================>.] - ETA: 0s - loss: 0.7222
- val_loss: 1.6109
- val_all_f1:  0.5277 0.5277 0.5277
- val_exp_f1:  0.8695 0.8695 0.8695
- val_non_f1:  0.2270 0.2270 0.2270

13056/13056 [==============================] - 70s - loss: 0.7213 - val_loss: 1.6109
Epoch 207/1000
12992/13056 [============================>.] - ETA: 0s - loss: 0.7390
- val_loss: 1.5542
- val_all_f1:  0.5391 0.5391 0.5391
- val_exp_f1:  0.8801 0.8801 0.8801
- val_non_f1:  0.2393 0.2390 0.2391

13056/13056 [==============================] - 69s - loss: 0.7397 - val_loss: 1.5542
Epoch 208/1000
12992/13056 [============================>.] - ETA: 0s - loss: 0.7458
- val_loss: 1.7787
- val_all_f1:  0.5163 0.5163 0.5163
- val_exp_f1:  0.8695 0.8695 0.8695
- val_non_f1:  0.2062 0.2056 0.2059

13056/13056 [==============================] - 70s - loss: 0.7445 - val_loss: 1.7787
Epoch 209/1000
12992/13056 [============================>.] - ETA: 0s - loss: 0.7927
- val_loss: 1.5853
- val_all_f1:  0.5263 0.5263 0.5263
- val_exp_f1:  0.8801 0.8801 0.8801
- val_non_f1:  0.2152 0.2150 0.2151

13056/13056 [==============================] - 70s - loss: 0.7934 - val_loss: 1.5853
Epoch 210/1000
12992/13056 [============================>.] - ETA: 0s - loss: 0.7498
- val_loss: 1.7252
- val_all_f1:  0.5220 0.5220 0.5220
- val_exp_f1:  0.8695 0.8695 0.8695
- val_non_f1:  0.2166 0.2163 0.2164

13056/13056 [==============================] - 70s - loss: 0.7503 - val_loss: 1.7252
Epoch 211/1000
12992/13056 [============================>.] - ETA: 0s - loss: 0.7502
- val_loss: 1.6736
- val_all_f1:  0.5298 0.5298 0.5298
- val_exp_f1:  0.8907 0.8907 0.8907
- val_non_f1:  0.2123 0.2123 0.2123

13056/13056 [==============================] - 70s - loss: 0.7491 - val_loss: 1.6736
Epoch 212/1000
12992/13056 [============================>.] - ETA: 0s - loss: 0.7353
- val_loss: 1.7971
- val_all_f1:  0.5036 0.5036 0.5036
- val_exp_f1:  0.8680 0.8680 0.8680
- val_non_f1:  0.1834 0.1829 0.1832

13056/13056 [==============================] - 70s - loss: 0.7350 - val_loss: 1.7971
Epoch 213/1000
12992/13056 [============================>.] - ETA: 0s - loss: 0.7471
- val_loss: 1.6781
- val_all_f1:  0.5178 0.5178 0.5178
- val_exp_f1:  0.8786 0.8786 0.8786
- val_non_f1:  0.2011 0.2003 0.2007

13056/13056 [==============================] - 70s - loss: 0.7467 - val_loss: 1.6781
Epoch 214/1000
12992/13056 [============================>.] - ETA: 0s - loss: 0.7433
- val_loss: 1.7320
- val_all_f1:  0.5121 0.5121 0.5121
- val_exp_f1:  0.8619 0.8619 0.8619
- val_non_f1:  0.2051 0.2043 0.2047

13056/13056 [==============================] - 70s - loss: 0.7419 - val_loss: 1.7320
Epoch 215/1000
12992/13056 [============================>.] - ETA: 0s - loss: 0.7188
- val_loss: 1.9599
- val_all_f1:  0.4858 0.4858 0.4858
- val_exp_f1:  0.8407 0.8407 0.8407
- val_non_f1:  0.1738 0.1736 0.1737

13056/13056 [==============================] - 70s - loss: 0.7195 - val_loss: 1.9599
Epoch 216/1000
12992/13056 [============================>.] - ETA: 0s - loss: 0.7369
- val_loss: 1.9298
- val_all_f1:  0.4957 0.4957 0.4957
- val_exp_f1:  0.8634 0.8634 0.8634
- val_non_f1:  0.1722 0.1722 0.1722

13056/13056 [==============================] - 70s - loss: 0.7368 - val_loss: 1.9298
Epoch 217/1000
12992/13056 [============================>.] - ETA: 0s - loss: 0.7179
- val_loss: 1.8146
- val_all_f1:  0.4893 0.4893 0.4893
- val_exp_f1:  0.8300 0.8300 0.8300
- val_non_f1:  0.1896 0.1896 0.1896

13056/13056 [==============================] - 70s - loss: 0.7185 - val_loss: 1.8146
Epoch 218/1000
12992/13056 [============================>.] - ETA: 0s - loss: 0.7507
- val_loss: 1.7380
- val_all_f1:  0.5192 0.5192 0.5192
- val_exp_f1:  0.8680 0.8680 0.8680
- val_non_f1:  0.2123 0.2123 0.2123

13056/13056 [==============================] - 70s - loss: 0.7513 - val_loss: 1.7380
Epoch 219/1000
12992/13056 [============================>.] - ETA: 0s - loss: 0.7595
- val_loss: 1.7670
- val_all_f1:  0.5256 0.5256 0.5256
- val_exp_f1:  0.8741 0.8741 0.8741
- val_non_f1:  0.2193 0.2190 0.2191

13056/13056 [==============================] - 70s - loss: 0.7586 - val_loss: 1.7670
Epoch 220/1000
12992/13056 [============================>.] - ETA: 0s - loss: 0.7297
- val_loss: 2.0833
- val_all_f1:  0.4773 0.4773 0.4773
- val_exp_f1:  0.8483 0.8483 0.8483
- val_non_f1:  0.1509 0.1509 0.1509

13056/13056 [==============================] - 70s - loss: 0.7305 - val_loss: 2.0833
Epoch 221/1000
12992/13056 [============================>.] - ETA: 0s - loss: 0.7118
- val_loss: 1.9333
- val_all_f1:  0.4908 0.4908 0.4908
- val_exp_f1:  0.8528 0.8528 0.8528
- val_non_f1:  0.1725 0.1722 0.1723

13056/13056 [==============================] - 70s - loss: 0.7123 - val_loss: 1.9333
Epoch 222/1000
12992/13056 [============================>.] - ETA: 0s - loss: 0.7191
- val_loss: 1.7313
- val_all_f1:  0.5270 0.5270 0.5270
- val_exp_f1:  0.8725 0.8725 0.8725
- val_non_f1:  0.2230 0.2230 0.2230

13056/13056 [==============================] - 70s - loss: 0.7197 - val_loss: 1.7313
Epoch 223/1000
12992/13056 [============================>.] - ETA: 0s - loss: 0.7391
- val_loss: 1.8910
- val_all_f1:  0.4794 0.4794 0.4794
- val_exp_f1:  0.8164 0.8164 0.8164
- val_non_f1:  0.1834 0.1829 0.1832

13056/13056 [==============================] - 69s - loss: 0.7411 - val_loss: 1.8910
Epoch 224/1000
12992/13056 [============================>.] - ETA: 0s - loss: 0.7274
- val_loss: 1.7883
- val_all_f1:  0.4972 0.4972 0.4972
- val_exp_f1:  0.8604 0.8604 0.8604
- val_non_f1:  0.1778 0.1776 0.1777

13056/13056 [==============================] - 69s - loss: 0.7268 - val_loss: 1.7883
Epoch 225/1000
12992/13056 [============================>.] - ETA: 0s - loss: 0.7132
- val_loss: 1.9629
- val_all_f1:  0.4851 0.4851 0.4851
- val_exp_f1:  0.8209 0.8209 0.8209
- val_non_f1:  0.1903 0.1896 0.1900

13056/13056 [==============================] - 69s - loss: 0.7137 - val_loss: 1.9629
Epoch 226/1000
12992/13056 [============================>.] - ETA: 0s - loss: 0.7263
- val_loss: 1.7500
- val_all_f1:  0.5128 0.5128 0.5128
- val_exp_f1:  0.8710 0.8710 0.8710
- val_non_f1:  0.1981 0.1976 0.1979

13056/13056 [==============================] - 70s - loss: 0.7260 - val_loss: 1.7500
Epoch 227/1000
12992/13056 [============================>.] - ETA: 0s - loss: 0.7325
- val_loss: 1.8126
- val_all_f1:  0.4893 0.4893 0.4893
- val_exp_f1:  0.8240 0.8240 0.8240
- val_non_f1:  0.1954 0.1949 0.1952

13056/13056 [==============================] - 70s - loss: 0.7323 - val_loss: 1.8126
Epoch 228/1000
12992/13056 [============================>.] - ETA: 0s - loss: 0.7283
- val_loss: 1.6759
- val_all_f1:  0.5199 0.5199 0.5199
- val_exp_f1:  0.8786 0.8786 0.8786
- val_non_f1:  0.2045 0.2043 0.2044

13056/13056 [==============================] - 69s - loss: 0.7273 - val_loss: 1.6759
[2019-04-16 08:15] training finished (ex/conll16st-v35-en-fd-2-rn-2-0)
[2019-04-16 08:15] best_val_loss: 126 - loss: 0.8268 - val_loss: 1.4450 - val_all_f1: 0.5632 - val_exp_f1: 0.8899 - val_non_f1: 0.2764
[2019-04-16 08:15] best_val_all_f1: 126 - loss: 0.8268 - val_loss: 1.4450 - val_all_f1: 0.5632 - val_exp_f1: 0.8899 - val_non_f1: 0.2764
[2019-04-16 08:15] time: loaded: 173.3087 - prepared: 258.5632 - trained: 15970.1622 - epoch: 700.4457 - epoch_cnt: 22.8000 - epoch_samples: 130560.0000
