[2019-03-10 20:13] configuration (ex/conll16st-v35gru-en/blind)
[2019-03-10 20:13]   config 'arg1_len': 100
[2019-03-10 20:13]   config 'arg2_len': 100
[2019-03-10 20:13]   config 'backend': theano
[2019-03-10 20:13]   config 'backend_theano': device=cpu
[2019-03-10 20:13]   config 'batch_size': 64
[2019-03-10 20:13]   config 'conn_len': 10
[2019-03-10 20:13]   config 'dataset_dir': data/conll15st-en-03-29-16-blind-test
[2019-03-10 20:13]   config 'filter_fn_name': None
[2019-03-10 20:13]   config 'input_size': None
[2019-03-10 20:13]   config 'lang': en
[2019-03-10 20:13]   config 'mode': word
[2019-03-10 20:13]   config 'model_dir': ex/conll16st-v35gru-en
[2019-03-10 20:13]   config 'normalization_mode': sample_aspect
[2019-03-10 20:13]   config 'output_dir': ex/conll16st-v35gru-en/blind
[2019-03-10 20:13]   config 'punc_len': 0
[2019-03-10 20:13]   config 'rest': ['--filter_type=gru-fb', '--rnn_type=gru-fwd', '--filter_dim=8', '--rnn_num=8']
[2019-03-10 20:13]   config 'snapshot_size': 2048
[2019-03-10 20:13] load dataset for prediction (data/conll15st-en-03-29-16-blind-test)
[2019-03-10 20:13]   lang: en, doc_ids: 71, words: 34621, rel_ids: 1209, relation tokens: 44203
[2019-03-10 20:13] load previous indexes (ex/conll16st-v35gru-en/indexes.pkl)
[2019-03-10 20:13]   words2id: 43918, target2id: 23
[2019-03-10 20:13] load model (ex/conll16st-v35gru-en)
[2019-03-10 20:13] load previous weights (ex/conll16st-v35gru-en/weights_val_all_f1.hdf5)
[2019-03-10 20:13] make predictions
[2019-03-10 20:13] save predictions (ex/conll16st-v35gru-en/blind/output.json)
[2019-03-10 20:13] save predictions (ex/conll16st-v35gru-en/blind/output_proba.json)
[2019-03-10 20:13] peek into filtering weights (ex/conll16st-v35gru-en/blind/peek.html)
[2019-03-10 20:14] finished (ex/conll16st-v35gru-en/blind)
[2019-03-10 20:14] time: loaded: 13.9953 - prepared: 2.8304 - predicted: 37.2062
