[2019-03-06 01:28] configuration (ex/conll16st-v35gru-zh/blind)
[2019-03-06 01:28]   config 'arg1_len': 500
[2019-03-06 01:28]   config 'arg2_len': 500
[2019-03-06 01:28]   config 'backend': theano
[2019-03-06 01:28]   config 'backend_theano': device=cpu
[2019-03-06 01:28]   config 'batch_size': 64
[2019-03-06 01:28]   config 'conn_len': 10
[2019-03-06 01:28]   config 'dataset_dir': data/conll16st-zh-04-27-2016-blind-test
[2019-03-06 01:28]   config 'filter_fn_name': None
[2019-03-06 01:28]   config 'input_size': None
[2019-03-06 01:28]   config 'lang': zh
[2019-03-06 01:28]   config 'mode': word
[2019-03-06 01:28]   config 'model_dir': ex/conll16st-v35gru-zh
[2019-03-06 01:28]   config 'normalization_mode': sample_aspect
[2019-03-06 01:28]   config 'output_dir': ex/conll16st-v35gru-zh/blind
[2019-03-06 01:28]   config 'punc_len': 2
[2019-03-06 01:28]   config 'rest': ['--filter_type=gru-fb', '--rnn_type=gru-fwd']
[2019-03-06 01:28]   config 'snapshot_size': 2048
[2019-03-06 01:28] load dataset for prediction (data/conll16st-zh-04-27-2016-blind-test)
[2019-03-06 01:28]   lang: zh, doc_ids: 64, words: 29892, rel_ids: 2101, relation tokens: 82465
[2019-03-06 01:28] load previous indexes (ex/conll16st-v35gru-zh/indexes.pkl)
[2019-03-06 01:28]   words2id: 14785, target2id: 12
[2019-03-06 01:28] load model (ex/conll16st-v35gru-zh)
[2019-03-06 01:28] load previous weights (ex/conll16st-v35gru-zh/weights_val_all_f1.hdf5)
[2019-03-06 01:28] make predictions
[2019-03-06 01:31] save predictions (ex/conll16st-v35gru-zh/blind/output.json)
[2019-03-06 01:31] save predictions (ex/conll16st-v35gru-zh/blind/output_proba.json)
[2019-03-06 01:31] peek into filtering weights (ex/conll16st-v35gru-zh/blind/peek.html)
[2019-03-06 01:34] finished (ex/conll16st-v35gru-zh/blind)
[2019-03-06 01:34] time: loaded: 12.1677 - prepared: 4.6731 - predicted: 130.2964
