[2019-03-10 02:32] configuration (ex/conll16st-v35gru-zhch/blind)
[2019-03-10 02:32]   config 'arg1_len': 900
[2019-03-10 02:32]   config 'arg2_len': 900
[2019-03-10 02:32]   config 'backend': theano
[2019-03-10 02:32]   config 'backend_theano': device=cpu
[2019-03-10 02:32]   config 'batch_size': 64
[2019-03-10 02:32]   config 'conn_len': 20
[2019-03-10 02:32]   config 'dataset_dir': data/conll16st-zh-04-27-2016-blind-test
[2019-03-10 02:32]   config 'filter_fn_name': None
[2019-03-10 02:32]   config 'input_size': None
[2019-03-10 02:32]   config 'lang': zh
[2019-03-10 02:32]   config 'mode': char
[2019-03-10 02:32]   config 'model_dir': ex/conll16st-v35gru-zhch
[2019-03-10 02:32]   config 'normalization_mode': sample_aspect
[2019-03-10 02:32]   config 'output_dir': ex/conll16st-v35gru-zhch/blind
[2019-03-10 02:32]   config 'punc_len': 2
[2019-03-10 02:32]   config 'rest': ['--filter_type=gru-fb', '--rnn_type=gru-fwd']
[2019-03-10 02:32]   config 'snapshot_size': 2048
[2019-03-10 02:32] load dataset for prediction (data/conll16st-zh-04-27-2016-blind-test)
[2019-03-10 02:32]   lang: zh, rel_ids: 2101
[2019-03-10 02:32] load previous indexes (ex/conll16st-v35gru-zhch/indexes.pkl)
[2019-03-10 02:32]   words2id: 2859, target2id: 12
[2019-03-10 02:32] load model (ex/conll16st-v35gru-zhch)
[2019-03-10 02:32] load previous weights (ex/conll16st-v35gru-zhch/weights_val_all_f1.hdf5)
[2019-03-10 02:32] make predictions
[2019-03-10 02:35] save predictions (ex/conll16st-v35gru-zhch/blind/output.json)
[2019-03-10 02:35] save predictions (ex/conll16st-v35gru-zhch/blind/output_proba.json)
[2019-03-10 02:35] peek into filtering weights (ex/conll16st-v35gru-zhch/blind/peek.html)
[2019-03-10 02:42] finished (ex/conll16st-v35gru-zhch/blind)
[2019-03-10 02:42] time: loaded: 0.4743 - prepared: 4.1684 - predicted: 184.3073
