[2019-04-12 16:01] configuration (ex/conll16st-v35-zhch-fd-12-rn-12-0/blind)
[2019-04-12 16:01]   config 'arg1_len': 900
[2019-04-12 16:01]   config 'arg2_len': 900
[2019-04-12 16:01]   config 'backend': theano
[2019-04-12 16:01]   config 'backend_theano': device=cpu
[2019-04-12 16:01]   config 'batch_size': 64
[2019-04-12 16:01]   config 'conn_len': 20
[2019-04-12 16:01]   config 'dataset_dir': data/conll16st-zh-04-27-2016-blind-test
[2019-04-12 16:01]   config 'filter_fn_name': None
[2019-04-12 16:01]   config 'input_size': None
[2019-04-12 16:01]   config 'lang': zh
[2019-04-12 16:01]   config 'mode': char
[2019-04-12 16:01]   config 'model_dir': ex/conll16st-v35-zhch-fd-12-rn-12-0
[2019-04-12 16:01]   config 'normalization_mode': sample_aspect
[2019-04-12 16:01]   config 'output_dir': ex/conll16st-v35-zhch-fd-12-rn-12-0/blind
[2019-04-12 16:01]   config 'punc_len': 2
[2019-04-12 16:01]   config 'rest': ['--filter_dim=12', '--rnn_num=12']
[2019-04-12 16:01]   config 'snapshot_size': 2048
[2019-04-12 16:01] load dataset for prediction (data/conll16st-zh-04-27-2016-blind-test)
[2019-04-12 16:01]   lang: zh, rel_ids: 2101
[2019-04-12 16:01] load previous indexes (ex/conll16st-v35-zhch-fd-12-rn-12-0/indexes.pkl)
[2019-04-12 16:01]   words2id: 2859, target2id: 12
[2019-04-12 16:01] load model (ex/conll16st-v35-zhch-fd-12-rn-12-0)
[2019-04-12 16:01] load previous weights (ex/conll16st-v35-zhch-fd-12-rn-12-0/weights_val_all_f1.hdf5)
[2019-04-12 16:01] make predictions
[2019-04-12 16:04] save predictions (ex/conll16st-v35-zhch-fd-12-rn-12-0/blind/output.json)
[2019-04-12 16:04] save predictions (ex/conll16st-v35-zhch-fd-12-rn-12-0/blind/output_proba.json)
[2019-04-12 16:04] peek into filtering weights (ex/conll16st-v35-zhch-fd-12-rn-12-0/blind/peek.html)
[2019-04-12 16:08] finished (ex/conll16st-v35-zhch-fd-12-rn-12-0/blind)
[2019-04-12 16:08] time: loaded: 0.3157 - prepared: 3.2839 - predicted: 140.4117
