[2018-03-16 14:58] configuration (ex/conll16st-vsimple-zh)
[2018-03-16 14:58]   config 'arg1_len': 500
[2018-03-16 14:58]   config 'arg2_len': 500
[2018-03-16 14:58]   config 'backend': theano
[2018-03-16 14:58]   config 'backend_theano': device=gpu,floatX=float32,nvcc.fastmath=True,lib.cnmem=1
[2018-03-16 14:58]   config 'batch_size': 64
[2018-03-16 14:58]   config 'conn_len': 10
[2018-03-16 14:58]   config 'continue_': False
[2018-03-16 14:58]   config 'curriculum_end': 0.0
[2018-03-16 14:58]   config 'epochs': 1000
[2018-03-16 14:58]   config 'epochs_patience': 100
[2018-03-16 14:58]   config 'epochs_ratio': 0.1
[2018-03-16 14:58]   config 'filter_fn_name': None
[2018-03-16 14:58]   config 'final_act': SReLU
[2018-03-16 14:58]   config 'final_dim': 0
[2018-03-16 14:58]   config 'final_dropout': 0.3
[2018-03-16 14:58]   config 'lang': zh
[2018-03-16 14:58]   config 'masking': True
[2018-03-16 14:58]   config 'mode': word
[2018-03-16 14:58]   config 'model_dir': ex/conll16st-vsimple-zh
[2018-03-16 14:58]   config 'optimizer': adam
[2018-03-16 14:58]   config 'original_positives': 0
[2018-03-16 14:58]   config 'punc_len': 2
[2018-03-16 14:58]   config 'random_negatives': 2
[2018-03-16 14:58]   config 'random_positives': 2
[2018-03-16 14:58]   config 'random_proba_1': 0.1
[2018-03-16 14:58]   config 'random_proba_2': 0.1
[2018-03-16 14:58]   config 'random_proba_3': 0.9
[2018-03-16 14:58]   config 'rnn_act': tanh
[2018-03-16 14:58]   config 'rnn_dim': 240
[2018-03-16 14:58]   config 'rnn_dropout_U': 0.0
[2018-03-16 14:58]   config 'rnn_dropout_W': 0.0
[2018-03-16 14:58]   config 'rnn_num': 1
[2018-03-16 14:58]   config 'rnn_shared': none
[2018-03-16 14:58]   config 'rnn_type': lstm-fwd
[2018-03-16 14:58]   config 'rnn_zoneout_c': 0.0
[2018-03-16 14:58]   config 'rnn_zoneout_h': 0.0
[2018-03-16 14:58]   config 'snapshot_size': 2048
[2018-03-16 14:58]   config 'train_dir': data/conll16st-zh-01-08-2016-train
[2018-03-16 14:58]   config 'valid_dir': data/conll16st-zh-01-08-2016-dev
[2018-03-16 14:58]   config 'words2vec_bin': None
[2018-03-16 14:58]   config 'words2vec_txt': None
[2018-03-16 14:58]   config 'words_dim': 20
[2018-03-16 14:58]   config 'words_dropout': 0.3
[2018-03-16 14:58]   config 'words_shared': global
[2018-03-16 14:58]   config 'words_trainable': True
[2018-03-16 14:58] load dataset for training (data/conll16st-zh-01-08-2016-train)
[2018-03-16 15:00]   lang: zh, doc_ids: 455, words: 155827, rel_ids: 10240, relation tokens: 475970
[2018-03-16 15:00] load dataset for validation (data/conll16st-zh-01-08-2016-dev)
[2018-03-16 15:00]   lang: zh, doc_ids: 24, words: 6782, rel_ids: 383, relation tokens: 16859
[2018-03-16 15:00] build indexes from training
[2018-03-16 15:00]   words2id: 14785, target2id: 12
[2018-03-16 15:00] target class distribution from training
[2018-03-16 15:00]   class 0 = 'None': None
[2018-03-16 15:00]   class 1 = '': None
[2018-03-16 15:00]   class 2 = 'Conjunction': 6102
[2018-03-16 15:00]   class 3 = 'Expansion': 1435
[2018-03-16 15:00]   class 4 = 'EntRel': 1098
[2018-03-16 15:00]   class 5 = 'Causation': 456
[2018-03-16 15:00]   class 6 = 'Temporal': 434
[2018-03-16 15:00]   class 7 = 'Contrast': 340
[2018-03-16 15:00]   class 8 = 'Purpose': 244
[2018-03-16 15:00]   class 9 = 'Conditional': 134
[2018-03-16 15:00]   class 10 = 'Progression': 75
[2018-03-16 15:00]   class 11 = 'Alternative': 18
[2018-03-16 15:00] build model
____________________________________________________________________________________________________
Layer (type)                     Output Shape          Param #     Connected to                     
====================================================================================================
arg1_ids (InputLayer)            (None, 500)           0                                            
____________________________________________________________________________________________________
arg2_ids (InputLayer)            (None, 500)           0                                            
____________________________________________________________________________________________________
conn_ids (InputLayer)            (None, 10)            0                                            
____________________________________________________________________________________________________
punc_ids (InputLayer)            (None, 2)             0                                            
____________________________________________________________________________________________________
embedding_1 (Embedding)          multiple              295700      arg1_ids[0][0]                   
                                                                   arg2_ids[0][0]                   
                                                                   conn_ids[0][0]                   
                                                                   punc_ids[0][0]                   
____________________________________________________________________________________________________
shareablelstm_1 (ShareableLSTM)  (None, 240)           250560      embedding_1[0][0]                
____________________________________________________________________________________________________
shareablelstm_3 (ShareableLSTM)  (None, 240)           250560      embedding_1[1][0]                
____________________________________________________________________________________________________
shareablelstm_5 (ShareableLSTM)  (None, 240)           250560      embedding_1[2][0]                
____________________________________________________________________________________________________
shareablelstm_7 (ShareableLSTM)  (None, 240)           250560      embedding_1[3][0]                
____________________________________________________________________________________________________
merge_1 (Merge)                  (None, 960)           0           shareablelstm_1[0][0]            
                                                                   shareablelstm_3[0][0]            
                                                                   shareablelstm_5[0][0]            
                                                                   shareablelstm_7[0][0]            
____________________________________________________________________________________________________
dense_1 (Dense)                  (None, 12)            11532       merge_1[0][0]                    
____________________________________________________________________________________________________
target (Activation)              (None, 12)            0           dense_1[0][0]                    
====================================================================================================
Total params: 1,309,472
Trainable params: 1,309,472
Non-trainable params: 0
____________________________________________________________________________________________________
[2018-03-16 15:03] initialize weights
[2018-03-16 15:03] training preparation
[2018-03-16 15:03] train model (ex/conll16st-vsimple-zh)
Epoch 1/1000
4032/4096 [============================>.] - ETA: 1s - loss: 1.5845
- val_loss: 1.9511
- val_all_f1:  0.5770 0.5770 0.5770
- val_exp_f1:  0.4156 0.4156 0.4156
- val_non_f1:  0.6176 0.6176 0.6176

4096/4096 [==============================] - 96s - loss: 1.5849 - val_loss: 1.9511
Epoch 2/1000
4032/4096 [============================>.] - ETA: 1s - loss: 1.1836
- val_loss: 1.2760
- val_all_f1:  0.5770 0.5770 0.5770
- val_exp_f1:  0.4156 0.4156 0.4156
- val_non_f1:  0.6176 0.6176 0.6176

4096/4096 [==============================] - 95s - loss: 1.1834 - val_loss: 1.2760
Epoch 3/1000
4032/4096 [============================>.] - ETA: 1s - loss: 0.8649
- val_loss: 1.1972
- val_all_f1:  0.5587 0.5587 0.5587
- val_exp_f1:  0.3896 0.3896 0.3896
- val_non_f1:  0.6033 0.6013 0.6023

4096/4096 [==============================] - 93s - loss: 0.8599 - val_loss: 1.1972
Epoch 4/1000
4032/4096 [============================>.] - ETA: 1s - loss: 0.7793
- val_loss: 1.0846
- val_all_f1:  0.6214 0.6214 0.6214
- val_exp_f1:  0.4935 0.4935 0.4935
- val_non_f1:  0.6579 0.6536 0.6557

4096/4096 [==============================] - 95s - loss: 0.7738 - val_loss: 1.0846
Epoch 5/1000
4032/4096 [============================>.] - ETA: 1s - loss: 0.6686
- val_loss: 1.0326
- val_all_f1:  0.6292 0.6292 0.6292
- val_exp_f1:  0.5844 0.5844 0.5844
- val_non_f1:  0.6469 0.6405 0.6437

4096/4096 [==============================] - 98s - loss: 0.6642 - val_loss: 1.0326
Epoch 6/1000
4032/4096 [============================>.] - ETA: 1s - loss: 0.6425
- val_loss: 0.9954
- val_all_f1:  0.6527 0.6527 0.6527
- val_exp_f1:  0.6494 0.6494 0.6494
- val_non_f1:  0.6579 0.6536 0.6557

4096/4096 [==============================] - 97s - loss: 0.6413 - val_loss: 0.9954
Epoch 7/1000
4032/4096 [============================>.] - ETA: 1s - loss: 0.6342
- val_loss: 0.9781
- val_all_f1:  0.6397 0.6397 0.6397
- val_exp_f1:  0.6623 0.6623 0.6623
- val_non_f1:  0.6403 0.6340 0.6371

4096/4096 [==============================] - 97s - loss: 0.6321 - val_loss: 0.9781
Epoch 8/1000
4032/4096 [============================>.] - ETA: 1s - loss: 0.5693
- val_loss: 0.9417
- val_all_f1:  0.6580 0.6580 0.6580
- val_exp_f1:  0.7662 0.7662 0.7662
- val_non_f1:  0.6391 0.6307 0.6349

4096/4096 [==============================] - 94s - loss: 0.5682 - val_loss: 0.9417
Epoch 9/1000
4032/4096 [============================>.] - ETA: 1s - loss: 0.5581
- val_loss: 0.9154
- val_all_f1:  0.6815 0.6815 0.6815
- val_exp_f1:  0.7532 0.7532 0.7532
- val_non_f1:  0.6722 0.6634 0.6678

4096/4096 [==============================] - 92s - loss: 0.5560 - val_loss: 0.9154
Epoch 10/1000
4032/4096 [============================>.] - ETA: 1s - loss: 0.5511
- val_loss: 0.8949
- val_all_f1:  0.6841 0.6841 0.6841
- val_exp_f1:  0.7922 0.7922 0.7922
- val_non_f1:  0.6612 0.6569 0.6590

4096/4096 [==============================] - 94s - loss: 0.5497 - val_loss: 0.8949
Epoch 11/1000
4032/4096 [============================>.] - ETA: 1s - loss: 0.5212
- val_loss: 0.9103
- val_all_f1:  0.6684 0.6684 0.6684
- val_exp_f1:  0.8312 0.8312 0.8312
- val_non_f1:  0.6337 0.6275 0.6305

4096/4096 [==============================] - 96s - loss: 0.5209 - val_loss: 0.9103
Epoch 12/1000
4032/4096 [============================>.] - ETA: 1s - loss: 0.5282
- val_loss: 0.8739
- val_all_f1:  0.6919 0.6919 0.6919
- val_exp_f1:  0.8701 0.8701 0.8701
- val_non_f1:  0.6492 0.6471 0.6481

4096/4096 [==============================] - 95s - loss: 0.5287 - val_loss: 0.8739
Epoch 13/1000
4032/4096 [============================>.] - ETA: 1s - loss: 0.5310
- val_loss: 0.8977
- val_all_f1:  0.6710 0.6710 0.6710
- val_exp_f1:  0.8052 0.8052 0.8052
- val_non_f1:  0.6373 0.6373 0.6373

4096/4096 [==============================] - 97s - loss: 0.5287 - val_loss: 0.8977
Epoch 14/1000
4032/4096 [============================>.] - ETA: 1s - loss: 0.5106
- val_loss: 0.8670
- val_all_f1:  0.6945 0.6945 0.6945
- val_exp_f1:  0.8442 0.8442 0.8442
- val_non_f1:  0.6612 0.6569 0.6590

4096/4096 [==============================] - 96s - loss: 0.5099 - val_loss: 0.8670
Epoch 15/1000
4032/4096 [============================>.] - ETA: 1s - loss: 0.5245
- val_loss: 0.8640
- val_all_f1:  0.6867 0.6867 0.6867
- val_exp_f1:  0.8701 0.8701 0.8701
- val_non_f1:  0.6405 0.6405 0.6405

4096/4096 [==============================] - 98s - loss: 0.5226 - val_loss: 0.8640
Epoch 16/1000
4032/4096 [============================>.] - ETA: 1s - loss: 0.5156
- val_loss: 0.8741
- val_all_f1:  0.7128 0.7128 0.7128
- val_exp_f1:  0.8831 0.8831 0.8831
- val_non_f1:  0.6721 0.6699 0.6710

4096/4096 [==============================] - 99s - loss: 0.5172 - val_loss: 0.8741
Epoch 17/1000
4032/4096 [============================>.] - ETA: 1s - loss: 0.4778
- val_loss: 0.8430
- val_all_f1:  0.7076 0.7076 0.7076
- val_exp_f1:  0.8961 0.8961 0.8961
- val_non_f1:  0.6623 0.6601 0.6612

4096/4096 [==============================] - 99s - loss: 0.4777 - val_loss: 0.8430
Epoch 18/1000
4032/4096 [============================>.] - ETA: 1s - loss: 0.4954
- val_loss: 0.8341
- val_all_f1:  0.7258 0.7258 0.7258
- val_exp_f1:  0.9221 0.9221 0.9221
- val_non_f1:  0.6787 0.6765 0.6776

4096/4096 [==============================] - 98s - loss: 0.4926 - val_loss: 0.8341
Epoch 19/1000
4032/4096 [============================>.] - ETA: 1s - loss: 0.4768
- val_loss: 0.8189
- val_all_f1:  0.7154 0.7154 0.7154
- val_exp_f1:  0.9221 0.9221 0.9221
- val_non_f1:  0.6656 0.6634 0.6645

4096/4096 [==============================] - 93s - loss: 0.4785 - val_loss: 0.8189
Epoch 20/1000
4032/4096 [============================>.] - ETA: 1s - loss: 0.4783
- val_loss: 0.9412
- val_all_f1:  0.7050 0.7050 0.7050
- val_exp_f1:  0.9221 0.9221 0.9221
- val_non_f1:  0.6503 0.6503 0.6503

4096/4096 [==============================] - 93s - loss: 0.4743 - val_loss: 0.9412
Epoch 21/1000
4032/4096 [============================>.] - ETA: 1s - loss: 0.5304
- val_loss: 0.8938
- val_all_f1:  0.6945 0.6945 0.6945
- val_exp_f1:  0.9091 0.9091 0.9091
- val_non_f1:  0.6426 0.6405 0.6416

4096/4096 [==============================] - 96s - loss: 0.5307 - val_loss: 0.8938
Epoch 22/1000
4032/4096 [============================>.] - ETA: 1s - loss: 0.4842
- val_loss: 0.8118
- val_all_f1:  0.7023 0.7023 0.7023
- val_exp_f1:  0.9351 0.9351 0.9351
- val_non_f1:  0.6438 0.6438 0.6438

4096/4096 [==============================] - 100s - loss: 0.4825 - val_loss: 0.8118
Epoch 23/1000
4032/4096 [============================>.] - ETA: 1s - loss: 0.4823
- val_loss: 0.8083
- val_all_f1:  0.6997 0.6997 0.6997
- val_exp_f1:  0.9091 0.9091 0.9091
- val_non_f1:  0.6492 0.6471 0.6481

4096/4096 [==============================] - 95s - loss: 0.4794 - val_loss: 0.8083
Epoch 24/1000
4032/4096 [============================>.] - ETA: 1s - loss: 0.4577
- val_loss: 0.8155
- val_all_f1:  0.7076 0.7076 0.7076
- val_exp_f1:  0.9091 0.9091 0.9091
- val_non_f1:  0.6569 0.6569 0.6569

4096/4096 [==============================] - 99s - loss: 0.4559 - val_loss: 0.8155
Epoch 25/1000
4032/4096 [============================>.] - ETA: 1s - loss: 0.4478
- val_loss: 0.8054
- val_all_f1:  0.7050 0.7050 0.7050
- val_exp_f1:  0.9221 0.9221 0.9221
- val_non_f1:  0.6503 0.6503 0.6503

4096/4096 [==============================] - 105s - loss: 0.4500 - val_loss: 0.8054
Epoch 26/1000
4032/4096 [============================>.] - ETA: 1s - loss: 0.4311
- val_loss: 0.7806
- val_all_f1:  0.7076 0.7076 0.7076
- val_exp_f1:  0.9221 0.9221 0.9221
- val_non_f1:  0.6557 0.6536 0.6547

4096/4096 [==============================] - 97s - loss: 0.4285 - val_loss: 0.7806
Epoch 27/1000
4032/4096 [============================>.] - ETA: 1s - loss: 0.4493
- val_loss: 0.7803
- val_all_f1:  0.7023 0.7023 0.7023
- val_exp_f1:  0.8831 0.8831 0.8831
- val_non_f1:  0.6612 0.6569 0.6590

4096/4096 [==============================] - 94s - loss: 0.4508 - val_loss: 0.7803
Epoch 28/1000
4032/4096 [============================>.] - ETA: 1s - loss: 0.4860
- val_loss: 0.7837
- val_all_f1:  0.6841 0.6841 0.6841
- val_exp_f1:  0.9481 0.9481 0.9481
- val_non_f1:  0.6197 0.6176 0.6187

4096/4096 [==============================] - 98s - loss: 0.4852 - val_loss: 0.7837
Epoch 29/1000
4032/4096 [============================>.] - ETA: 1s - loss: 0.4690
- val_loss: 0.7725
- val_all_f1:  0.6971 0.6971 0.6971
- val_exp_f1:  0.9221 0.9221 0.9221
- val_non_f1:  0.6405 0.6405 0.6405

4096/4096 [==============================] - 90s - loss: 0.4714 - val_loss: 0.7725
Epoch 30/1000
4032/4096 [============================>.] - ETA: 1s - loss: 0.4297
- val_loss: 0.7912
- val_all_f1:  0.7128 0.7128 0.7128
- val_exp_f1:  0.9221 0.9221 0.9221
- val_non_f1:  0.6601 0.6601 0.6601

4096/4096 [==============================] - 97s - loss: 0.4293 - val_loss: 0.7912
Epoch 31/1000
4032/4096 [============================>.] - ETA: 1s - loss: 0.4214
- val_loss: 0.7489
- val_all_f1:  0.7180 0.7180 0.7180
- val_exp_f1:  0.9351 0.9351 0.9351
- val_non_f1:  0.6634 0.6634 0.6634

4096/4096 [==============================] - 94s - loss: 0.4187 - val_loss: 0.7489
Epoch 32/1000
4032/4096 [============================>.] - ETA: 1s - loss: 0.4259
- val_loss: 0.7899
- val_all_f1:  0.7180 0.7180 0.7180
- val_exp_f1:  0.9481 0.9481 0.9481
- val_non_f1:  0.6623 0.6601 0.6612

4096/4096 [==============================] - 92s - loss: 0.4240 - val_loss: 0.7899
Epoch 33/1000
4032/4096 [============================>.] - ETA: 1s - loss: 0.4211
- val_loss: 0.7599
- val_all_f1:  0.7180 0.7180 0.7180
- val_exp_f1:  0.9481 0.9481 0.9481
- val_non_f1:  0.6601 0.6601 0.6601

4096/4096 [==============================] - 99s - loss: 0.4223 - val_loss: 0.7599
Epoch 34/1000
4032/4096 [============================>.] - ETA: 1s - loss: 0.4032
- val_loss: 0.7928
- val_all_f1:  0.7232 0.7232 0.7232
- val_exp_f1:  0.9481 0.9481 0.9481
- val_non_f1:  0.6667 0.6667 0.6667

4096/4096 [==============================] - 97s - loss: 0.4048 - val_loss: 0.7928
Epoch 35/1000
4032/4096 [============================>.] - ETA: 1s - loss: 0.4114
- val_loss: 0.7765
- val_all_f1:  0.7206 0.7206 0.7206
- val_exp_f1:  0.9091 0.9091 0.9091
- val_non_f1:  0.6754 0.6732 0.6743

4096/4096 [==============================] - 97s - loss: 0.4155 - val_loss: 0.7765
Epoch 36/1000
4032/4096 [============================>.] - ETA: 1s - loss: 0.3894
- val_loss: 0.7697
- val_all_f1:  0.7180 0.7180 0.7180
- val_exp_f1:  0.9481 0.9481 0.9481
- val_non_f1:  0.6623 0.6601 0.6612

4096/4096 [==============================] - 99s - loss: 0.3864 - val_loss: 0.7697
Epoch 37/1000
4032/4096 [============================>.] - ETA: 1s - loss: 0.4390
- val_loss: 0.7644
- val_all_f1:  0.7206 0.7206 0.7206
- val_exp_f1:  0.9481 0.9481 0.9481
- val_non_f1:  0.6634 0.6634 0.6634

4096/4096 [==============================] - 100s - loss: 0.4423 - val_loss: 0.7644
Epoch 38/1000
4032/4096 [============================>.] - ETA: 1s - loss: 0.4117
- val_loss: 0.7645
- val_all_f1:  0.7050 0.7050 0.7050
- val_exp_f1:  0.9481 0.9481 0.9481
- val_non_f1:  0.6438 0.6438 0.6438

4096/4096 [==============================] - 90s - loss: 0.4128 - val_loss: 0.7645
Epoch 39/1000
4032/4096 [============================>.] - ETA: 1s - loss: 0.3983
- val_loss: 0.7833
- val_all_f1:  0.7023 0.7023 0.7023
- val_exp_f1:  0.9091 0.9091 0.9091
- val_non_f1:  0.6503 0.6503 0.6503

4096/4096 [==============================] - 92s - loss: 0.3988 - val_loss: 0.7833
Epoch 40/1000
4032/4096 [============================>.] - ETA: 1s - loss: 0.5093
- val_loss: 0.8486
- val_all_f1:  0.6789 0.6789 0.6789
- val_exp_f1:  0.9481 0.9481 0.9481
- val_non_f1:  0.6111 0.6111 0.6111

4096/4096 [==============================] - 96s - loss: 0.5073 - val_loss: 0.8486
Epoch 41/1000
4032/4096 [============================>.] - ETA: 1s - loss: 0.4143
- val_loss: 0.7784
- val_all_f1:  0.7102 0.7102 0.7102
- val_exp_f1:  0.9351 0.9351 0.9351
- val_non_f1:  0.6536 0.6536 0.6536

4096/4096 [==============================] - 95s - loss: 0.4129 - val_loss: 0.7784
Epoch 42/1000
4032/4096 [============================>.] - ETA: 1s - loss: 0.3716
- val_loss: 0.7971
- val_all_f1:  0.7128 0.7128 0.7128
- val_exp_f1:  0.9610 0.9610 0.9610
- val_non_f1:  0.6503 0.6503 0.6503

4096/4096 [==============================] - 90s - loss: 0.3685 - val_loss: 0.7971
Epoch 43/1000
4032/4096 [============================>.] - ETA: 1s - loss: 0.3880
- val_loss: 0.8159
- val_all_f1:  0.7232 0.7232 0.7232
- val_exp_f1:  0.9610 0.9610 0.9610
- val_non_f1:  0.6634 0.6634 0.6634

4096/4096 [==============================] - 94s - loss: 0.3895 - val_loss: 0.8159
Epoch 44/1000
4032/4096 [============================>.] - ETA: 1s - loss: 0.3637
- val_loss: 0.8055
- val_all_f1:  0.7311 0.7311 0.7311
- val_exp_f1:  0.9610 0.9610 0.9610
- val_non_f1:  0.6732 0.6732 0.6732

4096/4096 [==============================] - 95s - loss: 0.3631 - val_loss: 0.8055
Epoch 45/1000
4032/4096 [============================>.] - ETA: 1s - loss: 0.3772
- val_loss: 0.7985
- val_all_f1:  0.7076 0.7076 0.7076
- val_exp_f1:  0.9610 0.9610 0.9610
- val_non_f1:  0.6438 0.6438 0.6438

4096/4096 [==============================] - 94s - loss: 0.3792 - val_loss: 0.7985
Epoch 46/1000
4032/4096 [============================>.] - ETA: 1s - loss: 0.4179
- val_loss: 0.7990
- val_all_f1:  0.7023 0.7023 0.7023
- val_exp_f1:  0.9481 0.9481 0.9481
- val_non_f1:  0.6405 0.6405 0.6405

4096/4096 [==============================] - 93s - loss: 0.4143 - val_loss: 0.7990
Epoch 47/1000
4032/4096 [============================>.] - ETA: 1s - loss: 0.3955
- val_loss: 0.8170
- val_all_f1:  0.7023 0.7023 0.7023
- val_exp_f1:  0.9091 0.9091 0.9091
- val_non_f1:  0.6503 0.6503 0.6503

4096/4096 [==============================] - 100s - loss: 0.3949 - val_loss: 0.8170
Epoch 48/1000
4032/4096 [============================>.] - ETA: 1s - loss: 0.3389
- val_loss: 0.8028
- val_all_f1:  0.7076 0.7076 0.7076
- val_exp_f1:  0.9221 0.9221 0.9221
- val_non_f1:  0.6536 0.6536 0.6536

4096/4096 [==============================] - 96s - loss: 0.3435 - val_loss: 0.8028
Epoch 49/1000
4032/4096 [============================>.] - ETA: 1s - loss: 0.3629
- val_loss: 0.7955
- val_all_f1:  0.6841 0.6841 0.6841
- val_exp_f1:  0.9351 0.9351 0.9351
- val_non_f1:  0.6209 0.6209 0.6209

4096/4096 [==============================] - 98s - loss: 0.3661 - val_loss: 0.7955
Epoch 50/1000
4032/4096 [============================>.] - ETA: 1s - loss: 0.3638
- val_loss: 0.7735
- val_all_f1:  0.6867 0.6867 0.6867
- val_exp_f1:  0.9481 0.9481 0.9481
- val_non_f1:  0.6209 0.6209 0.6209

4096/4096 [==============================] - 91s - loss: 0.3652 - val_loss: 0.7735
Epoch 51/1000
4032/4096 [============================>.] - ETA: 1s - loss: 0.3251
- val_loss: 0.8438
- val_all_f1:  0.6867 0.6867 0.6867
- val_exp_f1:  0.9351 0.9351 0.9351
- val_non_f1:  0.6242 0.6242 0.6242

4096/4096 [==============================] - 95s - loss: 0.3236 - val_loss: 0.8438
Epoch 52/1000
4032/4096 [============================>.] - ETA: 1s - loss: 0.3347
- val_loss: 0.8113
- val_all_f1:  0.6997 0.6997 0.6997
- val_exp_f1:  0.9351 0.9351 0.9351
- val_non_f1:  0.6405 0.6405 0.6405

4096/4096 [==============================] - 98s - loss: 0.3353 - val_loss: 0.8113
Epoch 53/1000
4032/4096 [============================>.] - ETA: 1s - loss: 0.3210
- val_loss: 0.8585
- val_all_f1:  0.7232 0.7232 0.7232
- val_exp_f1:  0.9351 0.9351 0.9351
- val_non_f1:  0.6699 0.6699 0.6699

4096/4096 [==============================] - 90s - loss: 0.3193 - val_loss: 0.8585
Epoch 54/1000
4032/4096 [============================>.] - ETA: 1s - loss: 0.3260
- val_loss: 0.8356
- val_all_f1:  0.7102 0.7102 0.7102
- val_exp_f1:  0.9481 0.9481 0.9481
- val_non_f1:  0.6503 0.6503 0.6503

4096/4096 [==============================] - 97s - loss: 0.3266 - val_loss: 0.8356
Epoch 55/1000
4032/4096 [============================>.] - ETA: 1s - loss: 0.3369
- val_loss: 0.8074
- val_all_f1:  0.6971 0.6971 0.6971
- val_exp_f1:  0.9351 0.9351 0.9351
- val_non_f1:  0.6373 0.6373 0.6373

4096/4096 [==============================] - 90s - loss: 0.3356 - val_loss: 0.8074
Epoch 56/1000
4032/4096 [============================>.] - ETA: 1s - loss: 0.3301
- val_loss: 0.8815
- val_all_f1:  0.7050 0.7050 0.7050
- val_exp_f1:  0.8961 0.8961 0.8961
- val_non_f1:  0.6569 0.6569 0.6569

4096/4096 [==============================] - 103s - loss: 0.3274 - val_loss: 0.8815
Epoch 57/1000
4032/4096 [============================>.] - ETA: 1s - loss: 0.3460
- val_loss: 0.7716
- val_all_f1:  0.7232 0.7232 0.7232
- val_exp_f1:  0.9351 0.9351 0.9351
- val_non_f1:  0.6699 0.6699 0.6699

4096/4096 [==============================] - 93s - loss: 0.3438 - val_loss: 0.7716
Epoch 58/1000
4032/4096 [============================>.] - ETA: 1s - loss: 0.3338
- val_loss: 0.7917
- val_all_f1:  0.7023 0.7023 0.7023
- val_exp_f1:  0.9351 0.9351 0.9351
- val_non_f1:  0.6438 0.6438 0.6438

4096/4096 [==============================] - 101s - loss: 0.3336 - val_loss: 0.7917
Epoch 59/1000
4032/4096 [============================>.] - ETA: 1s - loss: 0.3423
- val_loss: 0.8161
- val_all_f1:  0.7076 0.7076 0.7076
- val_exp_f1:  0.9351 0.9351 0.9351
- val_non_f1:  0.6503 0.6503 0.6503

4096/4096 [==============================] - 95s - loss: 0.3445 - val_loss: 0.8161
Epoch 60/1000
4032/4096 [============================>.] - ETA: 1s - loss: 0.3521
- val_loss: 0.8188
- val_all_f1:  0.7050 0.7050 0.7050
- val_exp_f1:  0.9221 0.9221 0.9221
- val_non_f1:  0.6503 0.6503 0.6503

4096/4096 [==============================] - 95s - loss: 0.3504 - val_loss: 0.8188
Epoch 61/1000
4032/4096 [============================>.] - ETA: 1s - loss: 0.2809
- val_loss: 0.8171
- val_all_f1:  0.7076 0.7076 0.7076
- val_exp_f1:  0.9351 0.9351 0.9351
- val_non_f1:  0.6503 0.6503 0.6503

4096/4096 [==============================] - 98s - loss: 0.2821 - val_loss: 0.8171
Epoch 62/1000
4032/4096 [============================>.] - ETA: 1s - loss: 0.3001
- val_loss: 0.8870
- val_all_f1:  0.6815 0.6815 0.6815
- val_exp_f1:  0.9221 0.9221 0.9221
- val_non_f1:  0.6209 0.6209 0.6209

4096/4096 [==============================] - 104s - loss: 0.3007 - val_loss: 0.8870
Epoch 63/1000
4032/4096 [============================>.] - ETA: 1s - loss: 0.2672
- val_loss: 0.8851
- val_all_f1:  0.7128 0.7128 0.7128
- val_exp_f1:  0.9221 0.9221 0.9221
- val_non_f1:  0.6601 0.6601 0.6601

4096/4096 [==============================] - 103s - loss: 0.2659 - val_loss: 0.8851
Epoch 64/1000
4032/4096 [============================>.] - ETA: 1s - loss: 0.2814
- val_loss: 0.8744
- val_all_f1:  0.7180 0.7180 0.7180
- val_exp_f1:  0.9351 0.9351 0.9351
- val_non_f1:  0.6634 0.6634 0.6634

4096/4096 [==============================] - 96s - loss: 0.2815 - val_loss: 0.8744
Epoch 65/1000
4032/4096 [============================>.] - ETA: 1s - loss: 0.3036
- val_loss: 0.8620
- val_all_f1:  0.6945 0.6945 0.6945
- val_exp_f1:  0.9221 0.9221 0.9221
- val_non_f1:  0.6373 0.6373 0.6373

4096/4096 [==============================] - 103s - loss: 0.3029 - val_loss: 0.8620
Epoch 66/1000
4032/4096 [============================>.] - ETA: 1s - loss: 0.2890
- val_loss: 0.8926
- val_all_f1:  0.6997 0.6997 0.6997
- val_exp_f1:  0.9351 0.9351 0.9351
- val_non_f1:  0.6405 0.6405 0.6405

4096/4096 [==============================] - 96s - loss: 0.2916 - val_loss: 0.8926
Epoch 67/1000
4032/4096 [============================>.] - ETA: 1s - loss: 0.2917
- val_loss: 0.8536
- val_all_f1:  0.7102 0.7102 0.7102
- val_exp_f1:  0.9221 0.9221 0.9221
- val_non_f1:  0.6569 0.6569 0.6569

4096/4096 [==============================] - 98s - loss: 0.2903 - val_loss: 0.8536
Epoch 68/1000
4032/4096 [============================>.] - ETA: 1s - loss: 0.2786
- val_loss: 0.8566
- val_all_f1:  0.6997 0.6997 0.6997
- val_exp_f1:  0.9221 0.9221 0.9221
- val_non_f1:  0.6438 0.6438 0.6438

4096/4096 [==============================] - 99s - loss: 0.2760 - val_loss: 0.8566
Epoch 69/1000
4032/4096 [============================>.] - ETA: 1s - loss: 0.3131
- val_loss: 0.8524
- val_all_f1:  0.7076 0.7076 0.7076
- val_exp_f1:  0.9221 0.9221 0.9221
- val_non_f1:  0.6536 0.6536 0.6536

4096/4096 [==============================] - 97s - loss: 0.3123 - val_loss: 0.8524
Epoch 70/1000
4032/4096 [============================>.] - ETA: 1s - loss: 0.3029
- val_loss: 0.8804
- val_all_f1:  0.7128 0.7128 0.7128
- val_exp_f1:  0.9221 0.9221 0.9221
- val_non_f1:  0.6601 0.6601 0.6601

4096/4096 [==============================] - 100s - loss: 0.3022 - val_loss: 0.8804
Epoch 71/1000
4032/4096 [============================>.] - ETA: 1s - loss: 0.2633
- val_loss: 0.8690
- val_all_f1:  0.7050 0.7050 0.7050
- val_exp_f1:  0.9091 0.9091 0.9091
- val_non_f1:  0.6536 0.6536 0.6536

4096/4096 [==============================] - 97s - loss: 0.2640 - val_loss: 0.8690
Epoch 72/1000
4032/4096 [============================>.] - ETA: 1s - loss: 0.2176
- val_loss: 0.9707
- val_all_f1:  0.7363 0.7363 0.7363
- val_exp_f1:  0.9221 0.9221 0.9221
- val_non_f1:  0.6895 0.6895 0.6895

4096/4096 [==============================] - 97s - loss: 0.2172 - val_loss: 0.9707
Epoch 73/1000
4032/4096 [============================>.] - ETA: 1s - loss: 0.2626
- val_loss: 0.9678
- val_all_f1:  0.7050 0.7050 0.7050
- val_exp_f1:  0.9221 0.9221 0.9221
- val_non_f1:  0.6503 0.6503 0.6503

4096/4096 [==============================] - 96s - loss: 0.2624 - val_loss: 0.9678
Epoch 74/1000
4032/4096 [============================>.] - ETA: 1s - loss: 0.2444
- val_loss: 0.9926
- val_all_f1:  0.7180 0.7180 0.7180
- val_exp_f1:  0.9351 0.9351 0.9351
- val_non_f1:  0.6634 0.6634 0.6634

4096/4096 [==============================] - 96s - loss: 0.2427 - val_loss: 0.9926
Epoch 75/1000
4032/4096 [============================>.] - ETA: 1s - loss: 0.2546
- val_loss: 0.8650
- val_all_f1:  0.7180 0.7180 0.7180
- val_exp_f1:  0.9221 0.9221 0.9221
- val_non_f1:  0.6667 0.6667 0.6667

4096/4096 [==============================] - 92s - loss: 0.2579 - val_loss: 0.8650
Epoch 76/1000
4032/4096 [============================>.] - ETA: 1s - loss: 0.2463
- val_loss: 0.9167
- val_all_f1:  0.7128 0.7128 0.7128
- val_exp_f1:  0.9091 0.9091 0.9091
- val_non_f1:  0.6634 0.6634 0.6634

4096/4096 [==============================] - 94s - loss: 0.2524 - val_loss: 0.9167
Epoch 77/1000
4032/4096 [============================>.] - ETA: 1s - loss: 0.2438
- val_loss: 0.8850
- val_all_f1:  0.6971 0.6971 0.6971
- val_exp_f1:  0.9091 0.9091 0.9091
- val_non_f1:  0.6438 0.6438 0.6438

4096/4096 [==============================] - 99s - loss: 0.2429 - val_loss: 0.8850
Epoch 78/1000
4032/4096 [============================>.] - ETA: 1s - loss: 0.2543
- val_loss: 0.9118
- val_all_f1:  0.7206 0.7206 0.7206
- val_exp_f1:  0.9221 0.9221 0.9221
- val_non_f1:  0.6699 0.6699 0.6699

4096/4096 [==============================] - 98s - loss: 0.2529 - val_loss: 0.9118
Epoch 79/1000
4032/4096 [============================>.] - ETA: 1s - loss: 0.2743
- val_loss: 0.8871
- val_all_f1:  0.6971 0.6971 0.6971
- val_exp_f1:  0.9351 0.9351 0.9351
- val_non_f1:  0.6373 0.6373 0.6373

4096/4096 [==============================] - 103s - loss: 0.2755 - val_loss: 0.8871
Epoch 80/1000
4032/4096 [============================>.] - ETA: 1s - loss: 0.2698
- val_loss: 0.8668
- val_all_f1:  0.7023 0.7023 0.7023
- val_exp_f1:  0.9351 0.9351 0.9351
- val_non_f1:  0.6438 0.6438 0.6438

4096/4096 [==============================] - 99s - loss: 0.2703 - val_loss: 0.8668
Epoch 81/1000
4032/4096 [============================>.] - ETA: 1s - loss: 0.2182
- val_loss: 1.0169
- val_all_f1:  0.7102 0.7102 0.7102
- val_exp_f1:  0.9091 0.9091 0.9091
- val_non_f1:  0.6601 0.6601 0.6601

4096/4096 [==============================] - 99s - loss: 0.2164 - val_loss: 1.0169
Epoch 82/1000
4032/4096 [============================>.] - ETA: 1s - loss: 0.2004
- val_loss: 0.9939
- val_all_f1:  0.7050 0.7050 0.7050
- val_exp_f1:  0.9091 0.9091 0.9091
- val_non_f1:  0.6536 0.6536 0.6536

4096/4096 [==============================] - 99s - loss: 0.1998 - val_loss: 0.9939
Epoch 83/1000
4032/4096 [============================>.] - ETA: 1s - loss: 0.2441
- val_loss: 0.9491
- val_all_f1:  0.7258 0.7258 0.7258
- val_exp_f1:  0.9091 0.9091 0.9091
- val_non_f1:  0.6797 0.6797 0.6797

4096/4096 [==============================] - 100s - loss: 0.2425 - val_loss: 0.9491
Epoch 84/1000
4032/4096 [============================>.] - ETA: 1s - loss: 0.2467
- val_loss: 0.9424
- val_all_f1:  0.7154 0.7154 0.7154
- val_exp_f1:  0.9221 0.9221 0.9221
- val_non_f1:  0.6634 0.6634 0.6634

4096/4096 [==============================] - 93s - loss: 0.2479 - val_loss: 0.9424
Epoch 85/1000
4032/4096 [============================>.] - ETA: 1s - loss: 0.2441
- val_loss: 0.9580
- val_all_f1:  0.7206 0.7206 0.7206
- val_exp_f1:  0.9221 0.9221 0.9221
- val_non_f1:  0.6699 0.6699 0.6699

4096/4096 [==============================] - 102s - loss: 0.2414 - val_loss: 0.9580
Epoch 86/1000
4032/4096 [============================>.] - ETA: 1s - loss: 0.2318
- val_loss: 0.9290
- val_all_f1:  0.7258 0.7258 0.7258
- val_exp_f1:  0.9221 0.9221 0.9221
- val_non_f1:  0.6765 0.6765 0.6765

4096/4096 [==============================] - 90s - loss: 0.2319 - val_loss: 0.9290
Epoch 87/1000
4032/4096 [============================>.] - ETA: 1s - loss: 0.2116
- val_loss: 0.9581
- val_all_f1:  0.7363 0.7363 0.7363
- val_exp_f1:  0.9091 0.9091 0.9091
- val_non_f1:  0.6928 0.6928 0.6928

4096/4096 [==============================] - 94s - loss: 0.2090 - val_loss: 0.9581
Epoch 88/1000
4032/4096 [============================>.] - ETA: 1s - loss: 0.2454
- val_loss: 0.9495
- val_all_f1:  0.7180 0.7180 0.7180
- val_exp_f1:  0.9091 0.9091 0.9091
- val_non_f1:  0.6699 0.6699 0.6699

4096/4096 [==============================] - 99s - loss: 0.2434 - val_loss: 0.9495
Epoch 89/1000
4032/4096 [============================>.] - ETA: 1s - loss: 0.2334
- val_loss: 0.9254
- val_all_f1:  0.7180 0.7180 0.7180
- val_exp_f1:  0.9221 0.9221 0.9221
- val_non_f1:  0.6667 0.6667 0.6667

4096/4096 [==============================] - 90s - loss: 0.2353 - val_loss: 0.9254
Epoch 90/1000
4032/4096 [============================>.] - ETA: 1s - loss: 0.2223
- val_loss: 0.9315
- val_all_f1:  0.6789 0.6789 0.6789
- val_exp_f1:  0.9211 0.9091 0.9150
- val_non_f1:  0.6209 0.6209 0.6209

4096/4096 [==============================] - 91s - loss: 0.2234 - val_loss: 0.9315
Epoch 91/1000
4032/4096 [============================>.] - ETA: 1s - loss: 0.2049
- val_loss: 0.9722
- val_all_f1:  0.7102 0.7102 0.7102
- val_exp_f1:  0.9091 0.9091 0.9091
- val_non_f1:  0.6601 0.6601 0.6601

4096/4096 [==============================] - 99s - loss: 0.2058 - val_loss: 0.9722
Epoch 92/1000
4032/4096 [============================>.] - ETA: 1s - loss: 0.2134
- val_loss: 1.0147
- val_all_f1:  0.7102 0.7102 0.7102
- val_exp_f1:  0.9091 0.9091 0.9091
- val_non_f1:  0.6601 0.6601 0.6601

4096/4096 [==============================] - 98s - loss: 0.2163 - val_loss: 1.0147
Epoch 93/1000
4032/4096 [============================>.] - ETA: 1s - loss: 0.1882
- val_loss: 1.0044
- val_all_f1:  0.7285 0.7285 0.7285
- val_exp_f1:  0.9221 0.9221 0.9221
- val_non_f1:  0.6797 0.6797 0.6797

4096/4096 [==============================] - 101s - loss: 0.1879 - val_loss: 1.0044
Epoch 94/1000
4032/4096 [============================>.] - ETA: 1s - loss: 0.1989
- val_loss: 1.0281
- val_all_f1:  0.7128 0.7128 0.7128
- val_exp_f1:  0.9221 0.9221 0.9221
- val_non_f1:  0.6601 0.6601 0.6601

4096/4096 [==============================] - 89s - loss: 0.1964 - val_loss: 1.0281
Epoch 95/1000
4032/4096 [============================>.] - ETA: 1s - loss: 0.2118
- val_loss: 0.9756
- val_all_f1:  0.7206 0.7206 0.7206
- val_exp_f1:  0.9351 0.9351 0.9351
- val_non_f1:  0.6667 0.6667 0.6667

4096/4096 [==============================] - 103s - loss: 0.2109 - val_loss: 0.9756
Epoch 96/1000
4032/4096 [============================>.] - ETA: 1s - loss: 0.1878
- val_loss: 1.0730
- val_all_f1:  0.7154 0.7154 0.7154
- val_exp_f1:  0.9221 0.9221 0.9221
- val_non_f1:  0.6634 0.6634 0.6634

4096/4096 [==============================] - 95s - loss: 0.1873 - val_loss: 1.0730
Epoch 97/1000
4032/4096 [============================>.] - ETA: 1s - loss: 0.2171
- val_loss: 1.0074
- val_all_f1:  0.7023 0.7023 0.7023
- val_exp_f1:  0.9189 0.8831 0.9007
- val_non_f1:  0.6569 0.6569 0.6569

4096/4096 [==============================] - 99s - loss: 0.2191 - val_loss: 1.0074
Epoch 98/1000
4032/4096 [============================>.] - ETA: 1s - loss: 0.2124
- val_loss: 0.9625
- val_all_f1:  0.7154 0.7154 0.7154
- val_exp_f1:  0.9221 0.9221 0.9221
- val_non_f1:  0.6634 0.6634 0.6634

4096/4096 [==============================] - 97s - loss: 0.2126 - val_loss: 0.9625
Epoch 99/1000
4032/4096 [============================>.] - ETA: 1s - loss: 0.1888
- val_loss: 0.9436
- val_all_f1:  0.7258 0.7258 0.7258
- val_exp_f1:  0.9351 0.9351 0.9351
- val_non_f1:  0.6732 0.6732 0.6732

4096/4096 [==============================] - 94s - loss: 0.1880 - val_loss: 0.9436
Epoch 100/1000
4032/4096 [============================>.] - ETA: 1s - loss: 0.2198
- val_loss: 0.9834
- val_all_f1:  0.7285 0.7285 0.7285
- val_exp_f1:  0.9351 0.9351 0.9351
- val_non_f1:  0.6765 0.6765 0.6765

4096/4096 [==============================] - 93s - loss: 0.2209 - val_loss: 0.9834
Epoch 101/1000
4032/4096 [============================>.] - ETA: 1s - loss: 0.1881
- val_loss: 1.0672
- val_all_f1:  0.7076 0.7076 0.7076
- val_exp_f1:  0.9079 0.8961 0.9020
- val_non_f1:  0.6601 0.6601 0.6601

4096/4096 [==============================] - 96s - loss: 0.1870 - val_loss: 1.0672
Epoch 102/1000
4032/4096 [============================>.] - ETA: 1s - loss: 0.1844
- val_loss: 1.0363
- val_all_f1:  0.7206 0.7206 0.7206
- val_exp_f1:  0.9211 0.9091 0.9150
- val_non_f1:  0.6732 0.6732 0.6732

4096/4096 [==============================] - 93s - loss: 0.1831 - val_loss: 1.0363
Epoch 103/1000
4032/4096 [============================>.] - ETA: 1s - loss: 0.1636
- val_loss: 1.0309
- val_all_f1:  0.7258 0.7258 0.7258
- val_exp_f1:  0.9351 0.9351 0.9351
- val_non_f1:  0.6732 0.6732 0.6732

4096/4096 [==============================] - 96s - loss: 0.1626 - val_loss: 1.0309
Epoch 104/1000
4032/4096 [============================>.] - ETA: 1s - loss: 0.1741
- val_loss: 1.0279
- val_all_f1:  0.7128 0.7128 0.7128
- val_exp_f1:  0.9351 0.9351 0.9351
- val_non_f1:  0.6569 0.6569 0.6569

4096/4096 [==============================] - 92s - loss: 0.1742 - val_loss: 1.0279
Epoch 105/1000
4032/4096 [============================>.] - ETA: 1s - loss: 0.1803
- val_loss: 1.0965
- val_all_f1:  0.7102 0.7102 0.7102
- val_exp_f1:  0.8947 0.8831 0.8889
- val_non_f1:  0.6667 0.6667 0.6667

4096/4096 [==============================] - 104s - loss: 0.1799 - val_loss: 1.0965
Epoch 106/1000
4032/4096 [============================>.] - ETA: 1s - loss: 0.1864
- val_loss: 1.0442
- val_all_f1:  0.7050 0.7050 0.7050
- val_exp_f1:  0.9091 0.9091 0.9091
- val_non_f1:  0.6536 0.6536 0.6536

4096/4096 [==============================] - 97s - loss: 0.1853 - val_loss: 1.0442
Epoch 107/1000
4032/4096 [============================>.] - ETA: 1s - loss: 0.1722
- val_loss: 1.0196
- val_all_f1:  0.7023 0.7023 0.7023
- val_exp_f1:  0.9091 0.9091 0.9091
- val_non_f1:  0.6503 0.6503 0.6503

4096/4096 [==============================] - 96s - loss: 0.1724 - val_loss: 1.0196
Epoch 108/1000
4032/4096 [============================>.] - ETA: 1s - loss: 0.1609
- val_loss: 1.0554
- val_all_f1:  0.7102 0.7102 0.7102
- val_exp_f1:  0.9091 0.9091 0.9091
- val_non_f1:  0.6601 0.6601 0.6601

4096/4096 [==============================] - 90s - loss: 0.1617 - val_loss: 1.0554
Epoch 109/1000
4032/4096 [============================>.] - ETA: 1s - loss: 0.1816
- val_loss: 1.0412
- val_all_f1:  0.6815 0.6815 0.6815
- val_exp_f1:  0.9079 0.8961 0.9020
- val_non_f1:  0.6275 0.6275 0.6275

4096/4096 [==============================] - 95s - loss: 0.1803 - val_loss: 1.0412
Epoch 110/1000
4032/4096 [============================>.] - ETA: 1s - loss: 0.1856
- val_loss: 1.0604
- val_all_f1:  0.6841 0.6841 0.6841
- val_exp_f1:  0.9091 0.9091 0.9091
- val_non_f1:  0.6295 0.6275 0.6285

4096/4096 [==============================] - 96s - loss: 0.1862 - val_loss: 1.0604
Epoch 111/1000
4032/4096 [============================>.] - ETA: 1s - loss: 0.1461
- val_loss: 1.1371
- val_all_f1:  0.6945 0.6945 0.6945
- val_exp_f1:  0.9067 0.8831 0.8947
- val_non_f1:  0.6471 0.6471 0.6471

4096/4096 [==============================] - 93s - loss: 0.1502 - val_loss: 1.1371
Epoch 112/1000
4032/4096 [============================>.] - ETA: 1s - loss: 0.1741
- val_loss: 1.0580
- val_all_f1:  0.6945 0.6945 0.6945
- val_exp_f1:  0.8961 0.8961 0.8961
- val_non_f1:  0.6438 0.6438 0.6438

4096/4096 [==============================] - 93s - loss: 0.1740 - val_loss: 1.0580
Epoch 113/1000
4032/4096 [============================>.] - ETA: 1s - loss: 0.1597
- val_loss: 1.0750
- val_all_f1:  0.6867 0.6867 0.6867
- val_exp_f1:  0.8961 0.8961 0.8961
- val_non_f1:  0.6361 0.6340 0.6350

4096/4096 [==============================] - 92s - loss: 0.1592 - val_loss: 1.0750
Epoch 114/1000
4032/4096 [============================>.] - ETA: 1s - loss: 0.1700
- val_loss: 1.0601
- val_all_f1:  0.6997 0.6997 0.6997
- val_exp_f1:  0.8961 0.8961 0.8961
- val_non_f1:  0.6525 0.6503 0.6514

4096/4096 [==============================] - 103s - loss: 0.1726 - val_loss: 1.0601
Epoch 115/1000
4032/4096 [============================>.] - ETA: 1s - loss: 0.1637
- val_loss: 1.0444
- val_all_f1:  0.6945 0.6945 0.6945
- val_exp_f1:  0.9091 0.9091 0.9091
- val_non_f1:  0.6405 0.6405 0.6405

4096/4096 [==============================] - 92s - loss: 0.1625 - val_loss: 1.0444
Epoch 116/1000
4032/4096 [============================>.] - ETA: 1s - loss: 0.1772
- val_loss: 1.1066
- val_all_f1:  0.6736 0.6736 0.6736
- val_exp_f1:  0.9079 0.8961 0.9020
- val_non_f1:  0.6176 0.6176 0.6176

4096/4096 [==============================] - 94s - loss: 0.1763 - val_loss: 1.1066
Epoch 117/1000
4032/4096 [============================>.] - ETA: 1s - loss: 0.1612
- val_loss: 1.1597
- val_all_f1:  0.7076 0.7076 0.7076
- val_exp_f1:  0.8961 0.8961 0.8961
- val_non_f1:  0.6601 0.6601 0.6601

4096/4096 [==============================] - 99s - loss: 0.1627 - val_loss: 1.1597
Epoch 118/1000
4032/4096 [============================>.] - ETA: 1s - loss: 0.1840
- val_loss: 1.1320
- val_all_f1:  0.6736 0.6736 0.6736
- val_exp_f1:  0.9067 0.8831 0.8947
- val_non_f1:  0.6209 0.6209 0.6209

4096/4096 [==============================] - 95s - loss: 0.1823 - val_loss: 1.1320
Epoch 119/1000
4032/4096 [============================>.] - ETA: 1s - loss: 0.1656
- val_loss: 1.1381
- val_all_f1:  0.6893 0.6893 0.6893
- val_exp_f1:  0.8933 0.8701 0.8816
- val_non_f1:  0.6438 0.6438 0.6438

4096/4096 [==============================] - 97s - loss: 0.1653 - val_loss: 1.1381
Epoch 120/1000
4032/4096 [============================>.] - ETA: 1s - loss: 0.1773
- val_loss: 1.0331
- val_all_f1:  0.6841 0.6841 0.6841
- val_exp_f1:  0.9200 0.8961 0.9079
- val_non_f1:  0.6307 0.6307 0.6307

4096/4096 [==============================] - 98s - loss: 0.1757 - val_loss: 1.0331
Epoch 121/1000
4032/4096 [============================>.] - ETA: 1s - loss: 0.1588
- val_loss: 1.0888
- val_all_f1:  0.6789 0.6789 0.6789
- val_exp_f1:  0.9079 0.8961 0.9020
- val_non_f1:  0.6242 0.6242 0.6242

4096/4096 [==============================] - 100s - loss: 0.1578 - val_loss: 1.0888
Epoch 122/1000
4032/4096 [============================>.] - ETA: 1s - loss: 0.1385
- val_loss: 1.1162
- val_all_f1:  0.6841 0.6841 0.6841
- val_exp_f1:  0.8947 0.8831 0.8889
- val_non_f1:  0.6340 0.6340 0.6340

4096/4096 [==============================] - 92s - loss: 0.1375 - val_loss: 1.1162
Epoch 123/1000
4032/4096 [============================>.] - ETA: 1s - loss: 0.1411
- val_loss: 1.1482
- val_all_f1:  0.6945 0.6945 0.6945
- val_exp_f1:  0.9221 0.9221 0.9221
- val_non_f1:  0.6373 0.6373 0.6373

4096/4096 [==============================] - 93s - loss: 0.1428 - val_loss: 1.1482
Epoch 124/1000
4032/4096 [============================>.] - ETA: 1s - loss: 0.1525
- val_loss: 1.1188
- val_all_f1:  0.6841 0.6841 0.6841
- val_exp_f1:  0.9079 0.8961 0.9020
- val_non_f1:  0.6307 0.6307 0.6307

4096/4096 [==============================] - 100s - loss: 0.1512 - val_loss: 1.1188
Epoch 125/1000
4032/4096 [============================>.] - ETA: 1s - loss: 0.1481
- val_loss: 1.1920
- val_all_f1:  0.6710 0.6710 0.6710
- val_exp_f1:  0.8933 0.8701 0.8816
- val_non_f1:  0.6209 0.6209 0.6209

4096/4096 [==============================] - 91s - loss: 0.1465 - val_loss: 1.1920
Epoch 126/1000
4032/4096 [============================>.] - ETA: 1s - loss: 0.1839
- val_loss: 1.1649
- val_all_f1:  0.6554 0.6554 0.6554
- val_exp_f1:  0.8919 0.8571 0.8742
- val_non_f1:  0.6046 0.6046 0.6046

4096/4096 [==============================] - 95s - loss: 0.1840 - val_loss: 1.1649
Epoch 127/1000
4032/4096 [============================>.] - ETA: 1s - loss: 0.1538
- val_loss: 1.0978
- val_all_f1:  0.6919 0.6919 0.6919
- val_exp_f1:  0.8947 0.8831 0.8889
- val_non_f1:  0.6438 0.6438 0.6438

4096/4096 [==============================] - 98s - loss: 0.1553 - val_loss: 1.0978
Epoch 128/1000
4032/4096 [============================>.] - ETA: 1s - loss: 0.1623
- val_loss: 1.1001
- val_all_f1:  0.6789 0.6789 0.6789
- val_exp_f1:  0.9067 0.8831 0.8947
- val_non_f1:  0.6275 0.6275 0.6275

4096/4096 [==============================] - 100s - loss: 0.1619 - val_loss: 1.1001
Epoch 129/1000
4032/4096 [============================>.] - ETA: 1s - loss: 0.1743
- val_loss: 1.0872
- val_all_f1:  0.6841 0.6841 0.6841
- val_exp_f1:  0.8831 0.8831 0.8831
- val_non_f1:  0.6340 0.6340 0.6340

4096/4096 [==============================] - 94s - loss: 0.1732 - val_loss: 1.0872
Epoch 130/1000
4032/4096 [============================>.] - ETA: 1s - loss: 0.1374
- val_loss: 1.1269
- val_all_f1:  0.6893 0.6893 0.6893
- val_exp_f1:  0.8961 0.8961 0.8961
- val_non_f1:  0.6373 0.6373 0.6373

4096/4096 [==============================] - 94s - loss: 0.1366 - val_loss: 1.1269
Epoch 131/1000
4032/4096 [============================>.] - ETA: 1s - loss: 0.1289
- val_loss: 1.2071
- val_all_f1:  0.6762 0.6762 0.6762
- val_exp_f1:  0.8947 0.8831 0.8889
- val_non_f1:  0.6242 0.6242 0.6242

4096/4096 [==============================] - 103s - loss: 0.1294 - val_loss: 1.2071
Epoch 132/1000
4032/4096 [============================>.] - ETA: 1s - loss: 0.1404
- val_loss: 1.2016
- val_all_f1:  0.6867 0.6867 0.6867
- val_exp_f1:  0.8961 0.8961 0.8961
- val_non_f1:  0.6340 0.6340 0.6340

4096/4096 [==============================] - 95s - loss: 0.1394 - val_loss: 1.2016
Epoch 133/1000
4032/4096 [============================>.] - ETA: 1s - loss: 0.1432
- val_loss: 1.2110
- val_all_f1:  0.7023 0.7023 0.7023
- val_exp_f1:  0.8933 0.8701 0.8816
- val_non_f1:  0.6601 0.6601 0.6601

4096/4096 [==============================] - 99s - loss: 0.1435 - val_loss: 1.2110
Epoch 134/1000
4032/4096 [============================>.] - ETA: 1s - loss: 0.1547
- val_loss: 1.1548
- val_all_f1:  0.6893 0.6893 0.6893
- val_exp_f1:  0.8816 0.8701 0.8758
- val_non_f1:  0.6438 0.6438 0.6438

4096/4096 [==============================] - 98s - loss: 0.1541 - val_loss: 1.1548
Epoch 135/1000
4032/4096 [============================>.] - ETA: 1s - loss: 0.1490
- val_loss: 1.1702
- val_all_f1:  0.6710 0.6710 0.6710
- val_exp_f1:  0.8816 0.8701 0.8758
- val_non_f1:  0.6209 0.6209 0.6209

4096/4096 [==============================] - 96s - loss: 0.1474 - val_loss: 1.1702
Epoch 136/1000
4032/4096 [============================>.] - ETA: 1s - loss: 0.1366
- val_loss: 1.2535
- val_all_f1:  0.6684 0.6684 0.6684
- val_exp_f1:  0.9189 0.8831 0.9007
- val_non_f1:  0.6144 0.6144 0.6144

4096/4096 [==============================] - 102s - loss: 0.1359 - val_loss: 1.2535
Epoch 137/1000
4032/4096 [============================>.] - ETA: 1s - loss: 0.1470
- val_loss: 1.2979
- val_all_f1:  0.6554 0.6554 0.6554
- val_exp_f1:  0.8933 0.8701 0.8816
- val_non_f1:  0.6013 0.6013 0.6013

4096/4096 [==============================] - 93s - loss: 0.1452 - val_loss: 1.2979
Epoch 138/1000
4032/4096 [============================>.] - ETA: 1s - loss: 0.1405
- val_loss: 1.1994
- val_all_f1:  0.6736 0.6736 0.6736
- val_exp_f1:  0.8961 0.8961 0.8961
- val_non_f1:  0.6176 0.6176 0.6176

4096/4096 [==============================] - 98s - loss: 0.1399 - val_loss: 1.1994
Epoch 139/1000
4032/4096 [============================>.] - ETA: 1s - loss: 0.1577
- val_loss: 1.2399
- val_all_f1:  0.6867 0.6867 0.6867
- val_exp_f1:  0.8947 0.8831 0.8889
- val_non_f1:  0.6373 0.6373 0.6373

4096/4096 [==============================] - 88s - loss: 0.1585 - val_loss: 1.2399
Epoch 140/1000
4032/4096 [============================>.] - ETA: 1s - loss: 0.1523
- val_loss: 1.1496
- val_all_f1:  0.6789 0.6789 0.6789
- val_exp_f1:  0.8947 0.8831 0.8889
- val_non_f1:  0.6275 0.6275 0.6275

4096/4096 [==============================] - 93s - loss: 0.1533 - val_loss: 1.1496
Epoch 141/1000
4032/4096 [============================>.] - ETA: 1s - loss: 0.1408
- val_loss: 1.2664
- val_all_f1:  0.6632 0.6632 0.6632
- val_exp_f1:  0.8947 0.8831 0.8889
- val_non_f1:  0.6078 0.6078 0.6078

4096/4096 [==============================] - 96s - loss: 0.1387 - val_loss: 1.2664
Epoch 142/1000
4032/4096 [============================>.] - ETA: 1s - loss: 0.1244
- val_loss: 1.1787
- val_all_f1:  0.6867 0.6867 0.6867
- val_exp_f1:  0.9079 0.8961 0.9020
- val_non_f1:  0.6340 0.6340 0.6340

4096/4096 [==============================] - 104s - loss: 0.1234 - val_loss: 1.1787
Epoch 143/1000
4032/4096 [============================>.] - ETA: 1s - loss: 0.1238
- val_loss: 1.2215
- val_all_f1:  0.6684 0.6684 0.6684
- val_exp_f1:  0.9079 0.8961 0.9020
- val_non_f1:  0.6111 0.6111 0.6111

4096/4096 [==============================] - 96s - loss: 0.1229 - val_loss: 1.2215
Epoch 144/1000
4032/4096 [============================>.] - ETA: 1s - loss: 0.1274
- val_loss: 1.2785
- val_all_f1:  0.6762 0.6762 0.6762
- val_exp_f1:  0.9211 0.9091 0.9150
- val_non_f1:  0.6176 0.6176 0.6176

4096/4096 [==============================] - 98s - loss: 0.1287 - val_loss: 1.2785
Epoch 145/1000
4032/4096 [============================>.] - ETA: 1s - loss: 0.1254
- val_loss: 1.2128
- val_all_f1:  0.6684 0.6684 0.6684
- val_exp_f1:  0.9079 0.8961 0.9020
- val_non_f1:  0.6111 0.6111 0.6111

4096/4096 [==============================] - 93s - loss: 0.1278 - val_loss: 1.2128
Epoch 146/1000
4032/4096 [============================>.] - ETA: 1s - loss: 0.1430
- val_loss: 1.2828
- val_all_f1:  0.6919 0.6919 0.6919
- val_exp_f1:  0.9079 0.8961 0.9020
- val_non_f1:  0.6405 0.6405 0.6405

4096/4096 [==============================] - 91s - loss: 0.1415 - val_loss: 1.2828
Epoch 147/1000
4032/4096 [============================>.] - ETA: 1s - loss: 0.1265
- val_loss: 1.2271
- val_all_f1:  0.6841 0.6841 0.6841
- val_exp_f1:  0.8947 0.8831 0.8889
- val_non_f1:  0.6340 0.6340 0.6340

4096/4096 [==============================] - 98s - loss: 0.1255 - val_loss: 1.2271
Epoch 148/1000
4032/4096 [============================>.] - ETA: 1s - loss: 0.1368
- val_loss: 1.1819
- val_all_f1:  0.6710 0.6710 0.6710
- val_exp_f1:  0.9342 0.9221 0.9281
- val_non_f1:  0.6078 0.6078 0.6078

4096/4096 [==============================] - 100s - loss: 0.1394 - val_loss: 1.1819
Epoch 149/1000
4032/4096 [============================>.] - ETA: 1s - loss: 0.1308
- val_loss: 1.1617
- val_all_f1:  0.6789 0.6789 0.6789
- val_exp_f1:  0.9091 0.9091 0.9091
- val_non_f1:  0.6209 0.6209 0.6209

4096/4096 [==============================] - 95s - loss: 0.1306 - val_loss: 1.1617
Epoch 150/1000
4032/4096 [============================>.] - ETA: 1s - loss: 0.1267
- val_loss: 1.1527
- val_all_f1:  0.6789 0.6789 0.6789
- val_exp_f1:  0.9079 0.8961 0.9020
- val_non_f1:  0.6242 0.6242 0.6242

4096/4096 [==============================] - 97s - loss: 0.1270 - val_loss: 1.1527
Epoch 151/1000
4032/4096 [============================>.] - ETA: 1s - loss: 0.1266
- val_loss: 1.2464
- val_all_f1:  0.6710 0.6710 0.6710
- val_exp_f1:  0.9079 0.8961 0.9020
- val_non_f1:  0.6144 0.6144 0.6144

4096/4096 [==============================] - 92s - loss: 0.1255 - val_loss: 1.2464
Epoch 152/1000
4032/4096 [============================>.] - ETA: 1s - loss: 0.1239
- val_loss: 1.1801
- val_all_f1:  0.6919 0.6919 0.6919
- val_exp_f1:  0.9211 0.9091 0.9150
- val_non_f1:  0.6373 0.6373 0.6373

4096/4096 [==============================] - 98s - loss: 0.1235 - val_loss: 1.1801
Epoch 153/1000
4032/4096 [============================>.] - ETA: 1s - loss: 0.1230
- val_loss: 1.3559
- val_all_f1:  0.6371 0.6371 0.6371
- val_exp_f1:  0.9342 0.9221 0.9281
- val_non_f1:  0.5654 0.5654 0.5654

4096/4096 [==============================] - 103s - loss: 0.1230 - val_loss: 1.3559
Epoch 154/1000
4032/4096 [============================>.] - ETA: 1s - loss: 0.1401
- val_loss: 1.1950
- val_all_f1:  0.6658 0.6658 0.6658
- val_exp_f1:  0.9211 0.9091 0.9150
- val_non_f1:  0.6046 0.6046 0.6046

4096/4096 [==============================] - 96s - loss: 0.1396 - val_loss: 1.1950
Epoch 155/1000
4032/4096 [============================>.] - ETA: 1s - loss: 0.1231
- val_loss: 1.2185
- val_all_f1:  0.6762 0.6762 0.6762
- val_exp_f1:  0.9079 0.8961 0.9020
- val_non_f1:  0.6209 0.6209 0.6209

4096/4096 [==============================] - 95s - loss: 0.1218 - val_loss: 1.2185
Epoch 156/1000
4032/4096 [============================>.] - ETA: 1s - loss: 0.1053
- val_loss: 1.2896
- val_all_f1:  0.6710 0.6710 0.6710
- val_exp_f1:  0.9333 0.9091 0.9211
- val_non_f1:  0.6111 0.6111 0.6111

4096/4096 [==============================] - 95s - loss: 0.1068 - val_loss: 1.2896
Epoch 157/1000
4032/4096 [============================>.] - ETA: 1s - loss: 0.1102
- val_loss: 1.2499
- val_all_f1:  0.6841 0.6841 0.6841
- val_exp_f1:  0.9342 0.9221 0.9281
- val_non_f1:  0.6242 0.6242 0.6242

4096/4096 [==============================] - 98s - loss: 0.1099 - val_loss: 1.2499
Epoch 158/1000
4032/4096 [============================>.] - ETA: 1s - loss: 0.1201
- val_loss: 1.2120
- val_all_f1:  0.6919 0.6919 0.6919
- val_exp_f1:  0.9342 0.9221 0.9281
- val_non_f1:  0.6340 0.6340 0.6340

4096/4096 [==============================] - 98s - loss: 0.1187 - val_loss: 1.2120
Epoch 159/1000
4032/4096 [============================>.] - ETA: 1s - loss: 0.1400
- val_loss: 1.2423
- val_all_f1:  0.6527 0.6527 0.6527
- val_exp_f1:  0.9211 0.9091 0.9150
- val_non_f1:  0.5882 0.5882 0.5882

4096/4096 [==============================] - 99s - loss: 0.1428 - val_loss: 1.2423
Epoch 160/1000
4032/4096 [============================>.] - ETA: 1s - loss: 0.1307
- val_loss: 1.1963
- val_all_f1:  0.6658 0.6658 0.6658
- val_exp_f1:  0.9342 0.9221 0.9281
- val_non_f1:  0.6013 0.6013 0.6013

4096/4096 [==============================] - 101s - loss: 0.1310 - val_loss: 1.1963
Epoch 161/1000
4032/4096 [============================>.] - ETA: 1s - loss: 0.0978
- val_loss: 1.3630
- val_all_f1:  0.6423 0.6423 0.6423
- val_exp_f1:  0.8947 0.8831 0.8889
- val_non_f1:  0.5817 0.5817 0.5817

4096/4096 [==============================] - 94s - loss: 0.0967 - val_loss: 1.3630
Epoch 162/1000
4032/4096 [============================>.] - ETA: 1s - loss: 0.1005
- val_loss: 1.2767
- val_all_f1:  0.6762 0.6762 0.6762
- val_exp_f1:  0.9079 0.8961 0.9020
- val_non_f1:  0.6209 0.6209 0.6209

4096/4096 [==============================] - 94s - loss: 0.1028 - val_loss: 1.2767
Epoch 163/1000
4032/4096 [============================>.] - ETA: 1s - loss: 0.1077
- val_loss: 1.2106
- val_all_f1:  0.6684 0.6684 0.6684
- val_exp_f1:  0.9079 0.8961 0.9020
- val_non_f1:  0.6111 0.6111 0.6111

4096/4096 [==============================] - 97s - loss: 0.1082 - val_loss: 1.2106
Epoch 164/1000
4032/4096 [============================>.] - ETA: 1s - loss: 0.1084
- val_loss: 1.3545
- val_all_f1:  0.6580 0.6580 0.6580
- val_exp_f1:  0.8947 0.8831 0.8889
- val_non_f1:  0.6013 0.6013 0.6013

4096/4096 [==============================] - 97s - loss: 0.1105 - val_loss: 1.3545
Epoch 165/1000
4032/4096 [============================>.] - ETA: 1s - loss: 0.1042
- val_loss: 1.2579
- val_all_f1:  0.6867 0.6867 0.6867
- val_exp_f1:  0.9211 0.9091 0.9150
- val_non_f1:  0.6307 0.6307 0.6307

4096/4096 [==============================] - 98s - loss: 0.1071 - val_loss: 1.2579
Epoch 166/1000
4032/4096 [============================>.] - ETA: 1s - loss: 0.1142
- val_loss: 1.3282
- val_all_f1:  0.6815 0.6815 0.6815
- val_exp_f1:  0.9342 0.9221 0.9281
- val_non_f1:  0.6209 0.6209 0.6209

4096/4096 [==============================] - 103s - loss: 0.1141 - val_loss: 1.3282
Epoch 167/1000
4032/4096 [============================>.] - ETA: 1s - loss: 0.1118
- val_loss: 1.3605
- val_all_f1:  0.6658 0.6658 0.6658
- val_exp_f1:  0.9079 0.8961 0.9020
- val_non_f1:  0.6078 0.6078 0.6078

4096/4096 [==============================] - 98s - loss: 0.1119 - val_loss: 1.3605
Epoch 168/1000
4032/4096 [============================>.] - ETA: 1s - loss: 0.1121
- val_loss: 1.3105
- val_all_f1:  0.6893 0.6893 0.6893
- val_exp_f1:  0.8947 0.8831 0.8889
- val_non_f1:  0.6405 0.6405 0.6405

4096/4096 [==============================] - 94s - loss: 0.1106 - val_loss: 1.3105
Epoch 169/1000
4032/4096 [============================>.] - ETA: 1s - loss: 0.1371
- val_loss: 1.2636
- val_all_f1:  0.6736 0.6736 0.6736
- val_exp_f1:  0.8947 0.8831 0.8889
- val_non_f1:  0.6209 0.6209 0.6209

4096/4096 [==============================] - 95s - loss: 0.1381 - val_loss: 1.2636
Epoch 170/1000
4032/4096 [============================>.] - ETA: 1s - loss: 0.1337
- val_loss: 1.3049
- val_all_f1:  0.6762 0.6762 0.6762
- val_exp_f1:  0.8947 0.8831 0.8889
- val_non_f1:  0.6242 0.6242 0.6242

4096/4096 [==============================] - 90s - loss: 0.1325 - val_loss: 1.3049
Epoch 171/1000
4032/4096 [============================>.] - ETA: 1s - loss: 0.0910
- val_loss: 1.3397
- val_all_f1:  0.6658 0.6658 0.6658
- val_exp_f1:  0.8816 0.8701 0.8758
- val_non_f1:  0.6144 0.6144 0.6144

4096/4096 [==============================] - 97s - loss: 0.0919 - val_loss: 1.3397
Epoch 172/1000
4032/4096 [============================>.] - ETA: 1s - loss: 0.1172
- val_loss: 1.3279
- val_all_f1:  0.6867 0.6867 0.6867
- val_exp_f1:  0.8947 0.8831 0.8889
- val_non_f1:  0.6373 0.6373 0.6373

4096/4096 [==============================] - 97s - loss: 0.1171 - val_loss: 1.3279
Epoch 173/1000
4032/4096 [============================>.] - ETA: 1s - loss: 0.1128
- val_loss: 1.3403
- val_all_f1:  0.6841 0.6841 0.6841
- val_exp_f1:  0.9079 0.8961 0.9020
- val_non_f1:  0.6307 0.6307 0.6307

4096/4096 [==============================] - 95s - loss: 0.1143 - val_loss: 1.3403
[2018-03-16 19:42] training finished (ex/conll16st-vsimple-zh)
[2018-03-16 19:42] best_val_loss: 30 - loss: 0.4187 - val_loss: 0.7489 - val_all_f1: 0.7180 - val_exp_f1: 0.9351 - val_non_f1: 0.6634
[2018-03-16 19:42] best_val_all_f1: 71 - loss: 0.2172 - val_loss: 0.9707 - val_all_f1: 0.7363 - val_exp_f1: 0.9221 - val_non_f1: 0.6895
