[2017-07-13 20:42] configuration (ex/conll16st-v35b1-ench-fd-8-rn-8-2/blind)
[2017-07-13 20:42]   config 'arg1_len': 400
[2017-07-13 20:42]   config 'arg2_len': 400
[2017-07-13 20:42]   config 'backend': theano
[2017-07-13 20:42]   config 'backend_theano': device=gpu,floatX=float32,nvcc.fastmath=True,lib.cnmem=0.45
[2017-07-13 20:42]   config 'batch_size': 64
[2017-07-13 20:42]   config 'conn_len': 20
[2017-07-13 20:42]   config 'dataset_dir': data/conll15st-en-03-29-16-blind-test
[2017-07-13 20:42]   config 'filter_fn_name': None
[2017-07-13 20:42]   config 'lang': en
[2017-07-13 20:42]   config 'mode': char
[2017-07-13 20:42]   config 'model_dir': ex/conll16st-v35b1-ench-fd-8-rn-8-2
[2017-07-13 20:42]   config 'normalization_mode': sample_aspect
[2017-07-13 20:42]   config 'output_dir': ex/conll16st-v35b1-ench-fd-8-rn-8-2/blind
[2017-07-13 20:42]   config 'punc_len': 0
[2017-07-13 20:42]   config 'rest': ['--filter_dim=8', '--rnn_num=8']
[2017-07-13 20:42]   config 'snapshot_size': 2048
[2017-07-13 20:42] load dataset for prediction (data/conll15st-en-03-29-16-blind-test)
[2017-07-13 20:42]   lang: en, rel_ids: 1209
[2017-07-13 20:42] load previous indexes (ex/conll16st-v35b1-ench-fd-8-rn-8-2/indexes.pkl)
[2017-07-13 20:42]   words2id: 87, target2id: 23
[2017-07-13 20:42] load model (ex/conll16st-v35b1-ench-fd-8-rn-8-2)
[2017-07-13 20:42] load previous weights (ex/conll16st-v35b1-ench-fd-8-rn-8-2/weights_val_all_f1.hdf5)
[2017-07-13 20:42] prediction preparation
[2017-07-13 20:42] make predictions (ex/conll16st-v35b1-ench-fd-8-rn-8-2/blind/output.json)
[2017-07-13 20:42] peek into filtering weights (ex/conll16st-v35b1-ench-fd-8-rn-8-2/blind/peek.html)
[2017-07-13 20:46] finished (ex/conll16st-v35b1-ench-fd-8-rn-8-2/blind)
