[2018-03-07 11:39] configuration (ex/conll16st-vsimple-ench)
[2018-03-07 11:39]   config 'arg1_len': 400
[2018-03-07 11:39]   config 'arg2_len': 400
[2018-03-07 11:39]   config 'backend': theano
[2018-03-07 11:39]   config 'backend_theano': device=gpu,floatX=float32,nvcc.fastmath=True,lib.cnmem=1
[2018-03-07 11:39]   config 'batch_size': 64
[2018-03-07 11:39]   config 'conn_len': 20
[2018-03-07 11:39]   config 'continue_': False
[2018-03-07 11:39]   config 'curriculum_end': 0.0
[2018-03-07 11:39]   config 'epochs': 1000
[2018-03-07 11:39]   config 'epochs_patience': 100
[2018-03-07 11:39]   config 'epochs_ratio': 0.1
[2018-03-07 11:39]   config 'filter_fn_name': None
[2018-03-07 11:39]   config 'final_act': SReLU
[2018-03-07 11:39]   config 'final_dim': 0
[2018-03-07 11:39]   config 'final_dropout': 0.3
[2018-03-07 11:39]   config 'lang': en
[2018-03-07 11:39]   config 'masking': True
[2018-03-07 11:39]   config 'mode': char
[2018-03-07 11:39]   config 'model_dir': ex/conll16st-vsimple-ench
[2018-03-07 11:39]   config 'optimizer': adam
[2018-03-07 11:39]   config 'original_positives': 0
[2018-03-07 11:39]   config 'punc_len': 0
[2018-03-07 11:39]   config 'random_negatives': 2
[2018-03-07 11:39]   config 'random_positives': 2
[2018-03-07 11:39]   config 'random_proba_1': 0.1
[2018-03-07 11:39]   config 'random_proba_2': 0.1
[2018-03-07 11:39]   config 'random_proba_3': 0.9
[2018-03-07 11:39]   config 'rnn_act': tanh
[2018-03-07 11:39]   config 'rnn_dim': 160
[2018-03-07 11:39]   config 'rnn_dropout_U': 0.0
[2018-03-07 11:39]   config 'rnn_dropout_W': 0.0
[2018-03-07 11:39]   config 'rnn_num': 1
[2018-03-07 11:39]   config 'rnn_shared': none
[2018-03-07 11:39]   config 'rnn_type': lstm-fwd
[2018-03-07 11:39]   config 'rnn_zoneout_c': 0.0
[2018-03-07 11:39]   config 'rnn_zoneout_h': 0.0
[2018-03-07 11:39]   config 'snapshot_size': 2048
[2018-03-07 11:39]   config 'train_dir': data/conll16st-en-03-29-16-train
[2018-03-07 11:39]   config 'valid_dir': data/conll16st-en-03-29-16-dev
[2018-03-07 11:39]   config 'words2vec_bin': None
[2018-03-07 11:39]   config 'words2vec_txt': None
[2018-03-07 11:39]   config 'words_dim': 20
[2018-03-07 11:39]   config 'words_dropout': 0.3
[2018-03-07 11:39]   config 'words_shared': global
[2018-03-07 11:39]   config 'words_trainable': True
[2018-03-07 11:39] load dataset for training (data/conll16st-en-03-29-16-train)
[2018-03-07 11:39]   lang: en, rel_ids: 32535
[2018-03-07 11:39] load dataset for validation (data/conll16st-en-03-29-16-dev)
[2018-03-07 11:39]   lang: en, rel_ids: 1436
[2018-03-07 11:39] build indexes from training
[2018-03-07 11:40]   words2id: 87, target2id: 23
[2018-03-07 11:40] target class distribution from training
[2018-03-07 11:40]   class 0 = 'None': None
[2018-03-07 11:40]   class 1 = '': None
[2018-03-07 11:40]   class 2 = 'Expansion.Conjunction': 7817
[2018-03-07 11:40]   class 3 = 'Comparison.Contrast': 4714
[2018-03-07 11:40]   class 4 = 'EntRel': 4133
[2018-03-07 11:40]   class 5 = 'Contingency.Cause.Reason': 3344
[2018-03-07 11:40]   class 6 = 'Expansion.Restatement': 2699
[2018-03-07 11:40]   class 7 = 'Contingency.Cause.Result': 2137
[2018-03-07 11:40]   class 8 = 'Temporal.Synchrony': 1499
[2018-03-07 11:40]   class 9 = 'Expansion.Instantiation': 1403
[2018-03-07 11:40]   class 10 = 'Comparison.Concession': 1293
[2018-03-07 11:40]   class 11 = 'Temporal.Asynchronous.Precedence': 1277
[2018-03-07 11:40]   class 12 = 'Contingency.Condition': 1197
[2018-03-07 11:40]   class 13 = 'Temporal.Asynchronous.Succession': 1014
[2018-03-07 11:40]   class 14 = 'Comparison': 992
[2018-03-07 11:40]   class 15 = 'Expansion': 630
[2018-03-07 11:40]   class 16 = 'Expansion.Alternative.Chosen alternative': 241
[2018-03-07 11:40]   class 17 = 'Expansion.Alternative': 210
[2018-03-07 11:40]   class 18 = 'Temporal': 27
[2018-03-07 11:40]   class 19 = 'Contingency': 24
[2018-03-07 11:40]   class 20 = 'Expansion.Exception': 15
[2018-03-07 11:40]   class 21 = 'Temporal.Asynchronous': 6
[2018-03-07 11:40]   class 22 = 'Contingency.Cause': 2
[2018-03-07 11:40] build model
____________________________________________________________________________________________________
Layer (type)                     Output Shape          Param #     Connected to                     
====================================================================================================
arg1_ids (InputLayer)            (None, 400)           0                                            
____________________________________________________________________________________________________
arg2_ids (InputLayer)            (None, 400)           0                                            
____________________________________________________________________________________________________
conn_ids (InputLayer)            (None, 20)            0                                            
____________________________________________________________________________________________________
embedding_1 (Embedding)          multiple              1740        arg1_ids[0][0]                   
                                                                   arg2_ids[0][0]                   
                                                                   conn_ids[0][0]                   
____________________________________________________________________________________________________
shareablelstm_1 (ShareableLSTM)  (None, 160)           115840      embedding_1[0][0]                
____________________________________________________________________________________________________
shareablelstm_3 (ShareableLSTM)  (None, 160)           115840      embedding_1[1][0]                
____________________________________________________________________________________________________
shareablelstm_5 (ShareableLSTM)  (None, 160)           115840      embedding_1[2][0]                
____________________________________________________________________________________________________
merge_1 (Merge)                  (None, 480)           0           shareablelstm_1[0][0]            
                                                                   shareablelstm_3[0][0]            
                                                                   shareablelstm_5[0][0]            
____________________________________________________________________________________________________
dense_1 (Dense)                  (None, 23)            11063       merge_1[0][0]                    
____________________________________________________________________________________________________
target (Activation)              (None, 23)            0           dense_1[0][0]                    
====================================================================================================
Total params: 360,323
Trainable params: 360,323
Non-trainable params: 0
____________________________________________________________________________________________________
[2018-03-07 11:40] initialize weights
[2018-03-07 11:40] training preparation
[2018-03-07 11:40] train model (ex/conll16st-vsimple-ench)
Epoch 1/1000
12992/13056 [============================>.] - ETA: 0s - loss: 1.5888
- val_loss: 2.4252
- val_all_f1:  0.3224 0.3224 0.3224
- val_exp_f1:  0.4962 0.4962 0.4962
- val_non_f1:  0.1696 0.1696 0.1696

13056/13056 [==============================] - 118s - loss: 1.5862 - val_loss: 2.4252
Epoch 2/1000
12992/13056 [============================>.] - ETA: 0s - loss: 1.1772
- val_loss: 2.1178
- val_all_f1:  0.3402 0.3402 0.3402
- val_exp_f1:  0.5387 0.5387 0.5387
- val_non_f1:  0.1656 0.1656 0.1656

13056/13056 [==============================] - 118s - loss: 1.1763 - val_loss: 2.1178
Epoch 3/1000
12992/13056 [============================>.] - ETA: 0s - loss: 1.1071
- val_loss: 2.0730
- val_all_f1:  0.4297 0.4297 0.4297
- val_exp_f1:  0.6631 0.6631 0.6631
- val_non_f1:  0.2243 0.2243 0.2243

13056/13056 [==============================] - 117s - loss: 1.1075 - val_loss: 2.0730
Epoch 4/1000
12992/13056 [============================>.] - ETA: 0s - loss: 1.0361
- val_loss: 1.7878
- val_all_f1:  0.4957 0.4957 0.4957
- val_exp_f1:  0.7299 0.7299 0.7299
- val_non_f1:  0.2901 0.2897 0.2899

13056/13056 [==============================] - 117s - loss: 1.0360 - val_loss: 1.7878
Epoch 5/1000
12992/13056 [============================>.] - ETA: 0s - loss: 0.9260
- val_loss: 1.7190
- val_all_f1:  0.4993 0.4993 0.4993
- val_exp_f1:  0.7375 0.7375 0.7375
- val_non_f1:  0.2897 0.2897 0.2897

13056/13056 [==============================] - 118s - loss: 0.9272 - val_loss: 1.7190
Epoch 6/1000
12992/13056 [============================>.] - ETA: 0s - loss: 0.9338
- val_loss: 1.6565
- val_all_f1:  0.4901 0.4901 0.4901
- val_exp_f1:  0.8376 0.8376 0.8376
- val_non_f1:  0.1842 0.1842 0.1842

13056/13056 [==============================] - 117s - loss: 0.9338 - val_loss: 1.6565
Epoch 7/1000
12992/13056 [============================>.] - ETA: 0s - loss: 0.9093
- val_loss: 1.6006
- val_all_f1:  0.5568 0.5568 0.5568
- val_exp_f1:  0.8604 0.8604 0.8604
- val_non_f1:  0.2901 0.2897 0.2899

13056/13056 [==============================] - 117s - loss: 0.9100 - val_loss: 1.6006
Epoch 8/1000
12992/13056 [============================>.] - ETA: 0s - loss: 0.8847
- val_loss: 1.5917
- val_all_f1:  0.5646 0.5646 0.5646
- val_exp_f1:  0.8741 0.8741 0.8741
- val_non_f1:  0.2924 0.2924 0.2924

13056/13056 [==============================] - 118s - loss: 0.8838 - val_loss: 1.5917
Epoch 9/1000
12992/13056 [============================>.] - ETA: 0s - loss: 0.8802
- val_loss: 1.5905
- val_all_f1:  0.5483 0.5483 0.5483
- val_exp_f1:  0.8376 0.8376 0.8376
- val_non_f1:  0.2941 0.2937 0.2939

13056/13056 [==============================] - 117s - loss: 0.8791 - val_loss: 1.5905
Epoch 10/1000
12992/13056 [============================>.] - ETA: 0s - loss: 0.8957
- val_loss: 1.5806
- val_all_f1:  0.5618 0.5618 0.5618
- val_exp_f1:  0.8634 0.8634 0.8634
- val_non_f1:  0.2964 0.2964 0.2964

13056/13056 [==============================] - 117s - loss: 0.8952 - val_loss: 1.5806
Epoch 11/1000
12992/13056 [============================>.] - ETA: 0s - loss: 0.8555
- val_loss: 1.5418
- val_all_f1:  0.5568 0.5568 0.5568
- val_exp_f1:  0.8528 0.8528 0.8528
- val_non_f1:  0.2964 0.2964 0.2964

13056/13056 [==============================] - 118s - loss: 0.8563 - val_loss: 1.5418
Epoch 12/1000
12992/13056 [============================>.] - ETA: 0s - loss: 0.8482
- val_loss: 1.5436
- val_all_f1:  0.5597 0.5597 0.5597
- val_exp_f1:  0.8816 0.8816 0.8816
- val_non_f1:  0.2764 0.2764 0.2764

13056/13056 [==============================] - 136s - loss: 0.8485 - val_loss: 1.5436
Epoch 13/1000
12992/13056 [============================>.] - ETA: 0s - loss: 0.8165
- val_loss: 1.5433
- val_all_f1:  0.5604 0.5604 0.5604
- val_exp_f1:  0.8619 0.8619 0.8619
- val_non_f1:  0.2959 0.2951 0.2955

13056/13056 [==============================] - 221s - loss: 0.8167 - val_loss: 1.5433
Epoch 14/1000
12992/13056 [============================>.] - ETA: 0s - loss: 0.8243
- val_loss: 1.5282
- val_all_f1:  0.5668 0.5668 0.5668
- val_exp_f1:  0.8756 0.8756 0.8756
- val_non_f1:  0.2955 0.2951 0.2953

13056/13056 [==============================] - 222s - loss: 0.8257 - val_loss: 1.5282
Epoch 15/1000
12992/13056 [============================>.] - ETA: 0s - loss: 0.8257
- val_loss: 1.5111
- val_all_f1:  0.5327 0.5327 0.5327
- val_exp_f1:  0.8907 0.8907 0.8907
- val_non_f1:  0.2179 0.2176 0.2178

13056/13056 [==============================] - 229s - loss: 0.8254 - val_loss: 1.5111
Epoch 16/1000
12992/13056 [============================>.] - ETA: 1s - loss: 0.8299
- val_loss: 1.5058
- val_all_f1:  0.5760 0.5760 0.5760
- val_exp_f1:  0.8968 0.8968 0.8968
- val_non_f1:  0.2945 0.2937 0.2941

13056/13056 [==============================] - 231s - loss: 0.8299 - val_loss: 1.5058
Epoch 17/1000
12992/13056 [============================>.] - ETA: 0s - loss: 0.8240
- val_loss: 1.5010
- val_all_f1:  0.5774 0.5774 0.5774
- val_exp_f1:  0.8953 0.8953 0.8953
- val_non_f1:  0.2977 0.2977 0.2977

13056/13056 [==============================] - 225s - loss: 0.8246 - val_loss: 1.5010
Epoch 18/1000
12992/13056 [============================>.] - ETA: 0s - loss: 0.8284
- val_loss: 1.5245
- val_all_f1:  0.5668 0.5668 0.5668
- val_exp_f1:  0.8786 0.8786 0.8786
- val_non_f1:  0.2928 0.2924 0.2926

13056/13056 [==============================] - 228s - loss: 0.8279 - val_loss: 1.5245
Epoch 19/1000
12992/13056 [============================>.] - ETA: 1s - loss: 0.8069
- val_loss: 1.4798
- val_all_f1:  0.5774 0.5774 0.5774
- val_exp_f1:  0.8968 0.8968 0.8968
- val_non_f1:  0.2976 0.2964 0.2970

13056/13056 [==============================] - 238s - loss: 0.8077 - val_loss: 1.4798
Epoch 20/1000
12992/13056 [============================>.] - ETA: 0s - loss: 0.8373
- val_loss: 1.4992
- val_all_f1:  0.5639 0.5639 0.5639
- val_exp_f1:  0.8953 0.8953 0.8953
- val_non_f1:  0.2727 0.2724 0.2725

13056/13056 [==============================] - 228s - loss: 0.8382 - val_loss: 1.4992
Epoch 21/1000
12992/13056 [============================>.] - ETA: 0s - loss: 0.8037
- val_loss: 1.4874
- val_all_f1:  0.5682 0.5682 0.5682
- val_exp_f1:  0.8998 0.8998 0.8998
- val_non_f1:  0.2767 0.2764 0.2766

13056/13056 [==============================] - 213s - loss: 0.8031 - val_loss: 1.4874
Epoch 22/1000
12992/13056 [============================>.] - ETA: 0s - loss: 0.8140
- val_loss: 1.5136
- val_all_f1:  0.5653 0.5653 0.5653
- val_exp_f1:  0.8786 0.8786 0.8786
- val_non_f1:  0.2897 0.2897 0.2897

13056/13056 [==============================] - 228s - loss: 0.8136 - val_loss: 1.5136
Epoch 23/1000
12992/13056 [============================>.] - ETA: 1s - loss: 0.8074
- val_loss: 1.4958
- val_all_f1:  0.5767 0.5767 0.5767
- val_exp_f1:  0.8786 0.8786 0.8786
- val_non_f1:  0.3115 0.3111 0.3113

13056/13056 [==============================] - 230s - loss: 0.8083 - val_loss: 1.4958
Epoch 24/1000
12992/13056 [============================>.] - ETA: 0s - loss: 0.8253
- val_loss: 1.4787
- val_all_f1:  0.5781 0.5781 0.5781
- val_exp_f1:  0.8938 0.8938 0.8938
- val_non_f1:  0.3008 0.3004 0.3006

13056/13056 [==============================] - 223s - loss: 0.8253 - val_loss: 1.4787
Epoch 25/1000
12992/13056 [============================>.] - ETA: 1s - loss: 0.8023
- val_loss: 1.4836
- val_all_f1:  0.5774 0.5774 0.5774
- val_exp_f1:  0.9074 0.9074 0.9074
- val_non_f1:  0.2878 0.2870 0.2874

13056/13056 [==============================] - 234s - loss: 0.8016 - val_loss: 1.4836
Epoch 26/1000
12992/13056 [============================>.] - ETA: 0s - loss: 0.8012
- val_loss: 1.5010
- val_all_f1:  0.5170 0.5170 0.5170
- val_exp_f1:  0.8892 0.8892 0.8892
- val_non_f1:  0.1898 0.1896 0.1897

13056/13056 [==============================] - 231s - loss: 0.8019 - val_loss: 1.5010
Epoch 27/1000
12992/13056 [============================>.] - ETA: 0s - loss: 0.7950
- val_loss: 1.4783
- val_all_f1:  0.5675 0.5675 0.5675
- val_exp_f1:  0.8771 0.8771 0.8771
- val_non_f1:  0.2955 0.2951 0.2953

13056/13056 [==============================] - 221s - loss: 0.7959 - val_loss: 1.4783
Epoch 28/1000
12992/13056 [============================>.] - ETA: 1s - loss: 0.7721
- val_loss: 1.4744
- val_all_f1:  0.5774 0.5774 0.5774
- val_exp_f1:  0.8832 0.8832 0.8832
- val_non_f1:  0.3088 0.3084 0.3086

13056/13056 [==============================] - 236s - loss: 0.7717 - val_loss: 1.4744
Epoch 29/1000
12992/13056 [============================>.] - ETA: 0s - loss: 0.7793
- val_loss: 1.4780
- val_all_f1:  0.5788 0.5788 0.5788
- val_exp_f1:  0.9014 0.9014 0.9014
- val_non_f1:  0.2962 0.2951 0.2957

13056/13056 [==============================] - 225s - loss: 0.7803 - val_loss: 1.4780
Epoch 30/1000
12992/13056 [============================>.] - ETA: 1s - loss: 0.8038
- val_loss: 1.4910
- val_all_f1:  0.5661 0.5661 0.5661
- val_exp_f1:  0.8741 0.8741 0.8741
- val_non_f1:  0.2959 0.2951 0.2955

13056/13056 [==============================] - 232s - loss: 0.8043 - val_loss: 1.4910
Epoch 31/1000
12992/13056 [============================>.] - ETA: 0s - loss: 0.7831
- val_loss: 1.4388
- val_all_f1:  0.5923 0.5923 0.5923
- val_exp_f1:  0.9090 0.9090 0.9090
- val_non_f1:  0.3142 0.3138 0.3140

13056/13056 [==============================] - 232s - loss: 0.7846 - val_loss: 1.4388
Epoch 32/1000
12992/13056 [============================>.] - ETA: 1s - loss: 0.7680
- val_loss: 1.4393
- val_all_f1:  0.5874 0.5874 0.5874
- val_exp_f1:  0.8953 0.8953 0.8953
- val_non_f1:  0.3177 0.3164 0.3171

13056/13056 [==============================] - 245s - loss: 0.7666 - val_loss: 1.4393
Epoch 33/1000
12992/13056 [============================>.] - ETA: 0s - loss: 0.7758
- val_loss: 1.4480
- val_all_f1:  0.5902 0.5902 0.5902
- val_exp_f1:  0.9044 0.9044 0.9044
- val_non_f1:  0.3138 0.3138 0.3138

13056/13056 [==============================] - 224s - loss: 0.7754 - val_loss: 1.4480
Epoch 34/1000
12992/13056 [============================>.] - ETA: 0s - loss: 0.7751
- val_loss: 1.4359
- val_all_f1:  0.5746 0.5746 0.5746
- val_exp_f1:  0.8953 0.8953 0.8953
- val_non_f1:  0.2928 0.2924 0.2926

13056/13056 [==============================] - 222s - loss: 0.7756 - val_loss: 1.4359
Epoch 35/1000
12992/13056 [============================>.] - ETA: 0s - loss: 0.7774
- val_loss: 1.4703
- val_all_f1:  0.5774 0.5774 0.5774
- val_exp_f1:  0.8786 0.8786 0.8786
- val_non_f1:  0.3128 0.3124 0.3126

13056/13056 [==============================] - 228s - loss: 0.7781 - val_loss: 1.4703
Epoch 36/1000
12992/13056 [============================>.] - ETA: 0s - loss: 0.7669
- val_loss: 1.4205
- val_all_f1:  0.5952 0.5952 0.5952
- val_exp_f1:  0.8953 0.8953 0.8953
- val_non_f1:  0.3320 0.3311 0.3316

13056/13056 [==============================] - 226s - loss: 0.7670 - val_loss: 1.4205
Epoch 37/1000
12992/13056 [============================>.] - ETA: 1s - loss: 0.7862
- val_loss: 1.4132
- val_all_f1:  0.5866 0.5866 0.5866
- val_exp_f1:  0.8998 0.8998 0.8998
- val_non_f1:  0.3119 0.3111 0.3115

13056/13056 [==============================] - 236s - loss: 0.7866 - val_loss: 1.4132
Epoch 38/1000
12992/13056 [============================>.] - ETA: 0s - loss: 0.7723
- val_loss: 1.4368
- val_all_f1:  0.5696 0.5696 0.5696
- val_exp_f1:  0.8998 0.8998 0.8998
- val_non_f1:  0.2794 0.2790 0.2792

13056/13056 [==============================] - 228s - loss: 0.7732 - val_loss: 1.4368
Epoch 39/1000
12992/13056 [============================>.] - ETA: 0s - loss: 0.7700
- val_loss: 1.4273
- val_all_f1:  0.5916 0.5916 0.5916
- val_exp_f1:  0.8998 0.8998 0.8998
- val_non_f1:  0.3209 0.3204 0.3206

13056/13056 [==============================] - 215s - loss: 0.7694 - val_loss: 1.4273
Epoch 40/1000
12992/13056 [============================>.] - ETA: 0s - loss: 0.7858
- val_loss: 1.4258
- val_all_f1:  0.5852 0.5852 0.5852
- val_exp_f1:  0.8983 0.8983 0.8983
- val_non_f1:  0.3097 0.3097 0.3097

13056/13056 [==============================] - 224s - loss: 0.7861 - val_loss: 1.4258
Epoch 41/1000
12992/13056 [============================>.] - ETA: 1s - loss: 0.7492
- val_loss: 1.4348
- val_all_f1:  0.5810 0.5810 0.5810
- val_exp_f1:  0.8847 0.8847 0.8847
- val_non_f1:  0.3142 0.3138 0.3140

13056/13056 [==============================] - 235s - loss: 0.7504 - val_loss: 1.4348
Epoch 42/1000
12992/13056 [============================>.] - ETA: 0s - loss: 0.7546
- val_loss: 1.4258
- val_all_f1:  0.5746 0.5746 0.5746
- val_exp_f1:  0.8877 0.8877 0.8877
- val_non_f1:  0.2999 0.2991 0.2995

13056/13056 [==============================] - 225s - loss: 0.7536 - val_loss: 1.4258
Epoch 43/1000
12992/13056 [============================>.] - ETA: 0s - loss: 0.7549
- val_loss: 1.4056
- val_all_f1:  0.5895 0.5895 0.5895
- val_exp_f1:  0.9014 0.9014 0.9014
- val_non_f1:  0.3155 0.3151 0.3153

13056/13056 [==============================] - 226s - loss: 0.7548 - val_loss: 1.4056
Epoch 44/1000
12992/13056 [============================>.] - ETA: 0s - loss: 0.7602
- val_loss: 1.4168
- val_all_f1:  0.6023 0.6023 0.6023
- val_exp_f1:  0.9150 0.9150 0.9150
- val_non_f1:  0.3271 0.3271 0.3271

13056/13056 [==============================] - 224s - loss: 0.7601 - val_loss: 1.4168
Epoch 45/1000
12992/13056 [============================>.] - ETA: 0s - loss: 0.7553
- val_loss: 1.4423
- val_all_f1:  0.5717 0.5717 0.5717
- val_exp_f1:  0.8923 0.8923 0.8923
- val_non_f1:  0.2905 0.2897 0.2901

13056/13056 [==============================] - 219s - loss: 0.7557 - val_loss: 1.4423
Epoch 46/1000
12992/13056 [============================>.] - ETA: 1s - loss: 0.7762
- val_loss: 1.4655
- val_all_f1:  0.5433 0.5433 0.5433
- val_exp_f1:  0.8665 0.8665 0.8665
- val_non_f1:  0.2597 0.2590 0.2594

13056/13056 [==============================] - 238s - loss: 0.7754 - val_loss: 1.4655
Epoch 47/1000
12992/13056 [============================>.] - ETA: 0s - loss: 0.7662
- val_loss: 1.4246
- val_all_f1:  0.5980 0.5980 0.5980
- val_exp_f1:  0.8892 0.8892 0.8892
- val_non_f1:  0.3422 0.3418 0.3420

13056/13056 [==============================] - 223s - loss: 0.7660 - val_loss: 1.4246
Epoch 48/1000
12992/13056 [============================>.] - ETA: 0s - loss: 0.7478
- val_loss: 1.4118
- val_all_f1:  0.5817 0.5817 0.5817
- val_exp_f1:  0.8892 0.8892 0.8892
- val_non_f1:  0.3119 0.3111 0.3115

13056/13056 [==============================] - 226s - loss: 0.7464 - val_loss: 1.4118
Epoch 49/1000
12992/13056 [============================>.] - ETA: 0s - loss: 0.7592
- val_loss: 1.4107
- val_all_f1:  0.5781 0.5781 0.5781
- val_exp_f1:  0.8953 0.8953 0.8953
- val_non_f1:  0.2999 0.2991 0.2995

13056/13056 [==============================] - 226s - loss: 0.7595 - val_loss: 1.4107
Epoch 50/1000
12992/13056 [============================>.] - ETA: 0s - loss: 0.7553
- val_loss: 1.4045
- val_all_f1:  0.5866 0.5866 0.5866
- val_exp_f1:  0.8907 0.8907 0.8907
- val_non_f1:  0.3199 0.3191 0.3195

13056/13056 [==============================] - 221s - loss: 0.7557 - val_loss: 1.4045
Epoch 51/1000
12992/13056 [============================>.] - ETA: 0s - loss: 0.7431
- val_loss: 1.4141
- val_all_f1:  0.5909 0.5909 0.5909
- val_exp_f1:  0.8998 0.8998 0.8998
- val_non_f1:  0.3199 0.3191 0.3195

13056/13056 [==============================] - 223s - loss: 0.7414 - val_loss: 1.4141
Epoch 52/1000
12992/13056 [============================>.] - ETA: 0s - loss: 0.7488
- val_loss: 1.3976
- val_all_f1:  0.5916 0.5916 0.5916
- val_exp_f1:  0.9090 0.9090 0.9090
- val_non_f1:  0.3128 0.3124 0.3126

13056/13056 [==============================] - 227s - loss: 0.7494 - val_loss: 1.3976
Epoch 53/1000
12992/13056 [============================>.] - ETA: 0s - loss: 0.7484
- val_loss: 1.4150
- val_all_f1:  0.5710 0.5710 0.5710
- val_exp_f1:  0.8892 0.8892 0.8892
- val_non_f1:  0.2914 0.2911 0.2912

13056/13056 [==============================] - 228s - loss: 0.7489 - val_loss: 1.4150
Epoch 54/1000
12992/13056 [============================>.] - ETA: 0s - loss: 0.7533
- val_loss: 1.4390
- val_all_f1:  0.5845 0.5845 0.5845
- val_exp_f1:  0.9014 0.9014 0.9014
- val_non_f1:  0.3070 0.3057 0.3064

13056/13056 [==============================] - 220s - loss: 0.7524 - val_loss: 1.4390
Epoch 55/1000
12992/13056 [============================>.] - ETA: 0s - loss: 0.7445
- val_loss: 1.4102
- val_all_f1:  0.5966 0.5966 0.5966
- val_exp_f1:  0.8953 0.8953 0.8953
- val_non_f1:  0.3342 0.3338 0.3340

13056/13056 [==============================] - 214s - loss: 0.7441 - val_loss: 1.4102
Epoch 56/1000
12992/13056 [============================>.] - ETA: 1s - loss: 0.7465
- val_loss: 1.4093
- val_all_f1:  0.5938 0.5938 0.5938
- val_exp_f1:  0.8923 0.8923 0.8923
- val_non_f1:  0.3329 0.3311 0.3320

13056/13056 [==============================] - 231s - loss: 0.7463 - val_loss: 1.4093
Epoch 57/1000
12992/13056 [============================>.] - ETA: 0s - loss: 0.7593
- val_loss: 1.4048
- val_all_f1:  0.5987 0.5987 0.5987
- val_exp_f1:  0.9090 0.9090 0.9090
- val_non_f1:  0.3266 0.3258 0.3262

13056/13056 [==============================] - 223s - loss: 0.7593 - val_loss: 1.4048
Epoch 58/1000
12992/13056 [============================>.] - ETA: 1s - loss: 0.7647
- val_loss: 1.4229
- val_all_f1:  0.5724 0.5724 0.5724
- val_exp_f1:  0.9150 0.9150 0.9150
- val_non_f1:  0.2718 0.2710 0.2714

13056/13056 [==============================] - 231s - loss: 0.7634 - val_loss: 1.4229
Epoch 59/1000
12992/13056 [============================>.] - ETA: 0s - loss: 0.7446
- val_loss: 1.4080
- val_all_f1:  0.5916 0.5916 0.5916
- val_exp_f1:  0.9120 0.9120 0.9120
- val_non_f1:  0.3106 0.3097 0.3102

13056/13056 [==============================] - 219s - loss: 0.7470 - val_loss: 1.4080
Epoch 60/1000
12992/13056 [============================>.] - ETA: 0s - loss: 0.7552
- val_loss: 1.4120
- val_all_f1:  0.5881 0.5881 0.5881
- val_exp_f1:  0.9105 0.9105 0.9105
- val_non_f1:  0.3056 0.3044 0.3050

13056/13056 [==============================] - 235s - loss: 0.7548 - val_loss: 1.4120
Epoch 61/1000
12992/13056 [============================>.] - ETA: 0s - loss: 0.7372
- val_loss: 1.3920
- val_all_f1:  0.6016 0.6016 0.6016
- val_exp_f1:  0.8968 0.8968 0.8968
- val_non_f1:  0.3432 0.3418 0.3425

13056/13056 [==============================] - 222s - loss: 0.7362 - val_loss: 1.3920
Epoch 62/1000
12992/13056 [============================>.] - ETA: 1s - loss: 0.7672
- val_loss: 1.4084
- val_all_f1:  0.5973 0.5973 0.5973
- val_exp_f1:  0.9105 0.9105 0.9105
- val_non_f1:  0.3235 0.3218 0.3226

13056/13056 [==============================] - 234s - loss: 0.7675 - val_loss: 1.4084
Epoch 63/1000
12992/13056 [============================>.] - ETA: 0s - loss: 0.7321
- val_loss: 1.4130
- val_all_f1:  0.5909 0.5909 0.5909
- val_exp_f1:  0.8983 0.8983 0.8983
- val_non_f1:  0.3217 0.3204 0.3211

13056/13056 [==============================] - 223s - loss: 0.7318 - val_loss: 1.4130
Epoch 64/1000
12992/13056 [============================>.] - ETA: 0s - loss: 0.7463
- val_loss: 1.3891
- val_all_f1:  0.5994 0.5994 0.5994
- val_exp_f1:  0.9090 0.9090 0.9090
- val_non_f1:  0.3284 0.3271 0.3278

13056/13056 [==============================] - 222s - loss: 0.7463 - val_loss: 1.3891
Epoch 65/1000
12992/13056 [============================>.] - ETA: 0s - loss: 0.7493
- val_loss: 1.3911
- val_all_f1:  0.6101 0.6101 0.6101
- val_exp_f1:  0.9059 0.9059 0.9059
- val_non_f1:  0.3507 0.3498 0.3503

13056/13056 [==============================] - 216s - loss: 0.7494 - val_loss: 1.3911
Epoch 66/1000
12992/13056 [============================>.] - ETA: 0s - loss: 0.7403
- val_loss: 1.4025
- val_all_f1:  0.5767 0.5767 0.5767
- val_exp_f1:  0.9014 0.9014 0.9014
- val_non_f1:  0.2914 0.2911 0.2912

13056/13056 [==============================] - 224s - loss: 0.7404 - val_loss: 1.4025
Epoch 67/1000
12992/13056 [============================>.] - ETA: 0s - loss: 0.7378
- val_loss: 1.4084
- val_all_f1:  0.5902 0.5902 0.5902
- val_exp_f1:  0.8968 0.8968 0.8968
- val_non_f1:  0.3213 0.3204 0.3209

13056/13056 [==============================] - 216s - loss: 0.7380 - val_loss: 1.4084
Epoch 68/1000
12992/13056 [============================>.] - ETA: 1s - loss: 0.7480
- val_loss: 1.4079
- val_all_f1:  0.5966 0.5966 0.5966
- val_exp_f1:  0.8892 0.8892 0.8892
- val_non_f1:  0.3400 0.3391 0.3396

13056/13056 [==============================] - 235s - loss: 0.7474 - val_loss: 1.4079
Epoch 69/1000
12992/13056 [============================>.] - ETA: 0s - loss: 0.7419
- val_loss: 1.3810
- val_all_f1:  0.6108 0.6108 0.6108
- val_exp_f1:  0.9059 0.9059 0.9059
- val_non_f1:  0.3516 0.3511 0.3514

13056/13056 [==============================] - 228s - loss: 0.7425 - val_loss: 1.3810
Epoch 70/1000
12992/13056 [============================>.] - ETA: 1s - loss: 0.7476
- val_loss: 1.3824
- val_all_f1:  0.6051 0.6051 0.6051
- val_exp_f1:  0.8938 0.8938 0.8938
- val_non_f1:  0.3516 0.3511 0.3514

13056/13056 [==============================] - 244s - loss: 0.7475 - val_loss: 1.3824
Epoch 71/1000
12992/13056 [============================>.] - ETA: 1s - loss: 0.7443
- val_loss: 1.3704
- val_all_f1:  0.6101 0.6101 0.6101
- val_exp_f1:  0.9226 0.9226 0.9226
- val_non_f1:  0.3360 0.3351 0.3356

13056/13056 [==============================] - 232s - loss: 0.7441 - val_loss: 1.3704
Epoch 72/1000
12992/13056 [============================>.] - ETA: 0s - loss: 0.7394
- val_loss: 1.4199
- val_all_f1:  0.5753 0.5753 0.5753
- val_exp_f1:  0.8801 0.8801 0.8801
- val_non_f1:  0.3071 0.3071 0.3071

13056/13056 [==============================] - 216s - loss: 0.7392 - val_loss: 1.4199
Epoch 73/1000
12992/13056 [============================>.] - ETA: 0s - loss: 0.7436
- val_loss: 1.4223
- val_all_f1:  0.5831 0.5831 0.5831
- val_exp_f1:  0.8816 0.8816 0.8816
- val_non_f1:  0.3213 0.3204 0.3209

13056/13056 [==============================] - 226s - loss: 0.7424 - val_loss: 1.4223
Epoch 74/1000
12992/13056 [============================>.] - ETA: 0s - loss: 0.7434
- val_loss: 1.3806
- val_all_f1:  0.6094 0.6094 0.6094
- val_exp_f1:  0.8983 0.8983 0.8983
- val_non_f1:  0.3561 0.3551 0.3556

13056/13056 [==============================] - 219s - loss: 0.7425 - val_loss: 1.3806
Epoch 75/1000
12992/13056 [============================>.] - ETA: 0s - loss: 0.7343
- val_loss: 1.3894
- val_all_f1:  0.5938 0.5938 0.5938
- val_exp_f1:  0.8953 0.8953 0.8953
- val_non_f1:  0.3293 0.3284 0.3289

13056/13056 [==============================] - 213s - loss: 0.7326 - val_loss: 1.3894
Epoch 76/1000
12992/13056 [============================>.] - ETA: 1s - loss: 0.7427
- val_loss: 1.3863
- val_all_f1:  0.5987 0.5987 0.5987
- val_exp_f1:  0.9150 0.9150 0.9150
- val_non_f1:  0.3213 0.3204 0.3209

13056/13056 [==============================] - 232s - loss: 0.7423 - val_loss: 1.3863
Epoch 77/1000
12992/13056 [============================>.] - ETA: 0s - loss: 0.7449
- val_loss: 1.3961
- val_all_f1:  0.6001 0.6001 0.6001
- val_exp_f1:  0.8983 0.8983 0.8983
- val_non_f1:  0.3382 0.3378 0.3380

13056/13056 [==============================] - 224s - loss: 0.7452 - val_loss: 1.3961
Epoch 78/1000
12992/13056 [============================>.] - ETA: 1s - loss: 0.7322
- val_loss: 1.3808
- val_all_f1:  0.5959 0.5959 0.5959
- val_exp_f1:  0.8983 0.8983 0.8983
- val_non_f1:  0.3307 0.3298 0.3302

13056/13056 [==============================] - 235s - loss: 0.7306 - val_loss: 1.3808
Epoch 79/1000
12992/13056 [============================>.] - ETA: 0s - loss: 0.7323
- val_loss: 1.3910
- val_all_f1:  0.5994 0.5994 0.5994
- val_exp_f1:  0.9181 0.9181 0.9181
- val_non_f1:  0.3199 0.3191 0.3195

13056/13056 [==============================] - 227s - loss: 0.7321 - val_loss: 1.3910
Epoch 80/1000
12992/13056 [============================>.] - ETA: 0s - loss: 0.7460
- val_loss: 1.3798
- val_all_f1:  0.5966 0.5966 0.5966
- val_exp_f1:  0.9044 0.9044 0.9044
- val_non_f1:  0.3266 0.3258 0.3262

13056/13056 [==============================] - 232s - loss: 0.7476 - val_loss: 1.3798
Epoch 81/1000
12992/13056 [============================>.] - ETA: 0s - loss: 0.7203
- val_loss: 1.3980
- val_all_f1:  0.5930 0.5930 0.5930
- val_exp_f1:  0.9074 0.9074 0.9074
- val_non_f1:  0.3168 0.3164 0.3166

13056/13056 [==============================] - 216s - loss: 0.7211 - val_loss: 1.3980
Epoch 82/1000
12992/13056 [============================>.] - ETA: 0s - loss: 0.7436
- val_loss: 1.3768
- val_all_f1:  0.6030 0.6030 0.6030
- val_exp_f1:  0.9029 0.9029 0.9029
- val_non_f1:  0.3400 0.3391 0.3396

13056/13056 [==============================] - 220s - loss: 0.7440 - val_loss: 1.3768
Epoch 83/1000
12992/13056 [============================>.] - ETA: 0s - loss: 0.7269
- val_loss: 1.3715
- val_all_f1:  0.6101 0.6101 0.6101
- val_exp_f1:  0.9181 0.9181 0.9181
- val_non_f1:  0.3400 0.3391 0.3396

13056/13056 [==============================] - 228s - loss: 0.7264 - val_loss: 1.3715
Epoch 84/1000
12992/13056 [============================>.] - ETA: 1s - loss: 0.7125
- val_loss: 1.4002
- val_all_f1:  0.5994 0.5994 0.5994
- val_exp_f1:  0.9074 0.9074 0.9074
- val_non_f1:  0.3293 0.3284 0.3289

13056/13056 [==============================] - 232s - loss: 0.7127 - val_loss: 1.4002
Epoch 85/1000
12992/13056 [============================>.] - ETA: 0s - loss: 0.7360
- val_loss: 1.3938
- val_all_f1:  0.5923 0.5923 0.5923
- val_exp_f1:  0.8877 0.8877 0.8877
- val_non_f1:  0.3333 0.3324 0.3329

13056/13056 [==============================] - 221s - loss: 0.7375 - val_loss: 1.3938
Epoch 86/1000
12992/13056 [============================>.] - ETA: 0s - loss: 0.7290
- val_loss: 1.3897
- val_all_f1:  0.5817 0.5817 0.5817
- val_exp_f1:  0.8923 0.8923 0.8923
- val_non_f1:  0.3092 0.3084 0.3088

13056/13056 [==============================] - 227s - loss: 0.7280 - val_loss: 1.3897
Epoch 87/1000
12992/13056 [============================>.] - ETA: 1s - loss: 0.7581
- val_loss: 1.3855
- val_all_f1:  0.6037 0.6037 0.6037
- val_exp_f1:  0.9120 0.9120 0.9120
- val_non_f1:  0.3333 0.3324 0.3329

13056/13056 [==============================] - 230s - loss: 0.7579 - val_loss: 1.3855
Epoch 88/1000
12992/13056 [============================>.] - ETA: 0s - loss: 0.7382
- val_loss: 1.3887
- val_all_f1:  0.6072 0.6072 0.6072
- val_exp_f1:  0.9059 0.9059 0.9059
- val_non_f1:  0.3454 0.3445 0.3449

13056/13056 [==============================] - 214s - loss: 0.7381 - val_loss: 1.3887
Epoch 89/1000
12992/13056 [============================>.] - ETA: 0s - loss: 0.7518
- val_loss: 1.4022
- val_all_f1:  0.5945 0.5945 0.5945
- val_exp_f1:  0.9090 0.9090 0.9090
- val_non_f1:  0.3186 0.3178 0.3182

13056/13056 [==============================] - 227s - loss: 0.7511 - val_loss: 1.4022
Epoch 90/1000
12992/13056 [============================>.] - ETA: 0s - loss: 0.7276
- val_loss: 1.3919
- val_all_f1:  0.5938 0.5938 0.5938
- val_exp_f1:  0.8983 0.8983 0.8983
- val_non_f1:  0.3258 0.3258 0.3258

13056/13056 [==============================] - 222s - loss: 0.7275 - val_loss: 1.3919
Epoch 91/1000
12992/13056 [============================>.] - ETA: 0s - loss: 0.7231
- val_loss: 1.3689
- val_all_f1:  0.6016 0.6016 0.6016
- val_exp_f1:  0.9014 0.9014 0.9014
- val_non_f1:  0.3382 0.3378 0.3380

13056/13056 [==============================] - 230s - loss: 0.7231 - val_loss: 1.3689
Epoch 92/1000
12992/13056 [============================>.] - ETA: 0s - loss: 0.7149
- val_loss: 1.3844
- val_all_f1:  0.5987 0.5987 0.5987
- val_exp_f1:  0.8923 0.8923 0.8923
- val_non_f1:  0.3414 0.3405 0.3409

13056/13056 [==============================] - 222s - loss: 0.7154 - val_loss: 1.3844
Epoch 93/1000
12992/13056 [============================>.] - ETA: 0s - loss: 0.7198
- val_loss: 1.3936
- val_all_f1:  0.5952 0.5952 0.5952
- val_exp_f1:  0.8983 0.8983 0.8983
- val_non_f1:  0.3289 0.3284 0.3287

13056/13056 [==============================] - 230s - loss: 0.7200 - val_loss: 1.3936
Epoch 94/1000
12992/13056 [============================>.] - ETA: 0s - loss: 0.7367
- val_loss: 1.3773
- val_all_f1:  0.5987 0.5987 0.5987
- val_exp_f1:  0.9044 0.9044 0.9044
- val_non_f1:  0.3307 0.3298 0.3302

13056/13056 [==============================] - 226s - loss: 0.7371 - val_loss: 1.3773
Epoch 95/1000
12992/13056 [============================>.] - ETA: 0s - loss: 0.7229
- val_loss: 1.3905
- val_all_f1:  0.5966 0.5966 0.5966
- val_exp_f1:  0.8907 0.8907 0.8907
- val_non_f1:  0.3387 0.3378 0.3382

13056/13056 [==============================] - 226s - loss: 0.7212 - val_loss: 1.3905
Epoch 96/1000
12992/13056 [============================>.] - ETA: 0s - loss: 0.7576
- val_loss: 1.3748
- val_all_f1:  0.5959 0.5959 0.5959
- val_exp_f1:  0.8968 0.8968 0.8968
- val_non_f1:  0.3316 0.3311 0.3313

13056/13056 [==============================] - 228s - loss: 0.7579 - val_loss: 1.3748
Epoch 97/1000
12992/13056 [============================>.] - ETA: 0s - loss: 0.7359
- val_loss: 1.3722
- val_all_f1:  0.5994 0.5994 0.5994
- val_exp_f1:  0.8968 0.8968 0.8968
- val_non_f1:  0.3387 0.3378 0.3382

13056/13056 [==============================] - 222s - loss: 0.7364 - val_loss: 1.3722
Epoch 98/1000
12992/13056 [============================>.] - ETA: 0s - loss: 0.7412
- val_loss: 1.3789
- val_all_f1:  0.6051 0.6051 0.6051
- val_exp_f1:  0.8968 0.8968 0.8968
- val_non_f1:  0.3489 0.3485 0.3487

13056/13056 [==============================] - 229s - loss: 0.7410 - val_loss: 1.3789
Epoch 99/1000
12992/13056 [============================>.] - ETA: 0s - loss: 0.7247
- val_loss: 1.3727
- val_all_f1:  0.6044 0.6044 0.6044
- val_exp_f1:  0.9059 0.9059 0.9059
- val_non_f1:  0.3396 0.3391 0.3393

13056/13056 [==============================] - 229s - loss: 0.7254 - val_loss: 1.3727
Epoch 100/1000
12992/13056 [============================>.] - ETA: 0s - loss: 0.7225
- val_loss: 1.4097
- val_all_f1:  0.5909 0.5909 0.5909
- val_exp_f1:  0.8968 0.8968 0.8968
- val_non_f1:  0.3226 0.3218 0.3222

13056/13056 [==============================] - 228s - loss: 0.7240 - val_loss: 1.4097
Epoch 101/1000
12992/13056 [============================>.] - ETA: 0s - loss: 0.7229
- val_loss: 1.3928
- val_all_f1:  0.5888 0.5888 0.5888
- val_exp_f1:  0.8725 0.8725 0.8725
- val_non_f1:  0.3396 0.3391 0.3393

13056/13056 [==============================] - 217s - loss: 0.7218 - val_loss: 1.3928
Epoch 102/1000
12992/13056 [============================>.] - ETA: 0s - loss: 0.7165
- val_loss: 1.3776
- val_all_f1:  0.6122 0.6122 0.6122
- val_exp_f1:  0.9181 0.9181 0.9181
- val_non_f1:  0.3440 0.3431 0.3436

13056/13056 [==============================] - 211s - loss: 0.7176 - val_loss: 1.3776
Epoch 103/1000
12992/13056 [============================>.] - ETA: 0s - loss: 0.7227
- val_loss: 1.3891
- val_all_f1:  0.5945 0.5945 0.5945
- val_exp_f1:  0.9014 0.9014 0.9014
- val_non_f1:  0.3253 0.3244 0.3249

13056/13056 [==============================] - 225s - loss: 0.7227 - val_loss: 1.3891
Epoch 104/1000
12992/13056 [============================>.] - ETA: 0s - loss: 0.7322
- val_loss: 1.3746
- val_all_f1:  0.5994 0.5994 0.5994
- val_exp_f1:  0.8953 0.8953 0.8953
- val_non_f1:  0.3400 0.3391 0.3396

13056/13056 [==============================] - 219s - loss: 0.7317 - val_loss: 1.3746
Epoch 105/1000
12992/13056 [============================>.] - ETA: 1s - loss: 0.7081
- val_loss: 1.3980
- val_all_f1:  0.5966 0.5966 0.5966
- val_exp_f1:  0.8832 0.8832 0.8832
- val_non_f1:  0.3449 0.3445 0.3447

13056/13056 [==============================] - 230s - loss: 0.7087 - val_loss: 1.3980
Epoch 106/1000
12992/13056 [============================>.] - ETA: 0s - loss: 0.7036
- val_loss: 1.3931
- val_all_f1:  0.5973 0.5973 0.5973
- val_exp_f1:  0.8953 0.8953 0.8953
- val_non_f1:  0.3356 0.3351 0.3353

13056/13056 [==============================] - 228s - loss: 0.7043 - val_loss: 1.3931
Epoch 107/1000
12992/13056 [============================>.] - ETA: 0s - loss: 0.7392
- val_loss: 1.3730
- val_all_f1:  0.6058 0.6058 0.6058
- val_exp_f1:  0.8847 0.8847 0.8847
- val_non_f1:  0.3605 0.3605 0.3605

13056/13056 [==============================] - 231s - loss: 0.7399 - val_loss: 1.3730
Epoch 108/1000
12992/13056 [============================>.] - ETA: 1s - loss: 0.7439
- val_loss: 1.3705
- val_all_f1:  0.5923 0.5923 0.5923
- val_exp_f1:  0.8923 0.8923 0.8923
- val_non_f1:  0.3289 0.3284 0.3287

13056/13056 [==============================] - 230s - loss: 0.7436 - val_loss: 1.3705
Epoch 109/1000
12992/13056 [============================>.] - ETA: 0s - loss: 0.7236
- val_loss: 1.3688
- val_all_f1:  0.6115 0.6115 0.6115
- val_exp_f1:  0.9090 0.9090 0.9090
- val_non_f1:  0.3498 0.3498 0.3498

13056/13056 [==============================] - 213s - loss: 0.7235 - val_loss: 1.3688
Epoch 110/1000
12992/13056 [============================>.] - ETA: 0s - loss: 0.7140
- val_loss: 1.3533
- val_all_f1:  0.6094 0.6094 0.6094
- val_exp_f1:  0.9150 0.9150 0.9150
- val_non_f1:  0.3405 0.3405 0.3405

13056/13056 [==============================] - 212s - loss: 0.7141 - val_loss: 1.3533
Epoch 111/1000
12992/13056 [============================>.] - ETA: 0s - loss: 0.7191
- val_loss: 1.3788
- val_all_f1:  0.6058 0.6058 0.6058
- val_exp_f1:  0.9044 0.9044 0.9044
- val_non_f1:  0.3431 0.3431 0.3431

13056/13056 [==============================] - 220s - loss: 0.7199 - val_loss: 1.3788
Epoch 112/1000
12992/13056 [============================>.] - ETA: 0s - loss: 0.7245
- val_loss: 1.3800
- val_all_f1:  0.6087 0.6087 0.6087
- val_exp_f1:  0.9044 0.9044 0.9044
- val_non_f1:  0.3489 0.3485 0.3487

13056/13056 [==============================] - 230s - loss: 0.7250 - val_loss: 1.3800
Epoch 113/1000
12992/13056 [============================>.] - ETA: 0s - loss: 0.7125
- val_loss: 1.3463
- val_all_f1:  0.6179 0.6179 0.6179
- val_exp_f1:  0.9150 0.9150 0.9150
- val_non_f1:  0.3570 0.3565 0.3567

13056/13056 [==============================] - 221s - loss: 0.7124 - val_loss: 1.3463
Epoch 114/1000
12992/13056 [============================>.] - ETA: 0s - loss: 0.7262
- val_loss: 1.3500
- val_all_f1:  0.6207 0.6207 0.6207
- val_exp_f1:  0.9196 0.9196 0.9196
- val_non_f1:  0.3583 0.3578 0.3580

13056/13056 [==============================] - 227s - loss: 0.7261 - val_loss: 1.3500
Epoch 115/1000
12992/13056 [============================>.] - ETA: 1s - loss: 0.7124
- val_loss: 1.3602
- val_all_f1:  0.5987 0.5987 0.5987
- val_exp_f1:  0.8832 0.8832 0.8832
- val_non_f1:  0.3485 0.3485 0.3485

13056/13056 [==============================] - 230s - loss: 0.7139 - val_loss: 1.3602
Epoch 116/1000
12992/13056 [============================>.] - ETA: 0s - loss: 0.7198
- val_loss: 1.3563
- val_all_f1:  0.6122 0.6122 0.6122
- val_exp_f1:  0.9059 0.9059 0.9059
- val_non_f1:  0.3538 0.3538 0.3538

13056/13056 [==============================] - 232s - loss: 0.7194 - val_loss: 1.3563
Epoch 117/1000
12992/13056 [============================>.] - ETA: 0s - loss: 0.7271
- val_loss: 1.3507
- val_all_f1:  0.6143 0.6143 0.6143
- val_exp_f1:  0.9059 0.9059 0.9059
- val_non_f1:  0.3583 0.3578 0.3580

13056/13056 [==============================] - 221s - loss: 0.7279 - val_loss: 1.3507
Epoch 118/1000
12992/13056 [============================>.] - ETA: 0s - loss: 0.7085
- val_loss: 1.3636
- val_all_f1:  0.6129 0.6129 0.6129
- val_exp_f1:  0.9044 0.9044 0.9044
- val_non_f1:  0.3574 0.3565 0.3570

13056/13056 [==============================] - 227s - loss: 0.7072 - val_loss: 1.3636
Epoch 119/1000
12992/13056 [============================>.] - ETA: 0s - loss: 0.7161
- val_loss: 1.3575
- val_all_f1:  0.6080 0.6080 0.6080
- val_exp_f1:  0.9196 0.9196 0.9196
- val_non_f1:  0.3347 0.3338 0.3342

13056/13056 [==============================] - 225s - loss: 0.7165 - val_loss: 1.3575
Epoch 120/1000
12992/13056 [============================>.] - ETA: 1s - loss: 0.7025
- val_loss: 1.3584
- val_all_f1:  0.6158 0.6158 0.6158
- val_exp_f1:  0.8938 0.8938 0.8938
- val_non_f1:  0.3712 0.3712 0.3712

13056/13056 [==============================] - 230s - loss: 0.7035 - val_loss: 1.3584
Epoch 121/1000
12992/13056 [============================>.] - ETA: 0s - loss: 0.7246
- val_loss: 1.3643
- val_all_f1:  0.6058 0.6058 0.6058
- val_exp_f1:  0.8801 0.8801 0.8801
- val_non_f1:  0.3645 0.3645 0.3645

13056/13056 [==============================] - 220s - loss: 0.7237 - val_loss: 1.3643
Epoch 122/1000
12992/13056 [============================>.] - ETA: 0s - loss: 0.7182
- val_loss: 1.3670
- val_all_f1:  0.6030 0.6030 0.6030
- val_exp_f1:  0.8938 0.8938 0.8938
- val_non_f1:  0.3481 0.3471 0.3476

13056/13056 [==============================] - 228s - loss: 0.7165 - val_loss: 1.3670
Epoch 123/1000
12992/13056 [============================>.] - ETA: 0s - loss: 0.7174
- val_loss: 1.3623
- val_all_f1:  0.6143 0.6143 0.6143
- val_exp_f1:  0.9044 0.9044 0.9044
- val_non_f1:  0.3591 0.3591 0.3591

13056/13056 [==============================] - 225s - loss: 0.7162 - val_loss: 1.3623
Epoch 124/1000
12992/13056 [============================>.] - ETA: 0s - loss: 0.6974
- val_loss: 1.3714
- val_all_f1:  0.5959 0.5959 0.5959
- val_exp_f1:  0.8877 0.8877 0.8877
- val_non_f1:  0.3391 0.3391 0.3391

13056/13056 [==============================] - 217s - loss: 0.6975 - val_loss: 1.3714
Epoch 125/1000
12992/13056 [============================>.] - ETA: 0s - loss: 0.7120
- val_loss: 1.3675
- val_all_f1:  0.6214 0.6214 0.6214
- val_exp_f1:  0.9090 0.9090 0.9090
- val_non_f1:  0.3690 0.3685 0.3687

13056/13056 [==============================] - 223s - loss: 0.7124 - val_loss: 1.3675
Epoch 126/1000
12992/13056 [============================>.] - ETA: 0s - loss: 0.7038
- val_loss: 1.3607
- val_all_f1:  0.6051 0.6051 0.6051
- val_exp_f1:  0.8998 0.8998 0.8998
- val_non_f1:  0.3458 0.3458 0.3458

13056/13056 [==============================] - 227s - loss: 0.7036 - val_loss: 1.3607
Epoch 127/1000
12992/13056 [============================>.] - ETA: 0s - loss: 0.7327
- val_loss: 1.3608
- val_all_f1:  0.6037 0.6037 0.6037
- val_exp_f1:  0.8983 0.8983 0.8983
- val_non_f1:  0.3454 0.3445 0.3449

13056/13056 [==============================] - 222s - loss: 0.7321 - val_loss: 1.3608
Epoch 128/1000
12992/13056 [============================>.] - ETA: 0s - loss: 0.7320
- val_loss: 1.3542
- val_all_f1:  0.6129 0.6129 0.6129
- val_exp_f1:  0.9196 0.9196 0.9196
- val_non_f1:  0.3431 0.3431 0.3431

13056/13056 [==============================] - 229s - loss: 0.7318 - val_loss: 1.3542
Epoch 129/1000
12992/13056 [============================>.] - ETA: 0s - loss: 0.7148
- val_loss: 1.3600
- val_all_f1:  0.5909 0.5909 0.5909
- val_exp_f1:  0.8968 0.8968 0.8968
- val_non_f1:  0.3222 0.3218 0.3220

13056/13056 [==============================] - 230s - loss: 0.7147 - val_loss: 1.3600
Epoch 130/1000
12992/13056 [============================>.] - ETA: 1s - loss: 0.7173
- val_loss: 1.3744
- val_all_f1:  0.6080 0.6080 0.6080
- val_exp_f1:  0.8998 0.8998 0.8998
- val_non_f1:  0.3516 0.3511 0.3514

13056/13056 [==============================] - 232s - loss: 0.7170 - val_loss: 1.3744
Epoch 131/1000
12992/13056 [============================>.] - ETA: 0s - loss: 0.7024
- val_loss: 1.3701
- val_all_f1:  0.6080 0.6080 0.6080
- val_exp_f1:  0.9135 0.9135 0.9135
- val_non_f1:  0.3396 0.3391 0.3393

13056/13056 [==============================] - 224s - loss: 0.7025 - val_loss: 1.3701
Epoch 132/1000
12992/13056 [============================>.] - ETA: 0s - loss: 0.7092
- val_loss: 1.3685
- val_all_f1:  0.6065 0.6065 0.6065
- val_exp_f1:  0.9135 0.9135 0.9135
- val_non_f1:  0.3369 0.3364 0.3367

13056/13056 [==============================] - 224s - loss: 0.7097 - val_loss: 1.3685
Epoch 133/1000
12992/13056 [============================>.] - ETA: 1s - loss: 0.7129
- val_loss: 1.3597
- val_all_f1:  0.6151 0.6151 0.6151
- val_exp_f1:  0.9256 0.9256 0.9256
- val_non_f1:  0.3427 0.3418 0.3422

13056/13056 [==============================] - 225s - loss: 0.7124 - val_loss: 1.3597
Epoch 134/1000
12992/13056 [============================>.] - ETA: 1s - loss: 0.7290
- val_loss: 1.3614
- val_all_f1:  0.6001 0.6001 0.6001
- val_exp_f1:  0.8983 0.8983 0.8983
- val_non_f1:  0.3387 0.3378 0.3382

13056/13056 [==============================] - 232s - loss: 0.7282 - val_loss: 1.3614
Epoch 135/1000
12992/13056 [============================>.] - ETA: 0s - loss: 0.7088
- val_loss: 1.3449
- val_all_f1:  0.6115 0.6115 0.6115
- val_exp_f1:  0.8907 0.8907 0.8907
- val_non_f1:  0.3663 0.3658 0.3661

13056/13056 [==============================] - 225s - loss: 0.7074 - val_loss: 1.3449
Epoch 136/1000
12992/13056 [============================>.] - ETA: 1s - loss: 0.7104
- val_loss: 1.3490
- val_all_f1:  0.6172 0.6172 0.6172
- val_exp_f1:  0.8892 0.8892 0.8892
- val_non_f1:  0.3783 0.3778 0.3781

13056/13056 [==============================] - 232s - loss: 0.7106 - val_loss: 1.3490
Epoch 137/1000
12992/13056 [============================>.] - ETA: 0s - loss: 0.7092
- val_loss: 1.3566
- val_all_f1:  0.6158 0.6158 0.6158
- val_exp_f1:  0.9059 0.9059 0.9059
- val_non_f1:  0.3614 0.3605 0.3610

13056/13056 [==============================] - 216s - loss: 0.7103 - val_loss: 1.3566
Epoch 138/1000
12992/13056 [============================>.] - ETA: 1s - loss: 0.7112
- val_loss: 1.3635
- val_all_f1:  0.6101 0.6101 0.6101
- val_exp_f1:  0.8968 0.8968 0.8968
- val_non_f1:  0.3583 0.3578 0.3580

13056/13056 [==============================] - 234s - loss: 0.7121 - val_loss: 1.3635
Epoch 139/1000
12992/13056 [============================>.] - ETA: 0s - loss: 0.7036
- val_loss: 1.3505
- val_all_f1:  0.6151 0.6151 0.6151
- val_exp_f1:  0.8938 0.8938 0.8938
- val_non_f1:  0.3703 0.3698 0.3701

13056/13056 [==============================] - 222s - loss: 0.7034 - val_loss: 1.3505
Epoch 140/1000
12992/13056 [============================>.] - ETA: 0s - loss: 0.7040
- val_loss: 1.3592
- val_all_f1:  0.6172 0.6172 0.6172
- val_exp_f1:  0.9029 0.9029 0.9029
- val_non_f1:  0.3668 0.3658 0.3663

13056/13056 [==============================] - 229s - loss: 0.7038 - val_loss: 1.3592
Epoch 141/1000
12992/13056 [============================>.] - ETA: 0s - loss: 0.7163
- val_loss: 1.3604
- val_all_f1:  0.6143 0.6143 0.6143
- val_exp_f1:  0.9105 0.9105 0.9105
- val_non_f1:  0.3543 0.3538 0.3540

13056/13056 [==============================] - 227s - loss: 0.7163 - val_loss: 1.3604
Epoch 142/1000
12992/13056 [============================>.] - ETA: 1s - loss: 0.6924
- val_loss: 1.3492
- val_all_f1:  0.6207 0.6207 0.6207
- val_exp_f1:  0.9090 0.9090 0.9090
- val_non_f1:  0.3681 0.3672 0.3676

13056/13056 [==============================] - 231s - loss: 0.6920 - val_loss: 1.3492
Epoch 143/1000
12992/13056 [============================>.] - ETA: 0s - loss: 0.7098
- val_loss: 1.3530
- val_all_f1:  0.6122 0.6122 0.6122
- val_exp_f1:  0.9105 0.9105 0.9105
- val_non_f1:  0.3503 0.3498 0.3500

13056/13056 [==============================] - 229s - loss: 0.7104 - val_loss: 1.3530
Epoch 144/1000
12992/13056 [============================>.] - ETA: 0s - loss: 0.7102
- val_loss: 1.3546
- val_all_f1:  0.6186 0.6186 0.6186
- val_exp_f1:  0.9181 0.9181 0.9181
- val_non_f1:  0.3561 0.3551 0.3556

13056/13056 [==============================] - 223s - loss: 0.7096 - val_loss: 1.3546
Epoch 145/1000
12992/13056 [============================>.] - ETA: 0s - loss: 0.7300
- val_loss: 1.3861
- val_all_f1:  0.5959 0.5959 0.5959
- val_exp_f1:  0.8923 0.8923 0.8923
- val_non_f1:  0.3360 0.3351 0.3356

13056/13056 [==============================] - 222s - loss: 0.7295 - val_loss: 1.3861
Epoch 146/1000
12992/13056 [============================>.] - ETA: 0s - loss: 0.6954
- val_loss: 1.3500
- val_all_f1:  0.6044 0.6044 0.6044
- val_exp_f1:  0.8953 0.8953 0.8953
- val_non_f1:  0.3494 0.3485 0.3489

13056/13056 [==============================] - 228s - loss: 0.6989 - val_loss: 1.3500
Epoch 147/1000
12992/13056 [============================>.] - ETA: 0s - loss: 0.6990
- val_loss: 1.3600
- val_all_f1:  0.6179 0.6179 0.6179
- val_exp_f1:  0.9029 0.9029 0.9029
- val_non_f1:  0.3681 0.3672 0.3676

13056/13056 [==============================] - 217s - loss: 0.6984 - val_loss: 1.3600
Epoch 148/1000
12992/13056 [============================>.] - ETA: 0s - loss: 0.7100
- val_loss: 1.3450
- val_all_f1:  0.6236 0.6236 0.6236
- val_exp_f1:  0.9105 0.9105 0.9105
- val_non_f1:  0.3717 0.3712 0.3714

13056/13056 [==============================] - 224s - loss: 0.7093 - val_loss: 1.3450
Epoch 149/1000
12992/13056 [============================>.] - ETA: 0s - loss: 0.7165
- val_loss: 1.3548
- val_all_f1:  0.6214 0.6214 0.6214
- val_exp_f1:  0.9150 0.9150 0.9150
- val_non_f1:  0.3636 0.3632 0.3634

13056/13056 [==============================] - 225s - loss: 0.7173 - val_loss: 1.3548
Epoch 150/1000
12992/13056 [============================>.] - ETA: 0s - loss: 0.6718
- val_loss: 1.3661
- val_all_f1:  0.6001 0.6001 0.6001
- val_exp_f1:  0.9090 0.9090 0.9090
- val_non_f1:  0.3289 0.3284 0.3287

13056/13056 [==============================] - 228s - loss: 0.6721 - val_loss: 1.3661
Epoch 151/1000
12992/13056 [============================>.] - ETA: 0s - loss: 0.7216
- val_loss: 1.3610
- val_all_f1:  0.6143 0.6143 0.6143
- val_exp_f1:  0.9074 0.9074 0.9074
- val_non_f1:  0.3570 0.3565 0.3567

13056/13056 [==============================] - 225s - loss: 0.7213 - val_loss: 1.3610
Epoch 152/1000
12992/13056 [============================>.] - ETA: 0s - loss: 0.7035
- val_loss: 1.3552
- val_all_f1:  0.6108 0.6108 0.6108
- val_exp_f1:  0.9105 0.9105 0.9105
- val_non_f1:  0.3476 0.3471 0.3474

13056/13056 [==============================] - 229s - loss: 0.7029 - val_loss: 1.3552
Epoch 153/1000
12992/13056 [============================>.] - ETA: 0s - loss: 0.6882
- val_loss: 1.3530
- val_all_f1:  0.6080 0.6080 0.6080
- val_exp_f1:  0.9090 0.9090 0.9090
- val_non_f1:  0.3440 0.3431 0.3436

13056/13056 [==============================] - 222s - loss: 0.6875 - val_loss: 1.3530
Epoch 154/1000
12992/13056 [============================>.] - ETA: 1s - loss: 0.7002
- val_loss: 1.3524
- val_all_f1:  0.6151 0.6151 0.6151
- val_exp_f1:  0.9135 0.9135 0.9135
- val_non_f1:  0.3534 0.3525 0.3529

13056/13056 [==============================] - 231s - loss: 0.7004 - val_loss: 1.3524
Epoch 155/1000
12992/13056 [============================>.] - ETA: 1s - loss: 0.7034
- val_loss: 1.3718
- val_all_f1:  0.6023 0.6023 0.6023
- val_exp_f1:  0.8741 0.8741 0.8741
- val_non_f1:  0.3641 0.3632 0.3636

13056/13056 [==============================] - 234s - loss: 0.7044 - val_loss: 1.3718
Epoch 156/1000
12992/13056 [============================>.] - ETA: 0s - loss: 0.7184
- val_loss: 1.3699
- val_all_f1:  0.6080 0.6080 0.6080
- val_exp_f1:  0.8907 0.8907 0.8907
- val_non_f1:  0.3596 0.3591 0.3594

13056/13056 [==============================] - 231s - loss: 0.7179 - val_loss: 1.3699
Epoch 157/1000
12992/13056 [============================>.] - ETA: 0s - loss: 0.6835
- val_loss: 1.3664
- val_all_f1:  0.6101 0.6101 0.6101
- val_exp_f1:  0.8938 0.8938 0.8938
- val_non_f1:  0.3614 0.3605 0.3610

13056/13056 [==============================] - 215s - loss: 0.6842 - val_loss: 1.3664
Epoch 158/1000
12992/13056 [============================>.] - ETA: 1s - loss: 0.6960
- val_loss: 1.3551
- val_all_f1:  0.6108 0.6108 0.6108
- val_exp_f1:  0.9074 0.9074 0.9074
- val_non_f1:  0.3507 0.3498 0.3503

13056/13056 [==============================] - 235s - loss: 0.6970 - val_loss: 1.3551
Epoch 159/1000
12992/13056 [============================>.] - ETA: 0s - loss: 0.6995
- val_loss: 1.3649
- val_all_f1:  0.6080 0.6080 0.6080
- val_exp_f1:  0.9059 0.9059 0.9059
- val_non_f1:  0.3463 0.3458 0.3460

13056/13056 [==============================] - 219s - loss: 0.6995 - val_loss: 1.3649
Epoch 160/1000
12992/13056 [============================>.] - ETA: 0s - loss: 0.7133
- val_loss: 1.3534
- val_all_f1:  0.6115 0.6115 0.6115
- val_exp_f1:  0.9059 0.9059 0.9059
- val_non_f1:  0.3534 0.3525 0.3529

13056/13056 [==============================] - 220s - loss: 0.7140 - val_loss: 1.3534
Epoch 161/1000
12992/13056 [============================>.] - ETA: 0s - loss: 0.6951
- val_loss: 1.3818
- val_all_f1:  0.5852 0.5852 0.5852
- val_exp_f1:  0.8589 0.8589 0.8589
- val_non_f1:  0.3454 0.3445 0.3449

13056/13056 [==============================] - 226s - loss: 0.6951 - val_loss: 1.3818
Epoch 162/1000
12992/13056 [============================>.] - ETA: 0s - loss: 0.7060
- val_loss: 1.3733
- val_all_f1:  0.6094 0.6094 0.6094
- val_exp_f1:  0.8953 0.8953 0.8953
- val_non_f1:  0.3578 0.3578 0.3578

13056/13056 [==============================] - 223s - loss: 0.7060 - val_loss: 1.3733
Epoch 163/1000
12992/13056 [============================>.] - ETA: 1s - loss: 0.7012
- val_loss: 1.3623
- val_all_f1:  0.6179 0.6179 0.6179
- val_exp_f1:  0.9090 0.9090 0.9090
- val_non_f1:  0.3628 0.3618 0.3623

13056/13056 [==============================] - 227s - loss: 0.7007 - val_loss: 1.3623
Epoch 164/1000
12992/13056 [============================>.] - ETA: 0s - loss: 0.6922
- val_loss: 1.3645
- val_all_f1:  0.6065 0.6065 0.6065
- val_exp_f1:  0.9150 0.9150 0.9150
- val_non_f1:  0.3356 0.3351 0.3353

13056/13056 [==============================] - 221s - loss: 0.6930 - val_loss: 1.3645
Epoch 165/1000
12992/13056 [============================>.] - ETA: 1s - loss: 0.6862
- val_loss: 1.3605
- val_all_f1:  0.6087 0.6087 0.6087
- val_exp_f1:  0.9014 0.9014 0.9014
- val_non_f1:  0.3516 0.3511 0.3514

13056/13056 [==============================] - 239s - loss: 0.6850 - val_loss: 1.3605
Epoch 166/1000
12992/13056 [============================>.] - ETA: 1s - loss: 0.6997
- val_loss: 1.3729
- val_all_f1:  0.6108 0.6108 0.6108
- val_exp_f1:  0.9059 0.9059 0.9059
- val_non_f1:  0.3511 0.3511 0.3511

13056/13056 [==============================] - 232s - loss: 0.6988 - val_loss: 1.3729
Epoch 167/1000
12992/13056 [============================>.] - ETA: 0s - loss: 0.7083
- val_loss: 1.3677
- val_all_f1:  0.5994 0.5994 0.5994
- val_exp_f1:  0.9059 0.9059 0.9059
- val_non_f1:  0.3298 0.3298 0.3298

13056/13056 [==============================] - 222s - loss: 0.7097 - val_loss: 1.3677
Epoch 168/1000
12992/13056 [============================>.] - ETA: 0s - loss: 0.6954
- val_loss: 1.3651
- val_all_f1:  0.6030 0.6030 0.6030
- val_exp_f1:  0.8953 0.8953 0.8953
- val_non_f1:  0.3458 0.3458 0.3458

13056/13056 [==============================] - 224s - loss: 0.6950 - val_loss: 1.3651
Epoch 169/1000
12992/13056 [============================>.] - ETA: 1s - loss: 0.6881
- val_loss: 1.3622
- val_all_f1:  0.6101 0.6101 0.6101
- val_exp_f1:  0.8923 0.8923 0.8923
- val_non_f1:  0.3628 0.3618 0.3623

13056/13056 [==============================] - 228s - loss: 0.6891 - val_loss: 1.3622
Epoch 170/1000
12992/13056 [============================>.] - ETA: 0s - loss: 0.6956
- val_loss: 1.3706
- val_all_f1:  0.6065 0.6065 0.6065
- val_exp_f1:  0.8907 0.8907 0.8907
- val_non_f1:  0.3570 0.3565 0.3567

13056/13056 [==============================] - 228s - loss: 0.6950 - val_loss: 1.3706
Epoch 171/1000
12992/13056 [============================>.] - ETA: 0s - loss: 0.6885
- val_loss: 1.3611
- val_all_f1:  0.6101 0.6101 0.6101
- val_exp_f1:  0.9029 0.9029 0.9029
- val_non_f1:  0.3525 0.3525 0.3525

13056/13056 [==============================] - 224s - loss: 0.6884 - val_loss: 1.3611
Epoch 172/1000
12992/13056 [============================>.] - ETA: 0s - loss: 0.6720
- val_loss: 1.3441
- val_all_f1:  0.6243 0.6243 0.6243
- val_exp_f1:  0.9120 0.9120 0.9120
- val_non_f1:  0.3712 0.3712 0.3712

13056/13056 [==============================] - 225s - loss: 0.6721 - val_loss: 1.3441
Epoch 173/1000
12992/13056 [============================>.] - ETA: 0s - loss: 0.6863
- val_loss: 1.3484
- val_all_f1:  0.6136 0.6136 0.6136
- val_exp_f1:  0.9074 0.9074 0.9074
- val_non_f1:  0.3551 0.3551 0.3551

13056/13056 [==============================] - 220s - loss: 0.6869 - val_loss: 1.3484
Epoch 174/1000
12992/13056 [============================>.] - ETA: 0s - loss: 0.7055
- val_loss: 1.3696
- val_all_f1:  0.6016 0.6016 0.6016
- val_exp_f1:  0.8907 0.8907 0.8907
- val_non_f1:  0.3476 0.3471 0.3474

13056/13056 [==============================] - 225s - loss: 0.7058 - val_loss: 1.3696
Epoch 175/1000
12992/13056 [============================>.] - ETA: 0s - loss: 0.6905
- val_loss: 1.3604
- val_all_f1:  0.6129 0.6129 0.6129
- val_exp_f1:  0.9090 0.9090 0.9090
- val_non_f1:  0.3525 0.3525 0.3525

13056/13056 [==============================] - 218s - loss: 0.6903 - val_loss: 1.3604
Epoch 176/1000
12992/13056 [============================>.] - ETA: 0s - loss: 0.7050
- val_loss: 1.3489
- val_all_f1:  0.6108 0.6108 0.6108
- val_exp_f1:  0.9135 0.9135 0.9135
- val_non_f1:  0.3449 0.3445 0.3447

13056/13056 [==============================] - 227s - loss: 0.7052 - val_loss: 1.3489
Epoch 177/1000
12992/13056 [============================>.] - ETA: 0s - loss: 0.6943
- val_loss: 1.3653
- val_all_f1:  0.6037 0.6037 0.6037
- val_exp_f1:  0.8968 0.8968 0.8968
- val_non_f1:  0.3463 0.3458 0.3460

13056/13056 [==============================] - 213s - loss: 0.6950 - val_loss: 1.3653
Epoch 178/1000
12992/13056 [============================>.] - ETA: 0s - loss: 0.6945
- val_loss: 1.3474
- val_all_f1:  0.6165 0.6165 0.6165
- val_exp_f1:  0.8983 0.8983 0.8983
- val_non_f1:  0.3690 0.3685 0.3687

13056/13056 [==============================] - 213s - loss: 0.6948 - val_loss: 1.3474
Epoch 179/1000
12992/13056 [============================>.] - ETA: 0s - loss: 0.6941
- val_loss: 1.3620
- val_all_f1:  0.6143 0.6143 0.6143
- val_exp_f1:  0.8998 0.8998 0.8998
- val_non_f1:  0.3636 0.3632 0.3634

13056/13056 [==============================] - 229s - loss: 0.6946 - val_loss: 1.3620
Epoch 180/1000
12992/13056 [============================>.] - ETA: 0s - loss: 0.6938
- val_loss: 1.3660
- val_all_f1:  0.6016 0.6016 0.6016
- val_exp_f1:  0.8968 0.8968 0.8968
- val_non_f1:  0.3422 0.3418 0.3420

13056/13056 [==============================] - 226s - loss: 0.6941 - val_loss: 1.3660
Epoch 181/1000
12992/13056 [============================>.] - ETA: 0s - loss: 0.6993
- val_loss: 1.3525
- val_all_f1:  0.6122 0.6122 0.6122
- val_exp_f1:  0.9135 0.9135 0.9135
- val_non_f1:  0.3476 0.3471 0.3474

13056/13056 [==============================] - 225s - loss: 0.6984 - val_loss: 1.3525
Epoch 182/1000
12992/13056 [============================>.] - ETA: 1s - loss: 0.6802
- val_loss: 1.3722
- val_all_f1:  0.6072 0.6072 0.6072
- val_exp_f1:  0.9029 0.9029 0.9029
- val_non_f1:  0.3476 0.3471 0.3474

13056/13056 [==============================] - 230s - loss: 0.6795 - val_loss: 1.3722
Epoch 183/1000
12992/13056 [============================>.] - ETA: 1s - loss: 0.6888
- val_loss: 1.3438
- val_all_f1:  0.6151 0.6151 0.6151
- val_exp_f1:  0.9165 0.9165 0.9165
- val_non_f1:  0.3503 0.3498 0.3500

13056/13056 [==============================] - 238s - loss: 0.6873 - val_loss: 1.3438
Epoch 184/1000
12992/13056 [============================>.] - ETA: 0s - loss: 0.6820
- val_loss: 1.3641
- val_all_f1:  0.6094 0.6094 0.6094
- val_exp_f1:  0.9105 0.9105 0.9105
- val_non_f1:  0.3449 0.3445 0.3447

13056/13056 [==============================] - 221s - loss: 0.6825 - val_loss: 1.3641
Epoch 185/1000
12992/13056 [============================>.] - ETA: 0s - loss: 0.6864
- val_loss: 1.3488
- val_all_f1:  0.6136 0.6136 0.6136
- val_exp_f1:  0.8998 0.8998 0.8998
- val_non_f1:  0.3623 0.3618 0.3621

13056/13056 [==============================] - 217s - loss: 0.6870 - val_loss: 1.3488
Epoch 186/1000
12992/13056 [============================>.] - ETA: 0s - loss: 0.7051
- val_loss: 1.3558
- val_all_f1:  0.6165 0.6165 0.6165
- val_exp_f1:  0.9029 0.9029 0.9029
- val_non_f1:  0.3655 0.3645 0.3650

13056/13056 [==============================] - 223s - loss: 0.7051 - val_loss: 1.3558
Epoch 187/1000
12992/13056 [============================>.] - ETA: 1s - loss: 0.7056
- val_loss: 1.3569
- val_all_f1:  0.6051 0.6051 0.6051
- val_exp_f1:  0.9044 0.9044 0.9044
- val_non_f1:  0.3422 0.3418 0.3420

13056/13056 [==============================] - 225s - loss: 0.7055 - val_loss: 1.3569
Epoch 188/1000
12992/13056 [============================>.] - ETA: 0s - loss: 0.6917
- val_loss: 1.3398
- val_all_f1:  0.6094 0.6094 0.6094
- val_exp_f1:  0.9074 0.9074 0.9074
- val_non_f1:  0.3476 0.3471 0.3474

13056/13056 [==============================] - 221s - loss: 0.6905 - val_loss: 1.3398
Epoch 189/1000
12992/13056 [============================>.] - ETA: 1s - loss: 0.6920
- val_loss: 1.3588
- val_all_f1:  0.6129 0.6129 0.6129
- val_exp_f1:  0.8998 0.8998 0.8998
- val_non_f1:  0.3610 0.3605 0.3607

13056/13056 [==============================] - 232s - loss: 0.6919 - val_loss: 1.3588
Epoch 190/1000
12992/13056 [============================>.] - ETA: 1s - loss: 0.6894
- val_loss: 1.3604
- val_all_f1:  0.5945 0.5945 0.5945
- val_exp_f1:  0.8877 0.8877 0.8877
- val_non_f1:  0.3369 0.3364 0.3367

13056/13056 [==============================] - 236s - loss: 0.6886 - val_loss: 1.3604
Epoch 191/1000
12992/13056 [============================>.] - ETA: 0s - loss: 0.6728
- val_loss: 1.3527
- val_all_f1:  0.6044 0.6044 0.6044
- val_exp_f1:  0.8907 0.8907 0.8907
- val_non_f1:  0.3525 0.3525 0.3525

13056/13056 [==============================] - 229s - loss: 0.6733 - val_loss: 1.3527
Epoch 192/1000
12992/13056 [============================>.] - ETA: 0s - loss: 0.6830
- val_loss: 1.3591
- val_all_f1:  0.6108 0.6108 0.6108
- val_exp_f1:  0.9059 0.9059 0.9059
- val_non_f1:  0.3516 0.3511 0.3514

13056/13056 [==============================] - 232s - loss: 0.6839 - val_loss: 1.3591
Epoch 193/1000
12992/13056 [============================>.] - ETA: 0s - loss: 0.6956
- val_loss: 1.3587
- val_all_f1:  0.6009 0.6009 0.6009
- val_exp_f1:  0.8998 0.8998 0.8998
- val_non_f1:  0.3382 0.3378 0.3380

13056/13056 [==============================] - 221s - loss: 0.6956 - val_loss: 1.3587
Epoch 194/1000
12992/13056 [============================>.] - ETA: 0s - loss: 0.6852
- val_loss: 1.3605
- val_all_f1:  0.6051 0.6051 0.6051
- val_exp_f1:  0.8938 0.8938 0.8938
- val_non_f1:  0.3516 0.3511 0.3514

13056/13056 [==============================] - 230s - loss: 0.6854 - val_loss: 1.3605
Epoch 195/1000
12992/13056 [============================>.] - ETA: 0s - loss: 0.6845
- val_loss: 1.3478
- val_all_f1:  0.6122 0.6122 0.6122
- val_exp_f1:  0.9059 0.9059 0.9059
- val_non_f1:  0.3543 0.3538 0.3540

13056/13056 [==============================] - 227s - loss: 0.6843 - val_loss: 1.3478
Epoch 196/1000
12992/13056 [============================>.] - ETA: 0s - loss: 0.6778
- val_loss: 1.3758
- val_all_f1:  0.6129 0.6129 0.6129
- val_exp_f1:  0.8968 0.8968 0.8968
- val_non_f1:  0.3636 0.3632 0.3634

13056/13056 [==============================] - 227s - loss: 0.6766 - val_loss: 1.3758
Epoch 197/1000
12992/13056 [============================>.] - ETA: 1s - loss: 0.6968
- val_loss: 1.3777
- val_all_f1:  0.6009 0.6009 0.6009
- val_exp_f1:  0.8953 0.8953 0.8953
- val_non_f1:  0.3422 0.3418 0.3420

13056/13056 [==============================] - 231s - loss: 0.6975 - val_loss: 1.3777
Epoch 198/1000
12992/13056 [============================>.] - ETA: 0s - loss: 0.6647
- val_loss: 1.3519
- val_all_f1:  0.6072 0.6072 0.6072
- val_exp_f1:  0.8968 0.8968 0.8968
- val_non_f1:  0.3529 0.3525 0.3527

13056/13056 [==============================] - 217s - loss: 0.6642 - val_loss: 1.3519
Epoch 199/1000
12992/13056 [============================>.] - ETA: 0s - loss: 0.7090
- val_loss: 1.3596
- val_all_f1:  0.6058 0.6058 0.6058
- val_exp_f1:  0.8998 0.8998 0.8998
- val_non_f1:  0.3476 0.3471 0.3474

13056/13056 [==============================] - 223s - loss: 0.7080 - val_loss: 1.3596
Epoch 200/1000
12992/13056 [============================>.] - ETA: 0s - loss: 0.6806
- val_loss: 1.3489
- val_all_f1:  0.6030 0.6030 0.6030
- val_exp_f1:  0.8938 0.8938 0.8938
- val_non_f1:  0.3481 0.3471 0.3476

13056/13056 [==============================] - 215s - loss: 0.6816 - val_loss: 1.3489
Epoch 201/1000
12992/13056 [============================>.] - ETA: 0s - loss: 0.6589
- val_loss: 1.3695
- val_all_f1:  0.6236 0.6236 0.6236
- val_exp_f1:  0.9029 0.9029 0.9029
- val_non_f1:  0.3783 0.3778 0.3781

13056/13056 [==============================] - 227s - loss: 0.6593 - val_loss: 1.3695
Epoch 202/1000
12992/13056 [============================>.] - ETA: 1s - loss: 0.6715
- val_loss: 1.3502
- val_all_f1:  0.6151 0.6151 0.6151
- val_exp_f1:  0.9120 0.9120 0.9120
- val_non_f1:  0.3548 0.3538 0.3543

13056/13056 [==============================] - 231s - loss: 0.6713 - val_loss: 1.3502
Epoch 203/1000
12992/13056 [============================>.] - ETA: 1s - loss: 0.7023
- val_loss: 1.3485
- val_all_f1:  0.6172 0.6172 0.6172
- val_exp_f1:  0.9090 0.9090 0.9090
- val_non_f1:  0.3605 0.3605 0.3605

13056/13056 [==============================] - 230s - loss: 0.7031 - val_loss: 1.3485
Epoch 204/1000
12992/13056 [============================>.] - ETA: 0s - loss: 0.6871
- val_loss: 1.3617
- val_all_f1:  0.6065 0.6065 0.6065
- val_exp_f1:  0.8938 0.8938 0.8938
- val_non_f1:  0.3548 0.3538 0.3543

13056/13056 [==============================] - 221s - loss: 0.6869 - val_loss: 1.3617
Epoch 205/1000
12992/13056 [============================>.] - ETA: 0s - loss: 0.7046
- val_loss: 1.3635
- val_all_f1:  0.6087 0.6087 0.6087
- val_exp_f1:  0.8923 0.8923 0.8923
- val_non_f1:  0.3596 0.3591 0.3594

13056/13056 [==============================] - 229s - loss: 0.7047 - val_loss: 1.3635
Epoch 206/1000
12992/13056 [============================>.] - ETA: 0s - loss: 0.6704
- val_loss: 1.3818
- val_all_f1:  0.5952 0.5952 0.5952
- val_exp_f1:  0.8832 0.8832 0.8832
- val_non_f1:  0.3422 0.3418 0.3420

13056/13056 [==============================] - 214s - loss: 0.6694 - val_loss: 1.3818
Epoch 207/1000
12992/13056 [============================>.] - ETA: 1s - loss: 0.6818
- val_loss: 1.3556
- val_all_f1:  0.6158 0.6158 0.6158
- val_exp_f1:  0.9044 0.9044 0.9044
- val_non_f1:  0.3618 0.3618 0.3618

13056/13056 [==============================] - 232s - loss: 0.6821 - val_loss: 1.3556
Epoch 208/1000
12992/13056 [============================>.] - ETA: 0s - loss: 0.6713
- val_loss: 1.3683
- val_all_f1:  0.6037 0.6037 0.6037
- val_exp_f1:  0.8877 0.8877 0.8877
- val_non_f1:  0.3538 0.3538 0.3538

13056/13056 [==============================] - 221s - loss: 0.6703 - val_loss: 1.3683
Epoch 209/1000
12992/13056 [============================>.] - ETA: 1s - loss: 0.6899
- val_loss: 1.3617
- val_all_f1:  0.6037 0.6037 0.6037
- val_exp_f1:  0.8983 0.8983 0.8983
- val_non_f1:  0.3445 0.3445 0.3445

13056/13056 [==============================] - 231s - loss: 0.6888 - val_loss: 1.3617
Epoch 210/1000
12992/13056 [============================>.] - ETA: 0s - loss: 0.6523
- val_loss: 1.3665
- val_all_f1:  0.6087 0.6087 0.6087
- val_exp_f1:  0.8938 0.8938 0.8938
- val_non_f1:  0.3583 0.3578 0.3580

13056/13056 [==============================] - 223s - loss: 0.6528 - val_loss: 1.3665
Epoch 211/1000
12992/13056 [============================>.] - ETA: 1s - loss: 0.6609
- val_loss: 1.3782
- val_all_f1:  0.6016 0.6016 0.6016
- val_exp_f1:  0.8923 0.8923 0.8923
- val_non_f1:  0.3463 0.3458 0.3460

13056/13056 [==============================] - 231s - loss: 0.6615 - val_loss: 1.3782
Epoch 212/1000
12992/13056 [============================>.] - ETA: 0s - loss: 0.6618
- val_loss: 1.3609
- val_all_f1:  0.6080 0.6080 0.6080
- val_exp_f1:  0.9029 0.9029 0.9029
- val_non_f1:  0.3489 0.3485 0.3487

13056/13056 [==============================] - 222s - loss: 0.6622 - val_loss: 1.3609
Epoch 213/1000
12992/13056 [============================>.] - ETA: 1s - loss: 0.6889
- val_loss: 1.3523
- val_all_f1:  0.6058 0.6058 0.6058
- val_exp_f1:  0.9014 0.9014 0.9014
- val_non_f1:  0.3458 0.3458 0.3458

13056/13056 [==============================] - 227s - loss: 0.6890 - val_loss: 1.3523
Epoch 214/1000
12992/13056 [============================>.] - ETA: 0s - loss: 0.6904
- val_loss: 1.3487
- val_all_f1:  0.6165 0.6165 0.6165
- val_exp_f1:  0.9044 0.9044 0.9044
- val_non_f1:  0.3632 0.3632 0.3632

13056/13056 [==============================] - 228s - loss: 0.6901 - val_loss: 1.3487
Epoch 215/1000
12992/13056 [============================>.] - ETA: 0s - loss: 0.6728
- val_loss: 1.3597
- val_all_f1:  0.6087 0.6087 0.6087
- val_exp_f1:  0.8968 0.8968 0.8968
- val_non_f1:  0.3551 0.3551 0.3551

13056/13056 [==============================] - 219s - loss: 0.6727 - val_loss: 1.3597
Epoch 216/1000
12992/13056 [============================>.] - ETA: 0s - loss: 0.6900
- val_loss: 1.3849
- val_all_f1:  0.5916 0.5916 0.5916
- val_exp_f1:  0.8907 0.8907 0.8907
- val_non_f1:  0.3284 0.3284 0.3284

13056/13056 [==============================] - 227s - loss: 0.6904 - val_loss: 1.3849
Epoch 217/1000
12992/13056 [============================>.] - ETA: 0s - loss: 0.6766
- val_loss: 1.3707
- val_all_f1:  0.6065 0.6065 0.6065
- val_exp_f1:  0.8907 0.8907 0.8907
- val_non_f1:  0.3565 0.3565 0.3565

13056/13056 [==============================] - 225s - loss: 0.6767 - val_loss: 1.3707
Epoch 218/1000
12992/13056 [============================>.] - ETA: 0s - loss: 0.6871
- val_loss: 1.3659
- val_all_f1:  0.6108 0.6108 0.6108
- val_exp_f1:  0.9074 0.9074 0.9074
- val_non_f1:  0.3503 0.3498 0.3500

13056/13056 [==============================] - 217s - loss: 0.6873 - val_loss: 1.3659
Epoch 219/1000
12992/13056 [============================>.] - ETA: 0s - loss: 0.6912
- val_loss: 1.3547
- val_all_f1:  0.6115 0.6115 0.6115
- val_exp_f1:  0.9014 0.9014 0.9014
- val_non_f1:  0.3570 0.3565 0.3567

13056/13056 [==============================] - 223s - loss: 0.6910 - val_loss: 1.3547
Epoch 220/1000
12992/13056 [============================>.] - ETA: 0s - loss: 0.6528
- val_loss: 1.3635
- val_all_f1:  0.6030 0.6030 0.6030
- val_exp_f1:  0.8998 0.8998 0.8998
- val_non_f1:  0.3422 0.3418 0.3420

13056/13056 [==============================] - 223s - loss: 0.6533 - val_loss: 1.3635
Epoch 221/1000
12992/13056 [============================>.] - ETA: 0s - loss: 0.6763
- val_loss: 1.3615
- val_all_f1:  0.6023 0.6023 0.6023
- val_exp_f1:  0.8953 0.8953 0.8953
- val_non_f1:  0.3449 0.3445 0.3447

13056/13056 [==============================] - 231s - loss: 0.6756 - val_loss: 1.3615
Epoch 222/1000
12992/13056 [============================>.] - ETA: 1s - loss: 0.6658
- val_loss: 1.3613
- val_all_f1:  0.5959 0.5959 0.5959
- val_exp_f1:  0.8968 0.8968 0.8968
- val_non_f1:  0.3316 0.3311 0.3313

13056/13056 [==============================] - 233s - loss: 0.6663 - val_loss: 1.3613
Epoch 223/1000
12992/13056 [============================>.] - ETA: 0s - loss: 0.6753
- val_loss: 1.3733
- val_all_f1:  0.6051 0.6051 0.6051
- val_exp_f1:  0.8923 0.8923 0.8923
- val_non_f1:  0.3529 0.3525 0.3527

13056/13056 [==============================] - 224s - loss: 0.6751 - val_loss: 1.3733
Epoch 224/1000
12992/13056 [============================>.] - ETA: 0s - loss: 0.6592
- val_loss: 1.3776
- val_all_f1:  0.6165 0.6165 0.6165
- val_exp_f1:  0.8983 0.8983 0.8983
- val_non_f1:  0.3690 0.3685 0.3687

13056/13056 [==============================] - 216s - loss: 0.6585 - val_loss: 1.3776
Epoch 225/1000
12992/13056 [============================>.] - ETA: 0s - loss: 0.6704
- val_loss: 1.3565
- val_all_f1:  0.6087 0.6087 0.6087
- val_exp_f1:  0.8953 0.8953 0.8953
- val_non_f1:  0.3570 0.3565 0.3567

13056/13056 [==============================] - 222s - loss: 0.6723 - val_loss: 1.3565
Epoch 226/1000
12992/13056 [============================>.] - ETA: 0s - loss: 0.6666
- val_loss: 1.3445
- val_all_f1:  0.6186 0.6186 0.6186
- val_exp_f1:  0.9150 0.9150 0.9150
- val_non_f1:  0.3583 0.3578 0.3580

13056/13056 [==============================] - 214s - loss: 0.6672 - val_loss: 1.3445
Epoch 227/1000
12992/13056 [============================>.] - ETA: 0s - loss: 0.6718
- val_loss: 1.3506
- val_all_f1:  0.6179 0.6179 0.6179
- val_exp_f1:  0.9059 0.9059 0.9059
- val_non_f1:  0.3650 0.3645 0.3647

13056/13056 [==============================] - 228s - loss: 0.6714 - val_loss: 1.3506
Epoch 228/1000
12992/13056 [============================>.] - ETA: 0s - loss: 0.6958
- val_loss: 1.3490
- val_all_f1:  0.6243 0.6243 0.6243
- val_exp_f1:  0.9105 0.9105 0.9105
- val_non_f1:  0.3730 0.3725 0.3727

13056/13056 [==============================] - 227s - loss: 0.6955 - val_loss: 1.3490
Epoch 229/1000
12992/13056 [============================>.] - ETA: 0s - loss: 0.6740
- val_loss: 1.3438
- val_all_f1:  0.6158 0.6158 0.6158
- val_exp_f1:  0.8877 0.8877 0.8877
- val_non_f1:  0.3770 0.3765 0.3768

13056/13056 [==============================] - 222s - loss: 0.6729 - val_loss: 1.3438
Epoch 230/1000
12992/13056 [============================>.] - ETA: 0s - loss: 0.6704
- val_loss: 1.3435
- val_all_f1:  0.6151 0.6151 0.6151
- val_exp_f1:  0.8968 0.8968 0.8968
- val_non_f1:  0.3672 0.3672 0.3672

13056/13056 [==============================] - 227s - loss: 0.6703 - val_loss: 1.3435
Epoch 231/1000
12992/13056 [============================>.] - ETA: 0s - loss: 0.6761
- val_loss: 1.3747
- val_all_f1:  0.5938 0.5938 0.5938
- val_exp_f1:  0.8786 0.8786 0.8786
- val_non_f1:  0.3436 0.3431 0.3434

13056/13056 [==============================] - 219s - loss: 0.6757 - val_loss: 1.3747
Epoch 232/1000
12992/13056 [============================>.] - ETA: 1s - loss: 0.6635
- val_loss: 1.3479
- val_all_f1:  0.6172 0.6172 0.6172
- val_exp_f1:  0.9044 0.9044 0.9044
- val_non_f1:  0.3650 0.3645 0.3647

13056/13056 [==============================] - 234s - loss: 0.6628 - val_loss: 1.3479
Epoch 233/1000
12992/13056 [============================>.] - ETA: 0s - loss: 0.6435
- val_loss: 1.3534
- val_all_f1:  0.6165 0.6165 0.6165
- val_exp_f1:  0.9044 0.9044 0.9044
- val_non_f1:  0.3641 0.3632 0.3636

13056/13056 [==============================] - 225s - loss: 0.6445 - val_loss: 1.3534
Epoch 234/1000
12992/13056 [============================>.] - ETA: 1s - loss: 0.6673
- val_loss: 1.3631
- val_all_f1:  0.6193 0.6193 0.6193
- val_exp_f1:  0.8892 0.8892 0.8892
- val_non_f1:  0.3818 0.3818 0.3818

13056/13056 [==============================] - 233s - loss: 0.6683 - val_loss: 1.3631
Epoch 235/1000
12992/13056 [============================>.] - ETA: 0s - loss: 0.6709
- val_loss: 1.3509
- val_all_f1:  0.6151 0.6151 0.6151
- val_exp_f1:  0.8907 0.8907 0.8907
- val_non_f1:  0.3725 0.3725 0.3725

13056/13056 [==============================] - 226s - loss: 0.6708 - val_loss: 1.3509
Epoch 236/1000
12992/13056 [============================>.] - ETA: 0s - loss: 0.6798
- val_loss: 1.3557
- val_all_f1:  0.6200 0.6200 0.6200
- val_exp_f1:  0.9059 0.9059 0.9059
- val_non_f1:  0.3690 0.3685 0.3687

13056/13056 [==============================] - 227s - loss: 0.6798 - val_loss: 1.3557
Epoch 237/1000
12992/13056 [============================>.] - ETA: 1s - loss: 0.6678
- val_loss: 1.3515
- val_all_f1:  0.6101 0.6101 0.6101
- val_exp_f1:  0.9074 0.9074 0.9074
- val_non_f1:  0.3489 0.3485 0.3487

13056/13056 [==============================] - 236s - loss: 0.6670 - val_loss: 1.3515
Epoch 238/1000
12992/13056 [============================>.] - ETA: 0s - loss: 0.6443
- val_loss: 1.3372
- val_all_f1:  0.6243 0.6243 0.6243
- val_exp_f1:  0.9029 0.9029 0.9029
- val_non_f1:  0.3792 0.3792 0.3792

13056/13056 [==============================] - 216s - loss: 0.6456 - val_loss: 1.3372
Epoch 239/1000
12992/13056 [============================>.] - ETA: 0s - loss: 0.6810
- val_loss: 1.3882
- val_all_f1:  0.5959 0.5959 0.5959
- val_exp_f1:  0.8907 0.8907 0.8907
- val_non_f1:  0.3369 0.3364 0.3367

13056/13056 [==============================] - 220s - loss: 0.6813 - val_loss: 1.3882
Epoch 240/1000
12992/13056 [============================>.] - ETA: 0s - loss: 0.6699
- val_loss: 1.3581
- val_all_f1:  0.6136 0.6136 0.6136
- val_exp_f1:  0.9105 0.9105 0.9105
- val_non_f1:  0.3525 0.3525 0.3525

13056/13056 [==============================] - 227s - loss: 0.6692 - val_loss: 1.3581
Epoch 241/1000
12992/13056 [============================>.] - ETA: 0s - loss: 0.6541
- val_loss: 1.3596
- val_all_f1:  0.6072 0.6072 0.6072
- val_exp_f1:  0.8983 0.8983 0.8983
- val_non_f1:  0.3516 0.3511 0.3514

13056/13056 [==============================] - 226s - loss: 0.6530 - val_loss: 1.3596
Epoch 242/1000
12992/13056 [============================>.] - ETA: 0s - loss: 0.6600
- val_loss: 1.3571
- val_all_f1:  0.6087 0.6087 0.6087
- val_exp_f1:  0.9029 0.9029 0.9029
- val_non_f1:  0.3503 0.3498 0.3500

13056/13056 [==============================] - 226s - loss: 0.6600 - val_loss: 1.3571
Epoch 243/1000
12992/13056 [============================>.] - ETA: 0s - loss: 0.6693
- val_loss: 1.3464
- val_all_f1:  0.6158 0.6158 0.6158
- val_exp_f1:  0.8983 0.8983 0.8983
- val_non_f1:  0.3676 0.3672 0.3674

13056/13056 [==============================] - 224s - loss: 0.6703 - val_loss: 1.3464
Epoch 244/1000
12992/13056 [============================>.] - ETA: 0s - loss: 0.6701
- val_loss: 1.3396
- val_all_f1:  0.6143 0.6143 0.6143
- val_exp_f1:  0.9059 0.9059 0.9059
- val_non_f1:  0.3583 0.3578 0.3580

13056/13056 [==============================] - 231s - loss: 0.6702 - val_loss: 1.3396
Epoch 245/1000
12992/13056 [============================>.] - ETA: 0s - loss: 0.6623
- val_loss: 1.3391
- val_all_f1:  0.6143 0.6143 0.6143
- val_exp_f1:  0.8998 0.8998 0.8998
- val_non_f1:  0.3636 0.3632 0.3634

13056/13056 [==============================] - 227s - loss: 0.6620 - val_loss: 1.3391
Epoch 246/1000
12992/13056 [============================>.] - ETA: 0s - loss: 0.6541
- val_loss: 1.3596
- val_all_f1:  0.6151 0.6151 0.6151
- val_exp_f1:  0.8968 0.8968 0.8968
- val_non_f1:  0.3676 0.3672 0.3674

13056/13056 [==============================] - 229s - loss: 0.6542 - val_loss: 1.3596
Epoch 247/1000
12992/13056 [============================>.] - ETA: 0s - loss: 0.6664
- val_loss: 1.3436
- val_all_f1:  0.6186 0.6186 0.6186
- val_exp_f1:  0.9029 0.9029 0.9029
- val_non_f1:  0.3690 0.3685 0.3687

13056/13056 [==============================] - 222s - loss: 0.6671 - val_loss: 1.3436
Epoch 248/1000
12992/13056 [============================>.] - ETA: 1s - loss: 0.6607
- val_loss: 1.3493
- val_all_f1:  0.6172 0.6172 0.6172
- val_exp_f1:  0.8968 0.8968 0.8968
- val_non_f1:  0.3717 0.3712 0.3714

13056/13056 [==============================] - 231s - loss: 0.6604 - val_loss: 1.3493
Epoch 249/1000
12992/13056 [============================>.] - ETA: 0s - loss: 0.6863
- val_loss: 1.3668
- val_all_f1:  0.6186 0.6186 0.6186
- val_exp_f1:  0.8998 0.8998 0.8998
- val_non_f1:  0.3717 0.3712 0.3714

13056/13056 [==============================] - 214s - loss: 0.6860 - val_loss: 1.3668
Epoch 250/1000
12992/13056 [============================>.] - ETA: 1s - loss: 0.6622
- val_loss: 1.3522
- val_all_f1:  0.6200 0.6200 0.6200
- val_exp_f1:  0.8907 0.8907 0.8907
- val_non_f1:  0.3824 0.3818 0.3821

13056/13056 [==============================] - 231s - loss: 0.6613 - val_loss: 1.3522
Epoch 251/1000
12992/13056 [============================>.] - ETA: 1s - loss: 0.6505
- val_loss: 1.3757
- val_all_f1:  0.6143 0.6143 0.6143
- val_exp_f1:  0.9029 0.9029 0.9029
- val_non_f1:  0.3610 0.3605 0.3607

13056/13056 [==============================] - 236s - loss: 0.6504 - val_loss: 1.3757
Epoch 252/1000
12992/13056 [============================>.] - ETA: 0s - loss: 0.6419
- val_loss: 1.3640
- val_all_f1:  0.6229 0.6229 0.6229
- val_exp_f1:  0.9044 0.9044 0.9044
- val_non_f1:  0.3757 0.3752 0.3754

13056/13056 [==============================] - 226s - loss: 0.6430 - val_loss: 1.3640
Epoch 253/1000
12992/13056 [============================>.] - ETA: 0s - loss: 0.6671
- val_loss: 1.3550
- val_all_f1:  0.6151 0.6151 0.6151
- val_exp_f1:  0.9014 0.9014 0.9014
- val_non_f1:  0.3632 0.3632 0.3632

13056/13056 [==============================] - 227s - loss: 0.6682 - val_loss: 1.3550
Epoch 254/1000
12992/13056 [============================>.] - ETA: 0s - loss: 0.6535
- val_loss: 1.3603
- val_all_f1:  0.6200 0.6200 0.6200
- val_exp_f1:  0.8983 0.8983 0.8983
- val_non_f1:  0.3757 0.3752 0.3754

13056/13056 [==============================] - 222s - loss: 0.6534 - val_loss: 1.3603
Epoch 255/1000
12992/13056 [============================>.] - ETA: 0s - loss: 0.6749
- val_loss: 1.3666
- val_all_f1:  0.6094 0.6094 0.6094
- val_exp_f1:  0.8907 0.8907 0.8907
- val_non_f1:  0.3623 0.3618 0.3621

13056/13056 [==============================] - 220s - loss: 0.6750 - val_loss: 1.3666
Epoch 256/1000
12992/13056 [============================>.] - ETA: 0s - loss: 0.6888
- val_loss: 1.3537
- val_all_f1:  0.6122 0.6122 0.6122
- val_exp_f1:  0.8983 0.8983 0.8983
- val_non_f1:  0.3610 0.3605 0.3607

13056/13056 [==============================] - 222s - loss: 0.6906 - val_loss: 1.3537
Epoch 257/1000
12992/13056 [============================>.] - ETA: 0s - loss: 0.6546
- val_loss: 1.3489
- val_all_f1:  0.6151 0.6151 0.6151
- val_exp_f1:  0.8998 0.8998 0.8998
- val_non_f1:  0.3645 0.3645 0.3645

13056/13056 [==============================] - 225s - loss: 0.6534 - val_loss: 1.3489
Epoch 258/1000
12992/13056 [============================>.] - ETA: 1s - loss: 0.6647
- val_loss: 1.3697
- val_all_f1:  0.6172 0.6172 0.6172
- val_exp_f1:  0.8877 0.8877 0.8877
- val_non_f1:  0.3792 0.3792 0.3792

13056/13056 [==============================] - 233s - loss: 0.6653 - val_loss: 1.3697
Epoch 259/1000
12992/13056 [============================>.] - ETA: 1s - loss: 0.6499
- val_loss: 1.3442
- val_all_f1:  0.6151 0.6151 0.6151
- val_exp_f1:  0.8968 0.8968 0.8968
- val_non_f1:  0.3672 0.3672 0.3672

13056/13056 [==============================] - 229s - loss: 0.6504 - val_loss: 1.3442
Epoch 260/1000
12992/13056 [============================>.] - ETA: 0s - loss: 0.6358
- val_loss: 1.3682
- val_all_f1:  0.6072 0.6072 0.6072
- val_exp_f1:  0.8832 0.8832 0.8832
- val_non_f1:  0.3645 0.3645 0.3645

13056/13056 [==============================] - 217s - loss: 0.6370 - val_loss: 1.3682
Epoch 261/1000
12992/13056 [============================>.] - ETA: 0s - loss: 0.6413
- val_loss: 1.3764
- val_all_f1:  0.6016 0.6016 0.6016
- val_exp_f1:  0.8938 0.8938 0.8938
- val_non_f1:  0.3445 0.3445 0.3445

13056/13056 [==============================] - 218s - loss: 0.6403 - val_loss: 1.3764
Epoch 262/1000
12992/13056 [============================>.] - ETA: 0s - loss: 0.6459
- val_loss: 1.3602
- val_all_f1:  0.6087 0.6087 0.6087
- val_exp_f1:  0.8862 0.8862 0.8862
- val_non_f1:  0.3645 0.3645 0.3645

13056/13056 [==============================] - 221s - loss: 0.6470 - val_loss: 1.3602
Epoch 263/1000
12992/13056 [============================>.] - ETA: 0s - loss: 0.6761
- val_loss: 1.3810
- val_all_f1:  0.6080 0.6080 0.6080
- val_exp_f1:  0.8832 0.8832 0.8832
- val_non_f1:  0.3658 0.3658 0.3658

13056/13056 [==============================] - 226s - loss: 0.6753 - val_loss: 1.3810
Epoch 264/1000
12992/13056 [============================>.] - ETA: 0s - loss: 0.6540
- val_loss: 1.3729
- val_all_f1:  0.6115 0.6115 0.6115
- val_exp_f1:  0.8877 0.8877 0.8877
- val_non_f1:  0.3685 0.3685 0.3685

13056/13056 [==============================] - 230s - loss: 0.6538 - val_loss: 1.3729
Epoch 265/1000
12992/13056 [============================>.] - ETA: 0s - loss: 0.6444
- val_loss: 1.3723
- val_all_f1:  0.6115 0.6115 0.6115
- val_exp_f1:  0.8832 0.8832 0.8832
- val_non_f1:  0.3725 0.3725 0.3725

13056/13056 [==============================] - 226s - loss: 0.6448 - val_loss: 1.3723
Epoch 266/1000
12992/13056 [============================>.] - ETA: 0s - loss: 0.6570
- val_loss: 1.3543
- val_all_f1:  0.6158 0.6158 0.6158
- val_exp_f1:  0.9120 0.9120 0.9120
- val_non_f1:  0.3556 0.3551 0.3554

13056/13056 [==============================] - 224s - loss: 0.6574 - val_loss: 1.3543
Epoch 267/1000
12992/13056 [============================>.] - ETA: 1s - loss: 0.6531
- val_loss: 1.4045
- val_all_f1:  0.5881 0.5881 0.5881
- val_exp_f1:  0.8801 0.8801 0.8801
- val_non_f1:  0.3316 0.3311 0.3313

13056/13056 [==============================] - 226s - loss: 0.6550 - val_loss: 1.4045
Epoch 268/1000
12992/13056 [============================>.] - ETA: 0s - loss: 0.6662
- val_loss: 1.3695
- val_all_f1:  0.6129 0.6129 0.6129
- val_exp_f1:  0.9029 0.9029 0.9029
- val_non_f1:  0.3583 0.3578 0.3580

13056/13056 [==============================] - 219s - loss: 0.6659 - val_loss: 1.3695
Epoch 269/1000
12992/13056 [============================>.] - ETA: 1s - loss: 0.6797
- val_loss: 1.3641
- val_all_f1:  0.6143 0.6143 0.6143
- val_exp_f1:  0.9014 0.9014 0.9014
- val_non_f1:  0.3623 0.3618 0.3621

13056/13056 [==============================] - 231s - loss: 0.6804 - val_loss: 1.3641
Epoch 270/1000
12992/13056 [============================>.] - ETA: 0s - loss: 0.6397
- val_loss: 1.3503
- val_all_f1:  0.6129 0.6129 0.6129
- val_exp_f1:  0.9014 0.9014 0.9014
- val_non_f1:  0.3596 0.3591 0.3594

13056/13056 [==============================] - 228s - loss: 0.6416 - val_loss: 1.3503
Epoch 271/1000
12992/13056 [============================>.] - ETA: 0s - loss: 0.6398
- val_loss: 1.3567
- val_all_f1:  0.6115 0.6115 0.6115
- val_exp_f1:  0.9029 0.9029 0.9029
- val_non_f1:  0.3556 0.3551 0.3554

13056/13056 [==============================] - 222s - loss: 0.6400 - val_loss: 1.3567
Epoch 272/1000
12992/13056 [============================>.] - ETA: 0s - loss: 0.6625
- val_loss: 1.3694
- val_all_f1:  0.6129 0.6129 0.6129
- val_exp_f1:  0.8938 0.8938 0.8938
- val_non_f1:  0.3663 0.3658 0.3661

13056/13056 [==============================] - 227s - loss: 0.6624 - val_loss: 1.3694
Epoch 273/1000
12992/13056 [============================>.] - ETA: 0s - loss: 0.6323
- val_loss: 1.3805
- val_all_f1:  0.6023 0.6023 0.6023
- val_exp_f1:  0.9014 0.9014 0.9014
- val_non_f1:  0.3396 0.3391 0.3393

13056/13056 [==============================] - 229s - loss: 0.6320 - val_loss: 1.3805
[2018-03-08 04:28] training finished (ex/conll16st-vsimple-ench)
[2018-03-08 04:28] best_val_loss: 237 - loss: 0.6456 - val_loss: 1.3372 - val_all_f1: 0.6243 - val_exp_f1: 0.9029 - val_non_f1: 0.3792
[2018-03-08 04:28] best_val_all_f1: 171 - loss: 0.6721 - val_loss: 1.3441 - val_all_f1: 0.6243 - val_exp_f1: 0.9120 - val_non_f1: 0.3712
