[2019-04-26 18:52] configuration (ex/conll16st-v35-ench-fd-12-rn-12-0/blind)
[2019-04-26 18:52]   config 'arg1_len': 400
[2019-04-26 18:52]   config 'arg2_len': 400
[2019-04-26 18:52]   config 'backend': theano
[2019-04-26 18:52]   config 'backend_theano': device=cpu
[2019-04-26 18:52]   config 'batch_size': 64
[2019-04-26 18:52]   config 'conn_len': 20
[2019-04-26 18:52]   config 'dataset_dir': data/conll15st-en-03-29-16-blind-test
[2019-04-26 18:52]   config 'filter_fn_name': None
[2019-04-26 18:52]   config 'input_size': None
[2019-04-26 18:52]   config 'lang': en
[2019-04-26 18:52]   config 'mode': char
[2019-04-26 18:52]   config 'model_dir': ex/conll16st-v35-ench-fd-12-rn-12-0
[2019-04-26 18:52]   config 'normalization_mode': sample_aspect
[2019-04-26 18:52]   config 'output_dir': ex/conll16st-v35-ench-fd-12-rn-12-0/blind
[2019-04-26 18:52]   config 'punc_len': 0
[2019-04-26 18:52]   config 'rest': ['--filter_dim=12', '--rnn_num=12']
[2019-04-26 18:52]   config 'snapshot_size': 2048
[2019-04-26 18:52] load dataset for prediction (data/conll15st-en-03-29-16-blind-test)
[2019-04-26 18:52]   lang: en, rel_ids: 1209
[2019-04-26 18:52] load previous indexes (ex/conll16st-v35-ench-fd-12-rn-12-0/indexes.pkl)
[2019-04-26 18:52]   words2id: 87, target2id: 23
[2019-04-26 18:52] load model (ex/conll16st-v35-ench-fd-12-rn-12-0)
[2019-04-26 18:52] load previous weights (ex/conll16st-v35-ench-fd-12-rn-12-0/weights_val_all_f1.hdf5)
[2019-04-26 18:52] make predictions
[2019-04-26 18:53] save predictions (ex/conll16st-v35-ench-fd-12-rn-12-0/blind/output.json)
[2019-04-26 18:53] save predictions (ex/conll16st-v35-ench-fd-12-rn-12-0/blind/output_proba.json)
[2019-04-26 18:53] peek into filtering weights (ex/conll16st-v35-ench-fd-12-rn-12-0/blind/peek.html)
[2019-04-26 18:55] finished (ex/conll16st-v35-ench-fd-12-rn-12-0/blind)
[2019-04-26 18:55] time: loaded: 0.1775 - prepared: 2.5141 - predicted: 58.0918
