[2019-04-16 08:18] configuration (ex/conll16st-v35-en-fd-4-rn-4-0)
[2019-04-16 08:18]   config 'arg1_len': 100
[2019-04-16 08:18]   config 'arg2_len': 100
[2019-04-16 08:18]   config 'backend': theano
[2019-04-16 08:18]   config 'backend_theano': device=cpu
[2019-04-16 08:18]   config 'batch_size': 64
[2019-04-16 08:18]   config 'conn_len': 10
[2019-04-16 08:18]   config 'continue_': False
[2019-04-16 08:18]   config 'curriculum_end': 0.0
[2019-04-16 08:18]   config 'epochs': 1000
[2019-04-16 08:18]   config 'epochs_patience': 100
[2019-04-16 08:18]   config 'epochs_ratio': 0.1
[2019-04-16 08:18]   config 'filter_act': sigmoid
[2019-04-16 08:18]   config 'filter_append_act': linear
[2019-04-16 08:18]   config 'filter_append_batchnorm': False
[2019-04-16 08:18]   config 'filter_append_dim': 0
[2019-04-16 08:18]   config 'filter_append_dropout': 0.0
[2019-04-16 08:18]   config 'filter_apply': mul
[2019-04-16 08:18]   config 'filter_dim': 4
[2019-04-16 08:18]   config 'filter_dropout_U': 0.0
[2019-04-16 08:18]   config 'filter_dropout_W': 0.0
[2019-04-16 08:18]   config 'filter_fn_name': None
[2019-04-16 08:18]   config 'filter_shared': global
[2019-04-16 08:18]   config 'filter_type': lstm-fb
[2019-04-16 08:18]   config 'filter_zoneout_c': 0.0
[2019-04-16 08:18]   config 'filter_zoneout_h': 0.0
[2019-04-16 08:18]   config 'final_act': SReLU
[2019-04-16 08:18]   config 'final_dim': 80
[2019-04-16 08:18]   config 'final_dropout': 0.3
[2019-04-16 08:18]   config 'input_size': None
[2019-04-16 08:18]   config 'lang': en
[2019-04-16 08:18]   config 'masking': True
[2019-04-16 08:18]   config 'mode': word
[2019-04-16 08:18]   config 'model_dir': ex/conll16st-v35-en-fd-4-rn-4-0
[2019-04-16 08:18]   config 'optimizer': adam
[2019-04-16 08:18]   config 'original_positives': 0
[2019-04-16 08:18]   config 'punc_len': 0
[2019-04-16 08:18]   config 'random_negatives': 2
[2019-04-16 08:18]   config 'random_positives': 2
[2019-04-16 08:18]   config 'random_proba_1': 0.1
[2019-04-16 08:18]   config 'random_proba_2': 0.1
[2019-04-16 08:18]   config 'random_proba_3': 0.9
[2019-04-16 08:18]   config 'rnn_act': tanh
[2019-04-16 08:18]   config 'rnn_dim': 20
[2019-04-16 08:18]   config 'rnn_dropout_U': 0.0
[2019-04-16 08:18]   config 'rnn_dropout_W': 0.0
[2019-04-16 08:18]   config 'rnn_dropout_merge': 0.3
[2019-04-16 08:18]   config 'rnn_merge': concat
[2019-04-16 08:18]   config 'rnn_num': 4
[2019-04-16 08:18]   config 'rnn_shared': aspect
[2019-04-16 08:18]   config 'rnn_type': lstm-fwd
[2019-04-16 08:18]   config 'rnn_zoneout_c': 0.0
[2019-04-16 08:18]   config 'rnn_zoneout_h': 0.0
[2019-04-16 08:18]   config 'snapshot_size': 2048
[2019-04-16 08:18]   config 'train_dir': data/conll16st-en-03-29-16-train
[2019-04-16 08:18]   config 'valid_dir': data/conll16st-en-03-29-16-dev
[2019-04-16 08:18]   config 'words2vec_bin': None
[2019-04-16 08:18]   config 'words2vec_txt': None
[2019-04-16 08:18]   config 'words_crop': None
[2019-04-16 08:18]   config 'words_dim': 20
[2019-04-16 08:18]   config 'words_dropout': 0.3
[2019-04-16 08:18]   config 'words_shared': global
[2019-04-16 08:18]   config 'words_trainable': True
[2019-04-16 08:18] load dataset for training (data/conll16st-en-03-29-16-train)
[2019-04-16 08:21]   lang: en, doc_ids: 1756, words: 933049, rel_ids: 32535, relation tokens: 1159204
[2019-04-16 08:21] load dataset for validation (data/conll16st-en-03-29-16-dev)
[2019-04-16 08:21]   lang: en, doc_ids: 79, words: 39712, rel_ids: 1436, relation tokens: 48882
[2019-04-16 08:21] build indexes from training
[2019-04-16 08:21]   words2id: 43918, target2id: 23
[2019-04-16 08:21] target class distribution from training
[2019-04-16 08:21]   class 0 = 'None': None
[2019-04-16 08:21]   class 1 = '': None
[2019-04-16 08:21]   class 2 = 'Expansion.Conjunction': 7817
[2019-04-16 08:21]   class 3 = 'Comparison.Contrast': 4714
[2019-04-16 08:21]   class 4 = 'EntRel': 4133
[2019-04-16 08:21]   class 5 = 'Contingency.Cause.Reason': 3344
[2019-04-16 08:21]   class 6 = 'Expansion.Restatement': 2699
[2019-04-16 08:21]   class 7 = 'Contingency.Cause.Result': 2137
[2019-04-16 08:21]   class 8 = 'Temporal.Synchrony': 1499
[2019-04-16 08:21]   class 9 = 'Expansion.Instantiation': 1403
[2019-04-16 08:21]   class 10 = 'Comparison.Concession': 1293
[2019-04-16 08:21]   class 11 = 'Temporal.Asynchronous.Precedence': 1277
[2019-04-16 08:21]   class 12 = 'Contingency.Condition': 1197
[2019-04-16 08:21]   class 13 = 'Temporal.Asynchronous.Succession': 1014
[2019-04-16 08:21]   class 14 = 'Comparison': 992
[2019-04-16 08:21]   class 15 = 'Expansion': 630
[2019-04-16 08:21]   class 16 = 'Expansion.Alternative.Chosen alternative': 241
[2019-04-16 08:21]   class 17 = 'Expansion.Alternative': 210
[2019-04-16 08:21]   class 18 = 'Temporal': 27
[2019-04-16 08:21]   class 19 = 'Contingency': 24
[2019-04-16 08:21]   class 20 = 'Expansion.Exception': 15
[2019-04-16 08:21]   class 21 = 'Temporal.Asynchronous': 6
[2019-04-16 08:21]   class 22 = 'Contingency.Cause': 2
[2019-04-16 08:21] build model
____________________________________________________________________________________________________
Layer (type)                     Output Shape          Param #     Connected to                     
====================================================================================================
arg1_ids (InputLayer)            (None, 100)           0                                            
____________________________________________________________________________________________________
arg2_ids (InputLayer)            (None, 100)           0                                            
____________________________________________________________________________________________________
conn_ids (InputLayer)            (None, 10)            0                                            
____________________________________________________________________________________________________
embedding_1 (Embedding)          multiple              878360      arg1_ids[0][0]                   
                                                                   arg2_ids[0][0]                   
                                                                   conn_ids[0][0]                   
____________________________________________________________________________________________________
shareablelstm_1 (ShareableLSTM)  multiple              400         embedding_1[0][0]                
                                                                   embedding_1[1][0]                
                                                                   embedding_1[2][0]                
____________________________________________________________________________________________________
shareablelstm_2 (ShareableLSTM)  multiple              400         embedding_1[0][0]                
                                                                   embedding_1[1][0]                
                                                                   embedding_1[2][0]                
____________________________________________________________________________________________________
merge_1 (Merge)                  (None, 100, 4)        0           shareablelstm_1[0][0]            
                                                                   shareablelstm_2[0][0]            
____________________________________________________________________________________________________
merge_7 (Merge)                  (None, 100, 4)        0           shareablelstm_1[1][0]            
                                                                   shareablelstm_2[1][0]            
____________________________________________________________________________________________________
merge_13 (Merge)                 (None, 10, 4)         0           shareablelstm_1[2][0]            
                                                                   shareablelstm_2[2][0]            
____________________________________________________________________________________________________
arg1_filters (Activation)        (None, 100, 4)        0           merge_1[0][0]                    
____________________________________________________________________________________________________
arg2_filters (Activation)        (None, 100, 4)        0           merge_7[0][0]                    
____________________________________________________________________________________________________
conn_filters (Activation)        (None, 10, 4)         0           merge_13[0][0]                   
____________________________________________________________________________________________________
merge_2 (Merge)                  (None, 100, 20)       0           embedding_1[0][0]                
                                                                   arg1_filters[0][0]               
____________________________________________________________________________________________________
merge_3 (Merge)                  (None, 100, 20)       0           embedding_1[0][0]                
                                                                   arg1_filters[0][0]               
____________________________________________________________________________________________________
merge_4 (Merge)                  (None, 100, 20)       0           embedding_1[0][0]                
                                                                   arg1_filters[0][0]               
____________________________________________________________________________________________________
merge_5 (Merge)                  (None, 100, 20)       0           embedding_1[0][0]                
                                                                   arg1_filters[0][0]               
____________________________________________________________________________________________________
merge_8 (Merge)                  (None, 100, 20)       0           embedding_1[1][0]                
                                                                   arg2_filters[0][0]               
____________________________________________________________________________________________________
merge_9 (Merge)                  (None, 100, 20)       0           embedding_1[1][0]                
                                                                   arg2_filters[0][0]               
____________________________________________________________________________________________________
merge_10 (Merge)                 (None, 100, 20)       0           embedding_1[1][0]                
                                                                   arg2_filters[0][0]               
____________________________________________________________________________________________________
merge_11 (Merge)                 (None, 100, 20)       0           embedding_1[1][0]                
                                                                   arg2_filters[0][0]               
____________________________________________________________________________________________________
merge_14 (Merge)                 (None, 10, 20)        0           embedding_1[2][0]                
                                                                   conn_filters[0][0]               
____________________________________________________________________________________________________
merge_15 (Merge)                 (None, 10, 20)        0           embedding_1[2][0]                
                                                                   conn_filters[0][0]               
____________________________________________________________________________________________________
merge_16 (Merge)                 (None, 10, 20)        0           embedding_1[2][0]                
                                                                   conn_filters[0][0]               
____________________________________________________________________________________________________
merge_17 (Merge)                 (None, 10, 20)        0           embedding_1[2][0]                
                                                                   conn_filters[0][0]               
____________________________________________________________________________________________________
shareablelstm_3 (ShareableLSTM)  (None, 20)            3280        merge_2[0][0]                    
                                                                   merge_8[0][0]                    
                                                                   merge_14[0][0]                   
____________________________________________________________________________________________________
shareablelstm_5 (ShareableLSTM)  (None, 20)            3280        merge_3[0][0]                    
                                                                   merge_9[0][0]                    
                                                                   merge_15[0][0]                   
____________________________________________________________________________________________________
shareablelstm_7 (ShareableLSTM)  (None, 20)            3280        merge_4[0][0]                    
                                                                   merge_10[0][0]                   
                                                                   merge_16[0][0]                   
____________________________________________________________________________________________________
shareablelstm_9 (ShareableLSTM)  (None, 20)            3280        merge_5[0][0]                    
                                                                   merge_11[0][0]                   
                                                                   merge_17[0][0]                   
____________________________________________________________________________________________________
merge_6 (Merge)                  (None, 80)            0           shareablelstm_3[0][0]            
                                                                   shareablelstm_5[0][0]            
                                                                   shareablelstm_7[0][0]            
                                                                   shareablelstm_9[0][0]            
____________________________________________________________________________________________________
merge_12 (Merge)                 (None, 80)            0           shareablelstm_3[1][0]            
                                                                   shareablelstm_5[1][0]            
                                                                   shareablelstm_7[1][0]            
                                                                   shareablelstm_9[1][0]            
____________________________________________________________________________________________________
merge_18 (Merge)                 (None, 80)            0           shareablelstm_3[2][0]            
                                                                   shareablelstm_5[2][0]            
                                                                   shareablelstm_7[2][0]            
                                                                   shareablelstm_9[2][0]            
____________________________________________________________________________________________________
dropout_1 (Dropout)              (None, 80)            0           merge_6[0][0]                    
____________________________________________________________________________________________________
dropout_2 (Dropout)              (None, 80)            0           merge_12[0][0]                   
____________________________________________________________________________________________________
dropout_3 (Dropout)              (None, 80)            0           merge_18[0][0]                   
____________________________________________________________________________________________________
merge_19 (Merge)                 (None, 240)           0           dropout_1[0][0]                  
                                                                   dropout_2[0][0]                  
                                                                   dropout_3[0][0]                  
____________________________________________________________________________________________________
dense_1 (Dense)                  (None, 80)            19280       merge_19[0][0]                   
____________________________________________________________________________________________________
srelu_1 (SReLU)                  (None, 80)            320         dense_1[0][0]                    
____________________________________________________________________________________________________
dropout_4 (Dropout)              (None, 80)            0           srelu_1[0][0]                    
____________________________________________________________________________________________________
dense_2 (Dense)                  (None, 23)            1863        dropout_4[0][0]                  
____________________________________________________________________________________________________
target (Activation)              (None, 23)            0           dense_2[0][0]                    
====================================================================================================
Total params: 913,743
Trainable params: 913,743
Non-trainable params: 0
____________________________________________________________________________________________________
[2019-04-16 08:26] initialize weights
[2019-04-16 08:26] training preparation
[2019-04-16 08:26] train model (ex/conll16st-v35-en-fd-4-rn-4-0)
Epoch 1/1000
12992/13056 [============================>.] - ETA: 0s - loss: 2.0902
- val_loss: 3.2958
- val_all_f1:  0.2202 0.2202 0.2202
- val_exp_f1:  0.2807 0.2807 0.2807
- val_non_f1:  0.1669 0.1669 0.1669

13056/13056 [==============================] - 98s - loss: 2.0897 - val_loss: 3.2958
Epoch 2/1000
12992/13056 [============================>.] - ETA: 0s - loss: 1.7176
- val_loss: 2.6419
- val_all_f1:  0.2202 0.2202 0.2202
- val_exp_f1:  0.2807 0.2807 0.2807
- val_non_f1:  0.1669 0.1669 0.1669

13056/13056 [==============================] - 98s - loss: 1.7207 - val_loss: 2.6419
Epoch 3/1000
12992/13056 [============================>.] - ETA: 0s - loss: 1.3903
- val_loss: 2.3347
- val_all_f1:  0.3288 0.3288 0.3288
- val_exp_f1:  0.3733 0.3733 0.3733
- val_non_f1:  0.2897 0.2897 0.2897

13056/13056 [==============================] - 100s - loss: 1.3898 - val_loss: 2.3347
Epoch 4/1000
12992/13056 [============================>.] - ETA: 0s - loss: 1.2494
- val_loss: 2.1328
- val_all_f1:  0.4070 0.4070 0.4070
- val_exp_f1:  0.5464 0.5448 0.5456
- val_non_f1:  0.2857 0.2857 0.2857

13056/13056 [==============================] - 100s - loss: 1.2497 - val_loss: 2.1328
Epoch 5/1000
12992/13056 [============================>.] - ETA: 0s - loss: 1.1961
- val_loss: 2.0594
- val_all_f1:  0.3935 0.3935 0.3935
- val_exp_f1:  0.5160 0.5144 0.5152
- val_non_f1:  0.2870 0.2870 0.2870

13056/13056 [==============================] - 100s - loss: 1.1955 - val_loss: 2.0594
Epoch 6/1000
12992/13056 [============================>.] - ETA: 0s - loss: 1.1824
- val_loss: 2.0116
- val_all_f1:  0.3466 0.3466 0.3466
- val_exp_f1:  0.5449 0.5432 0.5441
- val_non_f1:  0.1736 0.1736 0.1736

13056/13056 [==============================] - 100s - loss: 1.1829 - val_loss: 2.0116
Epoch 7/1000
12992/13056 [============================>.] - ETA: 0s - loss: 1.1715
- val_loss: 1.9830
- val_all_f1:  0.3729 0.3729 0.3729
- val_exp_f1:  0.6104 0.6085 0.6094
- val_non_f1:  0.1658 0.1656 0.1657

13056/13056 [==============================] - 100s - loss: 1.1712 - val_loss: 1.9830
Epoch 8/1000
12992/13056 [============================>.] - ETA: 0s - loss: 1.1560
- val_loss: 1.9555
- val_all_f1:  0.3594 0.3594 0.3594
- val_exp_f1:  0.5738 0.5721 0.5729
- val_non_f1:  0.1725 0.1722 0.1723

13056/13056 [==============================] - 100s - loss: 1.1551 - val_loss: 1.9555
Epoch 9/1000
12992/13056 [============================>.] - ETA: 0s - loss: 1.1549
- val_loss: 2.0746
- val_all_f1:  0.4134 0.4134 0.4134
- val_exp_f1:  0.5914 0.5842 0.5878
- val_non_f1:  0.2634 0.2630 0.2632

13056/13056 [==============================] - 101s - loss: 1.1545 - val_loss: 2.0746
Epoch 10/1000
12992/13056 [============================>.] - ETA: 0s - loss: 1.1275
- val_loss: 1.9448
- val_all_f1:  0.3757 0.3757 0.3757
- val_exp_f1:  0.6131 0.6131 0.6131
- val_non_f1:  0.1671 0.1669 0.1670

13056/13056 [==============================] - 101s - loss: 1.1281 - val_loss: 1.9448
Epoch 11/1000
12992/13056 [============================>.] - ETA: 0s - loss: 1.0901
- val_loss: 1.8823
- val_all_f1:  0.4844 0.4844 0.4844
- val_exp_f1:  0.7180 0.7071 0.7125
- val_non_f1:  0.2888 0.2884 0.2886

13056/13056 [==============================] - 101s - loss: 1.0920 - val_loss: 1.8823
Epoch 12/1000
12992/13056 [============================>.] - ETA: 0s - loss: 1.0809
- val_loss: 1.8363
- val_all_f1:  0.4233 0.4233 0.4233
- val_exp_f1:  0.7224 0.7147 0.7185
- val_non_f1:  0.1671 0.1669 0.1670

13056/13056 [==============================] - 101s - loss: 1.0804 - val_loss: 1.8363
Epoch 13/1000
12992/13056 [============================>.] - ETA: 0s - loss: 1.1126
- val_loss: 1.8082
- val_all_f1:  0.5021 0.5021 0.5021
- val_exp_f1:  0.7477 0.7375 0.7426
- val_non_f1:  0.2955 0.2951 0.2953

13056/13056 [==============================] - 101s - loss: 1.1120 - val_loss: 1.8082
Epoch 14/1000
12992/13056 [============================>.] - ETA: 0s - loss: 1.0622
- val_loss: 1.7738
- val_all_f1:  0.5121 0.5121 0.5121
- val_exp_f1:  0.7757 0.7663 0.7710
- val_non_f1:  0.2888 0.2884 0.2886

13056/13056 [==============================] - 101s - loss: 1.0615 - val_loss: 1.7738
Epoch 15/1000
12992/13056 [============================>.] - ETA: 0s - loss: 1.0116
- val_loss: 1.7239
- val_all_f1:  0.5114 0.5114 0.5114
- val_exp_f1:  0.7680 0.7587 0.7634
- val_non_f1:  0.2941 0.2937 0.2939

13056/13056 [==============================] - 101s - loss: 1.0119 - val_loss: 1.7239
Epoch 16/1000
12992/13056 [============================>.] - ETA: 0s - loss: 1.0184
- val_loss: 1.7198
- val_all_f1:  0.5135 0.5135 0.5135
- val_exp_f1:  0.7800 0.7693 0.7746
- val_non_f1:  0.2888 0.2884 0.2886

13056/13056 [==============================] - 101s - loss: 1.0183 - val_loss: 1.7198
Epoch 17/1000
12992/13056 [============================>.] - ETA: 0s - loss: 1.0226
- val_loss: 1.7073
- val_all_f1:  0.5135 0.5135 0.5135
- val_exp_f1:  0.8463 0.8437 0.8450
- val_non_f1:  0.2233 0.2230 0.2231

13056/13056 [==============================] - 101s - loss: 1.0214 - val_loss: 1.7073
Epoch 18/1000
12992/13056 [============================>.] - ETA: 0s - loss: 1.0233
- val_loss: 1.7143
- val_all_f1:  0.4986 0.4986 0.4986
- val_exp_f1:  0.8255 0.8255 0.8255
- val_non_f1:  0.2112 0.2109 0.2111

13056/13056 [==============================] - 101s - loss: 1.0229 - val_loss: 1.7143
Epoch 19/1000
12992/13056 [============================>.] - ETA: 0s - loss: 1.0540
- val_loss: 1.7034
- val_all_f1:  0.5249 0.5249 0.5249
- val_exp_f1:  0.7800 0.7800 0.7800
- val_non_f1:  0.3008 0.3004 0.3006

13056/13056 [==============================] - 101s - loss: 1.0538 - val_loss: 1.7034
Epoch 20/1000
12992/13056 [============================>.] - ETA: 0s - loss: 1.0128
- val_loss: 1.7027
- val_all_f1:  0.4950 0.4950 0.4950
- val_exp_f1:  0.8422 0.8422 0.8422
- val_non_f1:  0.1898 0.1896 0.1897

13056/13056 [==============================] - 101s - loss: 1.0135 - val_loss: 1.7027
Epoch 21/1000
12992/13056 [============================>.] - ETA: 0s - loss: 1.0209
- val_loss: 1.6668
- val_all_f1:  0.5142 0.5142 0.5142
- val_exp_f1:  0.8270 0.8270 0.8270
- val_non_f1:  0.2393 0.2390 0.2391

13056/13056 [==============================] - 101s - loss: 1.0216 - val_loss: 1.6668
Epoch 22/1000
12992/13056 [============================>.] - ETA: 0s - loss: 0.9962
- val_loss: 1.6334
- val_all_f1:  0.5447 0.5447 0.5447
- val_exp_f1:  0.8134 0.8134 0.8134
- val_non_f1:  0.3088 0.3084 0.3086

13056/13056 [==============================] - 101s - loss: 0.9986 - val_loss: 1.6334
Epoch 23/1000
12992/13056 [============================>.] - ETA: 0s - loss: 0.9906
- val_loss: 1.6354
- val_all_f1:  0.5391 0.5391 0.5391
- val_exp_f1:  0.8164 0.8164 0.8164
- val_non_f1:  0.2955 0.2951 0.2953

13056/13056 [==============================] - 101s - loss: 0.9908 - val_loss: 1.6354
Epoch 24/1000
12992/13056 [============================>.] - ETA: 0s - loss: 1.0132
- val_loss: 1.5771
- val_all_f1:  0.5490 0.5490 0.5490
- val_exp_f1:  0.8270 0.8270 0.8270
- val_non_f1:  0.3048 0.3044 0.3046

13056/13056 [==============================] - 102s - loss: 1.0117 - val_loss: 1.5771
Epoch 25/1000
12992/13056 [============================>.] - ETA: 0s - loss: 0.9841
- val_loss: 1.6183
- val_all_f1:  0.4759 0.4759 0.4759
- val_exp_f1:  0.8149 0.8149 0.8149
- val_non_f1:  0.1778 0.1776 0.1777

13056/13056 [==============================] - 102s - loss: 0.9834 - val_loss: 1.6183
Epoch 26/1000
12992/13056 [============================>.] - ETA: 0s - loss: 0.9730
- val_loss: 1.5757
- val_all_f1:  0.5518 0.5518 0.5518
- val_exp_f1:  0.8452 0.8452 0.8452
- val_non_f1:  0.2941 0.2937 0.2939

13056/13056 [==============================] - 102s - loss: 0.9740 - val_loss: 1.5757
Epoch 27/1000
12992/13056 [============================>.] - ETA: 0s - loss: 0.9632
- val_loss: 1.6072
- val_all_f1:  0.4979 0.4979 0.4979
- val_exp_f1:  0.8346 0.8346 0.8346
- val_non_f1:  0.2019 0.2016 0.2017

13056/13056 [==============================] - 102s - loss: 0.9627 - val_loss: 1.6072
Epoch 28/1000
12992/13056 [============================>.] - ETA: 0s - loss: 0.9632
- val_loss: 1.6305
- val_all_f1:  0.4702 0.4702 0.4702
- val_exp_f1:  0.8118 0.8118 0.8118
- val_non_f1:  0.1698 0.1696 0.1697

13056/13056 [==============================] - 102s - loss: 0.9642 - val_loss: 1.6305
Epoch 29/1000
12992/13056 [============================>.] - ETA: 0s - loss: 0.9517
- val_loss: 1.6130
- val_all_f1:  0.4972 0.4972 0.4972
- val_exp_f1:  0.8042 0.8042 0.8042
- val_non_f1:  0.2273 0.2270 0.2271

13056/13056 [==============================] - 102s - loss: 0.9522 - val_loss: 1.6130
Epoch 30/1000
12992/13056 [============================>.] - ETA: 0s - loss: 0.9611
- val_loss: 1.6297
- val_all_f1:  0.4794 0.4794 0.4794
- val_exp_f1:  0.7906 0.7906 0.7906
- val_non_f1:  0.2059 0.2056 0.2057

13056/13056 [==============================] - 101s - loss: 0.9606 - val_loss: 1.6297
Epoch 31/1000
12992/13056 [============================>.] - ETA: 0s - loss: 0.9585
- val_loss: 1.5924
- val_all_f1:  0.5114 0.5114 0.5114
- val_exp_f1:  0.8452 0.8452 0.8452
- val_non_f1:  0.2179 0.2176 0.2178

13056/13056 [==============================] - 102s - loss: 0.9609 - val_loss: 1.5924
Epoch 32/1000
12992/13056 [============================>.] - ETA: 0s - loss: 0.9541
- val_loss: 1.5743
- val_all_f1:  0.5462 0.5462 0.5462
- val_exp_f1:  0.8407 0.8407 0.8407
- val_non_f1:  0.2870 0.2870 0.2870

13056/13056 [==============================] - 105s - loss: 0.9547 - val_loss: 1.5743
Epoch 33/1000
12992/13056 [============================>.] - ETA: 0s - loss: 0.9612
- val_loss: 1.6977
- val_all_f1:  0.4581 0.4581 0.4581
- val_exp_f1:  0.7800 0.7800 0.7800
- val_non_f1:  0.1751 0.1749 0.1750

13056/13056 [==============================] - 103s - loss: 0.9600 - val_loss: 1.6977
Epoch 34/1000
12992/13056 [============================>.] - ETA: 0s - loss: 0.9603
- val_loss: 1.6834
- val_all_f1:  0.4695 0.4695 0.4695
- val_exp_f1:  0.8149 0.8149 0.8149
- val_non_f1:  0.1658 0.1656 0.1657

13056/13056 [==============================] - 102s - loss: 0.9596 - val_loss: 1.6834
Epoch 35/1000
12992/13056 [============================>.] - ETA: 0s - loss: 0.9417
- val_loss: 1.5912
- val_all_f1:  0.4943 0.4943 0.4943
- val_exp_f1:  0.8134 0.8134 0.8134
- val_non_f1:  0.2139 0.2136 0.2138

13056/13056 [==============================] - 102s - loss: 0.9420 - val_loss: 1.5912
Epoch 36/1000
12992/13056 [============================>.] - ETA: 0s - loss: 0.9561
- val_loss: 1.6245
- val_all_f1:  0.4766 0.4766 0.4766
- val_exp_f1:  0.7936 0.7936 0.7936
- val_non_f1:  0.1979 0.1976 0.1977

13056/13056 [==============================] - 102s - loss: 0.9563 - val_loss: 1.6245
Epoch 37/1000
12992/13056 [============================>.] - ETA: 0s - loss: 0.9511
- val_loss: 1.6557
- val_all_f1:  0.4822 0.4822 0.4822
- val_exp_f1:  0.8376 0.8376 0.8376
- val_non_f1:  0.1698 0.1696 0.1697

13056/13056 [==============================] - 102s - loss: 0.9512 - val_loss: 1.6557
Epoch 38/1000
12992/13056 [============================>.] - ETA: 0s - loss: 0.9389
- val_loss: 1.5493
- val_all_f1:  0.5618 0.5618 0.5618
- val_exp_f1:  0.8498 0.8498 0.8498
- val_non_f1:  0.3084 0.3084 0.3084

13056/13056 [==============================] - 102s - loss: 0.9389 - val_loss: 1.5493
Epoch 39/1000
12992/13056 [============================>.] - ETA: 0s - loss: 0.9438
- val_loss: 1.5902
- val_all_f1:  0.4844 0.4844 0.4844
- val_exp_f1:  0.8437 0.8437 0.8437
- val_non_f1:  0.1684 0.1682 0.1683

13056/13056 [==============================] - 102s - loss: 0.9442 - val_loss: 1.5902
Epoch 40/1000
12992/13056 [============================>.] - ETA: 0s - loss: 0.9165
- val_loss: 1.5780
- val_all_f1:  0.5170 0.5170 0.5170
- val_exp_f1:  0.8498 0.8498 0.8498
- val_non_f1:  0.2243 0.2243 0.2243

13056/13056 [==============================] - 102s - loss: 0.9156 - val_loss: 1.5780
Epoch 41/1000
12992/13056 [============================>.] - ETA: 0s - loss: 0.9222
- val_loss: 1.6130
- val_all_f1:  0.4844 0.4844 0.4844
- val_exp_f1:  0.7982 0.7982 0.7982
- val_non_f1:  0.2086 0.2083 0.2084

13056/13056 [==============================] - 102s - loss: 0.9212 - val_loss: 1.6130
Epoch 42/1000
12992/13056 [============================>.] - ETA: 0s - loss: 0.9181
- val_loss: 1.5960
- val_all_f1:  0.4972 0.4972 0.4972
- val_exp_f1:  0.8619 0.8619 0.8619
- val_non_f1:  0.1762 0.1762 0.1762

13056/13056 [==============================] - 102s - loss: 0.9176 - val_loss: 1.5960
Epoch 43/1000
12992/13056 [============================>.] - ETA: 0s - loss: 0.9796
- val_loss: 1.5922
- val_all_f1:  0.5341 0.5341 0.5341
- val_exp_f1:  0.8756 0.8756 0.8756
- val_non_f1:  0.2336 0.2336 0.2336

13056/13056 [==============================] - 102s - loss: 0.9800 - val_loss: 1.5922
Epoch 44/1000
12992/13056 [============================>.] - ETA: 0s - loss: 0.9749
- val_loss: 1.5660
- val_all_f1:  0.5256 0.5256 0.5256
- val_exp_f1:  0.8695 0.8695 0.8695
- val_non_f1:  0.2230 0.2230 0.2230

13056/13056 [==============================] - 102s - loss: 0.9739 - val_loss: 1.5660
Epoch 45/1000
12992/13056 [============================>.] - ETA: 0s - loss: 0.9676
- val_loss: 1.5647
- val_all_f1:  0.5426 0.5426 0.5426
- val_exp_f1:  0.8725 0.8725 0.8725
- val_non_f1:  0.2523 0.2523 0.2523

13056/13056 [==============================] - 102s - loss: 0.9668 - val_loss: 1.5647
Epoch 46/1000
12992/13056 [============================>.] - ETA: 0s - loss: 0.9529
- val_loss: 1.5919
- val_all_f1:  0.5043 0.5043 0.5043
- val_exp_f1:  0.8604 0.8604 0.8604
- val_non_f1:  0.1909 0.1909 0.1909

13056/13056 [==============================] - 102s - loss: 0.9529 - val_loss: 1.5919
Epoch 47/1000
12992/13056 [============================>.] - ETA: 0s - loss: 0.9380
- val_loss: 1.5351
- val_all_f1:  0.5476 0.5476 0.5476
- val_exp_f1:  0.8832 0.8832 0.8832
- val_non_f1:  0.2523 0.2523 0.2523

13056/13056 [==============================] - 102s - loss: 0.9369 - val_loss: 1.5351
Epoch 48/1000
12992/13056 [============================>.] - ETA: 0s - loss: 0.9411
- val_loss: 1.7910
- val_all_f1:  0.4801 0.4801 0.4801
- val_exp_f1:  0.8225 0.8225 0.8225
- val_non_f1:  0.1789 0.1789 0.1789

13056/13056 [==============================] - 102s - loss: 0.9413 - val_loss: 1.7910
Epoch 49/1000
12992/13056 [============================>.] - ETA: 0s - loss: 0.9326
- val_loss: 1.5288
- val_all_f1:  0.5391 0.5391 0.5391
- val_exp_f1:  0.8832 0.8832 0.8832
- val_non_f1:  0.2363 0.2363 0.2363

13056/13056 [==============================] - 102s - loss: 0.9324 - val_loss: 1.5288
Epoch 50/1000
12992/13056 [============================>.] - ETA: 0s - loss: 0.9419
- val_loss: 1.5195
- val_all_f1:  0.5497 0.5497 0.5497
- val_exp_f1:  0.8680 0.8680 0.8680
- val_non_f1:  0.2697 0.2697 0.2697

13056/13056 [==============================] - 102s - loss: 0.9409 - val_loss: 1.5195
Epoch 51/1000
12992/13056 [============================>.] - ETA: 0s - loss: 0.9404
- val_loss: 1.5688
- val_all_f1:  0.5192 0.5192 0.5192
- val_exp_f1:  0.8786 0.8786 0.8786
- val_non_f1:  0.2029 0.2029 0.2029

13056/13056 [==============================] - 102s - loss: 0.9388 - val_loss: 1.5688
Epoch 52/1000
12992/13056 [============================>.] - ETA: 0s - loss: 0.9211
- val_loss: 1.4813
- val_all_f1:  0.5611 0.5611 0.5611
- val_exp_f1:  0.8771 0.8771 0.8771
- val_non_f1:  0.2830 0.2830 0.2830

13056/13056 [==============================] - 102s - loss: 0.9226 - val_loss: 1.4813
Epoch 53/1000
12992/13056 [============================>.] - ETA: 0s - loss: 0.9233
- val_loss: 1.5152
- val_all_f1:  0.5327 0.5327 0.5327
- val_exp_f1:  0.8968 0.8968 0.8968
- val_non_f1:  0.2123 0.2123 0.2123

13056/13056 [==============================] - 102s - loss: 0.9219 - val_loss: 1.5152
Epoch 54/1000
12992/13056 [============================>.] - ETA: 0s - loss: 0.9271
- val_loss: 1.4897
- val_all_f1:  0.5803 0.5803 0.5803
- val_exp_f1:  0.8923 0.8923 0.8923
- val_non_f1:  0.3057 0.3057 0.3057

13056/13056 [==============================] - 102s - loss: 0.9268 - val_loss: 1.4897
Epoch 55/1000
12992/13056 [============================>.] - ETA: 0s - loss: 0.9395
- val_loss: 1.5294
- val_all_f1:  0.5149 0.5149 0.5149
- val_exp_f1:  0.8695 0.8695 0.8695
- val_non_f1:  0.2029 0.2029 0.2029

13056/13056 [==============================] - 102s - loss: 0.9393 - val_loss: 1.5294
Epoch 56/1000
12992/13056 [============================>.] - ETA: 0s - loss: 0.9109
- val_loss: 1.4990
- val_all_f1:  0.5497 0.5497 0.5497
- val_exp_f1:  0.8923 0.8923 0.8923
- val_non_f1:  0.2483 0.2483 0.2483

13056/13056 [==============================] - 102s - loss: 0.9110 - val_loss: 1.4990
Epoch 57/1000
12992/13056 [============================>.] - ETA: 0s - loss: 0.9130
- val_loss: 1.4565
- val_all_f1:  0.5938 0.5938 0.5938
- val_exp_f1:  0.8998 0.8998 0.8998
- val_non_f1:  0.3244 0.3244 0.3244

13056/13056 [==============================] - 102s - loss: 0.9143 - val_loss: 1.4565
Epoch 58/1000
12992/13056 [============================>.] - ETA: 0s - loss: 0.9269
- val_loss: 1.5607
- val_all_f1:  0.5327 0.5327 0.5327
- val_exp_f1:  0.8953 0.8953 0.8953
- val_non_f1:  0.2136 0.2136 0.2136

13056/13056 [==============================] - 102s - loss: 0.9272 - val_loss: 1.5607
Epoch 59/1000
12992/13056 [============================>.] - ETA: 0s - loss: 0.9092
- val_loss: 1.5785
- val_all_f1:  0.5028 0.5028 0.5028
- val_exp_f1:  0.8558 0.8558 0.8558
- val_non_f1:  0.1923 0.1923 0.1923

13056/13056 [==============================] - 102s - loss: 0.9092 - val_loss: 1.5785
Epoch 60/1000
12992/13056 [============================>.] - ETA: 0s - loss: 0.9094
- val_loss: 1.5707
- val_all_f1:  0.4972 0.4972 0.4972
- val_exp_f1:  0.8634 0.8634 0.8634
- val_non_f1:  0.1749 0.1749 0.1749

13056/13056 [==============================] - 102s - loss: 0.9103 - val_loss: 1.5707
Epoch 61/1000
12992/13056 [============================>.] - ETA: 0s - loss: 0.9200
- val_loss: 1.5462
- val_all_f1:  0.4993 0.4993 0.4993
- val_exp_f1:  0.8498 0.8498 0.8498
- val_non_f1:  0.1909 0.1909 0.1909

13056/13056 [==============================] - 102s - loss: 0.9199 - val_loss: 1.5462
Epoch 62/1000
12992/13056 [============================>.] - ETA: 0s - loss: 0.9047
- val_loss: 1.5006
- val_all_f1:  0.5504 0.5504 0.5504
- val_exp_f1:  0.9014 0.9014 0.9014
- val_non_f1:  0.2417 0.2417 0.2417

13056/13056 [==============================] - 102s - loss: 0.9049 - val_loss: 1.5006
Epoch 63/1000
12992/13056 [============================>.] - ETA: 0s - loss: 0.9072
- val_loss: 1.4862
- val_all_f1:  0.5320 0.5320 0.5320
- val_exp_f1:  0.8741 0.8741 0.8741
- val_non_f1:  0.2310 0.2310 0.2310

13056/13056 [==============================] - 102s - loss: 0.9064 - val_loss: 1.4862
Epoch 64/1000
12992/13056 [============================>.] - ETA: 0s - loss: 0.8876
- val_loss: 1.5073
- val_all_f1:  0.5256 0.5256 0.5256
- val_exp_f1:  0.8983 0.8983 0.8983
- val_non_f1:  0.1976 0.1976 0.1976

13056/13056 [==============================] - 102s - loss: 0.8881 - val_loss: 1.5073
Epoch 65/1000
12992/13056 [============================>.] - ETA: 0s - loss: 0.8845
- val_loss: 1.4537
- val_all_f1:  0.5717 0.5717 0.5717
- val_exp_f1:  0.8892 0.8892 0.8892
- val_non_f1:  0.2924 0.2924 0.2924

13056/13056 [==============================] - 102s - loss: 0.8849 - val_loss: 1.4537
Epoch 66/1000
12992/13056 [============================>.] - ETA: 0s - loss: 0.9061
- val_loss: 1.5776
- val_all_f1:  0.5249 0.5249 0.5249
- val_exp_f1:  0.8907 0.8907 0.8907
- val_non_f1:  0.2029 0.2029 0.2029

13056/13056 [==============================] - 102s - loss: 0.9079 - val_loss: 1.5776
Epoch 67/1000
12992/13056 [============================>.] - ETA: 0s - loss: 0.8730
- val_loss: 1.5016
- val_all_f1:  0.5447 0.5447 0.5447
- val_exp_f1:  0.8816 0.8816 0.8816
- val_non_f1:  0.2483 0.2483 0.2483

13056/13056 [==============================] - 102s - loss: 0.8725 - val_loss: 1.5016
Epoch 68/1000
12992/13056 [============================>.] - ETA: 0s - loss: 0.8881
- val_loss: 1.4709
- val_all_f1:  0.5554 0.5554 0.5554
- val_exp_f1:  0.8983 0.8983 0.8983
- val_non_f1:  0.2537 0.2537 0.2537

13056/13056 [==============================] - 102s - loss: 0.8887 - val_loss: 1.4709
Epoch 69/1000
12992/13056 [============================>.] - ETA: 0s - loss: 0.8861
- val_loss: 1.5007
- val_all_f1:  0.5391 0.5391 0.5391
- val_exp_f1:  0.8847 0.8847 0.8847
- val_non_f1:  0.2350 0.2350 0.2350

13056/13056 [==============================] - 102s - loss: 0.8874 - val_loss: 1.5007
Epoch 70/1000
12992/13056 [============================>.] - ETA: 0s - loss: 0.8692
- val_loss: 1.6080
- val_all_f1:  0.5036 0.5036 0.5036
- val_exp_f1:  0.8877 0.8877 0.8877
- val_non_f1:  0.1656 0.1656 0.1656

13056/13056 [==============================] - 102s - loss: 0.8701 - val_loss: 1.6080
Epoch 71/1000
12992/13056 [============================>.] - ETA: 0s - loss: 0.8894
- val_loss: 1.4639
- val_all_f1:  0.5540 0.5540 0.5540
- val_exp_f1:  0.8816 0.8816 0.8816
- val_non_f1:  0.2657 0.2657 0.2657

13056/13056 [==============================] - 102s - loss: 0.8878 - val_loss: 1.4639
Epoch 72/1000
12992/13056 [============================>.] - ETA: 0s - loss: 0.8656
- val_loss: 1.4235
- val_all_f1:  0.5703 0.5703 0.5703
- val_exp_f1:  0.8968 0.8968 0.8968
- val_non_f1:  0.2830 0.2830 0.2830

13056/13056 [==============================] - 102s - loss: 0.8662 - val_loss: 1.4235
Epoch 73/1000
12992/13056 [============================>.] - ETA: 0s - loss: 0.8596
- val_loss: 1.4940
- val_all_f1:  0.5398 0.5398 0.5398
- val_exp_f1:  0.8877 0.8877 0.8877
- val_non_f1:  0.2336 0.2336 0.2336

13056/13056 [==============================] - 102s - loss: 0.8604 - val_loss: 1.4940
Epoch 74/1000
12992/13056 [============================>.] - ETA: 0s - loss: 0.8762
- val_loss: 1.5337
- val_all_f1:  0.5206 0.5206 0.5206
- val_exp_f1:  0.8756 0.8756 0.8756
- val_non_f1:  0.2083 0.2083 0.2083

13056/13056 [==============================] - 103s - loss: 0.8761 - val_loss: 1.5337
Epoch 75/1000
12992/13056 [============================>.] - ETA: 0s - loss: 0.8840
- val_loss: 1.5004
- val_all_f1:  0.5341 0.5341 0.5341
- val_exp_f1:  0.8983 0.8983 0.8983
- val_non_f1:  0.2136 0.2136 0.2136

13056/13056 [==============================] - 102s - loss: 0.8853 - val_loss: 1.5004
Epoch 76/1000
12992/13056 [============================>.] - ETA: 0s - loss: 0.8683
- val_loss: 1.4557
- val_all_f1:  0.5618 0.5618 0.5618
- val_exp_f1:  0.9029 0.9029 0.9029
- val_non_f1:  0.2617 0.2617 0.2617

13056/13056 [==============================] - 102s - loss: 0.8691 - val_loss: 1.4557
Epoch 77/1000
12992/13056 [============================>.] - ETA: 0s - loss: 0.8594
- val_loss: 1.6203
- val_all_f1:  0.4979 0.4979 0.4979
- val_exp_f1:  0.8756 0.8756 0.8756
- val_non_f1:  0.1656 0.1656 0.1656

13056/13056 [==============================] - 102s - loss: 0.8602 - val_loss: 1.6203
Epoch 78/1000
12992/13056 [============================>.] - ETA: 0s - loss: 0.8601
- val_loss: 1.4908
- val_all_f1:  0.5369 0.5369 0.5369
- val_exp_f1:  0.8877 0.8877 0.8877
- val_non_f1:  0.2283 0.2283 0.2283

13056/13056 [==============================] - 102s - loss: 0.8590 - val_loss: 1.4908
Epoch 79/1000
12992/13056 [============================>.] - ETA: 0s - loss: 0.8548
- val_loss: 1.4374
- val_all_f1:  0.5646 0.5646 0.5646
- val_exp_f1:  0.9014 0.9014 0.9014
- val_non_f1:  0.2684 0.2684 0.2684

13056/13056 [==============================] - 102s - loss: 0.8556 - val_loss: 1.4374
Epoch 80/1000
12992/13056 [============================>.] - ETA: 0s - loss: 0.8614
- val_loss: 1.4724
- val_all_f1:  0.5582 0.5582 0.5582
- val_exp_f1:  0.8862 0.8862 0.8862
- val_non_f1:  0.2697 0.2697 0.2697

13056/13056 [==============================] - 102s - loss: 0.8614 - val_loss: 1.4724
Epoch 81/1000
12992/13056 [============================>.] - ETA: 0s - loss: 0.8531
- val_loss: 1.5581
- val_all_f1:  0.5284 0.5284 0.5284
- val_exp_f1:  0.8938 0.8938 0.8938
- val_non_f1:  0.2069 0.2069 0.2069

13056/13056 [==============================] - 102s - loss: 0.8542 - val_loss: 1.5581
Epoch 82/1000
12992/13056 [============================>.] - ETA: 0s - loss: 0.8466
- val_loss: 1.4324
- val_all_f1:  0.5682 0.5682 0.5682
- val_exp_f1:  0.9029 0.9029 0.9029
- val_non_f1:  0.2737 0.2737 0.2737

13056/13056 [==============================] - 102s - loss: 0.8466 - val_loss: 1.4324
Epoch 83/1000
12992/13056 [============================>.] - ETA: 0s - loss: 0.8517
- val_loss: 1.4483
- val_all_f1:  0.5597 0.5597 0.5597
- val_exp_f1:  0.8983 0.8983 0.8983
- val_non_f1:  0.2617 0.2617 0.2617

13056/13056 [==============================] - 102s - loss: 0.8512 - val_loss: 1.4483
Epoch 84/1000
12992/13056 [============================>.] - ETA: 0s - loss: 0.8302
- val_loss: 1.5886
- val_all_f1:  0.5256 0.5256 0.5256
- val_exp_f1:  0.9044 0.9044 0.9044
- val_non_f1:  0.1923 0.1923 0.1923

13056/13056 [==============================] - 102s - loss: 0.8306 - val_loss: 1.5886
Epoch 85/1000
12992/13056 [============================>.] - ETA: 0s - loss: 0.8503
- val_loss: 1.4925
- val_all_f1:  0.5526 0.5526 0.5526
- val_exp_f1:  0.9059 0.9059 0.9059
- val_non_f1:  0.2417 0.2417 0.2417

13056/13056 [==============================] - 102s - loss: 0.8503 - val_loss: 1.4925
Epoch 86/1000
12992/13056 [============================>.] - ETA: 0s - loss: 0.8718
- val_loss: 1.4956
- val_all_f1:  0.5547 0.5547 0.5547
- val_exp_f1:  0.8983 0.8983 0.8983
- val_non_f1:  0.2523 0.2523 0.2523

13056/13056 [==============================] - 102s - loss: 0.8726 - val_loss: 1.4956
Epoch 87/1000
12992/13056 [============================>.] - ETA: 0s - loss: 0.8424
- val_loss: 1.4614
- val_all_f1:  0.5533 0.5533 0.5533
- val_exp_f1:  0.9029 0.9029 0.9029
- val_non_f1:  0.2457 0.2457 0.2457

13056/13056 [==============================] - 102s - loss: 0.8421 - val_loss: 1.4614
Epoch 88/1000
12992/13056 [============================>.] - ETA: 0s - loss: 0.8426
- val_loss: 1.4538
- val_all_f1:  0.5518 0.5518 0.5518
- val_exp_f1:  0.9120 0.9120 0.9120
- val_non_f1:  0.2350 0.2350 0.2350

13056/13056 [==============================] - 102s - loss: 0.8424 - val_loss: 1.4538
Epoch 89/1000
12992/13056 [============================>.] - ETA: 0s - loss: 0.8744
- val_loss: 1.5141
- val_all_f1:  0.5320 0.5320 0.5320
- val_exp_f1:  0.9074 0.9074 0.9074
- val_non_f1:  0.2016 0.2016 0.2016

13056/13056 [==============================] - 102s - loss: 0.8742 - val_loss: 1.5141
Epoch 90/1000
12992/13056 [============================>.] - ETA: 0s - loss: 0.8606
- val_loss: 1.5939
- val_all_f1:  0.5014 0.5014 0.5014
- val_exp_f1:  0.8589 0.8589 0.8589
- val_non_f1:  0.1869 0.1869 0.1869

13056/13056 [==============================] - 102s - loss: 0.8601 - val_loss: 1.5939
Epoch 91/1000
12992/13056 [============================>.] - ETA: 0s - loss: 0.8269
- val_loss: 1.4905
- val_all_f1:  0.5341 0.5341 0.5341
- val_exp_f1:  0.8953 0.8953 0.8953
- val_non_f1:  0.2163 0.2163 0.2163

13056/13056 [==============================] - 102s - loss: 0.8270 - val_loss: 1.4905
Epoch 92/1000
12992/13056 [============================>.] - ETA: 0s - loss: 0.8405
- val_loss: 1.4364
- val_all_f1:  0.5852 0.5852 0.5852
- val_exp_f1:  0.8953 0.8953 0.8953
- val_non_f1:  0.3124 0.3124 0.3124

13056/13056 [==============================] - 102s - loss: 0.8397 - val_loss: 1.4364
Epoch 93/1000
12992/13056 [============================>.] - ETA: 0s - loss: 0.8379
- val_loss: 1.5228
- val_all_f1:  0.5298 0.5298 0.5298
- val_exp_f1:  0.8923 0.8923 0.8923
- val_non_f1:  0.2109 0.2109 0.2109

13056/13056 [==============================] - 102s - loss: 0.8380 - val_loss: 1.5228
Epoch 94/1000
12992/13056 [============================>.] - ETA: 0s - loss: 0.8132
- val_loss: 1.4655
- val_all_f1:  0.5554 0.5554 0.5554
- val_exp_f1:  0.8998 0.8998 0.8998
- val_non_f1:  0.2523 0.2523 0.2523

13056/13056 [==============================] - 102s - loss: 0.8132 - val_loss: 1.4655
Epoch 95/1000
12992/13056 [============================>.] - ETA: 0s - loss: 0.8181
- val_loss: 1.4028
- val_all_f1:  0.6051 0.6051 0.6051
- val_exp_f1:  0.9044 0.9044 0.9044
- val_non_f1:  0.3418 0.3418 0.3418

13056/13056 [==============================] - 102s - loss: 0.8183 - val_loss: 1.4028
Epoch 96/1000
12992/13056 [============================>.] - ETA: 0s - loss: 0.8281
- val_loss: 1.4322
- val_all_f1:  0.5874 0.5874 0.5874
- val_exp_f1:  0.9105 0.9105 0.9105
- val_non_f1:  0.3031 0.3031 0.3031

13056/13056 [==============================] - 102s - loss: 0.8283 - val_loss: 1.4322
Epoch 97/1000
12992/13056 [============================>.] - ETA: 0s - loss: 0.8173
- val_loss: 1.4056
- val_all_f1:  0.5923 0.5923 0.5923
- val_exp_f1:  0.9044 0.9044 0.9044
- val_non_f1:  0.3178 0.3178 0.3178

13056/13056 [==============================] - 102s - loss: 0.8182 - val_loss: 1.4056
Epoch 98/1000
12992/13056 [============================>.] - ETA: 0s - loss: 0.8392
- val_loss: 1.4163
- val_all_f1:  0.5803 0.5803 0.5803
- val_exp_f1:  0.8892 0.8892 0.8892
- val_non_f1:  0.3084 0.3084 0.3084

13056/13056 [==============================] - 102s - loss: 0.8388 - val_loss: 1.4163
Epoch 99/1000
12992/13056 [============================>.] - ETA: 0s - loss: 0.8330
- val_loss: 1.4259
- val_all_f1:  0.5668 0.5668 0.5668
- val_exp_f1:  0.9059 0.9059 0.9059
- val_non_f1:  0.2684 0.2684 0.2684

13056/13056 [==============================] - 102s - loss: 0.8330 - val_loss: 1.4259
Epoch 100/1000
12992/13056 [============================>.] - ETA: 0s - loss: 0.8318
- val_loss: 1.4823
- val_all_f1:  0.5490 0.5490 0.5490
- val_exp_f1:  0.8983 0.8983 0.8983
- val_non_f1:  0.2417 0.2417 0.2417

13056/13056 [==============================] - 102s - loss: 0.8320 - val_loss: 1.4823
Epoch 101/1000
12992/13056 [============================>.] - ETA: 0s - loss: 0.7970
- val_loss: 1.4386
- val_all_f1:  0.5746 0.5746 0.5746
- val_exp_f1:  0.8998 0.8998 0.8998
- val_non_f1:  0.2884 0.2884 0.2884

13056/13056 [==============================] - 102s - loss: 0.7963 - val_loss: 1.4386
Epoch 102/1000
12992/13056 [============================>.] - ETA: 0s - loss: 0.8097
- val_loss: 1.5289
- val_all_f1:  0.5526 0.5526 0.5526
- val_exp_f1:  0.9059 0.9059 0.9059
- val_non_f1:  0.2417 0.2417 0.2417

13056/13056 [==============================] - 102s - loss: 0.8080 - val_loss: 1.5289
Epoch 103/1000
12992/13056 [============================>.] - ETA: 0s - loss: 0.7984
- val_loss: 1.4743
- val_all_f1:  0.5632 0.5632 0.5632
- val_exp_f1:  0.9029 0.9029 0.9029
- val_non_f1:  0.2644 0.2644 0.2644

13056/13056 [==============================] - 102s - loss: 0.7979 - val_loss: 1.4743
Epoch 104/1000
12992/13056 [============================>.] - ETA: 0s - loss: 0.7943
- val_loss: 1.5494
- val_all_f1:  0.5313 0.5313 0.5313
- val_exp_f1:  0.8771 0.8771 0.8771
- val_non_f1:  0.2270 0.2270 0.2270

13056/13056 [==============================] - 102s - loss: 0.7968 - val_loss: 1.5494
Epoch 105/1000
12992/13056 [============================>.] - ETA: 0s - loss: 0.8433
- val_loss: 1.5138
- val_all_f1:  0.5412 0.5412 0.5412
- val_exp_f1:  0.8892 0.8892 0.8892
- val_non_f1:  0.2350 0.2350 0.2350

13056/13056 [==============================] - 102s - loss: 0.8428 - val_loss: 1.5138
Epoch 106/1000
12992/13056 [============================>.] - ETA: 0s - loss: 0.8082
- val_loss: 1.5480
- val_all_f1:  0.5384 0.5384 0.5384
- val_exp_f1:  0.9029 0.9029 0.9029
- val_non_f1:  0.2176 0.2176 0.2176

13056/13056 [==============================] - 102s - loss: 0.8074 - val_loss: 1.5480
Epoch 107/1000
12992/13056 [============================>.] - ETA: 0s - loss: 0.8010
- val_loss: 1.4686
- val_all_f1:  0.5575 0.5575 0.5575
- val_exp_f1:  0.9044 0.9044 0.9044
- val_non_f1:  0.2523 0.2523 0.2523

13056/13056 [==============================] - 102s - loss: 0.8017 - val_loss: 1.4686
Epoch 108/1000
12992/13056 [============================>.] - ETA: 0s - loss: 0.8128
- val_loss: 1.4294
- val_all_f1:  0.5845 0.5845 0.5845
- val_exp_f1:  0.9150 0.9150 0.9150
- val_non_f1:  0.2937 0.2937 0.2937

13056/13056 [==============================] - 102s - loss: 0.8115 - val_loss: 1.4294
Epoch 109/1000
12992/13056 [============================>.] - ETA: 0s - loss: 0.7951
- val_loss: 1.5501
- val_all_f1:  0.5369 0.5369 0.5369
- val_exp_f1:  0.9150 0.9150 0.9150
- val_non_f1:  0.2043 0.2043 0.2043

13056/13056 [==============================] - 102s - loss: 0.7954 - val_loss: 1.5501
Epoch 110/1000
12992/13056 [============================>.] - ETA: 0s - loss: 0.7977
- val_loss: 1.4610
- val_all_f1:  0.5696 0.5696 0.5696
- val_exp_f1:  0.9059 0.9059 0.9059
- val_non_f1:  0.2737 0.2737 0.2737

13056/13056 [==============================] - 102s - loss: 0.7956 - val_loss: 1.4610
Epoch 111/1000
12992/13056 [============================>.] - ETA: 0s - loss: 0.7887
- val_loss: 1.5503
- val_all_f1:  0.5277 0.5277 0.5277
- val_exp_f1:  0.8832 0.8832 0.8832
- val_non_f1:  0.2150 0.2150 0.2150

13056/13056 [==============================] - 102s - loss: 0.7869 - val_loss: 1.5503
Epoch 112/1000
12992/13056 [============================>.] - ETA: 0s - loss: 0.7893
- val_loss: 1.6075
- val_all_f1:  0.5142 0.5142 0.5142
- val_exp_f1:  0.9014 0.9014 0.9014
- val_non_f1:  0.1736 0.1736 0.1736

13056/13056 [==============================] - 102s - loss: 0.7896 - val_loss: 1.6075
Epoch 113/1000
12992/13056 [============================>.] - ETA: 0s - loss: 0.7561
- val_loss: 1.4511
- val_all_f1:  0.5625 0.5625 0.5625
- val_exp_f1:  0.8801 0.8801 0.8801
- val_non_f1:  0.2830 0.2830 0.2830

13056/13056 [==============================] - 102s - loss: 0.7559 - val_loss: 1.4511
Epoch 114/1000
12992/13056 [============================>.] - ETA: 0s - loss: 0.7936
- val_loss: 1.5488
- val_all_f1:  0.5369 0.5369 0.5369
- val_exp_f1:  0.8892 0.8892 0.8892
- val_non_f1:  0.2270 0.2270 0.2270

13056/13056 [==============================] - 102s - loss: 0.7930 - val_loss: 1.5488
Epoch 115/1000
12992/13056 [============================>.] - ETA: 0s - loss: 0.8016
- val_loss: 1.4400
- val_all_f1:  0.5838 0.5838 0.5838
- val_exp_f1:  0.8983 0.8983 0.8983
- val_non_f1:  0.3071 0.3071 0.3071

13056/13056 [==============================] - 102s - loss: 0.8005 - val_loss: 1.4400
Epoch 116/1000
12992/13056 [============================>.] - ETA: 0s - loss: 0.8030
- val_loss: 1.5272
- val_all_f1:  0.5646 0.5646 0.5646
- val_exp_f1:  0.8801 0.8801 0.8801
- val_non_f1:  0.2870 0.2870 0.2870

13056/13056 [==============================] - 102s - loss: 0.8031 - val_loss: 1.5272
Epoch 117/1000
12992/13056 [============================>.] - ETA: 0s - loss: 0.8593
- val_loss: 1.4823
- val_all_f1:  0.5547 0.5547 0.5547
- val_exp_f1:  0.9059 0.9059 0.9059
- val_non_f1:  0.2457 0.2457 0.2457

13056/13056 [==============================] - 102s - loss: 0.8580 - val_loss: 1.4823
Epoch 118/1000
12992/13056 [============================>.] - ETA: 0s - loss: 0.8196
- val_loss: 1.6462
- val_all_f1:  0.5000 0.5000 0.5000
- val_exp_f1:  0.8786 0.8786 0.8786
- val_non_f1:  0.1669 0.1669 0.1669

13056/13056 [==============================] - 102s - loss: 0.8192 - val_loss: 1.6462
Epoch 119/1000
12992/13056 [============================>.] - ETA: 0s - loss: 0.8207
- val_loss: 1.4923
- val_all_f1:  0.5547 0.5547 0.5547
- val_exp_f1:  0.8983 0.8983 0.8983
- val_non_f1:  0.2523 0.2523 0.2523

13056/13056 [==============================] - 102s - loss: 0.8225 - val_loss: 1.4923
Epoch 120/1000
12992/13056 [============================>.] - ETA: 0s - loss: 0.7796
- val_loss: 1.4822
- val_all_f1:  0.5504 0.5504 0.5504
- val_exp_f1:  0.8983 0.8983 0.8983
- val_non_f1:  0.2443 0.2443 0.2443

13056/13056 [==============================] - 102s - loss: 0.7786 - val_loss: 1.4822
Epoch 121/1000
12992/13056 [============================>.] - ETA: 0s - loss: 0.8091
- val_loss: 1.4815
- val_all_f1:  0.5561 0.5561 0.5561
- val_exp_f1:  0.8725 0.8725 0.8725
- val_non_f1:  0.2777 0.2777 0.2777

13056/13056 [==============================] - 102s - loss: 0.8090 - val_loss: 1.4815
Epoch 122/1000
12992/13056 [============================>.] - ETA: 0s - loss: 0.7846
- val_loss: 1.4382
- val_all_f1:  0.5874 0.5874 0.5874
- val_exp_f1:  0.8998 0.8998 0.8998
- val_non_f1:  0.3124 0.3124 0.3124

13056/13056 [==============================] - 102s - loss: 0.7863 - val_loss: 1.4382
Epoch 123/1000
12992/13056 [============================>.] - ETA: 0s - loss: 0.8112
- val_loss: 1.6041
- val_all_f1:  0.5206 0.5206 0.5206
- val_exp_f1:  0.8892 0.8892 0.8892
- val_non_f1:  0.1963 0.1963 0.1963

13056/13056 [==============================] - 101s - loss: 0.8105 - val_loss: 1.6041
Epoch 124/1000
12992/13056 [============================>.] - ETA: 0s - loss: 0.7746
- val_loss: 1.5750
- val_all_f1:  0.5263 0.5263 0.5263
- val_exp_f1:  0.8756 0.8756 0.8756
- val_non_f1:  0.2190 0.2190 0.2190

13056/13056 [==============================] - 101s - loss: 0.7752 - val_loss: 1.5750
Epoch 125/1000
12992/13056 [============================>.] - ETA: 0s - loss: 0.7748
- val_loss: 1.6014
- val_all_f1:  0.5249 0.5249 0.5249
- val_exp_f1:  0.8923 0.8923 0.8923
- val_non_f1:  0.2016 0.2016 0.2016

13056/13056 [==============================] - 102s - loss: 0.7741 - val_loss: 1.6014
Epoch 126/1000
12992/13056 [============================>.] - ETA: 0s - loss: 0.7976
- val_loss: 1.4757
- val_all_f1:  0.5575 0.5575 0.5575
- val_exp_f1:  0.8923 0.8923 0.8923
- val_non_f1:  0.2630 0.2630 0.2630

13056/13056 [==============================] - 102s - loss: 0.7979 - val_loss: 1.4757
Epoch 127/1000
12992/13056 [============================>.] - ETA: 0s - loss: 0.7840
- val_loss: 1.5886
- val_all_f1:  0.5178 0.5178 0.5178
- val_exp_f1:  0.8877 0.8877 0.8877
- val_non_f1:  0.1923 0.1923 0.1923

13056/13056 [==============================] - 102s - loss: 0.7828 - val_loss: 1.5886
Epoch 128/1000
12992/13056 [============================>.] - ETA: 0s - loss: 0.7783
- val_loss: 1.4899
- val_all_f1:  0.5575 0.5575 0.5575
- val_exp_f1:  0.8892 0.8892 0.8892
- val_non_f1:  0.2657 0.2657 0.2657

13056/13056 [==============================] - 102s - loss: 0.7782 - val_loss: 1.4899
Epoch 129/1000
12992/13056 [============================>.] - ETA: 0s - loss: 0.7849
- val_loss: 1.5853
- val_all_f1:  0.5185 0.5185 0.5185
- val_exp_f1:  0.8725 0.8725 0.8725
- val_non_f1:  0.2069 0.2069 0.2069

13056/13056 [==============================] - 102s - loss: 0.7853 - val_loss: 1.5853
Epoch 130/1000
12992/13056 [============================>.] - ETA: 0s - loss: 0.7818
- val_loss: 1.5154
- val_all_f1:  0.5504 0.5504 0.5504
- val_exp_f1:  0.8938 0.8938 0.8938
- val_non_f1:  0.2483 0.2483 0.2483

13056/13056 [==============================] - 102s - loss: 0.7812 - val_loss: 1.5154
Epoch 131/1000
12992/13056 [============================>.] - ETA: 0s - loss: 0.7649
- val_loss: 1.5425
- val_all_f1:  0.5426 0.5426 0.5426
- val_exp_f1:  0.9044 0.9044 0.9044
- val_non_f1:  0.2243 0.2243 0.2243

13056/13056 [==============================] - 102s - loss: 0.7646 - val_loss: 1.5425
Epoch 132/1000
12992/13056 [============================>.] - ETA: 0s - loss: 0.7588
- val_loss: 1.4976
- val_all_f1:  0.5518 0.5518 0.5518
- val_exp_f1:  0.9029 0.9029 0.9029
- val_non_f1:  0.2430 0.2430 0.2430

13056/13056 [==============================] - 102s - loss: 0.7596 - val_loss: 1.4976
Epoch 133/1000
12992/13056 [============================>.] - ETA: 0s - loss: 0.7654
- val_loss: 1.4905
- val_all_f1:  0.5661 0.5661 0.5661
- val_exp_f1:  0.8998 0.8998 0.8998
- val_non_f1:  0.2724 0.2724 0.2724

13056/13056 [==============================] - 102s - loss: 0.7660 - val_loss: 1.4905
Epoch 134/1000
12992/13056 [============================>.] - ETA: 0s - loss: 0.7569
- val_loss: 1.5111
- val_all_f1:  0.5568 0.5568 0.5568
- val_exp_f1:  0.8816 0.8816 0.8816
- val_non_f1:  0.2710 0.2710 0.2710

13056/13056 [==============================] - 102s - loss: 0.7571 - val_loss: 1.5111
Epoch 135/1000
12992/13056 [============================>.] - ETA: 0s - loss: 0.7476
- val_loss: 1.6108
- val_all_f1:  0.5099 0.5099 0.5099
- val_exp_f1:  0.8695 0.8695 0.8695
- val_non_f1:  0.1936 0.1936 0.1936

13056/13056 [==============================] - 102s - loss: 0.7469 - val_loss: 1.6108
Epoch 136/1000
12992/13056 [============================>.] - ETA: 0s - loss: 0.7639
- val_loss: 1.5979
- val_all_f1:  0.5185 0.5185 0.5185
- val_exp_f1:  0.8907 0.8907 0.8907
- val_non_f1:  0.1909 0.1909 0.1909

13056/13056 [==============================] - 102s - loss: 0.7633 - val_loss: 1.5979
Epoch 137/1000
12992/13056 [============================>.] - ETA: 0s - loss: 0.7701
- val_loss: 1.5175
- val_all_f1:  0.5355 0.5355 0.5355
- val_exp_f1:  0.8968 0.8968 0.8968
- val_non_f1:  0.2176 0.2176 0.2176

13056/13056 [==============================] - 102s - loss: 0.7696 - val_loss: 1.5175
Epoch 138/1000
12992/13056 [============================>.] - ETA: 0s - loss: 0.7604
- val_loss: 1.7156
- val_all_f1:  0.5014 0.5014 0.5014
- val_exp_f1:  0.8832 0.8832 0.8832
- val_non_f1:  0.1656 0.1656 0.1656

13056/13056 [==============================] - 105s - loss: 0.7599 - val_loss: 1.7156
Epoch 139/1000
12992/13056 [============================>.] - ETA: 0s - loss: 0.7831
- val_loss: 1.5331
- val_all_f1:  0.5376 0.5376 0.5376
- val_exp_f1:  0.8983 0.8983 0.8983
- val_non_f1:  0.2203 0.2203 0.2203

13056/13056 [==============================] - 102s - loss: 0.7820 - val_loss: 1.5331
Epoch 140/1000
12992/13056 [============================>.] - ETA: 0s - loss: 0.7558
- val_loss: 1.5087
- val_all_f1:  0.5703 0.5703 0.5703
- val_exp_f1:  0.9090 0.9090 0.9090
- val_non_f1:  0.2724 0.2724 0.2724

13056/13056 [==============================] - 102s - loss: 0.7561 - val_loss: 1.5087
Epoch 141/1000
12992/13056 [============================>.] - ETA: 0s - loss: 0.7302
- val_loss: 1.6852
- val_all_f1:  0.5099 0.5099 0.5099
- val_exp_f1:  0.8695 0.8695 0.8695
- val_non_f1:  0.1936 0.1936 0.1936

13056/13056 [==============================] - 102s - loss: 0.7296 - val_loss: 1.6852
Epoch 142/1000
12992/13056 [============================>.] - ETA: 0s - loss: 0.7457
- val_loss: 1.6550
- val_all_f1:  0.5192 0.5192 0.5192
- val_exp_f1:  0.8938 0.8938 0.8938
- val_non_f1:  0.1896 0.1896 0.1896

13056/13056 [==============================] - 102s - loss: 0.7454 - val_loss: 1.6550
Epoch 143/1000
12992/13056 [============================>.] - ETA: 0s - loss: 0.7429
- val_loss: 1.5947
- val_all_f1:  0.5348 0.5348 0.5348
- val_exp_f1:  0.8877 0.8877 0.8877
- val_non_f1:  0.2243 0.2243 0.2243

13056/13056 [==============================] - 102s - loss: 0.7437 - val_loss: 1.5947
Epoch 144/1000
12992/13056 [============================>.] - ETA: 0s - loss: 0.7399
- val_loss: 1.5321
- val_all_f1:  0.5604 0.5604 0.5604
- val_exp_f1:  0.8968 0.8968 0.8968
- val_non_f1:  0.2644 0.2644 0.2644

13056/13056 [==============================] - 102s - loss: 0.7408 - val_loss: 1.5321
Epoch 145/1000
12992/13056 [============================>.] - ETA: 0s - loss: 0.7577
- val_loss: 1.5055
- val_all_f1:  0.5589 0.5589 0.5589
- val_exp_f1:  0.9014 0.9014 0.9014
- val_non_f1:  0.2577 0.2577 0.2577

13056/13056 [==============================] - 102s - loss: 0.7569 - val_loss: 1.5055
Epoch 146/1000
12992/13056 [============================>.] - ETA: 0s - loss: 0.7384
- val_loss: 1.5106
- val_all_f1:  0.5547 0.5547 0.5547
- val_exp_f1:  0.8983 0.8983 0.8983
- val_non_f1:  0.2523 0.2523 0.2523

13056/13056 [==============================] - 102s - loss: 0.7382 - val_loss: 1.5106
Epoch 147/1000
12992/13056 [============================>.] - ETA: 0s - loss: 0.7508
- val_loss: 1.5259
- val_all_f1:  0.5455 0.5455 0.5455
- val_exp_f1:  0.8877 0.8877 0.8877
- val_non_f1:  0.2443 0.2443 0.2443

13056/13056 [==============================] - 102s - loss: 0.7498 - val_loss: 1.5259
Epoch 148/1000
12992/13056 [============================>.] - ETA: 0s - loss: 0.7431
- val_loss: 1.4937
- val_all_f1:  0.5661 0.5661 0.5661
- val_exp_f1:  0.9014 0.9014 0.9014
- val_non_f1:  0.2710 0.2710 0.2710

13056/13056 [==============================] - 102s - loss: 0.7455 - val_loss: 1.4937
Epoch 149/1000
12992/13056 [============================>.] - ETA: 0s - loss: 0.7591
- val_loss: 1.6179
- val_all_f1:  0.5313 0.5313 0.5313
- val_exp_f1:  0.8953 0.8953 0.8953
- val_non_f1:  0.2109 0.2109 0.2109

13056/13056 [==============================] - 102s - loss: 0.7597 - val_loss: 1.6179
Epoch 150/1000
12992/13056 [============================>.] - ETA: 0s - loss: 0.7269
- val_loss: 1.5944
- val_all_f1:  0.5369 0.5369 0.5369
- val_exp_f1:  0.8862 0.8862 0.8862
- val_non_f1:  0.2296 0.2296 0.2296

13056/13056 [==============================] - 102s - loss: 0.7283 - val_loss: 1.5944
Epoch 151/1000
12992/13056 [============================>.] - ETA: 0s - loss: 0.7353
- val_loss: 1.6832
- val_all_f1:  0.5064 0.5064 0.5064
- val_exp_f1:  0.8816 0.8816 0.8816
- val_non_f1:  0.1762 0.1762 0.1762

13056/13056 [==============================] - 102s - loss: 0.7357 - val_loss: 1.6832
Epoch 152/1000
12992/13056 [============================>.] - ETA: 0s - loss: 0.7288
- val_loss: 1.6314
- val_all_f1:  0.5213 0.5213 0.5213
- val_exp_f1:  0.8907 0.8907 0.8907
- val_non_f1:  0.1963 0.1963 0.1963

13056/13056 [==============================] - 102s - loss: 0.7278 - val_loss: 1.6314
Epoch 153/1000
12992/13056 [============================>.] - ETA: 0s - loss: 0.7620
- val_loss: 1.6511
- val_all_f1:  0.5142 0.5142 0.5142
- val_exp_f1:  0.8907 0.8907 0.8907
- val_non_f1:  0.1829 0.1829 0.1829

13056/13056 [==============================] - 102s - loss: 0.7629 - val_loss: 1.6511
Epoch 154/1000
12992/13056 [============================>.] - ETA: 0s - loss: 0.7232
- val_loss: 1.5517
- val_all_f1:  0.5504 0.5504 0.5504
- val_exp_f1:  0.8938 0.8938 0.8938
- val_non_f1:  0.2483 0.2483 0.2483

13056/13056 [==============================] - 102s - loss: 0.7232 - val_loss: 1.5517
Epoch 155/1000
12992/13056 [============================>.] - ETA: 0s - loss: 0.7328
- val_loss: 1.5254
- val_all_f1:  0.5661 0.5661 0.5661
- val_exp_f1:  0.8801 0.8801 0.8801
- val_non_f1:  0.2897 0.2897 0.2897

13056/13056 [==============================] - 102s - loss: 0.7332 - val_loss: 1.5254
Epoch 156/1000
12992/13056 [============================>.] - ETA: 0s - loss: 0.7459
- val_loss: 1.5340
- val_all_f1:  0.5611 0.5611 0.5611
- val_exp_f1:  0.8983 0.8983 0.8983
- val_non_f1:  0.2644 0.2644 0.2644

13056/13056 [==============================] - 102s - loss: 0.7451 - val_loss: 1.5340
Epoch 157/1000
12992/13056 [============================>.] - ETA: 0s - loss: 0.7466
- val_loss: 1.5007
- val_all_f1:  0.5739 0.5739 0.5739
- val_exp_f1:  0.9074 0.9074 0.9074
- val_non_f1:  0.2804 0.2804 0.2804

13056/13056 [==============================] - 102s - loss: 0.7478 - val_loss: 1.5007
Epoch 158/1000
12992/13056 [============================>.] - ETA: 0s - loss: 0.7408
- val_loss: 1.5126
- val_all_f1:  0.5661 0.5661 0.5661
- val_exp_f1:  0.9029 0.9029 0.9029
- val_non_f1:  0.2697 0.2697 0.2697

13056/13056 [==============================] - 102s - loss: 0.7395 - val_loss: 1.5126
Epoch 159/1000
12992/13056 [============================>.] - ETA: 0s - loss: 0.7453
- val_loss: 1.4905
- val_all_f1:  0.5739 0.5739 0.5739
- val_exp_f1:  0.8816 0.8816 0.8816
- val_non_f1:  0.3031 0.3031 0.3031

13056/13056 [==============================] - 102s - loss: 0.7466 - val_loss: 1.4905
Epoch 160/1000
12992/13056 [============================>.] - ETA: 0s - loss: 0.7369
- val_loss: 1.7513
- val_all_f1:  0.4986 0.4986 0.4986
- val_exp_f1:  0.8725 0.8725 0.8725
- val_non_f1:  0.1696 0.1696 0.1696

13056/13056 [==============================] - 102s - loss: 0.7375 - val_loss: 1.7513
Epoch 161/1000
12992/13056 [============================>.] - ETA: 0s - loss: 0.7299
- val_loss: 1.5206
- val_all_f1:  0.5646 0.5646 0.5646
- val_exp_f1:  0.8983 0.8983 0.8983
- val_non_f1:  0.2710 0.2710 0.2710

13056/13056 [==============================] - 102s - loss: 0.7303 - val_loss: 1.5206
Epoch 162/1000
12992/13056 [============================>.] - ETA: 0s - loss: 0.7104
- val_loss: 1.6938
- val_all_f1:  0.5114 0.5114 0.5114
- val_exp_f1:  0.8710 0.8710 0.8710
- val_non_f1:  0.1949 0.1949 0.1949

13056/13056 [==============================] - 102s - loss: 0.7107 - val_loss: 1.6938
Epoch 163/1000
12992/13056 [============================>.] - ETA: 0s - loss: 0.7413
- val_loss: 1.5964
- val_all_f1:  0.5447 0.5447 0.5447
- val_exp_f1:  0.8907 0.8907 0.8907
- val_non_f1:  0.2403 0.2403 0.2403

13056/13056 [==============================] - 102s - loss: 0.7405 - val_loss: 1.5964
Epoch 164/1000
12992/13056 [============================>.] - ETA: 0s - loss: 0.7287
- val_loss: 1.5262
- val_all_f1:  0.5668 0.5668 0.5668
- val_exp_f1:  0.8953 0.8953 0.8953
- val_non_f1:  0.2777 0.2777 0.2777

13056/13056 [==============================] - 101s - loss: 0.7306 - val_loss: 1.5262
Epoch 165/1000
12992/13056 [============================>.] - ETA: 0s - loss: 0.7025
- val_loss: 1.5871
- val_all_f1:  0.5582 0.5582 0.5582
- val_exp_f1:  0.8953 0.8953 0.8953
- val_non_f1:  0.2617 0.2617 0.2617

13056/13056 [==============================] - 102s - loss: 0.7020 - val_loss: 1.5871
Epoch 166/1000
12992/13056 [============================>.] - ETA: 0s - loss: 0.7276
- val_loss: 1.6048
- val_all_f1:  0.5440 0.5440 0.5440
- val_exp_f1:  0.9029 0.9029 0.9029
- val_non_f1:  0.2283 0.2283 0.2283

13056/13056 [==============================] - 102s - loss: 0.7263 - val_loss: 1.6048
Epoch 167/1000
12992/13056 [============================>.] - ETA: 0s - loss: 0.7547
- val_loss: 1.7043
- val_all_f1:  0.4957 0.4957 0.4957
- val_exp_f1:  0.8756 0.8756 0.8756
- val_non_f1:  0.1615 0.1615 0.1615

13056/13056 [==============================] - 102s - loss: 0.7548 - val_loss: 1.7043
Epoch 168/1000
12992/13056 [============================>.] - ETA: 0s - loss: 0.7331
- val_loss: 1.6478
- val_all_f1:  0.5178 0.5178 0.5178
- val_exp_f1:  0.8998 0.8998 0.8998
- val_non_f1:  0.1816 0.1816 0.1816

13056/13056 [==============================] - 102s - loss: 0.7344 - val_loss: 1.6478
Epoch 169/1000
12992/13056 [============================>.] - ETA: 0s - loss: 0.7290
- val_loss: 1.5180
- val_all_f1:  0.5696 0.5696 0.5696
- val_exp_f1:  0.8983 0.8983 0.8983
- val_non_f1:  0.2804 0.2804 0.2804

13056/13056 [==============================] - 102s - loss: 0.7295 - val_loss: 1.5180
Epoch 170/1000
12992/13056 [============================>.] - ETA: 0s - loss: 0.7095
- val_loss: 1.5657
- val_all_f1:  0.5675 0.5675 0.5675
- val_exp_f1:  0.8923 0.8923 0.8923
- val_non_f1:  0.2817 0.2817 0.2817

13056/13056 [==============================] - 102s - loss: 0.7086 - val_loss: 1.5657
Epoch 171/1000
12992/13056 [============================>.] - ETA: 0s - loss: 0.7204
- val_loss: 1.6225
- val_all_f1:  0.5433 0.5433 0.5433
- val_exp_f1:  0.8983 0.8983 0.8983
- val_non_f1:  0.2310 0.2310 0.2310

13056/13056 [==============================] - 102s - loss: 0.7203 - val_loss: 1.6225
Epoch 172/1000
12992/13056 [============================>.] - ETA: 0s - loss: 0.7308
- val_loss: 1.8067
- val_all_f1:  0.4759 0.4759 0.4759
- val_exp_f1:  0.8300 0.8300 0.8300
- val_non_f1:  0.1644 0.1642 0.1643

13056/13056 [==============================] - 102s - loss: 0.7304 - val_loss: 1.8067
Epoch 173/1000
12992/13056 [============================>.] - ETA: 0s - loss: 0.7225
- val_loss: 1.7184
- val_all_f1:  0.4993 0.4993 0.4993
- val_exp_f1:  0.8680 0.8680 0.8680
- val_non_f1:  0.1749 0.1749 0.1749

13056/13056 [==============================] - 102s - loss: 0.7242 - val_loss: 1.7184
Epoch 174/1000
12992/13056 [============================>.] - ETA: 0s - loss: 0.7075
- val_loss: 1.6120
- val_all_f1:  0.5391 0.5391 0.5391
- val_exp_f1:  0.8710 0.8710 0.8710
- val_non_f1:  0.2470 0.2470 0.2470

13056/13056 [==============================] - 102s - loss: 0.7056 - val_loss: 1.6120
Epoch 175/1000
12992/13056 [============================>.] - ETA: 0s - loss: 0.7036
- val_loss: 1.5680
- val_all_f1:  0.5561 0.5561 0.5561
- val_exp_f1:  0.9014 0.9014 0.9014
- val_non_f1:  0.2523 0.2523 0.2523

13056/13056 [==============================] - 102s - loss: 0.7050 - val_loss: 1.5680
Epoch 176/1000
12992/13056 [============================>.] - ETA: 0s - loss: 0.7072
- val_loss: 1.6087
- val_all_f1:  0.5447 0.5447 0.5447
- val_exp_f1:  0.8741 0.8741 0.8741
- val_non_f1:  0.2550 0.2550 0.2550

13056/13056 [==============================] - 102s - loss: 0.7053 - val_loss: 1.6087
Epoch 177/1000
12992/13056 [============================>.] - ETA: 0s - loss: 0.7161
- val_loss: 1.7377
- val_all_f1:  0.4957 0.4957 0.4957
- val_exp_f1:  0.8665 0.8665 0.8665
- val_non_f1:  0.1696 0.1696 0.1696

13056/13056 [==============================] - 102s - loss: 0.7167 - val_loss: 1.7377
Epoch 178/1000
12992/13056 [============================>.] - ETA: 0s - loss: 0.7389
- val_loss: 1.5538
- val_all_f1:  0.5483 0.5483 0.5483
- val_exp_f1:  0.8923 0.8923 0.8923
- val_non_f1:  0.2457 0.2457 0.2457

13056/13056 [==============================] - 102s - loss: 0.7394 - val_loss: 1.5538
Epoch 179/1000
12992/13056 [============================>.] - ETA: 0s - loss: 0.7136
- val_loss: 1.5114
- val_all_f1:  0.5661 0.5661 0.5661
- val_exp_f1:  0.8862 0.8862 0.8862
- val_non_f1:  0.2844 0.2844 0.2844

13056/13056 [==============================] - 102s - loss: 0.7144 - val_loss: 1.5114
Epoch 180/1000
12992/13056 [============================>.] - ETA: 0s - loss: 0.7222
- val_loss: 1.6119
- val_all_f1:  0.5263 0.5263 0.5263
- val_exp_f1:  0.8649 0.8649 0.8649
- val_non_f1:  0.2283 0.2283 0.2283

13056/13056 [==============================] - 102s - loss: 0.7223 - val_loss: 1.6119
Epoch 181/1000
12992/13056 [============================>.] - ETA: 0s - loss: 0.6957
- val_loss: 1.6802
- val_all_f1:  0.5220 0.5220 0.5220
- val_exp_f1:  0.8695 0.8695 0.8695
- val_non_f1:  0.2163 0.2163 0.2163

13056/13056 [==============================] - 102s - loss: 0.6960 - val_loss: 1.6802
Epoch 182/1000
12992/13056 [============================>.] - ETA: 0s - loss: 0.6976
- val_loss: 1.6507
- val_all_f1:  0.5270 0.5270 0.5270
- val_exp_f1:  0.8832 0.8832 0.8832
- val_non_f1:  0.2136 0.2136 0.2136

13056/13056 [==============================] - 102s - loss: 0.6969 - val_loss: 1.6507
Epoch 183/1000
12992/13056 [============================>.] - ETA: 0s - loss: 0.6776
- val_loss: 1.8179
- val_all_f1:  0.4737 0.4737 0.4737
- val_exp_f1:  0.8300 0.8300 0.8300
- val_non_f1:  0.1602 0.1602 0.1602

13056/13056 [==============================] - 102s - loss: 0.6771 - val_loss: 1.8179
Epoch 184/1000
12992/13056 [============================>.] - ETA: 0s - loss: 0.7169
- val_loss: 1.5671
- val_all_f1:  0.5696 0.5696 0.5696
- val_exp_f1:  0.8756 0.8756 0.8756
- val_non_f1:  0.3004 0.3004 0.3004

13056/13056 [==============================] - 102s - loss: 0.7178 - val_loss: 1.5671
Epoch 185/1000
12992/13056 [============================>.] - ETA: 0s - loss: 0.7431
- val_loss: 1.7079
- val_all_f1:  0.5170 0.5170 0.5170
- val_exp_f1:  0.7945 0.7921 0.7933
- val_non_f1:  0.2750 0.2750 0.2750

13056/13056 [==============================] - 102s - loss: 0.7421 - val_loss: 1.7079
Epoch 186/1000
12992/13056 [============================>.] - ETA: 0s - loss: 0.7435
- val_loss: 1.6884
- val_all_f1:  0.5476 0.5476 0.5476
- val_exp_f1:  0.8723 0.8710 0.8717
- val_non_f1:  0.2630 0.2630 0.2630

13056/13056 [==============================] - 102s - loss: 0.7443 - val_loss: 1.6884
Epoch 187/1000
12992/13056 [============================>.] - ETA: 0s - loss: 0.7168
- val_loss: 1.6679
- val_all_f1:  0.5241 0.5241 0.5241
- val_exp_f1:  0.8328 0.8316 0.8322
- val_non_f1:  0.2537 0.2537 0.2537

13056/13056 [==============================] - 102s - loss: 0.7179 - val_loss: 1.6679
Epoch 188/1000
12992/13056 [============================>.] - ETA: 0s - loss: 0.7573
- val_loss: 1.7102
- val_all_f1:  0.5085 0.5085 0.5085
- val_exp_f1:  0.8680 0.8680 0.8680
- val_non_f1:  0.1923 0.1923 0.1923

13056/13056 [==============================] - 102s - loss: 0.7568 - val_loss: 1.7102
Epoch 189/1000
12992/13056 [============================>.] - ETA: 0s - loss: 0.7084
- val_loss: 1.5618
- val_all_f1:  0.5632 0.5632 0.5632
- val_exp_f1:  0.8983 0.8983 0.8983
- val_non_f1:  0.2684 0.2684 0.2684

13056/13056 [==============================] - 102s - loss: 0.7081 - val_loss: 1.5618
Epoch 190/1000
12992/13056 [============================>.] - ETA: 0s - loss: 0.6957
- val_loss: 1.6429
- val_all_f1:  0.5305 0.5305 0.5305
- val_exp_f1:  0.8892 0.8892 0.8892
- val_non_f1:  0.2150 0.2150 0.2150

13056/13056 [==============================] - 102s - loss: 0.6966 - val_loss: 1.6429
Epoch 191/1000
12992/13056 [============================>.] - ETA: 0s - loss: 0.7009
- val_loss: 1.6244
- val_all_f1:  0.5355 0.5355 0.5355
- val_exp_f1:  0.8574 0.8574 0.8574
- val_non_f1:  0.2523 0.2523 0.2523

13056/13056 [==============================] - 102s - loss: 0.7005 - val_loss: 1.6244
Epoch 192/1000
12992/13056 [============================>.] - ETA: 0s - loss: 0.6944
- val_loss: 1.6421
- val_all_f1:  0.5405 0.5405 0.5405
- val_exp_f1:  0.8953 0.8953 0.8953
- val_non_f1:  0.2283 0.2283 0.2283

13056/13056 [==============================] - 102s - loss: 0.6955 - val_loss: 1.6421
Epoch 193/1000
12992/13056 [============================>.] - ETA: 0s - loss: 0.6680
- val_loss: 1.8698
- val_all_f1:  0.4858 0.4858 0.4858
- val_exp_f1:  0.8528 0.8528 0.8528
- val_non_f1:  0.1629 0.1629 0.1629

13056/13056 [==============================] - 102s - loss: 0.6674 - val_loss: 1.8698
Epoch 194/1000
12992/13056 [============================>.] - ETA: 0s - loss: 0.7039
- val_loss: 1.5667
- val_all_f1:  0.5653 0.5653 0.5653
- val_exp_f1:  0.8953 0.8953 0.8953
- val_non_f1:  0.2750 0.2750 0.2750

13056/13056 [==============================] - 102s - loss: 0.7050 - val_loss: 1.5667
Epoch 195/1000
12992/13056 [============================>.] - ETA: 0s - loss: 0.6953
- val_loss: 1.5453
- val_all_f1:  0.5668 0.5668 0.5668
- val_exp_f1:  0.8923 0.8923 0.8923
- val_non_f1:  0.2804 0.2804 0.2804

13056/13056 [==============================] - 102s - loss: 0.6938 - val_loss: 1.5453
Epoch 196/1000
12992/13056 [============================>.] - ETA: 0s - loss: 0.7072
- val_loss: 1.7753
- val_all_f1:  0.4950 0.4950 0.4950
- val_exp_f1:  0.8528 0.8528 0.8528
- val_non_f1:  0.1802 0.1802 0.1802

13056/13056 [==============================] - 102s - loss: 0.7076 - val_loss: 1.7753
[2019-04-16 14:01] training finished (ex/conll16st-v35-en-fd-4-rn-4-0)
[2019-04-16 14:01] best_val_loss: 94 - loss: 0.8183 - val_loss: 1.4028 - val_all_f1: 0.6051 - val_exp_f1: 0.9044 - val_non_f1: 0.3418
[2019-04-16 14:01] best_val_all_f1: 94 - loss: 0.8183 - val_loss: 1.4028 - val_all_f1: 0.6051 - val_exp_f1: 0.9044 - val_non_f1: 0.3418
[2019-04-16 14:01] time: loaded: 171.9181 - prepared: 316.8849 - trained: 20071.3327 - epoch: 1024.0476 - epoch_cnt: 19.6000 - epoch_samples: 130560.0000
