[2019-03-07 09:39] configuration (ex/conll16st-v35dimx05-zhch/blind)
[2019-03-07 09:39]   config 'arg1_len': 900
[2019-03-07 09:39]   config 'arg2_len': 900
[2019-03-07 09:39]   config 'backend': theano
[2019-03-07 09:39]   config 'backend_theano': device=cpu
[2019-03-07 09:39]   config 'batch_size': 64
[2019-03-07 09:39]   config 'conn_len': 20
[2019-03-07 09:39]   config 'dataset_dir': data/conll16st-zh-04-27-2016-blind-test
[2019-03-07 09:39]   config 'filter_fn_name': None
[2019-03-07 09:39]   config 'input_size': None
[2019-03-07 09:39]   config 'lang': zh
[2019-03-07 09:39]   config 'mode': char
[2019-03-07 09:39]   config 'model_dir': ex/conll16st-v35dimx05-zhch
[2019-03-07 09:39]   config 'normalization_mode': sample_aspect
[2019-03-07 09:39]   config 'output_dir': ex/conll16st-v35dimx05-zhch/blind
[2019-03-07 09:39]   config 'punc_len': 2
[2019-03-07 09:39]   config 'rest': ['--words_dim=10', '--rnn_dim=10', '--final_dim=40']
[2019-03-07 09:39]   config 'snapshot_size': 2048
[2019-03-07 09:39] load dataset for prediction (data/conll16st-zh-04-27-2016-blind-test)
[2019-03-07 09:39]   lang: zh, rel_ids: 2101
[2019-03-07 09:39] load previous indexes (ex/conll16st-v35dimx05-zhch/indexes.pkl)
[2019-03-07 09:39]   words2id: 2859, target2id: 12
[2019-03-07 09:39] load model (ex/conll16st-v35dimx05-zhch)
[2019-03-07 09:39] load previous weights (ex/conll16st-v35dimx05-zhch/weights_val_all_f1.hdf5)
[2019-03-07 09:39] make predictions
[2019-03-07 09:41] save predictions (ex/conll16st-v35dimx05-zhch/blind/output.json)
[2019-03-07 09:41] save predictions (ex/conll16st-v35dimx05-zhch/blind/output_proba.json)
[2019-03-07 09:41] peek into filtering weights (ex/conll16st-v35dimx05-zhch/blind/peek.html)
[2019-03-07 09:48] finished (ex/conll16st-v35dimx05-zhch/blind)
[2019-03-07 09:48] time: loaded: 0.4318 - prepared: 4.3231 - predicted: 149.6912
