[2019-03-15 18:15] configuration (ex/conll16st-v35nopartial-en/blind)
[2019-03-15 18:15]   config 'arg1_len': 100
[2019-03-15 18:15]   config 'arg2_len': 100
[2019-03-15 18:15]   config 'backend': theano
[2019-03-15 18:15]   config 'backend_theano': 'device=cpu'
[2019-03-15 18:15]   config 'batch_size': 64
[2019-03-15 18:15]   config 'conn_len': 10
[2019-03-15 18:15]   config 'dataset_dir': data/conll15st-en-03-29-16-blind-test
[2019-03-15 18:15]   config 'filter_fn_name': None
[2019-03-15 18:15]   config 'input_size': None
[2019-03-15 18:15]   config 'lang': en
[2019-03-15 18:15]   config 'mode': word
[2019-03-15 18:15]   config 'model_dir': ex/conll16st-v35nopartial-en
[2019-03-15 18:15]   config 'normalization_mode': sample_aspect
[2019-03-15 18:15]   config 'output_dir': ex/conll16st-v35nopartial-en/blind
[2019-03-15 18:15]   config 'punc_len': 0
[2019-03-15 18:15]   config 'rest': ['--filter_dim=8', '--rnn_num=8']
[2019-03-15 18:15]   config 'snapshot_size': 2048
[2019-03-15 18:15] load dataset for prediction (data/conll15st-en-03-29-16-blind-test)
[2019-03-15 18:15]   lang: en, doc_ids: 71, words: 34621, rel_ids: 1209, relation tokens: 44203
[2019-03-15 18:15] load previous indexes (ex/conll16st-v35nopartial-en/indexes.pkl)
[2019-03-15 18:15]   words2id: 43918, target2id: 17
[2019-03-15 18:15] load model (ex/conll16st-v35nopartial-en)
[2019-03-15 18:15] load previous weights (ex/conll16st-v35nopartial-en/weights_val_all_f1.hdf5)
[2019-03-15 18:15] make predictions
[2019-03-15 18:15] save predictions (ex/conll16st-v35nopartial-en/blind/output.json)
[2019-03-15 18:15] save predictions (ex/conll16st-v35nopartial-en/blind/output_proba.json)
[2019-03-15 18:15] peek into filtering weights (ex/conll16st-v35nopartial-en/blind/peek.html)
[2019-03-15 18:16] finished (ex/conll16st-v35nopartial-en/blind)
[2019-03-15 18:16] time: loaded: 11.2407 - prepared: 3.2327 - predicted: 40.7511
