[2019-03-08 10:16] configuration (ex/conll16st-v35nodropout-en)
[2019-03-08 10:16]   config 'arg1_len': 100
[2019-03-08 10:16]   config 'arg2_len': 100
[2019-03-08 10:16]   config 'backend': theano
[2019-03-08 10:16]   config 'backend_theano': device=cpu
[2019-03-08 10:16]   config 'batch_size': 64
[2019-03-08 10:16]   config 'conn_len': 10
[2019-03-08 10:16]   config 'continue_': False
[2019-03-08 10:16]   config 'curriculum_end': 0.0
[2019-03-08 10:16]   config 'epochs': 1000
[2019-03-08 10:16]   config 'epochs_patience': 100
[2019-03-08 10:16]   config 'epochs_ratio': 0.1
[2019-03-08 10:16]   config 'filter_act': sigmoid
[2019-03-08 10:16]   config 'filter_append_act': linear
[2019-03-08 10:16]   config 'filter_append_batchnorm': False
[2019-03-08 10:16]   config 'filter_append_dim': 0
[2019-03-08 10:16]   config 'filter_append_dropout': 0.0
[2019-03-08 10:16]   config 'filter_apply': mul
[2019-03-08 10:16]   config 'filter_dim': 8
[2019-03-08 10:16]   config 'filter_dropout_U': 0.0
[2019-03-08 10:16]   config 'filter_dropout_W': 0.0
[2019-03-08 10:16]   config 'filter_fn_name': None
[2019-03-08 10:16]   config 'filter_shared': global
[2019-03-08 10:16]   config 'filter_type': lstm-fb
[2019-03-08 10:16]   config 'filter_zoneout_c': 0.0
[2019-03-08 10:16]   config 'filter_zoneout_h': 0.0
[2019-03-08 10:16]   config 'final_act': SReLU
[2019-03-08 10:16]   config 'final_dim': 80
[2019-03-08 10:16]   config 'final_dropout': 0.0
[2019-03-08 10:16]   config 'input_size': None
[2019-03-08 10:16]   config 'lang': en
[2019-03-08 10:16]   config 'masking': True
[2019-03-08 10:16]   config 'mode': word
[2019-03-08 10:16]   config 'model_dir': ex/conll16st-v35nodropout-en
[2019-03-08 10:16]   config 'optimizer': adam
[2019-03-08 10:16]   config 'original_positives': 0
[2019-03-08 10:16]   config 'punc_len': 0
[2019-03-08 10:16]   config 'random_negatives': 2
[2019-03-08 10:16]   config 'random_positives': 2
[2019-03-08 10:16]   config 'random_proba_1': 0.1
[2019-03-08 10:16]   config 'random_proba_2': 0.1
[2019-03-08 10:16]   config 'random_proba_3': 0.9
[2019-03-08 10:16]   config 'rnn_act': tanh
[2019-03-08 10:16]   config 'rnn_dim': 20
[2019-03-08 10:16]   config 'rnn_dropout_U': 0.0
[2019-03-08 10:16]   config 'rnn_dropout_W': 0.0
[2019-03-08 10:16]   config 'rnn_dropout_merge': 0.0
[2019-03-08 10:16]   config 'rnn_merge': concat
[2019-03-08 10:16]   config 'rnn_num': 8
[2019-03-08 10:16]   config 'rnn_shared': aspect
[2019-03-08 10:16]   config 'rnn_type': lstm-fwd
[2019-03-08 10:16]   config 'rnn_zoneout_c': 0.0
[2019-03-08 10:16]   config 'rnn_zoneout_h': 0.0
[2019-03-08 10:16]   config 'snapshot_size': 2048
[2019-03-08 10:16]   config 'train_dir': data/conll16st-en-03-29-16-train
[2019-03-08 10:16]   config 'valid_dir': data/conll16st-en-03-29-16-dev
[2019-03-08 10:16]   config 'words2vec_bin': None
[2019-03-08 10:16]   config 'words2vec_txt': None
[2019-03-08 10:16]   config 'words_crop': None
[2019-03-08 10:16]   config 'words_dim': 20
[2019-03-08 10:16]   config 'words_dropout': 0.0
[2019-03-08 10:16]   config 'words_shared': global
[2019-03-08 10:16]   config 'words_trainable': True
[2019-03-08 10:16] load dataset for training (data/conll16st-en-03-29-16-train)
[2019-03-08 10:22]   lang: en, doc_ids: 1756, words: 933049, rel_ids: 32535, relation tokens: 1159204
[2019-03-08 10:22] load dataset for validation (data/conll16st-en-03-29-16-dev)
[2019-03-08 10:22]   lang: en, doc_ids: 79, words: 39712, rel_ids: 1436, relation tokens: 48882
[2019-03-08 10:22] build indexes from training
[2019-03-08 10:22]   words2id: 43918, target2id: 23
[2019-03-08 10:22] target class distribution from training
[2019-03-08 10:22]   class 0 = 'None': None
[2019-03-08 10:22]   class 1 = '': None
[2019-03-08 10:22]   class 2 = 'Expansion.Conjunction': 7817
[2019-03-08 10:22]   class 3 = 'Comparison.Contrast': 4714
[2019-03-08 10:22]   class 4 = 'EntRel': 4133
[2019-03-08 10:22]   class 5 = 'Contingency.Cause.Reason': 3344
[2019-03-08 10:22]   class 6 = 'Expansion.Restatement': 2699
[2019-03-08 10:22]   class 7 = 'Contingency.Cause.Result': 2137
[2019-03-08 10:22]   class 8 = 'Temporal.Synchrony': 1499
[2019-03-08 10:22]   class 9 = 'Expansion.Instantiation': 1403
[2019-03-08 10:22]   class 10 = 'Comparison.Concession': 1293
[2019-03-08 10:22]   class 11 = 'Temporal.Asynchronous.Precedence': 1277
[2019-03-08 10:22]   class 12 = 'Contingency.Condition': 1197
[2019-03-08 10:22]   class 13 = 'Temporal.Asynchronous.Succession': 1014
[2019-03-08 10:22]   class 14 = 'Comparison': 992
[2019-03-08 10:22]   class 15 = 'Expansion': 630
[2019-03-08 10:22]   class 16 = 'Expansion.Alternative.Chosen alternative': 241
[2019-03-08 10:22]   class 17 = 'Expansion.Alternative': 210
[2019-03-08 10:22]   class 18 = 'Temporal': 27
[2019-03-08 10:22]   class 19 = 'Contingency': 24
[2019-03-08 10:22]   class 20 = 'Expansion.Exception': 15
[2019-03-08 10:22]   class 21 = 'Temporal.Asynchronous': 6
[2019-03-08 10:22]   class 22 = 'Contingency.Cause': 2
[2019-03-08 10:22] build model
____________________________________________________________________________________________________
Layer (type)                     Output Shape          Param #     Connected to                     
====================================================================================================
arg1_ids (InputLayer)            (None, 100)           0                                            
____________________________________________________________________________________________________
arg2_ids (InputLayer)            (None, 100)           0                                            
____________________________________________________________________________________________________
conn_ids (InputLayer)            (None, 10)            0                                            
____________________________________________________________________________________________________
embedding_1 (Embedding)          multiple              878360      arg1_ids[0][0]                   
                                                                   arg2_ids[0][0]                   
                                                                   conn_ids[0][0]                   
____________________________________________________________________________________________________
shareablelstm_1 (ShareableLSTM)  multiple              928         embedding_1[0][0]                
                                                                   embedding_1[1][0]                
                                                                   embedding_1[2][0]                
____________________________________________________________________________________________________
shareablelstm_2 (ShareableLSTM)  multiple              928         embedding_1[0][0]                
                                                                   embedding_1[1][0]                
                                                                   embedding_1[2][0]                
____________________________________________________________________________________________________
merge_1 (Merge)                  (None, 100, 8)        0           shareablelstm_1[0][0]            
                                                                   shareablelstm_2[0][0]            
____________________________________________________________________________________________________
merge_11 (Merge)                 (None, 100, 8)        0           shareablelstm_1[1][0]            
                                                                   shareablelstm_2[1][0]            
____________________________________________________________________________________________________
merge_21 (Merge)                 (None, 10, 8)         0           shareablelstm_1[2][0]            
                                                                   shareablelstm_2[2][0]            
____________________________________________________________________________________________________
arg1_filters (Activation)        (None, 100, 8)        0           merge_1[0][0]                    
____________________________________________________________________________________________________
arg2_filters (Activation)        (None, 100, 8)        0           merge_11[0][0]                   
____________________________________________________________________________________________________
conn_filters (Activation)        (None, 10, 8)         0           merge_21[0][0]                   
____________________________________________________________________________________________________
merge_2 (Merge)                  (None, 100, 20)       0           embedding_1[0][0]                
                                                                   arg1_filters[0][0]               
____________________________________________________________________________________________________
merge_3 (Merge)                  (None, 100, 20)       0           embedding_1[0][0]                
                                                                   arg1_filters[0][0]               
____________________________________________________________________________________________________
merge_4 (Merge)                  (None, 100, 20)       0           embedding_1[0][0]                
                                                                   arg1_filters[0][0]               
____________________________________________________________________________________________________
merge_5 (Merge)                  (None, 100, 20)       0           embedding_1[0][0]                
                                                                   arg1_filters[0][0]               
____________________________________________________________________________________________________
merge_6 (Merge)                  (None, 100, 20)       0           embedding_1[0][0]                
                                                                   arg1_filters[0][0]               
____________________________________________________________________________________________________
merge_7 (Merge)                  (None, 100, 20)       0           embedding_1[0][0]                
                                                                   arg1_filters[0][0]               
____________________________________________________________________________________________________
merge_8 (Merge)                  (None, 100, 20)       0           embedding_1[0][0]                
                                                                   arg1_filters[0][0]               
____________________________________________________________________________________________________
merge_9 (Merge)                  (None, 100, 20)       0           embedding_1[0][0]                
                                                                   arg1_filters[0][0]               
____________________________________________________________________________________________________
merge_12 (Merge)                 (None, 100, 20)       0           embedding_1[1][0]                
                                                                   arg2_filters[0][0]               
____________________________________________________________________________________________________
merge_13 (Merge)                 (None, 100, 20)       0           embedding_1[1][0]                
                                                                   arg2_filters[0][0]               
____________________________________________________________________________________________________
merge_14 (Merge)                 (None, 100, 20)       0           embedding_1[1][0]                
                                                                   arg2_filters[0][0]               
____________________________________________________________________________________________________
merge_15 (Merge)                 (None, 100, 20)       0           embedding_1[1][0]                
                                                                   arg2_filters[0][0]               
____________________________________________________________________________________________________
merge_16 (Merge)                 (None, 100, 20)       0           embedding_1[1][0]                
                                                                   arg2_filters[0][0]               
____________________________________________________________________________________________________
merge_17 (Merge)                 (None, 100, 20)       0           embedding_1[1][0]                
                                                                   arg2_filters[0][0]               
____________________________________________________________________________________________________
merge_18 (Merge)                 (None, 100, 20)       0           embedding_1[1][0]                
                                                                   arg2_filters[0][0]               
____________________________________________________________________________________________________
merge_19 (Merge)                 (None, 100, 20)       0           embedding_1[1][0]                
                                                                   arg2_filters[0][0]               
____________________________________________________________________________________________________
merge_22 (Merge)                 (None, 10, 20)        0           embedding_1[2][0]                
                                                                   conn_filters[0][0]               
____________________________________________________________________________________________________
merge_23 (Merge)                 (None, 10, 20)        0           embedding_1[2][0]                
                                                                   conn_filters[0][0]               
____________________________________________________________________________________________________
merge_24 (Merge)                 (None, 10, 20)        0           embedding_1[2][0]                
                                                                   conn_filters[0][0]               
____________________________________________________________________________________________________
merge_25 (Merge)                 (None, 10, 20)        0           embedding_1[2][0]                
                                                                   conn_filters[0][0]               
____________________________________________________________________________________________________
merge_26 (Merge)                 (None, 10, 20)        0           embedding_1[2][0]                
                                                                   conn_filters[0][0]               
____________________________________________________________________________________________________
merge_27 (Merge)                 (None, 10, 20)        0           embedding_1[2][0]                
                                                                   conn_filters[0][0]               
____________________________________________________________________________________________________
merge_28 (Merge)                 (None, 10, 20)        0           embedding_1[2][0]                
                                                                   conn_filters[0][0]               
____________________________________________________________________________________________________
merge_29 (Merge)                 (None, 10, 20)        0           embedding_1[2][0]                
                                                                   conn_filters[0][0]               
____________________________________________________________________________________________________
shareablelstm_3 (ShareableLSTM)  (None, 20)            3280        merge_2[0][0]                    
                                                                   merge_12[0][0]                   
                                                                   merge_22[0][0]                   
____________________________________________________________________________________________________
shareablelstm_5 (ShareableLSTM)  (None, 20)            3280        merge_3[0][0]                    
                                                                   merge_13[0][0]                   
                                                                   merge_23[0][0]                   
____________________________________________________________________________________________________
shareablelstm_7 (ShareableLSTM)  (None, 20)            3280        merge_4[0][0]                    
                                                                   merge_14[0][0]                   
                                                                   merge_24[0][0]                   
____________________________________________________________________________________________________
shareablelstm_9 (ShareableLSTM)  (None, 20)            3280        merge_5[0][0]                    
                                                                   merge_15[0][0]                   
                                                                   merge_25[0][0]                   
____________________________________________________________________________________________________
shareablelstm_11 (ShareableLSTM) (None, 20)            3280        merge_6[0][0]                    
                                                                   merge_16[0][0]                   
                                                                   merge_26[0][0]                   
____________________________________________________________________________________________________
shareablelstm_13 (ShareableLSTM) (None, 20)            3280        merge_7[0][0]                    
                                                                   merge_17[0][0]                   
                                                                   merge_27[0][0]                   
____________________________________________________________________________________________________
shareablelstm_15 (ShareableLSTM) (None, 20)            3280        merge_8[0][0]                    
                                                                   merge_18[0][0]                   
                                                                   merge_28[0][0]                   
____________________________________________________________________________________________________
shareablelstm_17 (ShareableLSTM) (None, 20)            3280        merge_9[0][0]                    
                                                                   merge_19[0][0]                   
                                                                   merge_29[0][0]                   
____________________________________________________________________________________________________
merge_10 (Merge)                 (None, 160)           0           shareablelstm_3[0][0]            
                                                                   shareablelstm_5[0][0]            
                                                                   shareablelstm_7[0][0]            
                                                                   shareablelstm_9[0][0]            
                                                                   shareablelstm_11[0][0]           
                                                                   shareablelstm_13[0][0]           
                                                                   shareablelstm_15[0][0]           
                                                                   shareablelstm_17[0][0]           
____________________________________________________________________________________________________
merge_20 (Merge)                 (None, 160)           0           shareablelstm_3[1][0]            
                                                                   shareablelstm_5[1][0]            
                                                                   shareablelstm_7[1][0]            
                                                                   shareablelstm_9[1][0]            
                                                                   shareablelstm_11[1][0]           
                                                                   shareablelstm_13[1][0]           
                                                                   shareablelstm_15[1][0]           
                                                                   shareablelstm_17[1][0]           
____________________________________________________________________________________________________
merge_30 (Merge)                 (None, 160)           0           shareablelstm_3[2][0]            
                                                                   shareablelstm_5[2][0]            
                                                                   shareablelstm_7[2][0]            
                                                                   shareablelstm_9[2][0]            
                                                                   shareablelstm_11[2][0]           
                                                                   shareablelstm_13[2][0]           
                                                                   shareablelstm_15[2][0]           
                                                                   shareablelstm_17[2][0]           
____________________________________________________________________________________________________
dropout_1 (Dropout)              (None, 160)           0           merge_10[0][0]                   
____________________________________________________________________________________________________
dropout_2 (Dropout)              (None, 160)           0           merge_20[0][0]                   
____________________________________________________________________________________________________
dropout_3 (Dropout)              (None, 160)           0           merge_30[0][0]                   
____________________________________________________________________________________________________
merge_31 (Merge)                 (None, 480)           0           dropout_1[0][0]                  
                                                                   dropout_2[0][0]                  
                                                                   dropout_3[0][0]                  
____________________________________________________________________________________________________
dense_1 (Dense)                  (None, 80)            38480       merge_31[0][0]                   
____________________________________________________________________________________________________
srelu_1 (SReLU)                  (None, 80)            320         dense_1[0][0]                    
____________________________________________________________________________________________________
dropout_4 (Dropout)              (None, 80)            0           srelu_1[0][0]                    
____________________________________________________________________________________________________
dense_2 (Dense)                  (None, 23)            1863        dropout_4[0][0]                  
____________________________________________________________________________________________________
target (Activation)              (None, 23)            0           dense_2[0][0]                    
====================================================================================================
Total params: 947,119
Trainable params: 947,119
Non-trainable params: 0
____________________________________________________________________________________________________
[2019-03-08 10:35] initialize weights
[2019-03-08 10:35] training preparation
[2019-03-08 10:35] train model (ex/conll16st-v35nodropout-en)
Epoch 1/1000
12992/13056 [============================>.] - ETA: 1s - loss: 1.9730
- val_loss: 2.6651
- val_all_f1:  0.2145 0.2145 0.2145
- val_exp_f1:  0.2807 0.2807 0.2807
- val_non_f1:  0.1562 0.1562 0.1562

13056/13056 [==============================] - 273s - loss: 1.9706 - val_loss: 2.6651
Epoch 2/1000
12992/13056 [============================>.] - ETA: 1s - loss: 1.1842
- val_loss: 2.0821
- val_all_f1:  0.4226 0.4226 0.4226
- val_exp_f1:  0.5918 0.5918 0.5918
- val_non_f1:  0.2737 0.2737 0.2737

13056/13056 [==============================] - 278s - loss: 1.1832 - val_loss: 2.0821
Epoch 3/1000
12992/13056 [============================>.] - ETA: 1s - loss: 0.9966
- val_loss: 1.8449
- val_all_f1:  0.4673 0.4673 0.4673
- val_exp_f1:  0.7097 0.7086 0.7092
- val_non_f1:  0.2550 0.2550 0.2550

13056/13056 [==============================] - 285s - loss: 0.9964 - val_loss: 1.8449
Epoch 4/1000
12992/13056 [============================>.] - ETA: 1s - loss: 0.9377
- val_loss: 1.7920
- val_all_f1:  0.4339 0.4339 0.4339
- val_exp_f1:  0.6889 0.6889 0.6889
- val_non_f1:  0.2096 0.2096 0.2096

13056/13056 [==============================] - 280s - loss: 0.9374 - val_loss: 1.7920
Epoch 5/1000
12992/13056 [============================>.] - ETA: 1s - loss: 0.9038
- val_loss: 1.7674
- val_all_f1:  0.4545 0.4545 0.4545
- val_exp_f1:  0.7344 0.7344 0.7344
- val_non_f1:  0.2083 0.2083 0.2083

13056/13056 [==============================] - 282s - loss: 0.9029 - val_loss: 1.7674
Epoch 6/1000
12992/13056 [============================>.] - ETA: 1s - loss: 0.8598
- val_loss: 1.6333
- val_all_f1:  0.5412 0.5412 0.5412
- val_exp_f1:  0.8040 0.8027 0.8033
- val_non_f1:  0.3111 0.3111 0.3111

13056/13056 [==============================] - 282s - loss: 0.8608 - val_loss: 1.6333
Epoch 7/1000
12992/13056 [============================>.] - ETA: 1s - loss: 0.8388
- val_loss: 1.5615
- val_all_f1:  0.5284 0.5284 0.5284
- val_exp_f1:  0.8558 0.8558 0.8558
- val_non_f1:  0.2403 0.2403 0.2403

13056/13056 [==============================] - 278s - loss: 0.8383 - val_loss: 1.5615
Epoch 8/1000
12992/13056 [============================>.] - ETA: 1s - loss: 0.8266
- val_loss: 1.6192
- val_all_f1:  0.4936 0.4936 0.4936
- val_exp_f1:  0.8361 0.8361 0.8361
- val_non_f1:  0.1923 0.1923 0.1923

13056/13056 [==============================] - 285s - loss: 0.8270 - val_loss: 1.6192
Epoch 9/1000
12992/13056 [============================>.] - ETA: 1s - loss: 0.8110
- val_loss: 1.5863
- val_all_f1:  0.5263 0.5263 0.5263
- val_exp_f1:  0.8498 0.8498 0.8498
- val_non_f1:  0.2417 0.2417 0.2417

13056/13056 [==============================] - 282s - loss: 0.8107 - val_loss: 1.5863
Epoch 10/1000
12992/13056 [============================>.] - ETA: 1s - loss: 0.7959
- val_loss: 1.5406
- val_all_f1:  0.5497 0.5497 0.5497
- val_exp_f1:  0.8680 0.8680 0.8680
- val_non_f1:  0.2697 0.2697 0.2697

13056/13056 [==============================] - 280s - loss: 0.7953 - val_loss: 1.5406
Epoch 11/1000
12992/13056 [============================>.] - ETA: 1s - loss: 0.7512
- val_loss: 1.5141
- val_all_f1:  0.5703 0.5703 0.5703
- val_exp_f1:  0.8847 0.8847 0.8847
- val_non_f1:  0.2937 0.2937 0.2937

13056/13056 [==============================] - 277s - loss: 0.7521 - val_loss: 1.5141
Epoch 12/1000
12992/13056 [============================>.] - ETA: 1s - loss: 0.7772
- val_loss: 1.4846
- val_all_f1:  0.5767 0.5767 0.5767
- val_exp_f1:  0.8877 0.8877 0.8877
- val_non_f1:  0.3031 0.3031 0.3031

13056/13056 [==============================] - 278s - loss: 0.7772 - val_loss: 1.4846
Epoch 13/1000
12992/13056 [============================>.] - ETA: 1s - loss: 0.7700
- val_loss: 1.5308
- val_all_f1:  0.5398 0.5398 0.5398
- val_exp_f1:  0.8346 0.8346 0.8346
- val_non_f1:  0.2804 0.2804 0.2804

13056/13056 [==============================] - 280s - loss: 0.7698 - val_loss: 1.5308
Epoch 14/1000
12992/13056 [============================>.] - ETA: 1s - loss: 0.7771
- val_loss: 1.5284
- val_all_f1:  0.5526 0.5526 0.5526
- val_exp_f1:  0.8680 0.8680 0.8680
- val_non_f1:  0.2750 0.2750 0.2750

13056/13056 [==============================] - 280s - loss: 0.7761 - val_loss: 1.5284
Epoch 15/1000
12992/13056 [============================>.] - ETA: 1s - loss: 0.7412
- val_loss: 1.4983
- val_all_f1:  0.5533 0.5533 0.5533
- val_exp_f1:  0.8862 0.8862 0.8862
- val_non_f1:  0.2603 0.2603 0.2603

13056/13056 [==============================] - 278s - loss: 0.7414 - val_loss: 1.4983
Epoch 16/1000
12992/13056 [============================>.] - ETA: 1s - loss: 0.7597
- val_loss: 1.5175
- val_all_f1:  0.5476 0.5476 0.5476
- val_exp_f1:  0.8331 0.8331 0.8331
- val_non_f1:  0.2964 0.2964 0.2964

13056/13056 [==============================] - 279s - loss: 0.7591 - val_loss: 1.5175
Epoch 17/1000
12992/13056 [============================>.] - ETA: 1s - loss: 0.7521
- val_loss: 1.4676
- val_all_f1:  0.5689 0.5689 0.5689
- val_exp_f1:  0.8649 0.8649 0.8649
- val_non_f1:  0.3084 0.3084 0.3084

13056/13056 [==============================] - 288s - loss: 0.7515 - val_loss: 1.4676
Epoch 18/1000
12992/13056 [============================>.] - ETA: 1s - loss: 0.7538
- val_loss: 1.4692
- val_all_f1:  0.5668 0.5668 0.5668
- val_exp_f1:  0.8710 0.8710 0.8710
- val_non_f1:  0.2991 0.2991 0.2991

13056/13056 [==============================] - 284s - loss: 0.7540 - val_loss: 1.4692
Epoch 19/1000
12992/13056 [============================>.] - ETA: 1s - loss: 0.7441
- val_loss: 1.4271
- val_all_f1:  0.5746 0.5746 0.5746
- val_exp_f1:  0.8665 0.8665 0.8665
- val_non_f1:  0.3178 0.3178 0.3178

13056/13056 [==============================] - 284s - loss: 0.7437 - val_loss: 1.4271
Epoch 20/1000
12992/13056 [============================>.] - ETA: 1s - loss: 0.7092
- val_loss: 1.4228
- val_all_f1:  0.5788 0.5788 0.5788
- val_exp_f1:  0.8816 0.8816 0.8816
- val_non_f1:  0.3124 0.3124 0.3124

13056/13056 [==============================] - 281s - loss: 0.7084 - val_loss: 1.4228
Epoch 21/1000
12992/13056 [============================>.] - ETA: 1s - loss: 0.6993
- val_loss: 1.4370
- val_all_f1:  0.5859 0.5859 0.5859
- val_exp_f1:  0.8907 0.8907 0.8907
- val_non_f1:  0.3178 0.3178 0.3178

13056/13056 [==============================] - 281s - loss: 0.6993 - val_loss: 1.4370
Epoch 22/1000
12992/13056 [============================>.] - ETA: 1s - loss: 0.6723
- val_loss: 1.5024
- val_all_f1:  0.5575 0.5575 0.5575
- val_exp_f1:  0.8741 0.8741 0.8741
- val_non_f1:  0.2790 0.2790 0.2790

13056/13056 [==============================] - 283s - loss: 0.6729 - val_loss: 1.5024
Epoch 23/1000
12992/13056 [============================>.] - ETA: 1s - loss: 0.6802
- val_loss: 1.5118
- val_all_f1:  0.5732 0.5732 0.5732
- val_exp_f1:  0.8543 0.8543 0.8543
- val_non_f1:  0.3258 0.3258 0.3258

13056/13056 [==============================] - 281s - loss: 0.6802 - val_loss: 1.5118
Epoch 24/1000
12992/13056 [============================>.] - ETA: 1s - loss: 0.6689
- val_loss: 1.4366
- val_all_f1:  0.5732 0.5732 0.5732
- val_exp_f1:  0.8756 0.8756 0.8756
- val_non_f1:  0.3071 0.3071 0.3071

13056/13056 [==============================] - 282s - loss: 0.6693 - val_loss: 1.4366
Epoch 25/1000
12992/13056 [============================>.] - ETA: 1s - loss: 0.6827
- val_loss: 1.4725
- val_all_f1:  0.5703 0.5703 0.5703
- val_exp_f1:  0.8771 0.8771 0.8771
- val_non_f1:  0.3004 0.3004 0.3004

13056/13056 [==============================] - 284s - loss: 0.6813 - val_loss: 1.4725
Epoch 26/1000
12992/13056 [============================>.] - ETA: 1s - loss: 0.6855
- val_loss: 1.4815
- val_all_f1:  0.5774 0.5774 0.5774
- val_exp_f1:  0.8832 0.8832 0.8832
- val_non_f1:  0.3084 0.3084 0.3084

13056/13056 [==============================] - 283s - loss: 0.6854 - val_loss: 1.4815
Epoch 27/1000
12992/13056 [============================>.] - ETA: 1s - loss: 0.6707
- val_loss: 1.4690
- val_all_f1:  0.5795 0.5795 0.5795
- val_exp_f1:  0.8771 0.8771 0.8771
- val_non_f1:  0.3178 0.3178 0.3178

13056/13056 [==============================] - 284s - loss: 0.6711 - val_loss: 1.4690
Epoch 28/1000
12992/13056 [============================>.] - ETA: 1s - loss: 0.6989
- val_loss: 1.4576
- val_all_f1:  0.5852 0.5852 0.5852
- val_exp_f1:  0.8953 0.8953 0.8953
- val_non_f1:  0.3124 0.3124 0.3124

13056/13056 [==============================] - 280s - loss: 0.6990 - val_loss: 1.4576
Epoch 29/1000
12992/13056 [============================>.] - ETA: 1s - loss: 0.6737
- val_loss: 1.4629
- val_all_f1:  0.5866 0.5866 0.5866
- val_exp_f1:  0.8938 0.8938 0.8938
- val_non_f1:  0.3164 0.3164 0.3164

13056/13056 [==============================] - 283s - loss: 0.6747 - val_loss: 1.4629
Epoch 30/1000
12992/13056 [============================>.] - ETA: 1s - loss: 0.6756
- val_loss: 1.4150
- val_all_f1:  0.5938 0.5938 0.5938
- val_exp_f1:  0.8938 0.8938 0.8938
- val_non_f1:  0.3298 0.3298 0.3298

13056/13056 [==============================] - 279s - loss: 0.6749 - val_loss: 1.4150
Epoch 31/1000
12992/13056 [============================>.] - ETA: 1s - loss: 0.6170
- val_loss: 1.4647
- val_all_f1:  0.5824 0.5824 0.5824
- val_exp_f1:  0.8847 0.8847 0.8847
- val_non_f1:  0.3164 0.3164 0.3164

13056/13056 [==============================] - 283s - loss: 0.6173 - val_loss: 1.4647
Epoch 32/1000
12992/13056 [============================>.] - ETA: 1s - loss: 0.5980
- val_loss: 1.5316
- val_all_f1:  0.5788 0.5788 0.5788
- val_exp_f1:  0.8938 0.8938 0.8938
- val_non_f1:  0.3017 0.3017 0.3017

13056/13056 [==============================] - 284s - loss: 0.5984 - val_loss: 1.5316
Epoch 33/1000
12992/13056 [============================>.] - ETA: 1s - loss: 0.6258
- val_loss: 1.5071
- val_all_f1:  0.5774 0.5774 0.5774
- val_exp_f1:  0.8862 0.8862 0.8862
- val_non_f1:  0.3057 0.3057 0.3057

13056/13056 [==============================] - 279s - loss: 0.6256 - val_loss: 1.5071
Epoch 34/1000
12992/13056 [============================>.] - ETA: 1s - loss: 0.6288
- val_loss: 1.5095
- val_all_f1:  0.5810 0.5810 0.5810
- val_exp_f1:  0.8832 0.8832 0.8832
- val_non_f1:  0.3151 0.3151 0.3151

13056/13056 [==============================] - 283s - loss: 0.6294 - val_loss: 1.5095
Epoch 35/1000
12992/13056 [============================>.] - ETA: 1s - loss: 0.6138
- val_loss: 1.5565
- val_all_f1:  0.5732 0.5732 0.5732
- val_exp_f1:  0.8816 0.8816 0.8816
- val_non_f1:  0.3017 0.3017 0.3017

13056/13056 [==============================] - 286s - loss: 0.6137 - val_loss: 1.5565
Epoch 36/1000
12992/13056 [============================>.] - ETA: 1s - loss: 0.6113
- val_loss: 1.5482
- val_all_f1:  0.5582 0.5582 0.5582
- val_exp_f1:  0.8801 0.8801 0.8801
- val_non_f1:  0.2750 0.2750 0.2750

13056/13056 [==============================] - 282s - loss: 0.6108 - val_loss: 1.5482
Epoch 37/1000
12992/13056 [============================>.] - ETA: 1s - loss: 0.6206
- val_loss: 1.5103
- val_all_f1:  0.5760 0.5760 0.5760
- val_exp_f1:  0.8725 0.8725 0.8725
- val_non_f1:  0.3151 0.3151 0.3151

13056/13056 [==============================] - 282s - loss: 0.6210 - val_loss: 1.5103
Epoch 38/1000
12992/13056 [============================>.] - ETA: 1s - loss: 0.6121
- val_loss: 1.4747
- val_all_f1:  0.5909 0.5909 0.5909
- val_exp_f1:  0.8968 0.8968 0.8968
- val_non_f1:  0.3218 0.3218 0.3218

13056/13056 [==============================] - 283s - loss: 0.6118 - val_loss: 1.4747
Epoch 39/1000
12992/13056 [============================>.] - ETA: 1s - loss: 0.6134
- val_loss: 1.5105
- val_all_f1:  0.5845 0.5845 0.5845
- val_exp_f1:  0.8756 0.8756 0.8756
- val_non_f1:  0.3284 0.3284 0.3284

13056/13056 [==============================] - 282s - loss: 0.6140 - val_loss: 1.5105
Epoch 40/1000
12992/13056 [============================>.] - ETA: 1s - loss: 0.5936
- val_loss: 1.5292
- val_all_f1:  0.5902 0.5902 0.5902
- val_exp_f1:  0.8907 0.8907 0.8907
- val_non_f1:  0.3258 0.3258 0.3258

13056/13056 [==============================] - 278s - loss: 0.5939 - val_loss: 1.5292
Epoch 41/1000
12992/13056 [============================>.] - ETA: 1s - loss: 0.5170
- val_loss: 1.6986
- val_all_f1:  0.5661 0.5661 0.5661
- val_exp_f1:  0.8756 0.8756 0.8756
- val_non_f1:  0.2937 0.2937 0.2937

13056/13056 [==============================] - 283s - loss: 0.5173 - val_loss: 1.6986
Epoch 42/1000
12992/13056 [============================>.] - ETA: 1s - loss: 0.5151
- val_loss: 1.6580
- val_all_f1:  0.5561 0.5561 0.5561
- val_exp_f1:  0.8832 0.8832 0.8832
- val_non_f1:  0.2684 0.2684 0.2684

13056/13056 [==============================] - 282s - loss: 0.5164 - val_loss: 1.6580
Epoch 43/1000
12992/13056 [============================>.] - ETA: 1s - loss: 0.5360
- val_loss: 1.6464
- val_all_f1:  0.5469 0.5469 0.5469
- val_exp_f1:  0.8589 0.8589 0.8589
- val_non_f1:  0.2724 0.2724 0.2724

13056/13056 [==============================] - 284s - loss: 0.5371 - val_loss: 1.6464
Epoch 44/1000
12992/13056 [============================>.] - ETA: 1s - loss: 0.5245
- val_loss: 1.7174
- val_all_f1:  0.5653 0.5653 0.5653
- val_exp_f1:  0.8680 0.8680 0.8680
- val_non_f1:  0.2991 0.2991 0.2991

13056/13056 [==============================] - 281s - loss: 0.5246 - val_loss: 1.7174
Epoch 45/1000
12992/13056 [============================>.] - ETA: 1s - loss: 0.5569
- val_loss: 1.6395
- val_all_f1:  0.5646 0.5646 0.5646
- val_exp_f1:  0.8801 0.8801 0.8801
- val_non_f1:  0.2870 0.2870 0.2870

13056/13056 [==============================] - 284s - loss: 0.5578 - val_loss: 1.6395
Epoch 46/1000
12992/13056 [============================>.] - ETA: 1s - loss: 0.5473
- val_loss: 1.6951
- val_all_f1:  0.5391 0.5391 0.5391
- val_exp_f1:  0.8467 0.8467 0.8467
- val_non_f1:  0.2684 0.2684 0.2684

13056/13056 [==============================] - 281s - loss: 0.5476 - val_loss: 1.6951
Epoch 47/1000
12992/13056 [============================>.] - ETA: 1s - loss: 0.5484
- val_loss: 1.6248
- val_all_f1:  0.5739 0.5739 0.5739
- val_exp_f1:  0.8756 0.8756 0.8756
- val_non_f1:  0.3084 0.3084 0.3084

13056/13056 [==============================] - 283s - loss: 0.5479 - val_loss: 1.6248
Epoch 48/1000
12992/13056 [============================>.] - ETA: 1s - loss: 0.5472
- val_loss: 1.6638
- val_all_f1:  0.5632 0.5632 0.5632
- val_exp_f1:  0.8786 0.8786 0.8786
- val_non_f1:  0.2857 0.2857 0.2857

13056/13056 [==============================] - 283s - loss: 0.5476 - val_loss: 1.6638
Epoch 49/1000
12992/13056 [============================>.] - ETA: 1s - loss: 0.5531
- val_loss: 1.6012
- val_all_f1:  0.5689 0.5689 0.5689
- val_exp_f1:  0.8953 0.8953 0.8953
- val_non_f1:  0.2817 0.2817 0.2817

13056/13056 [==============================] - 280s - loss: 0.5536 - val_loss: 1.6012
Epoch 50/1000
12992/13056 [============================>.] - ETA: 1s - loss: 0.5477
- val_loss: 1.6971
- val_all_f1:  0.5597 0.5597 0.5597
- val_exp_f1:  0.8589 0.8589 0.8589
- val_non_f1:  0.2964 0.2964 0.2964

13056/13056 [==============================] - 278s - loss: 0.5483 - val_loss: 1.6971
Epoch 51/1000
12992/13056 [============================>.] - ETA: 1s - loss: 0.4691
- val_loss: 1.8301
- val_all_f1:  0.5668 0.5668 0.5668
- val_exp_f1:  0.8832 0.8832 0.8832
- val_non_f1:  0.2884 0.2884 0.2884

13056/13056 [==============================] - 287s - loss: 0.4693 - val_loss: 1.8301
Epoch 52/1000
12992/13056 [============================>.] - ETA: 1s - loss: 0.4361
- val_loss: 1.8254
- val_all_f1:  0.5369 0.5369 0.5369
- val_exp_f1:  0.8437 0.8437 0.8437
- val_non_f1:  0.2670 0.2670 0.2670

13056/13056 [==============================] - 282s - loss: 0.4359 - val_loss: 1.8254
Epoch 53/1000
12992/13056 [============================>.] - ETA: 1s - loss: 0.4488
- val_loss: 1.9015
- val_all_f1:  0.5469 0.5469 0.5469
- val_exp_f1:  0.8589 0.8589 0.8589
- val_non_f1:  0.2724 0.2724 0.2724

13056/13056 [==============================] - 283s - loss: 0.4475 - val_loss: 1.9015
Epoch 54/1000
12992/13056 [============================>.] - ETA: 1s - loss: 0.4417
- val_loss: 1.8824
- val_all_f1:  0.5575 0.5575 0.5575
- val_exp_f1:  0.8756 0.8756 0.8756
- val_non_f1:  0.2777 0.2777 0.2777

13056/13056 [==============================] - 286s - loss: 0.4426 - val_loss: 1.8824
Epoch 55/1000
12992/13056 [============================>.] - ETA: 1s - loss: 0.4606
- val_loss: 1.8458
- val_all_f1:  0.5440 0.5440 0.5440
- val_exp_f1:  0.8483 0.8483 0.8483
- val_non_f1:  0.2764 0.2764 0.2764

13056/13056 [==============================] - 283s - loss: 0.4603 - val_loss: 1.8458
Epoch 56/1000
12992/13056 [============================>.] - ETA: 1s - loss: 0.4670
- val_loss: 1.8417
- val_all_f1:  0.5689 0.5689 0.5689
- val_exp_f1:  0.8832 0.8832 0.8832
- val_non_f1:  0.2924 0.2924 0.2924

13056/13056 [==============================] - 284s - loss: 0.4673 - val_loss: 1.8417
Epoch 57/1000
12992/13056 [============================>.] - ETA: 1s - loss: 0.4985
- val_loss: 1.8364
- val_all_f1:  0.5433 0.5433 0.5433
- val_exp_f1:  0.8498 0.8498 0.8498
- val_non_f1:  0.2737 0.2737 0.2737

13056/13056 [==============================] - 283s - loss: 0.4994 - val_loss: 1.8364
Epoch 58/1000
12992/13056 [============================>.] - ETA: 1s - loss: 0.4961
- val_loss: 1.8374
- val_all_f1:  0.5497 0.5497 0.5497
- val_exp_f1:  0.8680 0.8680 0.8680
- val_non_f1:  0.2697 0.2697 0.2697

13056/13056 [==============================] - 282s - loss: 0.4964 - val_loss: 1.8374
Epoch 59/1000
12992/13056 [============================>.] - ETA: 1s - loss: 0.4935
- val_loss: 1.7938
- val_all_f1:  0.5661 0.5661 0.5661
- val_exp_f1:  0.8756 0.8756 0.8756
- val_non_f1:  0.2937 0.2937 0.2937

13056/13056 [==============================] - 285s - loss: 0.4936 - val_loss: 1.7938
Epoch 60/1000
12992/13056 [============================>.] - ETA: 1s - loss: 0.4751
- val_loss: 1.9058
- val_all_f1:  0.5483 0.5483 0.5483
- val_exp_f1:  0.8376 0.8376 0.8376
- val_non_f1:  0.2937 0.2937 0.2937

13056/13056 [==============================] - 284s - loss: 0.4742 - val_loss: 1.9058
Epoch 61/1000
12992/13056 [============================>.] - ETA: 1s - loss: 0.3746
- val_loss: 1.9601
- val_all_f1:  0.5646 0.5646 0.5646
- val_exp_f1:  0.8907 0.8907 0.8907
- val_non_f1:  0.2777 0.2777 0.2777

13056/13056 [==============================] - 283s - loss: 0.3743 - val_loss: 1.9601
Epoch 62/1000
12992/13056 [============================>.] - ETA: 1s - loss: 0.3813
- val_loss: 2.1431
- val_all_f1:  0.5341 0.5341 0.5341
- val_exp_f1:  0.8604 0.8604 0.8604
- val_non_f1:  0.2470 0.2470 0.2470

13056/13056 [==============================] - 287s - loss: 0.3821 - val_loss: 2.1431
Epoch 63/1000
12992/13056 [============================>.] - ETA: 1s - loss: 0.3861
- val_loss: 2.1231
- val_all_f1:  0.5504 0.5504 0.5504
- val_exp_f1:  0.8574 0.8574 0.8574
- val_non_f1:  0.2804 0.2804 0.2804

13056/13056 [==============================] - 284s - loss: 0.3853 - val_loss: 2.1231
Epoch 64/1000
12992/13056 [============================>.] - ETA: 1s - loss: 0.3901
- val_loss: 2.0569
- val_all_f1:  0.5561 0.5561 0.5561
- val_exp_f1:  0.8725 0.8725 0.8725
- val_non_f1:  0.2777 0.2777 0.2777

13056/13056 [==============================] - 284s - loss: 0.3909 - val_loss: 2.0569
Epoch 65/1000
12992/13056 [============================>.] - ETA: 1s - loss: 0.4145
- val_loss: 1.9782
- val_all_f1:  0.5696 0.5696 0.5696
- val_exp_f1:  0.8877 0.8877 0.8877
- val_non_f1:  0.2897 0.2897 0.2897

13056/13056 [==============================] - 285s - loss: 0.4140 - val_loss: 1.9782
Epoch 66/1000
12992/13056 [============================>.] - ETA: 1s - loss: 0.4101
- val_loss: 2.0697
- val_all_f1:  0.5597 0.5597 0.5597
- val_exp_f1:  0.8801 0.8801 0.8801
- val_non_f1:  0.2777 0.2777 0.2777

13056/13056 [==============================] - 283s - loss: 0.4092 - val_loss: 2.0697
Epoch 67/1000
12992/13056 [============================>.] - ETA: 1s - loss: 0.4254
- val_loss: 1.9449
- val_all_f1:  0.5547 0.5547 0.5547
- val_exp_f1:  0.8589 0.8589 0.8589
- val_non_f1:  0.2870 0.2870 0.2870

13056/13056 [==============================] - 282s - loss: 0.4258 - val_loss: 1.9449
Epoch 68/1000
12992/13056 [============================>.] - ETA: 1s - loss: 0.4148
- val_loss: 2.0274
- val_all_f1:  0.5554 0.5554 0.5554
- val_exp_f1:  0.8407 0.8407 0.8407
- val_non_f1:  0.3044 0.3044 0.3044

13056/13056 [==============================] - 284s - loss: 0.4150 - val_loss: 2.0274
Epoch 69/1000
12992/13056 [============================>.] - ETA: 1s - loss: 0.4216
- val_loss: 2.0470
- val_all_f1:  0.5696 0.5696 0.5696
- val_exp_f1:  0.8665 0.8665 0.8665
- val_non_f1:  0.3084 0.3084 0.3084

13056/13056 [==============================] - 287s - loss: 0.4208 - val_loss: 2.0470
Epoch 70/1000
12992/13056 [============================>.] - ETA: 1s - loss: 0.4231
- val_loss: 2.0194
- val_all_f1:  0.5497 0.5497 0.5497
- val_exp_f1:  0.8483 0.8483 0.8483
- val_non_f1:  0.2870 0.2870 0.2870

13056/13056 [==============================] - 287s - loss: 0.4224 - val_loss: 2.0194
Epoch 71/1000
12992/13056 [============================>.] - ETA: 1s - loss: 0.3269
- val_loss: 2.2216
- val_all_f1:  0.5526 0.5526 0.5526
- val_exp_f1:  0.8574 0.8574 0.8574
- val_non_f1:  0.2844 0.2844 0.2844

13056/13056 [==============================] - 285s - loss: 0.3271 - val_loss: 2.2216
Epoch 72/1000
12992/13056 [============================>.] - ETA: 1s - loss: 0.3330
- val_loss: 2.2975
- val_all_f1:  0.5597 0.5597 0.5597
- val_exp_f1:  0.8786 0.8786 0.8786
- val_non_f1:  0.2790 0.2790 0.2790

13056/13056 [==============================] - 283s - loss: 0.3325 - val_loss: 2.2975
Epoch 73/1000
12992/13056 [============================>.] - ETA: 1s - loss: 0.3218
- val_loss: 2.3382
- val_all_f1:  0.5334 0.5334 0.5334
- val_exp_f1:  0.8209 0.8209 0.8209
- val_non_f1:  0.2804 0.2804 0.2804

13056/13056 [==============================] - 287s - loss: 0.3211 - val_loss: 2.3382
Epoch 74/1000
12992/13056 [============================>.] - ETA: 1s - loss: 0.3457
- val_loss: 2.2760
- val_all_f1:  0.5575 0.5575 0.5575
- val_exp_f1:  0.8526 0.8513 0.8519
- val_non_f1:  0.2991 0.2991 0.2991

13056/13056 [==============================] - 286s - loss: 0.3462 - val_loss: 2.2760
Epoch 75/1000
12992/13056 [============================>.] - ETA: 1s - loss: 0.3403
- val_loss: 2.2852
- val_all_f1:  0.5526 0.5526 0.5526
- val_exp_f1:  0.8513 0.8513 0.8513
- val_non_f1:  0.2897 0.2897 0.2897

13056/13056 [==============================] - 286s - loss: 0.3403 - val_loss: 2.2852
Epoch 76/1000
12992/13056 [============================>.] - ETA: 1s - loss: 0.3558
- val_loss: 2.2325
- val_all_f1:  0.5405 0.5405 0.5405
- val_exp_f1:  0.8528 0.8528 0.8528
- val_non_f1:  0.2657 0.2657 0.2657

13056/13056 [==============================] - 281s - loss: 0.3562 - val_loss: 2.2325
Epoch 77/1000
12992/13056 [============================>.] - ETA: 1s - loss: 0.3565
- val_loss: 2.2792
- val_all_f1:  0.5426 0.5426 0.5426
- val_exp_f1:  0.8528 0.8528 0.8528
- val_non_f1:  0.2697 0.2697 0.2697

13056/13056 [==============================] - 287s - loss: 0.3562 - val_loss: 2.2792
Epoch 78/1000
12992/13056 [============================>.] - ETA: 1s - loss: 0.3525
- val_loss: 2.2325
- val_all_f1:  0.5490 0.5490 0.5490
- val_exp_f1:  0.8634 0.8634 0.8634
- val_non_f1:  0.2724 0.2724 0.2724

13056/13056 [==============================] - 284s - loss: 0.3515 - val_loss: 2.2325
Epoch 79/1000
12992/13056 [============================>.] - ETA: 1s - loss: 0.3658
- val_loss: 2.2580
- val_all_f1:  0.5341 0.5341 0.5341
- val_exp_f1:  0.8619 0.8619 0.8619
- val_non_f1:  0.2457 0.2457 0.2457

13056/13056 [==============================] - 287s - loss: 0.3658 - val_loss: 2.2580
Epoch 80/1000
12992/13056 [============================>.] - ETA: 1s - loss: 0.3615
- val_loss: 2.2841
- val_all_f1:  0.5384 0.5384 0.5384
- val_exp_f1:  0.8346 0.8346 0.8346
- val_non_f1:  0.2777 0.2777 0.2777

13056/13056 [==============================] - 286s - loss: 0.3609 - val_loss: 2.2841
Epoch 81/1000
12992/13056 [============================>.] - ETA: 1s - loss: 0.2843
- val_loss: 2.5715
- val_all_f1:  0.5412 0.5412 0.5412
- val_exp_f1:  0.8437 0.8437 0.8437
- val_non_f1:  0.2750 0.2750 0.2750

13056/13056 [==============================] - 288s - loss: 0.2845 - val_loss: 2.5715
Epoch 82/1000
12992/13056 [============================>.] - ETA: 1s - loss: 0.2621
- val_loss: 2.5523
- val_all_f1:  0.5334 0.5334 0.5334
- val_exp_f1:  0.8270 0.8270 0.8270
- val_non_f1:  0.2750 0.2750 0.2750

13056/13056 [==============================] - 287s - loss: 0.2618 - val_loss: 2.5523
Epoch 83/1000
12992/13056 [============================>.] - ETA: 1s - loss: 0.2901
- val_loss: 2.4879
- val_all_f1:  0.5398 0.5398 0.5398
- val_exp_f1:  0.8452 0.8452 0.8452
- val_non_f1:  0.2710 0.2710 0.2710

13056/13056 [==============================] - 286s - loss: 0.2907 - val_loss: 2.4879
Epoch 84/1000
12992/13056 [============================>.] - ETA: 1s - loss: 0.2874
- val_loss: 2.4736
- val_all_f1:  0.5447 0.5447 0.5447
- val_exp_f1:  0.8361 0.8361 0.8361
- val_non_f1:  0.2884 0.2884 0.2884

13056/13056 [==============================] - 290s - loss: 0.2869 - val_loss: 2.4736
Epoch 85/1000
12992/13056 [============================>.] - ETA: 1s - loss: 0.3071
- val_loss: 2.4428
- val_all_f1:  0.5582 0.5582 0.5582
- val_exp_f1:  0.8771 0.8771 0.8771
- val_non_f1:  0.2777 0.2777 0.2777

13056/13056 [==============================] - 279s - loss: 0.3075 - val_loss: 2.4428
Epoch 86/1000
12992/13056 [============================>.] - ETA: 1s - loss: 0.3158
- val_loss: 2.4532
- val_all_f1:  0.5405 0.5405 0.5405
- val_exp_f1:  0.8558 0.8558 0.8558
- val_non_f1:  0.2630 0.2630 0.2630

13056/13056 [==============================] - 285s - loss: 0.3163 - val_loss: 2.4532
Epoch 87/1000
12992/13056 [============================>.] - ETA: 1s - loss: 0.2971
- val_loss: 2.3952
- val_all_f1:  0.5561 0.5561 0.5561
- val_exp_f1:  0.8543 0.8543 0.8543
- val_non_f1:  0.2937 0.2937 0.2937

13056/13056 [==============================] - 289s - loss: 0.2962 - val_loss: 2.3952
Epoch 88/1000
12992/13056 [============================>.] - ETA: 1s - loss: 0.3141
- val_loss: 2.4329
- val_all_f1:  0.5540 0.5540 0.5540
- val_exp_f1:  0.8710 0.8710 0.8710
- val_non_f1:  0.2750 0.2750 0.2750

13056/13056 [==============================] - 287s - loss: 0.3140 - val_loss: 2.4329
Epoch 89/1000
12992/13056 [============================>.] - ETA: 1s - loss: 0.3133
- val_loss: 2.3551
- val_all_f1:  0.5249 0.5249 0.5249
- val_exp_f1:  0.8088 0.8088 0.8088
- val_non_f1:  0.2750 0.2750 0.2750

13056/13056 [==============================] - 287s - loss: 0.3139 - val_loss: 2.3551
Epoch 90/1000
12992/13056 [============================>.] - ETA: 1s - loss: 0.3028
- val_loss: 2.5068
- val_all_f1:  0.5398 0.5398 0.5398
- val_exp_f1:  0.8316 0.8316 0.8316
- val_non_f1:  0.2830 0.2830 0.2830

13056/13056 [==============================] - 287s - loss: 0.3018 - val_loss: 2.5068
Epoch 91/1000
12992/13056 [============================>.] - ETA: 1s - loss: 0.2408
- val_loss: 2.6619
- val_all_f1:  0.5447 0.5447 0.5447
- val_exp_f1:  0.8543 0.8543 0.8543
- val_non_f1:  0.2724 0.2724 0.2724

13056/13056 [==============================] - 289s - loss: 0.2407 - val_loss: 2.6619
Epoch 92/1000
12992/13056 [============================>.] - ETA: 1s - loss: 0.2368
- val_loss: 2.6736
- val_all_f1:  0.5540 0.5540 0.5540
- val_exp_f1:  0.8634 0.8634 0.8634
- val_non_f1:  0.2817 0.2817 0.2817

13056/13056 [==============================] - 288s - loss: 0.2360 - val_loss: 2.6736
Epoch 93/1000
12992/13056 [============================>.] - ETA: 1s - loss: 0.2345
- val_loss: 2.9195
- val_all_f1:  0.5369 0.5369 0.5369
- val_exp_f1:  0.8316 0.8316 0.8316
- val_non_f1:  0.2777 0.2777 0.2777

13056/13056 [==============================] - 289s - loss: 0.2345 - val_loss: 2.9195
Epoch 94/1000
12992/13056 [============================>.] - ETA: 1s - loss: 0.2747
- val_loss: 2.6850
- val_all_f1:  0.5156 0.5156 0.5156
- val_exp_f1:  0.7967 0.7967 0.7967
- val_non_f1:  0.2684 0.2684 0.2684

13056/13056 [==============================] - 285s - loss: 0.2748 - val_loss: 2.6850
Epoch 95/1000
12992/13056 [============================>.] - ETA: 1s - loss: 0.2745
- val_loss: 2.7738
- val_all_f1:  0.5384 0.5384 0.5384
- val_exp_f1:  0.8331 0.8331 0.8331
- val_non_f1:  0.2790 0.2790 0.2790

13056/13056 [==============================] - 288s - loss: 0.2755 - val_loss: 2.7738
Epoch 96/1000
12992/13056 [============================>.] - ETA: 1s - loss: 0.2629
- val_loss: 2.6502
- val_all_f1:  0.5497 0.5497 0.5497
- val_exp_f1:  0.8361 0.8361 0.8361
- val_non_f1:  0.2977 0.2977 0.2977

13056/13056 [==============================] - 286s - loss: 0.2630 - val_loss: 2.6502
Epoch 97/1000
12992/13056 [============================>.] - ETA: 1s - loss: 0.2662
- val_loss: 2.5345
- val_all_f1:  0.5455 0.5455 0.5455
- val_exp_f1:  0.8483 0.8483 0.8483
- val_non_f1:  0.2790 0.2790 0.2790

13056/13056 [==============================] - 286s - loss: 0.2661 - val_loss: 2.5345
Epoch 98/1000
12992/13056 [============================>.] - ETA: 1s - loss: 0.2670
- val_loss: 2.7332
- val_all_f1:  0.5348 0.5348 0.5348
- val_exp_f1:  0.8346 0.8346 0.8346
- val_non_f1:  0.2710 0.2710 0.2710

13056/13056 [==============================] - 287s - loss: 0.2662 - val_loss: 2.7332
Epoch 99/1000
12992/13056 [============================>.] - ETA: 1s - loss: 0.2770
- val_loss: 2.7122
- val_all_f1:  0.5504 0.5504 0.5504
- val_exp_f1:  0.8513 0.8513 0.8513
- val_non_f1:  0.2857 0.2857 0.2857

13056/13056 [==============================] - 287s - loss: 0.2765 - val_loss: 2.7122
Epoch 100/1000
12992/13056 [============================>.] - ETA: 1s - loss: 0.2747
- val_loss: 2.8383
- val_all_f1:  0.5419 0.5419 0.5419
- val_exp_f1:  0.8331 0.8331 0.8331
- val_non_f1:  0.2857 0.2857 0.2857

13056/13056 [==============================] - 288s - loss: 0.2736 - val_loss: 2.8383
Epoch 101/1000
12992/13056 [============================>.] - ETA: 1s - loss: 0.1887
- val_loss: 2.9458
- val_all_f1:  0.5341 0.5341 0.5341
- val_exp_f1:  0.8467 0.8467 0.8467
- val_non_f1:  0.2590 0.2590 0.2590

13056/13056 [==============================] - 288s - loss: 0.1882 - val_loss: 2.9458
Epoch 102/1000
12992/13056 [============================>.] - ETA: 1s - loss: 0.2296
- val_loss: 2.9558
- val_all_f1:  0.5362 0.5362 0.5362
- val_exp_f1:  0.8467 0.8467 0.8467
- val_non_f1:  0.2630 0.2630 0.2630

13056/13056 [==============================] - 286s - loss: 0.2290 - val_loss: 2.9558
Epoch 103/1000
12992/13056 [============================>.] - ETA: 1s - loss: 0.2144
- val_loss: 2.9934
- val_all_f1:  0.5291 0.5291 0.5291
- val_exp_f1:  0.8225 0.8225 0.8225
- val_non_f1:  0.2710 0.2710 0.2710

13056/13056 [==============================] - 286s - loss: 0.2141 - val_loss: 2.9934
Epoch 104/1000
12992/13056 [============================>.] - ETA: 1s - loss: 0.2126
- val_loss: 2.9529
- val_all_f1:  0.5270 0.5270 0.5270
- val_exp_f1:  0.8179 0.8179 0.8179
- val_non_f1:  0.2710 0.2710 0.2710

13056/13056 [==============================] - 286s - loss: 0.2122 - val_loss: 2.9529
Epoch 105/1000
12992/13056 [============================>.] - ETA: 1s - loss: 0.2298
- val_loss: 2.8454
- val_all_f1:  0.5384 0.5384 0.5384
- val_exp_f1:  0.8392 0.8392 0.8392
- val_non_f1:  0.2737 0.2737 0.2737

13056/13056 [==============================] - 288s - loss: 0.2298 - val_loss: 2.8454
Epoch 106/1000
12992/13056 [============================>.] - ETA: 1s - loss: 0.2262
- val_loss: 2.9254
- val_all_f1:  0.5554 0.5554 0.5554
- val_exp_f1:  0.8649 0.8649 0.8649
- val_non_f1:  0.2830 0.2830 0.2830

13056/13056 [==============================] - 288s - loss: 0.2265 - val_loss: 2.9254
Epoch 107/1000
12992/13056 [============================>.] - ETA: 1s - loss: 0.2294
- val_loss: 2.8159
- val_all_f1:  0.5518 0.5518 0.5518
- val_exp_f1:  0.8665 0.8665 0.8665
- val_non_f1:  0.2750 0.2750 0.2750

13056/13056 [==============================] - 288s - loss: 0.2289 - val_loss: 2.8159
Epoch 108/1000
12992/13056 [============================>.] - ETA: 1s - loss: 0.2452
- val_loss: 2.8193
- val_all_f1:  0.5291 0.5291 0.5291
- val_exp_f1:  0.8331 0.8331 0.8331
- val_non_f1:  0.2617 0.2617 0.2617

13056/13056 [==============================] - 285s - loss: 0.2460 - val_loss: 2.8193
Epoch 109/1000
12992/13056 [============================>.] - ETA: 1s - loss: 0.2484
- val_loss: 2.7973
- val_all_f1:  0.5391 0.5391 0.5391
- val_exp_f1:  0.8452 0.8452 0.8452
- val_non_f1:  0.2701 0.2697 0.2699

13056/13056 [==============================] - 288s - loss: 0.2485 - val_loss: 2.7973
Epoch 110/1000
12992/13056 [============================>.] - ETA: 1s - loss: 0.2327
- val_loss: 2.8601
- val_all_f1:  0.5249 0.5249 0.5249
- val_exp_f1:  0.8134 0.8134 0.8134
- val_non_f1:  0.2710 0.2710 0.2710

13056/13056 [==============================] - 286s - loss: 0.2321 - val_loss: 2.8601
Epoch 111/1000
12992/13056 [============================>.] - ETA: 1s - loss: 0.1691
- val_loss: 2.9780
- val_all_f1:  0.5476 0.5476 0.5476
- val_exp_f1:  0.8483 0.8483 0.8483
- val_non_f1:  0.2830 0.2830 0.2830

13056/13056 [==============================] - 285s - loss: 0.1689 - val_loss: 2.9780
Epoch 112/1000
12992/13056 [============================>.] - ETA: 1s - loss: 0.1825
- val_loss: 3.0588
- val_all_f1:  0.5398 0.5398 0.5398
- val_exp_f1:  0.8604 0.8604 0.8604
- val_non_f1:  0.2577 0.2577 0.2577

13056/13056 [==============================] - 286s - loss: 0.1825 - val_loss: 3.0588
Epoch 113/1000
12992/13056 [============================>.] - ETA: 1s - loss: 0.1729
- val_loss: 3.0616
- val_all_f1:  0.5284 0.5284 0.5284
- val_exp_f1:  0.8285 0.8285 0.8285
- val_non_f1:  0.2644 0.2644 0.2644

13056/13056 [==============================] - 283s - loss: 0.1727 - val_loss: 3.0616
Epoch 114/1000
12992/13056 [============================>.] - ETA: 1s - loss: 0.1797
- val_loss: 3.1367
- val_all_f1:  0.5476 0.5476 0.5476
- val_exp_f1:  0.8589 0.8589 0.8589
- val_non_f1:  0.2737 0.2737 0.2737

13056/13056 [==============================] - 289s - loss: 0.1813 - val_loss: 3.1367
Epoch 115/1000
12992/13056 [============================>.] - ETA: 1s - loss: 0.1939
- val_loss: 3.1039
- val_all_f1:  0.5249 0.5249 0.5249
- val_exp_f1:  0.8209 0.8209 0.8209
- val_non_f1:  0.2644 0.2644 0.2644

13056/13056 [==============================] - 287s - loss: 0.1933 - val_loss: 3.1039
Epoch 116/1000
12992/13056 [============================>.] - ETA: 1s - loss: 0.2008
- val_loss: 3.0957
- val_all_f1:  0.5277 0.5277 0.5277
- val_exp_f1:  0.8164 0.8164 0.8164
- val_non_f1:  0.2737 0.2737 0.2737

13056/13056 [==============================] - 288s - loss: 0.2013 - val_loss: 3.0957
Epoch 117/1000
12992/13056 [============================>.] - ETA: 1s - loss: 0.2000
- val_loss: 3.1064
- val_all_f1:  0.5320 0.5320 0.5320
- val_exp_f1:  0.8103 0.8103 0.8103
- val_non_f1:  0.2870 0.2870 0.2870

13056/13056 [==============================] - 285s - loss: 0.1994 - val_loss: 3.1064
Epoch 118/1000
12992/13056 [============================>.] - ETA: 1s - loss: 0.2233
- val_loss: 2.9867
- val_all_f1:  0.5476 0.5476 0.5476
- val_exp_f1:  0.8665 0.8665 0.8665
- val_non_f1:  0.2670 0.2670 0.2670

13056/13056 [==============================] - 286s - loss: 0.2244 - val_loss: 2.9867
Epoch 119/1000
12992/13056 [============================>.] - ETA: 1s - loss: 0.2124
- val_loss: 3.0060
- val_all_f1:  0.5263 0.5263 0.5263
- val_exp_f1:  0.8209 0.8209 0.8209
- val_non_f1:  0.2670 0.2670 0.2670

13056/13056 [==============================] - 288s - loss: 0.2126 - val_loss: 3.0060
Epoch 120/1000
12992/13056 [============================>.] - ETA: 1s - loss: 0.1992
- val_loss: 3.0324
- val_all_f1:  0.5348 0.5348 0.5348
- val_exp_f1:  0.8300 0.8300 0.8300
- val_non_f1:  0.2750 0.2750 0.2750

13056/13056 [==============================] - 287s - loss: 0.1987 - val_loss: 3.0324
Epoch 121/1000
12992/13056 [============================>.] - ETA: 1s - loss: 0.1563
- val_loss: 3.1157
- val_all_f1:  0.5305 0.5305 0.5305
- val_exp_f1:  0.8285 0.8285 0.8285
- val_non_f1:  0.2684 0.2684 0.2684

13056/13056 [==============================] - 285s - loss: 0.1559 - val_loss: 3.1157
Epoch 122/1000
12992/13056 [============================>.] - ETA: 1s - loss: 0.1648
- val_loss: 3.0831
- val_all_f1:  0.5384 0.5384 0.5384
- val_exp_f1:  0.8589 0.8589 0.8589
- val_non_f1:  0.2563 0.2563 0.2563

13056/13056 [==============================] - 285s - loss: 0.1645 - val_loss: 3.0831
Epoch 123/1000
12992/13056 [============================>.] - ETA: 1s - loss: 0.1640
- val_loss: 3.0928
- val_all_f1:  0.5334 0.5334 0.5334
- val_exp_f1:  0.8376 0.8376 0.8376
- val_non_f1:  0.2657 0.2657 0.2657

13056/13056 [==============================] - 285s - loss: 0.1641 - val_loss: 3.0928
Epoch 124/1000
12992/13056 [============================>.] - ETA: 1s - loss: 0.1426
- val_loss: 3.3003
- val_all_f1:  0.5355 0.5355 0.5355
- val_exp_f1:  0.8422 0.8422 0.8422
- val_non_f1:  0.2660 0.2657 0.2659

13056/13056 [==============================] - 291s - loss: 0.1425 - val_loss: 3.3003
Epoch 125/1000
12992/13056 [============================>.] - ETA: 1s - loss: 0.1777
- val_loss: 3.1501
- val_all_f1:  0.5313 0.5313 0.5313
- val_exp_f1:  0.8498 0.8498 0.8498
- val_non_f1:  0.2510 0.2510 0.2510

13056/13056 [==============================] - 288s - loss: 0.1776 - val_loss: 3.1501
Epoch 126/1000
12992/13056 [============================>.] - ETA: 1s - loss: 0.1799
- val_loss: 3.1810
- val_all_f1:  0.5270 0.5270 0.5270
- val_exp_f1:  0.8316 0.8316 0.8316
- val_non_f1:  0.2590 0.2590 0.2590

13056/13056 [==============================] - 286s - loss: 0.1794 - val_loss: 3.1810
Epoch 127/1000
12992/13056 [============================>.] - ETA: 1s - loss: 0.1774
- val_loss: 3.2546
- val_all_f1:  0.5114 0.5114 0.5114
- val_exp_f1:  0.8118 0.8118 0.8118
- val_non_f1:  0.2470 0.2470 0.2470

13056/13056 [==============================] - 290s - loss: 0.1768 - val_loss: 3.2546
Epoch 128/1000
12992/13056 [============================>.] - ETA: 1s - loss: 0.1829
- val_loss: 3.1944
- val_all_f1:  0.5263 0.5263 0.5263
- val_exp_f1:  0.8316 0.8316 0.8316
- val_non_f1:  0.2577 0.2577 0.2577

13056/13056 [==============================] - 286s - loss: 0.1834 - val_loss: 3.1944
Epoch 129/1000
12992/13056 [============================>.] - ETA: 1s - loss: 0.2010
- val_loss: 3.0477
- val_all_f1:  0.5355 0.5355 0.5355
- val_exp_f1:  0.8422 0.8422 0.8422
- val_non_f1:  0.2657 0.2657 0.2657

13056/13056 [==============================] - 290s - loss: 0.2004 - val_loss: 3.0477
Epoch 130/1000
12992/13056 [============================>.] - ETA: 1s - loss: 0.1562
- val_loss: 3.2893
- val_all_f1:  0.5256 0.5256 0.5256
- val_exp_f1:  0.8164 0.8164 0.8164
- val_non_f1:  0.2697 0.2697 0.2697

13056/13056 [==============================] - 285s - loss: 0.1564 - val_loss: 3.2893
Epoch 131/1000
12992/13056 [============================>.] - ETA: 1s - loss: 0.1370
- val_loss: 3.3663
- val_all_f1:  0.5241 0.5241 0.5241
- val_exp_f1:  0.8255 0.8255 0.8255
- val_non_f1:  0.2590 0.2590 0.2590

13056/13056 [==============================] - 285s - loss: 0.1377 - val_loss: 3.3663
[2019-03-08 20:58] training finished (ex/conll16st-v35nodropout-en)
[2019-03-08 20:58] best_val_loss: 29 - loss: 0.6749 - val_loss: 1.4150 - val_all_f1: 0.5938 - val_exp_f1: 0.8938 - val_non_f1: 0.3298
[2019-03-08 20:58] best_val_all_f1: 29 - loss: 0.6749 - val_loss: 1.4150 - val_all_f1: 0.5938 - val_exp_f1: 0.8938 - val_non_f1: 0.3298
[2019-03-08 20:58] time: loaded: 346.3238 - prepared: 800.9336 - trained: 37338.6072 - epoch: 2850.2754 - epoch_cnt: 13.1000 - epoch_samples: 130560.0000
