[2017-07-20 15:10] configuration (ex/conll16st-v35b1-en-fd-8-rn-8-3)
[2017-07-20 15:10]   config 'arg1_len': 100
[2017-07-20 15:10]   config 'arg2_len': 100
[2017-07-20 15:10]   config 'backend': theano
[2017-07-20 15:10]   config 'backend_theano': device=gpu,floatX=float32,nvcc.fastmath=True,lib.cnmem=1
[2017-07-20 15:10]   config 'batch_size': 64
[2017-07-20 15:10]   config 'conn_len': 10
[2017-07-20 15:10]   config 'continue_': False
[2017-07-20 15:10]   config 'curriculum_end': 0.0
[2017-07-20 15:10]   config 'epochs': 1000
[2017-07-20 15:10]   config 'epochs_patience': 100
[2017-07-20 15:10]   config 'epochs_ratio': 0.1
[2017-07-20 15:10]   config 'filter_act': sigmoid
[2017-07-20 15:10]   config 'filter_append_act': linear
[2017-07-20 15:10]   config 'filter_append_batchnorm': False
[2017-07-20 15:10]   config 'filter_append_dim': 0
[2017-07-20 15:10]   config 'filter_append_dropout': 0.0
[2017-07-20 15:10]   config 'filter_apply': mul
[2017-07-20 15:10]   config 'filter_dim': 8
[2017-07-20 15:10]   config 'filter_dropout_U': 0.0
[2017-07-20 15:10]   config 'filter_dropout_W': 0.0
[2017-07-20 15:10]   config 'filter_fn_name': None
[2017-07-20 15:10]   config 'filter_shared': global
[2017-07-20 15:10]   config 'filter_type': lstm-fb
[2017-07-20 15:10]   config 'filter_zoneout_c': 0.0
[2017-07-20 15:10]   config 'filter_zoneout_h': 0.0
[2017-07-20 15:10]   config 'final_act': SReLU
[2017-07-20 15:10]   config 'final_dim': 80
[2017-07-20 15:10]   config 'final_dropout': 0.3
[2017-07-20 15:10]   config 'lang': en
[2017-07-20 15:10]   config 'masking': True
[2017-07-20 15:10]   config 'mode': word
[2017-07-20 15:10]   config 'model_dir': ex/conll16st-v35b1-en-fd-8-rn-8-3
[2017-07-20 15:10]   config 'optimizer': adam
[2017-07-20 15:10]   config 'original_positives': 0
[2017-07-20 15:10]   config 'punc_len': 0
[2017-07-20 15:10]   config 'random_negatives': 2
[2017-07-20 15:10]   config 'random_positives': 2
[2017-07-20 15:10]   config 'random_proba_1': 0.1
[2017-07-20 15:10]   config 'random_proba_2': 0.1
[2017-07-20 15:10]   config 'random_proba_3': 0.9
[2017-07-20 15:10]   config 'rnn_act': tanh
[2017-07-20 15:10]   config 'rnn_dim': 20
[2017-07-20 15:10]   config 'rnn_dropout_U': 0.0
[2017-07-20 15:10]   config 'rnn_dropout_W': 0.0
[2017-07-20 15:10]   config 'rnn_dropout_merge': 0.3
[2017-07-20 15:10]   config 'rnn_merge': concat
[2017-07-20 15:10]   config 'rnn_num': 8
[2017-07-20 15:10]   config 'rnn_shared': aspect
[2017-07-20 15:10]   config 'rnn_type': lstm-fwd
[2017-07-20 15:10]   config 'rnn_zoneout_c': 0.0
[2017-07-20 15:10]   config 'rnn_zoneout_h': 0.0
[2017-07-20 15:10]   config 'snapshot_size': 2048
[2017-07-20 15:10]   config 'train_dir': data/conll16st-en-03-29-16-train
[2017-07-20 15:10]   config 'valid_dir': data/conll16st-en-03-29-16-dev
[2017-07-20 15:10]   config 'words2vec_bin': None
[2017-07-20 15:10]   config 'words2vec_txt': None
[2017-07-20 15:10]   config 'words_dim': 20
[2017-07-20 15:10]   config 'words_dropout': 0.3
[2017-07-20 15:10]   config 'words_shared': global
[2017-07-20 15:10]   config 'words_trainable': True
[2017-07-20 15:10] load dataset for training (data/conll16st-en-03-29-16-train)
[2017-07-20 15:14]   lang: en, doc_ids: 1756, words: 933049, rel_ids: 32535, relation tokens: 1159204
[2017-07-20 15:14] load dataset for validation (data/conll16st-en-03-29-16-dev)
[2017-07-20 15:14]   lang: en, doc_ids: 79, words: 39712, rel_ids: 1436, relation tokens: 48882
[2017-07-20 15:14] build indexes from training
[2017-07-20 15:14]   words2id: 43918, target2id: 23
[2017-07-20 15:14] target class distribution from training
[2017-07-20 15:14]   class 0 = 'None': None
[2017-07-20 15:14]   class 1 = '': None
[2017-07-20 15:14]   class 2 = 'Expansion.Conjunction': 7817
[2017-07-20 15:14]   class 3 = 'Comparison.Contrast': 4714
[2017-07-20 15:14]   class 4 = 'EntRel': 4133
[2017-07-20 15:14]   class 5 = 'Contingency.Cause.Reason': 3344
[2017-07-20 15:14]   class 6 = 'Expansion.Restatement': 2699
[2017-07-20 15:14]   class 7 = 'Contingency.Cause.Result': 2137
[2017-07-20 15:14]   class 8 = 'Temporal.Synchrony': 1499
[2017-07-20 15:14]   class 9 = 'Expansion.Instantiation': 1403
[2017-07-20 15:14]   class 10 = 'Comparison.Concession': 1293
[2017-07-20 15:14]   class 11 = 'Temporal.Asynchronous.Precedence': 1277
[2017-07-20 15:14]   class 12 = 'Contingency.Condition': 1197
[2017-07-20 15:14]   class 13 = 'Temporal.Asynchronous.Succession': 1014
[2017-07-20 15:14]   class 14 = 'Comparison': 992
[2017-07-20 15:14]   class 15 = 'Expansion': 630
[2017-07-20 15:14]   class 16 = 'Expansion.Alternative.Chosen alternative': 241
[2017-07-20 15:14]   class 17 = 'Expansion.Alternative': 210
[2017-07-20 15:14]   class 18 = 'Temporal': 27
[2017-07-20 15:14]   class 19 = 'Contingency': 24
[2017-07-20 15:14]   class 20 = 'Expansion.Exception': 15
[2017-07-20 15:14]   class 21 = 'Temporal.Asynchronous': 6
[2017-07-20 15:14]   class 22 = 'Contingency.Cause': 2
[2017-07-20 15:14] build model
____________________________________________________________________________________________________
Layer (type)                     Output Shape          Param #     Connected to                     
====================================================================================================
arg1_ids (InputLayer)            (None, 100)           0                                            
____________________________________________________________________________________________________
arg2_ids (InputLayer)            (None, 100)           0                                            
____________________________________________________________________________________________________
conn_ids (InputLayer)            (None, 10)            0                                            
____________________________________________________________________________________________________
embedding_1 (Embedding)          multiple              878360      arg1_ids[0][0]                   
                                                                   arg2_ids[0][0]                   
                                                                   conn_ids[0][0]                   
____________________________________________________________________________________________________
shareablelstm_1 (ShareableLSTM)  multiple              928         embedding_1[0][0]                
                                                                   embedding_1[1][0]                
                                                                   embedding_1[2][0]                
____________________________________________________________________________________________________
shareablelstm_2 (ShareableLSTM)  multiple              928         embedding_1[0][0]                
                                                                   embedding_1[1][0]                
                                                                   embedding_1[2][0]                
____________________________________________________________________________________________________
merge_1 (Merge)                  (None, 100, 8)        0           shareablelstm_1[0][0]            
                                                                   shareablelstm_2[0][0]            
____________________________________________________________________________________________________
merge_11 (Merge)                 (None, 100, 8)        0           shareablelstm_1[1][0]            
                                                                   shareablelstm_2[1][0]            
____________________________________________________________________________________________________
merge_21 (Merge)                 (None, 10, 8)         0           shareablelstm_1[2][0]            
                                                                   shareablelstm_2[2][0]            
____________________________________________________________________________________________________
arg1_filters (Activation)        (None, 100, 8)        0           merge_1[0][0]                    
____________________________________________________________________________________________________
arg2_filters (Activation)        (None, 100, 8)        0           merge_11[0][0]                   
____________________________________________________________________________________________________
conn_filters (Activation)        (None, 10, 8)         0           merge_21[0][0]                   
____________________________________________________________________________________________________
merge_2 (Merge)                  (None, 100, 20)       0           embedding_1[0][0]                
                                                                   arg1_filters[0][0]               
____________________________________________________________________________________________________
merge_3 (Merge)                  (None, 100, 20)       0           embedding_1[0][0]                
                                                                   arg1_filters[0][0]               
____________________________________________________________________________________________________
merge_4 (Merge)                  (None, 100, 20)       0           embedding_1[0][0]                
                                                                   arg1_filters[0][0]               
____________________________________________________________________________________________________
merge_5 (Merge)                  (None, 100, 20)       0           embedding_1[0][0]                
                                                                   arg1_filters[0][0]               
____________________________________________________________________________________________________
merge_6 (Merge)                  (None, 100, 20)       0           embedding_1[0][0]                
                                                                   arg1_filters[0][0]               
____________________________________________________________________________________________________
merge_7 (Merge)                  (None, 100, 20)       0           embedding_1[0][0]                
                                                                   arg1_filters[0][0]               
____________________________________________________________________________________________________
merge_8 (Merge)                  (None, 100, 20)       0           embedding_1[0][0]                
                                                                   arg1_filters[0][0]               
____________________________________________________________________________________________________
merge_9 (Merge)                  (None, 100, 20)       0           embedding_1[0][0]                
                                                                   arg1_filters[0][0]               
____________________________________________________________________________________________________
merge_12 (Merge)                 (None, 100, 20)       0           embedding_1[1][0]                
                                                                   arg2_filters[0][0]               
____________________________________________________________________________________________________
merge_13 (Merge)                 (None, 100, 20)       0           embedding_1[1][0]                
                                                                   arg2_filters[0][0]               
____________________________________________________________________________________________________
merge_14 (Merge)                 (None, 100, 20)       0           embedding_1[1][0]                
                                                                   arg2_filters[0][0]               
____________________________________________________________________________________________________
merge_15 (Merge)                 (None, 100, 20)       0           embedding_1[1][0]                
                                                                   arg2_filters[0][0]               
____________________________________________________________________________________________________
merge_16 (Merge)                 (None, 100, 20)       0           embedding_1[1][0]                
                                                                   arg2_filters[0][0]               
____________________________________________________________________________________________________
merge_17 (Merge)                 (None, 100, 20)       0           embedding_1[1][0]                
                                                                   arg2_filters[0][0]               
____________________________________________________________________________________________________
merge_18 (Merge)                 (None, 100, 20)       0           embedding_1[1][0]                
                                                                   arg2_filters[0][0]               
____________________________________________________________________________________________________
merge_19 (Merge)                 (None, 100, 20)       0           embedding_1[1][0]                
                                                                   arg2_filters[0][0]               
____________________________________________________________________________________________________
merge_22 (Merge)                 (None, 10, 20)        0           embedding_1[2][0]                
                                                                   conn_filters[0][0]               
____________________________________________________________________________________________________
merge_23 (Merge)                 (None, 10, 20)        0           embedding_1[2][0]                
                                                                   conn_filters[0][0]               
____________________________________________________________________________________________________
merge_24 (Merge)                 (None, 10, 20)        0           embedding_1[2][0]                
                                                                   conn_filters[0][0]               
____________________________________________________________________________________________________
merge_25 (Merge)                 (None, 10, 20)        0           embedding_1[2][0]                
                                                                   conn_filters[0][0]               
____________________________________________________________________________________________________
merge_26 (Merge)                 (None, 10, 20)        0           embedding_1[2][0]                
                                                                   conn_filters[0][0]               
____________________________________________________________________________________________________
merge_27 (Merge)                 (None, 10, 20)        0           embedding_1[2][0]                
                                                                   conn_filters[0][0]               
____________________________________________________________________________________________________
merge_28 (Merge)                 (None, 10, 20)        0           embedding_1[2][0]                
                                                                   conn_filters[0][0]               
____________________________________________________________________________________________________
merge_29 (Merge)                 (None, 10, 20)        0           embedding_1[2][0]                
                                                                   conn_filters[0][0]               
____________________________________________________________________________________________________
shareablelstm_3 (ShareableLSTM)  (None, 20)            3280        merge_2[0][0]                    
                                                                   merge_12[0][0]                   
                                                                   merge_22[0][0]                   
____________________________________________________________________________________________________
shareablelstm_5 (ShareableLSTM)  (None, 20)            3280        merge_3[0][0]                    
                                                                   merge_13[0][0]                   
                                                                   merge_23[0][0]                   
____________________________________________________________________________________________________
shareablelstm_7 (ShareableLSTM)  (None, 20)            3280        merge_4[0][0]                    
                                                                   merge_14[0][0]                   
                                                                   merge_24[0][0]                   
____________________________________________________________________________________________________
shareablelstm_9 (ShareableLSTM)  (None, 20)            3280        merge_5[0][0]                    
                                                                   merge_15[0][0]                   
                                                                   merge_25[0][0]                   
____________________________________________________________________________________________________
shareablelstm_11 (ShareableLSTM) (None, 20)            3280        merge_6[0][0]                    
                                                                   merge_16[0][0]                   
                                                                   merge_26[0][0]                   
____________________________________________________________________________________________________
shareablelstm_13 (ShareableLSTM) (None, 20)            3280        merge_7[0][0]                    
                                                                   merge_17[0][0]                   
                                                                   merge_27[0][0]                   
____________________________________________________________________________________________________
shareablelstm_15 (ShareableLSTM) (None, 20)            3280        merge_8[0][0]                    
                                                                   merge_18[0][0]                   
                                                                   merge_28[0][0]                   
____________________________________________________________________________________________________
shareablelstm_17 (ShareableLSTM) (None, 20)            3280        merge_9[0][0]                    
                                                                   merge_19[0][0]                   
                                                                   merge_29[0][0]                   
____________________________________________________________________________________________________
merge_10 (Merge)                 (None, 160)           0           shareablelstm_3[0][0]            
                                                                   shareablelstm_5[0][0]            
                                                                   shareablelstm_7[0][0]            
                                                                   shareablelstm_9[0][0]            
                                                                   shareablelstm_11[0][0]           
                                                                   shareablelstm_13[0][0]           
                                                                   shareablelstm_15[0][0]           
                                                                   shareablelstm_17[0][0]           
____________________________________________________________________________________________________
merge_20 (Merge)                 (None, 160)           0           shareablelstm_3[1][0]            
                                                                   shareablelstm_5[1][0]            
                                                                   shareablelstm_7[1][0]            
                                                                   shareablelstm_9[1][0]            
                                                                   shareablelstm_11[1][0]           
                                                                   shareablelstm_13[1][0]           
                                                                   shareablelstm_15[1][0]           
                                                                   shareablelstm_17[1][0]           
____________________________________________________________________________________________________
merge_30 (Merge)                 (None, 160)           0           shareablelstm_3[2][0]            
                                                                   shareablelstm_5[2][0]            
                                                                   shareablelstm_7[2][0]            
                                                                   shareablelstm_9[2][0]            
                                                                   shareablelstm_11[2][0]           
                                                                   shareablelstm_13[2][0]           
                                                                   shareablelstm_15[2][0]           
                                                                   shareablelstm_17[2][0]           
____________________________________________________________________________________________________
dropout_1 (Dropout)              (None, 160)           0           merge_10[0][0]                   
____________________________________________________________________________________________________
dropout_2 (Dropout)              (None, 160)           0           merge_20[0][0]                   
____________________________________________________________________________________________________
dropout_3 (Dropout)              (None, 160)           0           merge_30[0][0]                   
____________________________________________________________________________________________________
merge_31 (Merge)                 (None, 480)           0           dropout_1[0][0]                  
                                                                   dropout_2[0][0]                  
                                                                   dropout_3[0][0]                  
____________________________________________________________________________________________________
dense_1 (Dense)                  (None, 80)            38480       merge_31[0][0]                   
____________________________________________________________________________________________________
srelu_1 (SReLU)                  (None, 80)            320         dense_1[0][0]                    
____________________________________________________________________________________________________
dropout_4 (Dropout)              (None, 80)            0           srelu_1[0][0]                    
____________________________________________________________________________________________________
dense_2 (Dense)                  (None, 23)            1863        dropout_4[0][0]                  
____________________________________________________________________________________________________
target (Activation)              (None, 23)            0           dense_2[0][0]                    
====================================================================================================
Total params: 947,119
Trainable params: 947,119
Non-trainable params: 0
____________________________________________________________________________________________________
[2017-07-20 15:25] initialize weights
[2017-07-20 15:25] training preparation
[2017-07-20 15:25] train model (ex/conll16st-v35b1-en-fd-8-rn-8-3)
Epoch 1/1000
12992/13056 [============================>.] - ETA: 1s - loss: 2.0625
- val_loss: 2.9781
- val_all_f1:  0.2202 0.2202 0.2202
- val_exp_f1:  0.2807 0.2807 0.2807
- val_non_f1:  0.1669 0.1669 0.1669

13056/13056 [==============================] - 240s - loss: 2.0607 - val_loss: 2.9781
Epoch 2/1000
12992/13056 [============================>.] - ETA: 1s - loss: 1.3794
- val_loss: 2.5030
- val_all_f1:  0.2202 0.2202 0.2202
- val_exp_f1:  0.2807 0.2807 0.2807
- val_non_f1:  0.1669 0.1669 0.1669

13056/13056 [==============================] - 234s - loss: 1.3800 - val_loss: 2.5030
Epoch 3/1000
12992/13056 [============================>.] - ETA: 1s - loss: 1.2909
- val_loss: 2.3438
- val_all_f1:  0.2876 0.2876 0.2876
- val_exp_f1:  0.2777 0.2777 0.2777
- val_non_f1:  0.2964 0.2964 0.2964

13056/13056 [==============================] - 235s - loss: 1.2923 - val_loss: 2.3438
Epoch 4/1000
12992/13056 [============================>.] - ETA: 1s - loss: 1.2654
- val_loss: 2.2389
- val_all_f1:  0.2805 0.2805 0.2805
- val_exp_f1:  0.2868 0.2868 0.2868
- val_non_f1:  0.2750 0.2750 0.2750

13056/13056 [==============================] - 236s - loss: 1.2659 - val_loss: 2.2389
Epoch 5/1000
12992/13056 [============================>.] - ETA: 1s - loss: 1.1897
- val_loss: 2.1600
- val_all_f1:  0.3530 0.3530 0.3530
- val_exp_f1:  0.5402 0.5402 0.5402
- val_non_f1:  0.1883 0.1883 0.1883

13056/13056 [==============================] - 236s - loss: 1.1886 - val_loss: 2.1600
Epoch 6/1000
12992/13056 [============================>.] - ETA: 1s - loss: 1.1593
- val_loss: 2.0577
- val_all_f1:  0.3885 0.3885 0.3885
- val_exp_f1:  0.5588 0.5554 0.5571
- val_non_f1:  0.2417 0.2417 0.2417

13056/13056 [==============================] - 241s - loss: 1.1595 - val_loss: 2.0577
Epoch 7/1000
12992/13056 [============================>.] - ETA: 1s - loss: 1.1136
- val_loss: 1.9793
- val_all_f1:  0.4141 0.4141 0.4141
- val_exp_f1:  0.5575 0.5448 0.5510
- val_non_f1:  0.2991 0.2991 0.2991

13056/13056 [==============================] - 237s - loss: 1.1141 - val_loss: 1.9793
Epoch 8/1000
12992/13056 [============================>.] - ETA: 1s - loss: 1.0966
- val_loss: 1.8842
- val_all_f1:  0.4737 0.4737 0.4737
- val_exp_f1:  0.6672 0.6540 0.6605
- val_non_f1:  0.3151 0.3151 0.3151

13056/13056 [==============================] - 237s - loss: 1.0956 - val_loss: 1.8842
Epoch 9/1000
12992/13056 [============================>.] - ETA: 1s - loss: 1.0559
- val_loss: 1.8407
- val_all_f1:  0.4638 0.4638 0.4638
- val_exp_f1:  0.6472 0.6404 0.6438
- val_non_f1:  0.3084 0.3084 0.3084

13056/13056 [==============================] - 237s - loss: 1.0563 - val_loss: 1.8407
Epoch 10/1000
12992/13056 [============================>.] - ETA: 1s - loss: 1.0534
- val_loss: 1.7731
- val_all_f1:  0.5007 0.5007 0.5007
- val_exp_f1:  0.7241 0.7208 0.7224
- val_non_f1:  0.3071 0.3071 0.3071

13056/13056 [==============================] - 237s - loss: 1.0545 - val_loss: 1.7731
Epoch 11/1000
12992/13056 [============================>.] - ETA: 1s - loss: 1.0317
- val_loss: 1.8016
- val_all_f1:  0.4986 0.4986 0.4986
- val_exp_f1:  0.7332 0.7299 0.7316
- val_non_f1:  0.2951 0.2951 0.2951

13056/13056 [==============================] - 237s - loss: 1.0321 - val_loss: 1.8016
Epoch 12/1000
12992/13056 [============================>.] - ETA: 1s - loss: 1.0205
- val_loss: 1.7098
- val_all_f1:  0.5064 0.5064 0.5064
- val_exp_f1:  0.7348 0.7314 0.7331
- val_non_f1:  0.3088 0.3084 0.3086

13056/13056 [==============================] - 238s - loss: 1.0194 - val_loss: 1.7098
Epoch 13/1000
12992/13056 [============================>.] - ETA: 1s - loss: 1.0005
- val_loss: 1.6939
- val_all_f1:  0.5334 0.5334 0.5334
- val_exp_f1:  0.8073 0.8012 0.8043
- val_non_f1:  0.2981 0.2977 0.2979

13056/13056 [==============================] - 236s - loss: 1.0000 - val_loss: 1.6939
Epoch 14/1000
12992/13056 [============================>.] - ETA: 1s - loss: 0.9822
- val_loss: 1.7674
- val_all_f1:  0.4858 0.4858 0.4858
- val_exp_f1:  0.7610 0.7587 0.7599
- val_non_f1:  0.2460 0.2457 0.2458

13056/13056 [==============================] - 238s - loss: 0.9832 - val_loss: 1.7674
Epoch 15/1000
12992/13056 [============================>.] - ETA: 1s - loss: 0.9648
- val_loss: 1.6439
- val_all_f1:  0.4659 0.4659 0.4659
- val_exp_f1:  0.7906 0.7906 0.7906
- val_non_f1:  0.1805 0.1802 0.1804

13056/13056 [==============================] - 237s - loss: 0.9649 - val_loss: 1.6439
Epoch 16/1000
12992/13056 [============================>.] - ETA: 1s - loss: 0.9787
- val_loss: 1.6405
- val_all_f1:  0.5028 0.5028 0.5028
- val_exp_f1:  0.8422 0.8422 0.8422
- val_non_f1:  0.2045 0.2043 0.2044

13056/13056 [==============================] - 236s - loss: 0.9786 - val_loss: 1.6405
Epoch 17/1000
12992/13056 [============================>.] - ETA: 1s - loss: 0.9917
- val_loss: 1.6674
- val_all_f1:  0.5341 0.5341 0.5341
- val_exp_f1:  0.8052 0.8027 0.8040
- val_non_f1:  0.2977 0.2977 0.2977

13056/13056 [==============================] - 238s - loss: 0.9915 - val_loss: 1.6674
Epoch 18/1000
12992/13056 [============================>.] - ETA: 1s - loss: 1.0008
- val_loss: 1.6888
- val_all_f1:  0.5284 0.5284 0.5284
- val_exp_f1:  0.8164 0.8164 0.8164
- val_non_f1:  0.2750 0.2750 0.2750

13056/13056 [==============================] - 236s - loss: 1.0005 - val_loss: 1.6888
Epoch 19/1000
12992/13056 [============================>.] - ETA: 1s - loss: 0.9606
- val_loss: 1.5860
- val_all_f1:  0.5554 0.5554 0.5554
- val_exp_f1:  0.8452 0.8452 0.8452
- val_non_f1:  0.3008 0.3004 0.3006

13056/13056 [==============================] - 237s - loss: 0.9596 - val_loss: 1.5860
Epoch 20/1000
12992/13056 [============================>.] - ETA: 1s - loss: 0.9612
- val_loss: 1.5594
- val_all_f1:  0.5526 0.5526 0.5526
- val_exp_f1:  0.8574 0.8574 0.8574
- val_non_f1:  0.2848 0.2844 0.2846

13056/13056 [==============================] - 236s - loss: 0.9619 - val_loss: 1.5594
Epoch 21/1000
12992/13056 [============================>.] - ETA: 1s - loss: 0.9097
- val_loss: 1.5878
- val_all_f1:  0.5483 0.5483 0.5483
- val_exp_f1:  0.8513 0.8513 0.8513
- val_non_f1:  0.2817 0.2817 0.2817

13056/13056 [==============================] - 236s - loss: 0.9101 - val_loss: 1.5878
Epoch 22/1000
12992/13056 [============================>.] - ETA: 1s - loss: 0.9447
- val_loss: 1.5968
- val_all_f1:  0.5348 0.5348 0.5348
- val_exp_f1:  0.7815 0.7815 0.7815
- val_non_f1:  0.3182 0.3178 0.3180

13056/13056 [==============================] - 237s - loss: 0.9454 - val_loss: 1.5968
Epoch 23/1000
12992/13056 [============================>.] - ETA: 1s - loss: 0.9415
- val_loss: 1.5538
- val_all_f1:  0.5362 0.5362 0.5362
- val_exp_f1:  0.8483 0.8483 0.8483
- val_non_f1:  0.2620 0.2617 0.2619

13056/13056 [==============================] - 234s - loss: 0.9414 - val_loss: 1.5538
Epoch 24/1000
12992/13056 [============================>.] - ETA: 1s - loss: 0.9319
- val_loss: 1.5337
- val_all_f1:  0.5618 0.5618 0.5618
- val_exp_f1:  0.8574 0.8574 0.8574
- val_non_f1:  0.3017 0.3017 0.3017

13056/13056 [==============================] - 235s - loss: 0.9311 - val_loss: 1.5337
Epoch 25/1000
12992/13056 [============================>.] - ETA: 1s - loss: 0.9430
- val_loss: 1.5724
- val_all_f1:  0.5788 0.5788 0.5788
- val_exp_f1:  0.8801 0.8801 0.8801
- val_non_f1:  0.3138 0.3138 0.3138

13056/13056 [==============================] - 233s - loss: 0.9416 - val_loss: 1.5724
Epoch 26/1000
12992/13056 [============================>.] - ETA: 1s - loss: 0.9384
- val_loss: 1.5576
- val_all_f1:  0.5717 0.5717 0.5717
- val_exp_f1:  0.8801 0.8801 0.8801
- val_non_f1:  0.3008 0.3004 0.3006

13056/13056 [==============================] - 233s - loss: 0.9381 - val_loss: 1.5576
Epoch 27/1000
12992/13056 [============================>.] - ETA: 1s - loss: 0.9347
- val_loss: 1.6063
- val_all_f1:  0.5724 0.5724 0.5724
- val_exp_f1:  0.8750 0.8710 0.8730
- val_non_f1:  0.3097 0.3097 0.3097

13056/13056 [==============================] - 234s - loss: 0.9357 - val_loss: 1.6063
Epoch 28/1000
12992/13056 [============================>.] - ETA: 1s - loss: 0.9414
- val_loss: 1.5358
- val_all_f1:  0.5746 0.5746 0.5746
- val_exp_f1:  0.8832 0.8832 0.8832
- val_non_f1:  0.3031 0.3031 0.3031

13056/13056 [==============================] - 233s - loss: 0.9405 - val_loss: 1.5358
Epoch 29/1000
12992/13056 [============================>.] - ETA: 1s - loss: 0.9319
- val_loss: 1.6168
- val_all_f1:  0.5114 0.5114 0.5114
- val_exp_f1:  0.8103 0.8103 0.8103
- val_non_f1:  0.2483 0.2483 0.2483

13056/13056 [==============================] - 234s - loss: 0.9315 - val_loss: 1.6168
Epoch 30/1000
12992/13056 [============================>.] - ETA: 1s - loss: 0.9506
- val_loss: 1.5816
- val_all_f1:  0.5163 0.5163 0.5163
- val_exp_f1:  0.8695 0.8695 0.8695
- val_non_f1:  0.2056 0.2056 0.2056

13056/13056 [==============================] - 234s - loss: 0.9513 - val_loss: 1.5816
Epoch 31/1000
12992/13056 [============================>.] - ETA: 1s - loss: 0.9270
- val_loss: 1.5323
- val_all_f1:  0.5781 0.5781 0.5781
- val_exp_f1:  0.8710 0.8710 0.8710
- val_non_f1:  0.3204 0.3204 0.3204

13056/13056 [==============================] - 234s - loss: 0.9268 - val_loss: 1.5323
Epoch 32/1000
12992/13056 [============================>.] - ETA: 1s - loss: 0.9271
- val_loss: 1.5194
- val_all_f1:  0.5490 0.5490 0.5490
- val_exp_f1:  0.8801 0.8801 0.8801
- val_non_f1:  0.2577 0.2577 0.2577

13056/13056 [==============================] - 234s - loss: 0.9271 - val_loss: 1.5194
Epoch 33/1000
12992/13056 [============================>.] - ETA: 1s - loss: 0.8972
- val_loss: 1.4692
- val_all_f1:  0.5973 0.5973 0.5973
- val_exp_f1:  0.9074 0.9074 0.9074
- val_non_f1:  0.3244 0.3244 0.3244

13056/13056 [==============================] - 235s - loss: 0.8981 - val_loss: 1.4692
Epoch 34/1000
12992/13056 [============================>.] - ETA: 1s - loss: 0.9212
- val_loss: 1.5271
- val_all_f1:  0.5739 0.5739 0.5739
- val_exp_f1:  0.8723 0.8710 0.8717
- val_non_f1:  0.3124 0.3124 0.3124

13056/13056 [==============================] - 235s - loss: 0.9216 - val_loss: 1.5271
Epoch 35/1000
12992/13056 [============================>.] - ETA: 1s - loss: 0.9160
- val_loss: 1.4931
- val_all_f1:  0.5895 0.5895 0.5895
- val_exp_f1:  0.8938 0.8938 0.8938
- val_non_f1:  0.3218 0.3218 0.3218

13056/13056 [==============================] - 233s - loss: 0.9151 - val_loss: 1.4931
Epoch 36/1000
12992/13056 [============================>.] - ETA: 1s - loss: 0.9041
- val_loss: 1.4957
- val_all_f1:  0.5866 0.5866 0.5866
- val_exp_f1:  0.8923 0.8923 0.8923
- val_non_f1:  0.3178 0.3178 0.3178

13056/13056 [==============================] - 233s - loss: 0.9056 - val_loss: 1.4957
Epoch 37/1000
12992/13056 [============================>.] - ETA: 1s - loss: 0.9091
- val_loss: 1.4928
- val_all_f1:  0.5888 0.5888 0.5888
- val_exp_f1:  0.8756 0.8756 0.8756
- val_non_f1:  0.3364 0.3364 0.3364

13056/13056 [==============================] - 233s - loss: 0.9092 - val_loss: 1.4928
Epoch 38/1000
12992/13056 [============================>.] - ETA: 1s - loss: 0.9035
- val_loss: 1.5017
- val_all_f1:  0.5497 0.5497 0.5497
- val_exp_f1:  0.8862 0.8862 0.8862
- val_non_f1:  0.2537 0.2537 0.2537

13056/13056 [==============================] - 233s - loss: 0.9031 - val_loss: 1.5017
Epoch 39/1000
12992/13056 [============================>.] - ETA: 1s - loss: 0.8798
- val_loss: 1.4265
- val_all_f1:  0.6009 0.6009 0.6009
- val_exp_f1:  0.9074 0.9074 0.9074
- val_non_f1:  0.3311 0.3311 0.3311

13056/13056 [==============================] - 234s - loss: 0.8795 - val_loss: 1.4265
Epoch 40/1000
12992/13056 [============================>.] - ETA: 1s - loss: 0.8754
- val_loss: 1.4615
- val_all_f1:  0.5952 0.5952 0.5952
- val_exp_f1:  0.8983 0.8983 0.8983
- val_non_f1:  0.3284 0.3284 0.3284

13056/13056 [==============================] - 235s - loss: 0.8757 - val_loss: 1.4615
Epoch 41/1000
12992/13056 [============================>.] - ETA: 1s - loss: 0.8789
- val_loss: 1.4475
- val_all_f1:  0.5859 0.5859 0.5859
- val_exp_f1:  0.9044 0.9044 0.9044
- val_non_f1:  0.3057 0.3057 0.3057

13056/13056 [==============================] - 234s - loss: 0.8786 - val_loss: 1.4475
Epoch 42/1000
12992/13056 [============================>.] - ETA: 1s - loss: 0.8803
- val_loss: 1.4814
- val_all_f1:  0.5717 0.5717 0.5717
- val_exp_f1:  0.8619 0.8619 0.8619
- val_non_f1:  0.3164 0.3164 0.3164

13056/13056 [==============================] - 234s - loss: 0.8807 - val_loss: 1.4814
Epoch 43/1000
12992/13056 [============================>.] - ETA: 1s - loss: 0.8727
- val_loss: 1.5263
- val_all_f1:  0.5703 0.5703 0.5703
- val_exp_f1:  0.8786 0.8786 0.8786
- val_non_f1:  0.2991 0.2991 0.2991

13056/13056 [==============================] - 233s - loss: 0.8720 - val_loss: 1.5263
Epoch 44/1000
12992/13056 [============================>.] - ETA: 1s - loss: 0.8582
- val_loss: 1.4663
- val_all_f1:  0.5916 0.5916 0.5916
- val_exp_f1:  0.8953 0.8953 0.8953
- val_non_f1:  0.3244 0.3244 0.3244

13056/13056 [==============================] - 233s - loss: 0.8584 - val_loss: 1.4663
Epoch 45/1000
12992/13056 [============================>.] - ETA: 1s - loss: 0.8873
- val_loss: 1.4897
- val_all_f1:  0.5767 0.5767 0.5767
- val_exp_f1:  0.8892 0.8892 0.8892
- val_non_f1:  0.3017 0.3017 0.3017

13056/13056 [==============================] - 234s - loss: 0.8876 - val_loss: 1.4897
Epoch 46/1000
12992/13056 [============================>.] - ETA: 1s - loss: 0.8744
- val_loss: 1.4428
- val_all_f1:  0.6037 0.6037 0.6037
- val_exp_f1:  0.8923 0.8923 0.8923
- val_non_f1:  0.3498 0.3498 0.3498

13056/13056 [==============================] - 233s - loss: 0.8740 - val_loss: 1.4428
Epoch 47/1000
12992/13056 [============================>.] - ETA: 1s - loss: 0.8658
- val_loss: 1.4806
- val_all_f1:  0.5774 0.5774 0.5774
- val_exp_f1:  0.8892 0.8892 0.8892
- val_non_f1:  0.3031 0.3031 0.3031

13056/13056 [==============================] - 233s - loss: 0.8648 - val_loss: 1.4806
Epoch 48/1000
12992/13056 [============================>.] - ETA: 1s - loss: 0.8893
- val_loss: 1.4489
- val_all_f1:  0.5945 0.5945 0.5945
- val_exp_f1:  0.8968 0.8968 0.8968
- val_non_f1:  0.3284 0.3284 0.3284

13056/13056 [==============================] - 232s - loss: 0.8882 - val_loss: 1.4489
Epoch 49/1000
12992/13056 [============================>.] - ETA: 1s - loss: 0.8613
- val_loss: 1.4698
- val_all_f1:  0.5881 0.5881 0.5881
- val_exp_f1:  0.8786 0.8786 0.8786
- val_non_f1:  0.3324 0.3324 0.3324

13056/13056 [==============================] - 232s - loss: 0.8618 - val_loss: 1.4698
Epoch 50/1000
12992/13056 [============================>.] - ETA: 1s - loss: 0.8527
- val_loss: 1.4452
- val_all_f1:  0.5938 0.5938 0.5938
- val_exp_f1:  0.8938 0.8938 0.8938
- val_non_f1:  0.3298 0.3298 0.3298

13056/13056 [==============================] - 233s - loss: 0.8536 - val_loss: 1.4452
Epoch 51/1000
12992/13056 [============================>.] - ETA: 1s - loss: 0.8568
- val_loss: 1.4669
- val_all_f1:  0.5874 0.5874 0.5874
- val_exp_f1:  0.8923 0.8923 0.8923
- val_non_f1:  0.3191 0.3191 0.3191

13056/13056 [==============================] - 233s - loss: 0.8564 - val_loss: 1.4669
Epoch 52/1000
12992/13056 [============================>.] - ETA: 1s - loss: 0.8570
- val_loss: 1.5436
- val_all_f1:  0.5497 0.5497 0.5497
- val_exp_f1:  0.8407 0.8407 0.8407
- val_non_f1:  0.2937 0.2937 0.2937

13056/13056 [==============================] - 233s - loss: 0.8558 - val_loss: 1.5436
Epoch 53/1000
12992/13056 [============================>.] - ETA: 1s - loss: 0.8443
- val_loss: 1.4900
- val_all_f1:  0.5774 0.5774 0.5774
- val_exp_f1:  0.8907 0.8907 0.8907
- val_non_f1:  0.3017 0.3017 0.3017

13056/13056 [==============================] - 232s - loss: 0.8435 - val_loss: 1.4900
Epoch 54/1000
12992/13056 [============================>.] - ETA: 1s - loss: 0.8660
- val_loss: 1.4871
- val_all_f1:  0.5703 0.5703 0.5703
- val_exp_f1:  0.8756 0.8756 0.8756
- val_non_f1:  0.3017 0.3017 0.3017

13056/13056 [==============================] - 232s - loss: 0.8657 - val_loss: 1.4871
Epoch 55/1000
12992/13056 [============================>.] - ETA: 1s - loss: 0.8570
- val_loss: 1.4994
- val_all_f1:  0.5746 0.5746 0.5746
- val_exp_f1:  0.8695 0.8695 0.8695
- val_non_f1:  0.3151 0.3151 0.3151

13056/13056 [==============================] - 232s - loss: 0.8560 - val_loss: 1.4994
Epoch 56/1000
12992/13056 [============================>.] - ETA: 1s - loss: 0.8357
- val_loss: 1.4724
- val_all_f1:  0.5909 0.5909 0.5909
- val_exp_f1:  0.9029 0.9029 0.9029
- val_non_f1:  0.3164 0.3164 0.3164

13056/13056 [==============================] - 231s - loss: 0.8355 - val_loss: 1.4724
Epoch 57/1000
12992/13056 [============================>.] - ETA: 1s - loss: 0.8217
- val_loss: 1.4527
- val_all_f1:  0.5852 0.5852 0.5852
- val_exp_f1:  0.8816 0.8816 0.8816
- val_non_f1:  0.3244 0.3244 0.3244

13056/13056 [==============================] - 231s - loss: 0.8213 - val_loss: 1.4527
Epoch 58/1000
12992/13056 [============================>.] - ETA: 1s - loss: 0.8457
- val_loss: 1.4291
- val_all_f1:  0.5966 0.5966 0.5966
- val_exp_f1:  0.8847 0.8847 0.8847
- val_non_f1:  0.3431 0.3431 0.3431

13056/13056 [==============================] - 231s - loss: 0.8470 - val_loss: 1.4291
Epoch 59/1000
12992/13056 [============================>.] - ETA: 1s - loss: 0.8331
- val_loss: 1.4601
- val_all_f1:  0.5881 0.5881 0.5881
- val_exp_f1:  0.8862 0.8862 0.8862
- val_non_f1:  0.3258 0.3258 0.3258

13056/13056 [==============================] - 230s - loss: 0.8332 - val_loss: 1.4601
Epoch 60/1000
12992/13056 [============================>.] - ETA: 1s - loss: 0.8563
- val_loss: 1.4436
- val_all_f1:  0.5987 0.5987 0.5987
- val_exp_f1:  0.8923 0.8923 0.8923
- val_non_f1:  0.3405 0.3405 0.3405

13056/13056 [==============================] - 230s - loss: 0.8561 - val_loss: 1.4436
Epoch 61/1000
12992/13056 [============================>.] - ETA: 1s - loss: 0.8267
- val_loss: 1.4755
- val_all_f1:  0.5909 0.5909 0.5909
- val_exp_f1:  0.8877 0.8877 0.8877
- val_non_f1:  0.3298 0.3298 0.3298

13056/13056 [==============================] - 231s - loss: 0.8264 - val_loss: 1.4755
Epoch 62/1000
12992/13056 [============================>.] - ETA: 1s - loss: 0.8297
- val_loss: 1.4384
- val_all_f1:  0.5845 0.5845 0.5845
- val_exp_f1:  0.8832 0.8832 0.8832
- val_non_f1:  0.3218 0.3218 0.3218

13056/13056 [==============================] - 231s - loss: 0.8296 - val_loss: 1.4384
Epoch 63/1000
12992/13056 [============================>.] - ETA: 1s - loss: 0.8156
- val_loss: 1.5354
- val_all_f1:  0.5554 0.5554 0.5554
- val_exp_f1:  0.8786 0.8786 0.8786
- val_non_f1:  0.2710 0.2710 0.2710

13056/13056 [==============================] - 231s - loss: 0.8150 - val_loss: 1.5354
Epoch 64/1000
12992/13056 [============================>.] - ETA: 1s - loss: 0.8294
- val_loss: 1.5127
- val_all_f1:  0.5675 0.5675 0.5675
- val_exp_f1:  0.8649 0.8649 0.8649
- val_non_f1:  0.3057 0.3057 0.3057

13056/13056 [==============================] - 231s - loss: 0.8285 - val_loss: 1.5127
Epoch 65/1000
12992/13056 [============================>.] - ETA: 1s - loss: 0.8042
- val_loss: 1.5023
- val_all_f1:  0.5810 0.5810 0.5810
- val_exp_f1:  0.8786 0.8786 0.8786
- val_non_f1:  0.3191 0.3191 0.3191

13056/13056 [==============================] - 231s - loss: 0.8048 - val_loss: 1.5023
Epoch 66/1000
12992/13056 [============================>.] - ETA: 1s - loss: 0.8118
- val_loss: 1.4525
- val_all_f1:  0.5973 0.5973 0.5973
- val_exp_f1:  0.8832 0.8832 0.8832
- val_non_f1:  0.3458 0.3458 0.3458

13056/13056 [==============================] - 231s - loss: 0.8123 - val_loss: 1.4525
Epoch 67/1000
12992/13056 [============================>.] - ETA: 1s - loss: 0.8376
- val_loss: 1.4678
- val_all_f1:  0.5803 0.5803 0.5803
- val_exp_f1:  0.8710 0.8710 0.8710
- val_non_f1:  0.3244 0.3244 0.3244

13056/13056 [==============================] - 231s - loss: 0.8391 - val_loss: 1.4678
Epoch 68/1000
12992/13056 [============================>.] - ETA: 1s - loss: 0.8139
- val_loss: 1.4749
- val_all_f1:  0.5838 0.5838 0.5838
- val_exp_f1:  0.8786 0.8786 0.8786
- val_non_f1:  0.3244 0.3244 0.3244

13056/13056 [==============================] - 232s - loss: 0.8125 - val_loss: 1.4749
Epoch 69/1000
12992/13056 [============================>.] - ETA: 1s - loss: 0.8269
- val_loss: 1.4831
- val_all_f1:  0.5717 0.5717 0.5717
- val_exp_f1:  0.8498 0.8498 0.8498
- val_non_f1:  0.3271 0.3271 0.3271

13056/13056 [==============================] - 231s - loss: 0.8274 - val_loss: 1.4831
Epoch 70/1000
12992/13056 [============================>.] - ETA: 1s - loss: 0.8283
- val_loss: 1.5062
- val_all_f1:  0.5824 0.5824 0.5824
- val_exp_f1:  0.8665 0.8665 0.8665
- val_non_f1:  0.3324 0.3324 0.3324

13056/13056 [==============================] - 231s - loss: 0.8278 - val_loss: 1.5062
Epoch 71/1000
12992/13056 [============================>.] - ETA: 1s - loss: 0.8011
- val_loss: 1.5178
- val_all_f1:  0.5632 0.5632 0.5632
- val_exp_f1:  0.8862 0.8862 0.8862
- val_non_f1:  0.2790 0.2790 0.2790

13056/13056 [==============================] - 231s - loss: 0.8004 - val_loss: 1.5178
Epoch 72/1000
12992/13056 [============================>.] - ETA: 1s - loss: 0.7827
- val_loss: 1.5108
- val_all_f1:  0.5710 0.5710 0.5710
- val_exp_f1:  0.8771 0.8771 0.8771
- val_non_f1:  0.3017 0.3017 0.3017

13056/13056 [==============================] - 233s - loss: 0.7832 - val_loss: 1.5108
Epoch 73/1000
12992/13056 [============================>.] - ETA: 1s - loss: 0.7994
- val_loss: 1.4759
- val_all_f1:  0.5795 0.5795 0.5795
- val_exp_f1:  0.8634 0.8634 0.8634
- val_non_f1:  0.3298 0.3298 0.3298

13056/13056 [==============================] - 233s - loss: 0.8003 - val_loss: 1.4759
Epoch 74/1000
12992/13056 [============================>.] - ETA: 1s - loss: 0.8271
- val_loss: 1.4619
- val_all_f1:  0.5703 0.5703 0.5703
- val_exp_f1:  0.8725 0.8725 0.8725
- val_non_f1:  0.3044 0.3044 0.3044

13056/13056 [==============================] - 232s - loss: 0.8276 - val_loss: 1.4619
Epoch 75/1000
12992/13056 [============================>.] - ETA: 1s - loss: 0.7907
- val_loss: 1.4110
- val_all_f1:  0.6072 0.6072 0.6072
- val_exp_f1:  0.9059 0.9059 0.9059
- val_non_f1:  0.3445 0.3445 0.3445

13056/13056 [==============================] - 232s - loss: 0.7896 - val_loss: 1.4110
Epoch 76/1000
12992/13056 [============================>.] - ETA: 1s - loss: 0.8169
- val_loss: 1.4308
- val_all_f1:  0.5916 0.5916 0.5916
- val_exp_f1:  0.8906 0.8892 0.8899
- val_non_f1:  0.3298 0.3298 0.3298

13056/13056 [==============================] - 233s - loss: 0.8177 - val_loss: 1.4308
Epoch 77/1000
12992/13056 [============================>.] - ETA: 1s - loss: 0.7933
- val_loss: 1.5166
- val_all_f1:  0.5440 0.5440 0.5440
- val_exp_f1:  0.8543 0.8543 0.8543
- val_non_f1:  0.2710 0.2710 0.2710

13056/13056 [==============================] - 232s - loss: 0.7932 - val_loss: 1.5166
Epoch 78/1000
12992/13056 [============================>.] - ETA: 1s - loss: 0.7932
- val_loss: 1.4731
- val_all_f1:  0.5703 0.5703 0.5703
- val_exp_f1:  0.8786 0.8786 0.8786
- val_non_f1:  0.2991 0.2991 0.2991

13056/13056 [==============================] - 231s - loss: 0.7944 - val_loss: 1.4731
Epoch 79/1000
12992/13056 [============================>.] - ETA: 1s - loss: 0.8129
- val_loss: 1.4633
- val_all_f1:  0.5795 0.5795 0.5795
- val_exp_f1:  0.8587 0.8574 0.8580
- val_non_f1:  0.3351 0.3351 0.3351

13056/13056 [==============================] - 231s - loss: 0.8137 - val_loss: 1.4633
Epoch 80/1000
12992/13056 [============================>.] - ETA: 1s - loss: 0.7638
- val_loss: 1.4523
- val_all_f1:  0.5817 0.5817 0.5817
- val_exp_f1:  0.8708 0.8695 0.8702
- val_non_f1:  0.3284 0.3284 0.3284

13056/13056 [==============================] - 231s - loss: 0.7630 - val_loss: 1.4523
Epoch 81/1000
12992/13056 [============================>.] - ETA: 1s - loss: 0.7857
- val_loss: 1.5105
- val_all_f1:  0.5618 0.5618 0.5618
- val_exp_f1:  0.8528 0.8528 0.8528
- val_non_f1:  0.3057 0.3057 0.3057

13056/13056 [==============================] - 232s - loss: 0.7858 - val_loss: 1.5105
Epoch 82/1000
12992/13056 [============================>.] - ETA: 1s - loss: 0.7939
- val_loss: 1.4855
- val_all_f1:  0.5760 0.5760 0.5760
- val_exp_f1:  0.8725 0.8725 0.8725
- val_non_f1:  0.3151 0.3151 0.3151

13056/13056 [==============================] - 232s - loss: 0.7929 - val_loss: 1.4855
Epoch 83/1000
12992/13056 [============================>.] - ETA: 1s - loss: 0.7733
- val_loss: 1.5012
- val_all_f1:  0.5717 0.5717 0.5717
- val_exp_f1:  0.8725 0.8725 0.8725
- val_non_f1:  0.3071 0.3071 0.3071

13056/13056 [==============================] - 233s - loss: 0.7723 - val_loss: 1.5012
Epoch 84/1000
12992/13056 [============================>.] - ETA: 1s - loss: 0.7903
- val_loss: 1.4791
- val_all_f1:  0.5788 0.5788 0.5788
- val_exp_f1:  0.8786 0.8786 0.8786
- val_non_f1:  0.3151 0.3151 0.3151

13056/13056 [==============================] - 232s - loss: 0.7900 - val_loss: 1.4791
Epoch 85/1000
12992/13056 [============================>.] - ETA: 1s - loss: 0.7759
- val_loss: 1.5278
- val_all_f1:  0.5632 0.5632 0.5632
- val_exp_f1:  0.8708 0.8695 0.8702
- val_non_f1:  0.2937 0.2937 0.2937

13056/13056 [==============================] - 231s - loss: 0.7763 - val_loss: 1.5278
Epoch 86/1000
12992/13056 [============================>.] - ETA: 1s - loss: 0.7932
- val_loss: 1.5064
- val_all_f1:  0.5696 0.5696 0.5696
- val_exp_f1:  0.8877 0.8877 0.8877
- val_non_f1:  0.2897 0.2897 0.2897

13056/13056 [==============================] - 231s - loss: 0.7939 - val_loss: 1.5064
Epoch 87/1000
12992/13056 [============================>.] - ETA: 1s - loss: 0.7549
- val_loss: 1.5007
- val_all_f1:  0.5859 0.5859 0.5859
- val_exp_f1:  0.8617 0.8604 0.8610
- val_non_f1:  0.3445 0.3445 0.3445

13056/13056 [==============================] - 232s - loss: 0.7551 - val_loss: 1.5007
Epoch 88/1000
12992/13056 [============================>.] - ETA: 1s - loss: 0.7831
- val_loss: 1.4606
- val_all_f1:  0.5724 0.5724 0.5724
- val_exp_f1:  0.8771 0.8771 0.8771
- val_non_f1:  0.3044 0.3044 0.3044

13056/13056 [==============================] - 233s - loss: 0.7844 - val_loss: 1.4606
Epoch 89/1000
12992/13056 [============================>.] - ETA: 1s - loss: 0.7768
- val_loss: 1.4939
- val_all_f1:  0.5781 0.5781 0.5781
- val_exp_f1:  0.8543 0.8543 0.8543
- val_non_f1:  0.3351 0.3351 0.3351

13056/13056 [==============================] - 233s - loss: 0.7782 - val_loss: 1.4939
Epoch 90/1000
12992/13056 [============================>.] - ETA: 1s - loss: 0.7899
- val_loss: 1.5434
- val_all_f1:  0.5447 0.5447 0.5447
- val_exp_f1:  0.8725 0.8725 0.8725
- val_non_f1:  0.2563 0.2563 0.2563

13056/13056 [==============================] - 232s - loss: 0.7901 - val_loss: 1.5434
Epoch 91/1000
12992/13056 [============================>.] - ETA: 1s - loss: 0.7717
- val_loss: 1.4705
- val_all_f1:  0.5902 0.5902 0.5902
- val_exp_f1:  0.8983 0.8983 0.8983
- val_non_f1:  0.3191 0.3191 0.3191

13056/13056 [==============================] - 233s - loss: 0.7711 - val_loss: 1.4705
Epoch 92/1000
12992/13056 [============================>.] - ETA: 1s - loss: 0.7518
- val_loss: 1.4886
- val_all_f1:  0.5788 0.5788 0.5788
- val_exp_f1:  0.8892 0.8892 0.8892
- val_non_f1:  0.3057 0.3057 0.3057

13056/13056 [==============================] - 233s - loss: 0.7519 - val_loss: 1.4886
Epoch 93/1000
12992/13056 [============================>.] - ETA: 1s - loss: 0.7483
- val_loss: 1.5264
- val_all_f1:  0.5632 0.5632 0.5632
- val_exp_f1:  0.8816 0.8816 0.8816
- val_non_f1:  0.2830 0.2830 0.2830

13056/13056 [==============================] - 233s - loss: 0.7488 - val_loss: 1.5264
Epoch 94/1000
12992/13056 [============================>.] - ETA: 1s - loss: 0.7425
- val_loss: 1.4931
- val_all_f1:  0.5838 0.5838 0.5838
- val_exp_f1:  0.8907 0.8907 0.8907
- val_non_f1:  0.3138 0.3138 0.3138

13056/13056 [==============================] - 233s - loss: 0.7431 - val_loss: 1.4931
Epoch 95/1000
12992/13056 [============================>.] - ETA: 1s - loss: 0.7348
- val_loss: 1.4433
- val_all_f1:  0.5866 0.5866 0.5866
- val_exp_f1:  0.9134 0.9120 0.9127
- val_non_f1:  0.3004 0.3004 0.3004

13056/13056 [==============================] - 232s - loss: 0.7343 - val_loss: 1.4433
Epoch 96/1000
12992/13056 [============================>.] - ETA: 1s - loss: 0.7625
- val_loss: 1.4809
- val_all_f1:  0.5994 0.5994 0.5994
- val_exp_f1:  0.8951 0.8938 0.8945
- val_non_f1:  0.3405 0.3405 0.3405

13056/13056 [==============================] - 232s - loss: 0.7607 - val_loss: 1.4809
Epoch 97/1000
12992/13056 [============================>.] - ETA: 1s - loss: 0.7615
- val_loss: 1.4578
- val_all_f1:  0.5767 0.5767 0.5767
- val_exp_f1:  0.8710 0.8710 0.8710
- val_non_f1:  0.3178 0.3178 0.3178

13056/13056 [==============================] - 231s - loss: 0.7616 - val_loss: 1.4578
Epoch 98/1000
12992/13056 [============================>.] - ETA: 1s - loss: 0.7862
- val_loss: 1.4956
- val_all_f1:  0.5739 0.5739 0.5739
- val_exp_f1:  0.8695 0.8695 0.8695
- val_non_f1:  0.3138 0.3138 0.3138

13056/13056 [==============================] - 232s - loss: 0.7848 - val_loss: 1.4956
Epoch 99/1000
12992/13056 [============================>.] - ETA: 1s - loss: 0.7812
- val_loss: 1.5110
- val_all_f1:  0.5696 0.5696 0.5696
- val_exp_f1:  0.9029 0.9029 0.9029
- val_non_f1:  0.2764 0.2764 0.2764

13056/13056 [==============================] - 233s - loss: 0.7808 - val_loss: 1.5110
Epoch 100/1000
12992/13056 [============================>.] - ETA: 1s - loss: 0.7625
- val_loss: 1.5070
- val_all_f1:  0.5781 0.5781 0.5781
- val_exp_f1:  0.8998 0.8998 0.8998
- val_non_f1:  0.2955 0.2951 0.2953

13056/13056 [==============================] - 232s - loss: 0.7621 - val_loss: 1.5070
Epoch 101/1000
12992/13056 [============================>.] - ETA: 1s - loss: 0.7532
- val_loss: 1.5234
- val_all_f1:  0.5561 0.5561 0.5561
- val_exp_f1:  0.8513 0.8513 0.8513
- val_non_f1:  0.2964 0.2964 0.2964

13056/13056 [==============================] - 232s - loss: 0.7548 - val_loss: 1.5234
Epoch 102/1000
12992/13056 [============================>.] - ETA: 1s - loss: 0.7305
- val_loss: 1.4674
- val_all_f1:  0.5724 0.5724 0.5724
- val_exp_f1:  0.8816 0.8816 0.8816
- val_non_f1:  0.3004 0.3004 0.3004

13056/13056 [==============================] - 233s - loss: 0.7302 - val_loss: 1.4674
Epoch 103/1000
12992/13056 [============================>.] - ETA: 1s - loss: 0.7304
- val_loss: 1.4546
- val_all_f1:  0.5767 0.5767 0.5767
- val_exp_f1:  0.8953 0.8953 0.8953
- val_non_f1:  0.2964 0.2964 0.2964

13056/13056 [==============================] - 233s - loss: 0.7313 - val_loss: 1.4546
Epoch 104/1000
12992/13056 [============================>.] - ETA: 1s - loss: 0.7386
- val_loss: 1.5026
- val_all_f1:  0.5923 0.5923 0.5923
- val_exp_f1:  0.8907 0.8907 0.8907
- val_non_f1:  0.3298 0.3298 0.3298

13056/13056 [==============================] - 233s - loss: 0.7406 - val_loss: 1.5026
Epoch 105/1000
12992/13056 [============================>.] - ETA: 1s - loss: 0.7355
- val_loss: 1.4977
- val_all_f1:  0.5788 0.5788 0.5788
- val_exp_f1:  0.8938 0.8938 0.8938
- val_non_f1:  0.3017 0.3017 0.3017

13056/13056 [==============================] - 232s - loss: 0.7353 - val_loss: 1.4977
Epoch 106/1000
12992/13056 [============================>.] - ETA: 1s - loss: 0.7443
- val_loss: 1.4549
- val_all_f1:  0.5852 0.5852 0.5852
- val_exp_f1:  0.8907 0.8907 0.8907
- val_non_f1:  0.3164 0.3164 0.3164

13056/13056 [==============================] - 232s - loss: 0.7443 - val_loss: 1.4549
Epoch 107/1000
12992/13056 [============================>.] - ETA: 1s - loss: 0.7289
- val_loss: 1.5173
- val_all_f1:  0.5781 0.5781 0.5781
- val_exp_f1:  0.8771 0.8771 0.8771
- val_non_f1:  0.3151 0.3151 0.3151

13056/13056 [==============================] - 232s - loss: 0.7284 - val_loss: 1.5173
Epoch 108/1000
12992/13056 [============================>.] - ETA: 1s - loss: 0.7279
- val_loss: 1.4790
- val_all_f1:  0.5859 0.5859 0.5859
- val_exp_f1:  0.8860 0.8847 0.8853
- val_non_f1:  0.3231 0.3231 0.3231

13056/13056 [==============================] - 233s - loss: 0.7262 - val_loss: 1.4790
Epoch 109/1000
12992/13056 [============================>.] - ETA: 1s - loss: 0.7261
- val_loss: 1.4970
- val_all_f1:  0.5831 0.5831 0.5831
- val_exp_f1:  0.8907 0.8907 0.8907
- val_non_f1:  0.3124 0.3124 0.3124

13056/13056 [==============================] - 234s - loss: 0.7257 - val_loss: 1.4970
Epoch 110/1000
12992/13056 [============================>.] - ETA: 1s - loss: 0.7376
- val_loss: 1.4888
- val_all_f1:  0.5682 0.5682 0.5682
- val_exp_f1:  0.8877 0.8877 0.8877
- val_non_f1:  0.2870 0.2870 0.2870

13056/13056 [==============================] - 234s - loss: 0.7358 - val_loss: 1.4888
Epoch 111/1000
12992/13056 [============================>.] - ETA: 1s - loss: 0.7101
- val_loss: 1.4846
- val_all_f1:  0.5859 0.5859 0.5859
- val_exp_f1:  0.8892 0.8892 0.8892
- val_non_f1:  0.3191 0.3191 0.3191

13056/13056 [==============================] - 234s - loss: 0.7097 - val_loss: 1.4846
Epoch 112/1000
12992/13056 [============================>.] - ETA: 1s - loss: 0.6932
- val_loss: 1.5508
- val_all_f1:  0.5788 0.5788 0.5788
- val_exp_f1:  0.8756 0.8756 0.8756
- val_non_f1:  0.3178 0.3178 0.3178

13056/13056 [==============================] - 235s - loss: 0.6932 - val_loss: 1.5508
Epoch 113/1000
12992/13056 [============================>.] - ETA: 1s - loss: 0.7229
- val_loss: 1.5206
- val_all_f1:  0.5888 0.5888 0.5888
- val_exp_f1:  0.8816 0.8816 0.8816
- val_non_f1:  0.3311 0.3311 0.3311

13056/13056 [==============================] - 235s - loss: 0.7235 - val_loss: 1.5206
Epoch 114/1000
12992/13056 [============================>.] - ETA: 1s - loss: 0.7106
- val_loss: 1.4926
- val_all_f1:  0.5767 0.5767 0.5767
- val_exp_f1:  0.8725 0.8725 0.8725
- val_non_f1:  0.3168 0.3164 0.3166

13056/13056 [==============================] - 235s - loss: 0.7109 - val_loss: 1.4926
Epoch 115/1000
12992/13056 [============================>.] - ETA: 1s - loss: 0.7232
- val_loss: 1.5445
- val_all_f1:  0.5646 0.5646 0.5646
- val_exp_f1:  0.8604 0.8604 0.8604
- val_non_f1:  0.3044 0.3044 0.3044

13056/13056 [==============================] - 234s - loss: 0.7227 - val_loss: 1.5445
Epoch 116/1000
12992/13056 [============================>.] - ETA: 1s - loss: 0.7271
- val_loss: 1.4752
- val_all_f1:  0.5959 0.5959 0.5959
- val_exp_f1:  0.9059 0.9059 0.9059
- val_non_f1:  0.3231 0.3231 0.3231

13056/13056 [==============================] - 241s - loss: 0.7277 - val_loss: 1.4752
Epoch 117/1000
12992/13056 [============================>.] - ETA: 1s - loss: 0.7364
- val_loss: 1.5012
- val_all_f1:  0.5774 0.5774 0.5774
- val_exp_f1:  0.8862 0.8862 0.8862
- val_non_f1:  0.3057 0.3057 0.3057

13056/13056 [==============================] - 238s - loss: 0.7376 - val_loss: 1.5012
Epoch 118/1000
12992/13056 [============================>.] - ETA: 1s - loss: 0.8107
- val_loss: 1.4709
- val_all_f1:  0.5810 0.5810 0.5810
- val_exp_f1:  0.8784 0.8771 0.8778
- val_non_f1:  0.3204 0.3204 0.3204

13056/13056 [==============================] - 235s - loss: 0.8109 - val_loss: 1.4709
Epoch 119/1000
12992/13056 [============================>.] - ETA: 1s - loss: 0.7887
- val_loss: 1.4506
- val_all_f1:  0.5852 0.5852 0.5852
- val_exp_f1:  0.8784 0.8771 0.8778
- val_non_f1:  0.3284 0.3284 0.3284

13056/13056 [==============================] - 235s - loss: 0.7904 - val_loss: 1.4506
Epoch 120/1000
12992/13056 [============================>.] - ETA: 1s - loss: 0.7471
- val_loss: 1.5275
- val_all_f1:  0.5661 0.5661 0.5661
- val_exp_f1:  0.8801 0.8801 0.8801
- val_non_f1:  0.2897 0.2897 0.2897

13056/13056 [==============================] - 239s - loss: 0.7457 - val_loss: 1.5275
Epoch 121/1000
12992/13056 [============================>.] - ETA: 1s - loss: 0.6917
- val_loss: 1.5378
- val_all_f1:  0.5739 0.5739 0.5739
- val_exp_f1:  0.8892 0.8892 0.8892
- val_non_f1:  0.2964 0.2964 0.2964

13056/13056 [==============================] - 240s - loss: 0.6904 - val_loss: 1.5378
Epoch 122/1000
12992/13056 [============================>.] - ETA: 1s - loss: 0.6813
- val_loss: 1.5362
- val_all_f1:  0.5653 0.5653 0.5653
- val_exp_f1:  0.8756 0.8756 0.8756
- val_non_f1:  0.2924 0.2924 0.2924

13056/13056 [==============================] - 236s - loss: 0.6801 - val_loss: 1.5362
Epoch 123/1000
12992/13056 [============================>.] - ETA: 1s - loss: 0.7024
- val_loss: 1.5286
- val_all_f1:  0.5803 0.5803 0.5803
- val_exp_f1:  0.8784 0.8771 0.8778
- val_non_f1:  0.3191 0.3191 0.3191

13056/13056 [==============================] - 233s - loss: 0.7020 - val_loss: 1.5286
Epoch 124/1000
12992/13056 [============================>.] - ETA: 1s - loss: 0.7026
- val_loss: 1.5577
- val_all_f1:  0.5476 0.5476 0.5476
- val_exp_f1:  0.8847 0.8847 0.8847
- val_non_f1:  0.2510 0.2510 0.2510

13056/13056 [==============================] - 234s - loss: 0.7030 - val_loss: 1.5577
Epoch 125/1000
12992/13056 [============================>.] - ETA: 1s - loss: 0.6905
- val_loss: 1.5430
- val_all_f1:  0.5781 0.5781 0.5781
- val_exp_f1:  0.8725 0.8725 0.8725
- val_non_f1:  0.3191 0.3191 0.3191

13056/13056 [==============================] - 234s - loss: 0.6898 - val_loss: 1.5430
Epoch 126/1000
12992/13056 [============================>.] - ETA: 1s - loss: 0.6875
- val_loss: 1.5244
- val_all_f1:  0.5746 0.5746 0.5746
- val_exp_f1:  0.8968 0.8968 0.8968
- val_non_f1:  0.2911 0.2911 0.2911

13056/13056 [==============================] - 234s - loss: 0.6861 - val_loss: 1.5244
Epoch 127/1000
12992/13056 [============================>.] - ETA: 1s - loss: 0.7081
- val_loss: 1.4921
- val_all_f1:  0.5760 0.5760 0.5760
- val_exp_f1:  0.8862 0.8862 0.8862
- val_non_f1:  0.3031 0.3031 0.3031

13056/13056 [==============================] - 233s - loss: 0.7080 - val_loss: 1.4921
Epoch 128/1000
12992/13056 [============================>.] - ETA: 1s - loss: 0.7088
- val_loss: 1.5374
- val_all_f1:  0.5582 0.5582 0.5582
- val_exp_f1:  0.8710 0.8710 0.8710
- val_non_f1:  0.2830 0.2830 0.2830

13056/13056 [==============================] - 233s - loss: 0.7095 - val_loss: 1.5374
Epoch 129/1000
12992/13056 [============================>.] - ETA: 1s - loss: 0.7267
- val_loss: 1.4934
- val_all_f1:  0.5788 0.5788 0.5788
- val_exp_f1:  0.8983 0.8983 0.8983
- val_non_f1:  0.2977 0.2977 0.2977

13056/13056 [==============================] - 233s - loss: 0.7253 - val_loss: 1.4934
Epoch 130/1000
12992/13056 [============================>.] - ETA: 1s - loss: 0.6916
- val_loss: 1.6059
- val_all_f1:  0.5412 0.5412 0.5412
- val_exp_f1:  0.8528 0.8528 0.8528
- val_non_f1:  0.2670 0.2670 0.2670

13056/13056 [==============================] - 233s - loss: 0.6919 - val_loss: 1.6059
Epoch 131/1000
12992/13056 [============================>.] - ETA: 1s - loss: 0.6640
- val_loss: 1.5881
- val_all_f1:  0.5604 0.5604 0.5604
- val_exp_f1:  0.8634 0.8634 0.8634
- val_non_f1:  0.2937 0.2937 0.2937

13056/13056 [==============================] - 234s - loss: 0.6640 - val_loss: 1.5881
Epoch 132/1000
12992/13056 [============================>.] - ETA: 1s - loss: 0.6825
- val_loss: 1.5826
- val_all_f1:  0.5632 0.5632 0.5632
- val_exp_f1:  0.8695 0.8695 0.8695
- val_non_f1:  0.2937 0.2937 0.2937

13056/13056 [==============================] - 235s - loss: 0.6838 - val_loss: 1.5826
Epoch 133/1000
12992/13056 [============================>.] - ETA: 1s - loss: 0.6614
- val_loss: 1.4880
- val_all_f1:  0.5895 0.5895 0.5895
- val_exp_f1:  0.8953 0.8953 0.8953
- val_non_f1:  0.3204 0.3204 0.3204

13056/13056 [==============================] - 233s - loss: 0.6624 - val_loss: 1.4880
Epoch 134/1000
12992/13056 [============================>.] - ETA: 1s - loss: 0.6733
- val_loss: 1.5481
- val_all_f1:  0.5639 0.5639 0.5639
- val_exp_f1:  0.8771 0.8771 0.8771
- val_non_f1:  0.2884 0.2884 0.2884

13056/13056 [==============================] - 233s - loss: 0.6731 - val_loss: 1.5481
Epoch 135/1000
12992/13056 [============================>.] - ETA: 1s - loss: 0.7025
- val_loss: 1.5823
- val_all_f1:  0.5661 0.5661 0.5661
- val_exp_f1:  0.8862 0.8862 0.8862
- val_non_f1:  0.2844 0.2844 0.2844

13056/13056 [==============================] - 234s - loss: 0.7030 - val_loss: 1.5823
Epoch 136/1000
12992/13056 [============================>.] - ETA: 1s - loss: 0.6781
- val_loss: 1.5423
- val_all_f1:  0.5824 0.5824 0.5824
- val_exp_f1:  0.8968 0.8968 0.8968
- val_non_f1:  0.3057 0.3057 0.3057

13056/13056 [==============================] - 233s - loss: 0.6790 - val_loss: 1.5423
Epoch 137/1000
12992/13056 [============================>.] - ETA: 1s - loss: 0.6857
- val_loss: 1.5456
- val_all_f1:  0.5767 0.5767 0.5767
- val_exp_f1:  0.8847 0.8847 0.8847
- val_non_f1:  0.3057 0.3057 0.3057

13056/13056 [==============================] - 234s - loss: 0.6863 - val_loss: 1.5456
Epoch 138/1000
12992/13056 [============================>.] - ETA: 1s - loss: 0.7076
- val_loss: 1.5476
- val_all_f1:  0.5746 0.5746 0.5746
- val_exp_f1:  0.8543 0.8543 0.8543
- val_non_f1:  0.3284 0.3284 0.3284

13056/13056 [==============================] - 233s - loss: 0.7071 - val_loss: 1.5476
Epoch 139/1000
12992/13056 [============================>.] - ETA: 1s - loss: 0.6881
- val_loss: 1.6079
- val_all_f1:  0.5774 0.5774 0.5774
- val_exp_f1:  0.8649 0.8649 0.8649
- val_non_f1:  0.3244 0.3244 0.3244

13056/13056 [==============================] - 233s - loss: 0.6870 - val_loss: 1.6079
Epoch 140/1000
12992/13056 [============================>.] - ETA: 1s - loss: 0.6711
- val_loss: 1.6176
- val_all_f1:  0.5327 0.5327 0.5327
- val_exp_f1:  0.8589 0.8589 0.8589
- val_non_f1:  0.2457 0.2457 0.2457

13056/13056 [==============================] - 234s - loss: 0.6715 - val_loss: 1.6176
Epoch 141/1000
12992/13056 [============================>.] - ETA: 1s - loss: 0.6511
- val_loss: 1.5999
- val_all_f1:  0.5554 0.5554 0.5554
- val_exp_f1:  0.8589 0.8589 0.8589
- val_non_f1:  0.2884 0.2884 0.2884

13056/13056 [==============================] - 233s - loss: 0.6508 - val_loss: 1.5999
Epoch 142/1000
12992/13056 [============================>.] - ETA: 1s - loss: 0.6388
- val_loss: 1.5857
- val_all_f1:  0.5661 0.5661 0.5661
- val_exp_f1:  0.8634 0.8634 0.8634
- val_non_f1:  0.3044 0.3044 0.3044

13056/13056 [==============================] - 234s - loss: 0.6388 - val_loss: 1.5857
Epoch 143/1000
12992/13056 [============================>.] - ETA: 1s - loss: 0.6794
- val_loss: 1.5902
- val_all_f1:  0.5632 0.5632 0.5632
- val_exp_f1:  0.8756 0.8756 0.8756
- val_non_f1:  0.2884 0.2884 0.2884

13056/13056 [==============================] - 234s - loss: 0.6789 - val_loss: 1.5902
Epoch 144/1000
12992/13056 [============================>.] - ETA: 1s - loss: 0.6598
- val_loss: 1.6091
- val_all_f1:  0.5582 0.5582 0.5582
- val_exp_f1:  0.8634 0.8634 0.8634
- val_non_f1:  0.2897 0.2897 0.2897

13056/13056 [==============================] - 233s - loss: 0.6617 - val_loss: 1.6091
Epoch 145/1000
12992/13056 [============================>.] - ETA: 1s - loss: 0.6820
- val_loss: 1.6386
- val_all_f1:  0.5440 0.5440 0.5440
- val_exp_f1:  0.8634 0.8634 0.8634
- val_non_f1:  0.2630 0.2630 0.2630

13056/13056 [==============================] - 234s - loss: 0.6817 - val_loss: 1.6386
Epoch 146/1000
12992/13056 [============================>.] - ETA: 1s - loss: 0.6476
- val_loss: 1.6179
- val_all_f1:  0.5604 0.5604 0.5604
- val_exp_f1:  0.8725 0.8725 0.8725
- val_non_f1:  0.2857 0.2857 0.2857

13056/13056 [==============================] - 234s - loss: 0.6464 - val_loss: 1.6179
Epoch 147/1000
12992/13056 [============================>.] - ETA: 1s - loss: 0.6651
- val_loss: 1.6426
- val_all_f1:  0.5440 0.5440 0.5440
- val_exp_f1:  0.8483 0.8483 0.8483
- val_non_f1:  0.2764 0.2764 0.2764

13056/13056 [==============================] - 234s - loss: 0.6670 - val_loss: 1.6426
Epoch 148/1000
12992/13056 [============================>.] - ETA: 1s - loss: 0.6383
- val_loss: 1.6120
- val_all_f1:  0.5646 0.5646 0.5646
- val_exp_f1:  0.8741 0.8741 0.8741
- val_non_f1:  0.2924 0.2924 0.2924

13056/13056 [==============================] - 234s - loss: 0.6391 - val_loss: 1.6120
Epoch 149/1000
12992/13056 [============================>.] - ETA: 1s - loss: 0.6687
- val_loss: 1.5600
- val_all_f1:  0.5724 0.5724 0.5724
- val_exp_f1:  0.8695 0.8695 0.8695
- val_non_f1:  0.3111 0.3111 0.3111

13056/13056 [==============================] - 234s - loss: 0.6688 - val_loss: 1.5600
Epoch 150/1000
12992/13056 [============================>.] - ETA: 1s - loss: 0.6646
- val_loss: 1.5939
- val_all_f1:  0.5696 0.5696 0.5696
- val_exp_f1:  0.8634 0.8634 0.8634
- val_non_f1:  0.3111 0.3111 0.3111

13056/13056 [==============================] - 234s - loss: 0.6649 - val_loss: 1.5939
Epoch 151/1000
12992/13056 [============================>.] - ETA: 1s - loss: 0.6589
- val_loss: 1.6388
- val_all_f1:  0.5433 0.5433 0.5433
- val_exp_f1:  0.8513 0.8513 0.8513
- val_non_f1:  0.2724 0.2724 0.2724

13056/13056 [==============================] - 234s - loss: 0.6596 - val_loss: 1.6388
Epoch 152/1000
12992/13056 [============================>.] - ETA: 1s - loss: 0.6386
- val_loss: 1.6140
- val_all_f1:  0.5632 0.5632 0.5632
- val_exp_f1:  0.8877 0.8877 0.8877
- val_non_f1:  0.2777 0.2777 0.2777

13056/13056 [==============================] - 234s - loss: 0.6384 - val_loss: 1.6140
Epoch 153/1000
12992/13056 [============================>.] - ETA: 1s - loss: 0.6468
- val_loss: 1.6116
- val_all_f1:  0.5518 0.5518 0.5518
- val_exp_f1:  0.8756 0.8756 0.8756
- val_non_f1:  0.2670 0.2670 0.2670

13056/13056 [==============================] - 235s - loss: 0.6476 - val_loss: 1.6116
Epoch 154/1000
12992/13056 [============================>.] - ETA: 1s - loss: 0.6350
- val_loss: 1.6386
- val_all_f1:  0.5604 0.5604 0.5604
- val_exp_f1:  0.8877 0.8877 0.8877
- val_non_f1:  0.2724 0.2724 0.2724

13056/13056 [==============================] - 234s - loss: 0.6358 - val_loss: 1.6386
Epoch 155/1000
12992/13056 [============================>.] - ETA: 1s - loss: 0.6532
- val_loss: 1.7439
- val_all_f1:  0.5355 0.5355 0.5355
- val_exp_f1:  0.8786 0.8786 0.8786
- val_non_f1:  0.2336 0.2336 0.2336

13056/13056 [==============================] - 234s - loss: 0.6540 - val_loss: 1.7439
Epoch 156/1000
12992/13056 [============================>.] - ETA: 1s - loss: 0.6394
- val_loss: 1.6124
- val_all_f1:  0.5533 0.5533 0.5533
- val_exp_f1:  0.8665 0.8665 0.8665
- val_non_f1:  0.2777 0.2777 0.2777

13056/13056 [==============================] - 234s - loss: 0.6396 - val_loss: 1.6124
Epoch 157/1000
12992/13056 [============================>.] - ETA: 1s - loss: 0.6483
- val_loss: 1.6205
- val_all_f1:  0.5760 0.5760 0.5760
- val_exp_f1:  0.8604 0.8604 0.8604
- val_non_f1:  0.3258 0.3258 0.3258

13056/13056 [==============================] - 233s - loss: 0.6486 - val_loss: 1.6205
Epoch 158/1000
12992/13056 [============================>.] - ETA: 1s - loss: 0.6654
- val_loss: 1.5866
- val_all_f1:  0.5632 0.5632 0.5632
- val_exp_f1:  0.8361 0.8361 0.8361
- val_non_f1:  0.3231 0.3231 0.3231

13056/13056 [==============================] - 233s - loss: 0.6645 - val_loss: 1.5866
Epoch 159/1000
12992/13056 [============================>.] - ETA: 1s - loss: 0.6485
- val_loss: 1.6545
- val_all_f1:  0.5362 0.5362 0.5362
- val_exp_f1:  0.8467 0.8467 0.8467
- val_non_f1:  0.2630 0.2630 0.2630

13056/13056 [==============================] - 233s - loss: 0.6483 - val_loss: 1.6545
Epoch 160/1000
12992/13056 [============================>.] - ETA: 1s - loss: 0.6126
- val_loss: 1.6157
- val_all_f1:  0.5703 0.5703 0.5703
- val_exp_f1:  0.8649 0.8649 0.8649
- val_non_f1:  0.3111 0.3111 0.3111

13056/13056 [==============================] - 235s - loss: 0.6117 - val_loss: 1.6157
Epoch 161/1000
12992/13056 [============================>.] - ETA: 1s - loss: 0.6228
- val_loss: 1.6398
- val_all_f1:  0.5447 0.5447 0.5447
- val_exp_f1:  0.8574 0.8574 0.8574
- val_non_f1:  0.2697 0.2697 0.2697

13056/13056 [==============================] - 234s - loss: 0.6236 - val_loss: 1.6398
Epoch 162/1000
12992/13056 [============================>.] - ETA: 1s - loss: 0.6068
- val_loss: 1.5981
- val_all_f1:  0.5589 0.5589 0.5589
- val_exp_f1:  0.8452 0.8452 0.8452
- val_non_f1:  0.3071 0.3071 0.3071

13056/13056 [==============================] - 234s - loss: 0.6053 - val_loss: 1.5981
Epoch 163/1000
12992/13056 [============================>.] - ETA: 1s - loss: 0.6328
- val_loss: 1.6629
- val_all_f1:  0.5277 0.5277 0.5277
- val_exp_f1:  0.8589 0.8589 0.8589
- val_non_f1:  0.2363 0.2363 0.2363

13056/13056 [==============================] - 235s - loss: 0.6327 - val_loss: 1.6629
Epoch 164/1000
12992/13056 [============================>.] - ETA: 1s - loss: 0.6181
- val_loss: 1.6329
- val_all_f1:  0.5582 0.5582 0.5582
- val_exp_f1:  0.8816 0.8816 0.8816
- val_non_f1:  0.2737 0.2737 0.2737

13056/13056 [==============================] - 234s - loss: 0.6183 - val_loss: 1.6329
Epoch 165/1000
12992/13056 [============================>.] - ETA: 1s - loss: 0.6377
- val_loss: 1.5930
- val_all_f1:  0.5852 0.5852 0.5852
- val_exp_f1:  0.8786 0.8786 0.8786
- val_non_f1:  0.3271 0.3271 0.3271

13056/13056 [==============================] - 235s - loss: 0.6369 - val_loss: 1.5930
Epoch 166/1000
12992/13056 [============================>.] - ETA: 1s - loss: 0.6409
- val_loss: 1.6446
- val_all_f1:  0.5447 0.5447 0.5447
- val_exp_f1:  0.8710 0.8710 0.8710
- val_non_f1:  0.2577 0.2577 0.2577

13056/13056 [==============================] - 234s - loss: 0.6416 - val_loss: 1.6446
Epoch 167/1000
12992/13056 [============================>.] - ETA: 1s - loss: 0.6316
- val_loss: 1.5831
- val_all_f1:  0.5618 0.5618 0.5618
- val_exp_f1:  0.8649 0.8649 0.8649
- val_non_f1:  0.2951 0.2951 0.2951

13056/13056 [==============================] - 234s - loss: 0.6309 - val_loss: 1.5831
Epoch 168/1000
12992/13056 [============================>.] - ETA: 1s - loss: 0.6560
- val_loss: 1.5813
- val_all_f1:  0.5838 0.5838 0.5838
- val_exp_f1:  0.8725 0.8725 0.8725
- val_non_f1:  0.3298 0.3298 0.3298

13056/13056 [==============================] - 234s - loss: 0.6574 - val_loss: 1.5813
Epoch 169/1000
12992/13056 [============================>.] - ETA: 1s - loss: 0.6536
- val_loss: 1.5784
- val_all_f1:  0.5689 0.5689 0.5689
- val_exp_f1:  0.8574 0.8574 0.8574
- val_non_f1:  0.3151 0.3151 0.3151

13056/13056 [==============================] - 234s - loss: 0.6541 - val_loss: 1.5784
Epoch 170/1000
12992/13056 [============================>.] - ETA: 1s - loss: 0.6082
- val_loss: 1.6062
- val_all_f1:  0.5597 0.5597 0.5597
- val_exp_f1:  0.8832 0.8832 0.8832
- val_non_f1:  0.2750 0.2750 0.2750

13056/13056 [==============================] - 234s - loss: 0.6073 - val_loss: 1.6062
Epoch 171/1000
12992/13056 [============================>.] - ETA: 1s - loss: 0.5960
- val_loss: 1.6319
- val_all_f1:  0.5462 0.5462 0.5462
- val_exp_f1:  0.8346 0.8346 0.8346
- val_non_f1:  0.2924 0.2924 0.2924

13056/13056 [==============================] - 234s - loss: 0.5963 - val_loss: 1.6319
Epoch 172/1000
12992/13056 [============================>.] - ETA: 1s - loss: 0.5917
- val_loss: 1.6025
- val_all_f1:  0.5753 0.5753 0.5753
- val_exp_f1:  0.8756 0.8756 0.8756
- val_non_f1:  0.3111 0.3111 0.3111

13056/13056 [==============================] - 234s - loss: 0.5931 - val_loss: 1.6025
Epoch 173/1000
12992/13056 [============================>.] - ETA: 1s - loss: 0.6131
- val_loss: 1.6004
- val_all_f1:  0.5703 0.5703 0.5703
- val_exp_f1:  0.8786 0.8786 0.8786
- val_non_f1:  0.2991 0.2991 0.2991

13056/13056 [==============================] - 234s - loss: 0.6129 - val_loss: 1.6004
Epoch 174/1000
12992/13056 [============================>.] - ETA: 1s - loss: 0.6082
- val_loss: 1.6487
- val_all_f1:  0.5533 0.5533 0.5533
- val_exp_f1:  0.8574 0.8574 0.8574
- val_non_f1:  0.2857 0.2857 0.2857

13056/13056 [==============================] - 234s - loss: 0.6089 - val_loss: 1.6487
Epoch 175/1000
12992/13056 [============================>.] - ETA: 1s - loss: 0.6046
- val_loss: 1.6399
- val_all_f1:  0.5568 0.5568 0.5568
- val_exp_f1:  0.8771 0.8771 0.8771
- val_non_f1:  0.2750 0.2750 0.2750

13056/13056 [==============================] - 235s - loss: 0.6053 - val_loss: 1.6399
Epoch 176/1000
12992/13056 [============================>.] - ETA: 1s - loss: 0.6269
- val_loss: 1.6605
- val_all_f1:  0.5440 0.5440 0.5440
- val_exp_f1:  0.8665 0.8665 0.8665
- val_non_f1:  0.2603 0.2603 0.2603

13056/13056 [==============================] - 234s - loss: 0.6279 - val_loss: 1.6605
[2017-07-21 02:53] training finished (ex/conll16st-v35b1-en-fd-8-rn-8-3)
[2017-07-21 02:53] best_val_loss: 74 - loss: 0.7896 - val_loss: 1.4110 - val_all_f1: 0.6072 - val_exp_f1: 0.9059 - val_non_f1: 0.3445
[2017-07-21 02:53] best_val_all_f1: 74 - loss: 0.7896 - val_loss: 1.4110 - val_all_f1: 0.6072 - val_exp_f1: 0.9059 - val_non_f1: 0.3445
