[2019-03-24 22:09] configuration (ex/conll16st-v35-ench-al-400-0/blind)
[2019-03-24 22:09]   config 'arg1_len': 400
[2019-03-24 22:09]   config 'arg2_len': 400
[2019-03-24 22:09]   config 'backend': theano
[2019-03-24 22:09]   config 'backend_theano': device=gpu,floatX=float32,nvcc.fastmath=True,lib.cnmem=0.8
[2019-03-24 22:09]   config 'batch_size': 64
[2019-03-24 22:09]   config 'conn_len': 20
[2019-03-24 22:09]   config 'dataset_dir': data/conll15st-en-03-29-16-blind-test
[2019-03-24 22:09]   config 'filter_fn_name': None
[2019-03-24 22:09]   config 'input_size': None
[2019-03-24 22:09]   config 'lang': en
[2019-03-24 22:09]   config 'mode': char
[2019-03-24 22:09]   config 'model_dir': ex/conll16st-v35-ench-al-400-0
[2019-03-24 22:09]   config 'normalization_mode': sample_aspect
[2019-03-24 22:09]   config 'output_dir': ex/conll16st-v35-ench-al-400-0/blind
[2019-03-24 22:09]   config 'punc_len': 0
[2019-03-24 22:09]   config 'rest': []
[2019-03-24 22:09]   config 'snapshot_size': 2048
[2019-03-24 22:09] load dataset for prediction (data/conll15st-en-03-29-16-blind-test)
[2019-03-24 22:09]   lang: en, rel_ids: 1209
[2019-03-24 22:09] load previous indexes (ex/conll16st-v35-ench-al-400-0/indexes.pkl)
[2019-03-24 22:09]   words2id: 87, target2id: 23
[2019-03-24 22:09] load model (ex/conll16st-v35-ench-al-400-0)
[2019-03-24 22:09] load previous weights (ex/conll16st-v35-ench-al-400-0/weights_val_all_f1.hdf5)
[2019-03-24 22:09] make predictions
[2019-03-24 22:10] save predictions (ex/conll16st-v35-ench-al-400-0/blind/output.json)
[2019-03-24 22:10] save predictions (ex/conll16st-v35-ench-al-400-0/blind/output_proba.json)
[2019-03-24 22:10] peek into filtering weights (ex/conll16st-v35-ench-al-400-0/blind/peek.html)
[2019-03-24 22:13] finished (ex/conll16st-v35-ench-al-400-0/blind)
[2019-03-24 22:13] time: loaded: 0.2059 - prepared: 2.2102 - predicted: 56.9400
