[2018-03-23 13:55] configuration (ex/conll16st-v35noaugm-en)
[2018-03-23 13:55]   config 'arg1_len': 100
[2018-03-23 13:55]   config 'arg2_len': 100
[2018-03-23 13:55]   config 'backend': theano
[2018-03-23 13:55]   config 'backend_theano': device=gpu,floatX=float32,nvcc.fastmath=True,lib.cnmem=1
[2018-03-23 13:55]   config 'batch_size': 64
[2018-03-23 13:55]   config 'conn_len': 10
[2018-03-23 13:55]   config 'continue_': False
[2018-03-23 13:55]   config 'curriculum_end': 0.0
[2018-03-23 13:55]   config 'epochs': 1000
[2018-03-23 13:55]   config 'epochs_patience': 100
[2018-03-23 13:55]   config 'epochs_ratio': 0.1
[2018-03-23 13:55]   config 'filter_act': sigmoid
[2018-03-23 13:55]   config 'filter_append_act': linear
[2018-03-23 13:55]   config 'filter_append_batchnorm': False
[2018-03-23 13:55]   config 'filter_append_dim': 0
[2018-03-23 13:55]   config 'filter_append_dropout': 0.0
[2018-03-23 13:55]   config 'filter_apply': mul
[2018-03-23 13:55]   config 'filter_dim': 8
[2018-03-23 13:55]   config 'filter_dropout_U': 0.0
[2018-03-23 13:55]   config 'filter_dropout_W': 0.0
[2018-03-23 13:55]   config 'filter_fn_name': None
[2018-03-23 13:55]   config 'filter_shared': global
[2018-03-23 13:55]   config 'filter_type': lstm-fb
[2018-03-23 13:55]   config 'filter_zoneout_c': 0.0
[2018-03-23 13:55]   config 'filter_zoneout_h': 0.0
[2018-03-23 13:55]   config 'final_act': SReLU
[2018-03-23 13:55]   config 'final_dim': 80
[2018-03-23 13:55]   config 'final_dropout': 0.3
[2018-03-23 13:55]   config 'lang': en
[2018-03-23 13:55]   config 'masking': True
[2018-03-23 13:55]   config 'mode': word
[2018-03-23 13:55]   config 'model_dir': ex/conll16st-v35noaugm-en
[2018-03-23 13:55]   config 'optimizer': adam
[2018-03-23 13:55]   config 'original_positives': 1
[2018-03-23 13:55]   config 'punc_len': 0
[2018-03-23 13:55]   config 'random_negatives': 0
[2018-03-23 13:55]   config 'random_positives': 0
[2018-03-23 13:55]   config 'random_proba_1': 0.1
[2018-03-23 13:55]   config 'random_proba_2': 0.1
[2018-03-23 13:55]   config 'random_proba_3': 0.9
[2018-03-23 13:55]   config 'rnn_act': tanh
[2018-03-23 13:55]   config 'rnn_dim': 20
[2018-03-23 13:55]   config 'rnn_dropout_U': 0.0
[2018-03-23 13:55]   config 'rnn_dropout_W': 0.0
[2018-03-23 13:55]   config 'rnn_dropout_merge': 0.3
[2018-03-23 13:55]   config 'rnn_merge': concat
[2018-03-23 13:55]   config 'rnn_num': 8
[2018-03-23 13:55]   config 'rnn_shared': aspect
[2018-03-23 13:55]   config 'rnn_type': lstm-fwd
[2018-03-23 13:55]   config 'rnn_zoneout_c': 0.0
[2018-03-23 13:55]   config 'rnn_zoneout_h': 0.0
[2018-03-23 13:55]   config 'snapshot_size': 2048
[2018-03-23 13:55]   config 'train_dir': data/conll16st-en-03-29-16-train
[2018-03-23 13:55]   config 'valid_dir': data/conll16st-en-03-29-16-dev
[2018-03-23 13:55]   config 'words2vec_bin': None
[2018-03-23 13:55]   config 'words2vec_txt': None
[2018-03-23 13:55]   config 'words_dim': 20
[2018-03-23 13:55]   config 'words_dropout': 0.3
[2018-03-23 13:55]   config 'words_shared': global
[2018-03-23 13:55]   config 'words_trainable': True
[2018-03-23 13:55] load dataset for training (data/conll16st-en-03-29-16-train)
[2018-03-23 13:58]   lang: en, doc_ids: 1756, words: 933049, rel_ids: 32535, relation tokens: 1159204
[2018-03-23 13:58] load dataset for validation (data/conll16st-en-03-29-16-dev)
[2018-03-23 13:59]   lang: en, doc_ids: 79, words: 39712, rel_ids: 1436, relation tokens: 48882
[2018-03-23 13:59] build indexes from training
[2018-03-23 13:59]   words2id: 43918, target2id: 23
[2018-03-23 13:59] target class distribution from training
[2018-03-23 13:59]   class 0 = 'None': None
[2018-03-23 13:59]   class 1 = '': None
[2018-03-23 13:59]   class 2 = 'Expansion.Conjunction': 7817
[2018-03-23 13:59]   class 3 = 'Comparison.Contrast': 4714
[2018-03-23 13:59]   class 4 = 'EntRel': 4133
[2018-03-23 13:59]   class 5 = 'Contingency.Cause.Reason': 3344
[2018-03-23 13:59]   class 6 = 'Expansion.Restatement': 2699
[2018-03-23 13:59]   class 7 = 'Contingency.Cause.Result': 2137
[2018-03-23 13:59]   class 8 = 'Temporal.Synchrony': 1499
[2018-03-23 13:59]   class 9 = 'Expansion.Instantiation': 1403
[2018-03-23 13:59]   class 10 = 'Comparison.Concession': 1293
[2018-03-23 13:59]   class 11 = 'Temporal.Asynchronous.Precedence': 1277
[2018-03-23 13:59]   class 12 = 'Contingency.Condition': 1197
[2018-03-23 13:59]   class 13 = 'Temporal.Asynchronous.Succession': 1014
[2018-03-23 13:59]   class 14 = 'Comparison': 992
[2018-03-23 13:59]   class 15 = 'Expansion': 630
[2018-03-23 13:59]   class 16 = 'Expansion.Alternative.Chosen alternative': 241
[2018-03-23 13:59]   class 17 = 'Expansion.Alternative': 210
[2018-03-23 13:59]   class 18 = 'Temporal': 27
[2018-03-23 13:59]   class 19 = 'Contingency': 24
[2018-03-23 13:59]   class 20 = 'Expansion.Exception': 15
[2018-03-23 13:59]   class 21 = 'Temporal.Asynchronous': 6
[2018-03-23 13:59]   class 22 = 'Contingency.Cause': 2
[2018-03-23 13:59] build model
____________________________________________________________________________________________________
Layer (type)                     Output Shape          Param #     Connected to                     
====================================================================================================
arg1_ids (InputLayer)            (None, 100)           0                                            
____________________________________________________________________________________________________
arg2_ids (InputLayer)            (None, 100)           0                                            
____________________________________________________________________________________________________
conn_ids (InputLayer)            (None, 10)            0                                            
____________________________________________________________________________________________________
embedding_1 (Embedding)          multiple              878360      arg1_ids[0][0]                   
                                                                   arg2_ids[0][0]                   
                                                                   conn_ids[0][0]                   
____________________________________________________________________________________________________
shareablelstm_1 (ShareableLSTM)  multiple              928         embedding_1[0][0]                
                                                                   embedding_1[1][0]                
                                                                   embedding_1[2][0]                
____________________________________________________________________________________________________
shareablelstm_2 (ShareableLSTM)  multiple              928         embedding_1[0][0]                
                                                                   embedding_1[1][0]                
                                                                   embedding_1[2][0]                
____________________________________________________________________________________________________
merge_1 (Merge)                  (None, 100, 8)        0           shareablelstm_1[0][0]            
                                                                   shareablelstm_2[0][0]            
____________________________________________________________________________________________________
merge_11 (Merge)                 (None, 100, 8)        0           shareablelstm_1[1][0]            
                                                                   shareablelstm_2[1][0]            
____________________________________________________________________________________________________
merge_21 (Merge)                 (None, 10, 8)         0           shareablelstm_1[2][0]            
                                                                   shareablelstm_2[2][0]            
____________________________________________________________________________________________________
arg1_filters (Activation)        (None, 100, 8)        0           merge_1[0][0]                    
____________________________________________________________________________________________________
arg2_filters (Activation)        (None, 100, 8)        0           merge_11[0][0]                   
____________________________________________________________________________________________________
conn_filters (Activation)        (None, 10, 8)         0           merge_21[0][0]                   
____________________________________________________________________________________________________
merge_2 (Merge)                  (None, 100, 20)       0           embedding_1[0][0]                
                                                                   arg1_filters[0][0]               
____________________________________________________________________________________________________
merge_3 (Merge)                  (None, 100, 20)       0           embedding_1[0][0]                
                                                                   arg1_filters[0][0]               
____________________________________________________________________________________________________
merge_4 (Merge)                  (None, 100, 20)       0           embedding_1[0][0]                
                                                                   arg1_filters[0][0]               
____________________________________________________________________________________________________
merge_5 (Merge)                  (None, 100, 20)       0           embedding_1[0][0]                
                                                                   arg1_filters[0][0]               
____________________________________________________________________________________________________
merge_6 (Merge)                  (None, 100, 20)       0           embedding_1[0][0]                
                                                                   arg1_filters[0][0]               
____________________________________________________________________________________________________
merge_7 (Merge)                  (None, 100, 20)       0           embedding_1[0][0]                
                                                                   arg1_filters[0][0]               
____________________________________________________________________________________________________
merge_8 (Merge)                  (None, 100, 20)       0           embedding_1[0][0]                
                                                                   arg1_filters[0][0]               
____________________________________________________________________________________________________
merge_9 (Merge)                  (None, 100, 20)       0           embedding_1[0][0]                
                                                                   arg1_filters[0][0]               
____________________________________________________________________________________________________
merge_12 (Merge)                 (None, 100, 20)       0           embedding_1[1][0]                
                                                                   arg2_filters[0][0]               
____________________________________________________________________________________________________
merge_13 (Merge)                 (None, 100, 20)       0           embedding_1[1][0]                
                                                                   arg2_filters[0][0]               
____________________________________________________________________________________________________
merge_14 (Merge)                 (None, 100, 20)       0           embedding_1[1][0]                
                                                                   arg2_filters[0][0]               
____________________________________________________________________________________________________
merge_15 (Merge)                 (None, 100, 20)       0           embedding_1[1][0]                
                                                                   arg2_filters[0][0]               
____________________________________________________________________________________________________
merge_16 (Merge)                 (None, 100, 20)       0           embedding_1[1][0]                
                                                                   arg2_filters[0][0]               
____________________________________________________________________________________________________
merge_17 (Merge)                 (None, 100, 20)       0           embedding_1[1][0]                
                                                                   arg2_filters[0][0]               
____________________________________________________________________________________________________
merge_18 (Merge)                 (None, 100, 20)       0           embedding_1[1][0]                
                                                                   arg2_filters[0][0]               
____________________________________________________________________________________________________
merge_19 (Merge)                 (None, 100, 20)       0           embedding_1[1][0]                
                                                                   arg2_filters[0][0]               
____________________________________________________________________________________________________
merge_22 (Merge)                 (None, 10, 20)        0           embedding_1[2][0]                
                                                                   conn_filters[0][0]               
____________________________________________________________________________________________________
merge_23 (Merge)                 (None, 10, 20)        0           embedding_1[2][0]                
                                                                   conn_filters[0][0]               
____________________________________________________________________________________________________
merge_24 (Merge)                 (None, 10, 20)        0           embedding_1[2][0]                
                                                                   conn_filters[0][0]               
____________________________________________________________________________________________________
merge_25 (Merge)                 (None, 10, 20)        0           embedding_1[2][0]                
                                                                   conn_filters[0][0]               
____________________________________________________________________________________________________
merge_26 (Merge)                 (None, 10, 20)        0           embedding_1[2][0]                
                                                                   conn_filters[0][0]               
____________________________________________________________________________________________________
merge_27 (Merge)                 (None, 10, 20)        0           embedding_1[2][0]                
                                                                   conn_filters[0][0]               
____________________________________________________________________________________________________
merge_28 (Merge)                 (None, 10, 20)        0           embedding_1[2][0]                
                                                                   conn_filters[0][0]               
____________________________________________________________________________________________________
merge_29 (Merge)                 (None, 10, 20)        0           embedding_1[2][0]                
                                                                   conn_filters[0][0]               
____________________________________________________________________________________________________
shareablelstm_3 (ShareableLSTM)  (None, 20)            3280        merge_2[0][0]                    
                                                                   merge_12[0][0]                   
                                                                   merge_22[0][0]                   
____________________________________________________________________________________________________
shareablelstm_5 (ShareableLSTM)  (None, 20)            3280        merge_3[0][0]                    
                                                                   merge_13[0][0]                   
                                                                   merge_23[0][0]                   
____________________________________________________________________________________________________
shareablelstm_7 (ShareableLSTM)  (None, 20)            3280        merge_4[0][0]                    
                                                                   merge_14[0][0]                   
                                                                   merge_24[0][0]                   
____________________________________________________________________________________________________
shareablelstm_9 (ShareableLSTM)  (None, 20)            3280        merge_5[0][0]                    
                                                                   merge_15[0][0]                   
                                                                   merge_25[0][0]                   
____________________________________________________________________________________________________
shareablelstm_11 (ShareableLSTM) (None, 20)            3280        merge_6[0][0]                    
                                                                   merge_16[0][0]                   
                                                                   merge_26[0][0]                   
____________________________________________________________________________________________________
shareablelstm_13 (ShareableLSTM) (None, 20)            3280        merge_7[0][0]                    
                                                                   merge_17[0][0]                   
                                                                   merge_27[0][0]                   
____________________________________________________________________________________________________
shareablelstm_15 (ShareableLSTM) (None, 20)            3280        merge_8[0][0]                    
                                                                   merge_18[0][0]                   
                                                                   merge_28[0][0]                   
____________________________________________________________________________________________________
shareablelstm_17 (ShareableLSTM) (None, 20)            3280        merge_9[0][0]                    
                                                                   merge_19[0][0]                   
                                                                   merge_29[0][0]                   
____________________________________________________________________________________________________
merge_10 (Merge)                 (None, 160)           0           shareablelstm_3[0][0]            
                                                                   shareablelstm_5[0][0]            
                                                                   shareablelstm_7[0][0]            
                                                                   shareablelstm_9[0][0]            
                                                                   shareablelstm_11[0][0]           
                                                                   shareablelstm_13[0][0]           
                                                                   shareablelstm_15[0][0]           
                                                                   shareablelstm_17[0][0]           
____________________________________________________________________________________________________
merge_20 (Merge)                 (None, 160)           0           shareablelstm_3[1][0]            
                                                                   shareablelstm_5[1][0]            
                                                                   shareablelstm_7[1][0]            
                                                                   shareablelstm_9[1][0]            
                                                                   shareablelstm_11[1][0]           
                                                                   shareablelstm_13[1][0]           
                                                                   shareablelstm_15[1][0]           
                                                                   shareablelstm_17[1][0]           
____________________________________________________________________________________________________
merge_30 (Merge)                 (None, 160)           0           shareablelstm_3[2][0]            
                                                                   shareablelstm_5[2][0]            
                                                                   shareablelstm_7[2][0]            
                                                                   shareablelstm_9[2][0]            
                                                                   shareablelstm_11[2][0]           
                                                                   shareablelstm_13[2][0]           
                                                                   shareablelstm_15[2][0]           
                                                                   shareablelstm_17[2][0]           
____________________________________________________________________________________________________
dropout_1 (Dropout)              (None, 160)           0           merge_10[0][0]                   
____________________________________________________________________________________________________
dropout_2 (Dropout)              (None, 160)           0           merge_20[0][0]                   
____________________________________________________________________________________________________
dropout_3 (Dropout)              (None, 160)           0           merge_30[0][0]                   
____________________________________________________________________________________________________
merge_31 (Merge)                 (None, 480)           0           dropout_1[0][0]                  
                                                                   dropout_2[0][0]                  
                                                                   dropout_3[0][0]                  
____________________________________________________________________________________________________
dense_1 (Dense)                  (None, 80)            38480       merge_31[0][0]                   
____________________________________________________________________________________________________
srelu_1 (SReLU)                  (None, 80)            320         dense_1[0][0]                    
____________________________________________________________________________________________________
dropout_4 (Dropout)              (None, 80)            0           srelu_1[0][0]                    
____________________________________________________________________________________________________
dense_2 (Dense)                  (None, 23)            1863        dropout_4[0][0]                  
____________________________________________________________________________________________________
target (Activation)              (None, 23)            0           dense_2[0][0]                    
====================================================================================================
Total params: 947,119
Trainable params: 947,119
Non-trainable params: 0
____________________________________________________________________________________________________
[2018-03-23 14:07] initialize weights
[2018-03-23 14:07] training preparation
[2018-03-23 14:07] train model (ex/conll16st-v35noaugm-en)
Epoch 1/1000
3200/3264 [============================>.] - ETA: 0s - loss: 2.7779
- val_loss: 2.5523
- val_all_f1:  0.2202 0.2202 0.2202
- val_exp_f1:  0.2807 0.2807 0.2807
- val_non_f1:  0.1669 0.1669 0.1669

3264/3264 [==============================] - 51s - loss: 2.7727 - val_loss: 2.5523
Epoch 2/1000
3200/3264 [============================>.] - ETA: 0s - loss: 2.5425
- val_loss: 2.5411
- val_all_f1:  0.2202 0.2202 0.2202
- val_exp_f1:  0.2807 0.2807 0.2807
- val_non_f1:  0.1669 0.1669 0.1669

3264/3264 [==============================] - 51s - loss: 2.5393 - val_loss: 2.5411
Epoch 3/1000
3200/3264 [============================>.] - ETA: 0s - loss: 2.5038
- val_loss: 2.5064
- val_all_f1:  0.2202 0.2202 0.2202
- val_exp_f1:  0.2807 0.2807 0.2807
- val_non_f1:  0.1669 0.1669 0.1669

3264/3264 [==============================] - 51s - loss: 2.5047 - val_loss: 2.5064
Epoch 4/1000
3200/3264 [============================>.] - ETA: 0s - loss: 2.4736
- val_loss: 2.4062
- val_all_f1:  0.2202 0.2202 0.2202
- val_exp_f1:  0.2807 0.2807 0.2807
- val_non_f1:  0.1669 0.1669 0.1669

3264/3264 [==============================] - 50s - loss: 2.4729 - val_loss: 2.4062
Epoch 5/1000
3200/3264 [============================>.] - ETA: 0s - loss: 2.3705
- val_loss: 2.2603
- val_all_f1:  0.2216 0.2216 0.2216
- val_exp_f1:  0.2807 0.2807 0.2807
- val_non_f1:  0.1696 0.1696 0.1696

3264/3264 [==============================] - 51s - loss: 2.3687 - val_loss: 2.2603
Epoch 6/1000
3200/3264 [============================>.] - ETA: 0s - loss: 2.2788
- val_loss: 2.1446
- val_all_f1:  0.3757 0.3757 0.3757
- val_exp_f1:  0.4992 0.4992 0.4992
- val_non_f1:  0.2670 0.2670 0.2670

3264/3264 [==============================] - 51s - loss: 2.2823 - val_loss: 2.1446
Epoch 7/1000
3200/3264 [============================>.] - ETA: 0s - loss: 2.2480
- val_loss: 2.1001
- val_all_f1:  0.3999 0.3999 0.3999
- val_exp_f1:  0.5781 0.5781 0.5781
- val_non_f1:  0.2430 0.2430 0.2430

3264/3264 [==============================] - 51s - loss: 2.2431 - val_loss: 2.1001
Epoch 8/1000
3200/3264 [============================>.] - ETA: 0s - loss: 2.1828
- val_loss: 2.0585
- val_all_f1:  0.3828 0.3828 0.3828
- val_exp_f1:  0.5387 0.5387 0.5387
- val_non_f1:  0.2457 0.2457 0.2457

3264/3264 [==============================] - 50s - loss: 2.1870 - val_loss: 2.0585
Epoch 9/1000
3200/3264 [============================>.] - ETA: 0s - loss: 2.1321
- val_loss: 1.9600
- val_all_f1:  0.4254 0.4254 0.4254
- val_exp_f1:  0.5892 0.5812 0.5852
- val_non_f1:  0.2884 0.2884 0.2884

3264/3264 [==============================] - 51s - loss: 2.1298 - val_loss: 1.9600
Epoch 10/1000
3200/3264 [============================>.] - ETA: 0s - loss: 2.1049
- val_loss: 1.9099
- val_all_f1:  0.4183 0.4183 0.4183
- val_exp_f1:  0.6193 0.6146 0.6169
- val_non_f1:  0.2457 0.2457 0.2457

3264/3264 [==============================] - 50s - loss: 2.0988 - val_loss: 1.9099
Epoch 11/1000
3200/3264 [============================>.] - ETA: 0s - loss: 2.0523
- val_loss: 1.8510
- val_all_f1:  0.4631 0.4631 0.4631
- val_exp_f1:  0.6475 0.6328 0.6401
- val_non_f1:  0.3138 0.3138 0.3138

3264/3264 [==============================] - 51s - loss: 2.0501 - val_loss: 1.8510
Epoch 12/1000
3200/3264 [============================>.] - ETA: 0s - loss: 2.0718
- val_loss: 1.8785
- val_all_f1:  0.4680 0.4680 0.4680
- val_exp_f1:  0.6667 0.6616 0.6641
- val_non_f1:  0.2981 0.2977 0.2979

3264/3264 [==============================] - 50s - loss: 2.0686 - val_loss: 1.8785
Epoch 13/1000
3200/3264 [============================>.] - ETA: 0s - loss: 1.9915
- val_loss: 1.9132
- val_all_f1:  0.4155 0.4155 0.4155
- val_exp_f1:  0.7026 0.7026 0.7026
- val_non_f1:  0.1631 0.1629 0.1630

3264/3264 [==============================] - 50s - loss: 1.9927 - val_loss: 1.9132
Epoch 14/1000
3200/3264 [============================>.] - ETA: 0s - loss: 2.0017
- val_loss: 1.8269
- val_all_f1:  0.4439 0.4439 0.4439
- val_exp_f1:  0.6514 0.6464 0.6489
- val_non_f1:  0.2660 0.2657 0.2659

3264/3264 [==============================] - 50s - loss: 2.0055 - val_loss: 1.8269
Epoch 15/1000
3200/3264 [============================>.] - ETA: 0s - loss: 1.9760
- val_loss: 1.8287
- val_all_f1:  0.4411 0.4411 0.4411
- val_exp_f1:  0.6636 0.6586 0.6611
- val_non_f1:  0.2500 0.2497 0.2498

3264/3264 [==============================] - 50s - loss: 1.9733 - val_loss: 1.8287
Epoch 16/1000
3200/3264 [============================>.] - ETA: 0s - loss: 2.0060
- val_loss: 1.8441
- val_all_f1:  0.4780 0.4780 0.4780
- val_exp_f1:  0.7032 0.7011 0.7021
- val_non_f1:  0.2821 0.2817 0.2819

3264/3264 [==============================] - 50s - loss: 2.0024 - val_loss: 1.8441
Epoch 17/1000
3200/3264 [============================>.] - ETA: 0s - loss: 1.9813
- val_loss: 1.7771
- val_all_f1:  0.4979 0.4979 0.4979
- val_exp_f1:  0.7259 0.7193 0.7226
- val_non_f1:  0.3035 0.3031 0.3033

3264/3264 [==============================] - 50s - loss: 1.9772 - val_loss: 1.7771
Epoch 18/1000
3200/3264 [============================>.] - ETA: 0s - loss: 1.9409
- val_loss: 1.7869
- val_all_f1:  0.4297 0.4297 0.4297
- val_exp_f1:  0.6947 0.6904 0.6925
- val_non_f1:  0.2005 0.2003 0.2004

3264/3264 [==============================] - 50s - loss: 1.9420 - val_loss: 1.7869
Epoch 19/1000
3200/3264 [============================>.] - ETA: 0s - loss: 1.9762
- val_loss: 1.7735
- val_all_f1:  0.4986 0.4986 0.4986
- val_exp_f1:  0.7408 0.7329 0.7368
- val_non_f1:  0.2924 0.2924 0.2924

3264/3264 [==============================] - 51s - loss: 1.9819 - val_loss: 1.7735
Epoch 20/1000
3200/3264 [============================>.] - ETA: 0s - loss: 1.9306
- val_loss: 1.7447
- val_all_f1:  0.5192 0.5192 0.5192
- val_exp_f1:  0.7603 0.7557 0.7580
- val_non_f1:  0.3115 0.3111 0.3113

3264/3264 [==============================] - 51s - loss: 1.9247 - val_loss: 1.7447
Epoch 21/1000
3200/3264 [============================>.] - ETA: 0s - loss: 1.9016
- val_loss: 1.7031
- val_all_f1:  0.5256 0.5256 0.5256
- val_exp_f1:  0.7805 0.7769 0.7787
- val_non_f1:  0.3048 0.3044 0.3046

3264/3264 [==============================] - 51s - loss: 1.9018 - val_loss: 1.7031
Epoch 22/1000
3200/3264 [============================>.] - ETA: 0s - loss: 1.9178
- val_loss: 1.7161
- val_all_f1:  0.5114 0.5114 0.5114
- val_exp_f1:  0.7751 0.7739 0.7745
- val_non_f1:  0.2807 0.2804 0.2806

3264/3264 [==============================] - 50s - loss: 1.9143 - val_loss: 1.7161
Epoch 23/1000
3200/3264 [============================>.] - ETA: 0s - loss: 1.8986
- val_loss: 1.7209
- val_all_f1:  0.4893 0.4893 0.4893
- val_exp_f1:  0.7769 0.7769 0.7769
- val_non_f1:  0.2366 0.2363 0.2365

3264/3264 [==============================] - 51s - loss: 1.9001 - val_loss: 1.7209
Epoch 24/1000
3200/3264 [============================>.] - ETA: 0s - loss: 1.8518
- val_loss: 1.6931
- val_all_f1:  0.5114 0.5114 0.5114
- val_exp_f1:  0.7769 0.7769 0.7769
- val_non_f1:  0.2781 0.2777 0.2779

3264/3264 [==============================] - 50s - loss: 1.8515 - val_loss: 1.6931
Epoch 25/1000
3200/3264 [============================>.] - ETA: 0s - loss: 1.8555
- val_loss: 1.6420
- val_all_f1:  0.5170 0.5170 0.5170
- val_exp_f1:  0.7903 0.7891 0.7897
- val_non_f1:  0.2777 0.2777 0.2777

3264/3264 [==============================] - 50s - loss: 1.8519 - val_loss: 1.6420
Epoch 26/1000
3200/3264 [============================>.] - ETA: 0s - loss: 1.7752
- val_loss: 1.5983
- val_all_f1:  0.5433 0.5433 0.5433
- val_exp_f1:  0.8070 0.8058 0.8064
- val_non_f1:  0.3124 0.3124 0.3124

3264/3264 [==============================] - 50s - loss: 1.7667 - val_loss: 1.5983
Epoch 27/1000
3200/3264 [============================>.] - ETA: 0s - loss: 1.8439
- val_loss: 1.6300
- val_all_f1:  0.5455 0.5455 0.5455
- val_exp_f1:  0.8134 0.8134 0.8134
- val_non_f1:  0.3102 0.3097 0.3100

3264/3264 [==============================] - 50s - loss: 1.8493 - val_loss: 1.6300
Epoch 28/1000
3200/3264 [============================>.] - ETA: 0s - loss: 1.8363
- val_loss: 1.6541
- val_all_f1:  0.5185 0.5185 0.5185
- val_exp_f1:  0.8134 0.8134 0.8134
- val_non_f1:  0.2590 0.2590 0.2590

3264/3264 [==============================] - 50s - loss: 1.8358 - val_loss: 1.6541
Epoch 29/1000
3200/3264 [============================>.] - ETA: 0s - loss: 1.8152
- val_loss: 1.5925
- val_all_f1:  0.5313 0.5313 0.5313
- val_exp_f1:  0.8316 0.8316 0.8316
- val_non_f1:  0.2674 0.2670 0.2672

3264/3264 [==============================] - 50s - loss: 1.8151 - val_loss: 1.5925
Epoch 30/1000
3200/3264 [============================>.] - ETA: 0s - loss: 1.7900
- val_loss: 1.6084
- val_all_f1:  0.5419 0.5419 0.5419
- val_exp_f1:  0.8225 0.8225 0.8225
- val_non_f1:  0.2951 0.2951 0.2951

3264/3264 [==============================] - 50s - loss: 1.7902 - val_loss: 1.6084
Epoch 31/1000
3200/3264 [============================>.] - ETA: 0s - loss: 1.8472
- val_loss: 1.5918
- val_all_f1:  0.5469 0.5469 0.5469
- val_exp_f1:  0.8452 0.8452 0.8452
- val_non_f1:  0.2848 0.2844 0.2846

3264/3264 [==============================] - 50s - loss: 1.8416 - val_loss: 1.5918
Epoch 32/1000
3200/3264 [============================>.] - ETA: 0s - loss: 1.7521
- val_loss: 1.6208
- val_all_f1:  0.5263 0.5263 0.5263
- val_exp_f1:  0.8467 0.8467 0.8467
- val_non_f1:  0.2443 0.2443 0.2443

3264/3264 [==============================] - 50s - loss: 1.7492 - val_loss: 1.6208
Epoch 33/1000
3200/3264 [============================>.] - ETA: 0s - loss: 1.8013
- val_loss: 1.5799
- val_all_f1:  0.5554 0.5554 0.5554
- val_exp_f1:  0.8619 0.8619 0.8619
- val_non_f1:  0.2861 0.2857 0.2859

3264/3264 [==============================] - 51s - loss: 1.7991 - val_loss: 1.5799
Epoch 34/1000
3200/3264 [============================>.] - ETA: 0s - loss: 1.7744
- val_loss: 1.5710
- val_all_f1:  0.5561 0.5561 0.5561
- val_exp_f1:  0.8602 0.8589 0.8595
- val_non_f1:  0.2901 0.2897 0.2899

3264/3264 [==============================] - 51s - loss: 1.7785 - val_loss: 1.5710
Epoch 35/1000
3200/3264 [============================>.] - ETA: 0s - loss: 1.7105
- val_loss: 1.6130
- val_all_f1:  0.5256 0.5256 0.5256
- val_exp_f1:  0.8513 0.8513 0.8513
- val_non_f1:  0.2390 0.2390 0.2390

3264/3264 [==============================] - 51s - loss: 1.7053 - val_loss: 1.6130
Epoch 36/1000
3200/3264 [============================>.] - ETA: 0s - loss: 1.7367
- val_loss: 1.5159
- val_all_f1:  0.5668 0.5668 0.5668
- val_exp_f1:  0.8799 0.8786 0.8793
- val_non_f1:  0.2924 0.2924 0.2924

3264/3264 [==============================] - 50s - loss: 1.7452 - val_loss: 1.5159
Epoch 37/1000
3200/3264 [============================>.] - ETA: 0s - loss: 1.7977
- val_loss: 1.5395
- val_all_f1:  0.5618 0.5618 0.5618
- val_exp_f1:  0.8754 0.8741 0.8747
- val_non_f1:  0.2874 0.2870 0.2872

3264/3264 [==============================] - 50s - loss: 1.7927 - val_loss: 1.5395
Epoch 38/1000
3200/3264 [============================>.] - ETA: 0s - loss: 1.7584
- val_loss: 1.5361
- val_all_f1:  0.5675 0.5675 0.5675
- val_exp_f1:  0.8741 0.8741 0.8741
- val_non_f1:  0.2977 0.2977 0.2977

3264/3264 [==============================] - 50s - loss: 1.7563 - val_loss: 1.5361
Epoch 39/1000
3200/3264 [============================>.] - ETA: 0s - loss: 1.7371
- val_loss: 1.4961
- val_all_f1:  0.5767 0.5767 0.5767
- val_exp_f1:  0.8756 0.8756 0.8756
- val_non_f1:  0.3138 0.3138 0.3138

3264/3264 [==============================] - 50s - loss: 1.7350 - val_loss: 1.4961
Epoch 40/1000
3200/3264 [============================>.] - ETA: 0s - loss: 1.7353
- val_loss: 1.5377
- val_all_f1:  0.5589 0.5589 0.5589
- val_exp_f1:  0.8741 0.8741 0.8741
- val_non_f1:  0.2817 0.2817 0.2817

3264/3264 [==============================] - 50s - loss: 1.7299 - val_loss: 1.5377
Epoch 41/1000
3200/3264 [============================>.] - ETA: 0s - loss: 1.6967
- val_loss: 1.5212
- val_all_f1:  0.5526 0.5526 0.5526
- val_exp_f1:  0.8756 0.8756 0.8756
- val_non_f1:  0.2684 0.2684 0.2684

3264/3264 [==============================] - 50s - loss: 1.6926 - val_loss: 1.5212
Epoch 42/1000
3200/3264 [============================>.] - ETA: 0s - loss: 1.6707
- val_loss: 1.5241
- val_all_f1:  0.5483 0.5483 0.5483
- val_exp_f1:  0.8786 0.8786 0.8786
- val_non_f1:  0.2577 0.2577 0.2577

3264/3264 [==============================] - 50s - loss: 1.6704 - val_loss: 1.5241
Epoch 43/1000
3200/3264 [============================>.] - ETA: 0s - loss: 1.6986
- val_loss: 1.5154
- val_all_f1:  0.5639 0.5639 0.5639
- val_exp_f1:  0.8860 0.8847 0.8853
- val_non_f1:  0.2817 0.2817 0.2817

3264/3264 [==============================] - 50s - loss: 1.6998 - val_loss: 1.5154
Epoch 44/1000
3200/3264 [============================>.] - ETA: 0s - loss: 1.6905
- val_loss: 1.5164
- val_all_f1:  0.5604 0.5604 0.5604
- val_exp_f1:  0.8923 0.8923 0.8923
- val_non_f1:  0.2684 0.2684 0.2684

3264/3264 [==============================] - 50s - loss: 1.6879 - val_loss: 1.5164
Epoch 45/1000
3200/3264 [============================>.] - ETA: 0s - loss: 1.7002
- val_loss: 1.5344
- val_all_f1:  0.5554 0.5554 0.5554
- val_exp_f1:  0.8892 0.8892 0.8892
- val_non_f1:  0.2617 0.2617 0.2617

3264/3264 [==============================] - 50s - loss: 1.6928 - val_loss: 1.5344
Epoch 46/1000
3200/3264 [============================>.] - ETA: 0s - loss: 1.6961
- val_loss: 1.5327
- val_all_f1:  0.5511 0.5511 0.5511
- val_exp_f1:  0.8862 0.8862 0.8862
- val_non_f1:  0.2563 0.2563 0.2563

3264/3264 [==============================] - 50s - loss: 1.6991 - val_loss: 1.5327
Epoch 47/1000
3200/3264 [============================>.] - ETA: 0s - loss: 1.7199
- val_loss: 1.4981
- val_all_f1:  0.5604 0.5604 0.5604
- val_exp_f1:  0.8983 0.8983 0.8983
- val_non_f1:  0.2630 0.2630 0.2630

3264/3264 [==============================] - 50s - loss: 1.7198 - val_loss: 1.4981
Epoch 48/1000
3200/3264 [============================>.] - ETA: 0s - loss: 1.6637
- val_loss: 1.4789
- val_all_f1:  0.5511 0.5511 0.5511
- val_exp_f1:  0.8907 0.8907 0.8907
- val_non_f1:  0.2523 0.2523 0.2523

3264/3264 [==============================] - 50s - loss: 1.6641 - val_loss: 1.4789
Epoch 49/1000
3200/3264 [============================>.] - ETA: 0s - loss: 1.6465
- val_loss: 1.4943
- val_all_f1:  0.5604 0.5604 0.5604
- val_exp_f1:  0.8998 0.8998 0.8998
- val_non_f1:  0.2617 0.2617 0.2617

3264/3264 [==============================] - 51s - loss: 1.6554 - val_loss: 1.4943
Epoch 50/1000
3200/3264 [============================>.] - ETA: 0s - loss: 1.6724
- val_loss: 1.5175
- val_all_f1:  0.5533 0.5533 0.5533
- val_exp_f1:  0.8907 0.8907 0.8907
- val_non_f1:  0.2563 0.2563 0.2563

3264/3264 [==============================] - 50s - loss: 1.6742 - val_loss: 1.5175
Epoch 51/1000
3200/3264 [============================>.] - ETA: 0s - loss: 1.6873
- val_loss: 1.5306
- val_all_f1:  0.5469 0.5469 0.5469
- val_exp_f1:  0.8756 0.8756 0.8756
- val_non_f1:  0.2577 0.2577 0.2577

3264/3264 [==============================] - 50s - loss: 1.6873 - val_loss: 1.5306
Epoch 52/1000
3200/3264 [============================>.] - ETA: 0s - loss: 1.6251
- val_loss: 1.5024
- val_all_f1:  0.5639 0.5639 0.5639
- val_exp_f1:  0.8847 0.8847 0.8847
- val_non_f1:  0.2817 0.2817 0.2817

3264/3264 [==============================] - 50s - loss: 1.6311 - val_loss: 1.5024
Epoch 53/1000
3200/3264 [============================>.] - ETA: 0s - loss: 1.6478
- val_loss: 1.5464
- val_all_f1:  0.5455 0.5455 0.5455
- val_exp_f1:  0.8786 0.8786 0.8786
- val_non_f1:  0.2523 0.2523 0.2523

3264/3264 [==============================] - 50s - loss: 1.6431 - val_loss: 1.5464
Epoch 54/1000
3200/3264 [============================>.] - ETA: 0s - loss: 1.6678
- val_loss: 1.5386
- val_all_f1:  0.5277 0.5277 0.5277
- val_exp_f1:  0.8634 0.8634 0.8634
- val_non_f1:  0.2323 0.2323 0.2323

3264/3264 [==============================] - 50s - loss: 1.6634 - val_loss: 1.5386
Epoch 55/1000
3200/3264 [============================>.] - ETA: 0s - loss: 1.6262
- val_loss: 1.5389
- val_all_f1:  0.5426 0.5426 0.5426
- val_exp_f1:  0.8632 0.8619 0.8626
- val_non_f1:  0.2617 0.2617 0.2617

3264/3264 [==============================] - 50s - loss: 1.6262 - val_loss: 1.5389
Epoch 56/1000
3200/3264 [============================>.] - ETA: 0s - loss: 1.6345
- val_loss: 1.4925
- val_all_f1:  0.5589 0.5589 0.5589
- val_exp_f1:  0.8982 0.8968 0.8975
- val_non_f1:  0.2617 0.2617 0.2617

3264/3264 [==============================] - 50s - loss: 1.6348 - val_loss: 1.4925
Epoch 57/1000
3200/3264 [============================>.] - ETA: 0s - loss: 1.6202
- val_loss: 1.5204
- val_all_f1:  0.5384 0.5384 0.5384
- val_exp_f1:  0.8771 0.8771 0.8771
- val_non_f1:  0.2403 0.2403 0.2403

3264/3264 [==============================] - 50s - loss: 1.6197 - val_loss: 1.5204
Epoch 58/1000
3200/3264 [============================>.] - ETA: 0s - loss: 1.7045
- val_loss: 1.5219
- val_all_f1:  0.5518 0.5518 0.5518
- val_exp_f1:  0.8847 0.8847 0.8847
- val_non_f1:  0.2590 0.2590 0.2590

3264/3264 [==============================] - 50s - loss: 1.6947 - val_loss: 1.5219
Epoch 59/1000
3200/3264 [============================>.] - ETA: 0s - loss: 1.6076
- val_loss: 1.4740
- val_all_f1:  0.5618 0.5618 0.5618
- val_exp_f1:  0.8891 0.8877 0.8884
- val_non_f1:  0.2750 0.2750 0.2750

3264/3264 [==============================] - 50s - loss: 1.6113 - val_loss: 1.4740
Epoch 60/1000
3200/3264 [============================>.] - ETA: 0s - loss: 1.6148
- val_loss: 1.4911
- val_all_f1:  0.5661 0.5661 0.5661
- val_exp_f1:  0.8845 0.8832 0.8838
- val_non_f1:  0.2870 0.2870 0.2870

3264/3264 [==============================] - 50s - loss: 1.6065 - val_loss: 1.4911
Epoch 61/1000
3200/3264 [============================>.] - ETA: 0s - loss: 1.6010
- val_loss: 1.5222
- val_all_f1:  0.5483 0.5483 0.5483
- val_exp_f1:  0.8799 0.8786 0.8793
- val_non_f1:  0.2577 0.2577 0.2577

3264/3264 [==============================] - 50s - loss: 1.6016 - val_loss: 1.5222
Epoch 62/1000
3200/3264 [============================>.] - ETA: 0s - loss: 1.6202
- val_loss: 1.5112
- val_all_f1:  0.5540 0.5540 0.5540
- val_exp_f1:  0.8860 0.8847 0.8853
- val_non_f1:  0.2630 0.2630 0.2630

3264/3264 [==============================] - 50s - loss: 1.6259 - val_loss: 1.5112
Epoch 63/1000
3200/3264 [============================>.] - ETA: 0s - loss: 1.5946
- val_loss: 1.5182
- val_all_f1:  0.5405 0.5405 0.5405
- val_exp_f1:  0.8892 0.8892 0.8892
- val_non_f1:  0.2336 0.2336 0.2336

3264/3264 [==============================] - 50s - loss: 1.5993 - val_loss: 1.5182
Epoch 64/1000
3200/3264 [============================>.] - ETA: 0s - loss: 1.6322
- val_loss: 1.5488
- val_all_f1:  0.5355 0.5355 0.5355
- val_exp_f1:  0.8526 0.8513 0.8519
- val_non_f1:  0.2577 0.2577 0.2577

3264/3264 [==============================] - 50s - loss: 1.6364 - val_loss: 1.5488
Epoch 65/1000
3200/3264 [============================>.] - ETA: 0s - loss: 1.5998
- val_loss: 1.5192
- val_all_f1:  0.5582 0.5582 0.5582
- val_exp_f1:  0.8815 0.8801 0.8808
- val_non_f1:  0.2750 0.2750 0.2750

3264/3264 [==============================] - 50s - loss: 1.6046 - val_loss: 1.5192
Epoch 66/1000
3200/3264 [============================>.] - ETA: 0s - loss: 1.6552
- val_loss: 1.4909
- val_all_f1:  0.5589 0.5589 0.5589
- val_exp_f1:  0.8921 0.8907 0.8914
- val_non_f1:  0.2670 0.2670 0.2670

3264/3264 [==============================] - 50s - loss: 1.6605 - val_loss: 1.4909
Epoch 67/1000
3200/3264 [============================>.] - ETA: 0s - loss: 1.6240
- val_loss: 1.5129
- val_all_f1:  0.5504 0.5504 0.5504
- val_exp_f1:  0.8891 0.8877 0.8884
- val_non_f1:  0.2537 0.2537 0.2537

3264/3264 [==============================] - 50s - loss: 1.6310 - val_loss: 1.5129
Epoch 68/1000
3200/3264 [============================>.] - ETA: 0s - loss: 1.6209
- val_loss: 1.5291
- val_all_f1:  0.5305 0.5305 0.5305
- val_exp_f1:  0.8786 0.8786 0.8786
- val_non_f1:  0.2243 0.2243 0.2243

3264/3264 [==============================] - 50s - loss: 1.6249 - val_loss: 1.5291
Epoch 69/1000
3200/3264 [============================>.] - ETA: 0s - loss: 1.6382
- val_loss: 1.5024
- val_all_f1:  0.5639 0.5639 0.5639
- val_exp_f1:  0.8771 0.8771 0.8771
- val_non_f1:  0.2884 0.2884 0.2884

3264/3264 [==============================] - 56s - loss: 1.6318 - val_loss: 1.5024
Epoch 70/1000
3200/3264 [============================>.] - ETA: 0s - loss: 1.6847
- val_loss: 1.4982
- val_all_f1:  0.5788 0.5788 0.5788
- val_exp_f1:  0.8830 0.8816 0.8823
- val_non_f1:  0.3124 0.3124 0.3124

3264/3264 [==============================] - 51s - loss: 1.6802 - val_loss: 1.4982
Epoch 71/1000
3200/3264 [============================>.] - ETA: 0s - loss: 1.6077
- val_loss: 1.4798
- val_all_f1:  0.5625 0.5625 0.5625
- val_exp_f1:  0.8860 0.8847 0.8853
- val_non_f1:  0.2790 0.2790 0.2790

3264/3264 [==============================] - 51s - loss: 1.6058 - val_loss: 1.4798
Epoch 72/1000
3200/3264 [============================>.] - ETA: 0s - loss: 1.5968
- val_loss: 1.4968
- val_all_f1:  0.5661 0.5661 0.5661
- val_exp_f1:  0.8891 0.8877 0.8884
- val_non_f1:  0.2830 0.2830 0.2830

3264/3264 [==============================] - 51s - loss: 1.6005 - val_loss: 1.4968
Epoch 73/1000
3200/3264 [============================>.] - ETA: 0s - loss: 1.5812
- val_loss: 1.5185
- val_all_f1:  0.5668 0.5668 0.5668
- val_exp_f1:  0.8906 0.8892 0.8899
- val_non_f1:  0.2830 0.2830 0.2830

3264/3264 [==============================] - 51s - loss: 1.5847 - val_loss: 1.5185
Epoch 74/1000
3200/3264 [============================>.] - ETA: 0s - loss: 1.5879
- val_loss: 1.4868
- val_all_f1:  0.5717 0.5717 0.5717
- val_exp_f1:  0.8982 0.8968 0.8975
- val_non_f1:  0.2857 0.2857 0.2857

3264/3264 [==============================] - 51s - loss: 1.5865 - val_loss: 1.4868
Epoch 75/1000
3200/3264 [============================>.] - ETA: 0s - loss: 1.5771
- val_loss: 1.4861
- val_all_f1:  0.5696 0.5696 0.5696
- val_exp_f1:  0.8967 0.8953 0.8960
- val_non_f1:  0.2830 0.2830 0.2830

3264/3264 [==============================] - 51s - loss: 1.5741 - val_loss: 1.4861
Epoch 76/1000
3200/3264 [============================>.] - ETA: 0s - loss: 1.6118
- val_loss: 1.4935
- val_all_f1:  0.5511 0.5511 0.5511
- val_exp_f1:  0.8936 0.8923 0.8929
- val_non_f1:  0.2510 0.2510 0.2510

3264/3264 [==============================] - 51s - loss: 1.6095 - val_loss: 1.4935
Epoch 77/1000
3200/3264 [============================>.] - ETA: 0s - loss: 1.6501
- val_loss: 1.4812
- val_all_f1:  0.5753 0.5753 0.5753
- val_exp_f1:  0.9073 0.9059 0.9066
- val_non_f1:  0.2844 0.2844 0.2844

3264/3264 [==============================] - 51s - loss: 1.6496 - val_loss: 1.4812
Epoch 78/1000
3200/3264 [============================>.] - ETA: 0s - loss: 1.6408
- val_loss: 1.5474
- val_all_f1:  0.5440 0.5440 0.5440
- val_exp_f1:  0.8647 0.8634 0.8641
- val_non_f1:  0.2630 0.2630 0.2630

3264/3264 [==============================] - 51s - loss: 1.6376 - val_loss: 1.5474
Epoch 79/1000
3200/3264 [============================>.] - ETA: 0s - loss: 1.5896
- val_loss: 1.5018
- val_all_f1:  0.5717 0.5717 0.5717
- val_exp_f1:  0.8875 0.8862 0.8869
- val_non_f1:  0.2951 0.2951 0.2951

3264/3264 [==============================] - 51s - loss: 1.5941 - val_loss: 1.5018
Epoch 80/1000
3200/3264 [============================>.] - ETA: 0s - loss: 1.5979
- val_loss: 1.5168
- val_all_f1:  0.5717 0.5717 0.5717
- val_exp_f1:  0.8967 0.8953 0.8960
- val_non_f1:  0.2870 0.2870 0.2870

3264/3264 [==============================] - 50s - loss: 1.6026 - val_loss: 1.5168
Epoch 81/1000
3200/3264 [============================>.] - ETA: 0s - loss: 1.5561
- val_loss: 1.5236
- val_all_f1:  0.5497 0.5497 0.5497
- val_exp_f1:  0.8936 0.8923 0.8929
- val_non_f1:  0.2483 0.2483 0.2483

3264/3264 [==============================] - 50s - loss: 1.5557 - val_loss: 1.5236
Epoch 82/1000
3200/3264 [============================>.] - ETA: 0s - loss: 1.5990
- val_loss: 1.5425
- val_all_f1:  0.5497 0.5497 0.5497
- val_exp_f1:  0.8921 0.8907 0.8914
- val_non_f1:  0.2497 0.2497 0.2497

3264/3264 [==============================] - 51s - loss: 1.5953 - val_loss: 1.5425
Epoch 83/1000
3200/3264 [============================>.] - ETA: 0s - loss: 1.5462
- val_loss: 1.4896
- val_all_f1:  0.5639 0.5639 0.5639
- val_exp_f1:  0.8875 0.8862 0.8869
- val_non_f1:  0.2804 0.2804 0.2804

3264/3264 [==============================] - 51s - loss: 1.5462 - val_loss: 1.4896
Epoch 84/1000
3200/3264 [============================>.] - ETA: 0s - loss: 1.5452
- val_loss: 1.4915
- val_all_f1:  0.5639 0.5639 0.5639
- val_exp_f1:  0.9027 0.9014 0.9021
- val_non_f1:  0.2670 0.2670 0.2670

3264/3264 [==============================] - 51s - loss: 1.5493 - val_loss: 1.4915
Epoch 85/1000
3200/3264 [============================>.] - ETA: 0s - loss: 1.5452
- val_loss: 1.5155
- val_all_f1:  0.5561 0.5561 0.5561
- val_exp_f1:  0.9012 0.8998 0.9005
- val_non_f1:  0.2537 0.2537 0.2537

3264/3264 [==============================] - 50s - loss: 1.5448 - val_loss: 1.5155
Epoch 86/1000
3200/3264 [============================>.] - ETA: 0s - loss: 1.5753
- val_loss: 1.5186
- val_all_f1:  0.5668 0.5668 0.5668
- val_exp_f1:  0.9073 0.9059 0.9066
- val_non_f1:  0.2684 0.2684 0.2684

3264/3264 [==============================] - 51s - loss: 1.5727 - val_loss: 1.5186
Epoch 87/1000
3200/3264 [============================>.] - ETA: 0s - loss: 1.6070
- val_loss: 1.5302
- val_all_f1:  0.5589 0.5589 0.5589
- val_exp_f1:  0.8891 0.8877 0.8884
- val_non_f1:  0.2697 0.2697 0.2697

3264/3264 [==============================] - 50s - loss: 1.6084 - val_loss: 1.5302
Epoch 88/1000
3200/3264 [============================>.] - ETA: 0s - loss: 1.5460
- val_loss: 1.5019
- val_all_f1:  0.5618 0.5618 0.5618
- val_exp_f1:  0.8982 0.8968 0.8975
- val_non_f1:  0.2670 0.2670 0.2670

3264/3264 [==============================] - 51s - loss: 1.5532 - val_loss: 1.5019
Epoch 89/1000
3200/3264 [============================>.] - ETA: 0s - loss: 1.5406
- val_loss: 1.5075
- val_all_f1:  0.5597 0.5597 0.5597
- val_exp_f1:  0.8982 0.8968 0.8975
- val_non_f1:  0.2630 0.2630 0.2630

3264/3264 [==============================] - 51s - loss: 1.5416 - val_loss: 1.5075
Epoch 90/1000
3200/3264 [============================>.] - ETA: 0s - loss: 1.5415
- val_loss: 1.5327
- val_all_f1:  0.5547 0.5547 0.5547
- val_exp_f1:  0.9012 0.8998 0.9005
- val_non_f1:  0.2510 0.2510 0.2510

3264/3264 [==============================] - 51s - loss: 1.5419 - val_loss: 1.5327
Epoch 91/1000
3200/3264 [============================>.] - ETA: 0s - loss: 1.5142
- val_loss: 1.5353
- val_all_f1:  0.5504 0.5504 0.5504
- val_exp_f1:  0.8830 0.8816 0.8823
- val_non_f1:  0.2590 0.2590 0.2590

3264/3264 [==============================] - 51s - loss: 1.5129 - val_loss: 1.5353
Epoch 92/1000
3200/3264 [============================>.] - ETA: 0s - loss: 1.5260
- val_loss: 1.5182
- val_all_f1:  0.5618 0.5618 0.5618
- val_exp_f1:  0.8997 0.8983 0.8990
- val_non_f1:  0.2657 0.2657 0.2657

3264/3264 [==============================] - 50s - loss: 1.5281 - val_loss: 1.5182
Epoch 93/1000
3200/3264 [============================>.] - ETA: 0s - loss: 1.5167
- val_loss: 1.5533
- val_all_f1:  0.5540 0.5540 0.5540
- val_exp_f1:  0.9088 0.9074 0.9081
- val_non_f1:  0.2430 0.2430 0.2430

3264/3264 [==============================] - 51s - loss: 1.5224 - val_loss: 1.5533
Epoch 94/1000
3200/3264 [============================>.] - ETA: 0s - loss: 1.5276
- val_loss: 1.5554
- val_all_f1:  0.5504 0.5504 0.5504
- val_exp_f1:  0.8953 0.8953 0.8953
- val_non_f1:  0.2470 0.2470 0.2470

3264/3264 [==============================] - 50s - loss: 1.5300 - val_loss: 1.5554
Epoch 95/1000
3200/3264 [============================>.] - ETA: 0s - loss: 1.5207
- val_loss: 1.5245
- val_all_f1:  0.5618 0.5618 0.5618
- val_exp_f1:  0.8907 0.8907 0.8907
- val_non_f1:  0.2724 0.2724 0.2724

3264/3264 [==============================] - 51s - loss: 1.5222 - val_loss: 1.5245
Epoch 96/1000
3200/3264 [============================>.] - ETA: 0s - loss: 1.5266
- val_loss: 1.5036
- val_all_f1:  0.5625 0.5625 0.5625
- val_exp_f1:  0.9058 0.9044 0.9051
- val_non_f1:  0.2617 0.2617 0.2617

3264/3264 [==============================] - 50s - loss: 1.5255 - val_loss: 1.5036
Epoch 97/1000
3200/3264 [============================>.] - ETA: 0s - loss: 1.5650
- val_loss: 1.5491
- val_all_f1:  0.5561 0.5561 0.5561
- val_exp_f1:  0.8997 0.8983 0.8990
- val_non_f1:  0.2553 0.2550 0.2552

3264/3264 [==============================] - 50s - loss: 1.5674 - val_loss: 1.5491
Epoch 98/1000
3200/3264 [============================>.] - ETA: 0s - loss: 1.5487
- val_loss: 1.5258
- val_all_f1:  0.5668 0.5668 0.5668
- val_exp_f1:  0.8997 0.8983 0.8990
- val_non_f1:  0.2750 0.2750 0.2750

3264/3264 [==============================] - 50s - loss: 1.5463 - val_loss: 1.5258
Epoch 99/1000
3200/3264 [============================>.] - ETA: 0s - loss: 1.5637
- val_loss: 1.5000
- val_all_f1:  0.5646 0.5646 0.5646
- val_exp_f1:  0.9027 0.9014 0.9021
- val_non_f1:  0.2684 0.2684 0.2684

3264/3264 [==============================] - 50s - loss: 1.5642 - val_loss: 1.5000
Epoch 100/1000
3200/3264 [============================>.] - ETA: 0s - loss: 1.5188
- val_loss: 1.5120
- val_all_f1:  0.5575 0.5575 0.5575
- val_exp_f1:  0.8967 0.8953 0.8960
- val_non_f1:  0.2603 0.2603 0.2603

3264/3264 [==============================] - 50s - loss: 1.5197 - val_loss: 1.5120
Epoch 101/1000
3200/3264 [============================>.] - ETA: 0s - loss: 1.5196
- val_loss: 1.5360
- val_all_f1:  0.5611 0.5611 0.5611
- val_exp_f1:  0.9103 0.9090 0.9096
- val_non_f1:  0.2550 0.2550 0.2550

3264/3264 [==============================] - 50s - loss: 1.5168 - val_loss: 1.5360
Epoch 102/1000
3200/3264 [============================>.] - ETA: 0s - loss: 1.4800
- val_loss: 1.5212
- val_all_f1:  0.5554 0.5554 0.5554
- val_exp_f1:  0.8982 0.8968 0.8975
- val_non_f1:  0.2550 0.2550 0.2550

3264/3264 [==============================] - 50s - loss: 1.4802 - val_loss: 1.5212
Epoch 103/1000
3200/3264 [============================>.] - ETA: 0s - loss: 1.5033
- val_loss: 1.5231
- val_all_f1:  0.5661 0.5661 0.5661
- val_exp_f1:  0.8982 0.8968 0.8975
- val_non_f1:  0.2750 0.2750 0.2750

3264/3264 [==============================] - 51s - loss: 1.4975 - val_loss: 1.5231
Epoch 104/1000
3200/3264 [============================>.] - ETA: 0s - loss: 1.5412
- val_loss: 1.5610
- val_all_f1:  0.5582 0.5582 0.5582
- val_exp_f1:  0.8816 0.8816 0.8816
- val_non_f1:  0.2737 0.2737 0.2737

3264/3264 [==============================] - 50s - loss: 1.5391 - val_loss: 1.5610
Epoch 105/1000
3200/3264 [============================>.] - ETA: 0s - loss: 1.5153
- val_loss: 1.5530
- val_all_f1:  0.5597 0.5597 0.5597
- val_exp_f1:  0.8741 0.8741 0.8741
- val_non_f1:  0.2830 0.2830 0.2830

3264/3264 [==============================] - 50s - loss: 1.5098 - val_loss: 1.5530
Epoch 106/1000
3200/3264 [============================>.] - ETA: 0s - loss: 1.5012
- val_loss: 1.5605
- val_all_f1:  0.5547 0.5547 0.5547
- val_exp_f1:  0.8951 0.8938 0.8945
- val_non_f1:  0.2567 0.2563 0.2565

3264/3264 [==============================] - 50s - loss: 1.5046 - val_loss: 1.5605
Epoch 107/1000
3200/3264 [============================>.] - ETA: 0s - loss: 1.5313
- val_loss: 1.5707
- val_all_f1:  0.5469 0.5469 0.5469
- val_exp_f1:  0.8998 0.8998 0.8998
- val_non_f1:  0.2363 0.2363 0.2363

3264/3264 [==============================] - 50s - loss: 1.5348 - val_loss: 1.5707
Epoch 108/1000
3200/3264 [============================>.] - ETA: 0s - loss: 1.5328
- val_loss: 1.5238
- val_all_f1:  0.5554 0.5554 0.5554
- val_exp_f1:  0.9059 0.9059 0.9059
- val_non_f1:  0.2470 0.2470 0.2470

3264/3264 [==============================] - 51s - loss: 1.5317 - val_loss: 1.5238
Epoch 109/1000
3200/3264 [============================>.] - ETA: 0s - loss: 1.4925
- val_loss: 1.5037
- val_all_f1:  0.5611 0.5611 0.5611
- val_exp_f1:  0.9058 0.9044 0.9051
- val_non_f1:  0.2590 0.2590 0.2590

3264/3264 [==============================] - 50s - loss: 1.4886 - val_loss: 1.5037
Epoch 110/1000
3200/3264 [============================>.] - ETA: 0s - loss: 1.5373
- val_loss: 1.5282
- val_all_f1:  0.5504 0.5504 0.5504
- val_exp_f1:  0.8983 0.8983 0.8983
- val_non_f1:  0.2443 0.2443 0.2443

3264/3264 [==============================] - 51s - loss: 1.5366 - val_loss: 1.5282
Epoch 111/1000
3200/3264 [============================>.] - ETA: 0s - loss: 1.4652
- val_loss: 1.5228
- val_all_f1:  0.5632 0.5632 0.5632
- val_exp_f1:  0.9059 0.9059 0.9059
- val_non_f1:  0.2617 0.2617 0.2617

3264/3264 [==============================] - 51s - loss: 1.4639 - val_loss: 1.5228
Epoch 112/1000
3200/3264 [============================>.] - ETA: 0s - loss: 1.4775
- val_loss: 1.5602
- val_all_f1:  0.5497 0.5497 0.5497
- val_exp_f1:  0.8967 0.8953 0.8960
- val_non_f1:  0.2457 0.2457 0.2457

3264/3264 [==============================] - 50s - loss: 1.4764 - val_loss: 1.5602
Epoch 113/1000
3200/3264 [============================>.] - ETA: 0s - loss: 1.4542
- val_loss: 1.5743
- val_all_f1:  0.5455 0.5455 0.5455
- val_exp_f1:  0.9014 0.9014 0.9014
- val_non_f1:  0.2323 0.2323 0.2323

3264/3264 [==============================] - 51s - loss: 1.4502 - val_loss: 1.5743
Epoch 114/1000
3200/3264 [============================>.] - ETA: 0s - loss: 1.4897
- val_loss: 1.5153
- val_all_f1:  0.5675 0.5675 0.5675
- val_exp_f1:  0.9014 0.9014 0.9014
- val_non_f1:  0.2737 0.2737 0.2737

3264/3264 [==============================] - 51s - loss: 1.4876 - val_loss: 1.5153
Epoch 115/1000
3200/3264 [============================>.] - ETA: 0s - loss: 1.4836
- val_loss: 1.5175
- val_all_f1:  0.5540 0.5540 0.5540
- val_exp_f1:  0.8982 0.8968 0.8975
- val_non_f1:  0.2523 0.2523 0.2523

3264/3264 [==============================] - 50s - loss: 1.4894 - val_loss: 1.5175
Epoch 116/1000
3200/3264 [============================>.] - ETA: 0s - loss: 1.5142
- val_loss: 1.5172
- val_all_f1:  0.5554 0.5554 0.5554
- val_exp_f1:  0.9029 0.9029 0.9029
- val_non_f1:  0.2497 0.2497 0.2497

3264/3264 [==============================] - 51s - loss: 1.5164 - val_loss: 1.5172
Epoch 117/1000
3200/3264 [============================>.] - ETA: 0s - loss: 1.5110
- val_loss: 1.5614
- val_all_f1:  0.5384 0.5384 0.5384
- val_exp_f1:  0.8877 0.8877 0.8877
- val_non_f1:  0.2310 0.2310 0.2310

3264/3264 [==============================] - 50s - loss: 1.5068 - val_loss: 1.5614
Epoch 118/1000
3200/3264 [============================>.] - ETA: 0s - loss: 1.4835
- val_loss: 1.5160
- val_all_f1:  0.5717 0.5717 0.5717
- val_exp_f1:  0.9088 0.9074 0.9081
- val_non_f1:  0.2764 0.2764 0.2764

3264/3264 [==============================] - 51s - loss: 1.4799 - val_loss: 1.5160
Epoch 119/1000
3200/3264 [============================>.] - ETA: 0s - loss: 1.4965
- val_loss: 1.5123
- val_all_f1:  0.5696 0.5696 0.5696
- val_exp_f1:  0.9043 0.9029 0.9036
- val_non_f1:  0.2764 0.2764 0.2764

3264/3264 [==============================] - 51s - loss: 1.4936 - val_loss: 1.5123
Epoch 120/1000
3200/3264 [============================>.] - ETA: 0s - loss: 1.4481
- val_loss: 1.5428
- val_all_f1:  0.5625 0.5625 0.5625
- val_exp_f1:  0.8877 0.8877 0.8877
- val_non_f1:  0.2764 0.2764 0.2764

3264/3264 [==============================] - 51s - loss: 1.4440 - val_loss: 1.5428
Epoch 121/1000
3200/3264 [============================>.] - ETA: 0s - loss: 1.4117
- val_loss: 1.5390
- val_all_f1:  0.5632 0.5632 0.5632
- val_exp_f1:  0.9044 0.9044 0.9044
- val_non_f1:  0.2634 0.2630 0.2632

3264/3264 [==============================] - 51s - loss: 1.4109 - val_loss: 1.5390
Epoch 122/1000
3200/3264 [============================>.] - ETA: 0s - loss: 1.4410
- val_loss: 1.5379
- val_all_f1:  0.5703 0.5703 0.5703
- val_exp_f1:  0.8953 0.8953 0.8953
- val_non_f1:  0.2848 0.2844 0.2846

3264/3264 [==============================] - 51s - loss: 1.4443 - val_loss: 1.5379
Epoch 123/1000
3200/3264 [============================>.] - ETA: 0s - loss: 1.5035
- val_loss: 1.5911
- val_all_f1:  0.5511 0.5511 0.5511
- val_exp_f1:  0.8816 0.8816 0.8816
- val_non_f1:  0.2607 0.2603 0.2605

3264/3264 [==============================] - 50s - loss: 1.5034 - val_loss: 1.5911
Epoch 124/1000
3200/3264 [============================>.] - ETA: 0s - loss: 1.4449
- val_loss: 1.5953
- val_all_f1:  0.5462 0.5462 0.5462
- val_exp_f1:  0.8816 0.8816 0.8816
- val_non_f1:  0.2510 0.2510 0.2510

3264/3264 [==============================] - 51s - loss: 1.4516 - val_loss: 1.5953
Epoch 125/1000
3200/3264 [============================>.] - ETA: 0s - loss: 1.5021
- val_loss: 1.5398
- val_all_f1:  0.5597 0.5597 0.5597
- val_exp_f1:  0.8907 0.8907 0.8907
- val_non_f1:  0.2684 0.2684 0.2684

3264/3264 [==============================] - 50s - loss: 1.5021 - val_loss: 1.5398
Epoch 126/1000
3200/3264 [============================>.] - ETA: 0s - loss: 1.4853
- val_loss: 1.5428
- val_all_f1:  0.5540 0.5540 0.5540
- val_exp_f1:  0.8892 0.8892 0.8892
- val_non_f1:  0.2590 0.2590 0.2590

3264/3264 [==============================] - 51s - loss: 1.4770 - val_loss: 1.5428
Epoch 127/1000
3200/3264 [============================>.] - ETA: 0s - loss: 1.5171
- val_loss: 1.5374
- val_all_f1:  0.5568 0.5568 0.5568
- val_exp_f1:  0.9029 0.9029 0.9029
- val_non_f1:  0.2523 0.2523 0.2523

3264/3264 [==============================] - 50s - loss: 1.5136 - val_loss: 1.5374
Epoch 128/1000
3200/3264 [============================>.] - ETA: 0s - loss: 1.5017
- val_loss: 1.5469
- val_all_f1:  0.5469 0.5469 0.5469
- val_exp_f1:  0.8938 0.8938 0.8938
- val_non_f1:  0.2417 0.2417 0.2417

3264/3264 [==============================] - 50s - loss: 1.5034 - val_loss: 1.5469
Epoch 129/1000
3200/3264 [============================>.] - ETA: 0s - loss: 1.4741
- val_loss: 1.5434
- val_all_f1:  0.5611 0.5611 0.5611
- val_exp_f1:  0.9029 0.9029 0.9029
- val_non_f1:  0.2603 0.2603 0.2603

3264/3264 [==============================] - 51s - loss: 1.4720 - val_loss: 1.5434
Epoch 130/1000
3200/3264 [============================>.] - ETA: 0s - loss: 1.4676
- val_loss: 1.5399
- val_all_f1:  0.5433 0.5433 0.5433
- val_exp_f1:  0.8907 0.8907 0.8907
- val_non_f1:  0.2377 0.2377 0.2377

3264/3264 [==============================] - 51s - loss: 1.4632 - val_loss: 1.5399
Epoch 131/1000
3200/3264 [============================>.] - ETA: 0s - loss: 1.4262
- val_loss: 1.5472
- val_all_f1:  0.5589 0.5589 0.5589
- val_exp_f1:  0.8938 0.8938 0.8938
- val_non_f1:  0.2644 0.2644 0.2644

3264/3264 [==============================] - 50s - loss: 1.4243 - val_loss: 1.5472
Epoch 132/1000
3200/3264 [============================>.] - ETA: 0s - loss: 1.4714
- val_loss: 1.5752
- val_all_f1:  0.5462 0.5462 0.5462
- val_exp_f1:  0.9014 0.9014 0.9014
- val_non_f1:  0.2336 0.2336 0.2336

3264/3264 [==============================] - 51s - loss: 1.4754 - val_loss: 1.5752
Epoch 133/1000
3200/3264 [============================>.] - ETA: 0s - loss: 1.3898
- val_loss: 1.5124
- val_all_f1:  0.5533 0.5533 0.5533
- val_exp_f1:  0.8938 0.8938 0.8938
- val_non_f1:  0.2537 0.2537 0.2537

3264/3264 [==============================] - 51s - loss: 1.3948 - val_loss: 1.5124
Epoch 134/1000
3200/3264 [============================>.] - ETA: 0s - loss: 1.4692
- val_loss: 1.5608
- val_all_f1:  0.5476 0.5476 0.5476
- val_exp_f1:  0.8968 0.8968 0.8968
- val_non_f1:  0.2403 0.2403 0.2403

3264/3264 [==============================] - 50s - loss: 1.4717 - val_loss: 1.5608
Epoch 135/1000
3200/3264 [============================>.] - ETA: 0s - loss: 1.4455
- val_loss: 1.5576
- val_all_f1:  0.5646 0.5646 0.5646
- val_exp_f1:  0.9044 0.9044 0.9044
- val_non_f1:  0.2660 0.2657 0.2659

3264/3264 [==============================] - 51s - loss: 1.4470 - val_loss: 1.5576
Epoch 136/1000
3200/3264 [============================>.] - ETA: 0s - loss: 1.4557
- val_loss: 1.5289
- val_all_f1:  0.5554 0.5554 0.5554
- val_exp_f1:  0.8938 0.8938 0.8938
- val_non_f1:  0.2577 0.2577 0.2577

3264/3264 [==============================] - 50s - loss: 1.4562 - val_loss: 1.5289
Epoch 137/1000
3200/3264 [============================>.] - ETA: 0s - loss: 1.4466
- val_loss: 1.5316
- val_all_f1:  0.5518 0.5518 0.5518
- val_exp_f1:  0.9029 0.9029 0.9029
- val_non_f1:  0.2430 0.2430 0.2430

3264/3264 [==============================] - 50s - loss: 1.4499 - val_loss: 1.5316
Epoch 138/1000
3200/3264 [============================>.] - ETA: 0s - loss: 1.4548
- val_loss: 1.5994
- val_all_f1:  0.5348 0.5348 0.5348
- val_exp_f1:  0.8589 0.8589 0.8589
- val_non_f1:  0.2513 0.2497 0.2505

3264/3264 [==============================] - 50s - loss: 1.4564 - val_loss: 1.5994
Epoch 139/1000
3200/3264 [============================>.] - ETA: 0s - loss: 1.4700
- val_loss: 1.5241
- val_all_f1:  0.5341 0.5341 0.5341
- val_exp_f1:  0.8756 0.8756 0.8756
- val_non_f1:  0.2336 0.2336 0.2336

3264/3264 [==============================] - 50s - loss: 1.4667 - val_loss: 1.5241
Epoch 140/1000
3200/3264 [============================>.] - ETA: 0s - loss: 1.4174
- val_loss: 1.5387
- val_all_f1:  0.5497 0.5497 0.5497
- val_exp_f1:  0.8923 0.8923 0.8923
- val_non_f1:  0.2483 0.2483 0.2483

3264/3264 [==============================] - 51s - loss: 1.4203 - val_loss: 1.5387
Epoch 141/1000
3200/3264 [============================>.] - ETA: 0s - loss: 1.3973
- val_loss: 1.5810
- val_all_f1:  0.5384 0.5384 0.5384
- val_exp_f1:  0.8695 0.8695 0.8695
- val_non_f1:  0.2470 0.2470 0.2470

3264/3264 [==============================] - 51s - loss: 1.3926 - val_loss: 1.5810
Epoch 142/1000
3200/3264 [============================>.] - ETA: 0s - loss: 1.3741
- val_loss: 1.6052
- val_all_f1:  0.5384 0.5384 0.5384
- val_exp_f1:  0.8710 0.8710 0.8710
- val_non_f1:  0.2457 0.2457 0.2457

3264/3264 [==============================] - 51s - loss: 1.3758 - val_loss: 1.6052
Epoch 143/1000
3200/3264 [============================>.] - ETA: 0s - loss: 1.4309
- val_loss: 1.5555
- val_all_f1:  0.5561 0.5561 0.5561
- val_exp_f1:  0.8936 0.8923 0.8929
- val_non_f1:  0.2603 0.2603 0.2603

3264/3264 [==============================] - 51s - loss: 1.4375 - val_loss: 1.5555
Epoch 144/1000
3200/3264 [============================>.] - ETA: 0s - loss: 1.4414
- val_loss: 1.5556
- val_all_f1:  0.5462 0.5462 0.5462
- val_exp_f1:  0.9014 0.9014 0.9014
- val_non_f1:  0.2340 0.2336 0.2338

3264/3264 [==============================] - 51s - loss: 1.4324 - val_loss: 1.5556
Epoch 145/1000
3200/3264 [============================>.] - ETA: 0s - loss: 1.4172
- val_loss: 1.5287
- val_all_f1:  0.5455 0.5455 0.5455
- val_exp_f1:  0.8907 0.8907 0.8907
- val_non_f1:  0.2417 0.2417 0.2417

3264/3264 [==============================] - 50s - loss: 1.4165 - val_loss: 1.5287
Epoch 146/1000
3200/3264 [============================>.] - ETA: 0s - loss: 1.3884
- val_loss: 1.5944
- val_all_f1:  0.5426 0.5426 0.5426
- val_exp_f1:  0.8998 0.8998 0.8998
- val_non_f1:  0.2283 0.2283 0.2283

3264/3264 [==============================] - 51s - loss: 1.3893 - val_loss: 1.5944
Epoch 147/1000
3200/3264 [============================>.] - ETA: 0s - loss: 1.4147
- val_loss: 1.5757
- val_all_f1:  0.5455 0.5455 0.5455
- val_exp_f1:  0.8983 0.8983 0.8983
- val_non_f1:  0.2350 0.2350 0.2350

3264/3264 [==============================] - 50s - loss: 1.4151 - val_loss: 1.5757
Epoch 148/1000
3200/3264 [============================>.] - ETA: 0s - loss: 1.4038
- val_loss: 1.5455
- val_all_f1:  0.5412 0.5412 0.5412
- val_exp_f1:  0.8968 0.8968 0.8968
- val_non_f1:  0.2283 0.2283 0.2283

3264/3264 [==============================] - 51s - loss: 1.4013 - val_loss: 1.5455
Epoch 149/1000
3200/3264 [============================>.] - ETA: 0s - loss: 1.4354
- val_loss: 1.5418
- val_all_f1:  0.5391 0.5391 0.5391
- val_exp_f1:  0.8892 0.8892 0.8892
- val_non_f1:  0.2310 0.2310 0.2310

3264/3264 [==============================] - 51s - loss: 1.4319 - val_loss: 1.5418
Epoch 150/1000
3200/3264 [============================>.] - ETA: 0s - loss: 1.4018
- val_loss: 1.6129
- val_all_f1:  0.5277 0.5277 0.5277
- val_exp_f1:  0.8558 0.8558 0.8558
- val_non_f1:  0.2393 0.2390 0.2391

3264/3264 [==============================] - 50s - loss: 1.4099 - val_loss: 1.6129
Epoch 151/1000
3200/3264 [============================>.] - ETA: 0s - loss: 1.3784
- val_loss: 1.5522
- val_all_f1:  0.5412 0.5412 0.5412
- val_exp_f1:  0.8877 0.8877 0.8877
- val_non_f1:  0.2363 0.2363 0.2363

3264/3264 [==============================] - 50s - loss: 1.3849 - val_loss: 1.5522
Epoch 152/1000
3200/3264 [============================>.] - ETA: 0s - loss: 1.3948
- val_loss: 1.5696
- val_all_f1:  0.5455 0.5455 0.5455
- val_exp_f1:  0.8877 0.8877 0.8877
- val_non_f1:  0.2447 0.2443 0.2445

3264/3264 [==============================] - 51s - loss: 1.3920 - val_loss: 1.5696
Epoch 153/1000
3200/3264 [============================>.] - ETA: 0s - loss: 1.4052
- val_loss: 1.5591
- val_all_f1:  0.5476 0.5476 0.5476
- val_exp_f1:  0.8832 0.8832 0.8832
- val_non_f1:  0.2523 0.2523 0.2523

3264/3264 [==============================] - 50s - loss: 1.4116 - val_loss: 1.5591
Epoch 154/1000
3200/3264 [============================>.] - ETA: 0s - loss: 1.4147
- val_loss: 1.5580
- val_all_f1:  0.5582 0.5582 0.5582
- val_exp_f1:  0.8983 0.8983 0.8983
- val_non_f1:  0.2590 0.2590 0.2590

3264/3264 [==============================] - 50s - loss: 1.4132 - val_loss: 1.5580
Epoch 155/1000
3200/3264 [============================>.] - ETA: 0s - loss: 1.3516
- val_loss: 1.6402
- val_all_f1:  0.5391 0.5391 0.5391
- val_exp_f1:  0.8816 0.8816 0.8816
- val_non_f1:  0.2377 0.2377 0.2377

3264/3264 [==============================] - 51s - loss: 1.3534 - val_loss: 1.6402
Epoch 156/1000
3200/3264 [============================>.] - ETA: 0s - loss: 1.4059
- val_loss: 1.5851
- val_all_f1:  0.5391 0.5391 0.5391
- val_exp_f1:  0.8892 0.8892 0.8892
- val_non_f1:  0.2310 0.2310 0.2310

3264/3264 [==============================] - 50s - loss: 1.4044 - val_loss: 1.5851
Epoch 157/1000
3200/3264 [============================>.] - ETA: 0s - loss: 1.3930
- val_loss: 1.5603
- val_all_f1:  0.5497 0.5497 0.5497
- val_exp_f1:  0.8892 0.8892 0.8892
- val_non_f1:  0.2510 0.2510 0.2510

3264/3264 [==============================] - 50s - loss: 1.3948 - val_loss: 1.5603
Epoch 158/1000
3200/3264 [============================>.] - ETA: 0s - loss: 1.4259
- val_loss: 1.5453
- val_all_f1:  0.5518 0.5518 0.5518
- val_exp_f1:  0.9029 0.9029 0.9029
- val_non_f1:  0.2430 0.2430 0.2430

3264/3264 [==============================] - 50s - loss: 1.4264 - val_loss: 1.5453
Epoch 159/1000
3200/3264 [============================>.] - ETA: 0s - loss: 1.3986
- val_loss: 1.5298
- val_all_f1:  0.5504 0.5504 0.5504
- val_exp_f1:  0.8847 0.8847 0.8847
- val_non_f1:  0.2563 0.2563 0.2563

3264/3264 [==============================] - 50s - loss: 1.4014 - val_loss: 1.5298
Epoch 160/1000
3200/3264 [============================>.] - ETA: 0s - loss: 1.4076
- val_loss: 1.5467
- val_all_f1:  0.5511 0.5511 0.5511
- val_exp_f1:  0.9014 0.9014 0.9014
- val_non_f1:  0.2430 0.2430 0.2430

3264/3264 [==============================] - 50s - loss: 1.4027 - val_loss: 1.5467
Epoch 161/1000
3200/3264 [============================>.] - ETA: 0s - loss: 1.3983
- val_loss: 1.5929
- val_all_f1:  0.5284 0.5284 0.5284
- val_exp_f1:  0.8680 0.8680 0.8680
- val_non_f1:  0.2296 0.2296 0.2296

3264/3264 [==============================] - 50s - loss: 1.3987 - val_loss: 1.5929
Epoch 162/1000
3200/3264 [============================>.] - ETA: 0s - loss: 1.3828
- val_loss: 1.6183
- val_all_f1:  0.5384 0.5384 0.5384
- val_exp_f1:  0.8953 0.8953 0.8953
- val_non_f1:  0.2243 0.2243 0.2243

3264/3264 [==============================] - 50s - loss: 1.3858 - val_loss: 1.6183
Epoch 163/1000
3200/3264 [============================>.] - ETA: 0s - loss: 1.3630
- val_loss: 1.6123
- val_all_f1:  0.5320 0.5320 0.5320
- val_exp_f1:  0.8816 0.8816 0.8816
- val_non_f1:  0.2243 0.2243 0.2243

3264/3264 [==============================] - 50s - loss: 1.3562 - val_loss: 1.6123
Epoch 164/1000
3200/3264 [============================>.] - ETA: 0s - loss: 1.3678
- val_loss: 1.6063
- val_all_f1:  0.5298 0.5298 0.5298
- val_exp_f1:  0.8741 0.8741 0.8741
- val_non_f1:  0.2270 0.2270 0.2270

3264/3264 [==============================] - 50s - loss: 1.3664 - val_loss: 1.6063
Epoch 165/1000
3200/3264 [============================>.] - ETA: 0s - loss: 1.3710
- val_loss: 1.5900
- val_all_f1:  0.5348 0.5348 0.5348
- val_exp_f1:  0.8877 0.8877 0.8877
- val_non_f1:  0.2243 0.2243 0.2243

3264/3264 [==============================] - 50s - loss: 1.3692 - val_loss: 1.5900
Epoch 166/1000
3200/3264 [============================>.] - ETA: 0s - loss: 1.3539
- val_loss: 1.6144
- val_all_f1:  0.5298 0.5298 0.5298
- val_exp_f1:  0.8862 0.8862 0.8862
- val_non_f1:  0.2163 0.2163 0.2163

3264/3264 [==============================] - 51s - loss: 1.3524 - val_loss: 1.6144
Epoch 167/1000
3200/3264 [============================>.] - ETA: 0s - loss: 1.3610
- val_loss: 1.5444
- val_all_f1:  0.5433 0.5433 0.5433
- val_exp_f1:  0.8923 0.8923 0.8923
- val_non_f1:  0.2363 0.2363 0.2363

3264/3264 [==============================] - 50s - loss: 1.3664 - val_loss: 1.5444
Epoch 168/1000
3200/3264 [============================>.] - ETA: 0s - loss: 1.4165
- val_loss: 1.5811
- val_all_f1:  0.5405 0.5405 0.5405
- val_exp_f1:  0.8877 0.8877 0.8877
- val_non_f1:  0.2350 0.2350 0.2350

3264/3264 [==============================] - 51s - loss: 1.4204 - val_loss: 1.5811
Epoch 169/1000
3200/3264 [============================>.] - ETA: 0s - loss: 1.3906
- val_loss: 1.5361
- val_all_f1:  0.5426 0.5426 0.5426
- val_exp_f1:  0.8953 0.8953 0.8953
- val_non_f1:  0.2323 0.2323 0.2323

3264/3264 [==============================] - 50s - loss: 1.3879 - val_loss: 1.5361
Epoch 170/1000
3200/3264 [============================>.] - ETA: 0s - loss: 1.3938
- val_loss: 1.5391
- val_all_f1:  0.5554 0.5554 0.5554
- val_exp_f1:  0.8862 0.8862 0.8862
- val_non_f1:  0.2644 0.2644 0.2644

3264/3264 [==============================] - 50s - loss: 1.3982 - val_loss: 1.5391
Epoch 171/1000
3200/3264 [============================>.] - ETA: 0s - loss: 1.3550
- val_loss: 1.5792
- val_all_f1:  0.5625 0.5625 0.5625
- val_exp_f1:  0.8877 0.8877 0.8877
- val_non_f1:  0.2764 0.2764 0.2764

3264/3264 [==============================] - 50s - loss: 1.3553 - val_loss: 1.5792
[2018-03-23 16:32] training finished (ex/conll16st-v35noaugm-en)
[2018-03-23 16:32] best_val_loss: 58 - loss: 1.6113 - val_loss: 1.4740 - val_all_f1: 0.5618 - val_exp_f1: 0.8884 - val_non_f1: 0.2750
[2018-03-23 16:32] best_val_all_f1: 69 - loss: 1.6802 - val_loss: 1.4982 - val_all_f1: 0.5788 - val_exp_f1: 0.8823 - val_non_f1: 0.3124
