[2019-03-21 07:58] configuration (ex/conll16st-v35dimx05-zh/blind)
[2019-03-21 07:58]   config 'arg1_len': 500
[2019-03-21 07:58]   config 'arg2_len': 500
[2019-03-21 07:58]   config 'backend': theano
[2019-03-21 07:58]   config 'backend_theano': device=cpu
[2019-03-21 07:58]   config 'batch_size': 64
[2019-03-21 07:58]   config 'conn_len': 10
[2019-03-21 07:58]   config 'dataset_dir': data/conll16st-zh-04-27-2016-blind-test
[2019-03-21 07:58]   config 'filter_fn_name': None
[2019-03-21 07:58]   config 'input_size': None
[2019-03-21 07:58]   config 'lang': zh
[2019-03-21 07:58]   config 'mode': word
[2019-03-21 07:58]   config 'model_dir': ex/conll16st-v35dimx05-zh
[2019-03-21 07:58]   config 'normalization_mode': sample_aspect
[2019-03-21 07:58]   config 'output_dir': ex/conll16st-v35dimx05-zh/blind
[2019-03-21 07:58]   config 'punc_len': 2
[2019-03-21 07:58]   config 'rest': ['--words_dim=10', '--rnn_dim=10', '--final_dim=40']
[2019-03-21 07:58]   config 'snapshot_size': 2048
[2019-03-21 07:58] load dataset for prediction (data/conll16st-zh-04-27-2016-blind-test)
[2019-03-21 07:58]   lang: zh, doc_ids: 64, words: 29892, rel_ids: 2101, relation tokens: 82465
[2019-03-21 07:58] load previous indexes (ex/conll16st-v35dimx05-zh/indexes.pkl)
[2019-03-21 07:58]   words2id: 14785, target2id: 12
[2019-03-21 07:58] load model (ex/conll16st-v35dimx05-zh)
[2019-03-21 07:59] load previous weights (ex/conll16st-v35dimx05-zh/weights_val_all_f1.hdf5)
[2019-03-21 07:59] make predictions
[2019-03-21 08:00] save predictions (ex/conll16st-v35dimx05-zh/blind/output.json)
[2019-03-21 08:00] save predictions (ex/conll16st-v35dimx05-zh/blind/output_proba.json)
[2019-03-21 08:00] peek into filtering weights (ex/conll16st-v35dimx05-zh/blind/peek.html)
[2019-03-21 08:04] finished (ex/conll16st-v35dimx05-zh/blind)
[2019-03-21 08:04] time: loaded: 7.2996 - prepared: 3.2441 - predicted: 114.2306
