[2019-04-10 00:50] configuration (ex/conll16st-v35-zhch-fd-4-rn-4-0/blind)
[2019-04-10 00:50]   config 'arg1_len': 900
[2019-04-10 00:50]   config 'arg2_len': 900
[2019-04-10 00:50]   config 'backend': theano
[2019-04-10 00:50]   config 'backend_theano': device=cpu
[2019-04-10 00:50]   config 'batch_size': 64
[2019-04-10 00:50]   config 'conn_len': 20
[2019-04-10 00:50]   config 'dataset_dir': data/conll16st-zh-04-27-2016-blind-test
[2019-04-10 00:50]   config 'filter_fn_name': None
[2019-04-10 00:50]   config 'input_size': None
[2019-04-10 00:50]   config 'lang': zh
[2019-04-10 00:50]   config 'mode': char
[2019-04-10 00:50]   config 'model_dir': ex/conll16st-v35-zhch-fd-4-rn-4-0
[2019-04-10 00:50]   config 'normalization_mode': sample_aspect
[2019-04-10 00:50]   config 'output_dir': ex/conll16st-v35-zhch-fd-4-rn-4-0/blind
[2019-04-10 00:50]   config 'punc_len': 2
[2019-04-10 00:50]   config 'rest': ['--filter_dim=4', '--rnn_num=4']
[2019-04-10 00:50]   config 'snapshot_size': 2048
[2019-04-10 00:50] load dataset for prediction (data/conll16st-zh-04-27-2016-blind-test)
[2019-04-10 00:50]   lang: zh, rel_ids: 2101
[2019-04-10 00:50] load previous indexes (ex/conll16st-v35-zhch-fd-4-rn-4-0/indexes.pkl)
[2019-04-10 00:50]   words2id: 2859, target2id: 12
[2019-04-10 00:50] load model (ex/conll16st-v35-zhch-fd-4-rn-4-0)
[2019-04-10 00:50] load previous weights (ex/conll16st-v35-zhch-fd-4-rn-4-0/weights_val_all_f1.hdf5)
[2019-04-10 00:50] make predictions
[2019-04-10 00:51] save predictions (ex/conll16st-v35-zhch-fd-4-rn-4-0/blind/output.json)
[2019-04-10 00:51] save predictions (ex/conll16st-v35-zhch-fd-4-rn-4-0/blind/output_proba.json)
[2019-04-10 00:51] peek into filtering weights (ex/conll16st-v35-zhch-fd-4-rn-4-0/blind/peek.html)
[2019-04-10 00:55] finished (ex/conll16st-v35-zhch-fd-4-rn-4-0/blind)
[2019-04-10 00:55] time: loaded: 0.3158 - prepared: 2.0504 - predicted: 53.4862
