[2019-03-06 07:42] configuration (ex/conll16st-v35-zh-al-200-0/blind)
[2019-03-06 07:42]   config 'arg1_len': 200
[2019-03-06 07:42]   config 'arg2_len': 200
[2019-03-06 07:42]   config 'backend': theano
[2019-03-06 07:42]   config 'backend_theano': device=gpu,floatX=float32,nvcc.fastmath=True,lib.cnmem=0.8
[2019-03-06 07:42]   config 'batch_size': 64
[2019-03-06 07:42]   config 'conn_len': 10
[2019-03-06 07:42]   config 'dataset_dir': data/conll16st-zh-04-27-2016-blind-test
[2019-03-06 07:42]   config 'filter_fn_name': None
[2019-03-06 07:42]   config 'input_size': None
[2019-03-06 07:42]   config 'lang': zh
[2019-03-06 07:42]   config 'mode': word
[2019-03-06 07:42]   config 'model_dir': ex/conll16st-v35-zh-al-200-0
[2019-03-06 07:42]   config 'normalization_mode': sample_aspect
[2019-03-06 07:42]   config 'output_dir': ex/conll16st-v35-zh-al-200-0/blind
[2019-03-06 07:42]   config 'punc_len': 2
[2019-03-06 07:42]   config 'rest': []
[2019-03-06 07:42]   config 'snapshot_size': 2048
[2019-03-06 07:42] load dataset for prediction (data/conll16st-zh-04-27-2016-blind-test)
[2019-03-06 07:43]   lang: zh, doc_ids: 64, words: 29892, rel_ids: 2101, relation tokens: 82465
[2019-03-06 07:43] load previous indexes (ex/conll16st-v35-zh-al-200-0/indexes.pkl)
[2019-03-06 07:43]   words2id: 14785, target2id: 12
[2019-03-06 07:43] load model (ex/conll16st-v35-zh-al-200-0)
[2019-03-06 07:43] load previous weights (ex/conll16st-v35-zh-al-200-0/weights_val_all_f1.hdf5)
[2019-03-06 07:43] make predictions
[2019-03-06 07:44] save predictions (ex/conll16st-v35-zh-al-200-0/blind/output.json)
[2019-03-06 07:44] save predictions (ex/conll16st-v35-zh-al-200-0/blind/output_proba.json)
[2019-03-06 07:44] peek into filtering weights (ex/conll16st-v35-zh-al-200-0/blind/peek.html)
[2019-03-06 07:46] finished (ex/conll16st-v35-zh-al-200-0/blind)
[2019-03-06 07:46] time: loaded: 6.2899 - prepared: 2.9149 - predicted: 69.4854
