[2019-03-05 18:04] configuration (ex/conll16st-v35nodropout-zhch)
[2019-03-05 18:04]   config 'arg1_len': 900
[2019-03-05 18:04]   config 'arg2_len': 900
[2019-03-05 18:04]   config 'backend': theano
[2019-03-05 18:04]   config 'backend_theano': device=cpu
[2019-03-05 18:04]   config 'batch_size': 64
[2019-03-05 18:04]   config 'conn_len': 20
[2019-03-05 18:04]   config 'continue_': False
[2019-03-05 18:04]   config 'curriculum_end': 0.0
[2019-03-05 18:04]   config 'epochs': 1000
[2019-03-05 18:04]   config 'epochs_patience': 100
[2019-03-05 18:04]   config 'epochs_ratio': 0.1
[2019-03-05 18:04]   config 'filter_act': sigmoid
[2019-03-05 18:04]   config 'filter_append_act': linear
[2019-03-05 18:04]   config 'filter_append_batchnorm': False
[2019-03-05 18:04]   config 'filter_append_dim': 0
[2019-03-05 18:04]   config 'filter_append_dropout': 0.0
[2019-03-05 18:04]   config 'filter_apply': mul
[2019-03-05 18:04]   config 'filter_dim': 12
[2019-03-05 18:04]   config 'filter_dropout_U': 0.0
[2019-03-05 18:04]   config 'filter_dropout_W': 0.0
[2019-03-05 18:04]   config 'filter_fn_name': None
[2019-03-05 18:04]   config 'filter_shared': global
[2019-03-05 18:04]   config 'filter_type': lstm-fb
[2019-03-05 18:04]   config 'filter_zoneout_c': 0.0
[2019-03-05 18:04]   config 'filter_zoneout_h': 0.0
[2019-03-05 18:04]   config 'final_act': SReLU
[2019-03-05 18:04]   config 'final_dim': 80
[2019-03-05 18:04]   config 'final_dropout': 0.0
[2019-03-05 18:04]   config 'input_size': None
[2019-03-05 18:04]   config 'lang': zh
[2019-03-05 18:04]   config 'masking': True
[2019-03-05 18:04]   config 'mode': char
[2019-03-05 18:04]   config 'model_dir': ex/conll16st-v35nodropout-zhch
[2019-03-05 18:04]   config 'optimizer': adam
[2019-03-05 18:04]   config 'original_positives': 0
[2019-03-05 18:04]   config 'punc_len': 2
[2019-03-05 18:04]   config 'random_negatives': 2
[2019-03-05 18:04]   config 'random_positives': 2
[2019-03-05 18:04]   config 'random_proba_1': 0.1
[2019-03-05 18:04]   config 'random_proba_2': 0.1
[2019-03-05 18:04]   config 'random_proba_3': 0.9
[2019-03-05 18:04]   config 'rnn_act': tanh
[2019-03-05 18:04]   config 'rnn_dim': 20
[2019-03-05 18:04]   config 'rnn_dropout_U': 0.0
[2019-03-05 18:04]   config 'rnn_dropout_W': 0.0
[2019-03-05 18:04]   config 'rnn_dropout_merge': 0.0
[2019-03-05 18:04]   config 'rnn_merge': concat
[2019-03-05 18:04]   config 'rnn_num': 12
[2019-03-05 18:04]   config 'rnn_shared': aspect
[2019-03-05 18:04]   config 'rnn_type': lstm-fwd
[2019-03-05 18:04]   config 'rnn_zoneout_c': 0.0
[2019-03-05 18:04]   config 'rnn_zoneout_h': 0.0
[2019-03-05 18:04]   config 'snapshot_size': 2048
[2019-03-05 18:04]   config 'train_dir': data/conll16st-zh-01-08-2016-train
[2019-03-05 18:04]   config 'valid_dir': data/conll16st-zh-01-08-2016-dev
[2019-03-05 18:04]   config 'words2vec_bin': None
[2019-03-05 18:04]   config 'words2vec_txt': None
[2019-03-05 18:04]   config 'words_crop': None
[2019-03-05 18:04]   config 'words_dim': 20
[2019-03-05 18:04]   config 'words_dropout': 0.0
[2019-03-05 18:04]   config 'words_shared': global
[2019-03-05 18:04]   config 'words_trainable': True
[2019-03-05 18:04] load dataset for training (data/conll16st-zh-01-08-2016-train)
[2019-03-05 18:04]   lang: zh, rel_ids: 10240
[2019-03-05 18:04] load dataset for validation (data/conll16st-zh-01-08-2016-dev)
[2019-03-05 18:04]   lang: zh, rel_ids: 383
[2019-03-05 18:04] build indexes from training
[2019-03-05 18:05]   words2id: 2859, target2id: 12
[2019-03-05 18:05] target class distribution from training
[2019-03-05 18:05]   class 0 = 'None': None
[2019-03-05 18:05]   class 1 = '': None
[2019-03-05 18:05]   class 2 = 'Conjunction': 6102
[2019-03-05 18:05]   class 3 = 'Expansion': 1435
[2019-03-05 18:05]   class 4 = 'EntRel': 1098
[2019-03-05 18:05]   class 5 = 'Causation': 456
[2019-03-05 18:05]   class 6 = 'Temporal': 434
[2019-03-05 18:05]   class 7 = 'Contrast': 340
[2019-03-05 18:05]   class 8 = 'Purpose': 244
[2019-03-05 18:05]   class 9 = 'Conditional': 134
[2019-03-05 18:05]   class 10 = 'Progression': 75
[2019-03-05 18:05]   class 11 = 'Alternative': 18
[2019-03-05 18:05] build model
____________________________________________________________________________________________________
Layer (type)                     Output Shape          Param #     Connected to                     
====================================================================================================
arg1_ids (InputLayer)            (None, 900)           0                                            
____________________________________________________________________________________________________
arg2_ids (InputLayer)            (None, 900)           0                                            
____________________________________________________________________________________________________
conn_ids (InputLayer)            (None, 20)            0                                            
____________________________________________________________________________________________________
punc_ids (InputLayer)            (None, 2)             0                                            
____________________________________________________________________________________________________
embedding_1 (Embedding)          multiple              57180       arg1_ids[0][0]                   
                                                                   arg2_ids[0][0]                   
                                                                   conn_ids[0][0]                   
                                                                   punc_ids[0][0]                   
____________________________________________________________________________________________________
shareablelstm_1 (ShareableLSTM)  multiple              1584        embedding_1[0][0]                
                                                                   embedding_1[1][0]                
                                                                   embedding_1[2][0]                
                                                                   embedding_1[3][0]                
____________________________________________________________________________________________________
shareablelstm_2 (ShareableLSTM)  multiple              1584        embedding_1[0][0]                
                                                                   embedding_1[1][0]                
                                                                   embedding_1[2][0]                
                                                                   embedding_1[3][0]                
____________________________________________________________________________________________________
merge_1 (Merge)                  (None, 900, 12)       0           shareablelstm_1[0][0]            
                                                                   shareablelstm_2[0][0]            
____________________________________________________________________________________________________
merge_15 (Merge)                 (None, 900, 12)       0           shareablelstm_1[1][0]            
                                                                   shareablelstm_2[1][0]            
____________________________________________________________________________________________________
merge_29 (Merge)                 (None, 20, 12)        0           shareablelstm_1[2][0]            
                                                                   shareablelstm_2[2][0]            
____________________________________________________________________________________________________
merge_43 (Merge)                 (None, 2, 12)         0           shareablelstm_1[3][0]            
                                                                   shareablelstm_2[3][0]            
____________________________________________________________________________________________________
arg1_filters (Activation)        (None, 900, 12)       0           merge_1[0][0]                    
____________________________________________________________________________________________________
arg2_filters (Activation)        (None, 900, 12)       0           merge_15[0][0]                   
____________________________________________________________________________________________________
conn_filters (Activation)        (None, 20, 12)        0           merge_29[0][0]                   
____________________________________________________________________________________________________
punc_filters (Activation)        (None, 2, 12)         0           merge_43[0][0]                   
____________________________________________________________________________________________________
merge_2 (Merge)                  (None, 900, 20)       0           embedding_1[0][0]                
                                                                   arg1_filters[0][0]               
____________________________________________________________________________________________________
merge_3 (Merge)                  (None, 900, 20)       0           embedding_1[0][0]                
                                                                   arg1_filters[0][0]               
____________________________________________________________________________________________________
merge_4 (Merge)                  (None, 900, 20)       0           embedding_1[0][0]                
                                                                   arg1_filters[0][0]               
____________________________________________________________________________________________________
merge_5 (Merge)                  (None, 900, 20)       0           embedding_1[0][0]                
                                                                   arg1_filters[0][0]               
____________________________________________________________________________________________________
merge_6 (Merge)                  (None, 900, 20)       0           embedding_1[0][0]                
                                                                   arg1_filters[0][0]               
____________________________________________________________________________________________________
merge_7 (Merge)                  (None, 900, 20)       0           embedding_1[0][0]                
                                                                   arg1_filters[0][0]               
____________________________________________________________________________________________________
merge_8 (Merge)                  (None, 900, 20)       0           embedding_1[0][0]                
                                                                   arg1_filters[0][0]               
____________________________________________________________________________________________________
merge_9 (Merge)                  (None, 900, 20)       0           embedding_1[0][0]                
                                                                   arg1_filters[0][0]               
____________________________________________________________________________________________________
merge_10 (Merge)                 (None, 900, 20)       0           embedding_1[0][0]                
                                                                   arg1_filters[0][0]               
____________________________________________________________________________________________________
merge_11 (Merge)                 (None, 900, 20)       0           embedding_1[0][0]                
                                                                   arg1_filters[0][0]               
____________________________________________________________________________________________________
merge_12 (Merge)                 (None, 900, 20)       0           embedding_1[0][0]                
                                                                   arg1_filters[0][0]               
____________________________________________________________________________________________________
merge_13 (Merge)                 (None, 900, 20)       0           embedding_1[0][0]                
                                                                   arg1_filters[0][0]               
____________________________________________________________________________________________________
merge_16 (Merge)                 (None, 900, 20)       0           embedding_1[1][0]                
                                                                   arg2_filters[0][0]               
____________________________________________________________________________________________________
merge_17 (Merge)                 (None, 900, 20)       0           embedding_1[1][0]                
                                                                   arg2_filters[0][0]               
____________________________________________________________________________________________________
merge_18 (Merge)                 (None, 900, 20)       0           embedding_1[1][0]                
                                                                   arg2_filters[0][0]               
____________________________________________________________________________________________________
merge_19 (Merge)                 (None, 900, 20)       0           embedding_1[1][0]                
                                                                   arg2_filters[0][0]               
____________________________________________________________________________________________________
merge_20 (Merge)                 (None, 900, 20)       0           embedding_1[1][0]                
                                                                   arg2_filters[0][0]               
____________________________________________________________________________________________________
merge_21 (Merge)                 (None, 900, 20)       0           embedding_1[1][0]                
                                                                   arg2_filters[0][0]               
____________________________________________________________________________________________________
merge_22 (Merge)                 (None, 900, 20)       0           embedding_1[1][0]                
                                                                   arg2_filters[0][0]               
____________________________________________________________________________________________________
merge_23 (Merge)                 (None, 900, 20)       0           embedding_1[1][0]                
                                                                   arg2_filters[0][0]               
____________________________________________________________________________________________________
merge_24 (Merge)                 (None, 900, 20)       0           embedding_1[1][0]                
                                                                   arg2_filters[0][0]               
____________________________________________________________________________________________________
merge_25 (Merge)                 (None, 900, 20)       0           embedding_1[1][0]                
                                                                   arg2_filters[0][0]               
____________________________________________________________________________________________________
merge_26 (Merge)                 (None, 900, 20)       0           embedding_1[1][0]                
                                                                   arg2_filters[0][0]               
____________________________________________________________________________________________________
merge_27 (Merge)                 (None, 900, 20)       0           embedding_1[1][0]                
                                                                   arg2_filters[0][0]               
____________________________________________________________________________________________________
merge_30 (Merge)                 (None, 20, 20)        0           embedding_1[2][0]                
                                                                   conn_filters[0][0]               
____________________________________________________________________________________________________
merge_31 (Merge)                 (None, 20, 20)        0           embedding_1[2][0]                
                                                                   conn_filters[0][0]               
____________________________________________________________________________________________________
merge_32 (Merge)                 (None, 20, 20)        0           embedding_1[2][0]                
                                                                   conn_filters[0][0]               
____________________________________________________________________________________________________
merge_33 (Merge)                 (None, 20, 20)        0           embedding_1[2][0]                
                                                                   conn_filters[0][0]               
____________________________________________________________________________________________________
merge_34 (Merge)                 (None, 20, 20)        0           embedding_1[2][0]                
                                                                   conn_filters[0][0]               
____________________________________________________________________________________________________
merge_35 (Merge)                 (None, 20, 20)        0           embedding_1[2][0]                
                                                                   conn_filters[0][0]               
____________________________________________________________________________________________________
merge_36 (Merge)                 (None, 20, 20)        0           embedding_1[2][0]                
                                                                   conn_filters[0][0]               
____________________________________________________________________________________________________
merge_37 (Merge)                 (None, 20, 20)        0           embedding_1[2][0]                
                                                                   conn_filters[0][0]               
____________________________________________________________________________________________________
merge_38 (Merge)                 (None, 20, 20)        0           embedding_1[2][0]                
                                                                   conn_filters[0][0]               
____________________________________________________________________________________________________
merge_39 (Merge)                 (None, 20, 20)        0           embedding_1[2][0]                
                                                                   conn_filters[0][0]               
____________________________________________________________________________________________________
merge_40 (Merge)                 (None, 20, 20)        0           embedding_1[2][0]                
                                                                   conn_filters[0][0]               
____________________________________________________________________________________________________
merge_41 (Merge)                 (None, 20, 20)        0           embedding_1[2][0]                
                                                                   conn_filters[0][0]               
____________________________________________________________________________________________________
merge_44 (Merge)                 (None, 2, 20)         0           embedding_1[3][0]                
                                                                   punc_filters[0][0]               
____________________________________________________________________________________________________
merge_45 (Merge)                 (None, 2, 20)         0           embedding_1[3][0]                
                                                                   punc_filters[0][0]               
____________________________________________________________________________________________________
merge_46 (Merge)                 (None, 2, 20)         0           embedding_1[3][0]                
                                                                   punc_filters[0][0]               
____________________________________________________________________________________________________
merge_47 (Merge)                 (None, 2, 20)         0           embedding_1[3][0]                
                                                                   punc_filters[0][0]               
____________________________________________________________________________________________________
merge_48 (Merge)                 (None, 2, 20)         0           embedding_1[3][0]                
                                                                   punc_filters[0][0]               
____________________________________________________________________________________________________
merge_49 (Merge)                 (None, 2, 20)         0           embedding_1[3][0]                
                                                                   punc_filters[0][0]               
____________________________________________________________________________________________________
merge_50 (Merge)                 (None, 2, 20)         0           embedding_1[3][0]                
                                                                   punc_filters[0][0]               
____________________________________________________________________________________________________
merge_51 (Merge)                 (None, 2, 20)         0           embedding_1[3][0]                
                                                                   punc_filters[0][0]               
____________________________________________________________________________________________________
merge_52 (Merge)                 (None, 2, 20)         0           embedding_1[3][0]                
                                                                   punc_filters[0][0]               
____________________________________________________________________________________________________
merge_53 (Merge)                 (None, 2, 20)         0           embedding_1[3][0]                
                                                                   punc_filters[0][0]               
____________________________________________________________________________________________________
merge_54 (Merge)                 (None, 2, 20)         0           embedding_1[3][0]                
                                                                   punc_filters[0][0]               
____________________________________________________________________________________________________
merge_55 (Merge)                 (None, 2, 20)         0           embedding_1[3][0]                
                                                                   punc_filters[0][0]               
____________________________________________________________________________________________________
shareablelstm_3 (ShareableLSTM)  (None, 20)            3280        merge_2[0][0]                    
                                                                   merge_16[0][0]                   
                                                                   merge_30[0][0]                   
                                                                   merge_44[0][0]                   
____________________________________________________________________________________________________
shareablelstm_5 (ShareableLSTM)  (None, 20)            3280        merge_3[0][0]                    
                                                                   merge_17[0][0]                   
                                                                   merge_31[0][0]                   
                                                                   merge_45[0][0]                   
____________________________________________________________________________________________________
shareablelstm_7 (ShareableLSTM)  (None, 20)            3280        merge_4[0][0]                    
                                                                   merge_18[0][0]                   
                                                                   merge_32[0][0]                   
                                                                   merge_46[0][0]                   
____________________________________________________________________________________________________
shareablelstm_9 (ShareableLSTM)  (None, 20)            3280        merge_5[0][0]                    
                                                                   merge_19[0][0]                   
                                                                   merge_33[0][0]                   
                                                                   merge_47[0][0]                   
____________________________________________________________________________________________________
shareablelstm_11 (ShareableLSTM) (None, 20)            3280        merge_6[0][0]                    
                                                                   merge_20[0][0]                   
                                                                   merge_34[0][0]                   
                                                                   merge_48[0][0]                   
____________________________________________________________________________________________________
shareablelstm_13 (ShareableLSTM) (None, 20)            3280        merge_7[0][0]                    
                                                                   merge_21[0][0]                   
                                                                   merge_35[0][0]                   
                                                                   merge_49[0][0]                   
____________________________________________________________________________________________________
shareablelstm_15 (ShareableLSTM) (None, 20)            3280        merge_8[0][0]                    
                                                                   merge_22[0][0]                   
                                                                   merge_36[0][0]                   
                                                                   merge_50[0][0]                   
____________________________________________________________________________________________________
shareablelstm_17 (ShareableLSTM) (None, 20)            3280        merge_9[0][0]                    
                                                                   merge_23[0][0]                   
                                                                   merge_37[0][0]                   
                                                                   merge_51[0][0]                   
____________________________________________________________________________________________________
shareablelstm_19 (ShareableLSTM) (None, 20)            3280        merge_10[0][0]                   
                                                                   merge_24[0][0]                   
                                                                   merge_38[0][0]                   
                                                                   merge_52[0][0]                   
____________________________________________________________________________________________________
shareablelstm_21 (ShareableLSTM) (None, 20)            3280        merge_11[0][0]                   
                                                                   merge_25[0][0]                   
                                                                   merge_39[0][0]                   
                                                                   merge_53[0][0]                   
____________________________________________________________________________________________________
shareablelstm_23 (ShareableLSTM) (None, 20)            3280        merge_12[0][0]                   
                                                                   merge_26[0][0]                   
                                                                   merge_40[0][0]                   
                                                                   merge_54[0][0]                   
____________________________________________________________________________________________________
shareablelstm_25 (ShareableLSTM) (None, 20)            3280        merge_13[0][0]                   
                                                                   merge_27[0][0]                   
                                                                   merge_41[0][0]                   
                                                                   merge_55[0][0]                   
____________________________________________________________________________________________________
merge_14 (Merge)                 (None, 240)           0           shareablelstm_3[0][0]            
                                                                   shareablelstm_5[0][0]            
                                                                   shareablelstm_7[0][0]            
                                                                   shareablelstm_9[0][0]            
                                                                   shareablelstm_11[0][0]           
                                                                   shareablelstm_13[0][0]           
                                                                   shareablelstm_15[0][0]           
                                                                   shareablelstm_17[0][0]           
                                                                   shareablelstm_19[0][0]           
                                                                   shareablelstm_21[0][0]           
                                                                   shareablelstm_23[0][0]           
                                                                   shareablelstm_25[0][0]           
____________________________________________________________________________________________________
merge_28 (Merge)                 (None, 240)           0           shareablelstm_3[1][0]            
                                                                   shareablelstm_5[1][0]            
                                                                   shareablelstm_7[1][0]            
                                                                   shareablelstm_9[1][0]            
                                                                   shareablelstm_11[1][0]           
                                                                   shareablelstm_13[1][0]           
                                                                   shareablelstm_15[1][0]           
                                                                   shareablelstm_17[1][0]           
                                                                   shareablelstm_19[1][0]           
                                                                   shareablelstm_21[1][0]           
                                                                   shareablelstm_23[1][0]           
                                                                   shareablelstm_25[1][0]           
____________________________________________________________________________________________________
merge_42 (Merge)                 (None, 240)           0           shareablelstm_3[2][0]            
                                                                   shareablelstm_5[2][0]            
                                                                   shareablelstm_7[2][0]            
                                                                   shareablelstm_9[2][0]            
                                                                   shareablelstm_11[2][0]           
                                                                   shareablelstm_13[2][0]           
                                                                   shareablelstm_15[2][0]           
                                                                   shareablelstm_17[2][0]           
                                                                   shareablelstm_19[2][0]           
                                                                   shareablelstm_21[2][0]           
                                                                   shareablelstm_23[2][0]           
                                                                   shareablelstm_25[2][0]           
____________________________________________________________________________________________________
merge_56 (Merge)                 (None, 240)           0           shareablelstm_3[3][0]            
                                                                   shareablelstm_5[3][0]            
                                                                   shareablelstm_7[3][0]            
                                                                   shareablelstm_9[3][0]            
                                                                   shareablelstm_11[3][0]           
                                                                   shareablelstm_13[3][0]           
                                                                   shareablelstm_15[3][0]           
                                                                   shareablelstm_17[3][0]           
                                                                   shareablelstm_19[3][0]           
                                                                   shareablelstm_21[3][0]           
                                                                   shareablelstm_23[3][0]           
                                                                   shareablelstm_25[3][0]           
____________________________________________________________________________________________________
dropout_1 (Dropout)              (None, 240)           0           merge_14[0][0]                   
____________________________________________________________________________________________________
dropout_2 (Dropout)              (None, 240)           0           merge_28[0][0]                   
____________________________________________________________________________________________________
dropout_3 (Dropout)              (None, 240)           0           merge_42[0][0]                   
____________________________________________________________________________________________________
dropout_4 (Dropout)              (None, 240)           0           merge_56[0][0]                   
____________________________________________________________________________________________________
merge_57 (Merge)                 (None, 960)           0           dropout_1[0][0]                  
                                                                   dropout_2[0][0]                  
                                                                   dropout_3[0][0]                  
                                                                   dropout_4[0][0]                  
____________________________________________________________________________________________________
dense_1 (Dense)                  (None, 80)            76880       merge_57[0][0]                   
____________________________________________________________________________________________________
srelu_1 (SReLU)                  (None, 80)            320         dense_1[0][0]                    
____________________________________________________________________________________________________
dropout_5 (Dropout)              (None, 80)            0           srelu_1[0][0]                    
____________________________________________________________________________________________________
dense_2 (Dense)                  (None, 12)            972         dropout_5[0][0]                  
____________________________________________________________________________________________________
target (Activation)              (None, 12)            0           dense_2[0][0]                    
====================================================================================================
Total params: 177,880
Trainable params: 177,880
Non-trainable params: 0
____________________________________________________________________________________________________
[2019-03-05 18:36] initialize weights
[2019-03-05 18:36] training preparation
[2019-03-05 18:36] train model (ex/conll16st-v35nodropout-zhch)
Epoch 1/1000
4032/4096 [============================>.] - ETA: 23s - loss: 1.6085
- val_loss: 2.0256
- val_all_f1:  0.5770 0.5770 0.5770
- val_exp_f1:  0.4156 0.4156 0.4156
- val_non_f1:  0.6176 0.6176 0.6176

4096/4096 [==============================] - 1563s - loss: 1.6021 - val_loss: 2.0256
Epoch 2/1000
4032/4096 [============================>.] - ETA: 26s - loss: 1.2853
- val_loss: 1.5572
- val_all_f1:  0.5770 0.5770 0.5770
- val_exp_f1:  0.4156 0.4156 0.4156
- val_non_f1:  0.6176 0.6176 0.6176

4096/4096 [==============================] - 1757s - loss: 1.2802 - val_loss: 1.5572
Epoch 3/1000
4032/4096 [============================>.] - ETA: 22s - loss: 0.7306
- val_loss: 1.3649
- val_all_f1:  0.5796 0.5796 0.5796
- val_exp_f1:  0.4286 0.4286 0.4286
- val_non_f1:  0.6176 0.6176 0.6176

4096/4096 [==============================] - 1524s - loss: 0.7276 - val_loss: 1.3649
Epoch 4/1000
4032/4096 [============================>.] - ETA: 23s - loss: 0.6363
- val_loss: 1.2921
- val_all_f1:  0.5796 0.5796 0.5796
- val_exp_f1:  0.4286 0.4286 0.4286
- val_non_f1:  0.6176 0.6176 0.6176

4096/4096 [==============================] - 1585s - loss: 0.6332 - val_loss: 1.2921
Epoch 5/1000
4032/4096 [============================>.] - ETA: 23s - loss: 0.6048
- val_loss: 1.1655
- val_all_f1:  0.5822 0.5822 0.5822
- val_exp_f1:  0.4156 0.4156 0.4156
- val_non_f1:  0.6325 0.6242 0.6283

4096/4096 [==============================] - 1549s - loss: 0.6026 - val_loss: 1.1655
Epoch 6/1000
4032/4096 [============================>.] - ETA: 24s - loss: 0.5816
- val_loss: 1.1386
- val_all_f1:  0.5901 0.5901 0.5901
- val_exp_f1:  0.4545 0.4545 0.4545
- val_non_f1:  0.6346 0.6242 0.6293

4096/4096 [==============================] - 1620s - loss: 0.5805 - val_loss: 1.1386
Epoch 7/1000
4032/4096 [============================>.] - ETA: 27s - loss: 0.5494
- val_loss: 1.0494
- val_all_f1:  0.6031 0.6031 0.6031
- val_exp_f1:  0.4935 0.4935 0.4935
- val_non_f1:  0.6328 0.6307 0.6318

4096/4096 [==============================] - 1801s - loss: 0.5507 - val_loss: 1.0494
Epoch 8/1000
4032/4096 [============================>.] - ETA: 26s - loss: 0.5231
- val_loss: 1.0846
- val_all_f1:  0.5640 0.5640 0.5640
- val_exp_f1:  0.4805 0.4805 0.4805
- val_non_f1:  0.5908 0.5850 0.5878

4096/4096 [==============================] - 1758s - loss: 0.5227 - val_loss: 1.0846
Epoch 9/1000
4032/4096 [============================>.] - ETA: 25s - loss: 0.4901
- val_loss: 1.1226
- val_all_f1:  0.6345 0.6345 0.6345
- val_exp_f1:  0.5584 0.5584 0.5584
- val_non_f1:  0.6579 0.6536 0.6557

4096/4096 [==============================] - 1685s - loss: 0.4953 - val_loss: 1.1226
Epoch 10/1000
4032/4096 [============================>.] - ETA: 21s - loss: 0.5139
- val_loss: 1.0106
- val_all_f1:  0.6423 0.6423 0.6423
- val_exp_f1:  0.5455 0.5455 0.5455
- val_non_f1:  0.6711 0.6667 0.6689

4096/4096 [==============================] - 1458s - loss: 0.5124 - val_loss: 1.0106
Epoch 11/1000
4032/4096 [============================>.] - ETA: 22s - loss: 0.4979
- val_loss: 0.9841
- val_all_f1:  0.6371 0.6371 0.6371
- val_exp_f1:  0.5714 0.5714 0.5714
- val_non_f1:  0.6601 0.6536 0.6568

4096/4096 [==============================] - 1481s - loss: 0.5007 - val_loss: 0.9841
Epoch 12/1000
4032/4096 [============================>.] - ETA: 22s - loss: 0.4781
- val_loss: 1.0001
- val_all_f1:  0.6292 0.6292 0.6292
- val_exp_f1:  0.5455 0.5455 0.5455
- val_non_f1:  0.6568 0.6503 0.6535

4096/4096 [==============================] - 1503s - loss: 0.4807 - val_loss: 1.0001
Epoch 13/1000
4032/4096 [============================>.] - ETA: 23s - loss: 0.4452
- val_loss: 0.9943
- val_all_f1:  0.6136 0.6136 0.6136
- val_exp_f1:  0.5844 0.5844 0.5844
- val_non_f1:  0.6230 0.6209 0.6219

4096/4096 [==============================] - 1548s - loss: 0.4449 - val_loss: 0.9943
Epoch 14/1000
4032/4096 [============================>.] - ETA: 23s - loss: 0.5026
- val_loss: 0.9364
- val_all_f1:  0.6527 0.6527 0.6527
- val_exp_f1:  0.6104 0.6104 0.6104
- val_non_f1:  0.6656 0.6634 0.6645

4096/4096 [==============================] - 1547s - loss: 0.5031 - val_loss: 0.9364
Epoch 15/1000
4032/4096 [============================>.] - ETA: 23s - loss: 0.4495
- val_loss: 0.9658
- val_all_f1:  0.6449 0.6449 0.6449
- val_exp_f1:  0.6883 0.6883 0.6883
- val_non_f1:  0.6382 0.6340 0.6361

4096/4096 [==============================] - 1563s - loss: 0.4466 - val_loss: 0.9658
Epoch 16/1000
4032/4096 [============================>.] - ETA: 22s - loss: 0.4585
- val_loss: 0.9416
- val_all_f1:  0.6449 0.6449 0.6449
- val_exp_f1:  0.7922 0.7922 0.7922
- val_non_f1:  0.6098 0.6078 0.6088

4096/4096 [==============================] - 1480s - loss: 0.4576 - val_loss: 0.9416
Epoch 17/1000
4032/4096 [============================>.] - ETA: 20s - loss: 0.4583
- val_loss: 1.0068
- val_all_f1:  0.6005 0.6005 0.6005
- val_exp_f1:  0.6753 0.6753 0.6753
- val_non_f1:  0.5836 0.5817 0.5827

4096/4096 [==============================] - 1383s - loss: 0.4592 - val_loss: 1.0068
Epoch 18/1000
4032/4096 [============================>.] - ETA: 20s - loss: 0.4814
- val_loss: 0.9304
- val_all_f1:  0.6632 0.6632 0.6632
- val_exp_f1:  0.7532 0.7532 0.7532
- val_non_f1:  0.6469 0.6405 0.6437

4096/4096 [==============================] - 1368s - loss: 0.4823 - val_loss: 0.9304
Epoch 19/1000
4032/4096 [============================>.] - ETA: 22s - loss: 0.4405
- val_loss: 0.9500
- val_all_f1:  0.6031 0.6031 0.6031
- val_exp_f1:  0.7662 0.7662 0.7662
- val_non_f1:  0.5658 0.5621 0.5639

4096/4096 [==============================] - 1517s - loss: 0.4461 - val_loss: 0.9500
Epoch 20/1000
4032/4096 [============================>.] - ETA: 26s - loss: 0.4730
- val_loss: 0.9201
- val_all_f1:  0.6319 0.6319 0.6319
- val_exp_f1:  0.6753 0.6753 0.6753
- val_non_f1:  0.6271 0.6209 0.6240

4096/4096 [==============================] - 1737s - loss: 0.4734 - val_loss: 0.9201
Epoch 21/1000
4032/4096 [============================>.] - ETA: 28s - loss: 0.4526
- val_loss: 0.9282
- val_all_f1:  0.6292 0.6292 0.6292
- val_exp_f1:  0.6623 0.6623 0.6623
- val_non_f1:  0.6250 0.6209 0.6230

4096/4096 [==============================] - 1891s - loss: 0.4513 - val_loss: 0.9282
Epoch 22/1000
4032/4096 [============================>.] - ETA: 30s - loss: 0.4769
- val_loss: 0.9906
- val_all_f1:  0.5640 0.5640 0.5640
- val_exp_f1:  0.7013 0.7013 0.7013
- val_non_f1:  0.5347 0.5294 0.5320

4096/4096 [==============================] - 1982s - loss: 0.4740 - val_loss: 0.9906
Epoch 23/1000
4032/4096 [============================>.] - ETA: 31s - loss: 0.4658
- val_loss: 0.9720
- val_all_f1:  0.6214 0.6214 0.6214
- val_exp_f1:  0.7013 0.7013 0.7013
- val_non_f1:  0.6053 0.6013 0.6033

4096/4096 [==============================] - 2044s - loss: 0.4618 - val_loss: 0.9720
Epoch 24/1000
4032/4096 [============================>.] - ETA: 31s - loss: 0.5004
- val_loss: 0.9733
- val_all_f1:  0.6501 0.6501 0.6501
- val_exp_f1:  0.7403 0.7403 0.7403
- val_non_f1:  0.6316 0.6275 0.6295

4096/4096 [==============================] - 2099s - loss: 0.4986 - val_loss: 0.9733
Epoch 25/1000
4032/4096 [============================>.] - ETA: 31s - loss: 0.4905
- val_loss: 0.9940
- val_all_f1:  0.5770 0.5770 0.5770
- val_exp_f1:  0.7532 0.7532 0.7532
- val_non_f1:  0.5380 0.5327 0.5353

4096/4096 [==============================] - 2044s - loss: 0.4877 - val_loss: 0.9940
Epoch 26/1000
4032/4096 [============================>.] - ETA: 28s - loss: 0.4529
- val_loss: 0.9690
- val_all_f1:  0.6319 0.6319 0.6319
- val_exp_f1:  0.7013 0.7013 0.7013
- val_non_f1:  0.6205 0.6144 0.6174

4096/4096 [==============================] - 1907s - loss: 0.4532 - val_loss: 0.9690
Epoch 27/1000
4032/4096 [============================>.] - ETA: 28s - loss: 0.4218
- val_loss: 0.8928
- val_all_f1:  0.6658 0.6658 0.6658
- val_exp_f1:  0.8312 0.8312 0.8312
- val_non_f1:  0.6283 0.6242 0.6262

4096/4096 [==============================] - 1886s - loss: 0.4231 - val_loss: 0.8928
Epoch 28/1000
4032/4096 [============================>.] - ETA: 28s - loss: 0.4260
- val_loss: 0.8625
- val_all_f1:  0.6736 0.6736 0.6736
- val_exp_f1:  0.7922 0.7922 0.7922
- val_non_f1:  0.6480 0.6438 0.6459

4096/4096 [==============================] - 1891s - loss: 0.4248 - val_loss: 0.8625
Epoch 29/1000
4032/4096 [============================>.] - ETA: 28s - loss: 0.4349
- val_loss: 0.9059
- val_all_f1:  0.6371 0.6371 0.6371
- val_exp_f1:  0.7403 0.7403 0.7403
- val_non_f1:  0.6172 0.6111 0.6141

4096/4096 [==============================] - 1862s - loss: 0.4349 - val_loss: 0.9059
Epoch 30/1000
4032/4096 [============================>.] - ETA: 25s - loss: 0.4730
- val_loss: 0.9211
- val_all_f1:  0.6319 0.6319 0.6319
- val_exp_f1:  0.7922 0.7922 0.7922
- val_non_f1:  0.5954 0.5915 0.5934

4096/4096 [==============================] - 1664s - loss: 0.4722 - val_loss: 0.9211
Epoch 31/1000
4032/4096 [============================>.] - ETA: 24s - loss: 0.4429
- val_loss: 0.9067
- val_all_f1:  0.6475 0.6475 0.6475
- val_exp_f1:  0.7273 0.7273 0.7273
- val_non_f1:  0.6358 0.6275 0.6316

4096/4096 [==============================] - 1621s - loss: 0.4408 - val_loss: 0.9067
Epoch 32/1000
4032/4096 [============================>.] - ETA: 26s - loss: 0.4072
- val_loss: 0.9313
- val_all_f1:  0.6397 0.6397 0.6397
- val_exp_f1:  0.7143 0.7143 0.7143
- val_non_f1:  0.6250 0.6209 0.6230

4096/4096 [==============================] - 1780s - loss: 0.4061 - val_loss: 0.9313
Epoch 33/1000
4032/4096 [============================>.] - ETA: 29s - loss: 0.4449
- val_loss: 0.8917
- val_all_f1:  0.6815 0.6815 0.6815
- val_exp_f1:  0.7792 0.7792 0.7792
- val_non_f1:  0.6612 0.6569 0.6590

4096/4096 [==============================] - 1945s - loss: 0.4436 - val_loss: 0.8917
Epoch 34/1000
4032/4096 [============================>.] - ETA: 28s - loss: 0.4132
- val_loss: 0.9018
- val_all_f1:  0.6554 0.6554 0.6554
- val_exp_f1:  0.8312 0.8312 0.8312
- val_non_f1:  0.6151 0.6111 0.6131

4096/4096 [==============================] - 1895s - loss: 0.4141 - val_loss: 0.9018
Epoch 35/1000
4032/4096 [============================>.] - ETA: 27s - loss: 0.3634
- val_loss: 0.8503
- val_all_f1:  0.6606 0.6606 0.6606
- val_exp_f1:  0.8182 0.8182 0.8182
- val_non_f1:  0.6271 0.6209 0.6240

4096/4096 [==============================] - 1819s - loss: 0.3669 - val_loss: 0.8503
Epoch 36/1000
4032/4096 [============================>.] - ETA: 28s - loss: 0.4273
- val_loss: 0.8352
- val_all_f1:  0.6945 0.6945 0.6945
- val_exp_f1:  0.8701 0.8701 0.8701
- val_non_f1:  0.6568 0.6503 0.6535

4096/4096 [==============================] - 1857s - loss: 0.4234 - val_loss: 0.8352
Epoch 37/1000
4032/4096 [============================>.] - ETA: 27s - loss: 0.3879
- val_loss: 0.8561
- val_all_f1:  0.6815 0.6815 0.6815
- val_exp_f1:  0.8182 0.8182 0.8182
- val_non_f1:  0.6535 0.6471 0.6502

4096/4096 [==============================] - 1820s - loss: 0.3859 - val_loss: 0.8561
Epoch 38/1000
4032/4096 [============================>.] - ETA: 27s - loss: 0.3893
- val_loss: 0.8630
- val_all_f1:  0.7076 0.7076 0.7076
- val_exp_f1:  0.9221 0.9221 0.9221
- val_non_f1:  0.6601 0.6536 0.6568

4096/4096 [==============================] - 1802s - loss: 0.3860 - val_loss: 0.8630
Epoch 39/1000
4032/4096 [============================>.] - ETA: 27s - loss: 0.3909
- val_loss: 0.8947
- val_all_f1:  0.6345 0.6345 0.6345
- val_exp_f1:  0.8961 0.8961 0.8961
- val_non_f1:  0.5724 0.5686 0.5705

4096/4096 [==============================] - 1793s - loss: 0.3929 - val_loss: 0.8947
Epoch 40/1000
4032/4096 [============================>.] - ETA: 27s - loss: 0.3937
- val_loss: 0.8664
- val_all_f1:  0.6684 0.6684 0.6684
- val_exp_f1:  0.8961 0.8961 0.8961
- val_non_f1:  0.6151 0.6111 0.6131

4096/4096 [==============================] - 1790s - loss: 0.3906 - val_loss: 0.8664
Epoch 41/1000
4032/4096 [============================>.] - ETA: 28s - loss: 0.3749
- val_loss: 0.8493
- val_all_f1:  0.6945 0.6945 0.6945
- val_exp_f1:  0.8701 0.8701 0.8701
- val_non_f1:  0.6568 0.6503 0.6535

4096/4096 [==============================] - 1861s - loss: 0.3727 - val_loss: 0.8493
Epoch 42/1000
4032/4096 [============================>.] - ETA: 28s - loss: 0.3712
- val_loss: 0.8337
- val_all_f1:  0.6867 0.6867 0.6867
- val_exp_f1:  0.8701 0.8701 0.8701
- val_non_f1:  0.6447 0.6405 0.6426

4096/4096 [==============================] - 1859s - loss: 0.3742 - val_loss: 0.8337
Epoch 43/1000
4032/4096 [============================>.] - ETA: 27s - loss: 0.4032
- val_loss: 0.7934
- val_all_f1:  0.6997 0.6997 0.6997
- val_exp_f1:  0.8961 0.8961 0.8961
- val_non_f1:  0.6525 0.6503 0.6514

4096/4096 [==============================] - 1813s - loss: 0.4027 - val_loss: 0.7934
Epoch 44/1000
4032/4096 [============================>.] - ETA: 27s - loss: 0.3557
- val_loss: 0.8174
- val_all_f1:  0.7154 0.7154 0.7154
- val_exp_f1:  0.8831 0.8831 0.8831
- val_non_f1:  0.6799 0.6732 0.6765

4096/4096 [==============================] - 1791s - loss: 0.3578 - val_loss: 0.8174
Epoch 45/1000
4032/4096 [============================>.] - ETA: 26s - loss: 0.3262
- val_loss: 0.8086
- val_all_f1:  0.6997 0.6997 0.6997
- val_exp_f1:  0.8831 0.8831 0.8831
- val_non_f1:  0.6579 0.6536 0.6557

4096/4096 [==============================] - 1735s - loss: 0.3286 - val_loss: 0.8086
Epoch 46/1000
4032/4096 [============================>.] - ETA: 25s - loss: 0.3810
- val_loss: 0.8645
- val_all_f1:  0.6319 0.6319 0.6319
- val_exp_f1:  0.8961 0.8961 0.8961
- val_non_f1:  0.5672 0.5654 0.5663

4096/4096 [==============================] - 1681s - loss: 0.3835 - val_loss: 0.8645
Epoch 47/1000
4032/4096 [============================>.] - ETA: 25s - loss: 0.3700
- val_loss: 0.7918
- val_all_f1:  0.6789 0.6789 0.6789
- val_exp_f1:  0.8831 0.8831 0.8831
- val_non_f1:  0.6295 0.6275 0.6285

4096/4096 [==============================] - 1668s - loss: 0.3702 - val_loss: 0.7918
Epoch 48/1000
4032/4096 [============================>.] - ETA: 26s - loss: 0.3454
- val_loss: 0.8261
- val_all_f1:  0.6449 0.6449 0.6449
- val_exp_f1:  0.8701 0.8701 0.8701
- val_non_f1:  0.5902 0.5882 0.5892

4096/4096 [==============================] - 1738s - loss: 0.3513 - val_loss: 0.8261
Epoch 49/1000
4032/4096 [============================>.] - ETA: 23s - loss: 0.3620
- val_loss: 0.8290
- val_all_f1:  0.6684 0.6684 0.6684
- val_exp_f1:  0.8831 0.8831 0.8831
- val_non_f1:  0.6164 0.6144 0.6154

4096/4096 [==============================] - 1586s - loss: 0.3610 - val_loss: 0.8290
Epoch 50/1000
4032/4096 [============================>.] - ETA: 23s - loss: 0.3355
- val_loss: 0.8314
- val_all_f1:  0.6449 0.6449 0.6449
- val_exp_f1:  0.8182 0.8182 0.8182
- val_non_f1:  0.6033 0.6013 0.6023

4096/4096 [==============================] - 1586s - loss: 0.3374 - val_loss: 0.8314
Epoch 51/1000
4032/4096 [============================>.] - ETA: 23s - loss: 0.3704
- val_loss: 0.8180
- val_all_f1:  0.6815 0.6815 0.6815
- val_exp_f1:  0.8701 0.8701 0.8701
- val_non_f1:  0.6403 0.6340 0.6371

4096/4096 [==============================] - 1547s - loss: 0.3678 - val_loss: 0.8180
Epoch 52/1000
4032/4096 [============================>.] - ETA: 24s - loss: 0.3424
- val_loss: 0.8160
- val_all_f1:  0.6997 0.6997 0.6997
- val_exp_f1:  0.8701 0.8701 0.8701
- val_non_f1:  0.6634 0.6569 0.6601

4096/4096 [==============================] - 1632s - loss: 0.3430 - val_loss: 0.8160
Epoch 53/1000
4032/4096 [============================>.] - ETA: 25s - loss: 0.3357
- val_loss: 0.8104
- val_all_f1:  0.6475 0.6475 0.6475
- val_exp_f1:  0.8442 0.8442 0.8442
- val_non_f1:  0.6020 0.5980 0.6000

4096/4096 [==============================] - 1681s - loss: 0.3386 - val_loss: 0.8104
Epoch 54/1000
4032/4096 [============================>.] - ETA: 25s - loss: 0.3400
- val_loss: 0.8392
- val_all_f1:  0.6971 0.6971 0.6971
- val_exp_f1:  0.8961 0.8961 0.8961
- val_non_f1:  0.6492 0.6471 0.6481

4096/4096 [==============================] - 1665s - loss: 0.3378 - val_loss: 0.8392
Epoch 55/1000
4032/4096 [============================>.] - ETA: 25s - loss: 0.3628
- val_loss: 0.8236
- val_all_f1:  0.6554 0.6554 0.6554
- val_exp_f1:  0.8961 0.8961 0.8961
- val_non_f1:  0.5967 0.5948 0.5957

4096/4096 [==============================] - 1699s - loss: 0.3598 - val_loss: 0.8236
Epoch 56/1000
4032/4096 [============================>.] - ETA: 24s - loss: 0.3795
- val_loss: 0.8885
- val_all_f1:  0.6136 0.6136 0.6136
- val_exp_f1:  0.9091 0.9091 0.9091
- val_non_f1:  0.5428 0.5392 0.5410

4096/4096 [==============================] - 1611s - loss: 0.3786 - val_loss: 0.8885
Epoch 57/1000
4032/4096 [============================>.] - ETA: 26s - loss: 0.3811
- val_loss: 0.8074
- val_all_f1:  0.6423 0.6423 0.6423
- val_exp_f1:  0.9481 0.9481 0.9481
- val_non_f1:  0.5691 0.5654 0.5672

4096/4096 [==============================] - 1738s - loss: 0.3802 - val_loss: 0.8074
Epoch 58/1000
4032/4096 [============================>.] - ETA: 26s - loss: 0.3353
- val_loss: 0.7752
- val_all_f1:  0.6867 0.6867 0.6867
- val_exp_f1:  0.9221 0.9221 0.9221
- val_non_f1:  0.6316 0.6275 0.6295

4096/4096 [==============================] - 1724s - loss: 0.3409 - val_loss: 0.7752
Epoch 59/1000
4032/4096 [============================>.] - ETA: 26s - loss: 0.3611
- val_loss: 0.8193
- val_all_f1:  0.7050 0.7050 0.7050
- val_exp_f1:  0.9091 0.9091 0.9091
- val_non_f1:  0.6557 0.6536 0.6547

4096/4096 [==============================] - 1754s - loss: 0.3592 - val_loss: 0.8193
Epoch 60/1000
4032/4096 [============================>.] - ETA: 28s - loss: 0.3326
- val_loss: 0.8197
- val_all_f1:  0.6658 0.6658 0.6658
- val_exp_f1:  0.9351 0.9351 0.9351
- val_non_f1:  0.6000 0.5980 0.5990

4096/4096 [==============================] - 1868s - loss: 0.3301 - val_loss: 0.8197
Epoch 61/1000
4032/4096 [============================>.] - ETA: 26s - loss: 0.3601
- val_loss: 0.8186
- val_all_f1:  0.6815 0.6815 0.6815
- val_exp_f1:  0.8571 0.8571 0.8571
- val_non_f1:  0.6393 0.6373 0.6383

4096/4096 [==============================] - 1775s - loss: 0.3573 - val_loss: 0.8186
Epoch 62/1000
4032/4096 [============================>.] - ETA: 28s - loss: 0.3568
- val_loss: 0.8489
- val_all_f1:  0.6475 0.6475 0.6475
- val_exp_f1:  0.8831 0.8831 0.8831
- val_non_f1:  0.5902 0.5882 0.5892

4096/4096 [==============================] - 1861s - loss: 0.3559 - val_loss: 0.8489
Epoch 63/1000
4032/4096 [============================>.] - ETA: 25s - loss: 0.3519
- val_loss: 0.8172
- val_all_f1:  0.6762 0.6762 0.6762
- val_exp_f1:  0.8831 0.8831 0.8831
- val_non_f1:  0.6262 0.6242 0.6252

4096/4096 [==============================] - 1705s - loss: 0.3530 - val_loss: 0.8172
Epoch 64/1000
4032/4096 [============================>.] - ETA: 26s - loss: 0.3126
- val_loss: 0.8615
- val_all_f1:  0.6919 0.6919 0.6919
- val_exp_f1:  0.8831 0.8831 0.8831
- val_non_f1:  0.6459 0.6438 0.6448

4096/4096 [==============================] - 1764s - loss: 0.3140 - val_loss: 0.8615
Epoch 65/1000
4032/4096 [============================>.] - ETA: 23s - loss: 0.3373
- val_loss: 0.8821
- val_all_f1:  0.6319 0.6319 0.6319
- val_exp_f1:  0.8442 0.8442 0.8442
- val_non_f1:  0.5803 0.5784 0.5794

4096/4096 [==============================] - 1550s - loss: 0.3354 - val_loss: 0.8821
Epoch 66/1000
4032/4096 [============================>.] - ETA: 23s - loss: 0.3021
- val_loss: 0.7897
- val_all_f1:  0.6997 0.6997 0.6997
- val_exp_f1:  0.9091 0.9091 0.9091
- val_non_f1:  0.6492 0.6471 0.6481

4096/4096 [==============================] - 1561s - loss: 0.3034 - val_loss: 0.7897
Epoch 67/1000
4032/4096 [============================>.] - ETA: 25s - loss: 0.3302
- val_loss: 0.7831
- val_all_f1:  0.6658 0.6658 0.6658
- val_exp_f1:  0.8961 0.8961 0.8961
- val_non_f1:  0.6098 0.6078 0.6088

4096/4096 [==============================] - 1699s - loss: 0.3300 - val_loss: 0.7831
Epoch 68/1000
4032/4096 [============================>.] - ETA: 24s - loss: 0.3384
- val_loss: 0.7970
- val_all_f1:  0.6580 0.6580 0.6580
- val_exp_f1:  0.9221 0.9221 0.9221
- val_non_f1:  0.5915 0.5915 0.5915

4096/4096 [==============================] - 1635s - loss: 0.3391 - val_loss: 0.7970
Epoch 69/1000
4032/4096 [============================>.] - ETA: 23s - loss: 0.3660
- val_loss: 0.8224
- val_all_f1:  0.6632 0.6632 0.6632
- val_exp_f1:  0.9091 0.9091 0.9091
- val_non_f1:  0.6033 0.6013 0.6023

4096/4096 [==============================] - 1587s - loss: 0.3630 - val_loss: 0.8224
Epoch 70/1000
4032/4096 [============================>.] - ETA: 23s - loss: 0.3272
- val_loss: 0.8081
- val_all_f1:  0.6684 0.6684 0.6684
- val_exp_f1:  0.8961 0.8961 0.8961
- val_non_f1:  0.6131 0.6111 0.6121

4096/4096 [==============================] - 1547s - loss: 0.3250 - val_loss: 0.8081
Epoch 71/1000
4032/4096 [============================>.] - ETA: 24s - loss: 0.3543
- val_loss: 0.9358
- val_all_f1:  0.6188 0.6188 0.6188
- val_exp_f1:  0.8442 0.8442 0.8442
- val_non_f1:  0.5621 0.5621 0.5621

4096/4096 [==============================] - 1650s - loss: 0.3529 - val_loss: 0.9358
Epoch 72/1000
4032/4096 [============================>.] - ETA: 25s - loss: 0.3731
- val_loss: 0.8479
- val_all_f1:  0.6919 0.6919 0.6919
- val_exp_f1:  0.8701 0.8701 0.8701
- val_non_f1:  0.6471 0.6471 0.6471

4096/4096 [==============================] - 1691s - loss: 0.3734 - val_loss: 0.8479
Epoch 73/1000
4032/4096 [============================>.] - ETA: 24s - loss: 0.3590
- val_loss: 0.7953
- val_all_f1:  0.7023 0.7023 0.7023
- val_exp_f1:  0.9221 0.9221 0.9221
- val_non_f1:  0.6492 0.6471 0.6481

4096/4096 [==============================] - 1604s - loss: 0.3567 - val_loss: 0.7953
Epoch 74/1000
4032/4096 [============================>.] - ETA: 26s - loss: 0.3708
- val_loss: 0.8653
- val_all_f1:  0.6240 0.6240 0.6240
- val_exp_f1:  0.8701 0.8701 0.8701
- val_non_f1:  0.5639 0.5621 0.5630

4096/4096 [==============================] - 1745s - loss: 0.3693 - val_loss: 0.8653
Epoch 75/1000
4032/4096 [============================>.] - ETA: 23s - loss: 0.3892
- val_loss: 0.8539
- val_all_f1:  0.6762 0.6762 0.6762
- val_exp_f1:  0.9351 0.9351 0.9351
- val_non_f1:  0.6151 0.6111 0.6131

4096/4096 [==============================] - 1527s - loss: 0.3915 - val_loss: 0.8539
Epoch 76/1000
4032/4096 [============================>.] - ETA: 20s - loss: 0.3933
- val_loss: 0.8447
- val_all_f1:  0.6736 0.6736 0.6736
- val_exp_f1:  0.8961 0.8961 0.8961
- val_non_f1:  0.6197 0.6176 0.6187

4096/4096 [==============================] - 1366s - loss: 0.3891 - val_loss: 0.8447
Epoch 77/1000
4032/4096 [============================>.] - ETA: 23s - loss: 0.3730
- val_loss: 0.8583
- val_all_f1:  0.6292 0.6292 0.6292
- val_exp_f1:  0.8701 0.8701 0.8701
- val_non_f1:  0.5705 0.5686 0.5696

4096/4096 [==============================] - 1598s - loss: 0.3713 - val_loss: 0.8583
Epoch 78/1000
4032/4096 [============================>.] - ETA: 24s - loss: 0.3581
- val_loss: 0.8347
- val_all_f1:  0.6762 0.6762 0.6762
- val_exp_f1:  0.8701 0.8701 0.8701
- val_non_f1:  0.6295 0.6275 0.6285

4096/4096 [==============================] - 1653s - loss: 0.3563 - val_loss: 0.8347
Epoch 79/1000
4032/4096 [============================>.] - ETA: 26s - loss: 0.3688
- val_loss: 0.8341
- val_all_f1:  0.6736 0.6736 0.6736
- val_exp_f1:  0.8571 0.8571 0.8571
- val_non_f1:  0.6295 0.6275 0.6285

4096/4096 [==============================] - 1745s - loss: 0.3665 - val_loss: 0.8341
Epoch 80/1000
4032/4096 [============================>.] - ETA: 25s - loss: 0.3432
- val_loss: 0.8578
- val_all_f1:  0.6136 0.6136 0.6136
- val_exp_f1:  0.9091 0.9091 0.9091
- val_non_f1:  0.5410 0.5392 0.5401

4096/4096 [==============================] - 1684s - loss: 0.3418 - val_loss: 0.8578
Epoch 81/1000
4032/4096 [============================>.] - ETA: 22s - loss: 0.3267
- val_loss: 0.8393
- val_all_f1:  0.6554 0.6554 0.6554
- val_exp_f1:  0.9091 0.9091 0.9091
- val_non_f1:  0.5934 0.5915 0.5925

4096/4096 [==============================] - 1486s - loss: 0.3292 - val_loss: 0.8393
Epoch 82/1000
4032/4096 [============================>.] - ETA: 21s - loss: 0.3407
- val_loss: 0.8163
- val_all_f1:  0.6345 0.6345 0.6345
- val_exp_f1:  0.8961 0.8961 0.8961
- val_non_f1:  0.5705 0.5686 0.5696

4096/4096 [==============================] - 1450s - loss: 0.3455 - val_loss: 0.8163
Epoch 83/1000
4032/4096 [============================>.] - ETA: 21s - loss: 0.3474
- val_loss: 0.8250
- val_all_f1:  0.6449 0.6449 0.6449
- val_exp_f1:  0.9221 0.9221 0.9221
- val_non_f1:  0.5770 0.5752 0.5761

4096/4096 [==============================] - 1423s - loss: 0.3472 - val_loss: 0.8250
Epoch 84/1000
4032/4096 [============================>.] - ETA: 21s - loss: 0.3666
- val_loss: 0.8259
- val_all_f1:  0.6397 0.6397 0.6397
- val_exp_f1:  0.9221 0.9221 0.9221
- val_non_f1:  0.5705 0.5686 0.5696

4096/4096 [==============================] - 1416s - loss: 0.3678 - val_loss: 0.8259
Epoch 85/1000
4032/4096 [============================>.] - ETA: 21s - loss: 0.3350
- val_loss: 0.8102
- val_all_f1:  0.6580 0.6580 0.6580
- val_exp_f1:  0.9351 0.9351 0.9351
- val_non_f1:  0.5902 0.5882 0.5892

4096/4096 [==============================] - 1462s - loss: 0.3342 - val_loss: 0.8102
Epoch 86/1000
4032/4096 [============================>.] - ETA: 21s - loss: 0.3290
- val_loss: 0.8346
- val_all_f1:  0.6554 0.6554 0.6554
- val_exp_f1:  0.9221 0.9221 0.9221
- val_non_f1:  0.5902 0.5882 0.5892

4096/4096 [==============================] - 1452s - loss: 0.3325 - val_loss: 0.8346
Epoch 87/1000
4032/4096 [============================>.] - ETA: 22s - loss: 0.3289
- val_loss: 0.8422
- val_all_f1:  0.6475 0.6475 0.6475
- val_exp_f1:  0.9221 0.9221 0.9221
- val_non_f1:  0.5803 0.5784 0.5794

4096/4096 [==============================] - 1508s - loss: 0.3319 - val_loss: 0.8422
Epoch 88/1000
4032/4096 [============================>.] - ETA: 22s - loss: 0.3389
- val_loss: 0.8166
- val_all_f1:  0.6292 0.6292 0.6292
- val_exp_f1:  0.9221 0.9221 0.9221
- val_non_f1:  0.5574 0.5556 0.5565

4096/4096 [==============================] - 1515s - loss: 0.3394 - val_loss: 0.8166
Epoch 89/1000
4032/4096 [============================>.] - ETA: 21s - loss: 0.2979
- val_loss: 0.8619
- val_all_f1:  0.6397 0.6397 0.6397
- val_exp_f1:  0.8571 0.8571 0.8571
- val_non_f1:  0.5869 0.5850 0.5859

4096/4096 [==============================] - 1432s - loss: 0.2958 - val_loss: 0.8619
Epoch 90/1000
4032/4096 [============================>.] - ETA: 21s - loss: 0.3142
- val_loss: 0.8302
- val_all_f1:  0.6736 0.6736 0.6736
- val_exp_f1:  0.9351 0.9351 0.9351
- val_non_f1:  0.6098 0.6078 0.6088

4096/4096 [==============================] - 1412s - loss: 0.3132 - val_loss: 0.8302
Epoch 91/1000
4032/4096 [============================>.] - ETA: 20s - loss: 0.3114
- val_loss: 0.8779
- val_all_f1:  0.6658 0.6658 0.6658
- val_exp_f1:  0.8831 0.8831 0.8831
- val_non_f1:  0.6131 0.6111 0.6121

4096/4096 [==============================] - 1364s - loss: 0.3127 - val_loss: 0.8779
Epoch 92/1000
4032/4096 [============================>.] - ETA: 19s - loss: 0.3185
- val_loss: 0.7857
- val_all_f1:  0.6632 0.6632 0.6632
- val_exp_f1:  0.8961 0.8961 0.8961
- val_non_f1:  0.6066 0.6046 0.6056

4096/4096 [==============================] - 1318s - loss: 0.3204 - val_loss: 0.7857
Epoch 93/1000
4032/4096 [============================>.] - ETA: 19s - loss: 0.3180
- val_loss: 0.8689
- val_all_f1:  0.6841 0.6841 0.6841
- val_exp_f1:  0.9091 0.9091 0.9091
- val_non_f1:  0.6337 0.6275 0.6305

4096/4096 [==============================] - 1296s - loss: 0.3191 - val_loss: 0.8689
Epoch 94/1000
4032/4096 [============================>.] - ETA: 19s - loss: 0.3505
- val_loss: 0.8522
- val_all_f1:  0.6632 0.6632 0.6632
- val_exp_f1:  0.8312 0.8312 0.8312
- val_non_f1:  0.6250 0.6209 0.6230

4096/4096 [==============================] - 1293s - loss: 0.3515 - val_loss: 0.8522
Epoch 95/1000
4032/4096 [============================>.] - ETA: 19s - loss: 0.3395
- val_loss: 0.8672
- val_all_f1:  0.6110 0.6110 0.6110
- val_exp_f1:  0.8831 0.8831 0.8831
- val_non_f1:  0.5425 0.5425 0.5425

4096/4096 [==============================] - 1312s - loss: 0.3471 - val_loss: 0.8672
Epoch 96/1000
4032/4096 [============================>.] - ETA: 19s - loss: 0.3482
- val_loss: 0.8151
- val_all_f1:  0.6841 0.6841 0.6841
- val_exp_f1:  0.8442 0.8442 0.8442
- val_non_f1:  0.6480 0.6438 0.6459

4096/4096 [==============================] - 1341s - loss: 0.3489 - val_loss: 0.8151
Epoch 97/1000
4032/4096 [============================>.] - ETA: 19s - loss: 0.2881
- val_loss: 0.8817
- val_all_f1:  0.6945 0.6945 0.6945
- val_exp_f1:  0.9351 0.9351 0.9351
- val_non_f1:  0.6361 0.6340 0.6350

4096/4096 [==============================] - 1300s - loss: 0.2860 - val_loss: 0.8817
Epoch 98/1000
4032/4096 [============================>.] - ETA: 20s - loss: 0.3226
- val_loss: 0.7747
- val_all_f1:  0.6710 0.6710 0.6710
- val_exp_f1:  0.8831 0.8831 0.8831
- val_non_f1:  0.6197 0.6176 0.6187

4096/4096 [==============================] - 1349s - loss: 0.3232 - val_loss: 0.7747
Epoch 99/1000
4032/4096 [============================>.] - ETA: 21s - loss: 0.2847
- val_loss: 0.9047
- val_all_f1:  0.6266 0.6266 0.6266
- val_exp_f1:  0.9091 0.9091 0.9091
- val_non_f1:  0.5574 0.5556 0.5565

4096/4096 [==============================] - 1439s - loss: 0.2854 - val_loss: 0.9047
Epoch 100/1000
4032/4096 [============================>.] - ETA: 21s - loss: 0.3000
- val_loss: 0.8041
- val_all_f1:  0.6736 0.6736 0.6736
- val_exp_f1:  0.9091 0.9091 0.9091
- val_non_f1:  0.6164 0.6144 0.6154

4096/4096 [==============================] - 1420s - loss: 0.3007 - val_loss: 0.8041
Epoch 101/1000
4032/4096 [============================>.] - ETA: 21s - loss: 0.3133
- val_loss: 0.8051
- val_all_f1:  0.6762 0.6762 0.6762
- val_exp_f1:  0.9091 0.9091 0.9091
- val_non_f1:  0.6197 0.6176 0.6187

4096/4096 [==============================] - 1445s - loss: 0.3132 - val_loss: 0.8051
Epoch 102/1000
4032/4096 [============================>.] - ETA: 21s - loss: 0.2762
- val_loss: 0.8156
- val_all_f1:  0.6867 0.6867 0.6867
- val_exp_f1:  0.9221 0.9221 0.9221
- val_non_f1:  0.6295 0.6275 0.6285

4096/4096 [==============================] - 1452s - loss: 0.2779 - val_loss: 0.8156
Epoch 103/1000
4032/4096 [============================>.] - ETA: 21s - loss: 0.3094
- val_loss: 0.8155
- val_all_f1:  0.6789 0.6789 0.6789
- val_exp_f1:  0.8831 0.8831 0.8831
- val_non_f1:  0.6295 0.6275 0.6285

4096/4096 [==============================] - 1430s - loss: 0.3064 - val_loss: 0.8155
Epoch 104/1000
4032/4096 [============================>.] - ETA: 20s - loss: 0.3188
- val_loss: 0.8909
- val_all_f1:  0.6345 0.6345 0.6345
- val_exp_f1:  0.8312 0.8312 0.8312
- val_non_f1:  0.5869 0.5850 0.5859

4096/4096 [==============================] - 1372s - loss: 0.3169 - val_loss: 0.8909
Epoch 105/1000
4032/4096 [============================>.] - ETA: 20s - loss: 0.2851
- val_loss: 0.8139
- val_all_f1:  0.6945 0.6945 0.6945
- val_exp_f1:  0.9351 0.9351 0.9351
- val_non_f1:  0.6361 0.6340 0.6350

4096/4096 [==============================] - 1392s - loss: 0.2835 - val_loss: 0.8139
Epoch 106/1000
4032/4096 [============================>.] - ETA: 20s - loss: 0.3039
- val_loss: 0.8702
- val_all_f1:  0.6475 0.6475 0.6475
- val_exp_f1:  0.9221 0.9221 0.9221
- val_non_f1:  0.5784 0.5784 0.5784

4096/4096 [==============================] - 1359s - loss: 0.3017 - val_loss: 0.8702
Epoch 107/1000
4032/4096 [============================>.] - ETA: 20s - loss: 0.3157
- val_loss: 0.8343
- val_all_f1:  0.6789 0.6789 0.6789
- val_exp_f1:  0.8701 0.8701 0.8701
- val_non_f1:  0.6307 0.6307 0.6307

4096/4096 [==============================] - 1342s - loss: 0.3141 - val_loss: 0.8343
Epoch 108/1000
4032/4096 [============================>.] - ETA: 20s - loss: 0.3126
- val_loss: 0.8174
- val_all_f1:  0.6762 0.6762 0.6762
- val_exp_f1:  0.8831 0.8831 0.8831
- val_non_f1:  0.6262 0.6242 0.6252

4096/4096 [==============================] - 1350s - loss: 0.3124 - val_loss: 0.8174
Epoch 109/1000
4032/4096 [============================>.] - ETA: 19s - loss: 0.3083
- val_loss: 0.8569
- val_all_f1:  0.6580 0.6580 0.6580
- val_exp_f1:  0.8961 0.8961 0.8961
- val_non_f1:  0.5980 0.5980 0.5980

4096/4096 [==============================] - 1322s - loss: 0.3110 - val_loss: 0.8569
Epoch 110/1000
4032/4096 [============================>.] - ETA: 20s - loss: 0.3162
- val_loss: 0.8654
- val_all_f1:  0.6684 0.6684 0.6684
- val_exp_f1:  0.9091 0.9091 0.9091
- val_non_f1:  0.6098 0.6078 0.6088

4096/4096 [==============================] - 1349s - loss: 0.3169 - val_loss: 0.8654
Epoch 111/1000
4032/4096 [============================>.] - ETA: 20s - loss: 0.2964
- val_loss: 0.8216
- val_all_f1:  0.6736 0.6736 0.6736
- val_exp_f1:  0.9091 0.9091 0.9091
- val_non_f1:  0.6164 0.6144 0.6154

4096/4096 [==============================] - 1382s - loss: 0.2967 - val_loss: 0.8216
Epoch 112/1000
4032/4096 [============================>.] - ETA: 20s - loss: 0.2847
- val_loss: 0.9188
- val_all_f1:  0.6361 0.6345 0.6353
- val_exp_f1:  0.8684 0.8571 0.8627
- val_non_f1:  0.5822 0.5784 0.5803

4096/4096 [==============================] - 1386s - loss: 0.2870 - val_loss: 0.9188
Epoch 113/1000
4032/4096 [============================>.] - ETA: 21s - loss: 0.3046
- val_loss: 0.8744
- val_all_f1:  0.6658 0.6658 0.6658
- val_exp_f1:  0.8831 0.8831 0.8831
- val_non_f1:  0.6111 0.6111 0.6111

4096/4096 [==============================] - 1421s - loss: 0.3053 - val_loss: 0.8744
Epoch 114/1000
4032/4096 [============================>.] - ETA: 20s - loss: 0.3021
- val_loss: 0.8223
- val_all_f1:  0.6710 0.6710 0.6710
- val_exp_f1:  0.8961 0.8961 0.8961
- val_non_f1:  0.6164 0.6144 0.6154

4096/4096 [==============================] - 1379s - loss: 0.3035 - val_loss: 0.8223
Epoch 115/1000
4032/4096 [============================>.] - ETA: 19s - loss: 0.2870
- val_loss: 0.9013
- val_all_f1:  0.6736 0.6736 0.6736
- val_exp_f1:  0.9221 0.9221 0.9221
- val_non_f1:  0.6131 0.6111 0.6121

4096/4096 [==============================] - 1335s - loss: 0.2869 - val_loss: 0.9013
Epoch 116/1000
4032/4096 [============================>.] - ETA: 20s - loss: 0.3086
- val_loss: 0.8202
- val_all_f1:  0.6780 0.6762 0.6771
- val_exp_f1:  0.9079 0.8961 0.9020
- val_non_f1:  0.6230 0.6209 0.6219

4096/4096 [==============================] - 1392s - loss: 0.3071 - val_loss: 0.8202
Epoch 117/1000
4032/4096 [============================>.] - ETA: 19s - loss: 0.2792
- val_loss: 0.8802
- val_all_f1:  0.6789 0.6789 0.6789
- val_exp_f1:  0.9610 0.9610 0.9610
- val_non_f1:  0.6118 0.6078 0.6098

4096/4096 [==============================] - 1324s - loss: 0.2775 - val_loss: 0.8802
Epoch 118/1000
4032/4096 [============================>.] - ETA: 21s - loss: 0.2892
- val_loss: 0.8675
- val_all_f1:  0.7128 0.7128 0.7128
- val_exp_f1:  0.9351 0.9351 0.9351
- val_non_f1:  0.6590 0.6569 0.6579

4096/4096 [==============================] - 1415s - loss: 0.2919 - val_loss: 0.8675
Epoch 119/1000
4032/4096 [============================>.] - ETA: 20s - loss: 0.3156
- val_loss: 0.8408
- val_all_f1:  0.6580 0.6580 0.6580
- val_exp_f1:  0.9351 0.9351 0.9351
- val_non_f1:  0.5902 0.5882 0.5892

4096/4096 [==============================] - 1373s - loss: 0.3125 - val_loss: 0.8408
Epoch 120/1000
4032/4096 [============================>.] - ETA: 20s - loss: 0.3062
- val_loss: 0.8267
- val_all_f1:  0.6762 0.6762 0.6762
- val_exp_f1:  0.8831 0.8831 0.8831
- val_non_f1:  0.6262 0.6242 0.6252

4096/4096 [==============================] - 1391s - loss: 0.3044 - val_loss: 0.8267
Epoch 121/1000
4032/4096 [============================>.] - ETA: 20s - loss: 0.2665
- val_loss: 0.7937
- val_all_f1:  0.7102 0.7102 0.7102
- val_exp_f1:  0.9221 0.9221 0.9221
- val_non_f1:  0.6590 0.6569 0.6579

4096/4096 [==============================] - 1389s - loss: 0.2648 - val_loss: 0.7937
Epoch 122/1000
4032/4096 [============================>.] - ETA: 21s - loss: 0.2532
- val_loss: 0.8832
- val_all_f1:  0.6762 0.6762 0.6762
- val_exp_f1:  0.9091 0.9091 0.9091
- val_non_f1:  0.6197 0.6176 0.6187

4096/4096 [==============================] - 1411s - loss: 0.2509 - val_loss: 0.8832
Epoch 123/1000
4032/4096 [============================>.] - ETA: 21s - loss: 0.2598
- val_loss: 0.8653
- val_all_f1:  0.6762 0.6762 0.6762
- val_exp_f1:  0.9221 0.9221 0.9221
- val_non_f1:  0.6164 0.6144 0.6154

4096/4096 [==============================] - 1403s - loss: 0.2637 - val_loss: 0.8653
Epoch 124/1000
4032/4096 [============================>.] - ETA: 21s - loss: 0.2525
- val_loss: 0.8863
- val_all_f1:  0.6841 0.6841 0.6841
- val_exp_f1:  0.9091 0.9091 0.9091
- val_non_f1:  0.6275 0.6275 0.6275

4096/4096 [==============================] - 1405s - loss: 0.2539 - val_loss: 0.8863
Epoch 125/1000
4032/4096 [============================>.] - ETA: 20s - loss: 0.3173
- val_loss: 0.8561
- val_all_f1:  0.6789 0.6789 0.6789
- val_exp_f1:  0.8701 0.8701 0.8701
- val_non_f1:  0.6328 0.6307 0.6318

4096/4096 [==============================] - 1362s - loss: 0.3174 - val_loss: 0.8561
Epoch 126/1000
4032/4096 [============================>.] - ETA: 20s - loss: 0.2816
- val_loss: 0.9077
- val_all_f1:  0.6501 0.6501 0.6501
- val_exp_f1:  0.8831 0.8831 0.8831
- val_non_f1:  0.5934 0.5915 0.5925

4096/4096 [==============================] - 1398s - loss: 0.2795 - val_loss: 0.9077
Epoch 127/1000
4032/4096 [============================>.] - ETA: 20s - loss: 0.2965
- val_loss: 0.8565
- val_all_f1:  0.6710 0.6710 0.6710
- val_exp_f1:  0.9610 0.9610 0.9610
- val_non_f1:  0.6000 0.5980 0.5990

4096/4096 [==============================] - 1376s - loss: 0.2946 - val_loss: 0.8565
Epoch 128/1000
4032/4096 [============================>.] - ETA: 20s - loss: 0.3201
- val_loss: 0.8422
- val_all_f1:  0.6789 0.6789 0.6789
- val_exp_f1:  0.8701 0.8701 0.8701
- val_non_f1:  0.6328 0.6307 0.6318

4096/4096 [==============================] - 1377s - loss: 0.3223 - val_loss: 0.8422
Epoch 129/1000
4032/4096 [============================>.] - ETA: 20s - loss: 0.2995
- val_loss: 0.8401
- val_all_f1:  0.6580 0.6580 0.6580
- val_exp_f1:  0.9481 0.9481 0.9481
- val_non_f1:  0.5888 0.5850 0.5869

4096/4096 [==============================] - 1339s - loss: 0.2978 - val_loss: 0.8401
Epoch 130/1000
4032/4096 [============================>.] - ETA: 20s - loss: 0.2851
- val_loss: 0.8197
- val_all_f1:  0.6859 0.6841 0.6850
- val_exp_f1:  0.8684 0.8571 0.8627
- val_non_f1:  0.6426 0.6405 0.6416

4096/4096 [==============================] - 1379s - loss: 0.2857 - val_loss: 0.8197
Epoch 131/1000
4032/4096 [============================>.] - ETA: 20s - loss: 0.2559
- val_loss: 0.8926
- val_all_f1:  0.6841 0.6841 0.6841
- val_exp_f1:  0.9481 0.9481 0.9481
- val_non_f1:  0.6197 0.6176 0.6187

4096/4096 [==============================] - 1375s - loss: 0.2600 - val_loss: 0.8926
Epoch 132/1000
4032/4096 [============================>.] - ETA: 20s - loss: 0.2789
- val_loss: 0.8043
- val_all_f1:  0.6997 0.6997 0.6997
- val_exp_f1:  0.9351 0.9351 0.9351
- val_non_f1:  0.6405 0.6405 0.6405

4096/4096 [==============================] - 1398s - loss: 0.2817 - val_loss: 0.8043
Epoch 133/1000
4032/4096 [============================>.] - ETA: 21s - loss: 0.2740
- val_loss: 0.8453
- val_all_f1:  0.7050 0.7050 0.7050
- val_exp_f1:  0.9221 0.9221 0.9221
- val_non_f1:  0.6525 0.6503 0.6514

4096/4096 [==============================] - 1466s - loss: 0.2743 - val_loss: 0.8453
Epoch 134/1000
4032/4096 [============================>.] - ETA: 23s - loss: 0.2817
- val_loss: 0.8346
- val_all_f1:  0.6971 0.6971 0.6971
- val_exp_f1:  0.8701 0.8701 0.8701
- val_non_f1:  0.6557 0.6536 0.6547

4096/4096 [==============================] - 1557s - loss: 0.2861 - val_loss: 0.8346
Epoch 135/1000
4032/4096 [============================>.] - ETA: 22s - loss: 0.2880
- val_loss: 0.8180
- val_all_f1:  0.6997 0.6997 0.6997
- val_exp_f1:  0.9091 0.9091 0.9091
- val_non_f1:  0.6513 0.6471 0.6492

4096/4096 [==============================] - 1503s - loss: 0.2902 - val_loss: 0.8180
Epoch 136/1000
4032/4096 [============================>.] - ETA: 22s - loss: 0.2556
- val_loss: 0.8256
- val_all_f1:  0.6919 0.6919 0.6919
- val_exp_f1:  0.9221 0.9221 0.9221
- val_non_f1:  0.6361 0.6340 0.6350

4096/4096 [==============================] - 1479s - loss: 0.2546 - val_loss: 0.8256
Epoch 137/1000
4032/4096 [============================>.] - ETA: 22s - loss: 0.2600
- val_loss: 0.8470
- val_all_f1:  0.7023 0.7023 0.7023
- val_exp_f1:  0.9221 0.9221 0.9221
- val_non_f1:  0.6513 0.6471 0.6492

4096/4096 [==============================] - 1516s - loss: 0.2599 - val_loss: 0.8470
Epoch 138/1000
4032/4096 [============================>.] - ETA: 23s - loss: 0.2934
- val_loss: 0.8466
- val_all_f1:  0.6815 0.6815 0.6815
- val_exp_f1:  0.9351 0.9351 0.9351
- val_non_f1:  0.6197 0.6176 0.6187

4096/4096 [==============================] - 1565s - loss: 0.2929 - val_loss: 0.8466
Epoch 139/1000
4032/4096 [============================>.] - ETA: 23s - loss: 0.3049
- val_loss: 0.8412
- val_all_f1:  0.6893 0.6893 0.6893
- val_exp_f1:  0.9091 0.9091 0.9091
- val_non_f1:  0.6382 0.6340 0.6361

4096/4096 [==============================] - 1576s - loss: 0.3049 - val_loss: 0.8412
Epoch 140/1000
4032/4096 [============================>.] - ETA: 22s - loss: 0.2572
- val_loss: 0.8829
- val_all_f1:  0.6710 0.6710 0.6710
- val_exp_f1:  0.9351 0.9351 0.9351
- val_non_f1:  0.6066 0.6046 0.6056

4096/4096 [==============================] - 1524s - loss: 0.2547 - val_loss: 0.8829
Epoch 141/1000
4032/4096 [============================>.] - ETA: 22s - loss: 0.2681
- val_loss: 0.9432
- val_all_f1:  0.6501 0.6501 0.6501
- val_exp_f1:  0.9351 0.9351 0.9351
- val_non_f1:  0.5803 0.5784 0.5794

4096/4096 [==============================] - 1488s - loss: 0.2661 - val_loss: 0.9432
Epoch 142/1000
4032/4096 [============================>.] - ETA: 22s - loss: 0.2655
- val_loss: 0.8550
- val_all_f1:  0.6945 0.6945 0.6945
- val_exp_f1:  0.9221 0.9221 0.9221
- val_non_f1:  0.6393 0.6373 0.6383

4096/4096 [==============================] - 1486s - loss: 0.2644 - val_loss: 0.8550
Epoch 143/1000
4032/4096 [============================>.] - ETA: 22s - loss: 0.2687
- val_loss: 0.8638
- val_all_f1:  0.6893 0.6893 0.6893
- val_exp_f1:  0.9221 0.9221 0.9221
- val_non_f1:  0.6307 0.6307 0.6307

4096/4096 [==============================] - 1495s - loss: 0.2711 - val_loss: 0.8638
Epoch 144/1000
4032/4096 [============================>.] - ETA: 21s - loss: 0.2651
- val_loss: 0.8708
- val_all_f1:  0.7102 0.7102 0.7102
- val_exp_f1:  0.9091 0.9091 0.9091
- val_non_f1:  0.6623 0.6601 0.6612

4096/4096 [==============================] - 1448s - loss: 0.2636 - val_loss: 0.8708
Epoch 145/1000
4032/4096 [============================>.] - ETA: 21s - loss: 0.2568
- val_loss: 0.9327
- val_all_f1:  0.6501 0.6501 0.6501
- val_exp_f1:  0.9221 0.9221 0.9221
- val_non_f1:  0.5836 0.5817 0.5827

4096/4096 [==============================] - 1428s - loss: 0.2578 - val_loss: 0.9327
[2019-03-08 09:54] training finished (ex/conll16st-v35nodropout-zhch)
[2019-03-08 09:54] best_val_loss: 97 - loss: 0.3232 - val_loss: 0.7747 - val_all_f1: 0.6710 - val_exp_f1: 0.8831 - val_non_f1: 0.6187
[2019-03-08 09:54] best_val_all_f1: 43 - loss: 0.3578 - val_loss: 0.8174 - val_all_f1: 0.7154 - val_exp_f1: 0.8831 - val_non_f1: 0.6765
[2019-03-08 09:54] time: loaded: 4.7411 - prepared: 1891.6462 - trained: 227904.3509 - epoch: 15717.5414 - epoch_cnt: 14.5000 - epoch_samples: 40960.0000
