[2019-03-10 14:25] configuration (ex/conll16st-v35noshare-zhch/blind)
[2019-03-10 14:25]   config 'arg1_len': 900
[2019-03-10 14:25]   config 'arg2_len': 900
[2019-03-10 14:25]   config 'backend': theano
[2019-03-10 14:25]   config 'backend_theano': device=cpu
[2019-03-10 14:25]   config 'batch_size': 64
[2019-03-10 14:25]   config 'conn_len': 20
[2019-03-10 14:25]   config 'dataset_dir': data/conll16st-zh-04-27-2016-blind-test
[2019-03-10 14:25]   config 'filter_fn_name': None
[2019-03-10 14:25]   config 'input_size': None
[2019-03-10 14:25]   config 'lang': zh
[2019-03-10 14:25]   config 'mode': char
[2019-03-10 14:25]   config 'model_dir': ex/conll16st-v35noshare-zhch
[2019-03-10 14:25]   config 'normalization_mode': sample_aspect
[2019-03-10 14:25]   config 'output_dir': ex/conll16st-v35noshare-zhch/blind
[2019-03-10 14:25]   config 'punc_len': 2
[2019-03-10 14:25]   config 'rest': ['--words_shared=span', '--filter_shared=span', '--rnn_shared=none']
[2019-03-10 14:25]   config 'snapshot_size': 2048
[2019-03-10 14:25] load dataset for prediction (data/conll16st-zh-04-27-2016-blind-test)
[2019-03-10 14:25]   lang: zh, rel_ids: 2101
[2019-03-10 14:25] load previous indexes (ex/conll16st-v35noshare-zhch/indexes.pkl)
[2019-03-10 14:25]   words2id: 2859, target2id: 12
[2019-03-10 14:25] load model (ex/conll16st-v35noshare-zhch)
[2019-03-10 14:26] load previous weights (ex/conll16st-v35noshare-zhch/weights_val_all_f1.hdf5)
[2019-03-10 14:26] make predictions
[2019-03-10 14:30] save predictions (ex/conll16st-v35noshare-zhch/blind/output.json)
[2019-03-10 14:30] save predictions (ex/conll16st-v35noshare-zhch/blind/output_proba.json)
[2019-03-10 14:30] peek into filtering weights (ex/conll16st-v35noshare-zhch/blind/peek.html)
[2019-03-10 14:38] finished (ex/conll16st-v35noshare-zhch/blind)
[2019-03-10 14:38] time: loaded: 0.5364 - prepared: 5.7225 - predicted: 236.9056
