[2019-04-23 11:12] configuration (ex/conll16st-v35-ench-fd-8-rn-8-0/blind)
[2019-04-23 11:12]   config 'arg1_len': 400
[2019-04-23 11:12]   config 'arg2_len': 400
[2019-04-23 11:12]   config 'backend': theano
[2019-04-23 11:12]   config 'backend_theano': device=cpu
[2019-04-23 11:12]   config 'batch_size': 64
[2019-04-23 11:12]   config 'conn_len': 20
[2019-04-23 11:12]   config 'dataset_dir': data/conll15st-en-03-29-16-blind-test
[2019-04-23 11:12]   config 'filter_fn_name': None
[2019-04-23 11:12]   config 'input_size': None
[2019-04-23 11:12]   config 'lang': en
[2019-04-23 11:12]   config 'mode': char
[2019-04-23 11:12]   config 'model_dir': ex/conll16st-v35-ench-fd-8-rn-8-0
[2019-04-23 11:12]   config 'normalization_mode': sample_aspect
[2019-04-23 11:12]   config 'output_dir': ex/conll16st-v35-ench-fd-8-rn-8-0/blind
[2019-04-23 11:12]   config 'punc_len': 0
[2019-04-23 11:12]   config 'rest': ['--filter_dim=8', '--rnn_num=8']
[2019-04-23 11:12]   config 'snapshot_size': 2048
[2019-04-23 11:12] load dataset for prediction (data/conll15st-en-03-29-16-blind-test)
[2019-04-23 11:12]   lang: en, rel_ids: 1209
[2019-04-23 11:12] load previous indexes (ex/conll16st-v35-ench-fd-8-rn-8-0/indexes.pkl)
[2019-04-23 11:12]   words2id: 87, target2id: 23
[2019-04-23 11:12] load model (ex/conll16st-v35-ench-fd-8-rn-8-0)
[2019-04-23 11:12] load previous weights (ex/conll16st-v35-ench-fd-8-rn-8-0/weights_val_all_f1.hdf5)
[2019-04-23 11:12] make predictions
[2019-04-23 11:13] save predictions (ex/conll16st-v35-ench-fd-8-rn-8-0/blind/output.json)
[2019-04-23 11:13] save predictions (ex/conll16st-v35-ench-fd-8-rn-8-0/blind/output_proba.json)
[2019-04-23 11:13] peek into filtering weights (ex/conll16st-v35-ench-fd-8-rn-8-0/blind/peek.html)
[2019-04-23 11:15] finished (ex/conll16st-v35-ench-fd-8-rn-8-0/blind)
[2019-04-23 11:15] time: loaded: 0.1764 - prepared: 2.0393 - predicted: 38.3133
