[2017-06-26 12:57] configuration (ex/conll16st-v35b1-zh-default-0/blind)
[2017-06-26 12:57]   config 'arg1_len': 500
[2017-06-26 12:57]   config 'arg2_len': 500
[2017-06-26 12:57]   config 'backend': theano
[2017-06-26 12:57]   config 'backend_theano': device=gpu,floatX=float32,nvcc.fastmath=True,lib.cnmem=0.45
[2017-06-26 12:57]   config 'batch_size': 64
[2017-06-26 12:57]   config 'conn_len': 10
[2017-06-26 12:57]   config 'dataset_dir': data/conll16st-zh-04-27-2016-blind-test
[2017-06-26 12:57]   config 'filter_fn_name': None
[2017-06-26 12:57]   config 'lang': zh
[2017-06-26 12:57]   config 'mode': word
[2017-06-26 12:57]   config 'model_dir': ex/conll16st-v35b1-zh-default-0
[2017-06-26 12:57]   config 'normalization_mode': sample_aspect
[2017-06-26 12:57]   config 'output_dir': ex/conll16st-v35b1-zh-default-0/blind
[2017-06-26 12:57]   config 'punc_len': 2
[2017-06-26 12:57]   config 'rest': []
[2017-06-26 12:57]   config 'snapshot_size': 2048
[2017-06-26 12:57] load dataset for prediction (data/conll16st-zh-04-27-2016-blind-test)
[2017-06-26 12:57]   lang: zh, doc_ids: 64, words: 29892, rel_ids: 2101, relation tokens: 82465
[2017-06-26 12:57] load previous indexes (ex/conll16st-v35b1-zh-default-0/indexes.pkl)
[2017-06-26 12:57]   words2id: 14785, target2id: 12
[2017-06-26 12:57] load model (ex/conll16st-v35b1-zh-default-0)
[2017-06-26 12:57] load previous weights (ex/conll16st-v35b1-zh-default-0/weights_val_all_f1.hdf5)
[2017-06-26 12:57] prediction preparation
[2017-06-26 12:57] make predictions (ex/conll16st-v35b1-zh-default-0/blind/output.json)
[2017-06-26 12:58] peek into filtering weights (ex/conll16st-v35b1-zh-default-0/blind/peek.html)
[2017-06-26 13:04] finished (ex/conll16st-v35b1-zh-default-0/blind)
