[2019-03-25 15:39] configuration (ex/conll16st-v35noshare-ench/blind)
[2019-03-25 15:39]   config 'arg1_len': 400
[2019-03-25 15:39]   config 'arg2_len': 400
[2019-03-25 15:39]   config 'backend': theano
[2019-03-25 15:39]   config 'backend_theano': device=cpu
[2019-03-25 15:39]   config 'batch_size': 64
[2019-03-25 15:39]   config 'conn_len': 20
[2019-03-25 15:39]   config 'dataset_dir': data/conll15st-en-03-29-16-blind-test
[2019-03-25 15:39]   config 'filter_fn_name': None
[2019-03-25 15:39]   config 'input_size': None
[2019-03-25 15:39]   config 'lang': en
[2019-03-25 15:39]   config 'mode': char
[2019-03-25 15:39]   config 'model_dir': ex/conll16st-v35noshare-ench
[2019-03-25 15:39]   config 'normalization_mode': sample_aspect
[2019-03-25 15:39]   config 'output_dir': ex/conll16st-v35noshare-ench/blind
[2019-03-25 15:39]   config 'punc_len': 0
[2019-03-25 15:39]   config 'rest': ['--filter_dim=8', '--rnn_num=8', '--words_shared=span', '--filter_shared=span', '--rnn_shared=none']
[2019-03-25 15:39]   config 'snapshot_size': 2048
[2019-03-25 15:39] load dataset for prediction (data/conll15st-en-03-29-16-blind-test)
[2019-03-25 15:39]   lang: en, rel_ids: 1209
[2019-03-25 15:39] load previous indexes (ex/conll16st-v35noshare-ench/indexes.pkl)
[2019-03-25 15:39]   words2id: 87, target2id: 23
[2019-03-25 15:39] load model (ex/conll16st-v35noshare-ench)
[2019-03-25 15:39] load previous weights (ex/conll16st-v35noshare-ench/weights_val_all_f1.hdf5)
[2019-03-25 15:39] make predictions
[2019-03-25 15:40] save predictions (ex/conll16st-v35noshare-ench/blind/output.json)
[2019-03-25 15:40] save predictions (ex/conll16st-v35noshare-ench/blind/output_proba.json)
[2019-03-25 15:40] peek into filtering weights (ex/conll16st-v35noshare-ench/blind/peek.html)
[2019-03-25 15:42] finished (ex/conll16st-v35noshare-ench/blind)
[2019-03-25 15:42] time: loaded: 0.1949 - prepared: 2.3567 - predicted: 51.1004
