[2017-07-05 21:42] configuration (ex/conll16st-v35b1-ench-fd-8-rn-8-0)
[2017-07-05 21:42]   config 'arg1_len': 400
[2017-07-05 21:42]   config 'arg2_len': 400
[2017-07-05 21:42]   config 'backend': theano
[2017-07-05 21:42]   config 'backend_theano': device=gpu,floatX=float32,nvcc.fastmath=True,lib.cnmem=0.45
[2017-07-05 21:42]   config 'batch_size': 64
[2017-07-05 21:42]   config 'conn_len': 20
[2017-07-05 21:42]   config 'continue_': False
[2017-07-05 21:42]   config 'curriculum_end': 0.0
[2017-07-05 21:42]   config 'epochs': 1000
[2017-07-05 21:42]   config 'epochs_patience': 100
[2017-07-05 21:42]   config 'epochs_ratio': 0.1
[2017-07-05 21:42]   config 'filter_act': sigmoid
[2017-07-05 21:42]   config 'filter_append_act': linear
[2017-07-05 21:42]   config 'filter_append_batchnorm': False
[2017-07-05 21:42]   config 'filter_append_dim': 0
[2017-07-05 21:42]   config 'filter_append_dropout': 0.0
[2017-07-05 21:42]   config 'filter_apply': mul
[2017-07-05 21:42]   config 'filter_dim': 8
[2017-07-05 21:42]   config 'filter_dropout_U': 0.0
[2017-07-05 21:42]   config 'filter_dropout_W': 0.0
[2017-07-05 21:42]   config 'filter_fn_name': None
[2017-07-05 21:42]   config 'filter_shared': global
[2017-07-05 21:42]   config 'filter_type': lstm-fb
[2017-07-05 21:42]   config 'filter_zoneout_c': 0.0
[2017-07-05 21:42]   config 'filter_zoneout_h': 0.0
[2017-07-05 21:42]   config 'final_act': SReLU
[2017-07-05 21:42]   config 'final_dim': 80
[2017-07-05 21:42]   config 'final_dropout': 0.3
[2017-07-05 21:42]   config 'lang': en
[2017-07-05 21:42]   config 'masking': True
[2017-07-05 21:42]   config 'mode': char
[2017-07-05 21:42]   config 'model_dir': ex/conll16st-v35b1-ench-fd-8-rn-8-0
[2017-07-05 21:42]   config 'optimizer': adam
[2017-07-05 21:42]   config 'original_positives': 0
[2017-07-05 21:42]   config 'punc_len': 0
[2017-07-05 21:42]   config 'random_negatives': 2
[2017-07-05 21:42]   config 'random_positives': 2
[2017-07-05 21:42]   config 'random_proba_1': 0.1
[2017-07-05 21:42]   config 'random_proba_2': 0.1
[2017-07-05 21:42]   config 'random_proba_3': 0.9
[2017-07-05 21:42]   config 'rnn_act': tanh
[2017-07-05 21:42]   config 'rnn_dim': 20
[2017-07-05 21:42]   config 'rnn_dropout_U': 0.0
[2017-07-05 21:42]   config 'rnn_dropout_W': 0.0
[2017-07-05 21:42]   config 'rnn_dropout_merge': 0.3
[2017-07-05 21:42]   config 'rnn_merge': concat
[2017-07-05 21:42]   config 'rnn_num': 8
[2017-07-05 21:42]   config 'rnn_shared': aspect
[2017-07-05 21:42]   config 'rnn_type': lstm-fwd
[2017-07-05 21:42]   config 'rnn_zoneout_c': 0.0
[2017-07-05 21:42]   config 'rnn_zoneout_h': 0.0
[2017-07-05 21:42]   config 'snapshot_size': 2048
[2017-07-05 21:42]   config 'train_dir': data/conll16st-en-03-29-16-train
[2017-07-05 21:42]   config 'valid_dir': data/conll16st-en-03-29-16-dev
[2017-07-05 21:42]   config 'words2vec_bin': None
[2017-07-05 21:42]   config 'words2vec_txt': None
[2017-07-05 21:42]   config 'words_dim': 20
[2017-07-05 21:42]   config 'words_dropout': 0.3
[2017-07-05 21:42]   config 'words_shared': global
[2017-07-05 21:42]   config 'words_trainable': True
[2017-07-05 21:42] load dataset for training (data/conll16st-en-03-29-16-train)
[2017-07-05 21:42]   lang: en, rel_ids: 32535
[2017-07-05 21:42] load dataset for validation (data/conll16st-en-03-29-16-dev)
[2017-07-05 21:42]   lang: en, rel_ids: 1436
[2017-07-05 21:42] build indexes from training
[2017-07-05 21:42]   words2id: 87, target2id: 52
[2017-07-05 21:42] target class distribution from training
[2017-07-05 21:42]   class 0 = 'None': None
[2017-07-05 21:42]   class 1 = '': None
[2017-07-05 21:42]   class 2 = 'Explicit:Expansion.Conjunction': 4414
[2017-07-05 21:42]   class 3 = 'EntRel:EntRel': 4133
[2017-07-05 21:42]   class 4 = 'Implicit:Expansion.Conjunction': 3308
[2017-07-05 21:42]   class 5 = 'Explicit:Comparison.Contrast': 3024
[2017-07-05 21:42]   class 6 = 'Implicit:Expansion.Restatement': 2514
[2017-07-05 21:42]   class 7 = 'Implicit:Contingency.Cause.Reason': 2098
[2017-07-05 21:42]   class 8 = 'Implicit:Comparison.Contrast': 1657
[2017-07-05 21:42]   class 9 = 'Implicit:Contingency.Cause.Result': 1389
[2017-07-05 21:42]   class 10 = 'Explicit:Temporal.Synchrony': 1271
[2017-07-05 21:42]   class 11 = 'Explicit:Contingency.Condition': 1193
[2017-07-05 21:42]   class 12 = 'Explicit:Contingency.Cause.Reason': 1168
[2017-07-05 21:42]   class 13 = 'Implicit:Expansion.Instantiation': 1134
[2017-07-05 21:42]   class 14 = 'Explicit:Comparison.Concession': 1093
[2017-07-05 21:42]   class 15 = 'Explicit:Temporal.Asynchronous.Succession': 870
[2017-07-05 21:42]   class 16 = 'Explicit:Temporal.Asynchronous.Precedence': 801
[2017-07-05 21:42]   class 17 = 'Explicit:Comparison': 702
[2017-07-05 21:42]   class 18 = 'Explicit:Contingency.Cause.Result': 601
[2017-07-05 21:42]   class 19 = 'Implicit:Expansion': 462
[2017-07-05 21:42]   class 20 = 'Implicit:Temporal.Asynchronous.Precedence': 433
[2017-07-05 21:42]   class 21 = 'Implicit:Comparison': 290
[2017-07-05 21:42]   class 22 = 'Explicit:Expansion.Instantiation': 236
[2017-07-05 21:42]   class 23 = 'Implicit:Temporal.Synchrony': 212
[2017-07-05 21:42]   class 24 = 'Explicit:Expansion.Alternative': 198
[2017-07-05 21:42]   class 25 = 'Implicit:Comparison.Concession': 196
[2017-07-05 21:42]   class 26 = 'Explicit:Expansion': 156
[2017-07-05 21:42]   class 27 = 'AltLex:Contingency.Cause.Result': 147
[2017-07-05 21:42]   class 28 = 'Implicit:Expansion.Alternative.Chosen alternative': 142
[2017-07-05 21:42]   class 29 = 'Explicit:Expansion.Restatement': 126
[2017-07-05 21:42]   class 30 = 'Implicit:Temporal.Asynchronous.Succession': 125
[2017-07-05 21:42]   class 31 = 'Explicit:Expansion.Alternative.Chosen alternative': 99
[2017-07-05 21:42]   class 32 = 'AltLex:Expansion.Conjunction': 95
[2017-07-05 21:42]   class 33 = 'AltLex:Contingency.Cause.Reason': 78
[2017-07-05 21:42]   class 34 = 'AltLex:Expansion.Restatement': 59
[2017-07-05 21:42]   class 35 = 'AltLex:Temporal.Asynchronous.Precedence': 43
[2017-07-05 21:42]   class 36 = 'AltLex:Comparison.Contrast': 33
[2017-07-05 21:42]   class 37 = 'AltLex:Expansion.Instantiation': 33
[2017-07-05 21:42]   class 38 = 'Explicit:Temporal': 24
[2017-07-05 21:42]   class 39 = 'AltLex:Temporal.Asynchronous.Succession': 19
[2017-07-05 21:42]   class 40 = 'AltLex:Temporal.Synchrony': 16
[2017-07-05 21:42]   class 41 = 'Explicit:Contingency': 15
[2017-07-05 21:42]   class 42 = 'Explicit:Expansion.Exception': 13
[2017-07-05 21:42]   class 43 = 'Implicit:Expansion.Alternative': 12
[2017-07-05 21:42]   class 44 = 'AltLex:Expansion': 12
[2017-07-05 21:42]   class 45 = 'Implicit:Contingency': 9
[2017-07-05 21:42]   class 46 = 'Explicit:Temporal.Asynchronous': 6
[2017-07-05 21:42]   class 47 = 'AltLex:Comparison.Concession': 4
[2017-07-05 21:42]   class 48 = 'Implicit:Temporal': 3
[2017-07-05 21:42]   class 49 = 'AltLex:Contingency.Condition': 2
[2017-07-05 21:42]   class 50 = 'Implicit:Contingency.Cause': 2
[2017-07-05 21:42]   class 51 = 'Implicit:Contingency.Condition': 2
[2017-07-05 21:42] build model
____________________________________________________________________________________________________
Layer (type)                     Output Shape          Param #     Connected to                     
====================================================================================================
arg1_ids (InputLayer)            (None, 400)           0                                            
____________________________________________________________________________________________________
arg2_ids (InputLayer)            (None, 400)           0                                            
____________________________________________________________________________________________________
conn_ids (InputLayer)            (None, 20)            0                                            
____________________________________________________________________________________________________
embedding_1 (Embedding)          multiple              1740        arg1_ids[0][0]                   
                                                                   arg2_ids[0][0]                   
                                                                   conn_ids[0][0]                   
____________________________________________________________________________________________________
shareablelstm_1 (ShareableLSTM)  multiple              928         embedding_1[0][0]                
                                                                   embedding_1[1][0]                
                                                                   embedding_1[2][0]                
____________________________________________________________________________________________________
shareablelstm_2 (ShareableLSTM)  multiple              928         embedding_1[0][0]                
                                                                   embedding_1[1][0]                
                                                                   embedding_1[2][0]                
____________________________________________________________________________________________________
merge_1 (Merge)                  (None, 400, 8)        0           shareablelstm_1[0][0]            
                                                                   shareablelstm_2[0][0]            
____________________________________________________________________________________________________
merge_11 (Merge)                 (None, 400, 8)        0           shareablelstm_1[1][0]            
                                                                   shareablelstm_2[1][0]            
____________________________________________________________________________________________________
merge_21 (Merge)                 (None, 20, 8)         0           shareablelstm_1[2][0]            
                                                                   shareablelstm_2[2][0]            
____________________________________________________________________________________________________
arg1_filters (Activation)        (None, 400, 8)        0           merge_1[0][0]                    
____________________________________________________________________________________________________
arg2_filters (Activation)        (None, 400, 8)        0           merge_11[0][0]                   
____________________________________________________________________________________________________
conn_filters (Activation)        (None, 20, 8)         0           merge_21[0][0]                   
____________________________________________________________________________________________________
merge_2 (Merge)                  (None, 400, 20)       0           embedding_1[0][0]                
                                                                   arg1_filters[0][0]               
____________________________________________________________________________________________________
merge_3 (Merge)                  (None, 400, 20)       0           embedding_1[0][0]                
                                                                   arg1_filters[0][0]               
____________________________________________________________________________________________________
merge_4 (Merge)                  (None, 400, 20)       0           embedding_1[0][0]                
                                                                   arg1_filters[0][0]               
____________________________________________________________________________________________________
merge_5 (Merge)                  (None, 400, 20)       0           embedding_1[0][0]                
                                                                   arg1_filters[0][0]               
____________________________________________________________________________________________________
merge_6 (Merge)                  (None, 400, 20)       0           embedding_1[0][0]                
                                                                   arg1_filters[0][0]               
____________________________________________________________________________________________________
merge_7 (Merge)                  (None, 400, 20)       0           embedding_1[0][0]                
                                                                   arg1_filters[0][0]               
____________________________________________________________________________________________________
merge_8 (Merge)                  (None, 400, 20)       0           embedding_1[0][0]                
                                                                   arg1_filters[0][0]               
____________________________________________________________________________________________________
merge_9 (Merge)                  (None, 400, 20)       0           embedding_1[0][0]                
                                                                   arg1_filters[0][0]               
____________________________________________________________________________________________________
merge_12 (Merge)                 (None, 400, 20)       0           embedding_1[1][0]                
                                                                   arg2_filters[0][0]               
____________________________________________________________________________________________________
merge_13 (Merge)                 (None, 400, 20)       0           embedding_1[1][0]                
                                                                   arg2_filters[0][0]               
____________________________________________________________________________________________________
merge_14 (Merge)                 (None, 400, 20)       0           embedding_1[1][0]                
                                                                   arg2_filters[0][0]               
____________________________________________________________________________________________________
merge_15 (Merge)                 (None, 400, 20)       0           embedding_1[1][0]                
                                                                   arg2_filters[0][0]               
____________________________________________________________________________________________________
merge_16 (Merge)                 (None, 400, 20)       0           embedding_1[1][0]                
                                                                   arg2_filters[0][0]               
____________________________________________________________________________________________________
merge_17 (Merge)                 (None, 400, 20)       0           embedding_1[1][0]                
                                                                   arg2_filters[0][0]               
____________________________________________________________________________________________________
merge_18 (Merge)                 (None, 400, 20)       0           embedding_1[1][0]                
                                                                   arg2_filters[0][0]               
____________________________________________________________________________________________________
merge_19 (Merge)                 (None, 400, 20)       0           embedding_1[1][0]                
                                                                   arg2_filters[0][0]               
____________________________________________________________________________________________________
merge_22 (Merge)                 (None, 20, 20)        0           embedding_1[2][0]                
                                                                   conn_filters[0][0]               
____________________________________________________________________________________________________
merge_23 (Merge)                 (None, 20, 20)        0           embedding_1[2][0]                
                                                                   conn_filters[0][0]               
____________________________________________________________________________________________________
merge_24 (Merge)                 (None, 20, 20)        0           embedding_1[2][0]                
                                                                   conn_filters[0][0]               
____________________________________________________________________________________________________
merge_25 (Merge)                 (None, 20, 20)        0           embedding_1[2][0]                
                                                                   conn_filters[0][0]               
____________________________________________________________________________________________________
merge_26 (Merge)                 (None, 20, 20)        0           embedding_1[2][0]                
                                                                   conn_filters[0][0]               
____________________________________________________________________________________________________
merge_27 (Merge)                 (None, 20, 20)        0           embedding_1[2][0]                
                                                                   conn_filters[0][0]               
____________________________________________________________________________________________________
merge_28 (Merge)                 (None, 20, 20)        0           embedding_1[2][0]                
                                                                   conn_filters[0][0]               
____________________________________________________________________________________________________
merge_29 (Merge)                 (None, 20, 20)        0           embedding_1[2][0]                
                                                                   conn_filters[0][0]               
____________________________________________________________________________________________________
shareablelstm_3 (ShareableLSTM)  (None, 20)            3280        merge_2[0][0]                    
                                                                   merge_12[0][0]                   
                                                                   merge_22[0][0]                   
____________________________________________________________________________________________________
shareablelstm_5 (ShareableLSTM)  (None, 20)            3280        merge_3[0][0]                    
                                                                   merge_13[0][0]                   
                                                                   merge_23[0][0]                   
____________________________________________________________________________________________________
shareablelstm_7 (ShareableLSTM)  (None, 20)            3280        merge_4[0][0]                    
                                                                   merge_14[0][0]                   
                                                                   merge_24[0][0]                   
____________________________________________________________________________________________________
shareablelstm_9 (ShareableLSTM)  (None, 20)            3280        merge_5[0][0]                    
                                                                   merge_15[0][0]                   
                                                                   merge_25[0][0]                   
____________________________________________________________________________________________________
shareablelstm_11 (ShareableLSTM) (None, 20)            3280        merge_6[0][0]                    
                                                                   merge_16[0][0]                   
                                                                   merge_26[0][0]                   
____________________________________________________________________________________________________
shareablelstm_13 (ShareableLSTM) (None, 20)            3280        merge_7[0][0]                    
                                                                   merge_17[0][0]                   
                                                                   merge_27[0][0]                   
____________________________________________________________________________________________________
shareablelstm_15 (ShareableLSTM) (None, 20)            3280        merge_8[0][0]                    
                                                                   merge_18[0][0]                   
                                                                   merge_28[0][0]                   
____________________________________________________________________________________________________
shareablelstm_17 (ShareableLSTM) (None, 20)            3280        merge_9[0][0]                    
                                                                   merge_19[0][0]                   
                                                                   merge_29[0][0]                   
____________________________________________________________________________________________________
merge_10 (Merge)                 (None, 160)           0           shareablelstm_3[0][0]            
                                                                   shareablelstm_5[0][0]            
                                                                   shareablelstm_7[0][0]            
                                                                   shareablelstm_9[0][0]            
                                                                   shareablelstm_11[0][0]           
                                                                   shareablelstm_13[0][0]           
                                                                   shareablelstm_15[0][0]           
                                                                   shareablelstm_17[0][0]           
____________________________________________________________________________________________________
merge_20 (Merge)                 (None, 160)           0           shareablelstm_3[1][0]            
                                                                   shareablelstm_5[1][0]            
                                                                   shareablelstm_7[1][0]            
                                                                   shareablelstm_9[1][0]            
                                                                   shareablelstm_11[1][0]           
                                                                   shareablelstm_13[1][0]           
                                                                   shareablelstm_15[1][0]           
                                                                   shareablelstm_17[1][0]           
____________________________________________________________________________________________________
merge_30 (Merge)                 (None, 160)           0           shareablelstm_3[2][0]            
                                                                   shareablelstm_5[2][0]            
                                                                   shareablelstm_7[2][0]            
                                                                   shareablelstm_9[2][0]            
                                                                   shareablelstm_11[2][0]           
                                                                   shareablelstm_13[2][0]           
                                                                   shareablelstm_15[2][0]           
                                                                   shareablelstm_17[2][0]           
____________________________________________________________________________________________________
dropout_1 (Dropout)              (None, 160)           0           merge_10[0][0]                   
____________________________________________________________________________________________________
dropout_2 (Dropout)              (None, 160)           0           merge_20[0][0]                   
____________________________________________________________________________________________________
dropout_3 (Dropout)              (None, 160)           0           merge_30[0][0]                   
____________________________________________________________________________________________________
merge_31 (Merge)                 (None, 480)           0           dropout_1[0][0]                  
                                                                   dropout_2[0][0]                  
                                                                   dropout_3[0][0]                  
____________________________________________________________________________________________________
dense_1 (Dense)                  (None, 80)            38480       merge_31[0][0]                   
____________________________________________________________________________________________________
srelu_1 (SReLU)                  (None, 80)            320         dense_1[0][0]                    
____________________________________________________________________________________________________
dropout_4 (Dropout)              (None, 80)            0           srelu_1[0][0]                    
____________________________________________________________________________________________________
dense_2 (Dense)                  (None, 52)            4212        dropout_4[0][0]                  
____________________________________________________________________________________________________
target (Activation)              (None, 52)            0           dense_2[0][0]                    
====================================================================================================
Total params: 72,848
Trainable params: 72,848
Non-trainable params: 0
____________________________________________________________________________________________________
[2017-07-05 21:53] initialize weights
[2017-07-05 21:53] training preparation
[2017-07-05 21:53] train model (ex/conll16st-v35b1-ench-fd-8-rn-8-0)
Epoch 1/1000
12992/13056 [============================>.] - ETA: 2s - loss: 2.2505
- val_loss: 3.0354
- val_all_f1:  0.3239 0.3239 0.3239
- val_exp_f1:  0.3976 0.3976 0.3976
- val_non_f1:  0.2590 0.2590 0.2590

13056/13056 [==============================] - 573s - loss: 2.2477 - val_loss: 3.0354
Epoch 2/1000
12992/13056 [============================>.] - ETA: 2s - loss: 1.4215
- val_loss: 2.3775
- val_all_f1:  0.3700 0.3700 0.3700
- val_exp_f1:  0.4947 0.4947 0.4947
- val_non_f1:  0.2603 0.2603 0.2603

13056/13056 [==============================] - 573s - loss: 1.4212 - val_loss: 2.3775
Epoch 3/1000
12992/13056 [============================>.] - ETA: 2s - loss: 1.2852
- val_loss: 2.2447
- val_all_f1:  0.3303 0.3303 0.3303
- val_exp_f1:  0.5114 0.5114 0.5114
- val_non_f1:  0.1709 0.1709 0.1709

13056/13056 [==============================] - 572s - loss: 1.2849 - val_loss: 2.2447
Epoch 4/1000
12992/13056 [============================>.] - ETA: 2s - loss: 1.2494
- val_loss: 2.2319
- val_all_f1:  0.3757 0.3757 0.3757
- val_exp_f1:  0.5008 0.5008 0.5008
- val_non_f1:  0.2657 0.2657 0.2657

13056/13056 [==============================] - 572s - loss: 1.2496 - val_loss: 2.2319
Epoch 5/1000
12992/13056 [============================>.] - ETA: 2s - loss: 1.2017
- val_loss: 2.1664
- val_all_f1:  0.3778 0.3778 0.3778
- val_exp_f1:  0.5038 0.5038 0.5038
- val_non_f1:  0.2670 0.2670 0.2670

13056/13056 [==============================] - 572s - loss: 1.2001 - val_loss: 2.1664
Epoch 6/1000
12992/13056 [============================>.] - ETA: 2s - loss: 1.1767
- val_loss: 2.1080
- val_all_f1:  0.3963 0.3963 0.3963
- val_exp_f1:  0.5448 0.5448 0.5448
- val_non_f1:  0.2657 0.2657 0.2657

13056/13056 [==============================] - 572s - loss: 1.1774 - val_loss: 2.1080
Epoch 7/1000
12992/13056 [============================>.] - ETA: 2s - loss: 1.1543
- val_loss: 2.0543
- val_all_f1:  0.4134 0.4134 0.4134
- val_exp_f1:  0.5706 0.5706 0.5706
- val_non_f1:  0.2750 0.2750 0.2750

13056/13056 [==============================] - 572s - loss: 1.1544 - val_loss: 2.0543
Epoch 8/1000
12992/13056 [============================>.] - ETA: 2s - loss: 1.1336
- val_loss: 2.0285
- val_all_f1:  0.3842 0.3842 0.3842
- val_exp_f1:  0.5964 0.5964 0.5964
- val_non_f1:  0.1976 0.1976 0.1976

13056/13056 [==============================] - 572s - loss: 1.1351 - val_loss: 2.0285
Epoch 9/1000
12992/13056 [============================>.] - ETA: 2s - loss: 1.1038
- val_loss: 1.9856
- val_all_f1:  0.4318 0.4318 0.4318
- val_exp_f1:  0.6085 0.6085 0.6085
- val_non_f1:  0.2764 0.2764 0.2764

13056/13056 [==============================] - 572s - loss: 1.1046 - val_loss: 1.9856
Epoch 10/1000
12992/13056 [============================>.] - ETA: 2s - loss: 1.1104
- val_loss: 1.9137
- val_all_f1:  0.4375 0.4375 0.4375
- val_exp_f1:  0.6191 0.6191 0.6191
- val_non_f1:  0.2777 0.2777 0.2777

13056/13056 [==============================] - 571s - loss: 1.1091 - val_loss: 1.9137
Epoch 11/1000
12992/13056 [============================>.] - ETA: 2s - loss: 1.0509
- val_loss: 1.9111
- val_all_f1:  0.4467 0.4467 0.4467
- val_exp_f1:  0.6646 0.6646 0.6646
- val_non_f1:  0.2550 0.2550 0.2550

13056/13056 [==============================] - 572s - loss: 1.0521 - val_loss: 1.9111
Epoch 12/1000
12992/13056 [============================>.] - ETA: 2s - loss: 1.0647
- val_loss: 1.8991
- val_all_f1:  0.4567 0.4567 0.4567
- val_exp_f1:  0.6859 0.6859 0.6859
- val_non_f1:  0.2550 0.2550 0.2550

13056/13056 [==============================] - 572s - loss: 1.0640 - val_loss: 1.8991
Epoch 13/1000
12992/13056 [============================>.] - ETA: 2s - loss: 1.0720
- val_loss: 1.8841
- val_all_f1:  0.4702 0.4702 0.4702
- val_exp_f1:  0.6889 0.6889 0.6889
- val_non_f1:  0.2777 0.2777 0.2777

13056/13056 [==============================] - 572s - loss: 1.0725 - val_loss: 1.8841
Epoch 14/1000
12992/13056 [============================>.] - ETA: 2s - loss: 1.0474
- val_loss: 1.8325
- val_all_f1:  0.4347 0.4347 0.4347
- val_exp_f1:  0.7056 0.7056 0.7056
- val_non_f1:  0.1963 0.1963 0.1963

13056/13056 [==============================] - 572s - loss: 1.0487 - val_loss: 1.8325
Epoch 15/1000
12992/13056 [============================>.] - ETA: 2s - loss: 1.0279
- val_loss: 1.8756
- val_all_f1:  0.4474 0.4474 0.4474
- val_exp_f1:  0.6191 0.6191 0.6191
- val_non_f1:  0.2964 0.2964 0.2964

13056/13056 [==============================] - 572s - loss: 1.0277 - val_loss: 1.8756
Epoch 16/1000
12992/13056 [============================>.] - ETA: 2s - loss: 1.0124
- val_loss: 1.8540
- val_all_f1:  0.4624 0.4624 0.4624
- val_exp_f1:  0.6525 0.6525 0.6525
- val_non_f1:  0.2951 0.2951 0.2951

13056/13056 [==============================] - 572s - loss: 1.0119 - val_loss: 1.8540
Epoch 17/1000
12992/13056 [============================>.] - ETA: 2s - loss: 1.0018
- val_loss: 1.8316
- val_all_f1:  0.4219 0.4219 0.4219
- val_exp_f1:  0.6859 0.6859 0.6859
- val_non_f1:  0.1896 0.1896 0.1896

13056/13056 [==============================] - 572s - loss: 1.0028 - val_loss: 1.8316
Epoch 18/1000
12992/13056 [============================>.] - ETA: 2s - loss: 1.0271
- val_loss: 1.7998
- val_all_f1:  0.4261 0.4261 0.4261
- val_exp_f1:  0.7026 0.7026 0.7026
- val_non_f1:  0.1829 0.1829 0.1829

13056/13056 [==============================] - 572s - loss: 1.0271 - val_loss: 1.7998
Epoch 19/1000
12992/13056 [============================>.] - ETA: 2s - loss: 1.0140
- val_loss: 1.8464
- val_all_f1:  0.4979 0.4979 0.4979
- val_exp_f1:  0.7360 0.7360 0.7360
- val_non_f1:  0.2884 0.2884 0.2884

13056/13056 [==============================] - 572s - loss: 1.0132 - val_loss: 1.8464
Epoch 20/1000
12992/13056 [============================>.] - ETA: 2s - loss: 0.9957
- val_loss: 1.8716
- val_all_f1:  0.4332 0.4332 0.4332
- val_exp_f1:  0.7026 0.7026 0.7026
- val_non_f1:  0.1963 0.1963 0.1963

13056/13056 [==============================] - 572s - loss: 0.9944 - val_loss: 1.8716
Epoch 21/1000
12992/13056 [============================>.] - ETA: 2s - loss: 0.9984
- val_loss: 1.7695
- val_all_f1:  0.4879 0.4879 0.4879
- val_exp_f1:  0.7132 0.7132 0.7132
- val_non_f1:  0.2897 0.2897 0.2897

13056/13056 [==============================] - 571s - loss: 0.9971 - val_loss: 1.7695
Epoch 22/1000
12992/13056 [============================>.] - ETA: 2s - loss: 1.0023
- val_loss: 1.7602
- val_all_f1:  0.5107 0.5107 0.5107
- val_exp_f1:  0.7542 0.7542 0.7542
- val_non_f1:  0.2964 0.2964 0.2964

13056/13056 [==============================] - 571s - loss: 1.0040 - val_loss: 1.7602
Epoch 23/1000
12992/13056 [============================>.] - ETA: 2s - loss: 0.9996
- val_loss: 1.7781
- val_all_f1:  0.5021 0.5021 0.5021
- val_exp_f1:  0.7436 0.7436 0.7436
- val_non_f1:  0.2897 0.2897 0.2897

13056/13056 [==============================] - 572s - loss: 1.0008 - val_loss: 1.7781
Epoch 24/1000
12992/13056 [============================>.] - ETA: 2s - loss: 0.9740
- val_loss: 1.7517
- val_all_f1:  0.4744 0.4744 0.4744
- val_exp_f1:  0.7102 0.7102 0.7102
- val_non_f1:  0.2670 0.2670 0.2670

13056/13056 [==============================] - 571s - loss: 0.9743 - val_loss: 1.7517
Epoch 25/1000
12992/13056 [============================>.] - ETA: 2s - loss: 1.0015
- val_loss: 1.7738
- val_all_f1:  0.4979 0.4979 0.4979
- val_exp_f1:  0.7405 0.7405 0.7405
- val_non_f1:  0.2844 0.2844 0.2844

13056/13056 [==============================] - 571s - loss: 1.0013 - val_loss: 1.7738
Epoch 26/1000
12992/13056 [============================>.] - ETA: 2s - loss: 0.9605
- val_loss: 1.7236
- val_all_f1:  0.5043 0.5043 0.5043
- val_exp_f1:  0.7602 0.7602 0.7602
- val_non_f1:  0.2790 0.2790 0.2790

13056/13056 [==============================] - 571s - loss: 0.9589 - val_loss: 1.7236
Epoch 27/1000
12992/13056 [============================>.] - ETA: 2s - loss: 0.9718
- val_loss: 1.7355
- val_all_f1:  0.4929 0.4929 0.4929
- val_exp_f1:  0.7557 0.7557 0.7557
- val_non_f1:  0.2617 0.2617 0.2617

13056/13056 [==============================] - 572s - loss: 0.9732 - val_loss: 1.7355
Epoch 28/1000
12992/13056 [============================>.] - ETA: 2s - loss: 0.9755
- val_loss: 1.7308
- val_all_f1:  0.4815 0.4815 0.4815
- val_exp_f1:  0.7678 0.7678 0.7678
- val_non_f1:  0.2296 0.2296 0.2296

13056/13056 [==============================] - 571s - loss: 0.9762 - val_loss: 1.7308
Epoch 29/1000
12992/13056 [============================>.] - ETA: 2s - loss: 0.9478
- val_loss: 1.7671
- val_all_f1:  0.4858 0.4858 0.4858
- val_exp_f1:  0.7132 0.7132 0.7132
- val_non_f1:  0.2857 0.2857 0.2857

13056/13056 [==============================] - 571s - loss: 0.9486 - val_loss: 1.7671
Epoch 30/1000
12992/13056 [============================>.] - ETA: 2s - loss: 0.9386
- val_loss: 1.7216
- val_all_f1:  0.4879 0.4879 0.4879
- val_exp_f1:  0.7436 0.7436 0.7436
- val_non_f1:  0.2630 0.2630 0.2630

13056/13056 [==============================] - 572s - loss: 0.9413 - val_loss: 1.7216
Epoch 31/1000
12992/13056 [============================>.] - ETA: 2s - loss: 0.9560
- val_loss: 1.6694
- val_all_f1:  0.5092 0.5092 0.5092
- val_exp_f1:  0.7815 0.7815 0.7815
- val_non_f1:  0.2697 0.2697 0.2697

13056/13056 [==============================] - 572s - loss: 0.9571 - val_loss: 1.6694
Epoch 32/1000
12992/13056 [============================>.] - ETA: 2s - loss: 0.9372
- val_loss: 1.6715
- val_all_f1:  0.4830 0.4830 0.4830
- val_exp_f1:  0.7466 0.7466 0.7466
- val_non_f1:  0.2510 0.2510 0.2510

13056/13056 [==============================] - 572s - loss: 0.9373 - val_loss: 1.6715
Epoch 33/1000
12992/13056 [============================>.] - ETA: 2s - loss: 0.9524
- val_loss: 1.6677
- val_all_f1:  0.4993 0.4993 0.4993
- val_exp_f1:  0.7375 0.7375 0.7375
- val_non_f1:  0.2897 0.2897 0.2897

13056/13056 [==============================] - 571s - loss: 0.9531 - val_loss: 1.6677
Epoch 34/1000
12992/13056 [============================>.] - ETA: 2s - loss: 0.9337
- val_loss: 1.6577
- val_all_f1:  0.5057 0.5057 0.5057
- val_exp_f1:  0.7830 0.7830 0.7830
- val_non_f1:  0.2617 0.2617 0.2617

13056/13056 [==============================] - 572s - loss: 0.9348 - val_loss: 1.6577
Epoch 35/1000
12992/13056 [============================>.] - ETA: 2s - loss: 0.9480
- val_loss: 1.6453
- val_all_f1:  0.5213 0.5213 0.5213
- val_exp_f1:  0.7936 0.7936 0.7936
- val_non_f1:  0.2817 0.2817 0.2817

13056/13056 [==============================] - 573s - loss: 0.9495 - val_loss: 1.6453
Epoch 36/1000
12992/13056 [============================>.] - ETA: 2s - loss: 0.9685
- val_loss: 1.6551
- val_all_f1:  0.4986 0.4986 0.4986
- val_exp_f1:  0.7678 0.7678 0.7678
- val_non_f1:  0.2617 0.2617 0.2617

13056/13056 [==============================] - 572s - loss: 0.9689 - val_loss: 1.6551
Epoch 37/1000
12992/13056 [============================>.] - ETA: 2s - loss: 0.9577
- val_loss: 1.6372
- val_all_f1:  0.5199 0.5199 0.5199
- val_exp_f1:  0.8088 0.8088 0.8088
- val_non_f1:  0.2657 0.2657 0.2657

13056/13056 [==============================] - 572s - loss: 0.9573 - val_loss: 1.6372
Epoch 38/1000
12992/13056 [============================>.] - ETA: 2s - loss: 0.9538
- val_loss: 1.6350
- val_all_f1:  0.5192 0.5192 0.5192
- val_exp_f1:  0.7936 0.7936 0.7936
- val_non_f1:  0.2777 0.2777 0.2777

13056/13056 [==============================] - 572s - loss: 0.9533 - val_loss: 1.6350
Epoch 39/1000
12992/13056 [============================>.] - ETA: 2s - loss: 0.8917
- val_loss: 1.6544
- val_all_f1:  0.5284 0.5284 0.5284
- val_exp_f1:  0.7906 0.7906 0.7906
- val_non_f1:  0.2977 0.2977 0.2977

13056/13056 [==============================] - 572s - loss: 0.8933 - val_loss: 1.6544
Epoch 40/1000
12992/13056 [============================>.] - ETA: 2s - loss: 0.9631
- val_loss: 1.6369
- val_all_f1:  0.5291 0.5291 0.5291
- val_exp_f1:  0.7967 0.7967 0.7967
- val_non_f1:  0.2937 0.2937 0.2937

13056/13056 [==============================] - 572s - loss: 0.9619 - val_loss: 1.6369
Epoch 41/1000
12992/13056 [============================>.] - ETA: 2s - loss: 0.9478
- val_loss: 1.6391
- val_all_f1:  0.5249 0.5249 0.5249
- val_exp_f1:  0.7997 0.7997 0.7997
- val_non_f1:  0.2830 0.2830 0.2830

13056/13056 [==============================] - 572s - loss: 0.9484 - val_loss: 1.6391
Epoch 42/1000
12992/13056 [============================>.] - ETA: 2s - loss: 0.9094
- val_loss: 1.6471
- val_all_f1:  0.4950 0.4950 0.4950
- val_exp_f1:  0.7921 0.7921 0.7921
- val_non_f1:  0.2336 0.2336 0.2336

13056/13056 [==============================] - 571s - loss: 0.9093 - val_loss: 1.6471
Epoch 43/1000
12992/13056 [============================>.] - ETA: 2s - loss: 0.9643
- val_loss: 1.6529
- val_all_f1:  0.5142 0.5142 0.5142
- val_exp_f1:  0.7830 0.7830 0.7830
- val_non_f1:  0.2777 0.2777 0.2777

13056/13056 [==============================] - 572s - loss: 0.9638 - val_loss: 1.6529
Epoch 44/1000
12992/13056 [============================>.] - ETA: 2s - loss: 0.9501
- val_loss: 1.6413
- val_all_f1:  0.5313 0.5313 0.5313
- val_exp_f1:  0.7967 0.7967 0.7967
- val_non_f1:  0.2977 0.2977 0.2977

13056/13056 [==============================] - 572s - loss: 0.9499 - val_loss: 1.6413
Epoch 45/1000
12992/13056 [============================>.] - ETA: 2s - loss: 0.9311
- val_loss: 1.6273
- val_all_f1:  0.5447 0.5447 0.5447
- val_exp_f1:  0.8437 0.8437 0.8437
- val_non_f1:  0.2821 0.2817 0.2819

13056/13056 [==============================] - 572s - loss: 0.9313 - val_loss: 1.6273
Epoch 46/1000
12992/13056 [============================>.] - ETA: 2s - loss: 0.9368
- val_loss: 1.6267
- val_all_f1:  0.4936 0.4936 0.4936
- val_exp_f1:  0.7936 0.7936 0.7936
- val_non_f1:  0.2296 0.2296 0.2296

13056/13056 [==============================] - 572s - loss: 0.9372 - val_loss: 1.6267
Epoch 47/1000
12992/13056 [============================>.] - ETA: 2s - loss: 0.9371
- val_loss: 1.6616
- val_all_f1:  0.4709 0.4709 0.4709
- val_exp_f1:  0.7921 0.7921 0.7921
- val_non_f1:  0.1883 0.1883 0.1883

13056/13056 [==============================] - 572s - loss: 0.9392 - val_loss: 1.6616
Epoch 48/1000
12992/13056 [============================>.] - ETA: 2s - loss: 0.9265
- val_loss: 1.6180
- val_all_f1:  0.5185 0.5185 0.5185
- val_exp_f1:  0.7678 0.7678 0.7678
- val_non_f1:  0.2991 0.2991 0.2991

13056/13056 [==============================] - 572s - loss: 0.9267 - val_loss: 1.6180
Epoch 49/1000
12992/13056 [============================>.] - ETA: 2s - loss: 0.9711
- val_loss: 1.6254
- val_all_f1:  0.5142 0.5142 0.5142
- val_exp_f1:  0.8209 0.8209 0.8209
- val_non_f1:  0.2443 0.2443 0.2443

13056/13056 [==============================] - 572s - loss: 0.9725 - val_loss: 1.6254
Epoch 50/1000
12992/13056 [============================>.] - ETA: 2s - loss: 0.9311
- val_loss: 1.5978
- val_all_f1:  0.4730 0.4730 0.4730
- val_exp_f1:  0.8118 0.8118 0.8118
- val_non_f1:  0.1749 0.1749 0.1749

13056/13056 [==============================] - 571s - loss: 0.9318 - val_loss: 1.5978
Epoch 51/1000
12992/13056 [============================>.] - ETA: 2s - loss: 0.9111
- val_loss: 1.6145
- val_all_f1:  0.5518 0.5518 0.5518
- val_exp_f1:  0.8285 0.8285 0.8285
- val_non_f1:  0.3088 0.3084 0.3086

13056/13056 [==============================] - 572s - loss: 0.9102 - val_loss: 1.6145
Epoch 52/1000
12992/13056 [============================>.] - ETA: 2s - loss: 0.9073
- val_loss: 1.5943
- val_all_f1:  0.5639 0.5639 0.5639
- val_exp_f1:  0.8589 0.8589 0.8589
- val_non_f1:  0.3044 0.3044 0.3044

13056/13056 [==============================] - 572s - loss: 0.9065 - val_loss: 1.5943
Epoch 53/1000
12992/13056 [============================>.] - ETA: 2s - loss: 0.9351
- val_loss: 1.5980
- val_all_f1:  0.5518 0.5518 0.5518
- val_exp_f1:  0.8376 0.8376 0.8376
- val_non_f1:  0.3012 0.3004 0.3008

13056/13056 [==============================] - 572s - loss: 0.9358 - val_loss: 1.5980
Epoch 54/1000
12992/13056 [============================>.] - ETA: 2s - loss: 0.9223
- val_loss: 1.6374
- val_all_f1:  0.4815 0.4815 0.4815
- val_exp_f1:  0.8164 0.8164 0.8164
- val_non_f1:  0.1874 0.1869 0.1872

13056/13056 [==============================] - 572s - loss: 0.9238 - val_loss: 1.6374
Epoch 55/1000
12992/13056 [============================>.] - ETA: 2s - loss: 0.9072
- val_loss: 1.5949
- val_all_f1:  0.5518 0.5518 0.5518
- val_exp_f1:  0.8316 0.8316 0.8316
- val_non_f1:  0.3057 0.3057 0.3057

13056/13056 [==============================] - 571s - loss: 0.9071 - val_loss: 1.5949
Epoch 56/1000
12992/13056 [============================>.] - ETA: 2s - loss: 0.9073
- val_loss: 1.5862
- val_all_f1:  0.5483 0.5483 0.5483
- val_exp_f1:  0.8407 0.8407 0.8407
- val_non_f1:  0.2911 0.2911 0.2911

13056/13056 [==============================] - 572s - loss: 0.9078 - val_loss: 1.5862
Epoch 57/1000
12992/13056 [============================>.] - ETA: 2s - loss: 0.9115
- val_loss: 1.5832
- val_all_f1:  0.5369 0.5369 0.5369
- val_exp_f1:  0.8164 0.8164 0.8164
- val_non_f1:  0.2911 0.2911 0.2911

13056/13056 [==============================] - 572s - loss: 0.9126 - val_loss: 1.5832
Epoch 58/1000
12992/13056 [============================>.] - ETA: 2s - loss: 0.9189
- val_loss: 1.5850
- val_all_f1:  0.5497 0.5497 0.5497
- val_exp_f1:  0.8285 0.8285 0.8285
- val_non_f1:  0.3044 0.3044 0.3044

13056/13056 [==============================] - 571s - loss: 0.9190 - val_loss: 1.5850
Epoch 59/1000
12992/13056 [============================>.] - ETA: 2s - loss: 0.9411
- val_loss: 1.5988
- val_all_f1:  0.5398 0.5398 0.5398
- val_exp_f1:  0.8134 0.8134 0.8134
- val_non_f1:  0.2995 0.2991 0.2993

13056/13056 [==============================] - 572s - loss: 0.9420 - val_loss: 1.5988
Epoch 60/1000
12992/13056 [============================>.] - ETA: 2s - loss: 0.9259
- val_loss: 1.6234
- val_all_f1:  0.5348 0.5348 0.5348
- val_exp_f1:  0.8088 0.8088 0.8088
- val_non_f1:  0.2937 0.2937 0.2937

13056/13056 [==============================] - 573s - loss: 0.9252 - val_loss: 1.6234
Epoch 61/1000
12992/13056 [============================>.] - ETA: 2s - loss: 0.9214
- val_loss: 1.6101
- val_all_f1:  0.5305 0.5305 0.5305
- val_exp_f1:  0.7951 0.7951 0.7951
- val_non_f1:  0.2981 0.2977 0.2979

13056/13056 [==============================] - 572s - loss: 0.9205 - val_loss: 1.6101
Epoch 62/1000
12992/13056 [============================>.] - ETA: 2s - loss: 0.9242
- val_loss: 1.5704
- val_all_f1:  0.5518 0.5518 0.5518
- val_exp_f1:  0.8331 0.8331 0.8331
- val_non_f1:  0.3044 0.3044 0.3044

13056/13056 [==============================] - 573s - loss: 0.9239 - val_loss: 1.5704
Epoch 63/1000
12992/13056 [============================>.] - ETA: 2s - loss: 0.9216
- val_loss: 1.5853
- val_all_f1:  0.5689 0.5689 0.5689
- val_exp_f1:  0.8558 0.8558 0.8558
- val_non_f1:  0.3164 0.3164 0.3164

13056/13056 [==============================] - 573s - loss: 0.9216 - val_loss: 1.5853
Epoch 64/1000
12992/13056 [============================>.] - ETA: 2s - loss: 0.9184
- val_loss: 1.6068
- val_all_f1:  0.5419 0.5419 0.5419
- val_exp_f1:  0.8179 0.8179 0.8179
- val_non_f1:  0.2991 0.2991 0.2991

13056/13056 [==============================] - 572s - loss: 0.9182 - val_loss: 1.6068
Epoch 65/1000
12992/13056 [============================>.] - ETA: 2s - loss: 0.9265
- val_loss: 1.5902
- val_all_f1:  0.4865 0.4865 0.4865
- val_exp_f1:  0.8194 0.8194 0.8194
- val_non_f1:  0.1936 0.1936 0.1936

13056/13056 [==============================] - 572s - loss: 0.9291 - val_loss: 1.5902
Epoch 66/1000
12992/13056 [============================>.] - ETA: 2s - loss: 0.9246
- val_loss: 1.6147
- val_all_f1:  0.5355 0.5355 0.5355
- val_exp_f1:  0.8164 0.8164 0.8164
- val_non_f1:  0.2892 0.2884 0.2888

13056/13056 [==============================] - 572s - loss: 0.9243 - val_loss: 1.6147
Epoch 67/1000
12992/13056 [============================>.] - ETA: 2s - loss: 0.9120
- val_loss: 1.5757
- val_all_f1:  0.5398 0.5398 0.5398
- val_exp_f1:  0.8240 0.8240 0.8240
- val_non_f1:  0.2897 0.2897 0.2897

13056/13056 [==============================] - 571s - loss: 0.9121 - val_loss: 1.5757
Epoch 68/1000
12992/13056 [============================>.] - ETA: 2s - loss: 0.9119
- val_loss: 1.6212
- val_all_f1:  0.5135 0.5135 0.5135
- val_exp_f1:  0.8528 0.8528 0.8528
- val_non_f1:  0.2155 0.2150 0.2152

13056/13056 [==============================] - 572s - loss: 0.9135 - val_loss: 1.6212
Epoch 69/1000
12992/13056 [============================>.] - ETA: 2s - loss: 0.9383
- val_loss: 1.5779
- val_all_f1:  0.5547 0.5547 0.5547
- val_exp_f1:  0.8498 0.8498 0.8498
- val_non_f1:  0.2955 0.2951 0.2953

13056/13056 [==============================] - 572s - loss: 0.9383 - val_loss: 1.5779
Epoch 70/1000
12992/13056 [============================>.] - ETA: 2s - loss: 0.9245
- val_loss: 1.5961
- val_all_f1:  0.5526 0.5526 0.5526
- val_exp_f1:  0.8483 0.8483 0.8483
- val_non_f1:  0.2928 0.2924 0.2926

13056/13056 [==============================] - 572s - loss: 0.9265 - val_loss: 1.5961
Epoch 71/1000
12992/13056 [============================>.] - ETA: 2s - loss: 0.9347
- val_loss: 1.6157
- val_all_f1:  0.5213 0.5213 0.5213
- val_exp_f1:  0.7800 0.7800 0.7800
- val_non_f1:  0.2937 0.2937 0.2937

13056/13056 [==============================] - 572s - loss: 0.9353 - val_loss: 1.6157
Epoch 72/1000
12992/13056 [============================>.] - ETA: 2s - loss: 0.8987
- val_loss: 1.6054
- val_all_f1:  0.5206 0.5206 0.5206
- val_exp_f1:  0.7724 0.7724 0.7724
- val_non_f1:  0.2995 0.2991 0.2993

13056/13056 [==============================] - 572s - loss: 0.8996 - val_loss: 1.6054
Epoch 73/1000
12992/13056 [============================>.] - ETA: 2s - loss: 0.9272
- val_loss: 1.5769
- val_all_f1:  0.5597 0.5597 0.5597
- val_exp_f1:  0.8483 0.8483 0.8483
- val_non_f1:  0.3057 0.3057 0.3057

13056/13056 [==============================] - 572s - loss: 0.9277 - val_loss: 1.5769
Epoch 74/1000
12992/13056 [============================>.] - ETA: 2s - loss: 0.9091
- val_loss: 1.5435
- val_all_f1:  0.5497 0.5497 0.5497
- val_exp_f1:  0.8285 0.8285 0.8285
- val_non_f1:  0.3048 0.3044 0.3046

13056/13056 [==============================] - 572s - loss: 0.9081 - val_loss: 1.5435
Epoch 75/1000
12992/13056 [============================>.] - ETA: 2s - loss: 0.8996
- val_loss: 1.5724
- val_all_f1:  0.5632 0.5632 0.5632
- val_exp_f1:  0.8649 0.8649 0.8649
- val_non_f1:  0.2977 0.2977 0.2977

13056/13056 [==============================] - 572s - loss: 0.9008 - val_loss: 1.5724
Epoch 76/1000
12992/13056 [============================>.] - ETA: 2s - loss: 0.8851
- val_loss: 1.5446
- val_all_f1:  0.5582 0.5582 0.5582
- val_exp_f1:  0.8513 0.8513 0.8513
- val_non_f1:  0.3004 0.3004 0.3004

13056/13056 [==============================] - 572s - loss: 0.8854 - val_loss: 1.5446
Epoch 77/1000
12992/13056 [============================>.] - ETA: 2s - loss: 0.8756
- val_loss: 1.5362
- val_all_f1:  0.5732 0.5732 0.5732
- val_exp_f1:  0.8816 0.8816 0.8816
- val_non_f1:  0.3017 0.3017 0.3017

13056/13056 [==============================] - 572s - loss: 0.8756 - val_loss: 1.5362
Epoch 78/1000
12992/13056 [============================>.] - ETA: 2s - loss: 0.9062
- val_loss: 1.5451
- val_all_f1:  0.5753 0.5753 0.5753
- val_exp_f1:  0.8741 0.8741 0.8741
- val_non_f1:  0.3128 0.3124 0.3126

13056/13056 [==============================] - 572s - loss: 0.9054 - val_loss: 1.5451
Epoch 79/1000
12992/13056 [============================>.] - ETA: 2s - loss: 0.8907
- val_loss: 1.5409
- val_all_f1:  0.5689 0.5689 0.5689
- val_exp_f1:  0.8710 0.8710 0.8710
- val_non_f1:  0.3031 0.3031 0.3031

13056/13056 [==============================] - 572s - loss: 0.8897 - val_loss: 1.5409
Epoch 80/1000
12992/13056 [============================>.] - ETA: 2s - loss: 0.9038
- val_loss: 1.5514
- val_all_f1:  0.5675 0.5675 0.5675
- val_exp_f1:  0.8574 0.8574 0.8574
- val_non_f1:  0.3124 0.3124 0.3124

13056/13056 [==============================] - 572s - loss: 0.9026 - val_loss: 1.5514
Epoch 81/1000
12992/13056 [============================>.] - ETA: 2s - loss: 0.8975
- val_loss: 1.5626
- val_all_f1:  0.5185 0.5185 0.5185
- val_exp_f1:  0.8376 0.8376 0.8376
- val_non_f1:  0.2383 0.2377 0.2380

13056/13056 [==============================] - 572s - loss: 0.8981 - val_loss: 1.5626
Epoch 82/1000
12992/13056 [============================>.] - ETA: 2s - loss: 0.8842
- val_loss: 1.5418
- val_all_f1:  0.5739 0.5739 0.5739
- val_exp_f1:  0.8847 0.8847 0.8847
- val_non_f1:  0.3012 0.3004 0.3008

13056/13056 [==============================] - 572s - loss: 0.8836 - val_loss: 1.5418
Epoch 83/1000
12992/13056 [============================>.] - ETA: 2s - loss: 0.8831
- val_loss: 1.5397
- val_all_f1:  0.5639 0.5639 0.5639
- val_exp_f1:  0.8619 0.8619 0.8619
- val_non_f1:  0.3017 0.3017 0.3017

13056/13056 [==============================] - 572s - loss: 0.8846 - val_loss: 1.5397
Epoch 84/1000
12992/13056 [============================>.] - ETA: 2s - loss: 0.9072
- val_loss: 1.5538
- val_all_f1:  0.5760 0.5760 0.5760
- val_exp_f1:  0.8786 0.8786 0.8786
- val_non_f1:  0.3097 0.3097 0.3097

13056/13056 [==============================] - 579s - loss: 0.9068 - val_loss: 1.5538
Epoch 85/1000
12992/13056 [============================>.] - ETA: 2s - loss: 0.8843
- val_loss: 1.5388
- val_all_f1:  0.5703 0.5703 0.5703
- val_exp_f1:  0.8741 0.8741 0.8741
- val_non_f1:  0.3031 0.3031 0.3031

13056/13056 [==============================] - 577s - loss: 0.8849 - val_loss: 1.5388
Epoch 86/1000
12992/13056 [============================>.] - ETA: 2s - loss: 0.8951
- val_loss: 1.5164
- val_all_f1:  0.5753 0.5753 0.5753
- val_exp_f1:  0.8801 0.8801 0.8801
- val_non_f1:  0.3071 0.3071 0.3071

13056/13056 [==============================] - 576s - loss: 0.8948 - val_loss: 1.5164
Epoch 87/1000
12992/13056 [============================>.] - ETA: 2s - loss: 0.8936
- val_loss: 1.5065
- val_all_f1:  0.5611 0.5611 0.5611
- val_exp_f1:  0.8407 0.8407 0.8407
- val_non_f1:  0.3155 0.3151 0.3153

13056/13056 [==============================] - 574s - loss: 0.8936 - val_loss: 1.5065
Epoch 88/1000
12992/13056 [============================>.] - ETA: 2s - loss: 0.8927
- val_loss: 1.5573
- val_all_f1:  0.5504 0.5504 0.5504
- val_exp_f1:  0.8376 0.8376 0.8376
- val_non_f1:  0.2977 0.2977 0.2977

13056/13056 [==============================] - 574s - loss: 0.8929 - val_loss: 1.5573
Epoch 89/1000
12992/13056 [============================>.] - ETA: 2s - loss: 0.8866
- val_loss: 1.5339
- val_all_f1:  0.5817 0.5817 0.5817
- val_exp_f1:  0.8923 0.8923 0.8923
- val_non_f1:  0.3084 0.3084 0.3084

13056/13056 [==============================] - 574s - loss: 0.8857 - val_loss: 1.5339
Epoch 90/1000
12992/13056 [============================>.] - ETA: 2s - loss: 0.8917
- val_loss: 1.5388
- val_all_f1:  0.5746 0.5746 0.5746
- val_exp_f1:  0.8832 0.8832 0.8832
- val_non_f1:  0.3031 0.3031 0.3031

13056/13056 [==============================] - 573s - loss: 0.8926 - val_loss: 1.5388
Epoch 91/1000
12992/13056 [============================>.] - ETA: 2s - loss: 0.9007
- val_loss: 1.5267
- val_all_f1:  0.5817 0.5817 0.5817
- val_exp_f1:  0.8816 0.8816 0.8816
- val_non_f1:  0.3178 0.3178 0.3178

13056/13056 [==============================] - 575s - loss: 0.9002 - val_loss: 1.5267
Epoch 92/1000
12992/13056 [============================>.] - ETA: 2s - loss: 0.8914
- val_loss: 1.5603
- val_all_f1:  0.5668 0.5668 0.5668
- val_exp_f1:  0.8695 0.8695 0.8695
- val_non_f1:  0.3004 0.3004 0.3004

13056/13056 [==============================] - 574s - loss: 0.8914 - val_loss: 1.5603
Epoch 93/1000
12992/13056 [============================>.] - ETA: 2s - loss: 0.8904
- val_loss: 1.5658
- val_all_f1:  0.5739 0.5739 0.5739
- val_exp_f1:  0.8862 0.8862 0.8862
- val_non_f1:  0.2991 0.2991 0.2991

13056/13056 [==============================] - 574s - loss: 0.8894 - val_loss: 1.5658
Epoch 94/1000
12992/13056 [============================>.] - ETA: 2s - loss: 0.8996
- val_loss: 1.5441
- val_all_f1:  0.5739 0.5739 0.5739
- val_exp_f1:  0.8938 0.8938 0.8938
- val_non_f1:  0.2924 0.2924 0.2924

13056/13056 [==============================] - 573s - loss: 0.8978 - val_loss: 1.5441
Epoch 95/1000
12992/13056 [============================>.] - ETA: 2s - loss: 0.8931
- val_loss: 1.5431
- val_all_f1:  0.5739 0.5739 0.5739
- val_exp_f1:  0.8862 0.8862 0.8862
- val_non_f1:  0.2991 0.2991 0.2991

13056/13056 [==============================] - 573s - loss: 0.8923 - val_loss: 1.5431
Epoch 96/1000
12992/13056 [============================>.] - ETA: 2s - loss: 0.8636
- val_loss: 1.5082
- val_all_f1:  0.5781 0.5781 0.5781
- val_exp_f1:  0.8923 0.8923 0.8923
- val_non_f1:  0.3029 0.3017 0.3023

13056/13056 [==============================] - 572s - loss: 0.8622 - val_loss: 1.5082
Epoch 97/1000
12992/13056 [============================>.] - ETA: 2s - loss: 0.9012
- val_loss: 1.5159
- val_all_f1:  0.5810 0.5810 0.5810
- val_exp_f1:  0.8907 0.8907 0.8907
- val_non_f1:  0.3084 0.3084 0.3084

13056/13056 [==============================] - 572s - loss: 0.9022 - val_loss: 1.5159
Epoch 98/1000
12992/13056 [============================>.] - ETA: 2s - loss: 0.8768
- val_loss: 1.5464
- val_all_f1:  0.5760 0.5760 0.5760
- val_exp_f1:  0.8832 0.8832 0.8832
- val_non_f1:  0.3057 0.3057 0.3057

13056/13056 [==============================] - 572s - loss: 0.8763 - val_loss: 1.5464
Epoch 99/1000
12992/13056 [============================>.] - ETA: 2s - loss: 0.8983
- val_loss: 1.5337
- val_all_f1:  0.5838 0.5838 0.5838
- val_exp_f1:  0.8892 0.8892 0.8892
- val_non_f1:  0.3155 0.3151 0.3153

13056/13056 [==============================] - 572s - loss: 0.8976 - val_loss: 1.5337
Epoch 100/1000
12992/13056 [============================>.] - ETA: 2s - loss: 0.8726
- val_loss: 1.4953
- val_all_f1:  0.5987 0.5987 0.5987
- val_exp_f1:  0.8907 0.8907 0.8907
- val_non_f1:  0.3422 0.3418 0.3420

13056/13056 [==============================] - 573s - loss: 0.8727 - val_loss: 1.4953
Epoch 101/1000
12992/13056 [============================>.] - ETA: 2s - loss: 0.8795
- val_loss: 1.4919
- val_all_f1:  0.5852 0.5852 0.5852
- val_exp_f1:  0.8892 0.8892 0.8892
- val_non_f1:  0.3178 0.3178 0.3178

13056/13056 [==============================] - 572s - loss: 0.8790 - val_loss: 1.4919
Epoch 102/1000
12992/13056 [============================>.] - ETA: 2s - loss: 0.8839
- val_loss: 1.4870
- val_all_f1:  0.5895 0.5895 0.5895
- val_exp_f1:  0.8968 0.8968 0.8968
- val_non_f1:  0.3191 0.3191 0.3191

13056/13056 [==============================] - 572s - loss: 0.8848 - val_loss: 1.4870
Epoch 103/1000
12992/13056 [============================>.] - ETA: 2s - loss: 0.8813
- val_loss: 1.5079
- val_all_f1:  0.5831 0.5831 0.5831
- val_exp_f1:  0.8923 0.8923 0.8923
- val_non_f1:  0.3111 0.3111 0.3111

13056/13056 [==============================] - 572s - loss: 0.8805 - val_loss: 1.5079
Epoch 104/1000
12992/13056 [============================>.] - ETA: 2s - loss: 0.8566
- val_loss: 1.4764
- val_all_f1:  0.5888 0.5888 0.5888
- val_exp_f1:  0.8877 0.8877 0.8877
- val_non_f1:  0.3258 0.3258 0.3258

13056/13056 [==============================] - 573s - loss: 0.8574 - val_loss: 1.4764
Epoch 105/1000
12992/13056 [============================>.] - ETA: 2s - loss: 0.8938
- val_loss: 1.4907
- val_all_f1:  0.5902 0.5902 0.5902
- val_exp_f1:  0.8923 0.8923 0.8923
- val_non_f1:  0.3244 0.3244 0.3244

13056/13056 [==============================] - 572s - loss: 0.8939 - val_loss: 1.4907
Epoch 106/1000
12992/13056 [============================>.] - ETA: 2s - loss: 0.8617
- val_loss: 1.4954
- val_all_f1:  0.5803 0.5803 0.5803
- val_exp_f1:  0.8847 0.8847 0.8847
- val_non_f1:  0.3124 0.3124 0.3124

13056/13056 [==============================] - 572s - loss: 0.8616 - val_loss: 1.4954
Epoch 107/1000
12992/13056 [============================>.] - ETA: 2s - loss: 0.8795
- val_loss: 1.4885
- val_all_f1:  0.5803 0.5803 0.5803
- val_exp_f1:  0.8907 0.8907 0.8907
- val_non_f1:  0.3071 0.3071 0.3071

13056/13056 [==============================] - 572s - loss: 0.8791 - val_loss: 1.4885
Epoch 108/1000
12992/13056 [============================>.] - ETA: 2s - loss: 0.8920
- val_loss: 1.5039
- val_all_f1:  0.5618 0.5618 0.5618
- val_exp_f1:  0.8862 0.8862 0.8862
- val_non_f1:  0.2775 0.2764 0.2769

13056/13056 [==============================] - 572s - loss: 0.8916 - val_loss: 1.5039
Epoch 109/1000
12992/13056 [============================>.] - ETA: 2s - loss: 0.8845
- val_loss: 1.5041
- val_all_f1:  0.5845 0.5845 0.5845
- val_exp_f1:  0.8953 0.8953 0.8953
- val_non_f1:  0.3111 0.3111 0.3111

13056/13056 [==============================] - 572s - loss: 0.8847 - val_loss: 1.5041
Epoch 110/1000
12992/13056 [============================>.] - ETA: 2s - loss: 0.8976
- val_loss: 1.5035
- val_all_f1:  0.5767 0.5767 0.5767
- val_exp_f1:  0.8665 0.8665 0.8665
- val_non_f1:  0.3226 0.3218 0.3222

13056/13056 [==============================] - 572s - loss: 0.8961 - val_loss: 1.5035
Epoch 111/1000
12992/13056 [============================>.] - ETA: 2s - loss: 0.8779
- val_loss: 1.5022
- val_all_f1:  0.5803 0.5803 0.5803
- val_exp_f1:  0.8786 0.8786 0.8786
- val_non_f1:  0.3182 0.3178 0.3180

13056/13056 [==============================] - 572s - loss: 0.8782 - val_loss: 1.5022
Epoch 112/1000
12992/13056 [============================>.] - ETA: 2s - loss: 0.8599
- val_loss: 1.5080
- val_all_f1:  0.5810 0.5810 0.5810
- val_exp_f1:  0.8680 0.8680 0.8680
- val_non_f1:  0.3289 0.3284 0.3287

13056/13056 [==============================] - 572s - loss: 0.8598 - val_loss: 1.5080
Epoch 113/1000
12992/13056 [============================>.] - ETA: 2s - loss: 0.8657
- val_loss: 1.4956
- val_all_f1:  0.5831 0.5831 0.5831
- val_exp_f1:  0.8892 0.8892 0.8892
- val_non_f1:  0.3146 0.3138 0.3142

13056/13056 [==============================] - 572s - loss: 0.8656 - val_loss: 1.4956
Epoch 114/1000
12992/13056 [============================>.] - ETA: 2s - loss: 0.8781
- val_loss: 1.4863
- val_all_f1:  0.5930 0.5930 0.5930
- val_exp_f1:  0.8983 0.8983 0.8983
- val_non_f1:  0.3249 0.3244 0.3246

13056/13056 [==============================] - 572s - loss: 0.8785 - val_loss: 1.4863
Epoch 115/1000
12992/13056 [============================>.] - ETA: 2s - loss: 0.8492
- val_loss: 1.4732
- val_all_f1:  0.5859 0.5859 0.5859
- val_exp_f1:  0.8832 0.8832 0.8832
- val_non_f1:  0.3244 0.3244 0.3244

13056/13056 [==============================] - 573s - loss: 0.8488 - val_loss: 1.4732
Epoch 116/1000
12992/13056 [============================>.] - ETA: 2s - loss: 0.8745
- val_loss: 1.4925
- val_all_f1:  0.5781 0.5781 0.5781
- val_exp_f1:  0.8862 0.8862 0.8862
- val_non_f1:  0.3071 0.3071 0.3071

13056/13056 [==============================] - 572s - loss: 0.8741 - val_loss: 1.4925
Epoch 117/1000
12992/13056 [============================>.] - ETA: 2s - loss: 0.8740
- val_loss: 1.4938
- val_all_f1:  0.5774 0.5774 0.5774
- val_exp_f1:  0.8862 0.8862 0.8862
- val_non_f1:  0.3061 0.3057 0.3059

13056/13056 [==============================] - 572s - loss: 0.8735 - val_loss: 1.4938
Epoch 118/1000
12992/13056 [============================>.] - ETA: 2s - loss: 0.8494
- val_loss: 1.4964
- val_all_f1:  0.5895 0.5895 0.5895
- val_exp_f1:  0.8832 0.8832 0.8832
- val_non_f1:  0.3311 0.3311 0.3311

13056/13056 [==============================] - 572s - loss: 0.8505 - val_loss: 1.4964
Epoch 119/1000
12992/13056 [============================>.] - ETA: 2s - loss: 0.8517
- val_loss: 1.5081
- val_all_f1:  0.5689 0.5689 0.5689
- val_exp_f1:  0.8801 0.8801 0.8801
- val_non_f1:  0.2951 0.2951 0.2951

13056/13056 [==============================] - 572s - loss: 0.8536 - val_loss: 1.5081
Epoch 120/1000
12992/13056 [============================>.] - ETA: 2s - loss: 0.8791
- val_loss: 1.5091
- val_all_f1:  0.5746 0.5746 0.5746
- val_exp_f1:  0.8665 0.8665 0.8665
- val_non_f1:  0.3178 0.3178 0.3178

13056/13056 [==============================] - 571s - loss: 0.8789 - val_loss: 1.5091
Epoch 121/1000
12992/13056 [============================>.] - ETA: 2s - loss: 0.8971
- val_loss: 1.5441
- val_all_f1:  0.5639 0.5639 0.5639
- val_exp_f1:  0.8634 0.8634 0.8634
- val_non_f1:  0.3004 0.3004 0.3004

13056/13056 [==============================] - 572s - loss: 0.8977 - val_loss: 1.5441
Epoch 122/1000
12992/13056 [============================>.] - ETA: 2s - loss: 0.8802
- val_loss: 1.5274
- val_all_f1:  0.5469 0.5469 0.5469
- val_exp_f1:  0.8589 0.8589 0.8589
- val_non_f1:  0.2724 0.2724 0.2724

13056/13056 [==============================] - 572s - loss: 0.8804 - val_loss: 1.5274
Epoch 123/1000
12992/13056 [============================>.] - ETA: 2s - loss: 0.8808
- val_loss: 1.5056
- val_all_f1:  0.5739 0.5739 0.5739
- val_exp_f1:  0.8847 0.8847 0.8847
- val_non_f1:  0.3008 0.3004 0.3006

13056/13056 [==============================] - 572s - loss: 0.8800 - val_loss: 1.5056
Epoch 124/1000
12992/13056 [============================>.] - ETA: 2s - loss: 0.8764
- val_loss: 1.5529
- val_all_f1:  0.5490 0.5490 0.5490
- val_exp_f1:  0.8741 0.8741 0.8741
- val_non_f1:  0.2630 0.2630 0.2630

13056/13056 [==============================] - 572s - loss: 0.8760 - val_loss: 1.5529
Epoch 125/1000
12992/13056 [============================>.] - ETA: 2s - loss: 0.8733
- val_loss: 1.5261
- val_all_f1:  0.5462 0.5462 0.5462
- val_exp_f1:  0.8816 0.8816 0.8816
- val_non_f1:  0.2510 0.2510 0.2510

13056/13056 [==============================] - 572s - loss: 0.8732 - val_loss: 1.5261
Epoch 126/1000
12992/13056 [============================>.] - ETA: 2s - loss: 0.8973
- val_loss: 1.5444
- val_all_f1:  0.5717 0.5717 0.5717
- val_exp_f1:  0.8847 0.8847 0.8847
- val_non_f1:  0.2964 0.2964 0.2964

13056/13056 [==============================] - 572s - loss: 0.8976 - val_loss: 1.5444
Epoch 127/1000
12992/13056 [============================>.] - ETA: 2s - loss: 0.8926
- val_loss: 1.5148
- val_all_f1:  0.5831 0.5831 0.5831
- val_exp_f1:  0.8907 0.8907 0.8907
- val_non_f1:  0.3124 0.3124 0.3124

13056/13056 [==============================] - 572s - loss: 0.8913 - val_loss: 1.5148
Epoch 128/1000
12992/13056 [============================>.] - ETA: 2s - loss: 0.8839
- val_loss: 1.5118
- val_all_f1:  0.5788 0.5788 0.5788
- val_exp_f1:  0.8938 0.8938 0.8938
- val_non_f1:  0.3017 0.3017 0.3017

13056/13056 [==============================] - 572s - loss: 0.8845 - val_loss: 1.5118
Epoch 129/1000
12992/13056 [============================>.] - ETA: 2s - loss: 0.9109
- val_loss: 1.5048
- val_all_f1:  0.5760 0.5760 0.5760
- val_exp_f1:  0.8892 0.8892 0.8892
- val_non_f1:  0.3004 0.3004 0.3004

13056/13056 [==============================] - 572s - loss: 0.9101 - val_loss: 1.5048
Epoch 130/1000
12992/13056 [============================>.] - ETA: 2s - loss: 0.8899
- val_loss: 1.5178
- val_all_f1:  0.5760 0.5760 0.5760
- val_exp_f1:  0.8847 0.8847 0.8847
- val_non_f1:  0.3044 0.3044 0.3044

13056/13056 [==============================] - 572s - loss: 0.8894 - val_loss: 1.5178
Epoch 131/1000
12992/13056 [============================>.] - ETA: 2s - loss: 0.8864
- val_loss: 1.5226
- val_all_f1:  0.5739 0.5739 0.5739
- val_exp_f1:  0.8816 0.8816 0.8816
- val_non_f1:  0.3031 0.3031 0.3031

13056/13056 [==============================] - 572s - loss: 0.8850 - val_loss: 1.5226
Epoch 132/1000
12992/13056 [============================>.] - ETA: 2s - loss: 0.8751
- val_loss: 1.5019
- val_all_f1:  0.5781 0.5781 0.5781
- val_exp_f1:  0.8877 0.8877 0.8877
- val_non_f1:  0.3057 0.3057 0.3057

13056/13056 [==============================] - 572s - loss: 0.8748 - val_loss: 1.5019
Epoch 133/1000
12992/13056 [============================>.] - ETA: 2s - loss: 0.8999
- val_loss: 1.5220
- val_all_f1:  0.5817 0.5817 0.5817
- val_exp_f1:  0.8983 0.8983 0.8983
- val_non_f1:  0.3031 0.3031 0.3031

13056/13056 [==============================] - 571s - loss: 0.9001 - val_loss: 1.5220
Epoch 134/1000
12992/13056 [============================>.] - ETA: 2s - loss: 0.8798
- val_loss: 1.5262
- val_all_f1:  0.5788 0.5788 0.5788
- val_exp_f1:  0.8983 0.8983 0.8983
- val_non_f1:  0.2977 0.2977 0.2977

13056/13056 [==============================] - 572s - loss: 0.8802 - val_loss: 1.5262
Epoch 135/1000
12992/13056 [============================>.] - ETA: 2s - loss: 0.8726
- val_loss: 1.5295
- val_all_f1:  0.5739 0.5739 0.5739
- val_exp_f1:  0.8801 0.8801 0.8801
- val_non_f1:  0.3044 0.3044 0.3044

13056/13056 [==============================] - 572s - loss: 0.8726 - val_loss: 1.5295
Epoch 136/1000
12992/13056 [============================>.] - ETA: 2s - loss: 0.8665
- val_loss: 1.5196
- val_all_f1:  0.5788 0.5788 0.5788
- val_exp_f1:  0.8968 0.8968 0.8968
- val_non_f1:  0.2991 0.2991 0.2991

13056/13056 [==============================] - 572s - loss: 0.8659 - val_loss: 1.5196
Epoch 137/1000
12992/13056 [============================>.] - ETA: 2s - loss: 0.8568
- val_loss: 1.5275
- val_all_f1:  0.5803 0.5803 0.5803
- val_exp_f1:  0.9014 0.9014 0.9014
- val_non_f1:  0.2977 0.2977 0.2977

13056/13056 [==============================] - 572s - loss: 0.8580 - val_loss: 1.5275
Epoch 138/1000
12992/13056 [============================>.] - ETA: 2s - loss: 0.8713
- val_loss: 1.5052
- val_all_f1:  0.5788 0.5788 0.5788
- val_exp_f1:  0.8983 0.8983 0.8983
- val_non_f1:  0.2977 0.2977 0.2977

13056/13056 [==============================] - 572s - loss: 0.8717 - val_loss: 1.5052
Epoch 139/1000
12992/13056 [============================>.] - ETA: 2s - loss: 0.8846
- val_loss: 1.5225
- val_all_f1:  0.5724 0.5724 0.5724
- val_exp_f1:  0.8953 0.8953 0.8953
- val_non_f1:  0.2884 0.2884 0.2884

13056/13056 [==============================] - 572s - loss: 0.8853 - val_loss: 1.5225
Epoch 140/1000
12992/13056 [============================>.] - ETA: 2s - loss: 0.8630
- val_loss: 1.5216
- val_all_f1:  0.5661 0.5661 0.5661
- val_exp_f1:  0.8786 0.8786 0.8786
- val_non_f1:  0.2911 0.2911 0.2911

13056/13056 [==============================] - 572s - loss: 0.8622 - val_loss: 1.5216
Epoch 141/1000
12992/13056 [============================>.] - ETA: 2s - loss: 0.8815
- val_loss: 1.5364
- val_all_f1:  0.5824 0.5824 0.5824
- val_exp_f1:  0.8907 0.8907 0.8907
- val_non_f1:  0.3111 0.3111 0.3111

13056/13056 [==============================] - 572s - loss: 0.8801 - val_loss: 1.5364
Epoch 142/1000
12992/13056 [============================>.] - ETA: 2s - loss: 0.8739
- val_loss: 1.5195
- val_all_f1:  0.5881 0.5881 0.5881
- val_exp_f1:  0.9014 0.9014 0.9014
- val_non_f1:  0.3124 0.3124 0.3124

13056/13056 [==============================] - 572s - loss: 0.8738 - val_loss: 1.5195
Epoch 143/1000
12992/13056 [============================>.] - ETA: 2s - loss: 0.8710
- val_loss: 1.5203
- val_all_f1:  0.5753 0.5753 0.5753
- val_exp_f1:  0.8953 0.8953 0.8953
- val_non_f1:  0.2937 0.2937 0.2937

13056/13056 [==============================] - 572s - loss: 0.8717 - val_loss: 1.5203
Epoch 144/1000
12992/13056 [============================>.] - ETA: 2s - loss: 0.8700
- val_loss: 1.5291
- val_all_f1:  0.5689 0.5689 0.5689
- val_exp_f1:  0.8953 0.8953 0.8953
- val_non_f1:  0.2817 0.2817 0.2817

13056/13056 [==============================] - 572s - loss: 0.8700 - val_loss: 1.5291
Epoch 145/1000
12992/13056 [============================>.] - ETA: 2s - loss: 0.8737
- val_loss: 1.4879
- val_all_f1:  0.5746 0.5746 0.5746
- val_exp_f1:  0.8756 0.8756 0.8756
- val_non_f1:  0.3097 0.3097 0.3097

13056/13056 [==============================] - 572s - loss: 0.8727 - val_loss: 1.4879
Epoch 146/1000
12992/13056 [============================>.] - ETA: 2s - loss: 0.8940
- val_loss: 1.5112
- val_all_f1:  0.5845 0.5845 0.5845
- val_exp_f1:  0.8665 0.8665 0.8665
- val_non_f1:  0.3364 0.3364 0.3364

13056/13056 [==============================] - 572s - loss: 0.8932 - val_loss: 1.5112
Epoch 147/1000
12992/13056 [============================>.] - ETA: 2s - loss: 0.8664
- val_loss: 1.5404
- val_all_f1:  0.5440 0.5440 0.5440
- val_exp_f1:  0.8786 0.8786 0.8786
- val_non_f1:  0.2497 0.2497 0.2497

13056/13056 [==============================] - 572s - loss: 0.8671 - val_loss: 1.5404
Epoch 148/1000
12992/13056 [============================>.] - ETA: 2s - loss: 0.8838
- val_loss: 1.5214
- val_all_f1:  0.5533 0.5533 0.5533
- val_exp_f1:  0.8862 0.8862 0.8862
- val_non_f1:  0.2603 0.2603 0.2603

13056/13056 [==============================] - 571s - loss: 0.8829 - val_loss: 1.5214
Epoch 149/1000
12992/13056 [============================>.] - ETA: 2s - loss: 0.8835
- val_loss: 1.4828
- val_all_f1:  0.5817 0.5817 0.5817
- val_exp_f1:  0.8938 0.8938 0.8938
- val_non_f1:  0.3071 0.3071 0.3071

13056/13056 [==============================] - 572s - loss: 0.8817 - val_loss: 1.4828
Epoch 150/1000
12992/13056 [============================>.] - ETA: 2s - loss: 0.8827
- val_loss: 1.5040
- val_all_f1:  0.5717 0.5717 0.5717
- val_exp_f1:  0.8725 0.8725 0.8725
- val_non_f1:  0.3071 0.3071 0.3071

13056/13056 [==============================] - 571s - loss: 0.8825 - val_loss: 1.5040
Epoch 151/1000
12992/13056 [============================>.] - ETA: 2s - loss: 0.8623
- val_loss: 1.5157
- val_all_f1:  0.5724 0.5724 0.5724
- val_exp_f1:  0.8847 0.8847 0.8847
- val_non_f1:  0.2977 0.2977 0.2977

13056/13056 [==============================] - 570s - loss: 0.8614 - val_loss: 1.5157
Epoch 152/1000
12992/13056 [============================>.] - ETA: 2s - loss: 0.8743
- val_loss: 1.5248
- val_all_f1:  0.5554 0.5554 0.5554
- val_exp_f1:  0.8543 0.8543 0.8543
- val_non_f1:  0.2924 0.2924 0.2924

13056/13056 [==============================] - 570s - loss: 0.8739 - val_loss: 1.5248
Epoch 153/1000
12992/13056 [============================>.] - ETA: 2s - loss: 0.8916
- val_loss: 1.5177
- val_all_f1:  0.5717 0.5717 0.5717
- val_exp_f1:  0.8695 0.8695 0.8695
- val_non_f1:  0.3097 0.3097 0.3097

13056/13056 [==============================] - 571s - loss: 0.8894 - val_loss: 1.5177
Epoch 154/1000
12992/13056 [============================>.] - ETA: 2s - loss: 0.8754
- val_loss: 1.5139
- val_all_f1:  0.5788 0.5788 0.5788
- val_exp_f1:  0.8816 0.8816 0.8816
- val_non_f1:  0.3124 0.3124 0.3124

13056/13056 [==============================] - 570s - loss: 0.8748 - val_loss: 1.5139
Epoch 155/1000
12992/13056 [============================>.] - ETA: 2s - loss: 0.8770
- val_loss: 1.4923
- val_all_f1:  0.5881 0.5881 0.5881
- val_exp_f1:  0.9044 0.9044 0.9044
- val_non_f1:  0.3097 0.3097 0.3097

13056/13056 [==============================] - 570s - loss: 0.8789 - val_loss: 1.4923
Epoch 156/1000
12992/13056 [============================>.] - ETA: 2s - loss: 0.8766
- val_loss: 1.4976
- val_all_f1:  0.5845 0.5845 0.5845
- val_exp_f1:  0.8923 0.8923 0.8923
- val_non_f1:  0.3138 0.3138 0.3138

13056/13056 [==============================] - 571s - loss: 0.8780 - val_loss: 1.4976
Epoch 157/1000
12992/13056 [============================>.] - ETA: 2s - loss: 0.8716
- val_loss: 1.4910
- val_all_f1:  0.5774 0.5774 0.5774
- val_exp_f1:  0.8923 0.8923 0.8923
- val_non_f1:  0.3004 0.3004 0.3004

13056/13056 [==============================] - 571s - loss: 0.8716 - val_loss: 1.4910
Epoch 158/1000
12992/13056 [============================>.] - ETA: 2s - loss: 0.8766
- val_loss: 1.5059
- val_all_f1:  0.5781 0.5781 0.5781
- val_exp_f1:  0.8938 0.8938 0.8938
- val_non_f1:  0.3004 0.3004 0.3004

13056/13056 [==============================] - 570s - loss: 0.8770 - val_loss: 1.5059
Epoch 159/1000
12992/13056 [============================>.] - ETA: 2s - loss: 0.8670
- val_loss: 1.5054
- val_all_f1:  0.5817 0.5817 0.5817
- val_exp_f1:  0.8968 0.8968 0.8968
- val_non_f1:  0.3044 0.3044 0.3044

13056/13056 [==============================] - 570s - loss: 0.8662 - val_loss: 1.5054
Epoch 160/1000
12992/13056 [============================>.] - ETA: 2s - loss: 0.8847
- val_loss: 1.5246
- val_all_f1:  0.5682 0.5682 0.5682
- val_exp_f1:  0.8877 0.8877 0.8877
- val_non_f1:  0.2870 0.2870 0.2870

13056/13056 [==============================] - 571s - loss: 0.8856 - val_loss: 1.5246
Epoch 161/1000
12992/13056 [============================>.] - ETA: 2s - loss: 0.8828
- val_loss: 1.5286
- val_all_f1:  0.5767 0.5767 0.5767
- val_exp_f1:  0.8907 0.8907 0.8907
- val_non_f1:  0.3004 0.3004 0.3004

13056/13056 [==============================] - 571s - loss: 0.8840 - val_loss: 1.5286
Epoch 162/1000
12992/13056 [============================>.] - ETA: 2s - loss: 0.8747
- val_loss: 1.4868
- val_all_f1:  0.5767 0.5767 0.5767
- val_exp_f1:  0.8938 0.8938 0.8938
- val_non_f1:  0.2977 0.2977 0.2977

13056/13056 [==============================] - 570s - loss: 0.8748 - val_loss: 1.4868
Epoch 163/1000
12992/13056 [============================>.] - ETA: 2s - loss: 0.8760
- val_loss: 1.4946
- val_all_f1:  0.5803 0.5803 0.5803
- val_exp_f1:  0.8953 0.8953 0.8953
- val_non_f1:  0.3031 0.3031 0.3031

13056/13056 [==============================] - 570s - loss: 0.8768 - val_loss: 1.4946
Epoch 164/1000
12992/13056 [============================>.] - ETA: 2s - loss: 0.8514
- val_loss: 1.5240
- val_all_f1:  0.5604 0.5604 0.5604
- val_exp_f1:  0.8998 0.8998 0.8998
- val_non_f1:  0.2617 0.2617 0.2617

13056/13056 [==============================] - 570s - loss: 0.8510 - val_loss: 1.5240
Epoch 165/1000
12992/13056 [============================>.] - ETA: 2s - loss: 0.8797
- val_loss: 1.5056
- val_all_f1:  0.5625 0.5625 0.5625
- val_exp_f1:  0.8892 0.8892 0.8892
- val_non_f1:  0.2750 0.2750 0.2750

13056/13056 [==============================] - 571s - loss: 0.8794 - val_loss: 1.5056
Epoch 166/1000
12992/13056 [============================>.] - ETA: 2s - loss: 0.8559
- val_loss: 1.4902
- val_all_f1:  0.5810 0.5810 0.5810
- val_exp_f1:  0.9059 0.9059 0.9059
- val_non_f1:  0.2951 0.2951 0.2951

13056/13056 [==============================] - 571s - loss: 0.8548 - val_loss: 1.4902
Epoch 167/1000
12992/13056 [============================>.] - ETA: 2s - loss: 0.8787
- val_loss: 1.4984
- val_all_f1:  0.5831 0.5831 0.5831
- val_exp_f1:  0.9044 0.9044 0.9044
- val_non_f1:  0.3004 0.3004 0.3004

13056/13056 [==============================] - 571s - loss: 0.8781 - val_loss: 1.4984
Epoch 168/1000
12992/13056 [============================>.] - ETA: 2s - loss: 0.8645
- val_loss: 1.5118
- val_all_f1:  0.5426 0.5426 0.5426
- val_exp_f1:  0.8892 0.8892 0.8892
- val_non_f1:  0.2377 0.2377 0.2377

13056/13056 [==============================] - 570s - loss: 0.8661 - val_loss: 1.5118
Epoch 169/1000
12992/13056 [============================>.] - ETA: 2s - loss: 0.8863
- val_loss: 1.5220
- val_all_f1:  0.5526 0.5526 0.5526
- val_exp_f1:  0.9014 0.9014 0.9014
- val_non_f1:  0.2457 0.2457 0.2457

13056/13056 [==============================] - 571s - loss: 0.8855 - val_loss: 1.5220
Epoch 170/1000
12992/13056 [============================>.] - ETA: 2s - loss: 0.8751
- val_loss: 1.5298
- val_all_f1:  0.5788 0.5788 0.5788
- val_exp_f1:  0.8953 0.8953 0.8953
- val_non_f1:  0.3004 0.3004 0.3004

13056/13056 [==============================] - 571s - loss: 0.8745 - val_loss: 1.5298
Epoch 171/1000
12992/13056 [============================>.] - ETA: 2s - loss: 0.8755
- val_loss: 1.5009
- val_all_f1:  0.5781 0.5781 0.5781
- val_exp_f1:  0.8968 0.8968 0.8968
- val_non_f1:  0.2977 0.2977 0.2977

13056/13056 [==============================] - 570s - loss: 0.8751 - val_loss: 1.5009
Epoch 172/1000
12992/13056 [============================>.] - ETA: 2s - loss: 0.8691
- val_loss: 1.5203
- val_all_f1:  0.5746 0.5746 0.5746
- val_exp_f1:  0.8907 0.8907 0.8907
- val_non_f1:  0.2964 0.2964 0.2964

13056/13056 [==============================] - 570s - loss: 0.8709 - val_loss: 1.5203
Epoch 173/1000
12992/13056 [============================>.] - ETA: 2s - loss: 0.8652
- val_loss: 1.4889
- val_all_f1:  0.5753 0.5753 0.5753
- val_exp_f1:  0.8923 0.8923 0.8923
- val_non_f1:  0.2964 0.2964 0.2964

13056/13056 [==============================] - 570s - loss: 0.8652 - val_loss: 1.4889
Epoch 174/1000
12992/13056 [============================>.] - ETA: 2s - loss: 0.8929
- val_loss: 1.5204
- val_all_f1:  0.5149 0.5149 0.5149
- val_exp_f1:  0.9044 0.9044 0.9044
- val_non_f1:  0.1722 0.1722 0.1722

13056/13056 [==============================] - 570s - loss: 0.8928 - val_loss: 1.5204
Epoch 175/1000
12992/13056 [============================>.] - ETA: 2s - loss: 0.8546
- val_loss: 1.5617
- val_all_f1:  0.5732 0.5732 0.5732
- val_exp_f1:  0.8892 0.8892 0.8892
- val_non_f1:  0.2951 0.2951 0.2951

13056/13056 [==============================] - 571s - loss: 0.8562 - val_loss: 1.5617
Epoch 176/1000
12992/13056 [============================>.] - ETA: 2s - loss: 0.8780
- val_loss: 1.5160
- val_all_f1:  0.5767 0.5767 0.5767
- val_exp_f1:  0.8953 0.8953 0.8953
- val_non_f1:  0.2964 0.2964 0.2964

13056/13056 [==============================] - 570s - loss: 0.8801 - val_loss: 1.5160
Epoch 177/1000
12992/13056 [============================>.] - ETA: 2s - loss: 0.8938
- val_loss: 1.5290
- val_all_f1:  0.5753 0.5753 0.5753
- val_exp_f1:  0.9029 0.9029 0.9029
- val_non_f1:  0.2870 0.2870 0.2870

13056/13056 [==============================] - 571s - loss: 0.8933 - val_loss: 1.5290
Epoch 178/1000
12992/13056 [============================>.] - ETA: 2s - loss: 0.8571
- val_loss: 1.4854
- val_all_f1:  0.5781 0.5781 0.5781
- val_exp_f1:  0.8968 0.8968 0.8968
- val_non_f1:  0.2977 0.2977 0.2977

13056/13056 [==============================] - 570s - loss: 0.8572 - val_loss: 1.4854
Epoch 179/1000
12992/13056 [============================>.] - ETA: 2s - loss: 0.8854
- val_loss: 1.5202
- val_all_f1:  0.5646 0.5646 0.5646
- val_exp_f1:  0.8680 0.8680 0.8680
- val_non_f1:  0.2977 0.2977 0.2977

13056/13056 [==============================] - 571s - loss: 0.8855 - val_loss: 1.5202
Epoch 180/1000
12992/13056 [============================>.] - ETA: 2s - loss: 0.8722
- val_loss: 1.5086
- val_all_f1:  0.5788 0.5788 0.5788
- val_exp_f1:  0.8983 0.8983 0.8983
- val_non_f1:  0.2977 0.2977 0.2977

13056/13056 [==============================] - 571s - loss: 0.8730 - val_loss: 1.5086
Epoch 181/1000
12992/13056 [============================>.] - ETA: 2s - loss: 0.8429
- val_loss: 1.5001
- val_all_f1:  0.5810 0.5810 0.5810
- val_exp_f1:  0.8953 0.8953 0.8953
- val_non_f1:  0.3044 0.3044 0.3044

13056/13056 [==============================] - 570s - loss: 0.8421 - val_loss: 1.5001
Epoch 182/1000
12992/13056 [============================>.] - ETA: 2s - loss: 0.8772
- val_loss: 1.5099
- val_all_f1:  0.5788 0.5788 0.5788
- val_exp_f1:  0.9059 0.9059 0.9059
- val_non_f1:  0.2911 0.2911 0.2911

13056/13056 [==============================] - 571s - loss: 0.8773 - val_loss: 1.5099
Epoch 183/1000
12992/13056 [============================>.] - ETA: 2s - loss: 0.8755
- val_loss: 1.5048
- val_all_f1:  0.5760 0.5760 0.5760
- val_exp_f1:  0.8938 0.8938 0.8938
- val_non_f1:  0.2964 0.2964 0.2964

13056/13056 [==============================] - 571s - loss: 0.8750 - val_loss: 1.5048
Epoch 184/1000
12992/13056 [============================>.] - ETA: 2s - loss: 0.8764
- val_loss: 1.5077
- val_all_f1:  0.5767 0.5767 0.5767
- val_exp_f1:  0.8923 0.8923 0.8923
- val_non_f1:  0.2991 0.2991 0.2991

13056/13056 [==============================] - 570s - loss: 0.8763 - val_loss: 1.5077
Epoch 185/1000
12992/13056 [============================>.] - ETA: 2s - loss: 0.8846
- val_loss: 1.5104
- val_all_f1:  0.5710 0.5710 0.5710
- val_exp_f1:  0.8771 0.8771 0.8771
- val_non_f1:  0.3017 0.3017 0.3017

13056/13056 [==============================] - 570s - loss: 0.8846 - val_loss: 1.5104
Epoch 186/1000
12992/13056 [============================>.] - ETA: 2s - loss: 0.8473
- val_loss: 1.5083
- val_all_f1:  0.5866 0.5866 0.5866
- val_exp_f1:  0.9014 0.9014 0.9014
- val_non_f1:  0.3097 0.3097 0.3097

13056/13056 [==============================] - 571s - loss: 0.8474 - val_loss: 1.5083
Epoch 187/1000
12992/13056 [============================>.] - ETA: 2s - loss: 0.8400
- val_loss: 1.5014
- val_all_f1:  0.5909 0.5909 0.5909
- val_exp_f1:  0.9044 0.9044 0.9044
- val_non_f1:  0.3151 0.3151 0.3151

13056/13056 [==============================] - 571s - loss: 0.8407 - val_loss: 1.5014
Epoch 188/1000
12992/13056 [============================>.] - ETA: 2s - loss: 0.8482
- val_loss: 1.5032
- val_all_f1:  0.5810 0.5810 0.5810
- val_exp_f1:  0.8847 0.8847 0.8847
- val_non_f1:  0.3138 0.3138 0.3138

13056/13056 [==============================] - 570s - loss: 0.8480 - val_loss: 1.5032
Epoch 189/1000
12992/13056 [============================>.] - ETA: 2s - loss: 0.8513
- val_loss: 1.5217
- val_all_f1:  0.5838 0.5838 0.5838
- val_exp_f1:  0.8771 0.8771 0.8771
- val_non_f1:  0.3258 0.3258 0.3258

13056/13056 [==============================] - 571s - loss: 0.8500 - val_loss: 1.5217
Epoch 190/1000
12992/13056 [============================>.] - ETA: 2s - loss: 0.8418
- val_loss: 1.4973
- val_all_f1:  0.5767 0.5767 0.5767
- val_exp_f1:  0.8907 0.8907 0.8907
- val_non_f1:  0.3004 0.3004 0.3004

13056/13056 [==============================] - 570s - loss: 0.8433 - val_loss: 1.4973
Epoch 191/1000
12992/13056 [============================>.] - ETA: 2s - loss: 0.8518
- val_loss: 1.4973
- val_all_f1:  0.5845 0.5845 0.5845
- val_exp_f1:  0.8953 0.8953 0.8953
- val_non_f1:  0.3111 0.3111 0.3111

13056/13056 [==============================] - 570s - loss: 0.8518 - val_loss: 1.4973
Epoch 192/1000
12992/13056 [============================>.] - ETA: 2s - loss: 0.8490
- val_loss: 1.5282
- val_all_f1:  0.5348 0.5348 0.5348
- val_exp_f1:  0.8847 0.8847 0.8847
- val_non_f1:  0.2270 0.2270 0.2270

13056/13056 [==============================] - 570s - loss: 0.8515 - val_loss: 1.5282
Epoch 193/1000
12992/13056 [============================>.] - ETA: 2s - loss: 0.8298
- val_loss: 1.5145
- val_all_f1:  0.5696 0.5696 0.5696
- val_exp_f1:  0.9090 0.9090 0.9090
- val_non_f1:  0.2710 0.2710 0.2710

13056/13056 [==============================] - 570s - loss: 0.8300 - val_loss: 1.5145
Epoch 194/1000
12992/13056 [============================>.] - ETA: 2s - loss: 0.8437
- val_loss: 1.4757
- val_all_f1:  0.5831 0.5831 0.5831
- val_exp_f1:  0.8832 0.8832 0.8832
- val_non_f1:  0.3195 0.3191 0.3193

13056/13056 [==============================] - 571s - loss: 0.8447 - val_loss: 1.4757
Epoch 195/1000
12992/13056 [============================>.] - ETA: 2s - loss: 0.8715
- val_loss: 1.5713
- val_all_f1:  0.5618 0.5618 0.5618
- val_exp_f1:  0.8695 0.8695 0.8695
- val_non_f1:  0.2911 0.2911 0.2911

13056/13056 [==============================] - 570s - loss: 0.8708 - val_loss: 1.5713
Epoch 196/1000
12992/13056 [============================>.] - ETA: 2s - loss: 0.8878
- val_loss: 1.5636
- val_all_f1:  0.5078 0.5078 0.5078
- val_exp_f1:  0.8968 0.8968 0.8968
- val_non_f1:  0.1656 0.1656 0.1656

13056/13056 [==============================] - 570s - loss: 0.8885 - val_loss: 1.5636
Epoch 197/1000
12992/13056 [============================>.] - ETA: 2s - loss: 0.8725
- val_loss: 1.5315
- val_all_f1:  0.5554 0.5554 0.5554
- val_exp_f1:  0.8983 0.8983 0.8983
- val_non_f1:  0.2537 0.2537 0.2537

13056/13056 [==============================] - 570s - loss: 0.8733 - val_loss: 1.5315
Epoch 198/1000
12992/13056 [============================>.] - ETA: 2s - loss: 0.8493
- val_loss: 1.5515
- val_all_f1:  0.4957 0.4957 0.4957
- val_exp_f1:  0.8832 0.8832 0.8832
- val_non_f1:  0.1549 0.1549 0.1549

13056/13056 [==============================] - 571s - loss: 0.8495 - val_loss: 1.5515
Epoch 199/1000
12992/13056 [============================>.] - ETA: 2s - loss: 0.8547
- val_loss: 1.5207
- val_all_f1:  0.5703 0.5703 0.5703
- val_exp_f1:  0.8938 0.8938 0.8938
- val_non_f1:  0.2857 0.2857 0.2857

13056/13056 [==============================] - 571s - loss: 0.8551 - val_loss: 1.5207
Epoch 200/1000
12992/13056 [============================>.] - ETA: 2s - loss: 0.8391
- val_loss: 1.5073
- val_all_f1:  0.5916 0.5916 0.5916
- val_exp_f1:  0.9044 0.9044 0.9044
- val_non_f1:  0.3164 0.3164 0.3164

13056/13056 [==============================] - 575s - loss: 0.8383 - val_loss: 1.5073
Epoch 201/1000
12992/13056 [============================>.] - ETA: 2s - loss: 0.8530
- val_loss: 1.5279
- val_all_f1:  0.5313 0.5313 0.5313
- val_exp_f1:  0.8923 0.8923 0.8923
- val_non_f1:  0.2136 0.2136 0.2136

13056/13056 [==============================] - 571s - loss: 0.8522 - val_loss: 1.5279
[2017-07-07 05:51] training finished (ex/conll16st-v35b1-ench-fd-8-rn-8-0)
[2017-07-07 05:51] best_val_loss: 114 - loss: 0.8488 - val_loss: 1.4732 - val_all_f1: 0.5859 - val_exp_f1: 0.8832 - val_non_f1: 0.3244
[2017-07-07 05:51] best_val_all_f1: 99 - loss: 0.8727 - val_loss: 1.4953 - val_all_f1: 0.5987 - val_exp_f1: 0.8907 - val_non_f1: 0.3420
