[2019-03-17 11:25] configuration (ex/conll16st-v35nodropout-ench/blind)
[2019-03-17 11:25]   config 'arg1_len': 400
[2019-03-17 11:25]   config 'arg2_len': 400
[2019-03-17 11:25]   config 'backend': theano
[2019-03-17 11:25]   config 'backend_theano': 'device=cpu'
[2019-03-17 11:25]   config 'batch_size': 64
[2019-03-17 11:25]   config 'conn_len': 20
[2019-03-17 11:25]   config 'dataset_dir': data/conll15st-en-03-29-16-blind-test
[2019-03-17 11:25]   config 'filter_fn_name': None
[2019-03-17 11:25]   config 'input_size': None
[2019-03-17 11:25]   config 'lang': en
[2019-03-17 11:25]   config 'mode': char
[2019-03-17 11:25]   config 'model_dir': ex/conll16st-v35nodropout-ench
[2019-03-17 11:25]   config 'normalization_mode': sample_aspect
[2019-03-17 11:25]   config 'output_dir': ex/conll16st-v35nodropout-ench/blind
[2019-03-17 11:25]   config 'punc_len': 0
[2019-03-17 11:25]   config 'rest': ['--words_dropout=0.0', '--rnn_dropout_merge=0.0', '--final_dropout=0.0', '--filter_dim=8', '--rnn_num=8']
[2019-03-17 11:25]   config 'snapshot_size': 2048
[2019-03-17 11:25] load dataset for prediction (data/conll15st-en-03-29-16-blind-test)
[2019-03-17 11:25]   lang: en, rel_ids: 1209
[2019-03-17 11:25] load previous indexes (ex/conll16st-v35nodropout-ench/indexes.pkl)
[2019-03-17 11:25]   words2id: 87, target2id: 23
[2019-03-17 11:25] load model (ex/conll16st-v35nodropout-ench)
[2019-03-17 11:25] load previous weights (ex/conll16st-v35nodropout-ench/weights_val_all_f1.hdf5)
[2019-03-17 11:25] make predictions
[2019-03-17 11:26] save predictions (ex/conll16st-v35nodropout-ench/blind/output.json)
[2019-03-17 11:26] save predictions (ex/conll16st-v35nodropout-ench/blind/output_proba.json)
[2019-03-17 11:26] peek into filtering weights (ex/conll16st-v35nodropout-ench/blind/peek.html)
[2019-03-17 11:28] finished (ex/conll16st-v35nodropout-ench/blind)
[2019-03-17 11:28] time: loaded: 0.3233 - prepared: 2.4669 - predicted: 60.6513
