[2017-07-20 15:00] configuration (ex/conll16st-v35b1-en-fd-8-rn-8-2)
[2017-07-20 15:00]   config 'arg1_len': 100
[2017-07-20 15:00]   config 'arg2_len': 100
[2017-07-20 15:00]   config 'backend': theano
[2017-07-20 15:00]   config 'backend_theano': device=gpu,floatX=float32,nvcc.fastmath=True,lib.cnmem=1
[2017-07-20 15:00]   config 'batch_size': 64
[2017-07-20 15:00]   config 'conn_len': 10
[2017-07-20 15:00]   config 'continue_': False
[2017-07-20 15:00]   config 'curriculum_end': 0.0
[2017-07-20 15:00]   config 'epochs': 1000
[2017-07-20 15:00]   config 'epochs_patience': 100
[2017-07-20 15:00]   config 'epochs_ratio': 0.1
[2017-07-20 15:00]   config 'filter_act': sigmoid
[2017-07-20 15:00]   config 'filter_append_act': linear
[2017-07-20 15:00]   config 'filter_append_batchnorm': False
[2017-07-20 15:00]   config 'filter_append_dim': 0
[2017-07-20 15:00]   config 'filter_append_dropout': 0.0
[2017-07-20 15:00]   config 'filter_apply': mul
[2017-07-20 15:00]   config 'filter_dim': 8
[2017-07-20 15:00]   config 'filter_dropout_U': 0.0
[2017-07-20 15:00]   config 'filter_dropout_W': 0.0
[2017-07-20 15:00]   config 'filter_fn_name': None
[2017-07-20 15:00]   config 'filter_shared': global
[2017-07-20 15:00]   config 'filter_type': lstm-fb
[2017-07-20 15:00]   config 'filter_zoneout_c': 0.0
[2017-07-20 15:00]   config 'filter_zoneout_h': 0.0
[2017-07-20 15:00]   config 'final_act': SReLU
[2017-07-20 15:00]   config 'final_dim': 80
[2017-07-20 15:00]   config 'final_dropout': 0.3
[2017-07-20 15:00]   config 'lang': en
[2017-07-20 15:00]   config 'masking': True
[2017-07-20 15:00]   config 'mode': word
[2017-07-20 15:00]   config 'model_dir': ex/conll16st-v35b1-en-fd-8-rn-8-2
[2017-07-20 15:00]   config 'optimizer': adam
[2017-07-20 15:00]   config 'original_positives': 0
[2017-07-20 15:00]   config 'punc_len': 0
[2017-07-20 15:00]   config 'random_negatives': 2
[2017-07-20 15:00]   config 'random_positives': 2
[2017-07-20 15:00]   config 'random_proba_1': 0.1
[2017-07-20 15:00]   config 'random_proba_2': 0.1
[2017-07-20 15:00]   config 'random_proba_3': 0.9
[2017-07-20 15:00]   config 'rnn_act': tanh
[2017-07-20 15:00]   config 'rnn_dim': 20
[2017-07-20 15:00]   config 'rnn_dropout_U': 0.0
[2017-07-20 15:00]   config 'rnn_dropout_W': 0.0
[2017-07-20 15:00]   config 'rnn_dropout_merge': 0.3
[2017-07-20 15:00]   config 'rnn_merge': concat
[2017-07-20 15:00]   config 'rnn_num': 8
[2017-07-20 15:00]   config 'rnn_shared': aspect
[2017-07-20 15:00]   config 'rnn_type': lstm-fwd
[2017-07-20 15:00]   config 'rnn_zoneout_c': 0.0
[2017-07-20 15:00]   config 'rnn_zoneout_h': 0.0
[2017-07-20 15:00]   config 'snapshot_size': 2048
[2017-07-20 15:00]   config 'train_dir': data/conll16st-en-03-29-16-train
[2017-07-20 15:00]   config 'valid_dir': data/conll16st-en-03-29-16-dev
[2017-07-20 15:00]   config 'words2vec_bin': None
[2017-07-20 15:00]   config 'words2vec_txt': None
[2017-07-20 15:00]   config 'words_dim': 20
[2017-07-20 15:00]   config 'words_dropout': 0.3
[2017-07-20 15:00]   config 'words_shared': global
[2017-07-20 15:00]   config 'words_trainable': True
[2017-07-20 15:00] load dataset for training (data/conll16st-en-03-29-16-train)
[2017-07-20 15:03]   lang: en, doc_ids: 1756, words: 933049, rel_ids: 32535, relation tokens: 1159204
[2017-07-20 15:03] load dataset for validation (data/conll16st-en-03-29-16-dev)
[2017-07-20 15:04]   lang: en, doc_ids: 79, words: 39712, rel_ids: 1436, relation tokens: 48882
[2017-07-20 15:04] build indexes from training
[2017-07-20 15:04]   words2id: 43918, target2id: 23
[2017-07-20 15:04] target class distribution from training
[2017-07-20 15:04]   class 0 = 'None': None
[2017-07-20 15:04]   class 1 = '': None
[2017-07-20 15:04]   class 2 = 'Expansion.Conjunction': 7817
[2017-07-20 15:04]   class 3 = 'Comparison.Contrast': 4714
[2017-07-20 15:04]   class 4 = 'EntRel': 4133
[2017-07-20 15:04]   class 5 = 'Contingency.Cause.Reason': 3344
[2017-07-20 15:04]   class 6 = 'Expansion.Restatement': 2699
[2017-07-20 15:04]   class 7 = 'Contingency.Cause.Result': 2137
[2017-07-20 15:04]   class 8 = 'Temporal.Synchrony': 1499
[2017-07-20 15:04]   class 9 = 'Expansion.Instantiation': 1403
[2017-07-20 15:04]   class 10 = 'Comparison.Concession': 1293
[2017-07-20 15:04]   class 11 = 'Temporal.Asynchronous.Precedence': 1277
[2017-07-20 15:04]   class 12 = 'Contingency.Condition': 1197
[2017-07-20 15:04]   class 13 = 'Temporal.Asynchronous.Succession': 1014
[2017-07-20 15:04]   class 14 = 'Comparison': 992
[2017-07-20 15:04]   class 15 = 'Expansion': 630
[2017-07-20 15:04]   class 16 = 'Expansion.Alternative.Chosen alternative': 241
[2017-07-20 15:04]   class 17 = 'Expansion.Alternative': 210
[2017-07-20 15:04]   class 18 = 'Temporal': 27
[2017-07-20 15:04]   class 19 = 'Contingency': 24
[2017-07-20 15:04]   class 20 = 'Expansion.Exception': 15
[2017-07-20 15:04]   class 21 = 'Temporal.Asynchronous': 6
[2017-07-20 15:04]   class 22 = 'Contingency.Cause': 2
[2017-07-20 15:04] build model
____________________________________________________________________________________________________
Layer (type)                     Output Shape          Param #     Connected to                     
====================================================================================================
arg1_ids (InputLayer)            (None, 100)           0                                            
____________________________________________________________________________________________________
arg2_ids (InputLayer)            (None, 100)           0                                            
____________________________________________________________________________________________________
conn_ids (InputLayer)            (None, 10)            0                                            
____________________________________________________________________________________________________
embedding_1 (Embedding)          multiple              878360      arg1_ids[0][0]                   
                                                                   arg2_ids[0][0]                   
                                                                   conn_ids[0][0]                   
____________________________________________________________________________________________________
shareablelstm_1 (ShareableLSTM)  multiple              928         embedding_1[0][0]                
                                                                   embedding_1[1][0]                
                                                                   embedding_1[2][0]                
____________________________________________________________________________________________________
shareablelstm_2 (ShareableLSTM)  multiple              928         embedding_1[0][0]                
                                                                   embedding_1[1][0]                
                                                                   embedding_1[2][0]                
____________________________________________________________________________________________________
merge_1 (Merge)                  (None, 100, 8)        0           shareablelstm_1[0][0]            
                                                                   shareablelstm_2[0][0]            
____________________________________________________________________________________________________
merge_11 (Merge)                 (None, 100, 8)        0           shareablelstm_1[1][0]            
                                                                   shareablelstm_2[1][0]            
____________________________________________________________________________________________________
merge_21 (Merge)                 (None, 10, 8)         0           shareablelstm_1[2][0]            
                                                                   shareablelstm_2[2][0]            
____________________________________________________________________________________________________
arg1_filters (Activation)        (None, 100, 8)        0           merge_1[0][0]                    
____________________________________________________________________________________________________
arg2_filters (Activation)        (None, 100, 8)        0           merge_11[0][0]                   
____________________________________________________________________________________________________
conn_filters (Activation)        (None, 10, 8)         0           merge_21[0][0]                   
____________________________________________________________________________________________________
merge_2 (Merge)                  (None, 100, 20)       0           embedding_1[0][0]                
                                                                   arg1_filters[0][0]               
____________________________________________________________________________________________________
merge_3 (Merge)                  (None, 100, 20)       0           embedding_1[0][0]                
                                                                   arg1_filters[0][0]               
____________________________________________________________________________________________________
merge_4 (Merge)                  (None, 100, 20)       0           embedding_1[0][0]                
                                                                   arg1_filters[0][0]               
____________________________________________________________________________________________________
merge_5 (Merge)                  (None, 100, 20)       0           embedding_1[0][0]                
                                                                   arg1_filters[0][0]               
____________________________________________________________________________________________________
merge_6 (Merge)                  (None, 100, 20)       0           embedding_1[0][0]                
                                                                   arg1_filters[0][0]               
____________________________________________________________________________________________________
merge_7 (Merge)                  (None, 100, 20)       0           embedding_1[0][0]                
                                                                   arg1_filters[0][0]               
____________________________________________________________________________________________________
merge_8 (Merge)                  (None, 100, 20)       0           embedding_1[0][0]                
                                                                   arg1_filters[0][0]               
____________________________________________________________________________________________________
merge_9 (Merge)                  (None, 100, 20)       0           embedding_1[0][0]                
                                                                   arg1_filters[0][0]               
____________________________________________________________________________________________________
merge_12 (Merge)                 (None, 100, 20)       0           embedding_1[1][0]                
                                                                   arg2_filters[0][0]               
____________________________________________________________________________________________________
merge_13 (Merge)                 (None, 100, 20)       0           embedding_1[1][0]                
                                                                   arg2_filters[0][0]               
____________________________________________________________________________________________________
merge_14 (Merge)                 (None, 100, 20)       0           embedding_1[1][0]                
                                                                   arg2_filters[0][0]               
____________________________________________________________________________________________________
merge_15 (Merge)                 (None, 100, 20)       0           embedding_1[1][0]                
                                                                   arg2_filters[0][0]               
____________________________________________________________________________________________________
merge_16 (Merge)                 (None, 100, 20)       0           embedding_1[1][0]                
                                                                   arg2_filters[0][0]               
____________________________________________________________________________________________________
merge_17 (Merge)                 (None, 100, 20)       0           embedding_1[1][0]                
                                                                   arg2_filters[0][0]               
____________________________________________________________________________________________________
merge_18 (Merge)                 (None, 100, 20)       0           embedding_1[1][0]                
                                                                   arg2_filters[0][0]               
____________________________________________________________________________________________________
merge_19 (Merge)                 (None, 100, 20)       0           embedding_1[1][0]                
                                                                   arg2_filters[0][0]               
____________________________________________________________________________________________________
merge_22 (Merge)                 (None, 10, 20)        0           embedding_1[2][0]                
                                                                   conn_filters[0][0]               
____________________________________________________________________________________________________
merge_23 (Merge)                 (None, 10, 20)        0           embedding_1[2][0]                
                                                                   conn_filters[0][0]               
____________________________________________________________________________________________________
merge_24 (Merge)                 (None, 10, 20)        0           embedding_1[2][0]                
                                                                   conn_filters[0][0]               
____________________________________________________________________________________________________
merge_25 (Merge)                 (None, 10, 20)        0           embedding_1[2][0]                
                                                                   conn_filters[0][0]               
____________________________________________________________________________________________________
merge_26 (Merge)                 (None, 10, 20)        0           embedding_1[2][0]                
                                                                   conn_filters[0][0]               
____________________________________________________________________________________________________
merge_27 (Merge)                 (None, 10, 20)        0           embedding_1[2][0]                
                                                                   conn_filters[0][0]               
____________________________________________________________________________________________________
merge_28 (Merge)                 (None, 10, 20)        0           embedding_1[2][0]                
                                                                   conn_filters[0][0]               
____________________________________________________________________________________________________
merge_29 (Merge)                 (None, 10, 20)        0           embedding_1[2][0]                
                                                                   conn_filters[0][0]               
____________________________________________________________________________________________________
shareablelstm_3 (ShareableLSTM)  (None, 20)            3280        merge_2[0][0]                    
                                                                   merge_12[0][0]                   
                                                                   merge_22[0][0]                   
____________________________________________________________________________________________________
shareablelstm_5 (ShareableLSTM)  (None, 20)            3280        merge_3[0][0]                    
                                                                   merge_13[0][0]                   
                                                                   merge_23[0][0]                   
____________________________________________________________________________________________________
shareablelstm_7 (ShareableLSTM)  (None, 20)            3280        merge_4[0][0]                    
                                                                   merge_14[0][0]                   
                                                                   merge_24[0][0]                   
____________________________________________________________________________________________________
shareablelstm_9 (ShareableLSTM)  (None, 20)            3280        merge_5[0][0]                    
                                                                   merge_15[0][0]                   
                                                                   merge_25[0][0]                   
____________________________________________________________________________________________________
shareablelstm_11 (ShareableLSTM) (None, 20)            3280        merge_6[0][0]                    
                                                                   merge_16[0][0]                   
                                                                   merge_26[0][0]                   
____________________________________________________________________________________________________
shareablelstm_13 (ShareableLSTM) (None, 20)            3280        merge_7[0][0]                    
                                                                   merge_17[0][0]                   
                                                                   merge_27[0][0]                   
____________________________________________________________________________________________________
shareablelstm_15 (ShareableLSTM) (None, 20)            3280        merge_8[0][0]                    
                                                                   merge_18[0][0]                   
                                                                   merge_28[0][0]                   
____________________________________________________________________________________________________
shareablelstm_17 (ShareableLSTM) (None, 20)            3280        merge_9[0][0]                    
                                                                   merge_19[0][0]                   
                                                                   merge_29[0][0]                   
____________________________________________________________________________________________________
merge_10 (Merge)                 (None, 160)           0           shareablelstm_3[0][0]            
                                                                   shareablelstm_5[0][0]            
                                                                   shareablelstm_7[0][0]            
                                                                   shareablelstm_9[0][0]            
                                                                   shareablelstm_11[0][0]           
                                                                   shareablelstm_13[0][0]           
                                                                   shareablelstm_15[0][0]           
                                                                   shareablelstm_17[0][0]           
____________________________________________________________________________________________________
merge_20 (Merge)                 (None, 160)           0           shareablelstm_3[1][0]            
                                                                   shareablelstm_5[1][0]            
                                                                   shareablelstm_7[1][0]            
                                                                   shareablelstm_9[1][0]            
                                                                   shareablelstm_11[1][0]           
                                                                   shareablelstm_13[1][0]           
                                                                   shareablelstm_15[1][0]           
                                                                   shareablelstm_17[1][0]           
____________________________________________________________________________________________________
merge_30 (Merge)                 (None, 160)           0           shareablelstm_3[2][0]            
                                                                   shareablelstm_5[2][0]            
                                                                   shareablelstm_7[2][0]            
                                                                   shareablelstm_9[2][0]            
                                                                   shareablelstm_11[2][0]           
                                                                   shareablelstm_13[2][0]           
                                                                   shareablelstm_15[2][0]           
                                                                   shareablelstm_17[2][0]           
____________________________________________________________________________________________________
dropout_1 (Dropout)              (None, 160)           0           merge_10[0][0]                   
____________________________________________________________________________________________________
dropout_2 (Dropout)              (None, 160)           0           merge_20[0][0]                   
____________________________________________________________________________________________________
dropout_3 (Dropout)              (None, 160)           0           merge_30[0][0]                   
____________________________________________________________________________________________________
merge_31 (Merge)                 (None, 480)           0           dropout_1[0][0]                  
                                                                   dropout_2[0][0]                  
                                                                   dropout_3[0][0]                  
____________________________________________________________________________________________________
dense_1 (Dense)                  (None, 80)            38480       merge_31[0][0]                   
____________________________________________________________________________________________________
srelu_1 (SReLU)                  (None, 80)            320         dense_1[0][0]                    
____________________________________________________________________________________________________
dropout_4 (Dropout)              (None, 80)            0           srelu_1[0][0]                    
____________________________________________________________________________________________________
dense_2 (Dense)                  (None, 23)            1863        dropout_4[0][0]                  
____________________________________________________________________________________________________
target (Activation)              (None, 23)            0           dense_2[0][0]                    
====================================================================================================
Total params: 947,119
Trainable params: 947,119
Non-trainable params: 0
____________________________________________________________________________________________________
[2017-07-20 15:14] initialize weights
[2017-07-20 15:14] training preparation
[2017-07-20 15:14] train model (ex/conll16st-v35b1-en-fd-8-rn-8-2)
Epoch 1/1000
12992/13056 [============================>.] - ETA: 1s - loss: 2.0745
- val_loss: 3.2071
- val_all_f1:  0.2202 0.2202 0.2202
- val_exp_f1:  0.2807 0.2807 0.2807
- val_non_f1:  0.1669 0.1669 0.1669

13056/13056 [==============================] - 232s - loss: 2.0731 - val_loss: 3.2071
Epoch 2/1000
12992/13056 [============================>.] - ETA: 1s - loss: 1.6163
- val_loss: 2.6702
- val_all_f1:  0.2202 0.2202 0.2202
- val_exp_f1:  0.2807 0.2807 0.2807
- val_non_f1:  0.1669 0.1669 0.1669

13056/13056 [==============================] - 233s - loss: 1.6161 - val_loss: 2.6702
Epoch 3/1000
12992/13056 [============================>.] - ETA: 1s - loss: 1.3088
- val_loss: 2.1989
- val_all_f1:  0.4098 0.4098 0.4098
- val_exp_f1:  0.5524 0.5524 0.5524
- val_non_f1:  0.2844 0.2844 0.2844

13056/13056 [==============================] - 234s - loss: 1.3103 - val_loss: 2.1989
Epoch 4/1000
12992/13056 [============================>.] - ETA: 1s - loss: 1.1806
- val_loss: 2.0174
- val_all_f1:  0.3857 0.3857 0.3857
- val_exp_f1:  0.6282 0.6282 0.6282
- val_non_f1:  0.1725 0.1722 0.1723

13056/13056 [==============================] - 235s - loss: 1.1815 - val_loss: 2.0174
Epoch 5/1000
12992/13056 [============================>.] - ETA: 1s - loss: 1.1138
- val_loss: 1.8362
- val_all_f1:  0.4879 0.4879 0.4879
- val_exp_f1:  0.6920 0.6920 0.6920
- val_non_f1:  0.3084 0.3084 0.3084

13056/13056 [==============================] - 235s - loss: 1.1140 - val_loss: 1.8362
Epoch 6/1000
12992/13056 [============================>.] - ETA: 1s - loss: 1.0686
- val_loss: 1.7727
- val_all_f1:  0.4936 0.4936 0.4936
- val_exp_f1:  0.7299 0.7299 0.7299
- val_non_f1:  0.2857 0.2857 0.2857

13056/13056 [==============================] - 241s - loss: 1.0686 - val_loss: 1.7727
Epoch 7/1000
12992/13056 [============================>.] - ETA: 1s - loss: 1.0509
- val_loss: 1.7461
- val_all_f1:  0.4624 0.4624 0.4624
- val_exp_f1:  0.6920 0.6920 0.6920
- val_non_f1:  0.2603 0.2603 0.2603

13056/13056 [==============================] - 243s - loss: 1.0499 - val_loss: 1.7461
Epoch 8/1000
12992/13056 [============================>.] - ETA: 1s - loss: 1.0221
- val_loss: 1.6927
- val_all_f1:  0.5149 0.5149 0.5149
- val_exp_f1:  0.7557 0.7557 0.7557
- val_non_f1:  0.3031 0.3031 0.3031

13056/13056 [==============================] - 239s - loss: 1.0222 - val_loss: 1.6927
Epoch 9/1000
12992/13056 [============================>.] - ETA: 1s - loss: 1.0239
- val_loss: 1.6925
- val_all_f1:  0.5149 0.5149 0.5149
- val_exp_f1:  0.7678 0.7678 0.7678
- val_non_f1:  0.2924 0.2924 0.2924

13056/13056 [==============================] - 239s - loss: 1.0230 - val_loss: 1.6925
Epoch 10/1000
12992/13056 [============================>.] - ETA: 1s - loss: 0.9951
- val_loss: 1.6397
- val_all_f1:  0.5284 0.5284 0.5284
- val_exp_f1:  0.7903 0.7891 0.7897
- val_non_f1:  0.2991 0.2991 0.2991

13056/13056 [==============================] - 237s - loss: 0.9954 - val_loss: 1.6397
Epoch 11/1000
12992/13056 [============================>.] - ETA: 1s - loss: 0.9981
- val_loss: 1.6160
- val_all_f1:  0.5376 0.5376 0.5376
- val_exp_f1:  0.7982 0.7982 0.7982
- val_non_f1:  0.3084 0.3084 0.3084

13056/13056 [==============================] - 236s - loss: 0.9987 - val_loss: 1.6160
Epoch 12/1000
12992/13056 [============================>.] - ETA: 1s - loss: 0.9452
- val_loss: 1.6436
- val_all_f1:  0.5256 0.5256 0.5256
- val_exp_f1:  0.7997 0.7997 0.7997
- val_non_f1:  0.2844 0.2844 0.2844

13056/13056 [==============================] - 237s - loss: 0.9467 - val_loss: 1.6436
Epoch 13/1000
12992/13056 [============================>.] - ETA: 1s - loss: 0.9842
- val_loss: 1.6891
- val_all_f1:  0.4822 0.4822 0.4822
- val_exp_f1:  0.7754 0.7754 0.7754
- val_non_f1:  0.2243 0.2243 0.2243

13056/13056 [==============================] - 235s - loss: 0.9838 - val_loss: 1.6891
Epoch 14/1000
12992/13056 [============================>.] - ETA: 1s - loss: 0.9791
- val_loss: 1.6409
- val_all_f1:  0.4872 0.4872 0.4872
- val_exp_f1:  0.8194 0.8194 0.8194
- val_non_f1:  0.1949 0.1949 0.1949

13056/13056 [==============================] - 235s - loss: 0.9800 - val_loss: 1.6409
Epoch 15/1000
12992/13056 [============================>.] - ETA: 1s - loss: 0.9846
- val_loss: 1.6264
- val_all_f1:  0.4837 0.4837 0.4837
- val_exp_f1:  0.8270 0.8270 0.8270
- val_non_f1:  0.1816 0.1816 0.1816

13056/13056 [==============================] - 235s - loss: 0.9840 - val_loss: 1.6264
Epoch 16/1000
12992/13056 [============================>.] - ETA: 1s - loss: 0.9701
- val_loss: 1.6111
- val_all_f1:  0.5561 0.5561 0.5561
- val_exp_f1:  0.8467 0.8467 0.8467
- val_non_f1:  0.3004 0.3004 0.3004

13056/13056 [==============================] - 237s - loss: 0.9700 - val_loss: 1.6111
Epoch 17/1000
12992/13056 [============================>.] - ETA: 1s - loss: 0.9443
- val_loss: 1.5887
- val_all_f1:  0.4822 0.4822 0.4822
- val_exp_f1:  0.7982 0.7982 0.7982
- val_non_f1:  0.2045 0.2043 0.2044

13056/13056 [==============================] - 237s - loss: 0.9432 - val_loss: 1.5887
Epoch 18/1000
12992/13056 [============================>.] - ETA: 1s - loss: 0.9491
- val_loss: 1.5656
- val_all_f1:  0.5256 0.5256 0.5256
- val_exp_f1:  0.8118 0.8118 0.8118
- val_non_f1:  0.2737 0.2737 0.2737

13056/13056 [==============================] - 237s - loss: 0.9476 - val_loss: 1.5656
Epoch 19/1000
12992/13056 [============================>.] - ETA: 1s - loss: 0.9575
- val_loss: 1.6057
- val_all_f1:  0.5199 0.5199 0.5199
- val_exp_f1:  0.8665 0.8665 0.8665
- val_non_f1:  0.2152 0.2150 0.2151

13056/13056 [==============================] - 237s - loss: 0.9578 - val_loss: 1.6057
Epoch 20/1000
12992/13056 [============================>.] - ETA: 1s - loss: 0.9524
- val_loss: 1.5447
- val_all_f1:  0.5398 0.5398 0.5398
- val_exp_f1:  0.8725 0.8725 0.8725
- val_non_f1:  0.2470 0.2470 0.2470

13056/13056 [==============================] - 237s - loss: 0.9520 - val_loss: 1.5447
Epoch 21/1000
12992/13056 [============================>.] - ETA: 1s - loss: 0.9507
- val_loss: 1.5915
- val_all_f1:  0.5092 0.5092 0.5092
- val_exp_f1:  0.8695 0.8695 0.8695
- val_non_f1:  0.1923 0.1923 0.1923

13056/13056 [==============================] - 237s - loss: 0.9512 - val_loss: 1.5915
Epoch 22/1000
12992/13056 [============================>.] - ETA: 1s - loss: 0.9330
- val_loss: 1.5381
- val_all_f1:  0.5760 0.5760 0.5760
- val_exp_f1:  0.8771 0.8771 0.8771
- val_non_f1:  0.3111 0.3111 0.3111

13056/13056 [==============================] - 238s - loss: 0.9334 - val_loss: 1.5381
Epoch 23/1000
12992/13056 [============================>.] - ETA: 1s - loss: 0.9012
- val_loss: 1.5095
- val_all_f1:  0.5462 0.5462 0.5462
- val_exp_f1:  0.8862 0.8862 0.8862
- val_non_f1:  0.2470 0.2470 0.2470

13056/13056 [==============================] - 238s - loss: 0.9044 - val_loss: 1.5095
Epoch 24/1000
12992/13056 [============================>.] - ETA: 1s - loss: 0.9313
- val_loss: 1.5354
- val_all_f1:  0.5554 0.5554 0.5554
- val_exp_f1:  0.8240 0.8240 0.8240
- val_non_f1:  0.3191 0.3191 0.3191

13056/13056 [==============================] - 237s - loss: 0.9316 - val_loss: 1.5354
Epoch 25/1000
12992/13056 [============================>.] - ETA: 1s - loss: 0.9331
- val_loss: 1.4960
- val_all_f1:  0.5476 0.5476 0.5476
- val_exp_f1:  0.8983 0.8983 0.8983
- val_non_f1:  0.2390 0.2390 0.2390

13056/13056 [==============================] - 239s - loss: 0.9331 - val_loss: 1.4960
Epoch 26/1000
12992/13056 [============================>.] - ETA: 1s - loss: 0.9166
- val_loss: 1.5528
- val_all_f1:  0.5369 0.5369 0.5369
- val_exp_f1:  0.9090 0.9090 0.9090
- val_non_f1:  0.2096 0.2096 0.2096

13056/13056 [==============================] - 237s - loss: 0.9166 - val_loss: 1.5528
Epoch 27/1000
12992/13056 [============================>.] - ETA: 1s - loss: 0.9173
- val_loss: 1.5133
- val_all_f1:  0.5618 0.5618 0.5618
- val_exp_f1:  0.9029 0.9029 0.9029
- val_non_f1:  0.2617 0.2617 0.2617

13056/13056 [==============================] - 237s - loss: 0.9184 - val_loss: 1.5133
Epoch 28/1000
12992/13056 [============================>.] - ETA: 1s - loss: 0.9279
- val_loss: 1.5018
- val_all_f1:  0.5533 0.5533 0.5533
- val_exp_f1:  0.8634 0.8634 0.8634
- val_non_f1:  0.2804 0.2804 0.2804

13056/13056 [==============================] - 237s - loss: 0.9273 - val_loss: 1.5018
Epoch 29/1000
12992/13056 [============================>.] - ETA: 1s - loss: 0.9200
- val_loss: 1.4972
- val_all_f1:  0.5568 0.5568 0.5568
- val_exp_f1:  0.8923 0.8923 0.8923
- val_non_f1:  0.2617 0.2617 0.2617

13056/13056 [==============================] - 237s - loss: 0.9196 - val_loss: 1.4972
Epoch 30/1000
12992/13056 [============================>.] - ETA: 1s - loss: 0.8817
- val_loss: 1.4880
- val_all_f1:  0.5739 0.5739 0.5739
- val_exp_f1:  0.8968 0.8968 0.8968
- val_non_f1:  0.2897 0.2897 0.2897

13056/13056 [==============================] - 237s - loss: 0.8823 - val_loss: 1.4880
Epoch 31/1000
12992/13056 [============================>.] - ETA: 1s - loss: 0.8988
- val_loss: 1.5465
- val_all_f1:  0.5263 0.5263 0.5263
- val_exp_f1:  0.8816 0.8816 0.8816
- val_non_f1:  0.2136 0.2136 0.2136

13056/13056 [==============================] - 237s - loss: 0.8992 - val_loss: 1.5465
Epoch 32/1000
12992/13056 [============================>.] - ETA: 1s - loss: 0.8917
- val_loss: 1.4710
- val_all_f1:  0.5859 0.5859 0.5859
- val_exp_f1:  0.8695 0.8695 0.8695
- val_non_f1:  0.3364 0.3364 0.3364

13056/13056 [==============================] - 238s - loss: 0.8896 - val_loss: 1.4710
Epoch 33/1000
12992/13056 [============================>.] - ETA: 1s - loss: 0.8945
- val_loss: 1.4921
- val_all_f1:  0.5859 0.5859 0.5859
- val_exp_f1:  0.8968 0.8968 0.8968
- val_non_f1:  0.3124 0.3124 0.3124

13056/13056 [==============================] - 237s - loss: 0.8943 - val_loss: 1.4921
Epoch 34/1000
12992/13056 [============================>.] - ETA: 1s - loss: 0.8800
- val_loss: 1.4959
- val_all_f1:  0.5433 0.5433 0.5433
- val_exp_f1:  0.8983 0.8983 0.8983
- val_non_f1:  0.2310 0.2310 0.2310

13056/13056 [==============================] - 237s - loss: 0.8815 - val_loss: 1.4959
Epoch 35/1000
12992/13056 [============================>.] - ETA: 1s - loss: 0.8992
- val_loss: 1.4680
- val_all_f1:  0.5618 0.5618 0.5618
- val_exp_f1:  0.8968 0.8968 0.8968
- val_non_f1:  0.2670 0.2670 0.2670

13056/13056 [==============================] - 238s - loss: 0.8986 - val_loss: 1.4680
Epoch 36/1000
12992/13056 [============================>.] - ETA: 1s - loss: 0.8712
- val_loss: 1.4632
- val_all_f1:  0.5476 0.5476 0.5476
- val_exp_f1:  0.9090 0.9090 0.9090
- val_non_f1:  0.2296 0.2296 0.2296

13056/13056 [==============================] - 237s - loss: 0.8722 - val_loss: 1.4632
Epoch 37/1000
12992/13056 [============================>.] - ETA: 1s - loss: 0.8797
- val_loss: 1.6263
- val_all_f1:  0.5192 0.5192 0.5192
- val_exp_f1:  0.9044 0.9044 0.9044
- val_non_f1:  0.1805 0.1802 0.1804

13056/13056 [==============================] - 237s - loss: 0.8792 - val_loss: 1.6263
Epoch 38/1000
12992/13056 [============================>.] - ETA: 1s - loss: 0.8979
- val_loss: 1.4414
- val_all_f1:  0.5881 0.5881 0.5881
- val_exp_f1:  0.9044 0.9044 0.9044
- val_non_f1:  0.3102 0.3097 0.3100

13056/13056 [==============================] - 237s - loss: 0.8968 - val_loss: 1.4414
Epoch 39/1000
12992/13056 [============================>.] - ETA: 1s - loss: 0.9031
- val_loss: 1.4613
- val_all_f1:  0.5803 0.5803 0.5803
- val_exp_f1:  0.9029 0.9029 0.9029
- val_non_f1:  0.2964 0.2964 0.2964

13056/13056 [==============================] - 236s - loss: 0.9032 - val_loss: 1.4613
Epoch 40/1000
12992/13056 [============================>.] - ETA: 1s - loss: 0.8749
- val_loss: 1.4964
- val_all_f1:  0.5831 0.5831 0.5831
- val_exp_f1:  0.8968 0.8968 0.8968
- val_non_f1:  0.3071 0.3071 0.3071

13056/13056 [==============================] - 237s - loss: 0.8730 - val_loss: 1.4964
Epoch 41/1000
12992/13056 [============================>.] - ETA: 1s - loss: 0.8689
- val_loss: 1.4974
- val_all_f1:  0.5810 0.5810 0.5810
- val_exp_f1:  0.9074 0.9074 0.9074
- val_non_f1:  0.2937 0.2937 0.2937

13056/13056 [==============================] - 238s - loss: 0.8692 - val_loss: 1.4974
Epoch 42/1000
12992/13056 [============================>.] - ETA: 1s - loss: 0.8712
- val_loss: 1.4873
- val_all_f1:  0.5732 0.5732 0.5732
- val_exp_f1:  0.9105 0.9105 0.9105
- val_non_f1:  0.2764 0.2764 0.2764

13056/13056 [==============================] - 238s - loss: 0.8708 - val_loss: 1.4873
Epoch 43/1000
12992/13056 [============================>.] - ETA: 1s - loss: 0.8743
- val_loss: 1.4606
- val_all_f1:  0.5909 0.5909 0.5909
- val_exp_f1:  0.9211 0.9211 0.9211
- val_non_f1:  0.3008 0.3004 0.3006

13056/13056 [==============================] - 238s - loss: 0.8741 - val_loss: 1.4606
Epoch 44/1000
12992/13056 [============================>.] - ETA: 1s - loss: 0.8500
- val_loss: 1.4879
- val_all_f1:  0.5703 0.5703 0.5703
- val_exp_f1:  0.9090 0.9090 0.9090
- val_non_f1:  0.2724 0.2724 0.2724

13056/13056 [==============================] - 238s - loss: 0.8493 - val_loss: 1.4879
Epoch 45/1000
12992/13056 [============================>.] - ETA: 1s - loss: 0.8532
- val_loss: 1.4509
- val_all_f1:  0.5803 0.5803 0.5803
- val_exp_f1:  0.9135 0.9135 0.9135
- val_non_f1:  0.2870 0.2870 0.2870

13056/13056 [==============================] - 239s - loss: 0.8535 - val_loss: 1.4509
Epoch 46/1000
12992/13056 [============================>.] - ETA: 1s - loss: 0.8683
- val_loss: 1.4609
- val_all_f1:  0.5426 0.5426 0.5426
- val_exp_f1:  0.8847 0.8847 0.8847
- val_non_f1:  0.2420 0.2417 0.2418

13056/13056 [==============================] - 237s - loss: 0.8674 - val_loss: 1.4609
Epoch 47/1000
12992/13056 [============================>.] - ETA: 1s - loss: 0.8941
- val_loss: 1.5297
- val_all_f1:  0.5483 0.5483 0.5483
- val_exp_f1:  0.8816 0.8816 0.8816
- val_non_f1:  0.2553 0.2550 0.2552

13056/13056 [==============================] - 238s - loss: 0.8934 - val_loss: 1.5297
Epoch 48/1000
12992/13056 [============================>.] - ETA: 1s - loss: 0.8637
- val_loss: 1.4561
- val_all_f1:  0.5760 0.5760 0.5760
- val_exp_f1:  0.8938 0.8938 0.8938
- val_non_f1:  0.2968 0.2964 0.2966

13056/13056 [==============================] - 238s - loss: 0.8623 - val_loss: 1.4561
Epoch 49/1000
12992/13056 [============================>.] - ETA: 1s - loss: 0.8751
- val_loss: 1.4625
- val_all_f1:  0.5774 0.5774 0.5774
- val_exp_f1:  0.9029 0.9029 0.9029
- val_non_f1:  0.2911 0.2911 0.2911

13056/13056 [==============================] - 238s - loss: 0.8759 - val_loss: 1.4625
Epoch 50/1000
12992/13056 [============================>.] - ETA: 1s - loss: 0.8672
- val_loss: 1.4497
- val_all_f1:  0.5845 0.5845 0.5845
- val_exp_f1:  0.9105 0.9105 0.9105
- val_non_f1:  0.2977 0.2977 0.2977

13056/13056 [==============================] - 238s - loss: 0.8673 - val_loss: 1.4497
Epoch 51/1000
12992/13056 [============================>.] - ETA: 1s - loss: 0.8382
- val_loss: 1.4575
- val_all_f1:  0.5696 0.5696 0.5696
- val_exp_f1:  0.9090 0.9090 0.9090
- val_non_f1:  0.2710 0.2710 0.2710

13056/13056 [==============================] - 238s - loss: 0.8371 - val_loss: 1.4575
Epoch 52/1000
12992/13056 [============================>.] - ETA: 1s - loss: 0.8444
- val_loss: 1.4601
- val_all_f1:  0.5817 0.5817 0.5817
- val_exp_f1:  0.9165 0.9165 0.9165
- val_non_f1:  0.2870 0.2870 0.2870

13056/13056 [==============================] - 238s - loss: 0.8440 - val_loss: 1.4601
Epoch 53/1000
12992/13056 [============================>.] - ETA: 1s - loss: 0.8303
- val_loss: 1.4595
- val_all_f1:  0.5895 0.5895 0.5895
- val_exp_f1:  0.9074 0.9074 0.9074
- val_non_f1:  0.3097 0.3097 0.3097

13056/13056 [==============================] - 239s - loss: 0.8304 - val_loss: 1.4595
Epoch 54/1000
12992/13056 [============================>.] - ETA: 1s - loss: 0.8440
- val_loss: 1.4648
- val_all_f1:  0.5696 0.5696 0.5696
- val_exp_f1:  0.9044 0.9044 0.9044
- val_non_f1:  0.2754 0.2750 0.2752

13056/13056 [==============================] - 237s - loss: 0.8439 - val_loss: 1.4648
Epoch 55/1000
12992/13056 [============================>.] - ETA: 1s - loss: 0.8263
- val_loss: 1.4781
- val_all_f1:  0.5604 0.5604 0.5604
- val_exp_f1:  0.9014 0.9014 0.9014
- val_non_f1:  0.2607 0.2603 0.2605

13056/13056 [==============================] - 239s - loss: 0.8266 - val_loss: 1.4781
Epoch 56/1000
12992/13056 [============================>.] - ETA: 1s - loss: 0.8237
- val_loss: 1.4509
- val_all_f1:  0.5916 0.5916 0.5916
- val_exp_f1:  0.9105 0.9105 0.9105
- val_non_f1:  0.3111 0.3111 0.3111

13056/13056 [==============================] - 238s - loss: 0.8227 - val_loss: 1.4509
Epoch 57/1000
12992/13056 [============================>.] - ETA: 1s - loss: 0.8199
- val_loss: 1.4415
- val_all_f1:  0.5938 0.5938 0.5938
- val_exp_f1:  0.8998 0.8998 0.8998
- val_non_f1:  0.3244 0.3244 0.3244

13056/13056 [==============================] - 238s - loss: 0.8201 - val_loss: 1.4415
Epoch 58/1000
12992/13056 [============================>.] - ETA: 1s - loss: 0.8508
- val_loss: 1.4693
- val_all_f1:  0.5717 0.5717 0.5717
- val_exp_f1:  0.9074 0.9074 0.9074
- val_non_f1:  0.2764 0.2764 0.2764

13056/13056 [==============================] - 237s - loss: 0.8536 - val_loss: 1.4693
Epoch 59/1000
12992/13056 [============================>.] - ETA: 1s - loss: 0.8404
- val_loss: 1.5702
- val_all_f1:  0.5533 0.5533 0.5533
- val_exp_f1:  0.8983 0.8983 0.8983
- val_non_f1:  0.2500 0.2497 0.2498

13056/13056 [==============================] - 237s - loss: 0.8410 - val_loss: 1.5702
Epoch 60/1000
12992/13056 [============================>.] - ETA: 1s - loss: 0.8368
- val_loss: 1.4536
- val_all_f1:  0.5930 0.5930 0.5930
- val_exp_f1:  0.8953 0.8953 0.8953
- val_non_f1:  0.3271 0.3271 0.3271

13056/13056 [==============================] - 237s - loss: 0.8366 - val_loss: 1.4536
Epoch 61/1000
12992/13056 [============================>.] - ETA: 1s - loss: 0.8089
- val_loss: 1.4895
- val_all_f1:  0.5739 0.5739 0.5739
- val_exp_f1:  0.8938 0.8938 0.8938
- val_non_f1:  0.2924 0.2924 0.2924

13056/13056 [==============================] - 237s - loss: 0.8078 - val_loss: 1.4895
Epoch 62/1000
12992/13056 [============================>.] - ETA: 1s - loss: 0.7948
- val_loss: 1.4685
- val_all_f1:  0.5625 0.5625 0.5625
- val_exp_f1:  0.9014 0.9014 0.9014
- val_non_f1:  0.2644 0.2644 0.2644

13056/13056 [==============================] - 237s - loss: 0.7943 - val_loss: 1.4685
Epoch 63/1000
12992/13056 [============================>.] - ETA: 1s - loss: 0.8118
- val_loss: 1.4680
- val_all_f1:  0.5831 0.5831 0.5831
- val_exp_f1:  0.9044 0.9044 0.9044
- val_non_f1:  0.3004 0.3004 0.3004

13056/13056 [==============================] - 237s - loss: 0.8123 - val_loss: 1.4680
Epoch 64/1000
12992/13056 [============================>.] - ETA: 1s - loss: 0.8124
- val_loss: 1.4403
- val_all_f1:  0.6009 0.6009 0.6009
- val_exp_f1:  0.9135 0.9135 0.9135
- val_non_f1:  0.3258 0.3258 0.3258

13056/13056 [==============================] - 238s - loss: 0.8143 - val_loss: 1.4403
Epoch 65/1000
12992/13056 [============================>.] - ETA: 1s - loss: 0.7974
- val_loss: 1.4937
- val_all_f1:  0.5547 0.5547 0.5547
- val_exp_f1:  0.8786 0.8786 0.8786
- val_non_f1:  0.2701 0.2697 0.2699

13056/13056 [==============================] - 237s - loss: 0.7970 - val_loss: 1.4937
Epoch 66/1000
12992/13056 [============================>.] - ETA: 1s - loss: 0.7924
- val_loss: 1.4910
- val_all_f1:  0.5554 0.5554 0.5554
- val_exp_f1:  0.8998 0.8998 0.8998
- val_non_f1:  0.2527 0.2523 0.2525

13056/13056 [==============================] - 237s - loss: 0.7924 - val_loss: 1.4910
Epoch 67/1000
12992/13056 [============================>.] - ETA: 1s - loss: 0.8042
- val_loss: 1.4243
- val_all_f1:  0.5980 0.5980 0.5980
- val_exp_f1:  0.9044 0.9044 0.9044
- val_non_f1:  0.3289 0.3284 0.3287

13056/13056 [==============================] - 237s - loss: 0.8041 - val_loss: 1.4243
Epoch 68/1000
12992/13056 [============================>.] - ETA: 1s - loss: 0.8343
- val_loss: 1.5306
- val_all_f1:  0.5582 0.5582 0.5582
- val_exp_f1:  0.9029 0.9029 0.9029
- val_non_f1:  0.2550 0.2550 0.2550

13056/13056 [==============================] - 237s - loss: 0.8336 - val_loss: 1.5306
Epoch 69/1000
12992/13056 [============================>.] - ETA: 1s - loss: 0.8279
- val_loss: 1.4406
- val_all_f1:  0.5859 0.5859 0.5859
- val_exp_f1:  0.9074 0.9074 0.9074
- val_non_f1:  0.3035 0.3031 0.3033

13056/13056 [==============================] - 237s - loss: 0.8292 - val_loss: 1.4406
Epoch 70/1000
12992/13056 [============================>.] - ETA: 1s - loss: 0.8120
- val_loss: 1.4994
- val_all_f1:  0.5661 0.5661 0.5661
- val_exp_f1:  0.9105 0.9105 0.9105
- val_non_f1:  0.2630 0.2630 0.2630

13056/13056 [==============================] - 237s - loss: 0.8126 - val_loss: 1.4994
Epoch 71/1000
12992/13056 [============================>.] - ETA: 1s - loss: 0.7664
- val_loss: 1.4794
- val_all_f1:  0.5774 0.5774 0.5774
- val_exp_f1:  0.8968 0.8968 0.8968
- val_non_f1:  0.2964 0.2964 0.2964

13056/13056 [==============================] - 238s - loss: 0.7650 - val_loss: 1.4794
Epoch 72/1000
12992/13056 [============================>.] - ETA: 1s - loss: 0.7903
- val_loss: 1.5714
- val_all_f1:  0.5462 0.5462 0.5462
- val_exp_f1:  0.8892 0.8892 0.8892
- val_non_f1:  0.2443 0.2443 0.2443

13056/13056 [==============================] - 238s - loss: 0.7901 - val_loss: 1.5714
Epoch 73/1000
12992/13056 [============================>.] - ETA: 1s - loss: 0.7971
- val_loss: 1.5085
- val_all_f1:  0.5653 0.5653 0.5653
- val_exp_f1:  0.9029 0.9029 0.9029
- val_non_f1:  0.2684 0.2684 0.2684

13056/13056 [==============================] - 238s - loss: 0.7995 - val_loss: 1.5085
Epoch 74/1000
12992/13056 [============================>.] - ETA: 1s - loss: 0.7749
- val_loss: 1.4641
- val_all_f1:  0.5852 0.5852 0.5852
- val_exp_f1:  0.9120 0.9120 0.9120
- val_non_f1:  0.2977 0.2977 0.2977

13056/13056 [==============================] - 237s - loss: 0.7765 - val_loss: 1.4641
Epoch 75/1000
12992/13056 [============================>.] - ETA: 1s - loss: 0.7898
- val_loss: 1.5486
- val_all_f1:  0.5447 0.5447 0.5447
- val_exp_f1:  0.9090 0.9090 0.9090
- val_non_f1:  0.2243 0.2243 0.2243

13056/13056 [==============================] - 237s - loss: 0.7904 - val_loss: 1.5486
Epoch 76/1000
12992/13056 [============================>.] - ETA: 1s - loss: 0.7848
- val_loss: 1.4650
- val_all_f1:  0.5746 0.5746 0.5746
- val_exp_f1:  0.9044 0.9044 0.9044
- val_non_f1:  0.2844 0.2844 0.2844

13056/13056 [==============================] - 237s - loss: 0.7839 - val_loss: 1.4650
Epoch 77/1000
12992/13056 [============================>.] - ETA: 1s - loss: 0.7695
- val_loss: 1.4619
- val_all_f1:  0.5661 0.5661 0.5661
- val_exp_f1:  0.8907 0.8907 0.8907
- val_non_f1:  0.2804 0.2804 0.2804

13056/13056 [==============================] - 237s - loss: 0.7693 - val_loss: 1.4619
Epoch 78/1000
12992/13056 [============================>.] - ETA: 1s - loss: 0.7946
- val_loss: 1.4929
- val_all_f1:  0.5504 0.5504 0.5504
- val_exp_f1:  0.8877 0.8877 0.8877
- val_non_f1:  0.2540 0.2537 0.2538

13056/13056 [==============================] - 238s - loss: 0.7940 - val_loss: 1.4929
Epoch 79/1000
12992/13056 [============================>.] - ETA: 1s - loss: 0.7874
- val_loss: 1.4953
- val_all_f1:  0.5533 0.5533 0.5533
- val_exp_f1:  0.9044 0.9044 0.9044
- val_non_f1:  0.2443 0.2443 0.2443

13056/13056 [==============================] - 237s - loss: 0.7874 - val_loss: 1.4953
Epoch 80/1000
12992/13056 [============================>.] - ETA: 1s - loss: 0.7710
- val_loss: 1.4988
- val_all_f1:  0.5589 0.5589 0.5589
- val_exp_f1:  0.8892 0.8892 0.8892
- val_non_f1:  0.2687 0.2684 0.2685

13056/13056 [==============================] - 237s - loss: 0.7705 - val_loss: 1.4988
Epoch 81/1000
12992/13056 [============================>.] - ETA: 1s - loss: 0.7422
- val_loss: 1.5581
- val_all_f1:  0.5497 0.5497 0.5497
- val_exp_f1:  0.9029 0.9029 0.9029
- val_non_f1:  0.2390 0.2390 0.2390

13056/13056 [==============================] - 237s - loss: 0.7431 - val_loss: 1.5581
Epoch 82/1000
12992/13056 [============================>.] - ETA: 1s - loss: 0.7551
- val_loss: 1.5802
- val_all_f1:  0.5440 0.5440 0.5440
- val_exp_f1:  0.9014 0.9014 0.9014
- val_non_f1:  0.2296 0.2296 0.2296

13056/13056 [==============================] - 237s - loss: 0.7558 - val_loss: 1.5802
Epoch 83/1000
12992/13056 [============================>.] - ETA: 1s - loss: 0.7381
- val_loss: 1.5045
- val_all_f1:  0.5604 0.5604 0.5604
- val_exp_f1:  0.8998 0.8998 0.8998
- val_non_f1:  0.2617 0.2617 0.2617

13056/13056 [==============================] - 238s - loss: 0.7381 - val_loss: 1.5045
Epoch 84/1000
12992/13056 [============================>.] - ETA: 1s - loss: 0.7710
- val_loss: 1.5869
- val_all_f1:  0.5604 0.5604 0.5604
- val_exp_f1:  0.9120 0.9120 0.9120
- val_non_f1:  0.2510 0.2510 0.2510

13056/13056 [==============================] - 237s - loss: 0.7711 - val_loss: 1.5869
Epoch 85/1000
12992/13056 [============================>.] - ETA: 1s - loss: 0.7593
- val_loss: 1.4906
- val_all_f1:  0.5732 0.5732 0.5732
- val_exp_f1:  0.9090 0.9090 0.9090
- val_non_f1:  0.2777 0.2777 0.2777

13056/13056 [==============================] - 237s - loss: 0.7578 - val_loss: 1.4906
Epoch 86/1000
12992/13056 [============================>.] - ETA: 1s - loss: 0.7695
- val_loss: 1.5305
- val_all_f1:  0.5540 0.5540 0.5540
- val_exp_f1:  0.9014 0.9014 0.9014
- val_non_f1:  0.2483 0.2483 0.2483

13056/13056 [==============================] - 236s - loss: 0.7691 - val_loss: 1.5305
Epoch 87/1000
12992/13056 [============================>.] - ETA: 1s - loss: 0.7593
- val_loss: 1.5487
- val_all_f1:  0.5540 0.5540 0.5540
- val_exp_f1:  0.9029 0.9029 0.9029
- val_non_f1:  0.2470 0.2470 0.2470

13056/13056 [==============================] - 237s - loss: 0.7598 - val_loss: 1.5487
Epoch 88/1000
12992/13056 [============================>.] - ETA: 1s - loss: 0.7486
- val_loss: 1.5916
- val_all_f1:  0.5483 0.5483 0.5483
- val_exp_f1:  0.8983 0.8983 0.8983
- val_non_f1:  0.2403 0.2403 0.2403

13056/13056 [==============================] - 237s - loss: 0.7492 - val_loss: 1.5916
Epoch 89/1000
12992/13056 [============================>.] - ETA: 1s - loss: 0.7616
- val_loss: 1.5303
- val_all_f1:  0.5426 0.5426 0.5426
- val_exp_f1:  0.8998 0.8998 0.8998
- val_non_f1:  0.2283 0.2283 0.2283

13056/13056 [==============================] - 237s - loss: 0.7628 - val_loss: 1.5303
Epoch 90/1000
12992/13056 [============================>.] - ETA: 1s - loss: 0.7494
- val_loss: 1.4563
- val_all_f1:  0.5753 0.5753 0.5753
- val_exp_f1:  0.9074 0.9074 0.9074
- val_non_f1:  0.2830 0.2830 0.2830

13056/13056 [==============================] - 238s - loss: 0.7504 - val_loss: 1.4563
Epoch 91/1000
12992/13056 [============================>.] - ETA: 1s - loss: 0.7327
- val_loss: 1.5587
- val_all_f1:  0.5625 0.5625 0.5625
- val_exp_f1:  0.8953 0.8953 0.8953
- val_non_f1:  0.2697 0.2697 0.2697

13056/13056 [==============================] - 238s - loss: 0.7349 - val_loss: 1.5587
Epoch 92/1000
12992/13056 [============================>.] - ETA: 1s - loss: 0.7331
- val_loss: 1.5203
- val_all_f1:  0.5739 0.5739 0.5739
- val_exp_f1:  0.8907 0.8907 0.8907
- val_non_f1:  0.2951 0.2951 0.2951

13056/13056 [==============================] - 237s - loss: 0.7339 - val_loss: 1.5203
Epoch 93/1000
12992/13056 [============================>.] - ETA: 1s - loss: 0.7346
- val_loss: 1.5571
- val_all_f1:  0.5703 0.5703 0.5703
- val_exp_f1:  0.9029 0.9029 0.9029
- val_non_f1:  0.2777 0.2777 0.2777

13056/13056 [==============================] - 237s - loss: 0.7350 - val_loss: 1.5571
Epoch 94/1000
12992/13056 [============================>.] - ETA: 1s - loss: 0.7091
- val_loss: 1.5374
- val_all_f1:  0.5739 0.5739 0.5739
- val_exp_f1:  0.9074 0.9074 0.9074
- val_non_f1:  0.2804 0.2804 0.2804

13056/13056 [==============================] - 237s - loss: 0.7104 - val_loss: 1.5374
Epoch 95/1000
12992/13056 [============================>.] - ETA: 1s - loss: 0.7256
- val_loss: 1.4746
- val_all_f1:  0.6016 0.6016 0.6016
- val_exp_f1:  0.9074 0.9074 0.9074
- val_non_f1:  0.3324 0.3324 0.3324

13056/13056 [==============================] - 238s - loss: 0.7248 - val_loss: 1.4746
Epoch 96/1000
12992/13056 [============================>.] - ETA: 1s - loss: 0.7345
- val_loss: 1.5106
- val_all_f1:  0.5675 0.5675 0.5675
- val_exp_f1:  0.9029 0.9029 0.9029
- val_non_f1:  0.2724 0.2724 0.2724

13056/13056 [==============================] - 238s - loss: 0.7335 - val_loss: 1.5106
Epoch 97/1000
12992/13056 [============================>.] - ETA: 1s - loss: 0.7239
- val_loss: 1.4742
- val_all_f1:  0.5810 0.5810 0.5810
- val_exp_f1:  0.9120 0.9120 0.9120
- val_non_f1:  0.2897 0.2897 0.2897

13056/13056 [==============================] - 237s - loss: 0.7263 - val_loss: 1.4742
Epoch 98/1000
12992/13056 [============================>.] - ETA: 1s - loss: 0.7465
- val_loss: 1.5028
- val_all_f1:  0.5625 0.5625 0.5625
- val_exp_f1:  0.8953 0.8953 0.8953
- val_non_f1:  0.2697 0.2697 0.2697

13056/13056 [==============================] - 237s - loss: 0.7463 - val_loss: 1.5028
Epoch 99/1000
12992/13056 [============================>.] - ETA: 1s - loss: 0.7379
- val_loss: 1.6360
- val_all_f1:  0.5355 0.5355 0.5355
- val_exp_f1:  0.8892 0.8892 0.8892
- val_non_f1:  0.2243 0.2243 0.2243

13056/13056 [==============================] - 237s - loss: 0.7375 - val_loss: 1.6360
Epoch 100/1000
12992/13056 [============================>.] - ETA: 1s - loss: 0.7493
- val_loss: 1.5680
- val_all_f1:  0.5547 0.5547 0.5547
- val_exp_f1:  0.9059 0.9059 0.9059
- val_non_f1:  0.2457 0.2457 0.2457

13056/13056 [==============================] - 237s - loss: 0.7489 - val_loss: 1.5680
Epoch 101/1000
12992/13056 [============================>.] - ETA: 1s - loss: 0.7094
- val_loss: 1.5822
- val_all_f1:  0.5526 0.5526 0.5526
- val_exp_f1:  0.9059 0.9059 0.9059
- val_non_f1:  0.2417 0.2417 0.2417

13056/13056 [==============================] - 237s - loss: 0.7087 - val_loss: 1.5822
Epoch 102/1000
12992/13056 [============================>.] - ETA: 1s - loss: 0.7199
- val_loss: 1.4675
- val_all_f1:  0.5838 0.5838 0.5838
- val_exp_f1:  0.9014 0.9014 0.9014
- val_non_f1:  0.3044 0.3044 0.3044

13056/13056 [==============================] - 237s - loss: 0.7215 - val_loss: 1.4675
Epoch 103/1000
12992/13056 [============================>.] - ETA: 1s - loss: 0.7215
- val_loss: 1.5503
- val_all_f1:  0.5717 0.5717 0.5717
- val_exp_f1:  0.8968 0.8968 0.8968
- val_non_f1:  0.2857 0.2857 0.2857

13056/13056 [==============================] - 237s - loss: 0.7203 - val_loss: 1.5503
Epoch 104/1000
12992/13056 [============================>.] - ETA: 1s - loss: 0.6962
- val_loss: 1.5407
- val_all_f1:  0.5710 0.5710 0.5710
- val_exp_f1:  0.9226 0.9226 0.9226
- val_non_f1:  0.2617 0.2617 0.2617

13056/13056 [==============================] - 236s - loss: 0.6951 - val_loss: 1.5407
Epoch 105/1000
12992/13056 [============================>.] - ETA: 1s - loss: 0.7004
- val_loss: 1.5628
- val_all_f1:  0.5767 0.5767 0.5767
- val_exp_f1:  0.8892 0.8892 0.8892
- val_non_f1:  0.3017 0.3017 0.3017

13056/13056 [==============================] - 237s - loss: 0.7007 - val_loss: 1.5628
Epoch 106/1000
12992/13056 [============================>.] - ETA: 1s - loss: 0.7193
- val_loss: 1.6679
- val_all_f1:  0.5298 0.5298 0.5298
- val_exp_f1:  0.8907 0.8907 0.8907
- val_non_f1:  0.2123 0.2123 0.2123

13056/13056 [==============================] - 236s - loss: 0.7192 - val_loss: 1.6679
Epoch 107/1000
12992/13056 [============================>.] - ETA: 1s - loss: 0.7380
- val_loss: 1.5785
- val_all_f1:  0.5547 0.5547 0.5547
- val_exp_f1:  0.8983 0.8983 0.8983
- val_non_f1:  0.2523 0.2523 0.2523

13056/13056 [==============================] - 236s - loss: 0.7373 - val_loss: 1.5785
Epoch 108/1000
12992/13056 [============================>.] - ETA: 1s - loss: 0.7271
- val_loss: 1.5640
- val_all_f1:  0.5568 0.5568 0.5568
- val_exp_f1:  0.9059 0.9059 0.9059
- val_non_f1:  0.2497 0.2497 0.2497

13056/13056 [==============================] - 236s - loss: 0.7296 - val_loss: 1.5640
Epoch 109/1000
12992/13056 [============================>.] - ETA: 1s - loss: 0.7011
- val_loss: 1.5501
- val_all_f1:  0.5597 0.5597 0.5597
- val_exp_f1:  0.9090 0.9090 0.9090
- val_non_f1:  0.2523 0.2523 0.2523

13056/13056 [==============================] - 236s - loss: 0.7015 - val_loss: 1.5501
Epoch 110/1000
12992/13056 [============================>.] - ETA: 1s - loss: 0.7256
- val_loss: 1.5015
- val_all_f1:  0.5803 0.5803 0.5803
- val_exp_f1:  0.9029 0.9029 0.9029
- val_non_f1:  0.2964 0.2964 0.2964

13056/13056 [==============================] - 237s - loss: 0.7242 - val_loss: 1.5015
Epoch 111/1000
12992/13056 [============================>.] - ETA: 1s - loss: 0.7049
- val_loss: 1.6335
- val_all_f1:  0.5455 0.5455 0.5455
- val_exp_f1:  0.8998 0.8998 0.8998
- val_non_f1:  0.2336 0.2336 0.2336

13056/13056 [==============================] - 237s - loss: 0.7052 - val_loss: 1.6335
Epoch 112/1000
12992/13056 [============================>.] - ETA: 1s - loss: 0.7108
- val_loss: 1.5697
- val_all_f1:  0.5547 0.5547 0.5547
- val_exp_f1:  0.8907 0.8907 0.8907
- val_non_f1:  0.2590 0.2590 0.2590

13056/13056 [==============================] - 237s - loss: 0.7107 - val_loss: 1.5697
Epoch 113/1000
12992/13056 [============================>.] - ETA: 1s - loss: 0.6816
- val_loss: 1.5589
- val_all_f1:  0.5632 0.5632 0.5632
- val_exp_f1:  0.8983 0.8983 0.8983
- val_non_f1:  0.2684 0.2684 0.2684

13056/13056 [==============================] - 237s - loss: 0.6810 - val_loss: 1.5589
Epoch 114/1000
12992/13056 [============================>.] - ETA: 1s - loss: 0.6830
- val_loss: 1.5241
- val_all_f1:  0.5871 0.5866 0.5869
- val_exp_f1:  0.9073 0.9059 0.9066
- val_non_f1:  0.3057 0.3057 0.3057

13056/13056 [==============================] - 238s - loss: 0.6816 - val_loss: 1.5241
Epoch 115/1000
12992/13056 [============================>.] - ETA: 1s - loss: 0.7072
- val_loss: 1.6168
- val_all_f1:  0.5511 0.5511 0.5511
- val_exp_f1:  0.9074 0.9074 0.9074
- val_non_f1:  0.2377 0.2377 0.2377

13056/13056 [==============================] - 237s - loss: 0.7068 - val_loss: 1.6168
Epoch 116/1000
12992/13056 [============================>.] - ETA: 1s - loss: 0.7051
- val_loss: 1.5346
- val_all_f1:  0.5668 0.5668 0.5668
- val_exp_f1:  0.9044 0.9044 0.9044
- val_non_f1:  0.2697 0.2697 0.2697

13056/13056 [==============================] - 237s - loss: 0.7050 - val_loss: 1.5346
Epoch 117/1000
12992/13056 [============================>.] - ETA: 1s - loss: 0.7052
- val_loss: 1.5862
- val_all_f1:  0.5483 0.5483 0.5483
- val_exp_f1:  0.8756 0.8756 0.8756
- val_non_f1:  0.2603 0.2603 0.2603

13056/13056 [==============================] - 236s - loss: 0.7076 - val_loss: 1.5862
Epoch 118/1000
12992/13056 [============================>.] - ETA: 1s - loss: 0.7001
- val_loss: 1.6405
- val_all_f1:  0.5426 0.5426 0.5426
- val_exp_f1:  0.8725 0.8725 0.8725
- val_non_f1:  0.2523 0.2523 0.2523

13056/13056 [==============================] - 237s - loss: 0.7003 - val_loss: 1.6405
Epoch 119/1000
12992/13056 [============================>.] - ETA: 1s - loss: 0.7339
- val_loss: 1.5768
- val_all_f1:  0.5561 0.5561 0.5561
- val_exp_f1:  0.9059 0.9059 0.9059
- val_non_f1:  0.2483 0.2483 0.2483

13056/13056 [==============================] - 237s - loss: 0.7338 - val_loss: 1.5768
Epoch 120/1000
12992/13056 [============================>.] - ETA: 1s - loss: 0.7020
- val_loss: 1.5283
- val_all_f1:  0.5625 0.5625 0.5625
- val_exp_f1:  0.8953 0.8953 0.8953
- val_non_f1:  0.2697 0.2697 0.2697

13056/13056 [==============================] - 237s - loss: 0.7010 - val_loss: 1.5283
Epoch 121/1000
12992/13056 [============================>.] - ETA: 1s - loss: 0.6727
- val_loss: 1.5623
- val_all_f1:  0.5646 0.5646 0.5646
- val_exp_f1:  0.8968 0.8968 0.8968
- val_non_f1:  0.2724 0.2724 0.2724

13056/13056 [==============================] - 237s - loss: 0.6714 - val_loss: 1.5623
Epoch 122/1000
12992/13056 [============================>.] - ETA: 1s - loss: 0.6933
- val_loss: 1.5353
- val_all_f1:  0.5689 0.5689 0.5689
- val_exp_f1:  0.9044 0.9044 0.9044
- val_non_f1:  0.2737 0.2737 0.2737

13056/13056 [==============================] - 237s - loss: 0.6935 - val_loss: 1.5353
Epoch 123/1000
12992/13056 [============================>.] - ETA: 1s - loss: 0.7028
- val_loss: 1.5447
- val_all_f1:  0.5632 0.5632 0.5632
- val_exp_f1:  0.8832 0.8832 0.8832
- val_non_f1:  0.2817 0.2817 0.2817

13056/13056 [==============================] - 237s - loss: 0.7029 - val_loss: 1.5447
Epoch 124/1000
12992/13056 [============================>.] - ETA: 1s - loss: 0.6770
- val_loss: 1.7245
- val_all_f1:  0.5092 0.5092 0.5092
- val_exp_f1:  0.8543 0.8543 0.8543
- val_non_f1:  0.2056 0.2056 0.2056

13056/13056 [==============================] - 236s - loss: 0.6757 - val_loss: 1.7245
Epoch 125/1000
12992/13056 [============================>.] - ETA: 1s - loss: 0.6982
- val_loss: 1.6053
- val_all_f1:  0.5483 0.5483 0.5483
- val_exp_f1:  0.8923 0.8923 0.8923
- val_non_f1:  0.2457 0.2457 0.2457

13056/13056 [==============================] - 242s - loss: 0.6983 - val_loss: 1.6053
Epoch 126/1000
12992/13056 [============================>.] - ETA: 1s - loss: 0.6791
- val_loss: 1.5278
- val_all_f1:  0.5753 0.5753 0.5753
- val_exp_f1:  0.9120 0.9120 0.9120
- val_non_f1:  0.2790 0.2790 0.2790

13056/13056 [==============================] - 237s - loss: 0.6811 - val_loss: 1.5278
Epoch 127/1000
12992/13056 [============================>.] - ETA: 1s - loss: 0.6748
- val_loss: 1.5506
- val_all_f1:  0.5632 0.5632 0.5632
- val_exp_f1:  0.8923 0.8923 0.8923
- val_non_f1:  0.2737 0.2737 0.2737

13056/13056 [==============================] - 236s - loss: 0.6749 - val_loss: 1.5506
Epoch 128/1000
12992/13056 [============================>.] - ETA: 1s - loss: 0.7155
- val_loss: 1.5419
- val_all_f1:  0.5668 0.5668 0.5668
- val_exp_f1:  0.9029 0.9029 0.9029
- val_non_f1:  0.2710 0.2710 0.2710

13056/13056 [==============================] - 237s - loss: 0.7153 - val_loss: 1.5419
Epoch 129/1000
12992/13056 [============================>.] - ETA: 1s - loss: 0.6869
- val_loss: 1.5112
- val_all_f1:  0.5732 0.5732 0.5732
- val_exp_f1:  0.8968 0.8968 0.8968
- val_non_f1:  0.2884 0.2884 0.2884

13056/13056 [==============================] - 236s - loss: 0.6880 - val_loss: 1.5112
Epoch 130/1000
12992/13056 [============================>.] - ETA: 1s - loss: 0.6643
- val_loss: 1.6335
- val_all_f1:  0.5554 0.5554 0.5554
- val_exp_f1:  0.8968 0.8968 0.8968
- val_non_f1:  0.2550 0.2550 0.2550

13056/13056 [==============================] - 237s - loss: 0.6640 - val_loss: 1.6335
Epoch 131/1000
12992/13056 [============================>.] - ETA: 1s - loss: 0.6748
- val_loss: 1.6272
- val_all_f1:  0.5547 0.5547 0.5547
- val_exp_f1:  0.8938 0.8938 0.8938
- val_non_f1:  0.2563 0.2563 0.2563

13056/13056 [==============================] - 237s - loss: 0.6753 - val_loss: 1.6272
Epoch 132/1000
12992/13056 [============================>.] - ETA: 1s - loss: 0.6566
- val_loss: 1.6144
- val_all_f1:  0.5490 0.5490 0.5490
- val_exp_f1:  0.8756 0.8756 0.8756
- val_non_f1:  0.2617 0.2617 0.2617

13056/13056 [==============================] - 238s - loss: 0.6560 - val_loss: 1.6144
Epoch 133/1000
12992/13056 [============================>.] - ETA: 1s - loss: 0.6678
- val_loss: 1.5919
- val_all_f1:  0.5440 0.5440 0.5440
- val_exp_f1:  0.8923 0.8923 0.8923
- val_non_f1:  0.2377 0.2377 0.2377

13056/13056 [==============================] - 238s - loss: 0.6669 - val_loss: 1.5919
Epoch 134/1000
12992/13056 [============================>.] - ETA: 1s - loss: 0.7047
- val_loss: 1.5464
- val_all_f1:  0.5611 0.5611 0.5611
- val_exp_f1:  0.9014 0.9014 0.9014
- val_non_f1:  0.2617 0.2617 0.2617

13056/13056 [==============================] - 237s - loss: 0.7043 - val_loss: 1.5464
Epoch 135/1000
12992/13056 [============================>.] - ETA: 1s - loss: 0.6719
- val_loss: 1.6238
- val_all_f1:  0.5469 0.5469 0.5469
- val_exp_f1:  0.8862 0.8862 0.8862
- val_non_f1:  0.2483 0.2483 0.2483

13056/13056 [==============================] - 238s - loss: 0.6721 - val_loss: 1.6238
Epoch 136/1000
12992/13056 [============================>.] - ETA: 1s - loss: 0.6562
- val_loss: 1.6036
- val_all_f1:  0.5433 0.5433 0.5433
- val_exp_f1:  0.8832 0.8832 0.8832
- val_non_f1:  0.2443 0.2443 0.2443

13056/13056 [==============================] - 238s - loss: 0.6582 - val_loss: 1.6036
Epoch 137/1000
12992/13056 [============================>.] - ETA: 1s - loss: 0.6656
- val_loss: 1.5787
- val_all_f1:  0.5632 0.5632 0.5632
- val_exp_f1:  0.8983 0.8983 0.8983
- val_non_f1:  0.2684 0.2684 0.2684

13056/13056 [==============================] - 238s - loss: 0.6644 - val_loss: 1.5787
Epoch 138/1000
12992/13056 [============================>.] - ETA: 1s - loss: 0.6746
- val_loss: 1.5506
- val_all_f1:  0.5547 0.5547 0.5547
- val_exp_f1:  0.8983 0.8983 0.8983
- val_non_f1:  0.2523 0.2523 0.2523

13056/13056 [==============================] - 238s - loss: 0.6746 - val_loss: 1.5506
Epoch 139/1000
12992/13056 [============================>.] - ETA: 1s - loss: 0.6982
- val_loss: 1.6223
- val_all_f1:  0.5426 0.5426 0.5426
- val_exp_f1:  0.8907 0.8907 0.8907
- val_non_f1:  0.2363 0.2363 0.2363

13056/13056 [==============================] - 238s - loss: 0.6988 - val_loss: 1.6223
Epoch 140/1000
12992/13056 [============================>.] - ETA: 1s - loss: 0.6777
- val_loss: 1.6364
- val_all_f1:  0.5518 0.5518 0.5518
- val_exp_f1:  0.8847 0.8847 0.8847
- val_non_f1:  0.2590 0.2590 0.2590

13056/13056 [==============================] - 237s - loss: 0.6782 - val_loss: 1.6364
Epoch 141/1000
12992/13056 [============================>.] - ETA: 1s - loss: 0.6379
- val_loss: 1.5637
- val_all_f1:  0.5707 0.5703 0.5705
- val_exp_f1:  0.8877 0.8877 0.8877
- val_non_f1:  0.2914 0.2911 0.2912

13056/13056 [==============================] - 238s - loss: 0.6374 - val_loss: 1.5637
Epoch 142/1000
12992/13056 [============================>.] - ETA: 1s - loss: 0.6627
- val_loss: 1.6443
- val_all_f1:  0.5447 0.5447 0.5447
- val_exp_f1:  0.9029 0.9029 0.9029
- val_non_f1:  0.2296 0.2296 0.2296

13056/13056 [==============================] - 238s - loss: 0.6625 - val_loss: 1.6443
Epoch 143/1000
12992/13056 [============================>.] - ETA: 1s - loss: 0.6411
- val_loss: 1.5735
- val_all_f1:  0.5625 0.5625 0.5625
- val_exp_f1:  0.8953 0.8953 0.8953
- val_non_f1:  0.2697 0.2697 0.2697

13056/13056 [==============================] - 238s - loss: 0.6403 - val_loss: 1.5735
Epoch 144/1000
12992/13056 [============================>.] - ETA: 1s - loss: 0.6320
- val_loss: 1.5646
- val_all_f1:  0.5710 0.5710 0.5710
- val_exp_f1:  0.8938 0.8938 0.8938
- val_non_f1:  0.2870 0.2870 0.2870

13056/13056 [==============================] - 244s - loss: 0.6321 - val_loss: 1.5646
Epoch 145/1000
12992/13056 [============================>.] - ETA: 1s - loss: 0.6554
- val_loss: 1.5875
- val_all_f1:  0.5849 0.5845 0.5847
- val_exp_f1:  0.9074 0.9074 0.9074
- val_non_f1:  0.3008 0.3004 0.3006

13056/13056 [==============================] - 238s - loss: 0.6551 - val_loss: 1.5875
Epoch 146/1000
12992/13056 [============================>.] - ETA: 1s - loss: 0.6621
- val_loss: 1.5519
- val_all_f1:  0.5612 0.5604 0.5608
- val_exp_f1:  0.9043 0.9029 0.9036
- val_non_f1:  0.2594 0.2590 0.2592

13056/13056 [==============================] - 238s - loss: 0.6620 - val_loss: 1.5519
Epoch 147/1000
12992/13056 [============================>.] - ETA: 1s - loss: 0.6976
- val_loss: 1.5423
- val_all_f1:  0.5772 0.5760 0.5766
- val_exp_f1:  0.9056 0.9029 0.9043
- val_non_f1:  0.2888 0.2884 0.2886

13056/13056 [==============================] - 238s - loss: 0.6975 - val_loss: 1.5423
Epoch 148/1000
12992/13056 [============================>.] - ETA: 1s - loss: 0.6646
- val_loss: 1.6204
- val_all_f1:  0.5440 0.5440 0.5440
- val_exp_f1:  0.8968 0.8968 0.8968
- val_non_f1:  0.2336 0.2336 0.2336

13056/13056 [==============================] - 238s - loss: 0.6642 - val_loss: 1.6204
Epoch 149/1000
12992/13056 [============================>.] - ETA: 1s - loss: 0.6519
- val_loss: 1.5940
- val_all_f1:  0.5490 0.5490 0.5490
- val_exp_f1:  0.8907 0.8907 0.8907
- val_non_f1:  0.2483 0.2483 0.2483

13056/13056 [==============================] - 238s - loss: 0.6524 - val_loss: 1.5940
Epoch 150/1000
12992/13056 [============================>.] - ETA: 1s - loss: 0.6532
- val_loss: 1.6809
- val_all_f1:  0.5487 0.5483 0.5485
- val_exp_f1:  0.9044 0.9044 0.9044
- val_non_f1:  0.2353 0.2350 0.2351

13056/13056 [==============================] - 237s - loss: 0.6536 - val_loss: 1.6809
Epoch 151/1000
12992/13056 [============================>.] - ETA: 1s - loss: 0.6514
- val_loss: 1.5922
- val_all_f1:  0.5561 0.5561 0.5561
- val_exp_f1:  0.8998 0.8998 0.8998
- val_non_f1:  0.2537 0.2537 0.2537

13056/13056 [==============================] - 237s - loss: 0.6516 - val_loss: 1.5922
Epoch 152/1000
12992/13056 [============================>.] - ETA: 1s - loss: 0.6414
- val_loss: 1.6223
- val_all_f1:  0.5653 0.5653 0.5653
- val_exp_f1:  0.9074 0.9074 0.9074
- val_non_f1:  0.2644 0.2644 0.2644

13056/13056 [==============================] - 237s - loss: 0.6424 - val_loss: 1.6223
Epoch 153/1000
12992/13056 [============================>.] - ETA: 1s - loss: 0.6428
- val_loss: 1.6921
- val_all_f1:  0.5412 0.5412 0.5412
- val_exp_f1:  0.8953 0.8953 0.8953
- val_non_f1:  0.2299 0.2296 0.2298

13056/13056 [==============================] - 238s - loss: 0.6429 - val_loss: 1.6921
Epoch 154/1000
12992/13056 [============================>.] - ETA: 1s - loss: 0.6536
- val_loss: 1.5801
- val_all_f1:  0.5740 0.5732 0.5736
- val_exp_f1:  0.9043 0.9029 0.9036
- val_non_f1:  0.2834 0.2830 0.2832

13056/13056 [==============================] - 238s - loss: 0.6535 - val_loss: 1.5801
Epoch 155/1000
12992/13056 [============================>.] - ETA: 1s - loss: 0.6608
- val_loss: 1.6022
- val_all_f1:  0.5576 0.5568 0.5572
- val_exp_f1:  0.8723 0.8710 0.8717
- val_non_f1:  0.2807 0.2804 0.2806

13056/13056 [==============================] - 238s - loss: 0.6598 - val_loss: 1.6022
Epoch 156/1000
12992/13056 [============================>.] - ETA: 1s - loss: 0.6463
- val_loss: 1.5895
- val_all_f1:  0.5541 0.5526 0.5533
- val_exp_f1:  0.8918 0.8877 0.8897
- val_non_f1:  0.2580 0.2577 0.2578

13056/13056 [==============================] - 239s - loss: 0.6473 - val_loss: 1.5895
Epoch 157/1000
12992/13056 [============================>.] - ETA: 1s - loss: 0.6434
- val_loss: 1.5837
- val_all_f1:  0.5582 0.5582 0.5582
- val_exp_f1:  0.8998 0.8998 0.8998
- val_non_f1:  0.2577 0.2577 0.2577

13056/13056 [==============================] - 239s - loss: 0.6435 - val_loss: 1.5837
Epoch 158/1000
12992/13056 [============================>.] - ETA: 1s - loss: 0.6617
- val_loss: 1.5790
- val_all_f1:  0.5675 0.5675 0.5675
- val_exp_f1:  0.9074 0.9074 0.9074
- val_non_f1:  0.2684 0.2684 0.2684

13056/13056 [==============================] - 239s - loss: 0.6603 - val_loss: 1.5790
Epoch 159/1000
12992/13056 [============================>.] - ETA: 1s - loss: 0.6255
- val_loss: 1.5985
- val_all_f1:  0.5717 0.5717 0.5717
- val_exp_f1:  0.9105 0.9105 0.9105
- val_non_f1:  0.2737 0.2737 0.2737

13056/13056 [==============================] - 238s - loss: 0.6266 - val_loss: 1.5985
Epoch 160/1000
12992/13056 [============================>.] - ETA: 1s - loss: 0.6277
- val_loss: 1.6898
- val_all_f1:  0.5533 0.5533 0.5533
- val_exp_f1:  0.9029 0.9029 0.9029
- val_non_f1:  0.2457 0.2457 0.2457

13056/13056 [==============================] - 239s - loss: 0.6287 - val_loss: 1.6898
Epoch 161/1000
12992/13056 [============================>.] - ETA: 1s - loss: 0.5789
- val_loss: 1.5848
- val_all_f1:  0.5733 0.5724 0.5729
- val_exp_f1:  0.9072 0.9044 0.9058
- val_non_f1:  0.2804 0.2804 0.2804

13056/13056 [==============================] - 239s - loss: 0.5789 - val_loss: 1.5848
Epoch 162/1000
12992/13056 [============================>.] - ETA: 1s - loss: 0.6329
- val_loss: 1.6404
- val_all_f1:  0.5522 0.5518 0.5520
- val_exp_f1:  0.8967 0.8953 0.8960
- val_non_f1:  0.2497 0.2497 0.2497

13056/13056 [==============================] - 239s - loss: 0.6321 - val_loss: 1.6404
Epoch 163/1000
12992/13056 [============================>.] - ETA: 1s - loss: 0.6110
- val_loss: 1.6226
- val_all_f1:  0.5679 0.5675 0.5677
- val_exp_f1:  0.9134 0.9120 0.9127
- val_non_f1:  0.2644 0.2644 0.2644

13056/13056 [==============================] - 239s - loss: 0.6109 - val_loss: 1.6226
Epoch 164/1000
12992/13056 [============================>.] - ETA: 1s - loss: 0.6302
- val_loss: 1.6688
- val_all_f1:  0.5593 0.5589 0.5591
- val_exp_f1:  0.8891 0.8877 0.8884
- val_non_f1:  0.2697 0.2697 0.2697

13056/13056 [==============================] - 239s - loss: 0.6302 - val_loss: 1.6688
Epoch 165/1000
12992/13056 [============================>.] - ETA: 1s - loss: 0.6122
- val_loss: 1.5793
- val_all_f1:  0.5775 0.5767 0.5771
- val_exp_f1:  0.9119 0.9105 0.9112
- val_non_f1:  0.2834 0.2830 0.2832

13056/13056 [==============================] - 239s - loss: 0.6128 - val_loss: 1.5793
Epoch 166/1000
12992/13056 [============================>.] - ETA: 1s - loss: 0.6385
- val_loss: 1.6353
- val_all_f1:  0.5605 0.5597 0.5601
- val_exp_f1:  0.8936 0.8923 0.8929
- val_non_f1:  0.2674 0.2670 0.2672

13056/13056 [==============================] - 238s - loss: 0.6391 - val_loss: 1.6353
Epoch 167/1000
12992/13056 [============================>.] - ETA: 1s - loss: 0.6396
- val_loss: 1.6159
- val_all_f1:  0.5601 0.5597 0.5599
- val_exp_f1:  0.8997 0.8983 0.8990
- val_non_f1:  0.2617 0.2617 0.2617

13056/13056 [==============================] - 238s - loss: 0.6401 - val_loss: 1.6159
Epoch 168/1000
12992/13056 [============================>.] - ETA: 1s - loss: 0.6412
- val_loss: 1.5549
- val_all_f1:  0.5739 0.5739 0.5739
- val_exp_f1:  0.8968 0.8968 0.8968
- val_non_f1:  0.2897 0.2897 0.2897

13056/13056 [==============================] - 238s - loss: 0.6431 - val_loss: 1.5549
Epoch 169/1000
12992/13056 [============================>.] - ETA: 1s - loss: 0.6468
- val_loss: 1.6043
- val_all_f1:  0.5526 0.5526 0.5526
- val_exp_f1:  0.8847 0.8847 0.8847
- val_non_f1:  0.2603 0.2603 0.2603

13056/13056 [==============================] - 238s - loss: 0.6471 - val_loss: 1.6043
Epoch 170/1000
12992/13056 [============================>.] - ETA: 1s - loss: 0.6164
- val_loss: 1.6849
- val_all_f1:  0.5384 0.5384 0.5384
- val_exp_f1:  0.8877 0.8877 0.8877
- val_non_f1:  0.2310 0.2310 0.2310

13056/13056 [==============================] - 238s - loss: 0.6157 - val_loss: 1.6849
Epoch 171/1000
12992/13056 [============================>.] - ETA: 1s - loss: 0.6018
- val_loss: 1.5981
- val_all_f1:  0.5906 0.5902 0.5904
- val_exp_f1:  0.8998 0.8998 0.8998
- val_non_f1:  0.3182 0.3178 0.3180

13056/13056 [==============================] - 238s - loss: 0.6010 - val_loss: 1.5981
Epoch 172/1000
12992/13056 [============================>.] - ETA: 1s - loss: 0.6290
- val_loss: 1.6763
- val_all_f1:  0.5511 0.5511 0.5511
- val_exp_f1:  0.8892 0.8892 0.8892
- val_non_f1:  0.2537 0.2537 0.2537

13056/13056 [==============================] - 239s - loss: 0.6292 - val_loss: 1.6763
Epoch 173/1000
12992/13056 [============================>.] - ETA: 1s - loss: 0.6345
- val_loss: 1.6932
- val_all_f1:  0.5466 0.5462 0.5464
- val_exp_f1:  0.8982 0.8968 0.8975
- val_non_f1:  0.2377 0.2377 0.2377

13056/13056 [==============================] - 239s - loss: 0.6334 - val_loss: 1.6932
Epoch 174/1000
12992/13056 [============================>.] - ETA: 1s - loss: 0.6092
- val_loss: 1.6988
- val_all_f1:  0.5384 0.5384 0.5384
- val_exp_f1:  0.8968 0.8968 0.8968
- val_non_f1:  0.2230 0.2230 0.2230

13056/13056 [==============================] - 239s - loss: 0.6087 - val_loss: 1.6988
Epoch 175/1000
12992/13056 [============================>.] - ETA: 1s - loss: 0.6170
- val_loss: 1.6435
- val_all_f1:  0.5593 0.5589 0.5591
- val_exp_f1:  0.9027 0.9014 0.9021
- val_non_f1:  0.2577 0.2577 0.2577

13056/13056 [==============================] - 238s - loss: 0.6176 - val_loss: 1.6435
Epoch 176/1000
12992/13056 [============================>.] - ETA: 1s - loss: 0.6121
- val_loss: 1.7083
- val_all_f1:  0.5366 0.5362 0.5364
- val_exp_f1:  0.8967 0.8953 0.8960
- val_non_f1:  0.2203 0.2203 0.2203

13056/13056 [==============================] - 238s - loss: 0.6127 - val_loss: 1.7083
Epoch 177/1000
12992/13056 [============================>.] - ETA: 1s - loss: 0.6227
- val_loss: 1.6341
- val_all_f1:  0.5529 0.5526 0.5528
- val_exp_f1:  0.8997 0.8983 0.8990
- val_non_f1:  0.2483 0.2483 0.2483

13056/13056 [==============================] - 238s - loss: 0.6222 - val_loss: 1.6341
Epoch 178/1000
12992/13056 [============================>.] - ETA: 1s - loss: 0.6369
- val_loss: 1.6122
- val_all_f1:  0.5682 0.5682 0.5682
- val_exp_f1:  0.9014 0.9014 0.9014
- val_non_f1:  0.2750 0.2750 0.2750

13056/13056 [==============================] - 238s - loss: 0.6349 - val_loss: 1.6122
Epoch 179/1000
12992/13056 [============================>.] - ETA: 1s - loss: 0.6247
- val_loss: 1.6573
- val_all_f1:  0.5537 0.5533 0.5535
- val_exp_f1:  0.8830 0.8816 0.8823
- val_non_f1:  0.2644 0.2644 0.2644

13056/13056 [==============================] - 238s - loss: 0.6243 - val_loss: 1.6573
Epoch 180/1000
12992/13056 [============================>.] - ETA: 1s - loss: 0.5978
- val_loss: 1.6079
- val_all_f1:  0.5646 0.5646 0.5646
- val_exp_f1:  0.9105 0.9105 0.9105
- val_non_f1:  0.2603 0.2603 0.2603

13056/13056 [==============================] - 238s - loss: 0.5992 - val_loss: 1.6079
Epoch 181/1000
12992/13056 [============================>.] - ETA: 1s - loss: 0.6100
- val_loss: 1.6634
- val_all_f1:  0.5643 0.5639 0.5641
- val_exp_f1:  0.9027 0.9014 0.9021
- val_non_f1:  0.2670 0.2670 0.2670

13056/13056 [==============================] - 238s - loss: 0.6113 - val_loss: 1.6634
Epoch 182/1000
12992/13056 [============================>.] - ETA: 1s - loss: 0.5993
- val_loss: 1.6085
- val_all_f1:  0.5568 0.5568 0.5568
- val_exp_f1:  0.8968 0.8968 0.8968
- val_non_f1:  0.2577 0.2577 0.2577

13056/13056 [==============================] - 239s - loss: 0.5991 - val_loss: 1.6085
Epoch 183/1000
12992/13056 [============================>.] - ETA: 1s - loss: 0.5733
- val_loss: 1.6670
- val_all_f1:  0.5582 0.5582 0.5582
- val_exp_f1:  0.8862 0.8862 0.8862
- val_non_f1:  0.2697 0.2697 0.2697

13056/13056 [==============================] - 239s - loss: 0.5739 - val_loss: 1.6670
Epoch 184/1000
12992/13056 [============================>.] - ETA: 1s - loss: 0.5895
- val_loss: 1.7808
- val_all_f1:  0.5178 0.5178 0.5178
- val_exp_f1:  0.8619 0.8619 0.8619
- val_non_f1:  0.2150 0.2150 0.2150

13056/13056 [==============================] - 239s - loss: 0.5901 - val_loss: 1.7808
Epoch 185/1000
12992/13056 [============================>.] - ETA: 1s - loss: 0.6187
- val_loss: 1.6618
- val_all_f1:  0.5501 0.5497 0.5499
- val_exp_f1:  0.8936 0.8923 0.8929
- val_non_f1:  0.2483 0.2483 0.2483

13056/13056 [==============================] - 238s - loss: 0.6200 - val_loss: 1.6618
Epoch 186/1000
12992/13056 [============================>.] - ETA: 1s - loss: 0.5870
- val_loss: 1.5881
- val_all_f1:  0.5960 0.5952 0.5956
- val_exp_f1:  0.9087 0.9059 0.9073
- val_non_f1:  0.3218 0.3218 0.3218

13056/13056 [==============================] - 239s - loss: 0.5856 - val_loss: 1.5881
Epoch 187/1000
12992/13056 [============================>.] - ETA: 1s - loss: 0.6219
- val_loss: 1.6712
- val_all_f1:  0.5473 0.5469 0.5471
- val_exp_f1:  0.8997 0.8983 0.8990
- val_non_f1:  0.2377 0.2377 0.2377

13056/13056 [==============================] - 239s - loss: 0.6218 - val_loss: 1.6712
Epoch 188/1000
12992/13056 [============================>.] - ETA: 1s - loss: 0.6215
- val_loss: 1.5983
- val_all_f1:  0.5736 0.5732 0.5734
- val_exp_f1:  0.8921 0.8907 0.8914
- val_non_f1:  0.2937 0.2937 0.2937

13056/13056 [==============================] - 239s - loss: 0.6222 - val_loss: 1.5983
Epoch 189/1000
12992/13056 [============================>.] - ETA: 1s - loss: 0.6177
- val_loss: 1.6038
- val_all_f1:  0.5669 0.5661 0.5665
- val_exp_f1:  0.9011 0.8983 0.8997
- val_non_f1:  0.2737 0.2737 0.2737

13056/13056 [==============================] - 239s - loss: 0.6178 - val_loss: 1.6038
Epoch 190/1000
12992/13056 [============================>.] - ETA: 1s - loss: 0.5772
- val_loss: 1.6706
- val_all_f1:  0.5533 0.5533 0.5533
- val_exp_f1:  0.8907 0.8907 0.8907
- val_non_f1:  0.2563 0.2563 0.2563

13056/13056 [==============================] - 239s - loss: 0.5777 - val_loss: 1.6706
Epoch 191/1000
12992/13056 [============================>.] - ETA: 1s - loss: 0.5730
- val_loss: 1.6913
- val_all_f1:  0.5586 0.5582 0.5584
- val_exp_f1:  0.8951 0.8938 0.8945
- val_non_f1:  0.2630 0.2630 0.2630

13056/13056 [==============================] - 240s - loss: 0.5737 - val_loss: 1.6913
Epoch 192/1000
12992/13056 [============================>.] - ETA: 1s - loss: 0.6066
- val_loss: 1.6868
- val_all_f1:  0.5394 0.5391 0.5393
- val_exp_f1:  0.8875 0.8862 0.8869
- val_non_f1:  0.2340 0.2336 0.2338

13056/13056 [==============================] - 239s - loss: 0.6070 - val_loss: 1.6868
Epoch 193/1000
12992/13056 [============================>.] - ETA: 1s - loss: 0.5842
- val_loss: 1.6163
- val_all_f1:  0.5750 0.5746 0.5748
- val_exp_f1:  0.8875 0.8862 0.8869
- val_non_f1:  0.3004 0.3004 0.3004

13056/13056 [==============================] - 240s - loss: 0.5864 - val_loss: 1.6163
Epoch 194/1000
12992/13056 [============================>.] - ETA: 1s - loss: 0.5814
- val_loss: 1.7375
- val_all_f1:  0.5359 0.5355 0.5357
- val_exp_f1:  0.8754 0.8741 0.8747
- val_non_f1:  0.2377 0.2377 0.2377

13056/13056 [==============================] - 239s - loss: 0.5837 - val_loss: 1.7375
Epoch 195/1000
12992/13056 [============================>.] - ETA: 1s - loss: 0.5942
- val_loss: 1.6811
- val_all_f1:  0.5451 0.5447 0.5449
- val_exp_f1:  0.8936 0.8923 0.8929
- val_non_f1:  0.2390 0.2390 0.2390

13056/13056 [==============================] - 238s - loss: 0.5950 - val_loss: 1.6811
Epoch 196/1000
12992/13056 [============================>.] - ETA: 1s - loss: 0.6033
- val_loss: 1.6979
- val_all_f1:  0.5402 0.5398 0.5400
- val_exp_f1:  0.8921 0.8907 0.8914
- val_non_f1:  0.2310 0.2310 0.2310

13056/13056 [==============================] - 239s - loss: 0.6029 - val_loss: 1.6979
[2017-07-21 04:12] training finished (ex/conll16st-v35b1-en-fd-8-rn-8-2)
[2017-07-21 04:12] best_val_loss: 66 - loss: 0.8041 - val_loss: 1.4243 - val_all_f1: 0.5980 - val_exp_f1: 0.9044 - val_non_f1: 0.3287
[2017-07-21 04:12] best_val_all_f1: 94 - loss: 0.7248 - val_loss: 1.4746 - val_all_f1: 0.6016 - val_exp_f1: 0.9074 - val_non_f1: 0.3324
