[2018-03-27 10:38] configuration (ex/conll16st-v35noaugm-ench/blind)
[2018-03-27 10:38]   config 'arg1_len': 400
[2018-03-27 10:38]   config 'arg2_len': 400
[2018-03-27 10:38]   config 'backend': theano
[2018-03-27 10:38]   config 'backend_theano': device=gpu,floatX=float32,nvcc.fastmath=True,lib.cnmem=1
[2018-03-27 10:38]   config 'batch_size': 64
[2018-03-27 10:38]   config 'conn_len': 20
[2018-03-27 10:38]   config 'dataset_dir': data/conll15st-en-03-29-16-blind-test
[2018-03-27 10:38]   config 'filter_fn_name': None
[2018-03-27 10:38]   config 'lang': en
[2018-03-27 10:38]   config 'mode': char
[2018-03-27 10:38]   config 'model_dir': ex/conll16st-v35noaugm-ench
[2018-03-27 10:38]   config 'normalization_mode': sample_aspect
[2018-03-27 10:38]   config 'output_dir': ex/conll16st-v35noaugm-ench/blind
[2018-03-27 10:38]   config 'punc_len': 0
[2018-03-27 10:38]   config 'rest': ['--original_positives=1', '--random_positives=0', '--random_negatives=0', '--filter_dim=8', '--rnn_num=8']
[2018-03-27 10:38]   config 'snapshot_size': 2048
[2018-03-27 10:38] load dataset for prediction (data/conll15st-en-03-29-16-blind-test)
[2018-03-27 10:38]   lang: en, rel_ids: 1209
[2018-03-27 10:38] load previous indexes (ex/conll16st-v35noaugm-ench/indexes.pkl)
[2018-03-27 10:38]   words2id: 87, target2id: 23
[2018-03-27 10:38] load model (ex/conll16st-v35noaugm-ench)
[2018-03-27 10:38] load previous weights (ex/conll16st-v35noaugm-ench/weights_val_all_f1.hdf5)
[2018-03-27 10:38] prediction preparation
[2018-03-27 10:38] make predictions (ex/conll16st-v35noaugm-ench/blind/output.json)
[2018-03-27 10:38] peek into filtering weights (ex/conll16st-v35noaugm-ench/blind/peek.html)
[2018-03-27 10:41] finished (ex/conll16st-v35noaugm-ench/blind)
