[2017-07-24 07:34] configuration (ex/conll16st-v35b1-ench-fd-8-rn-8-4/blind)
[2017-07-24 07:34]   config 'arg1_len': 400
[2017-07-24 07:34]   config 'arg2_len': 400
[2017-07-24 07:34]   config 'backend': theano
[2017-07-24 07:34]   config 'backend_theano': device=gpu,floatX=float32,nvcc.fastmath=True,lib.cnmem=1
[2017-07-24 07:34]   config 'batch_size': 64
[2017-07-24 07:34]   config 'conn_len': 20
[2017-07-24 07:34]   config 'dataset_dir': data/conll15st-en-03-29-16-blind-test
[2017-07-24 07:34]   config 'filter_fn_name': None
[2017-07-24 07:34]   config 'lang': en
[2017-07-24 07:34]   config 'mode': char
[2017-07-24 07:34]   config 'model_dir': ex/conll16st-v35b1-ench-fd-8-rn-8-4
[2017-07-24 07:34]   config 'normalization_mode': sample_aspect
[2017-07-24 07:34]   config 'output_dir': ex/conll16st-v35b1-ench-fd-8-rn-8-4/blind
[2017-07-24 07:34]   config 'punc_len': 0
[2017-07-24 07:34]   config 'rest': ['--filter_dim=8', '--rnn_num=8']
[2017-07-24 07:34]   config 'snapshot_size': 2048
[2017-07-24 07:34] load dataset for prediction (data/conll15st-en-03-29-16-blind-test)
[2017-07-24 07:34]   lang: en, rel_ids: 1209
[2017-07-24 07:34] load previous indexes (ex/conll16st-v35b1-ench-fd-8-rn-8-4/indexes.pkl)
[2017-07-24 07:34]   words2id: 87, target2id: 23
[2017-07-24 07:34] load model (ex/conll16st-v35b1-ench-fd-8-rn-8-4)
[2017-07-24 07:34] load previous weights (ex/conll16st-v35b1-ench-fd-8-rn-8-4/weights_val_all_f1.hdf5)
[2017-07-24 07:34] prediction preparation
[2017-07-24 07:34] make predictions (ex/conll16st-v35b1-ench-fd-8-rn-8-4/blind/output.json)
[2017-07-24 07:35] peek into filtering weights (ex/conll16st-v35b1-ench-fd-8-rn-8-4/blind/peek.html)
[2017-07-24 07:37] finished (ex/conll16st-v35b1-ench-fd-8-rn-8-4/blind)
