[2017-06-27 13:52] configuration (ex/conll16st-v35b1-zh-default-1)
[2017-06-27 13:52]   config 'arg1_len': 500
[2017-06-27 13:52]   config 'arg2_len': 500
[2017-06-27 13:52]   config 'backend': theano
[2017-06-27 13:52]   config 'backend_theano': device=gpu,floatX=float32,nvcc.fastmath=True,lib.cnmem=0.45
[2017-06-27 13:52]   config 'batch_size': 64
[2017-06-27 13:52]   config 'conn_len': 10
[2017-06-27 13:52]   config 'continue_': False
[2017-06-27 13:52]   config 'curriculum_end': 0.0
[2017-06-27 13:52]   config 'epochs': 1000
[2017-06-27 13:52]   config 'epochs_patience': 100
[2017-06-27 13:52]   config 'epochs_ratio': 0.1
[2017-06-27 13:52]   config 'filter_act': sigmoid
[2017-06-27 13:52]   config 'filter_append_act': linear
[2017-06-27 13:52]   config 'filter_append_batchnorm': False
[2017-06-27 13:52]   config 'filter_append_dim': 0
[2017-06-27 13:52]   config 'filter_append_dropout': 0.0
[2017-06-27 13:52]   config 'filter_apply': mul
[2017-06-27 13:52]   config 'filter_dim': 12
[2017-06-27 13:52]   config 'filter_dropout_U': 0.0
[2017-06-27 13:52]   config 'filter_dropout_W': 0.0
[2017-06-27 13:52]   config 'filter_fn_name': None
[2017-06-27 13:52]   config 'filter_shared': global
[2017-06-27 13:52]   config 'filter_type': lstm-fb
[2017-06-27 13:52]   config 'filter_zoneout_c': 0.0
[2017-06-27 13:52]   config 'filter_zoneout_h': 0.0
[2017-06-27 13:52]   config 'final_act': SReLU
[2017-06-27 13:52]   config 'final_dim': 80
[2017-06-27 13:52]   config 'final_dropout': 0.3
[2017-06-27 13:52]   config 'lang': zh
[2017-06-27 13:52]   config 'masking': True
[2017-06-27 13:52]   config 'mode': word
[2017-06-27 13:52]   config 'model_dir': ex/conll16st-v35b1-zh-default-1
[2017-06-27 13:52]   config 'optimizer': adam
[2017-06-27 13:52]   config 'original_positives': 0
[2017-06-27 13:52]   config 'punc_len': 2
[2017-06-27 13:52]   config 'random_negatives': 2
[2017-06-27 13:52]   config 'random_positives': 2
[2017-06-27 13:52]   config 'random_proba_1': 0.1
[2017-06-27 13:52]   config 'random_proba_2': 0.1
[2017-06-27 13:52]   config 'random_proba_3': 0.9
[2017-06-27 13:52]   config 'rnn_act': tanh
[2017-06-27 13:52]   config 'rnn_dim': 20
[2017-06-27 13:52]   config 'rnn_dropout_U': 0.0
[2017-06-27 13:52]   config 'rnn_dropout_W': 0.0
[2017-06-27 13:52]   config 'rnn_dropout_merge': 0.3
[2017-06-27 13:52]   config 'rnn_merge': concat
[2017-06-27 13:52]   config 'rnn_num': 12
[2017-06-27 13:52]   config 'rnn_shared': aspect
[2017-06-27 13:52]   config 'rnn_type': lstm-fwd
[2017-06-27 13:52]   config 'rnn_zoneout_c': 0.0
[2017-06-27 13:52]   config 'rnn_zoneout_h': 0.0
[2017-06-27 13:52]   config 'snapshot_size': 2048
[2017-06-27 13:52]   config 'train_dir': data/conll16st-zh-01-08-2016-train
[2017-06-27 13:52]   config 'valid_dir': data/conll16st-zh-01-08-2016-dev
[2017-06-27 13:52]   config 'words2vec_bin': None
[2017-06-27 13:52]   config 'words2vec_txt': None
[2017-06-27 13:52]   config 'words_dim': 20
[2017-06-27 13:52]   config 'words_dropout': 0.3
[2017-06-27 13:52]   config 'words_shared': global
[2017-06-27 13:52]   config 'words_trainable': True
[2017-06-27 13:52] load dataset for training (data/conll16st-zh-01-08-2016-train)
[2017-06-27 13:53]   lang: zh, doc_ids: 455, words: 155827, rel_ids: 10240, relation tokens: 475970
[2017-06-27 13:53] load dataset for validation (data/conll16st-zh-01-08-2016-dev)
[2017-06-27 13:53]   lang: zh, doc_ids: 24, words: 6782, rel_ids: 383, relation tokens: 16859
[2017-06-27 13:53] build indexes from training
[2017-06-27 13:53]   words2id: 14785, target2id: 12
[2017-06-27 13:53] target class distribution from training
[2017-06-27 13:53]   class 0 = 'None': None
[2017-06-27 13:53]   class 1 = '': None
[2017-06-27 13:53]   class 2 = 'Conjunction': 6102
[2017-06-27 13:53]   class 3 = 'Expansion': 1435
[2017-06-27 13:53]   class 4 = 'EntRel': 1098
[2017-06-27 13:53]   class 5 = 'Causation': 456
[2017-06-27 13:53]   class 6 = 'Temporal': 434
[2017-06-27 13:53]   class 7 = 'Contrast': 340
[2017-06-27 13:53]   class 8 = 'Purpose': 244
[2017-06-27 13:53]   class 9 = 'Conditional': 134
[2017-06-27 13:53]   class 10 = 'Progression': 75
[2017-06-27 13:53]   class 11 = 'Alternative': 18
[2017-06-27 13:53] build model
____________________________________________________________________________________________________
Layer (type)                     Output Shape          Param #     Connected to                     
====================================================================================================
arg1_ids (InputLayer)            (None, 500)           0                                            
____________________________________________________________________________________________________
arg2_ids (InputLayer)            (None, 500)           0                                            
____________________________________________________________________________________________________
conn_ids (InputLayer)            (None, 10)            0                                            
____________________________________________________________________________________________________
punc_ids (InputLayer)            (None, 2)             0                                            
____________________________________________________________________________________________________
embedding_1 (Embedding)          multiple              295700      arg1_ids[0][0]                   
                                                                   arg2_ids[0][0]                   
                                                                   conn_ids[0][0]                   
                                                                   punc_ids[0][0]                   
____________________________________________________________________________________________________
shareablelstm_1 (ShareableLSTM)  multiple              1584        embedding_1[0][0]                
                                                                   embedding_1[1][0]                
                                                                   embedding_1[2][0]                
                                                                   embedding_1[3][0]                
____________________________________________________________________________________________________
shareablelstm_2 (ShareableLSTM)  multiple              1584        embedding_1[0][0]                
                                                                   embedding_1[1][0]                
                                                                   embedding_1[2][0]                
                                                                   embedding_1[3][0]                
____________________________________________________________________________________________________
merge_1 (Merge)                  (None, 500, 12)       0           shareablelstm_1[0][0]            
                                                                   shareablelstm_2[0][0]            
____________________________________________________________________________________________________
merge_15 (Merge)                 (None, 500, 12)       0           shareablelstm_1[1][0]            
                                                                   shareablelstm_2[1][0]            
____________________________________________________________________________________________________
merge_29 (Merge)                 (None, 10, 12)        0           shareablelstm_1[2][0]            
                                                                   shareablelstm_2[2][0]            
____________________________________________________________________________________________________
merge_43 (Merge)                 (None, 2, 12)         0           shareablelstm_1[3][0]            
                                                                   shareablelstm_2[3][0]            
____________________________________________________________________________________________________
arg1_filters (Activation)        (None, 500, 12)       0           merge_1[0][0]                    
____________________________________________________________________________________________________
arg2_filters (Activation)        (None, 500, 12)       0           merge_15[0][0]                   
____________________________________________________________________________________________________
conn_filters (Activation)        (None, 10, 12)        0           merge_29[0][0]                   
____________________________________________________________________________________________________
punc_filters (Activation)        (None, 2, 12)         0           merge_43[0][0]                   
____________________________________________________________________________________________________
merge_2 (Merge)                  (None, 500, 20)       0           embedding_1[0][0]                
                                                                   arg1_filters[0][0]               
____________________________________________________________________________________________________
merge_3 (Merge)                  (None, 500, 20)       0           embedding_1[0][0]                
                                                                   arg1_filters[0][0]               
____________________________________________________________________________________________________
merge_4 (Merge)                  (None, 500, 20)       0           embedding_1[0][0]                
                                                                   arg1_filters[0][0]               
____________________________________________________________________________________________________
merge_5 (Merge)                  (None, 500, 20)       0           embedding_1[0][0]                
                                                                   arg1_filters[0][0]               
____________________________________________________________________________________________________
merge_6 (Merge)                  (None, 500, 20)       0           embedding_1[0][0]                
                                                                   arg1_filters[0][0]               
____________________________________________________________________________________________________
merge_7 (Merge)                  (None, 500, 20)       0           embedding_1[0][0]                
                                                                   arg1_filters[0][0]               
____________________________________________________________________________________________________
merge_8 (Merge)                  (None, 500, 20)       0           embedding_1[0][0]                
                                                                   arg1_filters[0][0]               
____________________________________________________________________________________________________
merge_9 (Merge)                  (None, 500, 20)       0           embedding_1[0][0]                
                                                                   arg1_filters[0][0]               
____________________________________________________________________________________________________
merge_10 (Merge)                 (None, 500, 20)       0           embedding_1[0][0]                
                                                                   arg1_filters[0][0]               
____________________________________________________________________________________________________
merge_11 (Merge)                 (None, 500, 20)       0           embedding_1[0][0]                
                                                                   arg1_filters[0][0]               
____________________________________________________________________________________________________
merge_12 (Merge)                 (None, 500, 20)       0           embedding_1[0][0]                
                                                                   arg1_filters[0][0]               
____________________________________________________________________________________________________
merge_13 (Merge)                 (None, 500, 20)       0           embedding_1[0][0]                
                                                                   arg1_filters[0][0]               
____________________________________________________________________________________________________
merge_16 (Merge)                 (None, 500, 20)       0           embedding_1[1][0]                
                                                                   arg2_filters[0][0]               
____________________________________________________________________________________________________
merge_17 (Merge)                 (None, 500, 20)       0           embedding_1[1][0]                
                                                                   arg2_filters[0][0]               
____________________________________________________________________________________________________
merge_18 (Merge)                 (None, 500, 20)       0           embedding_1[1][0]                
                                                                   arg2_filters[0][0]               
____________________________________________________________________________________________________
merge_19 (Merge)                 (None, 500, 20)       0           embedding_1[1][0]                
                                                                   arg2_filters[0][0]               
____________________________________________________________________________________________________
merge_20 (Merge)                 (None, 500, 20)       0           embedding_1[1][0]                
                                                                   arg2_filters[0][0]               
____________________________________________________________________________________________________
merge_21 (Merge)                 (None, 500, 20)       0           embedding_1[1][0]                
                                                                   arg2_filters[0][0]               
____________________________________________________________________________________________________
merge_22 (Merge)                 (None, 500, 20)       0           embedding_1[1][0]                
                                                                   arg2_filters[0][0]               
____________________________________________________________________________________________________
merge_23 (Merge)                 (None, 500, 20)       0           embedding_1[1][0]                
                                                                   arg2_filters[0][0]               
____________________________________________________________________________________________________
merge_24 (Merge)                 (None, 500, 20)       0           embedding_1[1][0]                
                                                                   arg2_filters[0][0]               
____________________________________________________________________________________________________
merge_25 (Merge)                 (None, 500, 20)       0           embedding_1[1][0]                
                                                                   arg2_filters[0][0]               
____________________________________________________________________________________________________
merge_26 (Merge)                 (None, 500, 20)       0           embedding_1[1][0]                
                                                                   arg2_filters[0][0]               
____________________________________________________________________________________________________
merge_27 (Merge)                 (None, 500, 20)       0           embedding_1[1][0]                
                                                                   arg2_filters[0][0]               
____________________________________________________________________________________________________
merge_30 (Merge)                 (None, 10, 20)        0           embedding_1[2][0]                
                                                                   conn_filters[0][0]               
____________________________________________________________________________________________________
merge_31 (Merge)                 (None, 10, 20)        0           embedding_1[2][0]                
                                                                   conn_filters[0][0]               
____________________________________________________________________________________________________
merge_32 (Merge)                 (None, 10, 20)        0           embedding_1[2][0]                
                                                                   conn_filters[0][0]               
____________________________________________________________________________________________________
merge_33 (Merge)                 (None, 10, 20)        0           embedding_1[2][0]                
                                                                   conn_filters[0][0]               
____________________________________________________________________________________________________
merge_34 (Merge)                 (None, 10, 20)        0           embedding_1[2][0]                
                                                                   conn_filters[0][0]               
____________________________________________________________________________________________________
merge_35 (Merge)                 (None, 10, 20)        0           embedding_1[2][0]                
                                                                   conn_filters[0][0]               
____________________________________________________________________________________________________
merge_36 (Merge)                 (None, 10, 20)        0           embedding_1[2][0]                
                                                                   conn_filters[0][0]               
____________________________________________________________________________________________________
merge_37 (Merge)                 (None, 10, 20)        0           embedding_1[2][0]                
                                                                   conn_filters[0][0]               
____________________________________________________________________________________________________
merge_38 (Merge)                 (None, 10, 20)        0           embedding_1[2][0]                
                                                                   conn_filters[0][0]               
____________________________________________________________________________________________________
merge_39 (Merge)                 (None, 10, 20)        0           embedding_1[2][0]                
                                                                   conn_filters[0][0]               
____________________________________________________________________________________________________
merge_40 (Merge)                 (None, 10, 20)        0           embedding_1[2][0]                
                                                                   conn_filters[0][0]               
____________________________________________________________________________________________________
merge_41 (Merge)                 (None, 10, 20)        0           embedding_1[2][0]                
                                                                   conn_filters[0][0]               
____________________________________________________________________________________________________
merge_44 (Merge)                 (None, 2, 20)         0           embedding_1[3][0]                
                                                                   punc_filters[0][0]               
____________________________________________________________________________________________________
merge_45 (Merge)                 (None, 2, 20)         0           embedding_1[3][0]                
                                                                   punc_filters[0][0]               
____________________________________________________________________________________________________
merge_46 (Merge)                 (None, 2, 20)         0           embedding_1[3][0]                
                                                                   punc_filters[0][0]               
____________________________________________________________________________________________________
merge_47 (Merge)                 (None, 2, 20)         0           embedding_1[3][0]                
                                                                   punc_filters[0][0]               
____________________________________________________________________________________________________
merge_48 (Merge)                 (None, 2, 20)         0           embedding_1[3][0]                
                                                                   punc_filters[0][0]               
____________________________________________________________________________________________________
merge_49 (Merge)                 (None, 2, 20)         0           embedding_1[3][0]                
                                                                   punc_filters[0][0]               
____________________________________________________________________________________________________
merge_50 (Merge)                 (None, 2, 20)         0           embedding_1[3][0]                
                                                                   punc_filters[0][0]               
____________________________________________________________________________________________________
merge_51 (Merge)                 (None, 2, 20)         0           embedding_1[3][0]                
                                                                   punc_filters[0][0]               
____________________________________________________________________________________________________
merge_52 (Merge)                 (None, 2, 20)         0           embedding_1[3][0]                
                                                                   punc_filters[0][0]               
____________________________________________________________________________________________________
merge_53 (Merge)                 (None, 2, 20)         0           embedding_1[3][0]                
                                                                   punc_filters[0][0]               
____________________________________________________________________________________________________
merge_54 (Merge)                 (None, 2, 20)         0           embedding_1[3][0]                
                                                                   punc_filters[0][0]               
____________________________________________________________________________________________________
merge_55 (Merge)                 (None, 2, 20)         0           embedding_1[3][0]                
                                                                   punc_filters[0][0]               
____________________________________________________________________________________________________
shareablelstm_3 (ShareableLSTM)  (None, 20)            3280        merge_2[0][0]                    
                                                                   merge_16[0][0]                   
                                                                   merge_30[0][0]                   
                                                                   merge_44[0][0]                   
____________________________________________________________________________________________________
shareablelstm_5 (ShareableLSTM)  (None, 20)            3280        merge_3[0][0]                    
                                                                   merge_17[0][0]                   
                                                                   merge_31[0][0]                   
                                                                   merge_45[0][0]                   
____________________________________________________________________________________________________
shareablelstm_7 (ShareableLSTM)  (None, 20)            3280        merge_4[0][0]                    
                                                                   merge_18[0][0]                   
                                                                   merge_32[0][0]                   
                                                                   merge_46[0][0]                   
____________________________________________________________________________________________________
shareablelstm_9 (ShareableLSTM)  (None, 20)            3280        merge_5[0][0]                    
                                                                   merge_19[0][0]                   
                                                                   merge_33[0][0]                   
                                                                   merge_47[0][0]                   
____________________________________________________________________________________________________
shareablelstm_11 (ShareableLSTM) (None, 20)            3280        merge_6[0][0]                    
                                                                   merge_20[0][0]                   
                                                                   merge_34[0][0]                   
                                                                   merge_48[0][0]                   
____________________________________________________________________________________________________
shareablelstm_13 (ShareableLSTM) (None, 20)            3280        merge_7[0][0]                    
                                                                   merge_21[0][0]                   
                                                                   merge_35[0][0]                   
                                                                   merge_49[0][0]                   
____________________________________________________________________________________________________
shareablelstm_15 (ShareableLSTM) (None, 20)            3280        merge_8[0][0]                    
                                                                   merge_22[0][0]                   
                                                                   merge_36[0][0]                   
                                                                   merge_50[0][0]                   
____________________________________________________________________________________________________
shareablelstm_17 (ShareableLSTM) (None, 20)            3280        merge_9[0][0]                    
                                                                   merge_23[0][0]                   
                                                                   merge_37[0][0]                   
                                                                   merge_51[0][0]                   
____________________________________________________________________________________________________
shareablelstm_19 (ShareableLSTM) (None, 20)            3280        merge_10[0][0]                   
                                                                   merge_24[0][0]                   
                                                                   merge_38[0][0]                   
                                                                   merge_52[0][0]                   
____________________________________________________________________________________________________
shareablelstm_21 (ShareableLSTM) (None, 20)            3280        merge_11[0][0]                   
                                                                   merge_25[0][0]                   
                                                                   merge_39[0][0]                   
                                                                   merge_53[0][0]                   
____________________________________________________________________________________________________
shareablelstm_23 (ShareableLSTM) (None, 20)            3280        merge_12[0][0]                   
                                                                   merge_26[0][0]                   
                                                                   merge_40[0][0]                   
                                                                   merge_54[0][0]                   
____________________________________________________________________________________________________
shareablelstm_25 (ShareableLSTM) (None, 20)            3280        merge_13[0][0]                   
                                                                   merge_27[0][0]                   
                                                                   merge_41[0][0]                   
                                                                   merge_55[0][0]                   
____________________________________________________________________________________________________
merge_14 (Merge)                 (None, 240)           0           shareablelstm_3[0][0]            
                                                                   shareablelstm_5[0][0]            
                                                                   shareablelstm_7[0][0]            
                                                                   shareablelstm_9[0][0]            
                                                                   shareablelstm_11[0][0]           
                                                                   shareablelstm_13[0][0]           
                                                                   shareablelstm_15[0][0]           
                                                                   shareablelstm_17[0][0]           
                                                                   shareablelstm_19[0][0]           
                                                                   shareablelstm_21[0][0]           
                                                                   shareablelstm_23[0][0]           
                                                                   shareablelstm_25[0][0]           
____________________________________________________________________________________________________
merge_28 (Merge)                 (None, 240)           0           shareablelstm_3[1][0]            
                                                                   shareablelstm_5[1][0]            
                                                                   shareablelstm_7[1][0]            
                                                                   shareablelstm_9[1][0]            
                                                                   shareablelstm_11[1][0]           
                                                                   shareablelstm_13[1][0]           
                                                                   shareablelstm_15[1][0]           
                                                                   shareablelstm_17[1][0]           
                                                                   shareablelstm_19[1][0]           
                                                                   shareablelstm_21[1][0]           
                                                                   shareablelstm_23[1][0]           
                                                                   shareablelstm_25[1][0]           
____________________________________________________________________________________________________
merge_42 (Merge)                 (None, 240)           0           shareablelstm_3[2][0]            
                                                                   shareablelstm_5[2][0]            
                                                                   shareablelstm_7[2][0]            
                                                                   shareablelstm_9[2][0]            
                                                                   shareablelstm_11[2][0]           
                                                                   shareablelstm_13[2][0]           
                                                                   shareablelstm_15[2][0]           
                                                                   shareablelstm_17[2][0]           
                                                                   shareablelstm_19[2][0]           
                                                                   shareablelstm_21[2][0]           
                                                                   shareablelstm_23[2][0]           
                                                                   shareablelstm_25[2][0]           
____________________________________________________________________________________________________
merge_56 (Merge)                 (None, 240)           0           shareablelstm_3[3][0]            
                                                                   shareablelstm_5[3][0]            
                                                                   shareablelstm_7[3][0]            
                                                                   shareablelstm_9[3][0]            
                                                                   shareablelstm_11[3][0]           
                                                                   shareablelstm_13[3][0]           
                                                                   shareablelstm_15[3][0]           
                                                                   shareablelstm_17[3][0]           
                                                                   shareablelstm_19[3][0]           
                                                                   shareablelstm_21[3][0]           
                                                                   shareablelstm_23[3][0]           
                                                                   shareablelstm_25[3][0]           
____________________________________________________________________________________________________
dropout_1 (Dropout)              (None, 240)           0           merge_14[0][0]                   
____________________________________________________________________________________________________
dropout_2 (Dropout)              (None, 240)           0           merge_28[0][0]                   
____________________________________________________________________________________________________
dropout_3 (Dropout)              (None, 240)           0           merge_42[0][0]                   
____________________________________________________________________________________________________
dropout_4 (Dropout)              (None, 240)           0           merge_56[0][0]                   
____________________________________________________________________________________________________
merge_57 (Merge)                 (None, 960)           0           dropout_1[0][0]                  
                                                                   dropout_2[0][0]                  
                                                                   dropout_3[0][0]                  
                                                                   dropout_4[0][0]                  
____________________________________________________________________________________________________
dense_1 (Dense)                  (None, 80)            76880       merge_57[0][0]                   
____________________________________________________________________________________________________
srelu_1 (SReLU)                  (None, 80)            320         dense_1[0][0]                    
____________________________________________________________________________________________________
dropout_5 (Dropout)              (None, 80)            0           srelu_1[0][0]                    
____________________________________________________________________________________________________
dense_2 (Dense)                  (None, 12)            972         dropout_5[0][0]                  
____________________________________________________________________________________________________
target (Activation)              (None, 12)            0           dense_2[0][0]                    
====================================================================================================
Total params: 416,400
Trainable params: 416,400
Non-trainable params: 0
____________________________________________________________________________________________________
[2017-06-27 14:15] initialize weights
[2017-06-27 14:15] training preparation
[2017-06-27 14:15] train model (ex/conll16st-v35b1-zh-default-1)
Epoch 1/1000
4032/4096 [============================>.] - ETA: 4s - loss: 1.5897
- val_loss: 1.9942
- val_all_f1:  0.5770 0.5770 0.5770
- val_exp_f1:  0.4156 0.4156 0.4156
- val_non_f1:  0.6176 0.6176 0.6176

4096/4096 [==============================] - 305s - loss: 1.5889 - val_loss: 1.9942
Epoch 2/1000
4032/4096 [============================>.] - ETA: 4s - loss: 1.4499
- val_loss: 1.9991
- val_all_f1:  0.5770 0.5770 0.5770
- val_exp_f1:  0.4156 0.4156 0.4156
- val_non_f1:  0.6176 0.6176 0.6176

4096/4096 [==============================] - 305s - loss: 1.4481 - val_loss: 1.9991
Epoch 3/1000
4032/4096 [============================>.] - ETA: 4s - loss: 1.3533
- val_loss: 1.7861
- val_all_f1:  0.5770 0.5770 0.5770
- val_exp_f1:  0.4156 0.4156 0.4156
- val_non_f1:  0.6176 0.6176 0.6176

4096/4096 [==============================] - 305s - loss: 1.3543 - val_loss: 1.7861
Epoch 4/1000
4032/4096 [============================>.] - ETA: 4s - loss: 1.2338
- val_loss: 1.4287
- val_all_f1:  0.5744 0.5744 0.5744
- val_exp_f1:  0.4156 0.4156 0.4156
- val_non_f1:  0.6144 0.6144 0.6144

4096/4096 [==============================] - 305s - loss: 1.2304 - val_loss: 1.4287
Epoch 5/1000
4032/4096 [============================>.] - ETA: 4s - loss: 1.2519
- val_loss: 1.5365
- val_all_f1:  0.5770 0.5770 0.5770
- val_exp_f1:  0.4156 0.4156 0.4156
- val_non_f1:  0.6176 0.6176 0.6176

4096/4096 [==============================] - 305s - loss: 1.2480 - val_loss: 1.5365
Epoch 6/1000
4032/4096 [============================>.] - ETA: 4s - loss: 1.1914
- val_loss: 1.4132
- val_all_f1:  0.5770 0.5770 0.5770
- val_exp_f1:  0.4156 0.4156 0.4156
- val_non_f1:  0.6176 0.6176 0.6176

4096/4096 [==============================] - 304s - loss: 1.1973 - val_loss: 1.4132
Epoch 7/1000
4032/4096 [============================>.] - ETA: 4s - loss: 1.0956
- val_loss: 1.3137
- val_all_f1:  0.5822 0.5822 0.5822
- val_exp_f1:  0.4416 0.4416 0.4416
- val_non_f1:  0.6197 0.6176 0.6187

4096/4096 [==============================] - 305s - loss: 1.0967 - val_loss: 1.3137
Epoch 8/1000
4032/4096 [============================>.] - ETA: 4s - loss: 0.9424
- val_loss: 1.2724
- val_all_f1:  0.5875 0.5875 0.5875
- val_exp_f1:  0.4675 0.4675 0.4675
- val_non_f1:  0.6217 0.6176 0.6197

4096/4096 [==============================] - 305s - loss: 0.9383 - val_loss: 1.2724
Epoch 9/1000
4032/4096 [============================>.] - ETA: 4s - loss: 0.8441
- val_loss: 1.2060
- val_all_f1:  0.6188 0.6188 0.6188
- val_exp_f1:  0.4675 0.4675 0.4675
- val_non_f1:  0.6612 0.6569 0.6590

4096/4096 [==============================] - 305s - loss: 0.8408 - val_loss: 1.2060
Epoch 10/1000
4032/4096 [============================>.] - ETA: 4s - loss: 0.8906
- val_loss: 1.1898
- val_all_f1:  0.5979 0.5979 0.5979
- val_exp_f1:  0.5195 0.5195 0.5195
- val_non_f1:  0.6217 0.6176 0.6197

4096/4096 [==============================] - 304s - loss: 0.8909 - val_loss: 1.1898
Epoch 11/1000
4032/4096 [============================>.] - ETA: 4s - loss: 0.8705
- val_loss: 1.1667
- val_all_f1:  0.6136 0.6136 0.6136
- val_exp_f1:  0.5065 0.5065 0.5065
- val_non_f1:  0.6426 0.6405 0.6416

4096/4096 [==============================] - 304s - loss: 0.8680 - val_loss: 1.1667
Epoch 12/1000
4032/4096 [============================>.] - ETA: 4s - loss: 0.7686
- val_loss: 1.0847
- val_all_f1:  0.6423 0.6423 0.6423
- val_exp_f1:  0.5714 0.5714 0.5714
- val_non_f1:  0.6645 0.6601 0.6623

4096/4096 [==============================] - 304s - loss: 0.7657 - val_loss: 1.0847
Epoch 13/1000
4032/4096 [============================>.] - ETA: 4s - loss: 0.8088
- val_loss: 1.1776
- val_all_f1:  0.6057 0.6057 0.6057
- val_exp_f1:  0.5584 0.5584 0.5584
- val_non_f1:  0.6217 0.6176 0.6197

4096/4096 [==============================] - 304s - loss: 0.8095 - val_loss: 1.1776
Epoch 14/1000
4032/4096 [============================>.] - ETA: 4s - loss: 0.7997
- val_loss: 1.1044
- val_all_f1:  0.6319 0.6319 0.6319
- val_exp_f1:  0.5844 0.5844 0.5844
- val_non_f1:  0.6480 0.6438 0.6459

4096/4096 [==============================] - 304s - loss: 0.7983 - val_loss: 1.1044
Epoch 15/1000
4032/4096 [============================>.] - ETA: 4s - loss: 0.7919
- val_loss: 1.0690
- val_all_f1:  0.6397 0.6397 0.6397
- val_exp_f1:  0.5584 0.5584 0.5584
- val_non_f1:  0.6667 0.6601 0.6634

4096/4096 [==============================] - 304s - loss: 0.7921 - val_loss: 1.0690
Epoch 16/1000
4032/4096 [============================>.] - ETA: 4s - loss: 0.7150
- val_loss: 1.0446
- val_all_f1:  0.6292 0.6292 0.6292
- val_exp_f1:  0.5065 0.5065 0.5065
- val_non_f1:  0.6667 0.6601 0.6634

4096/4096 [==============================] - 304s - loss: 0.7145 - val_loss: 1.0446
Epoch 17/1000
4032/4096 [============================>.] - ETA: 4s - loss: 0.7231
- val_loss: 1.0180
- val_all_f1:  0.6449 0.6449 0.6449
- val_exp_f1:  0.5455 0.5455 0.5455
- val_non_f1:  0.6766 0.6699 0.6732

4096/4096 [==============================] - 304s - loss: 0.7196 - val_loss: 1.0180
Epoch 18/1000
4032/4096 [============================>.] - ETA: 4s - loss: 0.6664
- val_loss: 1.0029
- val_all_f1:  0.6501 0.6501 0.6501
- val_exp_f1:  0.5714 0.5714 0.5714
- val_non_f1:  0.6743 0.6699 0.6721

4096/4096 [==============================] - 304s - loss: 0.6675 - val_loss: 1.0029
Epoch 19/1000
4032/4096 [============================>.] - ETA: 4s - loss: 0.7128
- val_loss: 1.0437
- val_all_f1:  0.6527 0.6527 0.6527
- val_exp_f1:  0.6104 0.6104 0.6104
- val_non_f1:  0.6678 0.6634 0.6656

4096/4096 [==============================] - 304s - loss: 0.7204 - val_loss: 1.0437
Epoch 20/1000
4032/4096 [============================>.] - ETA: 4s - loss: 0.7329
- val_loss: 1.0077
- val_all_f1:  0.6527 0.6527 0.6527
- val_exp_f1:  0.5714 0.5714 0.5714
- val_non_f1:  0.6799 0.6732 0.6765

4096/4096 [==============================] - 304s - loss: 0.7269 - val_loss: 1.0077
Epoch 21/1000
4032/4096 [============================>.] - ETA: 4s - loss: 0.7061
- val_loss: 1.0024
- val_all_f1:  0.6501 0.6501 0.6501
- val_exp_f1:  0.5974 0.5974 0.5974
- val_non_f1:  0.6678 0.6634 0.6656

4096/4096 [==============================] - 304s - loss: 0.7030 - val_loss: 1.0024
Epoch 22/1000
4032/4096 [============================>.] - ETA: 4s - loss: 0.7283
- val_loss: 1.0450
- val_all_f1:  0.6371 0.6371 0.6371
- val_exp_f1:  0.6104 0.6104 0.6104
- val_non_f1:  0.6502 0.6438 0.6470

4096/4096 [==============================] - 304s - loss: 0.7244 - val_loss: 1.0450
Epoch 23/1000
4032/4096 [============================>.] - ETA: 4s - loss: 0.7488
- val_loss: 1.0462
- val_all_f1:  0.6371 0.6371 0.6371
- val_exp_f1:  0.6104 0.6104 0.6104
- val_non_f1:  0.6480 0.6438 0.6459

4096/4096 [==============================] - 303s - loss: 0.7478 - val_loss: 1.0462
Epoch 24/1000
4032/4096 [============================>.] - ETA: 4s - loss: 0.7000
- val_loss: 0.9788
- val_all_f1:  0.6762 0.6762 0.6762
- val_exp_f1:  0.7013 0.7013 0.7013
- val_non_f1:  0.6743 0.6699 0.6721

4096/4096 [==============================] - 303s - loss: 0.7028 - val_loss: 0.9788
Epoch 25/1000
4032/4096 [============================>.] - ETA: 4s - loss: 0.7265
- val_loss: 0.9966
- val_all_f1:  0.6449 0.6449 0.6449
- val_exp_f1:  0.5065 0.5065 0.5065
- val_non_f1:  0.6865 0.6797 0.6831

4096/4096 [==============================] - 304s - loss: 0.7224 - val_loss: 0.9966
Epoch 26/1000
4032/4096 [============================>.] - ETA: 4s - loss: 0.7002
- val_loss: 1.0530
- val_all_f1:  0.6684 0.6684 0.6684
- val_exp_f1:  0.6623 0.6623 0.6623
- val_non_f1:  0.6721 0.6699 0.6710

4096/4096 [==============================] - 304s - loss: 0.7009 - val_loss: 1.0530
Epoch 27/1000
4032/4096 [============================>.] - ETA: 4s - loss: 0.6624
- val_loss: 0.9811
- val_all_f1:  0.6501 0.6501 0.6501
- val_exp_f1:  0.5844 0.5844 0.5844
- val_non_f1:  0.6711 0.6667 0.6689

4096/4096 [==============================] - 304s - loss: 0.6641 - val_loss: 0.9811
Epoch 28/1000
4032/4096 [============================>.] - ETA: 4s - loss: 0.7054
- val_loss: 1.0078
- val_all_f1:  0.6684 0.6684 0.6684
- val_exp_f1:  0.6883 0.6883 0.6883
- val_non_f1:  0.6700 0.6634 0.6667

4096/4096 [==============================] - 304s - loss: 0.7030 - val_loss: 1.0078
Epoch 29/1000
4032/4096 [============================>.] - ETA: 4s - loss: 0.6415
- val_loss: 0.9551
- val_all_f1:  0.6762 0.6762 0.6762
- val_exp_f1:  0.7013 0.7013 0.7013
- val_non_f1:  0.6743 0.6699 0.6721

4096/4096 [==============================] - 304s - loss: 0.6436 - val_loss: 0.9551
Epoch 30/1000
4032/4096 [============================>.] - ETA: 4s - loss: 0.7146
- val_loss: 0.9639
- val_all_f1:  0.6736 0.6736 0.6736
- val_exp_f1:  0.6753 0.6753 0.6753
- val_non_f1:  0.6799 0.6732 0.6765

4096/4096 [==============================] - 304s - loss: 0.7221 - val_loss: 0.9639
Epoch 31/1000
4032/4096 [============================>.] - ETA: 4s - loss: 0.6319
- val_loss: 0.9692
- val_all_f1:  0.6580 0.6580 0.6580
- val_exp_f1:  0.6623 0.6623 0.6623
- val_non_f1:  0.6612 0.6569 0.6590

4096/4096 [==============================] - 304s - loss: 0.6317 - val_loss: 0.9692
Epoch 32/1000
4032/4096 [============================>.] - ETA: 4s - loss: 0.6663
- val_loss: 0.9694
- val_all_f1:  0.6736 0.6736 0.6736
- val_exp_f1:  0.6883 0.6883 0.6883
- val_non_f1:  0.6766 0.6699 0.6732

4096/4096 [==============================] - 304s - loss: 0.6699 - val_loss: 0.9694
Epoch 33/1000
4032/4096 [============================>.] - ETA: 4s - loss: 0.6469
- val_loss: 0.9761
- val_all_f1:  0.6684 0.6684 0.6684
- val_exp_f1:  0.7013 0.7013 0.7013
- val_non_f1:  0.6623 0.6601 0.6612

4096/4096 [==============================] - 304s - loss: 0.6455 - val_loss: 0.9761
Epoch 34/1000
4032/4096 [============================>.] - ETA: 4s - loss: 0.6558
- val_loss: 0.9833
- val_all_f1:  0.6684 0.6684 0.6684
- val_exp_f1:  0.6753 0.6753 0.6753
- val_non_f1:  0.6711 0.6667 0.6689

4096/4096 [==============================] - 303s - loss: 0.6535 - val_loss: 0.9833
Epoch 35/1000
4032/4096 [============================>.] - ETA: 4s - loss: 0.6914
- val_loss: 0.9498
- val_all_f1:  0.6867 0.6867 0.6867
- val_exp_f1:  0.7532 0.7532 0.7532
- val_non_f1:  0.6743 0.6699 0.6721

4096/4096 [==============================] - 304s - loss: 0.6939 - val_loss: 0.9498
Epoch 36/1000
4032/4096 [============================>.] - ETA: 4s - loss: 0.6541
- val_loss: 0.9883
- val_all_f1:  0.6736 0.6736 0.6736
- val_exp_f1:  0.7532 0.7532 0.7532
- val_non_f1:  0.6557 0.6536 0.6547

4096/4096 [==============================] - 304s - loss: 0.6535 - val_loss: 0.9883
Epoch 37/1000
4032/4096 [============================>.] - ETA: 4s - loss: 0.6927
- val_loss: 0.9383
- val_all_f1:  0.6841 0.6841 0.6841
- val_exp_f1:  0.7143 0.7143 0.7143
- val_non_f1:  0.6809 0.6765 0.6787

4096/4096 [==============================] - 304s - loss: 0.6980 - val_loss: 0.9383
Epoch 38/1000
4032/4096 [============================>.] - ETA: 4s - loss: 0.6653
- val_loss: 0.9541
- val_all_f1:  0.6710 0.6710 0.6710
- val_exp_f1:  0.6883 0.6883 0.6883
- val_non_f1:  0.6711 0.6667 0.6689

4096/4096 [==============================] - 303s - loss: 0.6615 - val_loss: 0.9541
Epoch 39/1000
4032/4096 [============================>.] - ETA: 4s - loss: 0.6682
- val_loss: 0.9506
- val_all_f1:  0.6632 0.6632 0.6632
- val_exp_f1:  0.6623 0.6623 0.6623
- val_non_f1:  0.6634 0.6634 0.6634

4096/4096 [==============================] - 304s - loss: 0.6667 - val_loss: 0.9506
Epoch 40/1000
4032/4096 [============================>.] - ETA: 4s - loss: 0.6619
- val_loss: 0.9436
- val_all_f1:  0.6658 0.6658 0.6658
- val_exp_f1:  0.7532 0.7532 0.7532
- val_non_f1:  0.6480 0.6438 0.6459

4096/4096 [==============================] - 303s - loss: 0.6613 - val_loss: 0.9436
Epoch 41/1000
4032/4096 [============================>.] - ETA: 4s - loss: 0.6368
- val_loss: 0.9572
- val_all_f1:  0.6684 0.6684 0.6684
- val_exp_f1:  0.7532 0.7532 0.7532
- val_non_f1:  0.6513 0.6471 0.6492

4096/4096 [==============================] - 303s - loss: 0.6366 - val_loss: 0.9572
Epoch 42/1000
4032/4096 [============================>.] - ETA: 4s - loss: 0.6356
- val_loss: 0.9160
- val_all_f1:  0.6841 0.6841 0.6841
- val_exp_f1:  0.7273 0.7273 0.7273
- val_non_f1:  0.6821 0.6732 0.6776

4096/4096 [==============================] - 303s - loss: 0.6364 - val_loss: 0.9160
Epoch 43/1000
4032/4096 [============================>.] - ETA: 4s - loss: 0.6110
- val_loss: 0.9322
- val_all_f1:  0.6945 0.6945 0.6945
- val_exp_f1:  0.7792 0.7792 0.7792
- val_non_f1:  0.6776 0.6732 0.6754

4096/4096 [==============================] - 304s - loss: 0.6111 - val_loss: 0.9322
Epoch 44/1000
4032/4096 [============================>.] - ETA: 4s - loss: 0.6480
- val_loss: 0.9751
- val_all_f1:  0.6710 0.6710 0.6710
- val_exp_f1:  0.7403 0.7403 0.7403
- val_non_f1:  0.6601 0.6536 0.6568

4096/4096 [==============================] - 304s - loss: 0.6550 - val_loss: 0.9751
Epoch 45/1000
4032/4096 [============================>.] - ETA: 4s - loss: 0.6380
- val_loss: 0.9834
- val_all_f1:  0.6867 0.6867 0.6867
- val_exp_f1:  0.7662 0.7662 0.7662
- val_non_f1:  0.6711 0.6667 0.6689

4096/4096 [==============================] - 303s - loss: 0.6447 - val_loss: 0.9834
Epoch 46/1000
4032/4096 [============================>.] - ETA: 4s - loss: 0.6531
- val_loss: 0.9732
- val_all_f1:  0.6658 0.6658 0.6658
- val_exp_f1:  0.7273 0.7273 0.7273
- val_non_f1:  0.6546 0.6503 0.6525

4096/4096 [==============================] - 304s - loss: 0.6467 - val_loss: 0.9732
Epoch 47/1000
4032/4096 [============================>.] - ETA: 4s - loss: 0.6267
- val_loss: 0.9360
- val_all_f1:  0.6919 0.6919 0.6919
- val_exp_f1:  0.8052 0.8052 0.8052
- val_non_f1:  0.6700 0.6634 0.6667

4096/4096 [==============================] - 303s - loss: 0.6298 - val_loss: 0.9360
Epoch 48/1000
4032/4096 [============================>.] - ETA: 4s - loss: 0.7008
- val_loss: 0.9494
- val_all_f1:  0.6893 0.6893 0.6893
- val_exp_f1:  0.7532 0.7532 0.7532
- val_non_f1:  0.6799 0.6732 0.6765

4096/4096 [==============================] - 304s - loss: 0.7016 - val_loss: 0.9494
Epoch 49/1000
4032/4096 [============================>.] - ETA: 4s - loss: 0.6164
- val_loss: 0.9184
- val_all_f1:  0.6762 0.6762 0.6762
- val_exp_f1:  0.6883 0.6883 0.6883
- val_non_f1:  0.6821 0.6732 0.6776

4096/4096 [==============================] - 303s - loss: 0.6177 - val_loss: 0.9184
Epoch 50/1000
4032/4096 [============================>.] - ETA: 4s - loss: 0.7051
- val_loss: 0.9378
- val_all_f1:  0.6867 0.6867 0.6867
- val_exp_f1:  0.8182 0.8182 0.8182
- val_non_f1:  0.6557 0.6536 0.6547

4096/4096 [==============================] - 304s - loss: 0.7058 - val_loss: 0.9378
Epoch 51/1000
4032/4096 [============================>.] - ETA: 4s - loss: 0.6639
- val_loss: 0.8979
- val_all_f1:  0.7050 0.7050 0.7050
- val_exp_f1:  0.8442 0.8442 0.8442
- val_non_f1:  0.6788 0.6699 0.6743

4096/4096 [==============================] - 304s - loss: 0.6589 - val_loss: 0.8979
Epoch 52/1000
4032/4096 [============================>.] - ETA: 4s - loss: 0.5829
- val_loss: 0.8783
- val_all_f1:  0.6945 0.6945 0.6945
- val_exp_f1:  0.8312 0.8312 0.8312
- val_non_f1:  0.6667 0.6601 0.6634

4096/4096 [==============================] - 304s - loss: 0.5849 - val_loss: 0.8783
Epoch 53/1000
4032/4096 [============================>.] - ETA: 4s - loss: 0.5624
- val_loss: 0.8805
- val_all_f1:  0.6919 0.6919 0.6919
- val_exp_f1:  0.8312 0.8312 0.8312
- val_non_f1:  0.6590 0.6569 0.6579

4096/4096 [==============================] - 304s - loss: 0.5592 - val_loss: 0.8805
Epoch 54/1000
4032/4096 [============================>.] - ETA: 4s - loss: 0.5634
- val_loss: 0.8941
- val_all_f1:  0.7076 0.7076 0.7076
- val_exp_f1:  0.8442 0.8442 0.8442
- val_non_f1:  0.6732 0.6732 0.6732

4096/4096 [==============================] - 304s - loss: 0.5617 - val_loss: 0.8941
Epoch 55/1000
4032/4096 [============================>.] - ETA: 4s - loss: 0.6139
- val_loss: 0.9208
- val_all_f1:  0.7050 0.7050 0.7050
- val_exp_f1:  0.8701 0.8701 0.8701
- val_non_f1:  0.6678 0.6634 0.6656

4096/4096 [==============================] - 303s - loss: 0.6108 - val_loss: 0.9208
Epoch 56/1000
4032/4096 [============================>.] - ETA: 4s - loss: 0.5725
- val_loss: 0.8658
- val_all_f1:  0.7102 0.7102 0.7102
- val_exp_f1:  0.8701 0.8701 0.8701
- val_non_f1:  0.6699 0.6699 0.6699

4096/4096 [==============================] - 304s - loss: 0.5726 - val_loss: 0.8658
Epoch 57/1000
4032/4096 [============================>.] - ETA: 4s - loss: 0.5780
- val_loss: 0.8849
- val_all_f1:  0.7023 0.7023 0.7023
- val_exp_f1:  0.8571 0.8571 0.8571
- val_non_f1:  0.6678 0.6634 0.6656

4096/4096 [==============================] - 304s - loss: 0.5771 - val_loss: 0.8849
Epoch 58/1000
4032/4096 [============================>.] - ETA: 4s - loss: 0.5736
- val_loss: 0.8699
- val_all_f1:  0.7050 0.7050 0.7050
- val_exp_f1:  0.8571 0.8571 0.8571
- val_non_f1:  0.6733 0.6667 0.6700

4096/4096 [==============================] - 303s - loss: 0.5679 - val_loss: 0.8699
Epoch 59/1000
4032/4096 [============================>.] - ETA: 4s - loss: 0.5839
- val_loss: 0.9512
- val_all_f1:  0.6867 0.6867 0.6867
- val_exp_f1:  0.8442 0.8442 0.8442
- val_non_f1:  0.6535 0.6471 0.6502

4096/4096 [==============================] - 304s - loss: 0.5854 - val_loss: 0.9512
Epoch 60/1000
4032/4096 [============================>.] - ETA: 4s - loss: 0.5674
- val_loss: 0.9039
- val_all_f1:  0.6736 0.6736 0.6736
- val_exp_f1:  0.8571 0.8571 0.8571
- val_non_f1:  0.6337 0.6275 0.6305

4096/4096 [==============================] - 303s - loss: 0.5651 - val_loss: 0.9039
Epoch 61/1000
4032/4096 [============================>.] - ETA: 4s - loss: 0.6016
- val_loss: 0.8820
- val_all_f1:  0.6971 0.6971 0.6971
- val_exp_f1:  0.8701 0.8701 0.8701
- val_non_f1:  0.6601 0.6536 0.6568

4096/4096 [==============================] - 303s - loss: 0.6043 - val_loss: 0.8820
Epoch 62/1000
4032/4096 [============================>.] - ETA: 4s - loss: 0.5652
- val_loss: 0.8978
- val_all_f1:  0.7023 0.7023 0.7023
- val_exp_f1:  0.8701 0.8701 0.8701
- val_non_f1:  0.6645 0.6601 0.6623

4096/4096 [==============================] - 304s - loss: 0.5632 - val_loss: 0.8978
Epoch 63/1000
4032/4096 [============================>.] - ETA: 4s - loss: 0.5813
- val_loss: 0.9032
- val_all_f1:  0.7050 0.7050 0.7050
- val_exp_f1:  0.8831 0.8831 0.8831
- val_non_f1:  0.6667 0.6601 0.6634

4096/4096 [==============================] - 303s - loss: 0.5786 - val_loss: 0.9032
Epoch 64/1000
4032/4096 [============================>.] - ETA: 4s - loss: 0.5242
- val_loss: 0.8675
- val_all_f1:  0.7076 0.7076 0.7076
- val_exp_f1:  0.8831 0.8831 0.8831
- val_non_f1:  0.6678 0.6634 0.6656

4096/4096 [==============================] - 303s - loss: 0.5202 - val_loss: 0.8675
Epoch 65/1000
4032/4096 [============================>.] - ETA: 4s - loss: 0.5972
- val_loss: 0.8944
- val_all_f1:  0.7076 0.7076 0.7076
- val_exp_f1:  0.8831 0.8831 0.8831
- val_non_f1:  0.6678 0.6634 0.6656

4096/4096 [==============================] - 304s - loss: 0.5963 - val_loss: 0.8944
Epoch 66/1000
4032/4096 [============================>.] - ETA: 4s - loss: 0.6230
- val_loss: 0.8445
- val_all_f1:  0.7076 0.7076 0.7076
- val_exp_f1:  0.8442 0.8442 0.8442
- val_non_f1:  0.6732 0.6732 0.6732

4096/4096 [==============================] - 304s - loss: 0.6246 - val_loss: 0.8445
Epoch 67/1000
4032/4096 [============================>.] - ETA: 4s - loss: 0.6463
- val_loss: 0.8791
- val_all_f1:  0.7076 0.7076 0.7076
- val_exp_f1:  0.8961 0.8961 0.8961
- val_non_f1:  0.6667 0.6601 0.6634

4096/4096 [==============================] - 304s - loss: 0.6401 - val_loss: 0.8791
Epoch 68/1000
4032/4096 [============================>.] - ETA: 4s - loss: 0.5909
- val_loss: 0.8580
- val_all_f1:  0.7206 0.7206 0.7206
- val_exp_f1:  0.9091 0.9091 0.9091
- val_non_f1:  0.6799 0.6732 0.6765

4096/4096 [==============================] - 304s - loss: 0.5875 - val_loss: 0.8580
Epoch 69/1000
4032/4096 [============================>.] - ETA: 4s - loss: 0.5682
- val_loss: 0.8536
- val_all_f1:  0.7023 0.7023 0.7023
- val_exp_f1:  0.8831 0.8831 0.8831
- val_non_f1:  0.6612 0.6569 0.6590

4096/4096 [==============================] - 304s - loss: 0.5707 - val_loss: 0.8536
Epoch 70/1000
4032/4096 [============================>.] - ETA: 4s - loss: 0.5384
- val_loss: 0.8442
- val_all_f1:  0.7128 0.7128 0.7128
- val_exp_f1:  0.8961 0.8961 0.8961
- val_non_f1:  0.6711 0.6667 0.6689

4096/4096 [==============================] - 304s - loss: 0.5365 - val_loss: 0.8442
Epoch 71/1000
4032/4096 [============================>.] - ETA: 4s - loss: 0.5497
- val_loss: 0.8730
- val_all_f1:  0.7023 0.7023 0.7023
- val_exp_f1:  0.9091 0.9091 0.9091
- val_non_f1:  0.6568 0.6503 0.6535

4096/4096 [==============================] - 304s - loss: 0.5499 - val_loss: 0.8730
Epoch 72/1000
4032/4096 [============================>.] - ETA: 4s - loss: 0.5706
- val_loss: 0.9113
- val_all_f1:  0.7050 0.7050 0.7050
- val_exp_f1:  0.9351 0.9351 0.9351
- val_non_f1:  0.6513 0.6471 0.6492

4096/4096 [==============================] - 304s - loss: 0.5654 - val_loss: 0.9113
Epoch 73/1000
4032/4096 [============================>.] - ETA: 4s - loss: 0.5451
- val_loss: 0.8612
- val_all_f1:  0.6997 0.6997 0.6997
- val_exp_f1:  0.9091 0.9091 0.9091
- val_non_f1:  0.6535 0.6471 0.6502

4096/4096 [==============================] - 303s - loss: 0.5497 - val_loss: 0.8612
Epoch 74/1000
4032/4096 [============================>.] - ETA: 4s - loss: 0.5558
- val_loss: 0.8884
- val_all_f1:  0.6997 0.6997 0.6997
- val_exp_f1:  0.8701 0.8701 0.8701
- val_non_f1:  0.6612 0.6569 0.6590

4096/4096 [==============================] - 303s - loss: 0.5506 - val_loss: 0.8884
Epoch 75/1000
4032/4096 [============================>.] - ETA: 4s - loss: 0.6225
- val_loss: 0.8909
- val_all_f1:  0.6841 0.6841 0.6841
- val_exp_f1:  0.8831 0.8831 0.8831
- val_non_f1:  0.6403 0.6340 0.6371

4096/4096 [==============================] - 303s - loss: 0.6218 - val_loss: 0.8909
Epoch 76/1000
4032/4096 [============================>.] - ETA: 4s - loss: 0.5992
- val_loss: 0.8761
- val_all_f1:  0.7154 0.7154 0.7154
- val_exp_f1:  0.9091 0.9091 0.9091
- val_non_f1:  0.6689 0.6667 0.6678

4096/4096 [==============================] - 303s - loss: 0.6005 - val_loss: 0.8761
Epoch 77/1000
4032/4096 [============================>.] - ETA: 4s - loss: 0.5691
- val_loss: 0.8534
- val_all_f1:  0.7206 0.7206 0.7206
- val_exp_f1:  0.9481 0.9481 0.9481
- val_non_f1:  0.6700 0.6634 0.6667

4096/4096 [==============================] - 303s - loss: 0.5697 - val_loss: 0.8534
Epoch 78/1000
4032/4096 [============================>.] - ETA: 4s - loss: 0.5778
- val_loss: 0.8744
- val_all_f1:  0.7154 0.7154 0.7154
- val_exp_f1:  0.9221 0.9221 0.9221
- val_non_f1:  0.6678 0.6634 0.6656

4096/4096 [==============================] - 303s - loss: 0.5733 - val_loss: 0.8744
Epoch 79/1000
4032/4096 [============================>.] - ETA: 4s - loss: 0.5380
- val_loss: 0.8376
- val_all_f1:  0.7128 0.7128 0.7128
- val_exp_f1:  0.9221 0.9221 0.9221
- val_non_f1:  0.6667 0.6601 0.6634

4096/4096 [==============================] - 304s - loss: 0.5382 - val_loss: 0.8376
Epoch 80/1000
4032/4096 [============================>.] - ETA: 4s - loss: 0.5259
- val_loss: 0.8416
- val_all_f1:  0.7206 0.7206 0.7206
- val_exp_f1:  0.8961 0.8961 0.8961
- val_non_f1:  0.6809 0.6765 0.6787

4096/4096 [==============================] - 304s - loss: 0.5273 - val_loss: 0.8416
Epoch 81/1000
4032/4096 [============================>.] - ETA: 4s - loss: 0.5409
- val_loss: 0.8821
- val_all_f1:  0.6971 0.6971 0.6971
- val_exp_f1:  0.8831 0.8831 0.8831
- val_non_f1:  0.6546 0.6503 0.6525

4096/4096 [==============================] - 303s - loss: 0.5411 - val_loss: 0.8821
Epoch 82/1000
4032/4096 [============================>.] - ETA: 4s - loss: 0.5280
- val_loss: 0.8671
- val_all_f1:  0.7180 0.7180 0.7180
- val_exp_f1:  0.9091 0.9091 0.9091
- val_non_f1:  0.6743 0.6699 0.6721

4096/4096 [==============================] - 303s - loss: 0.5304 - val_loss: 0.8671
Epoch 83/1000
4032/4096 [============================>.] - ETA: 4s - loss: 0.4916
- val_loss: 0.8465
- val_all_f1:  0.7311 0.7311 0.7311
- val_exp_f1:  0.9221 0.9221 0.9221
- val_non_f1:  0.6852 0.6830 0.6841

4096/4096 [==============================] - 304s - loss: 0.4931 - val_loss: 0.8465
Epoch 84/1000
4032/4096 [============================>.] - ETA: 4s - loss: 0.5885
- val_loss: 0.8340
- val_all_f1:  0.7206 0.7206 0.7206
- val_exp_f1:  0.9221 0.9221 0.9221
- val_non_f1:  0.6743 0.6699 0.6721

4096/4096 [==============================] - 304s - loss: 0.5858 - val_loss: 0.8340
Epoch 85/1000
4032/4096 [============================>.] - ETA: 4s - loss: 0.5865
- val_loss: 0.8347
- val_all_f1:  0.7154 0.7154 0.7154
- val_exp_f1:  0.9351 0.9351 0.9351
- val_non_f1:  0.6623 0.6601 0.6612

4096/4096 [==============================] - 304s - loss: 0.5840 - val_loss: 0.8347
Epoch 86/1000
4032/4096 [============================>.] - ETA: 4s - loss: 0.6037
- val_loss: 0.9363
- val_all_f1:  0.6841 0.6841 0.6841
- val_exp_f1:  0.9351 0.9351 0.9351
- val_non_f1:  0.6230 0.6209 0.6219

4096/4096 [==============================] - 304s - loss: 0.6083 - val_loss: 0.9363
Epoch 87/1000
4032/4096 [============================>.] - ETA: 4s - loss: 0.5217
- val_loss: 0.8939
- val_all_f1:  0.6841 0.6841 0.6841
- val_exp_f1:  0.9351 0.9351 0.9351
- val_non_f1:  0.6230 0.6209 0.6219

4096/4096 [==============================] - 304s - loss: 0.5199 - val_loss: 0.8939
Epoch 88/1000
4032/4096 [============================>.] - ETA: 4s - loss: 0.5743
- val_loss: 0.8859
- val_all_f1:  0.6710 0.6710 0.6710
- val_exp_f1:  0.8831 0.8831 0.8831
- val_non_f1:  0.6197 0.6176 0.6187

4096/4096 [==============================] - 303s - loss: 0.5750 - val_loss: 0.8859
Epoch 89/1000
4032/4096 [============================>.] - ETA: 4s - loss: 0.5858
- val_loss: 0.8798
- val_all_f1:  0.6893 0.6893 0.6893
- val_exp_f1:  0.9481 0.9481 0.9481
- val_non_f1:  0.6283 0.6242 0.6262

4096/4096 [==============================] - 303s - loss: 0.5930 - val_loss: 0.8798
Epoch 90/1000
4032/4096 [============================>.] - ETA: 4s - loss: 0.5843
- val_loss: 0.8820
- val_all_f1:  0.6919 0.6919 0.6919
- val_exp_f1:  0.9481 0.9481 0.9481
- val_non_f1:  0.6316 0.6275 0.6295

4096/4096 [==============================] - 303s - loss: 0.5843 - val_loss: 0.8820
Epoch 91/1000
4032/4096 [============================>.] - ETA: 4s - loss: 0.5660
- val_loss: 0.8870
- val_all_f1:  0.6789 0.6789 0.6789
- val_exp_f1:  0.9221 0.9221 0.9221
- val_non_f1:  0.6217 0.6176 0.6197

4096/4096 [==============================] - 303s - loss: 0.5673 - val_loss: 0.8870
Epoch 92/1000
4032/4096 [============================>.] - ETA: 4s - loss: 0.5307
- val_loss: 0.8847
- val_all_f1:  0.6867 0.6867 0.6867
- val_exp_f1:  0.9481 0.9481 0.9481
- val_non_f1:  0.6230 0.6209 0.6219

4096/4096 [==============================] - 304s - loss: 0.5323 - val_loss: 0.8847
Epoch 93/1000
4032/4096 [============================>.] - ETA: 4s - loss: 0.6129
- val_loss: 0.9096
- val_all_f1:  0.6815 0.6815 0.6815
- val_exp_f1:  0.9221 0.9221 0.9221
- val_non_f1:  0.6209 0.6209 0.6209

4096/4096 [==============================] - 304s - loss: 0.6098 - val_loss: 0.9096
Epoch 94/1000
4032/4096 [============================>.] - ETA: 4s - loss: 0.5359
- val_loss: 0.8859
- val_all_f1:  0.6841 0.6841 0.6841
- val_exp_f1:  0.9481 0.9481 0.9481
- val_non_f1:  0.6217 0.6176 0.6197

4096/4096 [==============================] - 303s - loss: 0.5405 - val_loss: 0.8859
Epoch 95/1000
4032/4096 [============================>.] - ETA: 4s - loss: 0.5221
- val_loss: 0.8689
- val_all_f1:  0.6867 0.6867 0.6867
- val_exp_f1:  0.9351 0.9351 0.9351
- val_non_f1:  0.6262 0.6242 0.6252

4096/4096 [==============================] - 303s - loss: 0.5233 - val_loss: 0.8689
Epoch 96/1000
4032/4096 [============================>.] - ETA: 4s - loss: 0.5942
- val_loss: 0.8642
- val_all_f1:  0.6867 0.6867 0.6867
- val_exp_f1:  0.9351 0.9351 0.9351
- val_non_f1:  0.6262 0.6242 0.6252

4096/4096 [==============================] - 303s - loss: 0.5928 - val_loss: 0.8642
Epoch 97/1000
4032/4096 [============================>.] - ETA: 4s - loss: 0.5982
- val_loss: 0.9184
- val_all_f1:  0.6867 0.6867 0.6867
- val_exp_f1:  0.9481 0.9481 0.9481
- val_non_f1:  0.6230 0.6209 0.6219

4096/4096 [==============================] - 303s - loss: 0.6008 - val_loss: 0.9184
Epoch 98/1000
4032/4096 [============================>.] - ETA: 4s - loss: 0.5462
- val_loss: 0.8696
- val_all_f1:  0.6841 0.6841 0.6841
- val_exp_f1:  0.9481 0.9481 0.9481
- val_non_f1:  0.6217 0.6176 0.6197

4096/4096 [==============================] - 303s - loss: 0.5448 - val_loss: 0.8696
Epoch 99/1000
4032/4096 [============================>.] - ETA: 4s - loss: 0.5310
- val_loss: 0.8551
- val_all_f1:  0.6919 0.6919 0.6919
- val_exp_f1:  0.9351 0.9351 0.9351
- val_non_f1:  0.6307 0.6307 0.6307

4096/4096 [==============================] - 303s - loss: 0.5309 - val_loss: 0.8551
Epoch 100/1000
4032/4096 [============================>.] - ETA: 4s - loss: 0.6138
- val_loss: 0.8368
- val_all_f1:  0.6789 0.6789 0.6789
- val_exp_f1:  0.9481 0.9481 0.9481
- val_non_f1:  0.6151 0.6111 0.6131

4096/4096 [==============================] - 303s - loss: 0.6123 - val_loss: 0.8368
Epoch 101/1000
4032/4096 [============================>.] - ETA: 4s - loss: 0.5306
- val_loss: 0.8555
- val_all_f1:  0.7050 0.7050 0.7050
- val_exp_f1:  0.9221 0.9221 0.9221
- val_non_f1:  0.6503 0.6503 0.6503

4096/4096 [==============================] - 304s - loss: 0.5287 - val_loss: 0.8555
Epoch 102/1000
4032/4096 [============================>.] - ETA: 4s - loss: 0.5940
- val_loss: 0.8440
- val_all_f1:  0.7154 0.7154 0.7154
- val_exp_f1:  0.9351 0.9351 0.9351
- val_non_f1:  0.6623 0.6601 0.6612

4096/4096 [==============================] - 303s - loss: 0.5896 - val_loss: 0.8440
Epoch 103/1000
4032/4096 [============================>.] - ETA: 4s - loss: 0.5592
- val_loss: 0.8581
- val_all_f1:  0.6997 0.6997 0.6997
- val_exp_f1:  0.9221 0.9221 0.9221
- val_non_f1:  0.6459 0.6438 0.6448

4096/4096 [==============================] - 304s - loss: 0.5559 - val_loss: 0.8581
Epoch 104/1000
4032/4096 [============================>.] - ETA: 4s - loss: 0.5447
- val_loss: 0.8453
- val_all_f1:  0.6919 0.6919 0.6919
- val_exp_f1:  0.9481 0.9481 0.9481
- val_non_f1:  0.6316 0.6275 0.6295

4096/4096 [==============================] - 303s - loss: 0.5464 - val_loss: 0.8453
Epoch 105/1000
4032/4096 [============================>.] - ETA: 4s - loss: 0.5672
- val_loss: 0.9010
- val_all_f1:  0.6815 0.6815 0.6815
- val_exp_f1:  0.9221 0.9221 0.9221
- val_non_f1:  0.6230 0.6209 0.6219

4096/4096 [==============================] - 303s - loss: 0.5650 - val_loss: 0.9010
Epoch 106/1000
4032/4096 [============================>.] - ETA: 4s - loss: 0.5370
- val_loss: 0.8753
- val_all_f1:  0.6997 0.6997 0.6997
- val_exp_f1:  0.9351 0.9351 0.9351
- val_non_f1:  0.6405 0.6405 0.6405

4096/4096 [==============================] - 303s - loss: 0.5379 - val_loss: 0.8753
Epoch 107/1000
4032/4096 [============================>.] - ETA: 4s - loss: 0.5460
- val_loss: 0.9045
- val_all_f1:  0.7128 0.7128 0.7128
- val_exp_f1:  0.9351 0.9351 0.9351
- val_non_f1:  0.6569 0.6569 0.6569

4096/4096 [==============================] - 303s - loss: 0.5435 - val_loss: 0.9045
Epoch 108/1000
4032/4096 [============================>.] - ETA: 4s - loss: 0.5448
- val_loss: 0.8058
- val_all_f1:  0.7076 0.7076 0.7076
- val_exp_f1:  0.9481 0.9481 0.9481
- val_non_f1:  0.6492 0.6471 0.6481

4096/4096 [==============================] - 303s - loss: 0.5472 - val_loss: 0.8058
Epoch 109/1000
4032/4096 [============================>.] - ETA: 4s - loss: 0.5654
- val_loss: 0.8541
- val_all_f1:  0.6815 0.6815 0.6815
- val_exp_f1:  0.8961 0.8961 0.8961
- val_non_f1:  0.6275 0.6275 0.6275

4096/4096 [==============================] - 304s - loss: 0.5649 - val_loss: 0.8541
Epoch 110/1000
4032/4096 [============================>.] - ETA: 4s - loss: 0.5040
- val_loss: 0.8174
- val_all_f1:  0.7076 0.7076 0.7076
- val_exp_f1:  0.9481 0.9481 0.9481
- val_non_f1:  0.6492 0.6471 0.6481

4096/4096 [==============================] - 304s - loss: 0.5066 - val_loss: 0.8174
Epoch 111/1000
4032/4096 [============================>.] - ETA: 4s - loss: 0.5787
- val_loss: 0.9016
- val_all_f1:  0.6815 0.6815 0.6815
- val_exp_f1:  0.9481 0.9481 0.9481
- val_non_f1:  0.6164 0.6144 0.6154

4096/4096 [==============================] - 304s - loss: 0.5773 - val_loss: 0.9016
Epoch 112/1000
4032/4096 [============================>.] - ETA: 4s - loss: 0.5466
- val_loss: 0.8988
- val_all_f1:  0.6841 0.6841 0.6841
- val_exp_f1:  0.9351 0.9351 0.9351
- val_non_f1:  0.6209 0.6209 0.6209

4096/4096 [==============================] - 303s - loss: 0.5476 - val_loss: 0.8988
Epoch 113/1000
4032/4096 [============================>.] - ETA: 4s - loss: 0.5797
- val_loss: 0.8453
- val_all_f1:  0.6919 0.6919 0.6919
- val_exp_f1:  0.9610 0.9610 0.9610
- val_non_f1:  0.6242 0.6242 0.6242

4096/4096 [==============================] - 303s - loss: 0.5802 - val_loss: 0.8453
Epoch 114/1000
4032/4096 [============================>.] - ETA: 4s - loss: 0.5374
- val_loss: 0.9062
- val_all_f1:  0.6789 0.6789 0.6789
- val_exp_f1:  0.9610 0.9610 0.9610
- val_non_f1:  0.6078 0.6078 0.6078

4096/4096 [==============================] - 303s - loss: 0.5383 - val_loss: 0.9062
Epoch 115/1000
4032/4096 [============================>.] - ETA: 4s - loss: 0.5428
- val_loss: 0.9224
- val_all_f1:  0.6710 0.6710 0.6710
- val_exp_f1:  0.9091 0.9091 0.9091
- val_non_f1:  0.6151 0.6111 0.6131

4096/4096 [==============================] - 304s - loss: 0.5393 - val_loss: 0.9224
Epoch 116/1000
4032/4096 [============================>.] - ETA: 4s - loss: 0.5366
- val_loss: 0.9409
- val_all_f1:  0.6789 0.6789 0.6789
- val_exp_f1:  0.9351 0.9351 0.9351
- val_non_f1:  0.6184 0.6144 0.6164

4096/4096 [==============================] - 304s - loss: 0.5378 - val_loss: 0.9409
Epoch 117/1000
4032/4096 [============================>.] - ETA: 4s - loss: 0.5434
- val_loss: 0.9119
- val_all_f1:  0.6789 0.6789 0.6789
- val_exp_f1:  0.9351 0.9351 0.9351
- val_non_f1:  0.6184 0.6144 0.6164

4096/4096 [==============================] - 303s - loss: 0.5415 - val_loss: 0.9119
Epoch 118/1000
4032/4096 [============================>.] - ETA: 4s - loss: 0.5257
- val_loss: 1.0418
- val_all_f1:  0.6789 0.6789 0.6789
- val_exp_f1:  0.9351 0.9351 0.9351
- val_non_f1:  0.6184 0.6144 0.6164

4096/4096 [==============================] - 303s - loss: 0.5263 - val_loss: 1.0418
Epoch 119/1000
4032/4096 [============================>.] - ETA: 4s - loss: 0.5872
- val_loss: 0.8961
- val_all_f1:  0.6762 0.6762 0.6762
- val_exp_f1:  0.9351 0.9351 0.9351
- val_non_f1:  0.6151 0.6111 0.6131

4096/4096 [==============================] - 303s - loss: 0.5871 - val_loss: 0.8961
Epoch 120/1000
4032/4096 [============================>.] - ETA: 4s - loss: 0.5610
- val_loss: 0.8891
- val_all_f1:  0.6762 0.6762 0.6762
- val_exp_f1:  0.9481 0.9481 0.9481
- val_non_f1:  0.6118 0.6078 0.6098

4096/4096 [==============================] - 303s - loss: 0.5584 - val_loss: 0.8891
Epoch 121/1000
4032/4096 [============================>.] - ETA: 4s - loss: 0.5474
- val_loss: 0.9210
- val_all_f1:  0.6789 0.6789 0.6789
- val_exp_f1:  0.9351 0.9351 0.9351
- val_non_f1:  0.6184 0.6144 0.6164

4096/4096 [==============================] - 303s - loss: 0.5502 - val_loss: 0.9210
Epoch 122/1000
4032/4096 [============================>.] - ETA: 4s - loss: 0.4802
- val_loss: 0.9333
- val_all_f1:  0.6815 0.6815 0.6815
- val_exp_f1:  0.9481 0.9481 0.9481
- val_non_f1:  0.6184 0.6144 0.6164

4096/4096 [==============================] - 304s - loss: 0.4801 - val_loss: 0.9333
Epoch 123/1000
4032/4096 [============================>.] - ETA: 4s - loss: 0.5282
- val_loss: 0.8615
- val_all_f1:  0.6919 0.6919 0.6919
- val_exp_f1:  0.9481 0.9481 0.9481
- val_non_f1:  0.6295 0.6275 0.6285

4096/4096 [==============================] - 304s - loss: 0.5290 - val_loss: 0.8615
Epoch 124/1000
4032/4096 [============================>.] - ETA: 4s - loss: 0.5268
- val_loss: 0.8801
- val_all_f1:  0.6684 0.6684 0.6684
- val_exp_f1:  0.9481 0.9481 0.9481
- val_non_f1:  0.6020 0.5980 0.6000

4096/4096 [==============================] - 304s - loss: 0.5276 - val_loss: 0.8801
Epoch 125/1000
4032/4096 [============================>.] - ETA: 4s - loss: 0.5374
- val_loss: 0.8926
- val_all_f1:  0.6893 0.6893 0.6893
- val_exp_f1:  0.9481 0.9481 0.9481
- val_non_f1:  0.6262 0.6242 0.6252

4096/4096 [==============================] - 303s - loss: 0.5357 - val_loss: 0.8926
Epoch 126/1000
4032/4096 [============================>.] - ETA: 4s - loss: 0.4775
- val_loss: 0.8263
- val_all_f1:  0.6945 0.6945 0.6945
- val_exp_f1:  0.9351 0.9351 0.9351
- val_non_f1:  0.6382 0.6340 0.6361

4096/4096 [==============================] - 303s - loss: 0.4827 - val_loss: 0.8263
Epoch 127/1000
4032/4096 [============================>.] - ETA: 4s - loss: 0.5004
- val_loss: 0.8884
- val_all_f1:  0.6893 0.6893 0.6893
- val_exp_f1:  0.9091 0.9091 0.9091
- val_non_f1:  0.6361 0.6340 0.6350

4096/4096 [==============================] - 303s - loss: 0.4986 - val_loss: 0.8884
Epoch 128/1000
4032/4096 [============================>.] - ETA: 4s - loss: 0.5170
- val_loss: 0.8499
- val_all_f1:  0.6919 0.6919 0.6919
- val_exp_f1:  0.9351 0.9351 0.9351
- val_non_f1:  0.6328 0.6307 0.6318

4096/4096 [==============================] - 303s - loss: 0.5157 - val_loss: 0.8499
Epoch 129/1000
4032/4096 [============================>.] - ETA: 4s - loss: 0.5345
- val_loss: 0.8351
- val_all_f1:  0.6971 0.6971 0.6971
- val_exp_f1:  0.9351 0.9351 0.9351
- val_non_f1:  0.6373 0.6373 0.6373

4096/4096 [==============================] - 303s - loss: 0.5344 - val_loss: 0.8351
Epoch 130/1000
4032/4096 [============================>.] - ETA: 4s - loss: 0.5166
- val_loss: 0.8335
- val_all_f1:  0.6945 0.6945 0.6945
- val_exp_f1:  0.9610 0.9610 0.9610
- val_non_f1:  0.6295 0.6275 0.6285

4096/4096 [==============================] - 304s - loss: 0.5151 - val_loss: 0.8335
Epoch 131/1000
4032/4096 [============================>.] - ETA: 4s - loss: 0.5175
- val_loss: 0.8405
- val_all_f1:  0.6815 0.6815 0.6815
- val_exp_f1:  0.9610 0.9610 0.9610
- val_non_f1:  0.6111 0.6111 0.6111

4096/4096 [==============================] - 303s - loss: 0.5151 - val_loss: 0.8405
Epoch 132/1000
4032/4096 [============================>.] - ETA: 4s - loss: 0.4887
- val_loss: 0.9040
- val_all_f1:  0.6893 0.6893 0.6893
- val_exp_f1:  0.9481 0.9481 0.9481
- val_non_f1:  0.6262 0.6242 0.6252

4096/4096 [==============================] - 303s - loss: 0.4871 - val_loss: 0.9040
Epoch 133/1000
4032/4096 [============================>.] - ETA: 4s - loss: 0.5034
- val_loss: 0.8255
- val_all_f1:  0.6945 0.6945 0.6945
- val_exp_f1:  0.9481 0.9481 0.9481
- val_non_f1:  0.6328 0.6307 0.6318

4096/4096 [==============================] - 303s - loss: 0.5050 - val_loss: 0.8255
Epoch 134/1000
4032/4096 [============================>.] - ETA: 4s - loss: 0.4951
- val_loss: 0.8520
- val_all_f1:  0.7102 0.7102 0.7102
- val_exp_f1:  0.9481 0.9481 0.9481
- val_non_f1:  0.6525 0.6503 0.6514

4096/4096 [==============================] - 303s - loss: 0.4954 - val_loss: 0.8520
Epoch 135/1000
4032/4096 [============================>.] - ETA: 4s - loss: 0.5090
- val_loss: 0.8172
- val_all_f1:  0.7102 0.7102 0.7102
- val_exp_f1:  0.9481 0.9481 0.9481
- val_non_f1:  0.6525 0.6503 0.6514

4096/4096 [==============================] - 303s - loss: 0.5036 - val_loss: 0.8172
Epoch 136/1000
4032/4096 [============================>.] - ETA: 4s - loss: 0.4855
- val_loss: 0.8487
- val_all_f1:  0.7102 0.7102 0.7102
- val_exp_f1:  0.9481 0.9481 0.9481
- val_non_f1:  0.6503 0.6503 0.6503

4096/4096 [==============================] - 303s - loss: 0.4886 - val_loss: 0.8487
Epoch 137/1000
4032/4096 [============================>.] - ETA: 4s - loss: 0.5270
- val_loss: 0.8459
- val_all_f1:  0.6971 0.6971 0.6971
- val_exp_f1:  0.9351 0.9351 0.9351
- val_non_f1:  0.6393 0.6373 0.6383

4096/4096 [==============================] - 304s - loss: 0.5249 - val_loss: 0.8459
Epoch 138/1000
4032/4096 [============================>.] - ETA: 4s - loss: 0.4623
- val_loss: 0.8632
- val_all_f1:  0.6841 0.6841 0.6841
- val_exp_f1:  0.9481 0.9481 0.9481
- val_non_f1:  0.6197 0.6176 0.6187

4096/4096 [==============================] - 304s - loss: 0.4647 - val_loss: 0.8632
Epoch 139/1000
4032/4096 [============================>.] - ETA: 4s - loss: 0.4837
- val_loss: 0.8545
- val_all_f1:  0.6815 0.6815 0.6815
- val_exp_f1:  0.9351 0.9351 0.9351
- val_non_f1:  0.6197 0.6176 0.6187

4096/4096 [==============================] - 304s - loss: 0.4810 - val_loss: 0.8545
Epoch 140/1000
4032/4096 [============================>.] - ETA: 4s - loss: 0.4906
- val_loss: 0.8224
- val_all_f1:  0.6945 0.6945 0.6945
- val_exp_f1:  0.9481 0.9481 0.9481
- val_non_f1:  0.6307 0.6307 0.6307

4096/4096 [==============================] - 304s - loss: 0.4935 - val_loss: 0.8224
Epoch 141/1000
4032/4096 [============================>.] - ETA: 4s - loss: 0.5023
- val_loss: 0.8427
- val_all_f1:  0.6867 0.6867 0.6867
- val_exp_f1:  0.9221 0.9221 0.9221
- val_non_f1:  0.6295 0.6275 0.6285

4096/4096 [==============================] - 303s - loss: 0.5021 - val_loss: 0.8427
Epoch 142/1000
4032/4096 [============================>.] - ETA: 4s - loss: 0.4950
- val_loss: 0.8389
- val_all_f1:  0.6945 0.6945 0.6945
- val_exp_f1:  0.9481 0.9481 0.9481
- val_non_f1:  0.6328 0.6307 0.6318

4096/4096 [==============================] - 303s - loss: 0.4923 - val_loss: 0.8389
Epoch 143/1000
4032/4096 [============================>.] - ETA: 4s - loss: 0.4636
- val_loss: 0.8464
- val_all_f1:  0.6971 0.6971 0.6971
- val_exp_f1:  0.9481 0.9481 0.9481
- val_non_f1:  0.6340 0.6340 0.6340

4096/4096 [==============================] - 304s - loss: 0.4617 - val_loss: 0.8464
Epoch 144/1000
4032/4096 [============================>.] - ETA: 4s - loss: 0.5063
- val_loss: 0.8537
- val_all_f1:  0.6841 0.6841 0.6841
- val_exp_f1:  0.9351 0.9351 0.9351
- val_non_f1:  0.6230 0.6209 0.6219

4096/4096 [==============================] - 304s - loss: 0.5033 - val_loss: 0.8537
Epoch 145/1000
4032/4096 [============================>.] - ETA: 4s - loss: 0.4822
- val_loss: 0.8674
- val_all_f1:  0.6997 0.6997 0.6997
- val_exp_f1:  0.9351 0.9351 0.9351
- val_non_f1:  0.6426 0.6405 0.6416

4096/4096 [==============================] - 303s - loss: 0.4810 - val_loss: 0.8674
Epoch 146/1000
4032/4096 [============================>.] - ETA: 4s - loss: 0.4462
- val_loss: 0.8919
- val_all_f1:  0.6789 0.6789 0.6789
- val_exp_f1:  0.9481 0.9481 0.9481
- val_non_f1:  0.6111 0.6111 0.6111

4096/4096 [==============================] - 304s - loss: 0.4454 - val_loss: 0.8919
Epoch 147/1000
4032/4096 [============================>.] - ETA: 4s - loss: 0.5041
- val_loss: 0.8575
- val_all_f1:  0.6893 0.6893 0.6893
- val_exp_f1:  0.9481 0.9481 0.9481
- val_non_f1:  0.6262 0.6242 0.6252

4096/4096 [==============================] - 304s - loss: 0.5063 - val_loss: 0.8575
Epoch 148/1000
4032/4096 [============================>.] - ETA: 4s - loss: 0.5159
- val_loss: 0.8385
- val_all_f1:  0.6971 0.6971 0.6971
- val_exp_f1:  0.9481 0.9481 0.9481
- val_non_f1:  0.6361 0.6340 0.6350

4096/4096 [==============================] - 304s - loss: 0.5173 - val_loss: 0.8385
Epoch 149/1000
4032/4096 [============================>.] - ETA: 4s - loss: 0.4651
- val_loss: 0.8601
- val_all_f1:  0.6919 0.6919 0.6919
- val_exp_f1:  0.9481 0.9481 0.9481
- val_non_f1:  0.6295 0.6275 0.6285

4096/4096 [==============================] - 304s - loss: 0.4669 - val_loss: 0.8601
Epoch 150/1000
4032/4096 [============================>.] - ETA: 4s - loss: 0.5131
- val_loss: 0.8480
- val_all_f1:  0.6893 0.6893 0.6893
- val_exp_f1:  0.9481 0.9481 0.9481
- val_non_f1:  0.6242 0.6242 0.6242

4096/4096 [==============================] - 304s - loss: 0.5161 - val_loss: 0.8480
Epoch 151/1000
4032/4096 [============================>.] - ETA: 4s - loss: 0.4401
- val_loss: 0.8805
- val_all_f1:  0.7050 0.7050 0.7050
- val_exp_f1:  0.9481 0.9481 0.9481
- val_non_f1:  0.6459 0.6438 0.6448

4096/4096 [==============================] - 304s - loss: 0.4429 - val_loss: 0.8805
Epoch 152/1000
4032/4096 [============================>.] - ETA: 4s - loss: 0.4602
- val_loss: 0.8181
- val_all_f1:  0.7076 0.7076 0.7076
- val_exp_f1:  0.9481 0.9481 0.9481
- val_non_f1:  0.6492 0.6471 0.6481

4096/4096 [==============================] - 304s - loss: 0.4615 - val_loss: 0.8181
Epoch 153/1000
4032/4096 [============================>.] - ETA: 4s - loss: 0.4834
- val_loss: 0.8396
- val_all_f1:  0.6997 0.6997 0.6997
- val_exp_f1:  0.9351 0.9351 0.9351
- val_non_f1:  0.6405 0.6405 0.6405

4096/4096 [==============================] - 304s - loss: 0.4832 - val_loss: 0.8396
Epoch 154/1000
4032/4096 [============================>.] - ETA: 4s - loss: 0.4394
- val_loss: 0.8834
- val_all_f1:  0.6867 0.6867 0.6867
- val_exp_f1:  0.9351 0.9351 0.9351
- val_non_f1:  0.6242 0.6242 0.6242

4096/4096 [==============================] - 304s - loss: 0.4385 - val_loss: 0.8834
Epoch 155/1000
4032/4096 [============================>.] - ETA: 4s - loss: 0.4889
- val_loss: 0.8619
- val_all_f1:  0.6841 0.6841 0.6841
- val_exp_f1:  0.9481 0.9481 0.9481
- val_non_f1:  0.6176 0.6176 0.6176

4096/4096 [==============================] - 304s - loss: 0.4877 - val_loss: 0.8619
Epoch 156/1000
4032/4096 [============================>.] - ETA: 4s - loss: 0.4637
- val_loss: 0.9073
- val_all_f1:  0.7128 0.7128 0.7128
- val_exp_f1:  0.9481 0.9481 0.9481
- val_non_f1:  0.6536 0.6536 0.6536

4096/4096 [==============================] - 304s - loss: 0.4615 - val_loss: 0.9073
Epoch 157/1000
4032/4096 [============================>.] - ETA: 4s - loss: 0.4952
- val_loss: 0.8214
- val_all_f1:  0.6997 0.6997 0.6997
- val_exp_f1:  0.9481 0.9481 0.9481
- val_non_f1:  0.6373 0.6373 0.6373

4096/4096 [==============================] - 303s - loss: 0.4949 - val_loss: 0.8214
Epoch 158/1000
4032/4096 [============================>.] - ETA: 4s - loss: 0.4728
- val_loss: 0.8303
- val_all_f1:  0.7076 0.7076 0.7076
- val_exp_f1:  0.9481 0.9481 0.9481
- val_non_f1:  0.6492 0.6471 0.6481

4096/4096 [==============================] - 303s - loss: 0.4701 - val_loss: 0.8303
Epoch 159/1000
4032/4096 [============================>.] - ETA: 4s - loss: 0.4338
- val_loss: 0.8124
- val_all_f1:  0.7076 0.7076 0.7076
- val_exp_f1:  0.9481 0.9481 0.9481
- val_non_f1:  0.6471 0.6471 0.6471

4096/4096 [==============================] - 304s - loss: 0.4323 - val_loss: 0.8124
Epoch 160/1000
4032/4096 [============================>.] - ETA: 4s - loss: 0.4723
- val_loss: 0.8535
- val_all_f1:  0.6815 0.6815 0.6815
- val_exp_f1:  0.9610 0.9610 0.9610
- val_non_f1:  0.6111 0.6111 0.6111

4096/4096 [==============================] - 304s - loss: 0.4721 - val_loss: 0.8535
Epoch 161/1000
4032/4096 [============================>.] - ETA: 4s - loss: 0.4721
- val_loss: 0.8183
- val_all_f1:  0.6945 0.6945 0.6945
- val_exp_f1:  0.9610 0.9610 0.9610
- val_non_f1:  0.6275 0.6275 0.6275

4096/4096 [==============================] - 304s - loss: 0.4735 - val_loss: 0.8183
Epoch 162/1000
4032/4096 [============================>.] - ETA: 4s - loss: 0.5339
- val_loss: 0.8881
- val_all_f1:  0.6867 0.6867 0.6867
- val_exp_f1:  0.9481 0.9481 0.9481
- val_non_f1:  0.6209 0.6209 0.6209

4096/4096 [==============================] - 303s - loss: 0.5313 - val_loss: 0.8881
Epoch 163/1000
4032/4096 [============================>.] - ETA: 4s - loss: 0.4643
- val_loss: 0.8527
- val_all_f1:  0.6971 0.6971 0.6971
- val_exp_f1:  0.9481 0.9481 0.9481
- val_non_f1:  0.6340 0.6340 0.6340

4096/4096 [==============================] - 304s - loss: 0.4646 - val_loss: 0.8527
Epoch 164/1000
4032/4096 [============================>.] - ETA: 4s - loss: 0.4765
- val_loss: 0.8602
- val_all_f1:  0.6997 0.6997 0.6997
- val_exp_f1:  0.9351 0.9351 0.9351
- val_non_f1:  0.6426 0.6405 0.6416

4096/4096 [==============================] - 304s - loss: 0.4748 - val_loss: 0.8602
Epoch 165/1000
4032/4096 [============================>.] - ETA: 4s - loss: 0.4866
- val_loss: 0.8592
- val_all_f1:  0.6945 0.6945 0.6945
- val_exp_f1:  0.9481 0.9481 0.9481
- val_non_f1:  0.6328 0.6307 0.6318

4096/4096 [==============================] - 303s - loss: 0.4844 - val_loss: 0.8592
Epoch 166/1000
4032/4096 [============================>.] - ETA: 4s - loss: 0.4607
- val_loss: 0.8318
- val_all_f1:  0.6997 0.6997 0.6997
- val_exp_f1:  0.9481 0.9481 0.9481
- val_non_f1:  0.6373 0.6373 0.6373

4096/4096 [==============================] - 303s - loss: 0.4596 - val_loss: 0.8318
Epoch 167/1000
4032/4096 [============================>.] - ETA: 4s - loss: 0.4566
- val_loss: 0.8030
- val_all_f1:  0.7050 0.7050 0.7050
- val_exp_f1:  0.9610 0.9610 0.9610
- val_non_f1:  0.6405 0.6405 0.6405

4096/4096 [==============================] - 304s - loss: 0.4576 - val_loss: 0.8030
Epoch 168/1000
4032/4096 [============================>.] - ETA: 4s - loss: 0.4220
- val_loss: 0.8251
- val_all_f1:  0.7102 0.7102 0.7102
- val_exp_f1:  0.9610 0.9610 0.9610
- val_non_f1:  0.6471 0.6471 0.6471

4096/4096 [==============================] - 304s - loss: 0.4289 - val_loss: 0.8251
Epoch 169/1000
4032/4096 [============================>.] - ETA: 4s - loss: 0.4637
- val_loss: 0.8303
- val_all_f1:  0.7311 0.7311 0.7311
- val_exp_f1:  0.9610 0.9610 0.9610
- val_non_f1:  0.6732 0.6732 0.6732

4096/4096 [==============================] - 304s - loss: 0.4641 - val_loss: 0.8303
Epoch 170/1000
4032/4096 [============================>.] - ETA: 4s - loss: 0.5152
- val_loss: 0.9049
- val_all_f1:  0.7076 0.7076 0.7076
- val_exp_f1:  0.9481 0.9481 0.9481
- val_non_f1:  0.6471 0.6471 0.6471

4096/4096 [==============================] - 304s - loss: 0.5126 - val_loss: 0.9049
Epoch 171/1000
4032/4096 [============================>.] - ETA: 4s - loss: 0.4573
- val_loss: 0.8754
- val_all_f1:  0.6815 0.6815 0.6815
- val_exp_f1:  0.9481 0.9481 0.9481
- val_non_f1:  0.6144 0.6144 0.6144

4096/4096 [==============================] - 304s - loss: 0.4566 - val_loss: 0.8754
Epoch 172/1000
4032/4096 [============================>.] - ETA: 4s - loss: 0.4900
- val_loss: 0.8652
- val_all_f1:  0.7102 0.7102 0.7102
- val_exp_f1:  0.9481 0.9481 0.9481
- val_non_f1:  0.6503 0.6503 0.6503

4096/4096 [==============================] - 303s - loss: 0.4880 - val_loss: 0.8652
Epoch 173/1000
4032/4096 [============================>.] - ETA: 4s - loss: 0.5147
- val_loss: 0.8500
- val_all_f1:  0.6945 0.6945 0.6945
- val_exp_f1:  0.9481 0.9481 0.9481
- val_non_f1:  0.6307 0.6307 0.6307

4096/4096 [==============================] - 303s - loss: 0.5156 - val_loss: 0.8500
Epoch 174/1000
4032/4096 [============================>.] - ETA: 4s - loss: 0.4404
- val_loss: 0.8784
- val_all_f1:  0.6867 0.6867 0.6867
- val_exp_f1:  0.9351 0.9351 0.9351
- val_non_f1:  0.6262 0.6242 0.6252

4096/4096 [==============================] - 303s - loss: 0.4383 - val_loss: 0.8784
Epoch 175/1000
4032/4096 [============================>.] - ETA: 4s - loss: 0.4480
- val_loss: 0.9067
- val_all_f1:  0.6867 0.6867 0.6867
- val_exp_f1:  0.9351 0.9351 0.9351
- val_non_f1:  0.6242 0.6242 0.6242

4096/4096 [==============================] - 303s - loss: 0.4457 - val_loss: 0.9067
Epoch 176/1000
4032/4096 [============================>.] - ETA: 4s - loss: 0.4607
- val_loss: 0.8575
- val_all_f1:  0.6997 0.6997 0.6997
- val_exp_f1:  0.9610 0.9610 0.9610
- val_non_f1:  0.6340 0.6340 0.6340

4096/4096 [==============================] - 304s - loss: 0.4604 - val_loss: 0.8575
Epoch 177/1000
4032/4096 [============================>.] - ETA: 4s - loss: 0.4577
- val_loss: 0.8588
- val_all_f1:  0.6945 0.6945 0.6945
- val_exp_f1:  0.9481 0.9481 0.9481
- val_non_f1:  0.6307 0.6307 0.6307

4096/4096 [==============================] - 303s - loss: 0.4587 - val_loss: 0.8588
Epoch 178/1000
4032/4096 [============================>.] - ETA: 4s - loss: 0.4692
- val_loss: 0.9129
- val_all_f1:  0.7076 0.7076 0.7076
- val_exp_f1:  0.9481 0.9481 0.9481
- val_non_f1:  0.6471 0.6471 0.6471

4096/4096 [==============================] - 303s - loss: 0.4676 - val_loss: 0.9129
Epoch 179/1000
4032/4096 [============================>.] - ETA: 4s - loss: 0.4930
- val_loss: 0.8443
- val_all_f1:  0.7076 0.7076 0.7076
- val_exp_f1:  0.9610 0.9610 0.9610
- val_non_f1:  0.6438 0.6438 0.6438

4096/4096 [==============================] - 303s - loss: 0.4927 - val_loss: 0.8443
Epoch 180/1000
4032/4096 [============================>.] - ETA: 4s - loss: 0.4943
- val_loss: 0.8573
- val_all_f1:  0.7050 0.7050 0.7050
- val_exp_f1:  0.9481 0.9481 0.9481
- val_non_f1:  0.6459 0.6438 0.6448

4096/4096 [==============================] - 303s - loss: 0.4952 - val_loss: 0.8573
Epoch 181/1000
4032/4096 [============================>.] - ETA: 4s - loss: 0.4809
- val_loss: 0.8309
- val_all_f1:  0.6997 0.6997 0.6997
- val_exp_f1:  0.9481 0.9481 0.9481
- val_non_f1:  0.6373 0.6373 0.6373

4096/4096 [==============================] - 304s - loss: 0.4802 - val_loss: 0.8309
Epoch 182/1000
4032/4096 [============================>.] - ETA: 4s - loss: 0.4628
- val_loss: 0.8321
- val_all_f1:  0.6945 0.6945 0.6945
- val_exp_f1:  0.9481 0.9481 0.9481
- val_non_f1:  0.6307 0.6307 0.6307

4096/4096 [==============================] - 303s - loss: 0.4632 - val_loss: 0.8321
Epoch 183/1000
4032/4096 [============================>.] - ETA: 4s - loss: 0.4690
- val_loss: 0.8440
- val_all_f1:  0.6893 0.6893 0.6893
- val_exp_f1:  0.9610 0.9610 0.9610
- val_non_f1:  0.6230 0.6209 0.6219

4096/4096 [==============================] - 304s - loss: 0.4679 - val_loss: 0.8440
Epoch 184/1000
4032/4096 [============================>.] - ETA: 4s - loss: 0.4736
- val_loss: 0.8782
- val_all_f1:  0.6893 0.6893 0.6893
- val_exp_f1:  0.9481 0.9481 0.9481
- val_non_f1:  0.6242 0.6242 0.6242

4096/4096 [==============================] - 303s - loss: 0.4735 - val_loss: 0.8782
[2017-06-28 05:49] training finished (ex/conll16st-v35b1-zh-default-1)
[2017-06-28 05:49] best_val_loss: 166 - loss: 0.4576 - val_loss: 0.8030 - val_all_f1: 0.7050 - val_exp_f1: 0.9610 - val_non_f1: 0.6405
[2017-06-28 05:49] best_val_all_f1: 82 - loss: 0.4931 - val_loss: 0.8465 - val_all_f1: 0.7311 - val_exp_f1: 0.9221 - val_non_f1: 0.6841
