[2018-03-20 16:41] configuration (ex/conll16st-v35noaugm-zhch/blind)
[2018-03-20 16:41]   config 'arg1_len': 900
[2018-03-20 16:41]   config 'arg2_len': 900
[2018-03-20 16:41]   config 'backend': theano
[2018-03-20 16:41]   config 'backend_theano': device=gpu,floatX=float32,nvcc.fastmath=True,lib.cnmem=1
[2018-03-20 16:41]   config 'batch_size': 64
[2018-03-20 16:41]   config 'conn_len': 20
[2018-03-20 16:41]   config 'dataset_dir': data/conll16st-zh-04-27-2016-blind-test
[2018-03-20 16:41]   config 'filter_fn_name': None
[2018-03-20 16:41]   config 'lang': zh
[2018-03-20 16:41]   config 'mode': char
[2018-03-20 16:41]   config 'model_dir': ex/conll16st-v35noaugm-zhch
[2018-03-20 16:41]   config 'normalization_mode': sample_aspect
[2018-03-20 16:41]   config 'output_dir': ex/conll16st-v35noaugm-zhch/blind
[2018-03-20 16:41]   config 'punc_len': 2
[2018-03-20 16:41]   config 'rest': ['--original_positives=1', '--random_positives=0', '--random_negatives=0']
[2018-03-20 16:41]   config 'snapshot_size': 2048
[2018-03-20 16:41] load dataset for prediction (data/conll16st-zh-04-27-2016-blind-test)
[2018-03-20 16:41]   lang: zh, rel_ids: 2101
[2018-03-20 16:41] load previous indexes (ex/conll16st-v35noaugm-zhch/indexes.pkl)
[2018-03-20 16:41]   words2id: 2859, target2id: 12
[2018-03-20 16:41] load model (ex/conll16st-v35noaugm-zhch)
[2018-03-20 16:41] load previous weights (ex/conll16st-v35noaugm-zhch/weights_val_all_f1.hdf5)
[2018-03-20 16:41] prediction preparation
[2018-03-20 16:41] make predictions (ex/conll16st-v35noaugm-zhch/blind/output.json)
[2018-03-20 16:43] peek into filtering weights (ex/conll16st-v35noaugm-zhch/blind/peek.html)
[2018-03-20 16:54] finished (ex/conll16st-v35noaugm-zhch/blind)
