[2019-04-09 05:03] configuration (ex/conll16st-v35-zhch-fd-4-rn-4-0)
[2019-04-09 05:03]   config 'arg1_len': 900
[2019-04-09 05:03]   config 'arg2_len': 900
[2019-04-09 05:03]   config 'backend': theano
[2019-04-09 05:03]   config 'backend_theano': device=cpu
[2019-04-09 05:03]   config 'batch_size': 64
[2019-04-09 05:03]   config 'conn_len': 20
[2019-04-09 05:03]   config 'continue_': False
[2019-04-09 05:03]   config 'curriculum_end': 0.0
[2019-04-09 05:03]   config 'epochs': 1000
[2019-04-09 05:03]   config 'epochs_patience': 100
[2019-04-09 05:03]   config 'epochs_ratio': 0.1
[2019-04-09 05:03]   config 'filter_act': sigmoid
[2019-04-09 05:03]   config 'filter_append_act': linear
[2019-04-09 05:03]   config 'filter_append_batchnorm': False
[2019-04-09 05:03]   config 'filter_append_dim': 0
[2019-04-09 05:03]   config 'filter_append_dropout': 0.0
[2019-04-09 05:03]   config 'filter_apply': mul
[2019-04-09 05:03]   config 'filter_dim': 4
[2019-04-09 05:03]   config 'filter_dropout_U': 0.0
[2019-04-09 05:03]   config 'filter_dropout_W': 0.0
[2019-04-09 05:03]   config 'filter_fn_name': None
[2019-04-09 05:03]   config 'filter_shared': global
[2019-04-09 05:03]   config 'filter_type': lstm-fb
[2019-04-09 05:03]   config 'filter_zoneout_c': 0.0
[2019-04-09 05:03]   config 'filter_zoneout_h': 0.0
[2019-04-09 05:03]   config 'final_act': SReLU
[2019-04-09 05:03]   config 'final_dim': 80
[2019-04-09 05:03]   config 'final_dropout': 0.3
[2019-04-09 05:03]   config 'input_size': None
[2019-04-09 05:03]   config 'lang': zh
[2019-04-09 05:03]   config 'masking': True
[2019-04-09 05:03]   config 'mode': char
[2019-04-09 05:03]   config 'model_dir': ex/conll16st-v35-zhch-fd-4-rn-4-0
[2019-04-09 05:03]   config 'optimizer': adam
[2019-04-09 05:03]   config 'original_positives': 0
[2019-04-09 05:03]   config 'punc_len': 2
[2019-04-09 05:03]   config 'random_negatives': 2
[2019-04-09 05:03]   config 'random_positives': 2
[2019-04-09 05:03]   config 'random_proba_1': 0.1
[2019-04-09 05:03]   config 'random_proba_2': 0.1
[2019-04-09 05:03]   config 'random_proba_3': 0.9
[2019-04-09 05:03]   config 'rnn_act': tanh
[2019-04-09 05:03]   config 'rnn_dim': 20
[2019-04-09 05:03]   config 'rnn_dropout_U': 0.0
[2019-04-09 05:03]   config 'rnn_dropout_W': 0.0
[2019-04-09 05:03]   config 'rnn_dropout_merge': 0.3
[2019-04-09 05:03]   config 'rnn_merge': concat
[2019-04-09 05:03]   config 'rnn_num': 4
[2019-04-09 05:03]   config 'rnn_shared': aspect
[2019-04-09 05:03]   config 'rnn_type': lstm-fwd
[2019-04-09 05:03]   config 'rnn_zoneout_c': 0.0
[2019-04-09 05:03]   config 'rnn_zoneout_h': 0.0
[2019-04-09 05:03]   config 'snapshot_size': 2048
[2019-04-09 05:03]   config 'train_dir': data/conll16st-zh-01-08-2016-train
[2019-04-09 05:03]   config 'valid_dir': data/conll16st-zh-01-08-2016-dev
[2019-04-09 05:03]   config 'words2vec_bin': None
[2019-04-09 05:03]   config 'words2vec_txt': None
[2019-04-09 05:03]   config 'words_crop': None
[2019-04-09 05:03]   config 'words_dim': 20
[2019-04-09 05:03]   config 'words_dropout': 0.3
[2019-04-09 05:03]   config 'words_shared': global
[2019-04-09 05:03]   config 'words_trainable': True
[2019-04-09 05:03] load dataset for training (data/conll16st-zh-01-08-2016-train)
[2019-04-09 05:03]   lang: zh, rel_ids: 10240
[2019-04-09 05:03] load dataset for validation (data/conll16st-zh-01-08-2016-dev)
[2019-04-09 05:03]   lang: zh, rel_ids: 383
[2019-04-09 05:03] build indexes from training
[2019-04-09 05:03]   words2id: 2859, target2id: 12
[2019-04-09 05:03] target class distribution from training
[2019-04-09 05:03]   class 0 = 'None': None
[2019-04-09 05:03]   class 1 = '': None
[2019-04-09 05:03]   class 2 = 'Conjunction': 6102
[2019-04-09 05:03]   class 3 = 'Expansion': 1435
[2019-04-09 05:03]   class 4 = 'EntRel': 1098
[2019-04-09 05:03]   class 5 = 'Causation': 456
[2019-04-09 05:03]   class 6 = 'Temporal': 434
[2019-04-09 05:03]   class 7 = 'Contrast': 340
[2019-04-09 05:03]   class 8 = 'Purpose': 244
[2019-04-09 05:03]   class 9 = 'Conditional': 134
[2019-04-09 05:03]   class 10 = 'Progression': 75
[2019-04-09 05:03]   class 11 = 'Alternative': 18
[2019-04-09 05:03] build model
____________________________________________________________________________________________________
Layer (type)                     Output Shape          Param #     Connected to                     
====================================================================================================
arg1_ids (InputLayer)            (None, 900)           0                                            
____________________________________________________________________________________________________
arg2_ids (InputLayer)            (None, 900)           0                                            
____________________________________________________________________________________________________
conn_ids (InputLayer)            (None, 20)            0                                            
____________________________________________________________________________________________________
punc_ids (InputLayer)            (None, 2)             0                                            
____________________________________________________________________________________________________
embedding_1 (Embedding)          multiple              57180       arg1_ids[0][0]                   
                                                                   arg2_ids[0][0]                   
                                                                   conn_ids[0][0]                   
                                                                   punc_ids[0][0]                   
____________________________________________________________________________________________________
shareablelstm_1 (ShareableLSTM)  multiple              400         embedding_1[0][0]                
                                                                   embedding_1[1][0]                
                                                                   embedding_1[2][0]                
                                                                   embedding_1[3][0]                
____________________________________________________________________________________________________
shareablelstm_2 (ShareableLSTM)  multiple              400         embedding_1[0][0]                
                                                                   embedding_1[1][0]                
                                                                   embedding_1[2][0]                
                                                                   embedding_1[3][0]                
____________________________________________________________________________________________________
merge_1 (Merge)                  (None, 900, 4)        0           shareablelstm_1[0][0]            
                                                                   shareablelstm_2[0][0]            
____________________________________________________________________________________________________
merge_7 (Merge)                  (None, 900, 4)        0           shareablelstm_1[1][0]            
                                                                   shareablelstm_2[1][0]            
____________________________________________________________________________________________________
merge_13 (Merge)                 (None, 20, 4)         0           shareablelstm_1[2][0]            
                                                                   shareablelstm_2[2][0]            
____________________________________________________________________________________________________
merge_19 (Merge)                 (None, 2, 4)          0           shareablelstm_1[3][0]            
                                                                   shareablelstm_2[3][0]            
____________________________________________________________________________________________________
arg1_filters (Activation)        (None, 900, 4)        0           merge_1[0][0]                    
____________________________________________________________________________________________________
arg2_filters (Activation)        (None, 900, 4)        0           merge_7[0][0]                    
____________________________________________________________________________________________________
conn_filters (Activation)        (None, 20, 4)         0           merge_13[0][0]                   
____________________________________________________________________________________________________
punc_filters (Activation)        (None, 2, 4)          0           merge_19[0][0]                   
____________________________________________________________________________________________________
merge_2 (Merge)                  (None, 900, 20)       0           embedding_1[0][0]                
                                                                   arg1_filters[0][0]               
____________________________________________________________________________________________________
merge_3 (Merge)                  (None, 900, 20)       0           embedding_1[0][0]                
                                                                   arg1_filters[0][0]               
____________________________________________________________________________________________________
merge_4 (Merge)                  (None, 900, 20)       0           embedding_1[0][0]                
                                                                   arg1_filters[0][0]               
____________________________________________________________________________________________________
merge_5 (Merge)                  (None, 900, 20)       0           embedding_1[0][0]                
                                                                   arg1_filters[0][0]               
____________________________________________________________________________________________________
merge_8 (Merge)                  (None, 900, 20)       0           embedding_1[1][0]                
                                                                   arg2_filters[0][0]               
____________________________________________________________________________________________________
merge_9 (Merge)                  (None, 900, 20)       0           embedding_1[1][0]                
                                                                   arg2_filters[0][0]               
____________________________________________________________________________________________________
merge_10 (Merge)                 (None, 900, 20)       0           embedding_1[1][0]                
                                                                   arg2_filters[0][0]               
____________________________________________________________________________________________________
merge_11 (Merge)                 (None, 900, 20)       0           embedding_1[1][0]                
                                                                   arg2_filters[0][0]               
____________________________________________________________________________________________________
merge_14 (Merge)                 (None, 20, 20)        0           embedding_1[2][0]                
                                                                   conn_filters[0][0]               
____________________________________________________________________________________________________
merge_15 (Merge)                 (None, 20, 20)        0           embedding_1[2][0]                
                                                                   conn_filters[0][0]               
____________________________________________________________________________________________________
merge_16 (Merge)                 (None, 20, 20)        0           embedding_1[2][0]                
                                                                   conn_filters[0][0]               
____________________________________________________________________________________________________
merge_17 (Merge)                 (None, 20, 20)        0           embedding_1[2][0]                
                                                                   conn_filters[0][0]               
____________________________________________________________________________________________________
merge_20 (Merge)                 (None, 2, 20)         0           embedding_1[3][0]                
                                                                   punc_filters[0][0]               
____________________________________________________________________________________________________
merge_21 (Merge)                 (None, 2, 20)         0           embedding_1[3][0]                
                                                                   punc_filters[0][0]               
____________________________________________________________________________________________________
merge_22 (Merge)                 (None, 2, 20)         0           embedding_1[3][0]                
                                                                   punc_filters[0][0]               
____________________________________________________________________________________________________
merge_23 (Merge)                 (None, 2, 20)         0           embedding_1[3][0]                
                                                                   punc_filters[0][0]               
____________________________________________________________________________________________________
shareablelstm_3 (ShareableLSTM)  (None, 20)            3280        merge_2[0][0]                    
                                                                   merge_8[0][0]                    
                                                                   merge_14[0][0]                   
                                                                   merge_20[0][0]                   
____________________________________________________________________________________________________
shareablelstm_5 (ShareableLSTM)  (None, 20)            3280        merge_3[0][0]                    
                                                                   merge_9[0][0]                    
                                                                   merge_15[0][0]                   
                                                                   merge_21[0][0]                   
____________________________________________________________________________________________________
shareablelstm_7 (ShareableLSTM)  (None, 20)            3280        merge_4[0][0]                    
                                                                   merge_10[0][0]                   
                                                                   merge_16[0][0]                   
                                                                   merge_22[0][0]                   
____________________________________________________________________________________________________
shareablelstm_9 (ShareableLSTM)  (None, 20)            3280        merge_5[0][0]                    
                                                                   merge_11[0][0]                   
                                                                   merge_17[0][0]                   
                                                                   merge_23[0][0]                   
____________________________________________________________________________________________________
merge_6 (Merge)                  (None, 80)            0           shareablelstm_3[0][0]            
                                                                   shareablelstm_5[0][0]            
                                                                   shareablelstm_7[0][0]            
                                                                   shareablelstm_9[0][0]            
____________________________________________________________________________________________________
merge_12 (Merge)                 (None, 80)            0           shareablelstm_3[1][0]            
                                                                   shareablelstm_5[1][0]            
                                                                   shareablelstm_7[1][0]            
                                                                   shareablelstm_9[1][0]            
____________________________________________________________________________________________________
merge_18 (Merge)                 (None, 80)            0           shareablelstm_3[2][0]            
                                                                   shareablelstm_5[2][0]            
                                                                   shareablelstm_7[2][0]            
                                                                   shareablelstm_9[2][0]            
____________________________________________________________________________________________________
merge_24 (Merge)                 (None, 80)            0           shareablelstm_3[3][0]            
                                                                   shareablelstm_5[3][0]            
                                                                   shareablelstm_7[3][0]            
                                                                   shareablelstm_9[3][0]            
____________________________________________________________________________________________________
dropout_1 (Dropout)              (None, 80)            0           merge_6[0][0]                    
____________________________________________________________________________________________________
dropout_2 (Dropout)              (None, 80)            0           merge_12[0][0]                   
____________________________________________________________________________________________________
dropout_3 (Dropout)              (None, 80)            0           merge_18[0][0]                   
____________________________________________________________________________________________________
dropout_4 (Dropout)              (None, 80)            0           merge_24[0][0]                   
____________________________________________________________________________________________________
merge_25 (Merge)                 (None, 320)           0           dropout_1[0][0]                  
                                                                   dropout_2[0][0]                  
                                                                   dropout_3[0][0]                  
                                                                   dropout_4[0][0]                  
____________________________________________________________________________________________________
dense_1 (Dense)                  (None, 80)            25680       merge_25[0][0]                   
____________________________________________________________________________________________________
srelu_1 (SReLU)                  (None, 80)            320         dense_1[0][0]                    
____________________________________________________________________________________________________
dropout_5 (Dropout)              (None, 80)            0           srelu_1[0][0]                    
____________________________________________________________________________________________________
dense_2 (Dense)                  (None, 12)            972         dropout_5[0][0]                  
____________________________________________________________________________________________________
target (Activation)              (None, 12)            0           dense_2[0][0]                    
====================================================================================================
Total params: 98,072
Trainable params: 98,072
Non-trainable params: 0
____________________________________________________________________________________________________
[2019-04-09 05:09] initialize weights
[2019-04-09 05:09] training preparation
[2019-04-09 05:09] train model (ex/conll16st-v35-zhch-fd-4-rn-4-0)
Epoch 1/1000
4032/4096 [============================>.] - ETA: 4s - loss: 1.7071
- val_loss: 2.1230
- val_all_f1:  0.5770 0.5770 0.5770
- val_exp_f1:  0.4156 0.4156 0.4156
- val_non_f1:  0.6176 0.6176 0.6176

4096/4096 [==============================] - 286s - loss: 1.7024 - val_loss: 2.1230
Epoch 2/1000
4032/4096 [============================>.] - ETA: 4s - loss: 1.4826
- val_loss: 2.1666
- val_all_f1:  0.5770 0.5770 0.5770
- val_exp_f1:  0.4156 0.4156 0.4156
- val_non_f1:  0.6176 0.6176 0.6176

4096/4096 [==============================] - 313s - loss: 1.4782 - val_loss: 2.1666
Epoch 3/1000
4032/4096 [============================>.] - ETA: 4s - loss: 1.3066
- val_loss: 1.7029
- val_all_f1:  0.5770 0.5770 0.5770
- val_exp_f1:  0.4156 0.4156 0.4156
- val_non_f1:  0.6176 0.6176 0.6176

4096/4096 [==============================] - 303s - loss: 1.3071 - val_loss: 1.7029
Epoch 4/1000
4032/4096 [============================>.] - ETA: 4s - loss: 1.0788
- val_loss: 1.5103
- val_all_f1:  0.5770 0.5770 0.5770
- val_exp_f1:  0.4156 0.4156 0.4156
- val_non_f1:  0.6176 0.6176 0.6176

4096/4096 [==============================] - 325s - loss: 1.0821 - val_loss: 1.5103
Epoch 5/1000
4032/4096 [============================>.] - ETA: 4s - loss: 0.9261
- val_loss: 1.2865
- val_all_f1:  0.5770 0.5770 0.5770
- val_exp_f1:  0.4156 0.4156 0.4156
- val_non_f1:  0.6176 0.6176 0.6176

4096/4096 [==============================] - 319s - loss: 0.9232 - val_loss: 1.2865
Epoch 6/1000
4032/4096 [============================>.] - ETA: 5s - loss: 0.8621 
- val_loss: 1.2472
- val_all_f1:  0.5796 0.5796 0.5796
- val_exp_f1:  0.4286 0.4286 0.4286
- val_non_f1:  0.6176 0.6176 0.6176

4096/4096 [==============================] - 339s - loss: 0.8609 - val_loss: 1.2472
Epoch 7/1000
4032/4096 [============================>.] - ETA: 4s - loss: 0.8432
- val_loss: 1.2267
- val_all_f1:  0.5822 0.5822 0.5822
- val_exp_f1:  0.4416 0.4416 0.4416
- val_non_f1:  0.6176 0.6176 0.6176

4096/4096 [==============================] - 306s - loss: 0.8465 - val_loss: 1.2267
Epoch 8/1000
4032/4096 [============================>.] - ETA: 4s - loss: 0.7725
- val_loss: 1.2113
- val_all_f1:  0.5953 0.5953 0.5953
- val_exp_f1:  0.5065 0.5065 0.5065
- val_non_f1:  0.6238 0.6176 0.6207

4096/4096 [==============================] - 286s - loss: 0.7693 - val_loss: 1.2113
Epoch 9/1000
4032/4096 [============================>.] - ETA: 4s - loss: 0.8088
- val_loss: 1.2251
- val_all_f1:  0.5979 0.5979 0.5979
- val_exp_f1:  0.5195 0.5195 0.5195
- val_non_f1:  0.6217 0.6176 0.6197

4096/4096 [==============================] - 300s - loss: 0.8097 - val_loss: 1.2251
Epoch 10/1000
4032/4096 [============================>.] - ETA: 4s - loss: 0.7312
- val_loss: 1.1397
- val_all_f1:  0.6057 0.6057 0.6057
- val_exp_f1:  0.5584 0.5584 0.5584
- val_non_f1:  0.6176 0.6176 0.6176

4096/4096 [==============================] - 301s - loss: 0.7331 - val_loss: 1.1397
Epoch 11/1000
4032/4096 [============================>.] - ETA: 4s - loss: 0.7645
- val_loss: 1.1310
- val_all_f1:  0.6005 0.6005 0.6005
- val_exp_f1:  0.5325 0.5325 0.5325
- val_non_f1:  0.6258 0.6176 0.6217

4096/4096 [==============================] - 311s - loss: 0.7631 - val_loss: 1.1310
Epoch 12/1000
4032/4096 [============================>.] - ETA: 4s - loss: 0.6956
- val_loss: 1.1408
- val_all_f1:  0.5979 0.5979 0.5979
- val_exp_f1:  0.5195 0.5195 0.5195
- val_non_f1:  0.6238 0.6176 0.6207

4096/4096 [==============================] - 321s - loss: 0.6943 - val_loss: 1.1408
Epoch 13/1000
4032/4096 [============================>.] - ETA: 4s - loss: 0.6671
- val_loss: 1.0995
- val_all_f1:  0.5979 0.5979 0.5979
- val_exp_f1:  0.5195 0.5195 0.5195
- val_non_f1:  0.6238 0.6176 0.6207

4096/4096 [==============================] - 332s - loss: 0.6664 - val_loss: 1.0995
Epoch 14/1000
4032/4096 [============================>.] - ETA: 5s - loss: 0.6960 
- val_loss: 1.1314
- val_all_f1:  0.6084 0.6084 0.6084
- val_exp_f1:  0.5584 0.5584 0.5584
- val_non_f1:  0.6271 0.6209 0.6240

4096/4096 [==============================] - 336s - loss: 0.6987 - val_loss: 1.1314
Epoch 15/1000
4032/4096 [============================>.] - ETA: 5s - loss: 0.6639 
- val_loss: 1.0562
- val_all_f1:  0.6110 0.6110 0.6110
- val_exp_f1:  0.5584 0.5584 0.5584
- val_non_f1:  0.6304 0.6242 0.6273

4096/4096 [==============================] - 339s - loss: 0.6714 - val_loss: 1.0562
Epoch 16/1000
4032/4096 [============================>.] - ETA: 4s - loss: 0.6516
- val_loss: 1.0976
- val_all_f1:  0.6031 0.6031 0.6031
- val_exp_f1:  0.5455 0.5455 0.5455
- val_non_f1:  0.6238 0.6176 0.6207

4096/4096 [==============================] - 316s - loss: 0.6522 - val_loss: 1.0976
Epoch 17/1000
4032/4096 [============================>.] - ETA: 4s - loss: 0.6941
- val_loss: 1.1225
- val_all_f1:  0.6188 0.6188 0.6188
- val_exp_f1:  0.5714 0.5714 0.5714
- val_non_f1:  0.6370 0.6307 0.6338

4096/4096 [==============================] - 322s - loss: 0.6942 - val_loss: 1.1225
Epoch 18/1000
4032/4096 [============================>.] - ETA: 5s - loss: 0.6698 
- val_loss: 1.0843
- val_all_f1:  0.6371 0.6371 0.6371
- val_exp_f1:  0.5584 0.5584 0.5584
- val_non_f1:  0.6656 0.6569 0.6612

4096/4096 [==============================] - 340s - loss: 0.6687 - val_loss: 1.0843
Epoch 19/1000
4032/4096 [============================>.] - ETA: 5s - loss: 0.6290 
- val_loss: 1.0587
- val_all_f1:  0.6057 0.6057 0.6057
- val_exp_f1:  0.5455 0.5455 0.5455
- val_non_f1:  0.6291 0.6209 0.6250

4096/4096 [==============================] - 345s - loss: 0.6304 - val_loss: 1.0587
Epoch 20/1000
4032/4096 [============================>.] - ETA: 4s - loss: 0.6180
- val_loss: 1.0359
- val_all_f1:  0.6501 0.6501 0.6501
- val_exp_f1:  0.5844 0.5844 0.5844
- val_non_f1:  0.6755 0.6667 0.6711

4096/4096 [==============================] - 332s - loss: 0.6186 - val_loss: 1.0359
Epoch 21/1000
4032/4096 [============================>.] - ETA: 5s - loss: 0.5992 
- val_loss: 1.0122
- val_all_f1:  0.6501 0.6501 0.6501
- val_exp_f1:  0.5974 0.5974 0.5974
- val_non_f1:  0.6722 0.6634 0.6678

4096/4096 [==============================] - 346s - loss: 0.5992 - val_loss: 1.0122
Epoch 22/1000
4032/4096 [============================>.] - ETA: 5s - loss: 0.6554 
- val_loss: 1.0575
- val_all_f1:  0.6371 0.6371 0.6371
- val_exp_f1:  0.6883 0.6883 0.6883
- val_non_f1:  0.6283 0.6242 0.6262

4096/4096 [==============================] - 351s - loss: 0.6604 - val_loss: 1.0575
Epoch 23/1000
4032/4096 [============================>.] - ETA: 5s - loss: 0.6272 
- val_loss: 1.0565
- val_all_f1:  0.6188 0.6188 0.6188
- val_exp_f1:  0.5974 0.5974 0.5974
- val_non_f1:  0.6325 0.6242 0.6283

4096/4096 [==============================] - 336s - loss: 0.6297 - val_loss: 1.0565
Epoch 24/1000
4032/4096 [============================>.] - ETA: 5s - loss: 0.6469 
- val_loss: 1.0438
- val_all_f1:  0.6188 0.6188 0.6188
- val_exp_f1:  0.6234 0.6234 0.6234
- val_non_f1:  0.6258 0.6176 0.6217

4096/4096 [==============================] - 334s - loss: 0.6441 - val_loss: 1.0438
Epoch 25/1000
4032/4096 [============================>.] - ETA: 5s - loss: 0.6393 
- val_loss: 1.0222
- val_all_f1:  0.6266 0.6266 0.6266
- val_exp_f1:  0.6364 0.6364 0.6364
- val_non_f1:  0.6325 0.6242 0.6283

4096/4096 [==============================] - 345s - loss: 0.6391 - val_loss: 1.0222
Epoch 26/1000
4032/4096 [============================>.] - ETA: 5s - loss: 0.6382 
- val_loss: 1.0371
- val_all_f1:  0.6162 0.6162 0.6162
- val_exp_f1:  0.6104 0.6104 0.6104
- val_non_f1:  0.6258 0.6176 0.6217

4096/4096 [==============================] - 374s - loss: 0.6368 - val_loss: 1.0371
Epoch 27/1000
4032/4096 [============================>.] - ETA: 5s - loss: 0.6251 
- val_loss: 1.0395
- val_all_f1:  0.6214 0.6214 0.6214
- val_exp_f1:  0.6234 0.6234 0.6234
- val_non_f1:  0.6291 0.6209 0.6250

4096/4096 [==============================] - 360s - loss: 0.6247 - val_loss: 1.0395
Epoch 28/1000
4032/4096 [============================>.] - ETA: 4s - loss: 0.6186
- val_loss: 1.0467
- val_all_f1:  0.6292 0.6292 0.6292
- val_exp_f1:  0.6234 0.6234 0.6234
- val_non_f1:  0.6391 0.6307 0.6349

4096/4096 [==============================] - 316s - loss: 0.6186 - val_loss: 1.0467
Epoch 29/1000
4032/4096 [============================>.] - ETA: 4s - loss: 0.6007
- val_loss: 1.0197
- val_all_f1:  0.6449 0.6449 0.6449
- val_exp_f1:  0.6883 0.6883 0.6883
- val_non_f1:  0.6424 0.6340 0.6382

4096/4096 [==============================] - 326s - loss: 0.6021 - val_loss: 1.0197
Epoch 30/1000
4032/4096 [============================>.] - ETA: 5s - loss: 0.5804 
- val_loss: 1.0110
- val_all_f1:  0.6527 0.6527 0.6527
- val_exp_f1:  0.6883 0.6883 0.6883
- val_non_f1:  0.6523 0.6438 0.6480

4096/4096 [==============================] - 335s - loss: 0.5799 - val_loss: 1.0110
Epoch 31/1000
4032/4096 [============================>.] - ETA: 5s - loss: 0.6400 
- val_loss: 0.9982
- val_all_f1:  0.6580 0.6580 0.6580
- val_exp_f1:  0.6753 0.6753 0.6753
- val_non_f1:  0.6623 0.6536 0.6579

4096/4096 [==============================] - 359s - loss: 0.6372 - val_loss: 0.9982
Epoch 32/1000
4032/4096 [============================>.] - ETA: 5s - loss: 0.5917 
- val_loss: 0.9869
- val_all_f1:  0.6527 0.6527 0.6527
- val_exp_f1:  0.6234 0.6234 0.6234
- val_non_f1:  0.6689 0.6601 0.6645

4096/4096 [==============================] - 369s - loss: 0.5924 - val_loss: 0.9869
Epoch 33/1000
4032/4096 [============================>.] - ETA: 5s - loss: 0.6293 
- val_loss: 1.0153
- val_all_f1:  0.6397 0.6397 0.6397
- val_exp_f1:  0.6883 0.6883 0.6883
- val_non_f1:  0.6358 0.6275 0.6316

4096/4096 [==============================] - 367s - loss: 0.6273 - val_loss: 1.0153
Epoch 34/1000
4032/4096 [============================>.] - ETA: 5s - loss: 0.6313 
- val_loss: 1.0132
- val_all_f1:  0.6345 0.6345 0.6345
- val_exp_f1:  0.6364 0.6364 0.6364
- val_non_f1:  0.6424 0.6340 0.6382

4096/4096 [==============================] - 359s - loss: 0.6331 - val_loss: 1.0132
Epoch 35/1000
4032/4096 [============================>.] - ETA: 5s - loss: 0.6857 
- val_loss: 1.0635
- val_all_f1:  0.6084 0.6084 0.6084
- val_exp_f1:  0.5455 0.5455 0.5455
- val_non_f1:  0.6325 0.6242 0.6283

4096/4096 [==============================] - 336s - loss: 0.6844 - val_loss: 1.0635
Epoch 36/1000
4032/4096 [============================>.] - ETA: 5s - loss: 0.6129 
- val_loss: 1.0082
- val_all_f1:  0.6240 0.6240 0.6240
- val_exp_f1:  0.6104 0.6104 0.6104
- val_non_f1:  0.6358 0.6275 0.6316

4096/4096 [==============================] - 344s - loss: 0.6135 - val_loss: 1.0082
Epoch 37/1000
4032/4096 [============================>.] - ETA: 5s - loss: 0.6259 
- val_loss: 0.9977
- val_all_f1:  0.6292 0.6292 0.6292
- val_exp_f1:  0.6364 0.6364 0.6364
- val_non_f1:  0.6358 0.6275 0.6316

4096/4096 [==============================] - 350s - loss: 0.6226 - val_loss: 0.9977
Epoch 38/1000
4032/4096 [============================>.] - ETA: 5s - loss: 0.5873 
- val_loss: 0.9845
- val_all_f1:  0.6214 0.6214 0.6214
- val_exp_f1:  0.6364 0.6364 0.6364
- val_non_f1:  0.6258 0.6176 0.6217

4096/4096 [==============================] - 344s - loss: 0.5884 - val_loss: 0.9845
Epoch 39/1000
4032/4096 [============================>.] - ETA: 5s - loss: 0.6121 
- val_loss: 0.9928
- val_all_f1:  0.6501 0.6501 0.6501
- val_exp_f1:  0.6104 0.6104 0.6104
- val_non_f1:  0.6667 0.6601 0.6634

4096/4096 [==============================] - 341s - loss: 0.6108 - val_loss: 0.9928
Epoch 40/1000
4032/4096 [============================>.] - ETA: 5s - loss: 0.6184 
- val_loss: 1.0053
- val_all_f1:  0.6292 0.6292 0.6292
- val_exp_f1:  0.6623 0.6623 0.6623
- val_non_f1:  0.6291 0.6209 0.6250

4096/4096 [==============================] - 341s - loss: 0.6181 - val_loss: 1.0053
Epoch 41/1000
4032/4096 [============================>.] - ETA: 5s - loss: 0.6199 
- val_loss: 1.0253
- val_all_f1:  0.6319 0.6319 0.6319
- val_exp_f1:  0.6234 0.6234 0.6234
- val_non_f1:  0.6403 0.6340 0.6371

4096/4096 [==============================] - 342s - loss: 0.6208 - val_loss: 1.0253
Epoch 42/1000
4032/4096 [============================>.] - ETA: 5s - loss: 0.5574 
- val_loss: 1.0084
- val_all_f1:  0.6292 0.6292 0.6292
- val_exp_f1:  0.6364 0.6364 0.6364
- val_non_f1:  0.6275 0.6275 0.6275

4096/4096 [==============================] - 336s - loss: 0.5568 - val_loss: 1.0084
Epoch 43/1000
4032/4096 [============================>.] - ETA: 5s - loss: 0.6023 
- val_loss: 0.9995
- val_all_f1:  0.6240 0.6240 0.6240
- val_exp_f1:  0.6234 0.6234 0.6234
- val_non_f1:  0.6304 0.6242 0.6273

4096/4096 [==============================] - 336s - loss: 0.6086 - val_loss: 0.9995
Epoch 44/1000
4032/4096 [============================>.] - ETA: 5s - loss: 0.6028 
- val_loss: 1.0215
- val_all_f1:  0.6345 0.6345 0.6345
- val_exp_f1:  0.6753 0.6753 0.6753
- val_non_f1:  0.6304 0.6242 0.6273

4096/4096 [==============================] - 335s - loss: 0.6004 - val_loss: 1.0215
Epoch 45/1000
4032/4096 [============================>.] - ETA: 5s - loss: 0.5796 
- val_loss: 1.0291
- val_all_f1:  0.6084 0.6084 0.6084
- val_exp_f1:  0.6234 0.6234 0.6234
- val_non_f1:  0.6086 0.6046 0.6066

4096/4096 [==============================] - 337s - loss: 0.5776 - val_loss: 1.0291
Epoch 46/1000
4032/4096 [============================>.] - ETA: 4s - loss: 0.6475
- val_loss: 1.0429
- val_all_f1:  0.6057 0.6057 0.6057
- val_exp_f1:  0.6623 0.6623 0.6623
- val_non_f1:  0.5993 0.5915 0.5954

4096/4096 [==============================] - 332s - loss: 0.6437 - val_loss: 1.0429
Epoch 47/1000
4032/4096 [============================>.] - ETA: 4s - loss: 0.6562
- val_loss: 1.0002
- val_all_f1:  0.6214 0.6214 0.6214
- val_exp_f1:  0.6234 0.6234 0.6234
- val_non_f1:  0.6271 0.6209 0.6240

4096/4096 [==============================] - 327s - loss: 0.6545 - val_loss: 1.0002
Epoch 48/1000
4032/4096 [============================>.] - ETA: 4s - loss: 0.6029
- val_loss: 0.9858
- val_all_f1:  0.6214 0.6214 0.6214
- val_exp_f1:  0.6234 0.6234 0.6234
- val_non_f1:  0.6291 0.6209 0.6250

4096/4096 [==============================] - 323s - loss: 0.6051 - val_loss: 0.9858
Epoch 49/1000
4032/4096 [============================>.] - ETA: 4s - loss: 0.5501
- val_loss: 1.0691
- val_all_f1:  0.6214 0.6214 0.6214
- val_exp_f1:  0.6234 0.6234 0.6234
- val_non_f1:  0.6291 0.6209 0.6250

4096/4096 [==============================] - 330s - loss: 0.5476 - val_loss: 1.0691
Epoch 50/1000
4032/4096 [============================>.] - ETA: 4s - loss: 0.6008
- val_loss: 1.1333
- val_all_f1:  0.6084 0.6084 0.6084
- val_exp_f1:  0.5974 0.5974 0.5974
- val_non_f1:  0.6151 0.6111 0.6131

4096/4096 [==============================] - 313s - loss: 0.6002 - val_loss: 1.1333
Epoch 51/1000
4032/4096 [============================>.] - ETA: 4s - loss: 0.6656
- val_loss: 1.0747
- val_all_f1:  0.6162 0.6162 0.6162
- val_exp_f1:  0.5974 0.5974 0.5974
- val_non_f1:  0.6250 0.6209 0.6230

4096/4096 [==============================] - 309s - loss: 0.6642 - val_loss: 1.0747
Epoch 52/1000
4032/4096 [============================>.] - ETA: 4s - loss: 0.6301
- val_loss: 1.0298
- val_all_f1:  0.6188 0.6188 0.6188
- val_exp_f1:  0.6104 0.6104 0.6104
- val_non_f1:  0.6271 0.6209 0.6240

4096/4096 [==============================] - 303s - loss: 0.6312 - val_loss: 1.0298
Epoch 53/1000
4032/4096 [============================>.] - ETA: 4s - loss: 0.6305
- val_loss: 1.0339
- val_all_f1:  0.6214 0.6214 0.6214
- val_exp_f1:  0.6234 0.6234 0.6234
- val_non_f1:  0.6271 0.6209 0.6240

4096/4096 [==============================] - 303s - loss: 0.6269 - val_loss: 1.0339
Epoch 54/1000
4032/4096 [============================>.] - ETA: 4s - loss: 0.6023
- val_loss: 1.0243
- val_all_f1:  0.6214 0.6214 0.6214
- val_exp_f1:  0.6234 0.6234 0.6234
- val_non_f1:  0.6271 0.6209 0.6240

4096/4096 [==============================] - 297s - loss: 0.6020 - val_loss: 1.0243
Epoch 55/1000
4032/4096 [============================>.] - ETA: 4s - loss: 0.6089
- val_loss: 1.0258
- val_all_f1:  0.6214 0.6214 0.6214
- val_exp_f1:  0.6234 0.6234 0.6234
- val_non_f1:  0.6271 0.6209 0.6240

4096/4096 [==============================] - 296s - loss: 0.6094 - val_loss: 1.0258
Epoch 56/1000
4032/4096 [============================>.] - ETA: 4s - loss: 0.6329
- val_loss: 1.0259
- val_all_f1:  0.6214 0.6214 0.6214
- val_exp_f1:  0.6234 0.6234 0.6234
- val_non_f1:  0.6271 0.6209 0.6240

4096/4096 [==============================] - 292s - loss: 0.6309 - val_loss: 1.0259
Epoch 57/1000
4032/4096 [============================>.] - ETA: 4s - loss: 0.5797
- val_loss: 1.0091
- val_all_f1:  0.6345 0.6345 0.6345
- val_exp_f1:  0.6753 0.6753 0.6753
- val_non_f1:  0.6242 0.6242 0.6242

4096/4096 [==============================] - 285s - loss: 0.5808 - val_loss: 1.0091
Epoch 58/1000
4032/4096 [============================>.] - ETA: 4s - loss: 0.6113
- val_loss: 1.0317
- val_all_f1:  0.6240 0.6240 0.6240
- val_exp_f1:  0.6364 0.6364 0.6364
- val_non_f1:  0.6271 0.6209 0.6240

4096/4096 [==============================] - 271s - loss: 0.6062 - val_loss: 1.0317
Epoch 59/1000
4032/4096 [============================>.] - ETA: 3s - loss: 0.5652
- val_loss: 1.0187
- val_all_f1:  0.6345 0.6345 0.6345
- val_exp_f1:  0.6753 0.6753 0.6753
- val_non_f1:  0.6242 0.6242 0.6242

4096/4096 [==============================] - 265s - loss: 0.5644 - val_loss: 1.0187
Epoch 60/1000
4032/4096 [============================>.] - ETA: 3s - loss: 0.5932
- val_loss: 1.0156
- val_all_f1:  0.6162 0.6162 0.6162
- val_exp_f1:  0.6883 0.6883 0.6883
- val_non_f1:  0.6020 0.5980 0.6000

4096/4096 [==============================] - 264s - loss: 0.5898 - val_loss: 1.0156
Epoch 61/1000
4032/4096 [============================>.] - ETA: 3s - loss: 0.5521
- val_loss: 1.0041
- val_all_f1:  0.6345 0.6345 0.6345
- val_exp_f1:  0.6753 0.6753 0.6753
- val_non_f1:  0.6242 0.6242 0.6242

4096/4096 [==============================] - 257s - loss: 0.5541 - val_loss: 1.0041
Epoch 62/1000
4032/4096 [============================>.] - ETA: 3s - loss: 0.6247
- val_loss: 1.0271
- val_all_f1:  0.6371 0.6371 0.6371
- val_exp_f1:  0.7013 0.7013 0.7013
- val_non_f1:  0.6250 0.6209 0.6230

4096/4096 [==============================] - 261s - loss: 0.6236 - val_loss: 1.0271
Epoch 63/1000
4032/4096 [============================>.] - ETA: 3s - loss: 0.6177
- val_loss: 1.0074
- val_all_f1:  0.6345 0.6345 0.6345
- val_exp_f1:  0.6753 0.6753 0.6753
- val_non_f1:  0.6242 0.6242 0.6242

4096/4096 [==============================] - 261s - loss: 0.6176 - val_loss: 1.0074
Epoch 64/1000
4032/4096 [============================>.] - ETA: 3s - loss: 0.5598
- val_loss: 0.9818
- val_all_f1:  0.6423 0.6423 0.6423
- val_exp_f1:  0.7013 0.7013 0.7013
- val_non_f1:  0.6316 0.6275 0.6295

4096/4096 [==============================] - 257s - loss: 0.5594 - val_loss: 0.9818
Epoch 65/1000
4032/4096 [============================>.] - ETA: 3s - loss: 0.5731
- val_loss: 0.9942
- val_all_f1:  0.6371 0.6371 0.6371
- val_exp_f1:  0.6883 0.6883 0.6883
- val_non_f1:  0.6304 0.6242 0.6273

4096/4096 [==============================] - 258s - loss: 0.5810 - val_loss: 0.9942
Epoch 66/1000
4032/4096 [============================>.] - ETA: 3s - loss: 0.6258
- val_loss: 0.9490
- val_all_f1:  0.6710 0.6710 0.6710
- val_exp_f1:  0.7143 0.7143 0.7143
- val_non_f1:  0.6601 0.6601 0.6601

4096/4096 [==============================] - 262s - loss: 0.6230 - val_loss: 0.9490
Epoch 67/1000
4032/4096 [============================>.] - ETA: 3s - loss: 0.5951
- val_loss: 0.9794
- val_all_f1:  0.6397 0.6397 0.6397
- val_exp_f1:  0.7143 0.7143 0.7143
- val_non_f1:  0.6209 0.6209 0.6209

4096/4096 [==============================] - 262s - loss: 0.6023 - val_loss: 0.9794
Epoch 68/1000
4032/4096 [============================>.] - ETA: 3s - loss: 0.5769
- val_loss: 0.9554
- val_all_f1:  0.6449 0.6449 0.6449
- val_exp_f1:  0.6753 0.6753 0.6753
- val_non_f1:  0.6393 0.6373 0.6383

4096/4096 [==============================] - 261s - loss: 0.5729 - val_loss: 0.9554
Epoch 69/1000
4032/4096 [============================>.] - ETA: 3s - loss: 0.5610
- val_loss: 0.9660
- val_all_f1:  0.6423 0.6423 0.6423
- val_exp_f1:  0.6753 0.6753 0.6753
- val_non_f1:  0.6340 0.6340 0.6340

4096/4096 [==============================] - 252s - loss: 0.5581 - val_loss: 0.9660
Epoch 70/1000
4032/4096 [============================>.] - ETA: 3s - loss: 0.5611
- val_loss: 0.9665
- val_all_f1:  0.6371 0.6371 0.6371
- val_exp_f1:  0.6753 0.6753 0.6753
- val_non_f1:  0.6295 0.6275 0.6285

4096/4096 [==============================] - 252s - loss: 0.5590 - val_loss: 0.9665
Epoch 71/1000
4032/4096 [============================>.] - ETA: 3s - loss: 0.5418
- val_loss: 0.9517
- val_all_f1:  0.6371 0.6371 0.6371
- val_exp_f1:  0.6753 0.6753 0.6753
- val_non_f1:  0.6275 0.6275 0.6275

4096/4096 [==============================] - 251s - loss: 0.5386 - val_loss: 0.9517
Epoch 72/1000
4032/4096 [============================>.] - ETA: 3s - loss: 0.5704
- val_loss: 0.9711
- val_all_f1:  0.6397 0.6397 0.6397
- val_exp_f1:  0.7013 0.7013 0.7013
- val_non_f1:  0.6283 0.6242 0.6262

4096/4096 [==============================] - 264s - loss: 0.5683 - val_loss: 0.9711
Epoch 73/1000
4032/4096 [============================>.] - ETA: 3s - loss: 0.5586
- val_loss: 0.9332
- val_all_f1:  0.6554 0.6554 0.6554
- val_exp_f1:  0.7013 0.7013 0.7013
- val_non_f1:  0.6459 0.6438 0.6448

4096/4096 [==============================] - 257s - loss: 0.5615 - val_loss: 0.9332
Epoch 74/1000
4032/4096 [============================>.] - ETA: 3s - loss: 0.5677
- val_loss: 0.9556
- val_all_f1:  0.6371 0.6371 0.6371
- val_exp_f1:  0.6753 0.6753 0.6753
- val_non_f1:  0.6275 0.6275 0.6275

4096/4096 [==============================] - 263s - loss: 0.5722 - val_loss: 0.9556
Epoch 75/1000
4032/4096 [============================>.] - ETA: 3s - loss: 0.5534
- val_loss: 0.9144
- val_all_f1:  0.6658 0.6658 0.6658
- val_exp_f1:  0.7013 0.7013 0.7013
- val_non_f1:  0.6590 0.6569 0.6579

4096/4096 [==============================] - 262s - loss: 0.5556 - val_loss: 0.9144
Epoch 76/1000
4032/4096 [============================>.] - ETA: 3s - loss: 0.6095
- val_loss: 0.9489
- val_all_f1:  0.6423 0.6423 0.6423
- val_exp_f1:  0.7013 0.7013 0.7013
- val_non_f1:  0.6316 0.6275 0.6295

4096/4096 [==============================] - 261s - loss: 0.6088 - val_loss: 0.9489
Epoch 77/1000
4032/4096 [============================>.] - ETA: 4s - loss: 0.5536
- val_loss: 0.9535
- val_all_f1:  0.6423 0.6423 0.6423
- val_exp_f1:  0.7013 0.7013 0.7013
- val_non_f1:  0.6295 0.6275 0.6285

4096/4096 [==============================] - 272s - loss: 0.5551 - val_loss: 0.9535
Epoch 78/1000
4032/4096 [============================>.] - ETA: 4s - loss: 0.5348
- val_loss: 0.9240
- val_all_f1:  0.6449 0.6449 0.6449
- val_exp_f1:  0.7013 0.7013 0.7013
- val_non_f1:  0.6349 0.6307 0.6328

4096/4096 [==============================] - 272s - loss: 0.5365 - val_loss: 0.9240
Epoch 79/1000
4032/4096 [============================>.] - ETA: 3s - loss: 0.5602
- val_loss: 0.9467
- val_all_f1:  0.6423 0.6423 0.6423
- val_exp_f1:  0.7013 0.7013 0.7013
- val_non_f1:  0.6316 0.6275 0.6295

4096/4096 [==============================] - 269s - loss: 0.5641 - val_loss: 0.9467
Epoch 80/1000
4032/4096 [============================>.] - ETA: 3s - loss: 0.5583
- val_loss: 0.9607
- val_all_f1:  0.6423 0.6423 0.6423
- val_exp_f1:  0.7013 0.7013 0.7013
- val_non_f1:  0.6316 0.6275 0.6295

4096/4096 [==============================] - 257s - loss: 0.5582 - val_loss: 0.9607
Epoch 81/1000
4032/4096 [============================>.] - ETA: 3s - loss: 0.5225
- val_loss: 0.9348
- val_all_f1:  0.6292 0.6292 0.6292
- val_exp_f1:  0.7013 0.7013 0.7013
- val_non_f1:  0.6151 0.6111 0.6131

4096/4096 [==============================] - 253s - loss: 0.5205 - val_loss: 0.9348
Epoch 82/1000
4032/4096 [============================>.] - ETA: 3s - loss: 0.5110
- val_loss: 0.9347
- val_all_f1:  0.6292 0.6292 0.6292
- val_exp_f1:  0.7013 0.7013 0.7013
- val_non_f1:  0.6151 0.6111 0.6131

4096/4096 [==============================] - 253s - loss: 0.5101 - val_loss: 0.9347
Epoch 83/1000
4032/4096 [============================>.] - ETA: 3s - loss: 0.5449
- val_loss: 0.9376
- val_all_f1:  0.6397 0.6397 0.6397
- val_exp_f1:  0.6883 0.6883 0.6883
- val_non_f1:  0.6295 0.6275 0.6285

4096/4096 [==============================] - 253s - loss: 0.5421 - val_loss: 0.9376
Epoch 84/1000
4032/4096 [============================>.] - ETA: 3s - loss: 0.5147
- val_loss: 0.9306
- val_all_f1:  0.6554 0.6554 0.6554
- val_exp_f1:  0.7662 0.7662 0.7662
- val_non_f1:  0.6316 0.6275 0.6295

4096/4096 [==============================] - 252s - loss: 0.5183 - val_loss: 0.9306
Epoch 85/1000
4032/4096 [============================>.] - ETA: 3s - loss: 0.6040
- val_loss: 1.0017
- val_all_f1:  0.6449 0.6449 0.6449
- val_exp_f1:  0.7662 0.7662 0.7662
- val_non_f1:  0.6225 0.6144 0.6184

4096/4096 [==============================] - 267s - loss: 0.6029 - val_loss: 1.0017
Epoch 86/1000
4032/4096 [============================>.] - ETA: 4s - loss: 0.5606
- val_loss: 0.9827
- val_all_f1:  0.6371 0.6371 0.6371
- val_exp_f1:  0.7403 0.7403 0.7403
- val_non_f1:  0.6151 0.6111 0.6131

4096/4096 [==============================] - 286s - loss: 0.5618 - val_loss: 0.9827
Epoch 87/1000
4032/4096 [============================>.] - ETA: 4s - loss: 0.5748
- val_loss: 1.0114
- val_all_f1:  0.6371 0.6371 0.6371
- val_exp_f1:  0.7532 0.7532 0.7532
- val_non_f1:  0.6139 0.6078 0.6108

4096/4096 [==============================] - 283s - loss: 0.5741 - val_loss: 1.0114
Epoch 88/1000
4032/4096 [============================>.] - ETA: 4s - loss: 0.5845
- val_loss: 0.9991
- val_all_f1:  0.6136 0.6136 0.6136
- val_exp_f1:  0.7013 0.7013 0.7013
- val_non_f1:  0.5974 0.5915 0.5944

4096/4096 [==============================] - 279s - loss: 0.5817 - val_loss: 0.9991
Epoch 89/1000
4032/4096 [============================>.] - ETA: 4s - loss: 0.5551
- val_loss: 0.9471
- val_all_f1:  0.6423 0.6423 0.6423
- val_exp_f1:  0.7532 0.7532 0.7532
- val_non_f1:  0.6205 0.6144 0.6174

4096/4096 [==============================] - 295s - loss: 0.5526 - val_loss: 0.9471
Epoch 90/1000
4032/4096 [============================>.] - ETA: 4s - loss: 0.5386
- val_loss: 0.9436
- val_all_f1:  0.6397 0.6397 0.6397
- val_exp_f1:  0.7368 0.7273 0.7320
- val_non_f1:  0.6217 0.6176 0.6197

4096/4096 [==============================] - 302s - loss: 0.5385 - val_loss: 0.9436
Epoch 91/1000
4032/4096 [============================>.] - ETA: 4s - loss: 0.5617
- val_loss: 0.9739
- val_all_f1:  0.6214 0.6214 0.6214
- val_exp_f1:  0.7763 0.7662 0.7712
- val_non_f1:  0.5888 0.5850 0.5869

4096/4096 [==============================] - 294s - loss: 0.5627 - val_loss: 0.9739
Epoch 92/1000
4032/4096 [============================>.] - ETA: 4s - loss: 0.5548
- val_loss: 0.9289
- val_all_f1:  0.6266 0.6266 0.6266
- val_exp_f1:  0.7632 0.7532 0.7582
- val_non_f1:  0.6007 0.5948 0.5977

4096/4096 [==============================] - 290s - loss: 0.5567 - val_loss: 0.9289
Epoch 93/1000
4032/4096 [============================>.] - ETA: 4s - loss: 0.5224
- val_loss: 0.9419
- val_all_f1:  0.6266 0.6266 0.6266
- val_exp_f1:  0.7273 0.7273 0.7273
- val_non_f1:  0.6073 0.6013 0.6043

4096/4096 [==============================] - 293s - loss: 0.5221 - val_loss: 0.9419
Epoch 94/1000
4032/4096 [============================>.] - ETA: 4s - loss: 0.5810
- val_loss: 0.9358
- val_all_f1:  0.6345 0.6345 0.6345
- val_exp_f1:  0.7273 0.7273 0.7273
- val_non_f1:  0.6172 0.6111 0.6141

4096/4096 [==============================] - 284s - loss: 0.5781 - val_loss: 0.9358
Epoch 95/1000
4032/4096 [============================>.] - ETA: 4s - loss: 0.5940
- val_loss: 0.9516
- val_all_f1:  0.6214 0.6214 0.6214
- val_exp_f1:  0.7273 0.7273 0.7273
- val_non_f1:  0.5987 0.5948 0.5967

4096/4096 [==============================] - 288s - loss: 0.5913 - val_loss: 0.9516
Epoch 96/1000
4032/4096 [============================>.] - ETA: 4s - loss: 0.5098
- val_loss: 0.9302
- val_all_f1:  0.6319 0.6319 0.6319
- val_exp_f1:  0.7105 0.7013 0.7059
- val_non_f1:  0.6184 0.6144 0.6164

4096/4096 [==============================] - 288s - loss: 0.5089 - val_loss: 0.9302
Epoch 97/1000
4032/4096 [============================>.] - ETA: 4s - loss: 0.5458
- val_loss: 0.9286
- val_all_f1:  0.6188 0.6188 0.6188
- val_exp_f1:  0.7792 0.7792 0.7792
- val_non_f1:  0.5842 0.5784 0.5813

4096/4096 [==============================] - 283s - loss: 0.5449 - val_loss: 0.9286
Epoch 98/1000
4032/4096 [============================>.] - ETA: 4s - loss: 0.5376
- val_loss: 0.9159
- val_all_f1:  0.6449 0.6449 0.6449
- val_exp_f1:  0.7532 0.7532 0.7532
- val_non_f1:  0.6217 0.6176 0.6197

4096/4096 [==============================] - 288s - loss: 0.5358 - val_loss: 0.9159
Epoch 99/1000
4032/4096 [============================>.] - ETA: 4s - loss: 0.5355
- val_loss: 0.9090
- val_all_f1:  0.6449 0.6449 0.6449
- val_exp_f1:  0.8182 0.8182 0.8182
- val_non_f1:  0.6073 0.6013 0.6043

4096/4096 [==============================] - 301s - loss: 0.5322 - val_loss: 0.9090
Epoch 100/1000
4032/4096 [============================>.] - ETA: 4s - loss: 0.5276
- val_loss: 0.9412
- val_all_f1:  0.6371 0.6371 0.6371
- val_exp_f1:  0.7763 0.7662 0.7712
- val_non_f1:  0.6086 0.6046 0.6066

4096/4096 [==============================] - 305s - loss: 0.5320 - val_loss: 0.9412
Epoch 101/1000
4032/4096 [============================>.] - ETA: 4s - loss: 0.5627
- val_loss: 0.9363
- val_all_f1:  0.6736 0.6736 0.6736
- val_exp_f1:  0.8312 0.8312 0.8312
- val_non_f1:  0.6361 0.6340 0.6350

4096/4096 [==============================] - 312s - loss: 0.5623 - val_loss: 0.9363
Epoch 102/1000
4032/4096 [============================>.] - ETA: 4s - loss: 0.5574
- val_loss: 0.9283
- val_all_f1:  0.6632 0.6632 0.6632
- val_exp_f1:  0.8701 0.8701 0.8701
- val_non_f1:  0.6131 0.6111 0.6121

4096/4096 [==============================] - 325s - loss: 0.5637 - val_loss: 0.9283
Epoch 103/1000
4032/4096 [============================>.] - ETA: 4s - loss: 0.5688
- val_loss: 0.9185
- val_all_f1:  0.6501 0.6501 0.6501
- val_exp_f1:  0.8701 0.8701 0.8701
- val_non_f1:  0.5967 0.5948 0.5957

4096/4096 [==============================] - 328s - loss: 0.5670 - val_loss: 0.9185
Epoch 104/1000
4032/4096 [============================>.] - ETA: 4s - loss: 0.5202
- val_loss: 0.9209
- val_all_f1:  0.6371 0.6371 0.6371
- val_exp_f1:  0.8182 0.8182 0.8182
- val_non_f1:  0.5974 0.5915 0.5944

4096/4096 [==============================] - 288s - loss: 0.5179 - val_loss: 0.9209
Epoch 105/1000
4032/4096 [============================>.] - ETA: 4s - loss: 0.5006
- val_loss: 0.9684
- val_all_f1:  0.6789 0.6789 0.6789
- val_exp_f1:  0.8961 0.8961 0.8961
- val_non_f1:  0.6304 0.6242 0.6273

4096/4096 [==============================] - 284s - loss: 0.5084 - val_loss: 0.9684
Epoch 106/1000
4032/4096 [============================>.] - ETA: 4s - loss: 0.5512
- val_loss: 0.9076
- val_all_f1:  0.6710 0.6710 0.6710
- val_exp_f1:  0.8831 0.8831 0.8831
- val_non_f1:  0.6217 0.6176 0.6197

4096/4096 [==============================] - 284s - loss: 0.5519 - val_loss: 0.9076
Epoch 107/1000
4032/4096 [============================>.] - ETA: 4s - loss: 0.5652
- val_loss: 0.9257
- val_all_f1:  0.6580 0.6580 0.6580
- val_exp_f1:  0.8182 0.8182 0.8182
- val_non_f1:  0.6238 0.6176 0.6207

4096/4096 [==============================] - 293s - loss: 0.5629 - val_loss: 0.9257
Epoch 108/1000
4032/4096 [============================>.] - ETA: 4s - loss: 0.5297
- val_loss: 0.9043
- val_all_f1:  0.6423 0.6423 0.6423
- val_exp_f1:  0.8182 0.8182 0.8182
- val_non_f1:  0.6020 0.5980 0.6000

4096/4096 [==============================] - 280s - loss: 0.5256 - val_loss: 0.9043
Epoch 109/1000
4032/4096 [============================>.] - ETA: 4s - loss: 0.5036
- val_loss: 0.9250
- val_all_f1:  0.6632 0.6632 0.6632
- val_exp_f1:  0.8312 0.8312 0.8312
- val_non_f1:  0.6250 0.6209 0.6230

4096/4096 [==============================] - 276s - loss: 0.5039 - val_loss: 0.9250
Epoch 110/1000
4032/4096 [============================>.] - ETA: 4s - loss: 0.5176
- val_loss: 0.9038
- val_all_f1:  0.6762 0.6762 0.6762
- val_exp_f1:  0.8831 0.8831 0.8831
- val_non_f1:  0.6283 0.6242 0.6262

4096/4096 [==============================] - 290s - loss: 0.5181 - val_loss: 0.9038
Epoch 111/1000
4032/4096 [============================>.] - ETA: 4s - loss: 0.5416
- val_loss: 0.8881
- val_all_f1:  0.6867 0.6867 0.6867
- val_exp_f1:  0.8571 0.8571 0.8571
- val_non_f1:  0.6502 0.6438 0.6470

4096/4096 [==============================] - 290s - loss: 0.5441 - val_loss: 0.8881
Epoch 112/1000
4032/4096 [============================>.] - ETA: 4s - loss: 0.5572
- val_loss: 0.9052
- val_all_f1:  0.6710 0.6710 0.6710
- val_exp_f1:  0.8701 0.8701 0.8701
- val_non_f1:  0.6250 0.6209 0.6230

4096/4096 [==============================] - 288s - loss: 0.5558 - val_loss: 0.9052
Epoch 113/1000
4032/4096 [============================>.] - ETA: 4s - loss: 0.5297
- val_loss: 0.9216
- val_all_f1:  0.6606 0.6606 0.6606
- val_exp_f1:  0.8052 0.8052 0.8052
- val_non_f1:  0.6283 0.6242 0.6262

4096/4096 [==============================] - 277s - loss: 0.5282 - val_loss: 0.9216
Epoch 114/1000
4032/4096 [============================>.] - ETA: 4s - loss: 0.5451
- val_loss: 0.9196
- val_all_f1:  0.6710 0.6710 0.6710
- val_exp_f1:  0.8701 0.8701 0.8701
- val_non_f1:  0.6271 0.6209 0.6240

4096/4096 [==============================] - 275s - loss: 0.5424 - val_loss: 0.9196
Epoch 115/1000
4032/4096 [============================>.] - ETA: 4s - loss: 0.5114
- val_loss: 0.9048
- val_all_f1:  0.6554 0.6554 0.6554
- val_exp_f1:  0.8831 0.8831 0.8831
- val_non_f1:  0.6040 0.5980 0.6010

4096/4096 [==============================] - 279s - loss: 0.5135 - val_loss: 0.9048
Epoch 116/1000
4032/4096 [============================>.] - ETA: 4s - loss: 0.5027
- val_loss: 0.8846
- val_all_f1:  0.6710 0.6710 0.6710
- val_exp_f1:  0.8442 0.8442 0.8442
- val_non_f1:  0.6337 0.6275 0.6305

4096/4096 [==============================] - 282s - loss: 0.5033 - val_loss: 0.8846
Epoch 117/1000
4032/4096 [============================>.] - ETA: 4s - loss: 0.5320
- val_loss: 0.9223
- val_all_f1:  0.6658 0.6658 0.6658
- val_exp_f1:  0.8312 0.8312 0.8312
- val_non_f1:  0.6283 0.6242 0.6262

4096/4096 [==============================] - 282s - loss: 0.5303 - val_loss: 0.9223
Epoch 118/1000
4032/4096 [============================>.] - ETA: 4s - loss: 0.4933
- val_loss: 0.8991
- val_all_f1:  0.6710 0.6710 0.6710
- val_exp_f1:  0.8831 0.8831 0.8831
- val_non_f1:  0.6238 0.6176 0.6207

4096/4096 [==============================] - 293s - loss: 0.4904 - val_loss: 0.8991
Epoch 119/1000
4032/4096 [============================>.] - ETA: 4s - loss: 0.5223
- val_loss: 0.9032
- val_all_f1:  0.6658 0.6658 0.6658
- val_exp_f1:  0.8961 0.8961 0.8961
- val_non_f1:  0.6139 0.6078 0.6108

4096/4096 [==============================] - 296s - loss: 0.5220 - val_loss: 0.9032
Epoch 120/1000
4032/4096 [============================>.] - ETA: 4s - loss: 0.4942
- val_loss: 0.9018
- val_all_f1:  0.6606 0.6606 0.6606
- val_exp_f1:  0.8182 0.8182 0.8182
- val_non_f1:  0.6271 0.6209 0.6240

4096/4096 [==============================] - 297s - loss: 0.4926 - val_loss: 0.9018
Epoch 121/1000
4032/4096 [============================>.] - ETA: 4s - loss: 0.5389
- val_loss: 0.9087
- val_all_f1:  0.6449 0.6449 0.6449
- val_exp_f1:  0.8312 0.8312 0.8312
- val_non_f1:  0.6040 0.5980 0.6010

4096/4096 [==============================] - 293s - loss: 0.5355 - val_loss: 0.9087
Epoch 122/1000
4032/4096 [============================>.] - ETA: 4s - loss: 0.4958
- val_loss: 0.8982
- val_all_f1:  0.6345 0.6345 0.6345
- val_exp_f1:  0.8052 0.8052 0.8052
- val_non_f1:  0.5974 0.5915 0.5944

4096/4096 [==============================] - 286s - loss: 0.4957 - val_loss: 0.8982
Epoch 123/1000
4032/4096 [============================>.] - ETA: 4s - loss: 0.5242
- val_loss: 0.8934
- val_all_f1:  0.6266 0.6266 0.6266
- val_exp_f1:  0.8701 0.8701 0.8701
- val_non_f1:  0.5691 0.5654 0.5672

4096/4096 [==============================] - 288s - loss: 0.5219 - val_loss: 0.8934
Epoch 124/1000
4032/4096 [============================>.] - ETA: 4s - loss: 0.5216
- val_loss: 0.8709
- val_all_f1:  0.6554 0.6554 0.6554
- val_exp_f1:  0.8831 0.8831 0.8831
- val_non_f1:  0.6020 0.5980 0.6000

4096/4096 [==============================] - 289s - loss: 0.5270 - val_loss: 0.8709
Epoch 125/1000
4032/4096 [============================>.] - ETA: 4s - loss: 0.5398
- val_loss: 0.8919
- val_all_f1:  0.6475 0.6475 0.6475
- val_exp_f1:  0.8312 0.8312 0.8312
- val_non_f1:  0.6073 0.6013 0.6043

4096/4096 [==============================] - 291s - loss: 0.5396 - val_loss: 0.8919
Epoch 126/1000
4032/4096 [============================>.] - ETA: 4s - loss: 0.5206
- val_loss: 0.9075
- val_all_f1:  0.6606 0.6606 0.6606
- val_exp_f1:  0.8571 0.8571 0.8571
- val_non_f1:  0.6192 0.6111 0.6151

4096/4096 [==============================] - 295s - loss: 0.5205 - val_loss: 0.9075
Epoch 127/1000
4032/4096 [============================>.] - ETA: 4s - loss: 0.4953
- val_loss: 0.8766
- val_all_f1:  0.6501 0.6501 0.6501
- val_exp_f1:  0.7662 0.7662 0.7662
- val_non_f1:  0.6250 0.6209 0.6230

4096/4096 [==============================] - 283s - loss: 0.4965 - val_loss: 0.8766
Epoch 128/1000
4032/4096 [============================>.] - ETA: 4s - loss: 0.4977
- val_loss: 0.8425
- val_all_f1:  0.6815 0.6815 0.6815
- val_exp_f1:  0.8831 0.8831 0.8831
- val_non_f1:  0.6370 0.6307 0.6338

4096/4096 [==============================] - 279s - loss: 0.4947 - val_loss: 0.8425
Epoch 129/1000
4032/4096 [============================>.] - ETA: 4s - loss: 0.5155
- val_loss: 0.8351
- val_all_f1:  0.6971 0.6971 0.6971
- val_exp_f1:  0.8831 0.8831 0.8831
- val_non_f1:  0.6546 0.6503 0.6525

4096/4096 [==============================] - 287s - loss: 0.5157 - val_loss: 0.8351
Epoch 130/1000
4032/4096 [============================>.] - ETA: 4s - loss: 0.4871
- val_loss: 0.9016
- val_all_f1:  0.6762 0.6762 0.6762
- val_exp_f1:  0.8831 0.8831 0.8831
- val_non_f1:  0.6304 0.6242 0.6273

4096/4096 [==============================] - 284s - loss: 0.4878 - val_loss: 0.9016
Epoch 131/1000
4032/4096 [============================>.] - ETA: 4s - loss: 0.4883
- val_loss: 0.8577
- val_all_f1:  0.6554 0.6554 0.6554
- val_exp_f1:  0.8182 0.8182 0.8182
- val_non_f1:  0.6225 0.6144 0.6184

4096/4096 [==============================] - 281s - loss: 0.4869 - val_loss: 0.8577
Epoch 132/1000
4032/4096 [============================>.] - ETA: 4s - loss: 0.5286
- val_loss: 0.8548
- val_all_f1:  0.6789 0.6789 0.6789
- val_exp_f1:  0.8571 0.8571 0.8571
- val_non_f1:  0.6403 0.6340 0.6371

4096/4096 [==============================] - 283s - loss: 0.5272 - val_loss: 0.8548
Epoch 133/1000
4032/4096 [============================>.] - ETA: 4s - loss: 0.4610
- val_loss: 0.8891
- val_all_f1:  0.6684 0.6684 0.6684
- val_exp_f1:  0.8571 0.8571 0.8571
- val_non_f1:  0.6291 0.6209 0.6250

4096/4096 [==============================] - 278s - loss: 0.4616 - val_loss: 0.8891
Epoch 134/1000
4032/4096 [============================>.] - ETA: 4s - loss: 0.5390
- val_loss: 0.8425
- val_all_f1:  0.6815 0.6815 0.6815
- val_exp_f1:  0.8442 0.8442 0.8442
- val_non_f1:  0.6469 0.6405 0.6437

4096/4096 [==============================] - 280s - loss: 0.5376 - val_loss: 0.8425
Epoch 135/1000
4032/4096 [============================>.] - ETA: 4s - loss: 0.5103
- val_loss: 0.8524
- val_all_f1:  0.6971 0.6971 0.6971
- val_exp_f1:  0.8961 0.8961 0.8961
- val_non_f1:  0.6535 0.6471 0.6502

4096/4096 [==============================] - 281s - loss: 0.5118 - val_loss: 0.8524
Epoch 136/1000
4032/4096 [============================>.] - ETA: 4s - loss: 0.4840
- val_loss: 0.8249
- val_all_f1:  0.7102 0.7102 0.7102
- val_exp_f1:  0.8961 0.8961 0.8961
- val_non_f1:  0.6700 0.6634 0.6667

4096/4096 [==============================] - 278s - loss: 0.4844 - val_loss: 0.8249
Epoch 137/1000
4032/4096 [============================>.] - ETA: 4s - loss: 0.4963
- val_loss: 0.8863
- val_all_f1:  0.6762 0.6762 0.6762
- val_exp_f1:  0.8701 0.8701 0.8701
- val_non_f1:  0.6337 0.6275 0.6305

4096/4096 [==============================] - 281s - loss: 0.5005 - val_loss: 0.8863
Epoch 138/1000
4032/4096 [============================>.] - ETA: 4s - loss: 0.5250
- val_loss: 0.8167
- val_all_f1:  0.7180 0.7180 0.7180
- val_exp_f1:  0.8701 0.8701 0.8701
- val_non_f1:  0.6865 0.6797 0.6831

4096/4096 [==============================] - 282s - loss: 0.5257 - val_loss: 0.8167
Epoch 139/1000
4032/4096 [============================>.] - ETA: 4s - loss: 0.4262
- val_loss: 0.8354
- val_all_f1:  0.6893 0.6893 0.6893
- val_exp_f1:  0.8701 0.8701 0.8701
- val_non_f1:  0.6502 0.6438 0.6470

4096/4096 [==============================] - 280s - loss: 0.4253 - val_loss: 0.8354
Epoch 140/1000
4032/4096 [============================>.] - ETA: 4s - loss: 0.4991
- val_loss: 0.8302
- val_all_f1:  0.6867 0.6867 0.6867
- val_exp_f1:  0.8701 0.8701 0.8701
- val_non_f1:  0.6469 0.6405 0.6437

4096/4096 [==============================] - 286s - loss: 0.4982 - val_loss: 0.8302
Epoch 141/1000
4032/4096 [============================>.] - ETA: 4s - loss: 0.4960
- val_loss: 0.8166
- val_all_f1:  0.6997 0.6997 0.6997
- val_exp_f1:  0.8961 0.8961 0.8961
- val_non_f1:  0.6568 0.6503 0.6535

4096/4096 [==============================] - 279s - loss: 0.4918 - val_loss: 0.8166
Epoch 142/1000
4032/4096 [============================>.] - ETA: 4s - loss: 0.4954
- val_loss: 0.8648
- val_all_f1:  0.6841 0.6841 0.6841
- val_exp_f1:  0.8701 0.8701 0.8701
- val_non_f1:  0.6436 0.6373 0.6404

4096/4096 [==============================] - 289s - loss: 0.4968 - val_loss: 0.8648
Epoch 143/1000
4032/4096 [============================>.] - ETA: 4s - loss: 0.5112
- val_loss: 0.8414
- val_all_f1:  0.6867 0.6867 0.6867
- val_exp_f1:  0.8961 0.8961 0.8961
- val_non_f1:  0.6403 0.6340 0.6371

4096/4096 [==============================] - 288s - loss: 0.5133 - val_loss: 0.8414
Epoch 144/1000
4032/4096 [============================>.] - ETA: 4s - loss: 0.4860
- val_loss: 0.8427
- val_all_f1:  0.6945 0.6945 0.6945
- val_exp_f1:  0.8961 0.8961 0.8961
- val_non_f1:  0.6480 0.6438 0.6459

4096/4096 [==============================] - 287s - loss: 0.4914 - val_loss: 0.8427
Epoch 145/1000
4032/4096 [============================>.] - ETA: 4s - loss: 0.4737
- val_loss: 0.8876
- val_all_f1:  0.6762 0.6762 0.6762
- val_exp_f1:  0.8831 0.8831 0.8831
- val_non_f1:  0.6304 0.6242 0.6273

4096/4096 [==============================] - 284s - loss: 0.4793 - val_loss: 0.8876
Epoch 146/1000
4032/4096 [============================>.] - ETA: 4s - loss: 0.4941
- val_loss: 0.8491
- val_all_f1:  0.6397 0.6397 0.6397
- val_exp_f1:  0.8961 0.8961 0.8961
- val_non_f1:  0.5809 0.5752 0.5780

4096/4096 [==============================] - 308s - loss: 0.4953 - val_loss: 0.8491
Epoch 147/1000
4032/4096 [============================>.] - ETA: 4s - loss: 0.4696
- val_loss: 0.9199
- val_all_f1:  0.6658 0.6658 0.6658
- val_exp_f1:  0.8442 0.8442 0.8442
- val_non_f1:  0.6271 0.6209 0.6240

4096/4096 [==============================] - 316s - loss: 0.4703 - val_loss: 0.9199
Epoch 148/1000
4032/4096 [============================>.] - ETA: 4s - loss: 0.5085
- val_loss: 0.8510
- val_all_f1:  0.6710 0.6710 0.6710
- val_exp_f1:  0.8182 0.8182 0.8182
- val_non_f1:  0.6403 0.6340 0.6371

4096/4096 [==============================] - 313s - loss: 0.5098 - val_loss: 0.8510
Epoch 149/1000
4032/4096 [============================>.] - ETA: 4s - loss: 0.5031
- val_loss: 0.8598
- val_all_f1:  0.6893 0.6893 0.6893
- val_exp_f1:  0.8961 0.8961 0.8961
- val_non_f1:  0.6414 0.6373 0.6393

4096/4096 [==============================] - 295s - loss: 0.5008 - val_loss: 0.8598
Epoch 150/1000
4032/4096 [============================>.] - ETA: 4s - loss: 0.5027
- val_loss: 0.8398
- val_all_f1:  0.6971 0.6971 0.6971
- val_exp_f1:  0.8831 0.8831 0.8831
- val_non_f1:  0.6546 0.6503 0.6525

4096/4096 [==============================] - 297s - loss: 0.5035 - val_loss: 0.8398
Epoch 151/1000
4032/4096 [============================>.] - ETA: 4s - loss: 0.4907
- val_loss: 0.8072
- val_all_f1:  0.6997 0.6997 0.6997
- val_exp_f1:  0.9091 0.9091 0.9091
- val_non_f1:  0.6535 0.6471 0.6502

4096/4096 [==============================] - 298s - loss: 0.4932 - val_loss: 0.8072
Epoch 152/1000
4032/4096 [============================>.] - ETA: 4s - loss: 0.5041
- val_loss: 0.8367
- val_all_f1:  0.6841 0.6841 0.6841
- val_exp_f1:  0.8831 0.8831 0.8831
- val_non_f1:  0.6403 0.6340 0.6371

4096/4096 [==============================] - 298s - loss: 0.5029 - val_loss: 0.8367
Epoch 153/1000
4032/4096 [============================>.] - ETA: 4s - loss: 0.4796
- val_loss: 0.8728
- val_all_f1:  0.6710 0.6710 0.6710
- val_exp_f1:  0.8052 0.8052 0.8052
- val_non_f1:  0.6414 0.6373 0.6393

4096/4096 [==============================] - 296s - loss: 0.4764 - val_loss: 0.8728
Epoch 154/1000
4032/4096 [============================>.] - ETA: 4s - loss: 0.4815
- val_loss: 0.8561
- val_all_f1:  0.6423 0.6423 0.6423
- val_exp_f1:  0.8571 0.8571 0.8571
- val_non_f1:  0.5941 0.5882 0.5911

4096/4096 [==============================] - 286s - loss: 0.4819 - val_loss: 0.8561
Epoch 155/1000
4032/4096 [============================>.] - ETA: 4s - loss: 0.4915
- val_loss: 1.0144
- val_all_f1:  0.6632 0.6632 0.6632
- val_exp_f1:  0.8052 0.8052 0.8052
- val_non_f1:  0.6295 0.6275 0.6285

4096/4096 [==============================] - 287s - loss: 0.4912 - val_loss: 1.0144
Epoch 156/1000
4032/4096 [============================>.] - ETA: 4s - loss: 0.4872
- val_loss: 0.8655
- val_all_f1:  0.6762 0.6762 0.6762
- val_exp_f1:  0.8961 0.8961 0.8961
- val_non_f1:  0.6271 0.6209 0.6240

4096/4096 [==============================] - 284s - loss: 0.4827 - val_loss: 0.8655
Epoch 157/1000
4032/4096 [============================>.] - ETA: 4s - loss: 0.5185
- val_loss: 0.9084
- val_all_f1:  0.6815 0.6815 0.6815
- val_exp_f1:  0.8961 0.8961 0.8961
- val_non_f1:  0.6337 0.6275 0.6305

4096/4096 [==============================] - 281s - loss: 0.5179 - val_loss: 0.9084
Epoch 158/1000
4032/4096 [============================>.] - ETA: 4s - loss: 0.4790
- val_loss: 0.8360
- val_all_f1:  0.6736 0.6736 0.6736
- val_exp_f1:  0.8961 0.8961 0.8961
- val_non_f1:  0.6238 0.6176 0.6207

4096/4096 [==============================] - 279s - loss: 0.4810 - val_loss: 0.8360
Epoch 159/1000
4032/4096 [============================>.] - ETA: 4s - loss: 0.5117
- val_loss: 0.8815
- val_all_f1:  0.6789 0.6789 0.6789
- val_exp_f1:  0.8961 0.8961 0.8961
- val_non_f1:  0.6325 0.6242 0.6283

4096/4096 [==============================] - 280s - loss: 0.5089 - val_loss: 0.8815
Epoch 160/1000
4032/4096 [============================>.] - ETA: 4s - loss: 0.4955
- val_loss: 0.8415
- val_all_f1:  0.6789 0.6789 0.6789
- val_exp_f1:  0.9091 0.9091 0.9091
- val_non_f1:  0.6291 0.6209 0.6250

4096/4096 [==============================] - 285s - loss: 0.4941 - val_loss: 0.8415
Epoch 161/1000
4032/4096 [============================>.] - ETA: 4s - loss: 0.4995
- val_loss: 0.8458
- val_all_f1:  0.6606 0.6606 0.6606
- val_exp_f1:  0.9091 0.9091 0.9091
- val_non_f1:  0.6060 0.5980 0.6020

4096/4096 [==============================] - 287s - loss: 0.4994 - val_loss: 0.8458
Epoch 162/1000
4032/4096 [============================>.] - ETA: 4s - loss: 0.4789
- val_loss: 0.8662
- val_all_f1:  0.6658 0.6658 0.6658
- val_exp_f1:  0.8961 0.8961 0.8961
- val_non_f1:  0.6139 0.6078 0.6108

4096/4096 [==============================] - 288s - loss: 0.4807 - val_loss: 0.8662
Epoch 163/1000
4032/4096 [============================>.] - ETA: 4s - loss: 0.4721
- val_loss: 0.8283
- val_all_f1:  0.6762 0.6762 0.6762
- val_exp_f1:  0.9221 0.9221 0.9221
- val_non_f1:  0.6205 0.6144 0.6174

4096/4096 [==============================] - 284s - loss: 0.4725 - val_loss: 0.8283
Epoch 164/1000
4032/4096 [============================>.] - ETA: 4s - loss: 0.4670
- val_loss: 0.8805
- val_all_f1:  0.6893 0.6893 0.6893
- val_exp_f1:  0.9221 0.9221 0.9221
- val_non_f1:  0.6370 0.6307 0.6338

4096/4096 [==============================] - 288s - loss: 0.4643 - val_loss: 0.8805
Epoch 165/1000
4032/4096 [============================>.] - ETA: 4s - loss: 0.4705
- val_loss: 0.8687
- val_all_f1:  0.6815 0.6815 0.6815
- val_exp_f1:  0.8831 0.8831 0.8831
- val_non_f1:  0.6349 0.6307 0.6328

4096/4096 [==============================] - 293s - loss: 0.4733 - val_loss: 0.8687
Epoch 166/1000
4032/4096 [============================>.] - ETA: 4s - loss: 0.4793
- val_loss: 0.8686
- val_all_f1:  0.6736 0.6736 0.6736
- val_exp_f1:  0.8831 0.8831 0.8831
- val_non_f1:  0.6291 0.6209 0.6250

4096/4096 [==============================] - 293s - loss: 0.4768 - val_loss: 0.8686
Epoch 167/1000
4032/4096 [============================>.] - ETA: 4s - loss: 0.4919
- val_loss: 0.8098
- val_all_f1:  0.6736 0.6736 0.6736
- val_exp_f1:  0.9351 0.9351 0.9351
- val_non_f1:  0.6139 0.6078 0.6108

4096/4096 [==============================] - 288s - loss: 0.4868 - val_loss: 0.8098
Epoch 168/1000
4032/4096 [============================>.] - ETA: 4s - loss: 0.5072
- val_loss: 0.8771
- val_all_f1:  0.6841 0.6841 0.6841
- val_exp_f1:  0.9481 0.9481 0.9481
- val_non_f1:  0.6258 0.6176 0.6217

4096/4096 [==============================] - 295s - loss: 0.5063 - val_loss: 0.8771
Epoch 169/1000
4032/4096 [============================>.] - ETA: 4s - loss: 0.5353
- val_loss: 0.8384
- val_all_f1:  0.6971 0.6971 0.6971
- val_exp_f1:  0.9091 0.9091 0.9091
- val_non_f1:  0.6523 0.6438 0.6480

4096/4096 [==============================] - 314s - loss: 0.5402 - val_loss: 0.8384
Epoch 170/1000
4032/4096 [============================>.] - ETA: 5s - loss: 0.4925 
- val_loss: 0.8939
- val_all_f1:  0.6841 0.6841 0.6841
- val_exp_f1:  0.8442 0.8442 0.8442
- val_non_f1:  0.6523 0.6438 0.6480

4096/4096 [==============================] - 344s - loss: 0.4894 - val_loss: 0.8939
Epoch 171/1000
4032/4096 [============================>.] - ETA: 5s - loss: 0.5212 
- val_loss: 0.8227
- val_all_f1:  0.6841 0.6841 0.6841
- val_exp_f1:  0.9091 0.9091 0.9091
- val_non_f1:  0.6358 0.6275 0.6316

4096/4096 [==============================] - 355s - loss: 0.5199 - val_loss: 0.8227
Epoch 172/1000
4032/4096 [============================>.] - ETA: 4s - loss: 0.4909 
- val_loss: 0.8356
- val_all_f1:  0.6971 0.6971 0.6971
- val_exp_f1:  0.8961 0.8961 0.8961
- val_non_f1:  0.6556 0.6471 0.6513

4096/4096 [==============================] - 333s - loss: 0.4885 - val_loss: 0.8356
Epoch 173/1000
4032/4096 [============================>.] - ETA: 4s - loss: 0.4387
- val_loss: 0.8534
- val_all_f1:  0.6736 0.6736 0.6736
- val_exp_f1:  0.9091 0.9091 0.9091
- val_non_f1:  0.6184 0.6144 0.6164

4096/4096 [==============================] - 324s - loss: 0.4406 - val_loss: 0.8534
Epoch 174/1000
4032/4096 [============================>.] - ETA: 4s - loss: 0.4432
- val_loss: 0.8322
- val_all_f1:  0.6945 0.6945 0.6945
- val_exp_f1:  0.9091 0.9091 0.9091
- val_non_f1:  0.6490 0.6405 0.6447

4096/4096 [==============================] - 331s - loss: 0.4453 - val_loss: 0.8322
Epoch 175/1000
4032/4096 [============================>.] - ETA: 4s - loss: 0.4730
- val_loss: 0.8406
- val_all_f1:  0.7050 0.7050 0.7050
- val_exp_f1:  0.8961 0.8961 0.8961
- val_non_f1:  0.6656 0.6569 0.6612

4096/4096 [==============================] - 325s - loss: 0.4707 - val_loss: 0.8406
Epoch 176/1000
4032/4096 [============================>.] - ETA: 4s - loss: 0.4919
- val_loss: 0.8451
- val_all_f1:  0.7023 0.7023 0.7023
- val_exp_f1:  0.8961 0.8961 0.8961
- val_non_f1:  0.6623 0.6536 0.6579

4096/4096 [==============================] - 318s - loss: 0.4939 - val_loss: 0.8451
Epoch 177/1000
4032/4096 [============================>.] - ETA: 4s - loss: 0.4535
- val_loss: 0.9032
- val_all_f1:  0.6919 0.6919 0.6919
- val_exp_f1:  0.8701 0.8701 0.8701
- val_non_f1:  0.6535 0.6471 0.6502

4096/4096 [==============================] - 322s - loss: 0.4514 - val_loss: 0.9032
Epoch 178/1000
4032/4096 [============================>.] - ETA: 4s - loss: 0.4983
- val_loss: 0.8655
- val_all_f1:  0.6867 0.6867 0.6867
- val_exp_f1:  0.8961 0.8961 0.8961
- val_non_f1:  0.6424 0.6340 0.6382

4096/4096 [==============================] - 320s - loss: 0.4992 - val_loss: 0.8655
Epoch 179/1000
4032/4096 [============================>.] - ETA: 4s - loss: 0.4540
- val_loss: 0.8337
- val_all_f1:  0.6919 0.6919 0.6919
- val_exp_f1:  0.9091 0.9091 0.9091
- val_non_f1:  0.6457 0.6373 0.6414

4096/4096 [==============================] - 325s - loss: 0.4567 - val_loss: 0.8337
Epoch 180/1000
4032/4096 [============================>.] - ETA: 4s - loss: 0.4806
- val_loss: 0.8320
- val_all_f1:  0.6971 0.6971 0.6971
- val_exp_f1:  0.9091 0.9091 0.9091
- val_non_f1:  0.6523 0.6438 0.6480

4096/4096 [==============================] - 320s - loss: 0.4776 - val_loss: 0.8320
Epoch 181/1000
4032/4096 [============================>.] - ETA: 4s - loss: 0.4708
- val_loss: 0.8088
- val_all_f1:  0.6919 0.6919 0.6919
- val_exp_f1:  0.8571 0.8571 0.8571
- val_non_f1:  0.6589 0.6503 0.6546

4096/4096 [==============================] - 318s - loss: 0.4777 - val_loss: 0.8088
Epoch 182/1000
4032/4096 [============================>.] - ETA: 4s - loss: 0.4689
- val_loss: 0.8281
- val_all_f1:  0.6710 0.6710 0.6710
- val_exp_f1:  0.8831 0.8831 0.8831
- val_non_f1:  0.6258 0.6176 0.6217

4096/4096 [==============================] - 315s - loss: 0.4664 - val_loss: 0.8281
Epoch 183/1000
4032/4096 [============================>.] - ETA: 4s - loss: 0.4786
- val_loss: 0.8378
- val_all_f1:  0.7076 0.7076 0.7076
- val_exp_f1:  0.8961 0.8961 0.8961
- val_non_f1:  0.6689 0.6601 0.6645

4096/4096 [==============================] - 309s - loss: 0.4776 - val_loss: 0.8378
Epoch 184/1000
4032/4096 [============================>.] - ETA: 4s - loss: 0.4888
- val_loss: 0.8194
- val_all_f1:  0.7076 0.7076 0.7076
- val_exp_f1:  0.9091 0.9091 0.9091
- val_non_f1:  0.6656 0.6569 0.6612

4096/4096 [==============================] - 314s - loss: 0.4923 - val_loss: 0.8194
Epoch 185/1000
4032/4096 [============================>.] - ETA: 4s - loss: 0.5133
- val_loss: 0.8134
- val_all_f1:  0.7128 0.7128 0.7128
- val_exp_f1:  0.9091 0.9091 0.9091
- val_non_f1:  0.6700 0.6634 0.6667

4096/4096 [==============================] - 306s - loss: 0.5108 - val_loss: 0.8134
Epoch 186/1000
4032/4096 [============================>.] - ETA: 4s - loss: 0.4553
- val_loss: 0.8282
- val_all_f1:  0.6919 0.6919 0.6919
- val_exp_f1:  0.8961 0.8961 0.8961
- val_non_f1:  0.6490 0.6405 0.6447

4096/4096 [==============================] - 307s - loss: 0.4555 - val_loss: 0.8282
Epoch 187/1000
4032/4096 [============================>.] - ETA: 4s - loss: 0.4605
- val_loss: 0.8995
- val_all_f1:  0.6762 0.6762 0.6762
- val_exp_f1:  0.8961 0.8961 0.8961
- val_non_f1:  0.6250 0.6209 0.6230

4096/4096 [==============================] - 302s - loss: 0.4612 - val_loss: 0.8995
Epoch 188/1000
4032/4096 [============================>.] - ETA: 4s - loss: 0.4944
- val_loss: 0.8546
- val_all_f1:  0.6945 0.6945 0.6945
- val_exp_f1:  0.9351 0.9351 0.9351
- val_non_f1:  0.6403 0.6340 0.6371

4096/4096 [==============================] - 314s - loss: 0.4950 - val_loss: 0.8546
Epoch 189/1000
4032/4096 [============================>.] - ETA: 4s - loss: 0.4701
- val_loss: 0.8883
- val_all_f1:  0.6710 0.6710 0.6710
- val_exp_f1:  0.8571 0.8571 0.8571
- val_non_f1:  0.6304 0.6242 0.6273

4096/4096 [==============================] - 312s - loss: 0.4708 - val_loss: 0.8883
Epoch 190/1000
4032/4096 [============================>.] - ETA: 4s - loss: 0.4631
- val_loss: 0.8964
- val_all_f1:  0.6971 0.6971 0.6971
- val_exp_f1:  0.9091 0.9091 0.9091
- val_non_f1:  0.6480 0.6438 0.6459

4096/4096 [==============================] - 302s - loss: 0.4650 - val_loss: 0.8964
Epoch 191/1000
4032/4096 [============================>.] - ETA: 4s - loss: 0.5081
- val_loss: 0.9332
- val_all_f1:  0.6867 0.6867 0.6867
- val_exp_f1:  0.9091 0.9091 0.9091
- val_non_f1:  0.6391 0.6307 0.6349

4096/4096 [==============================] - 304s - loss: 0.5086 - val_loss: 0.9332
Epoch 192/1000
4032/4096 [============================>.] - ETA: 4s - loss: 0.5027
- val_loss: 0.8541
- val_all_f1:  0.7023 0.7023 0.7023
- val_exp_f1:  0.8961 0.8961 0.8961
- val_non_f1:  0.6623 0.6536 0.6579

4096/4096 [==============================] - 303s - loss: 0.4991 - val_loss: 0.8541
Epoch 193/1000
4032/4096 [============================>.] - ETA: 4s - loss: 0.4650
- val_loss: 0.8601
- val_all_f1:  0.7023 0.7023 0.7023
- val_exp_f1:  0.8961 0.8961 0.8961
- val_non_f1:  0.6579 0.6536 0.6557

4096/4096 [==============================] - 297s - loss: 0.4636 - val_loss: 0.8601
Epoch 194/1000
4032/4096 [============================>.] - ETA: 4s - loss: 0.4574
- val_loss: 0.8586
- val_all_f1:  0.6867 0.6867 0.6867
- val_exp_f1:  0.8961 0.8961 0.8961
- val_non_f1:  0.6382 0.6340 0.6361

4096/4096 [==============================] - 295s - loss: 0.4552 - val_loss: 0.8586
Epoch 195/1000
4032/4096 [============================>.] - ETA: 4s - loss: 0.4616
- val_loss: 0.8738
- val_all_f1:  0.6893 0.6893 0.6893
- val_exp_f1:  0.8831 0.8831 0.8831
- val_non_f1:  0.6469 0.6405 0.6437

4096/4096 [==============================] - 292s - loss: 0.4601 - val_loss: 0.8738
Epoch 196/1000
4032/4096 [============================>.] - ETA: 4s - loss: 0.4818
- val_loss: 0.7989
- val_all_f1:  0.7023 0.7023 0.7023
- val_exp_f1:  0.8961 0.8961 0.8961
- val_non_f1:  0.6579 0.6536 0.6557

4096/4096 [==============================] - 298s - loss: 0.4800 - val_loss: 0.7989
Epoch 197/1000
4032/4096 [============================>.] - ETA: 4s - loss: 0.4362
- val_loss: 0.7983
- val_all_f1:  0.7154 0.7154 0.7154
- val_exp_f1:  0.8961 0.8961 0.8961
- val_non_f1:  0.6766 0.6699 0.6732

4096/4096 [==============================] - 293s - loss: 0.4359 - val_loss: 0.7983
Epoch 198/1000
4032/4096 [============================>.] - ETA: 4s - loss: 0.4741
- val_loss: 0.7979
- val_all_f1:  0.6893 0.6893 0.6893
- val_exp_f1:  0.8961 0.8961 0.8961
- val_non_f1:  0.6436 0.6373 0.6404

4096/4096 [==============================] - 291s - loss: 0.4756 - val_loss: 0.7979
Epoch 199/1000
4032/4096 [============================>.] - ETA: 4s - loss: 0.4602
- val_loss: 0.8298
- val_all_f1:  0.6919 0.6919 0.6919
- val_exp_f1:  0.8961 0.8961 0.8961
- val_non_f1:  0.6426 0.6405 0.6416

4096/4096 [==============================] - 278s - loss: 0.4636 - val_loss: 0.8298
Epoch 200/1000
4032/4096 [============================>.] - ETA: 4s - loss: 0.4979
- val_loss: 0.8716
- val_all_f1:  0.6945 0.6945 0.6945
- val_exp_f1:  0.8961 0.8961 0.8961
- val_non_f1:  0.6459 0.6438 0.6448

4096/4096 [==============================] - 280s - loss: 0.4948 - val_loss: 0.8716
Epoch 201/1000
4032/4096 [============================>.] - ETA: 4s - loss: 0.4741
- val_loss: 0.8633
- val_all_f1:  0.6815 0.6815 0.6815
- val_exp_f1:  0.8701 0.8701 0.8701
- val_non_f1:  0.6382 0.6340 0.6361

4096/4096 [==============================] - 285s - loss: 0.4719 - val_loss: 0.8633
Epoch 202/1000
4032/4096 [============================>.] - ETA: 4s - loss: 0.4669
- val_loss: 0.9231
- val_all_f1:  0.6841 0.6841 0.6841
- val_exp_f1:  0.8961 0.8961 0.8961
- val_non_f1:  0.6328 0.6307 0.6318

4096/4096 [==============================] - 283s - loss: 0.4658 - val_loss: 0.9231
Epoch 203/1000
4032/4096 [============================>.] - ETA: 4s - loss: 0.4563
- val_loss: 0.8286
- val_all_f1:  0.7102 0.7102 0.7102
- val_exp_f1:  0.8831 0.8831 0.8831
- val_non_f1:  0.6667 0.6667 0.6667

4096/4096 [==============================] - 279s - loss: 0.4529 - val_loss: 0.8286
Epoch 204/1000
4032/4096 [============================>.] - ETA: 4s - loss: 0.4704
- val_loss: 0.8759
- val_all_f1:  0.6867 0.6867 0.6867
- val_exp_f1:  0.8961 0.8961 0.8961
- val_non_f1:  0.6361 0.6340 0.6350

4096/4096 [==============================] - 293s - loss: 0.4711 - val_loss: 0.8759
Epoch 205/1000
4032/4096 [============================>.] - ETA: 4s - loss: 0.4580
- val_loss: 0.8669
- val_all_f1:  0.6815 0.6815 0.6815
- val_exp_f1:  0.8961 0.8961 0.8961
- val_non_f1:  0.6295 0.6275 0.6285

4096/4096 [==============================] - 284s - loss: 0.4573 - val_loss: 0.8669
Epoch 206/1000
4032/4096 [============================>.] - ETA: 4s - loss: 0.4633
- val_loss: 0.8942
- val_all_f1:  0.6762 0.6762 0.6762
- val_exp_f1:  0.8961 0.8961 0.8961
- val_non_f1:  0.6230 0.6209 0.6219

4096/4096 [==============================] - 276s - loss: 0.4629 - val_loss: 0.8942
Epoch 207/1000
4032/4096 [============================>.] - ETA: 4s - loss: 0.4323
- val_loss: 0.8188
- val_all_f1:  0.6710 0.6710 0.6710
- val_exp_f1:  0.8831 0.8831 0.8831
- val_non_f1:  0.6217 0.6176 0.6197

4096/4096 [==============================] - 278s - loss: 0.4293 - val_loss: 0.8188
Epoch 208/1000
4032/4096 [============================>.] - ETA: 4s - loss: 0.4797
- val_loss: 0.8248
- val_all_f1:  0.6919 0.6919 0.6919
- val_exp_f1:  0.8961 0.8961 0.8961
- val_non_f1:  0.6447 0.6405 0.6426

4096/4096 [==============================] - 272s - loss: 0.4788 - val_loss: 0.8248
Epoch 209/1000
4032/4096 [============================>.] - ETA: 4s - loss: 0.4784
- val_loss: 0.8070
- val_all_f1:  0.6945 0.6945 0.6945
- val_exp_f1:  0.8961 0.8961 0.8961
- val_non_f1:  0.6523 0.6438 0.6480

4096/4096 [==============================] - 272s - loss: 0.4768 - val_loss: 0.8070
Epoch 210/1000
4032/4096 [============================>.] - ETA: 4s - loss: 0.4519
- val_loss: 0.8145
- val_all_f1:  0.7154 0.7154 0.7154
- val_exp_f1:  0.8961 0.8961 0.8961
- val_non_f1:  0.6788 0.6699 0.6743

4096/4096 [==============================] - 272s - loss: 0.4532 - val_loss: 0.8145
Epoch 211/1000
4032/4096 [============================>.] - ETA: 3s - loss: 0.4679
- val_loss: 0.8100
- val_all_f1:  0.7128 0.7128 0.7128
- val_exp_f1:  0.8961 0.8961 0.8961
- val_non_f1:  0.6755 0.6667 0.6711

4096/4096 [==============================] - 266s - loss: 0.4696 - val_loss: 0.8100
Epoch 212/1000
4032/4096 [============================>.] - ETA: 3s - loss: 0.4483
- val_loss: 0.8180
- val_all_f1:  0.6815 0.6815 0.6815
- val_exp_f1:  0.9091 0.9091 0.9091
- val_non_f1:  0.6283 0.6242 0.6262

4096/4096 [==============================] - 263s - loss: 0.4503 - val_loss: 0.8180
Epoch 213/1000
4032/4096 [============================>.] - ETA: 3s - loss: 0.4194
- val_loss: 0.8305
- val_all_f1:  0.6867 0.6867 0.6867
- val_exp_f1:  0.8961 0.8961 0.8961
- val_non_f1:  0.6382 0.6340 0.6361

4096/4096 [==============================] - 263s - loss: 0.4199 - val_loss: 0.8305
Epoch 214/1000
4032/4096 [============================>.] - ETA: 3s - loss: 0.4351
- val_loss: 0.8182
- val_all_f1:  0.7050 0.7050 0.7050
- val_exp_f1:  0.8961 0.8961 0.8961
- val_non_f1:  0.6590 0.6569 0.6579

4096/4096 [==============================] - 267s - loss: 0.4353 - val_loss: 0.8182
Epoch 215/1000
4032/4096 [============================>.] - ETA: 3s - loss: 0.4667
- val_loss: 0.8127
- val_all_f1:  0.6501 0.6501 0.6501
- val_exp_f1:  0.9091 0.9091 0.9091
- val_non_f1:  0.5888 0.5850 0.5869

4096/4096 [==============================] - 268s - loss: 0.4704 - val_loss: 0.8127
Epoch 216/1000
4032/4096 [============================>.] - ETA: 3s - loss: 0.4687
- val_loss: 0.8524
- val_all_f1:  0.6815 0.6815 0.6815
- val_exp_f1:  0.8961 0.8961 0.8961
- val_non_f1:  0.6295 0.6275 0.6285

4096/4096 [==============================] - 268s - loss: 0.4657 - val_loss: 0.8524
Epoch 217/1000
4032/4096 [============================>.] - ETA: 3s - loss: 0.4507
- val_loss: 0.8723
- val_all_f1:  0.6815 0.6815 0.6815
- val_exp_f1:  0.9351 0.9351 0.9351
- val_non_f1:  0.6238 0.6176 0.6207

4096/4096 [==============================] - 267s - loss: 0.4482 - val_loss: 0.8723
Epoch 218/1000
4032/4096 [============================>.] - ETA: 3s - loss: 0.4667
- val_loss: 0.8989
- val_all_f1:  0.6815 0.6815 0.6815
- val_exp_f1:  0.9091 0.9091 0.9091
- val_non_f1:  0.6304 0.6242 0.6273

4096/4096 [==============================] - 266s - loss: 0.4644 - val_loss: 0.8989
Epoch 219/1000
4032/4096 [============================>.] - ETA: 3s - loss: 0.4514
- val_loss: 0.8469
- val_all_f1:  0.6893 0.6893 0.6893
- val_exp_f1:  0.8961 0.8961 0.8961
- val_non_f1:  0.6436 0.6373 0.6404

4096/4096 [==============================] - 267s - loss: 0.4481 - val_loss: 0.8469
Epoch 220/1000
4032/4096 [============================>.] - ETA: 4s - loss: 0.4594
- val_loss: 0.8815
- val_all_f1:  0.6789 0.6789 0.6789
- val_exp_f1:  0.9221 0.9221 0.9221
- val_non_f1:  0.6217 0.6176 0.6197

4096/4096 [==============================] - 274s - loss: 0.4665 - val_loss: 0.8815
Epoch 221/1000
4032/4096 [============================>.] - ETA: 3s - loss: 0.4305
- val_loss: 0.8541
- val_all_f1:  0.6658 0.6658 0.6658
- val_exp_f1:  0.9351 0.9351 0.9351
- val_non_f1:  0.6040 0.5980 0.6010

4096/4096 [==============================] - 268s - loss: 0.4311 - val_loss: 0.8541
Epoch 222/1000
4032/4096 [============================>.] - ETA: 4s - loss: 0.4411
- val_loss: 0.8945
- val_all_f1:  0.6710 0.6710 0.6710
- val_exp_f1:  0.9221 0.9221 0.9221
- val_non_f1:  0.6139 0.6078 0.6108

4096/4096 [==============================] - 274s - loss: 0.4421 - val_loss: 0.8945
Epoch 223/1000
4032/4096 [============================>.] - ETA: 4s - loss: 0.4365
- val_loss: 0.8782
- val_all_f1:  0.6841 0.6841 0.6841
- val_exp_f1:  0.9351 0.9351 0.9351
- val_non_f1:  0.6250 0.6209 0.6230

4096/4096 [==============================] - 276s - loss: 0.4382 - val_loss: 0.8782
Epoch 224/1000
4032/4096 [============================>.] - ETA: 4s - loss: 0.4469
- val_loss: 0.8595
- val_all_f1:  0.6893 0.6893 0.6893
- val_exp_f1:  0.9091 0.9091 0.9091
- val_non_f1:  0.6403 0.6340 0.6371

4096/4096 [==============================] - 275s - loss: 0.4466 - val_loss: 0.8595
Epoch 225/1000
4032/4096 [============================>.] - ETA: 4s - loss: 0.4897
- val_loss: 0.8537
- val_all_f1:  0.6971 0.6971 0.6971
- val_exp_f1:  0.9351 0.9351 0.9351
- val_non_f1:  0.6436 0.6373 0.6404

4096/4096 [==============================] - 278s - loss: 0.4906 - val_loss: 0.8537
Epoch 226/1000
4032/4096 [============================>.] - ETA: 4s - loss: 0.4649
- val_loss: 0.8762
- val_all_f1:  0.6841 0.6841 0.6841
- val_exp_f1:  0.9351 0.9351 0.9351
- val_non_f1:  0.6250 0.6209 0.6230

4096/4096 [==============================] - 275s - loss: 0.4678 - val_loss: 0.8762
Epoch 227/1000
4032/4096 [============================>.] - ETA: 4s - loss: 0.4595
- val_loss: 0.9241
- val_all_f1:  0.6945 0.6945 0.6945
- val_exp_f1:  0.9091 0.9091 0.9091
- val_non_f1:  0.6447 0.6405 0.6426

4096/4096 [==============================] - 277s - loss: 0.4588 - val_loss: 0.9241
Epoch 228/1000
4032/4096 [============================>.] - ETA: 4s - loss: 0.4787
- val_loss: 1.0140
- val_all_f1:  0.6945 0.6945 0.6945
- val_exp_f1:  0.9091 0.9091 0.9091
- val_non_f1:  0.6426 0.6405 0.6416

4096/4096 [==============================] - 279s - loss: 0.4781 - val_loss: 1.0140
Epoch 229/1000
4032/4096 [============================>.] - ETA: 4s - loss: 0.4873
- val_loss: 0.7796
- val_all_f1:  0.7128 0.7128 0.7128
- val_exp_f1:  0.8961 0.8961 0.8961
- val_non_f1:  0.6711 0.6667 0.6689

4096/4096 [==============================] - 269s - loss: 0.4852 - val_loss: 0.7796
Epoch 230/1000
4032/4096 [============================>.] - ETA: 3s - loss: 0.4548
- val_loss: 0.8321
- val_all_f1:  0.7050 0.7050 0.7050
- val_exp_f1:  0.9351 0.9351 0.9351
- val_non_f1:  0.6492 0.6471 0.6481

4096/4096 [==============================] - 267s - loss: 0.4594 - val_loss: 0.8321
Epoch 231/1000
4032/4096 [============================>.] - ETA: 3s - loss: 0.4546
- val_loss: 0.8678
- val_all_f1:  0.6919 0.6919 0.6919
- val_exp_f1:  0.9221 0.9221 0.9221
- val_non_f1:  0.6361 0.6340 0.6350

4096/4096 [==============================] - 262s - loss: 0.4557 - val_loss: 0.8678
Epoch 232/1000
4032/4096 [============================>.] - ETA: 3s - loss: 0.4550
- val_loss: 0.9513
- val_all_f1:  0.6867 0.6867 0.6867
- val_exp_f1:  0.8961 0.8961 0.8961
- val_non_f1:  0.6382 0.6340 0.6361

4096/4096 [==============================] - 261s - loss: 0.4543 - val_loss: 0.9513
Epoch 233/1000
4032/4096 [============================>.] - ETA: 3s - loss: 0.4808
- val_loss: 0.9766
- val_all_f1:  0.6658 0.6658 0.6658
- val_exp_f1:  0.9091 0.9091 0.9091
- val_non_f1:  0.6106 0.6046 0.6076

4096/4096 [==============================] - 265s - loss: 0.4783 - val_loss: 0.9766
Epoch 234/1000
4032/4096 [============================>.] - ETA: 3s - loss: 0.4396
- val_loss: 0.9209
- val_all_f1:  0.6736 0.6736 0.6736
- val_exp_f1:  0.9091 0.9091 0.9091
- val_non_f1:  0.6184 0.6144 0.6164

4096/4096 [==============================] - 263s - loss: 0.4428 - val_loss: 0.9209
Epoch 235/1000
4032/4096 [============================>.] - ETA: 3s - loss: 0.4241
- val_loss: 0.8370
- val_all_f1:  0.6815 0.6815 0.6815
- val_exp_f1:  0.8961 0.8961 0.8961
- val_non_f1:  0.6358 0.6275 0.6316

4096/4096 [==============================] - 258s - loss: 0.4261 - val_loss: 0.8370
Epoch 236/1000
4032/4096 [============================>.] - ETA: 3s - loss: 0.4839
- val_loss: 0.8664
- val_all_f1:  0.6867 0.6867 0.6867
- val_exp_f1:  0.8831 0.8831 0.8831
- val_non_f1:  0.6436 0.6373 0.6404

4096/4096 [==============================] - 261s - loss: 0.4805 - val_loss: 0.8664
Epoch 237/1000
4032/4096 [============================>.] - ETA: 4s - loss: 0.4566
- val_loss: 0.9281
- val_all_f1:  0.6815 0.6815 0.6815
- val_exp_f1:  0.8961 0.8961 0.8961
- val_non_f1:  0.6337 0.6275 0.6305

4096/4096 [==============================] - 273s - loss: 0.4568 - val_loss: 0.9281
Epoch 238/1000
4032/4096 [============================>.] - ETA: 3s - loss: 0.4537
- val_loss: 0.7952
- val_all_f1:  0.6971 0.6971 0.6971
- val_exp_f1:  0.9091 0.9091 0.9091
- val_non_f1:  0.6480 0.6438 0.6459

4096/4096 [==============================] - 259s - loss: 0.4535 - val_loss: 0.7952
Epoch 239/1000
4032/4096 [============================>.] - ETA: 3s - loss: 0.4732
- val_loss: 0.8183
- val_all_f1:  0.7023 0.7023 0.7023
- val_exp_f1:  0.8961 0.8961 0.8961
- val_non_f1:  0.6579 0.6536 0.6557

4096/4096 [==============================] - 261s - loss: 0.4720 - val_loss: 0.8183
[2019-04-10 00:47] training finished (ex/conll16st-v35-zhch-fd-4-rn-4-0)
[2019-04-10 00:47] best_val_loss: 228 - loss: 0.4852 - val_loss: 0.7796 - val_all_f1: 0.7128 - val_exp_f1: 0.8961 - val_non_f1: 0.6689
[2019-04-10 00:47] best_val_all_f1: 137 - loss: 0.5257 - val_loss: 0.8167 - val_all_f1: 0.7180 - val_exp_f1: 0.8701 - val_non_f1: 0.6831
[2019-04-10 00:47] time: loaded: 2.9382 - prepared: 409.4249 - trained: 70666.4456 - epoch: 2956.7550 - epoch_cnt: 23.9000 - epoch_samples: 40960.0000
