[2018-04-13 08:24] configuration (ex/conll16st-v35word2vec-en)
[2018-04-13 08:24]   config 'arg1_len': 100
[2018-04-13 08:24]   config 'arg2_len': 100
[2018-04-13 08:24]   config 'backend': theano
[2018-04-13 08:24]   config 'backend_theano': device=gpu,floatX=float32,nvcc.fastmath=True,lib.cnmem=0.45
[2018-04-13 08:24]   config 'batch_size': 64
[2018-04-13 08:24]   config 'conn_len': 10
[2018-04-13 08:24]   config 'continue_': False
[2018-04-13 08:24]   config 'curriculum_end': 0.0
[2018-04-13 08:24]   config 'epochs': 1000
[2018-04-13 08:24]   config 'epochs_patience': 100
[2018-04-13 08:24]   config 'epochs_ratio': 0.1
[2018-04-13 08:24]   config 'filter_act': sigmoid
[2018-04-13 08:24]   config 'filter_append_act': linear
[2018-04-13 08:24]   config 'filter_append_batchnorm': False
[2018-04-13 08:24]   config 'filter_append_dim': 0
[2018-04-13 08:24]   config 'filter_append_dropout': 0.0
[2018-04-13 08:24]   config 'filter_apply': mul
[2018-04-13 08:24]   config 'filter_dim': 8
[2018-04-13 08:24]   config 'filter_dropout_U': 0.0
[2018-04-13 08:24]   config 'filter_dropout_W': 0.0
[2018-04-13 08:24]   config 'filter_fn_name': None
[2018-04-13 08:24]   config 'filter_shared': global
[2018-04-13 08:24]   config 'filter_type': lstm-fb
[2018-04-13 08:24]   config 'filter_zoneout_c': 0.0
[2018-04-13 08:24]   config 'filter_zoneout_h': 0.0
[2018-04-13 08:24]   config 'final_act': SReLU
[2018-04-13 08:24]   config 'final_dim': 80
[2018-04-13 08:24]   config 'final_dropout': 0.3
[2018-04-13 08:24]   config 'lang': en
[2018-04-13 08:24]   config 'masking': True
[2018-04-13 08:24]   config 'mode': word
[2018-04-13 08:24]   config 'model_dir': ex/conll16st-v35word2vec-en
[2018-04-13 08:24]   config 'optimizer': adam
[2018-04-13 08:24]   config 'original_positives': 0
[2018-04-13 08:24]   config 'punc_len': 0
[2018-04-13 08:24]   config 'random_negatives': 2
[2018-04-13 08:24]   config 'random_positives': 2
[2018-04-13 08:24]   config 'random_proba_1': 0.1
[2018-04-13 08:24]   config 'random_proba_2': 0.1
[2018-04-13 08:24]   config 'random_proba_3': 0.9
[2018-04-13 08:24]   config 'rnn_act': tanh
[2018-04-13 08:24]   config 'rnn_dim': 20
[2018-04-13 08:24]   config 'rnn_dropout_U': 0.0
[2018-04-13 08:24]   config 'rnn_dropout_W': 0.0
[2018-04-13 08:24]   config 'rnn_dropout_merge': 0.3
[2018-04-13 08:24]   config 'rnn_merge': concat
[2018-04-13 08:24]   config 'rnn_num': 8
[2018-04-13 08:24]   config 'rnn_shared': aspect
[2018-04-13 08:24]   config 'rnn_type': lstm-fwd
[2018-04-13 08:24]   config 'rnn_zoneout_c': 0.0
[2018-04-13 08:24]   config 'rnn_zoneout_h': 0.0
[2018-04-13 08:24]   config 'snapshot_size': 2048
[2018-04-13 08:24]   config 'train_dir': data/conll16st-en-03-29-16-train
[2018-04-13 08:24]   config 'valid_dir': data/conll16st-en-03-29-16-dev
[2018-04-13 08:24]   config 'words2vec_bin': ./data/word2vec-en/GoogleNews-vectors-negative300.bin.gz
[2018-04-13 08:24]   config 'words2vec_txt': None
[2018-04-13 08:24]   config 'words_dim': 300
[2018-04-13 08:24]   config 'words_dropout': 0.3
[2018-04-13 08:24]   config 'words_shared': global
[2018-04-13 08:24]   config 'words_trainable': True
[2018-04-13 08:24] load dataset for training (data/conll16st-en-03-29-16-train)
[2018-04-13 08:27]   lang: en, doc_ids: 1756, words: 933049, rel_ids: 32535, relation tokens: 1159204
[2018-04-13 08:27] load dataset for validation (data/conll16st-en-03-29-16-dev)
[2018-04-13 08:28]   lang: en, doc_ids: 79, words: 39712, rel_ids: 1436, relation tokens: 48882
[2018-04-13 08:28] build indexes from training
[2018-04-13 08:28]   words2id: 43918, target2id: 23
[2018-04-13 08:28] load pre-trained word2vec embeddings
[2018-04-13 08:28] Fast version of gensim.models.doc2vec is being used
[2018-04-13 08:28] 'pattern' package found; tag filters are available for English
[2018-04-13 08:28] loading projection weights from ./data/word2vec-en/GoogleNews-vectors-negative300.bin.gz
[2018-04-13 08:28] {'kw': {}, 'mode': 'rb', 'uri': './data/word2vec-en/GoogleNews-vectors-negative300.bin.gz'}
[2018-04-13 08:28] encoding_wrapper: {'errors': 'strict', 'mode': 'rb', 'fileobj': <gzip open file './data/word2vec-en/GoogleNews-vectors-negative300.bin.gz', mode 'rb' at 0x7ff504b521e0 0x7ff504392f90>, 'encoding': None}
[2018-04-13 08:28] Fast version of gensim.models.word2vec is being used
[2018-04-13 08:29] loaded (3000000, 300) matrix from ./data/word2vec-en/GoogleNews-vectors-negative300.bin.gz
[2018-04-13 08:29] target class distribution from training
[2018-04-13 08:29]   class 0 = 'None': None
[2018-04-13 08:29]   class 1 = '': None
[2018-04-13 08:29]   class 2 = 'Expansion.Conjunction': 7817
[2018-04-13 08:29]   class 3 = 'Comparison.Contrast': 4714
[2018-04-13 08:29]   class 4 = 'EntRel': 4133
[2018-04-13 08:29]   class 5 = 'Contingency.Cause.Reason': 3344
[2018-04-13 08:29]   class 6 = 'Expansion.Restatement': 2699
[2018-04-13 08:29]   class 7 = 'Contingency.Cause.Result': 2137
[2018-04-13 08:29]   class 8 = 'Temporal.Synchrony': 1499
[2018-04-13 08:29]   class 9 = 'Expansion.Instantiation': 1403
[2018-04-13 08:29]   class 10 = 'Comparison.Concession': 1293
[2018-04-13 08:29]   class 11 = 'Temporal.Asynchronous.Precedence': 1277
[2018-04-13 08:29]   class 12 = 'Contingency.Condition': 1197
[2018-04-13 08:29]   class 13 = 'Temporal.Asynchronous.Succession': 1014
[2018-04-13 08:29]   class 14 = 'Comparison': 992
[2018-04-13 08:29]   class 15 = 'Expansion': 630
[2018-04-13 08:29]   class 16 = 'Expansion.Alternative.Chosen alternative': 241
[2018-04-13 08:29]   class 17 = 'Expansion.Alternative': 210
[2018-04-13 08:29]   class 18 = 'Temporal': 27
[2018-04-13 08:29]   class 19 = 'Contingency': 24
[2018-04-13 08:29]   class 20 = 'Expansion.Exception': 15
[2018-04-13 08:29]   class 21 = 'Temporal.Asynchronous': 6
[2018-04-13 08:29]   class 22 = 'Contingency.Cause': 2
[2018-04-13 08:29] build model
____________________________________________________________________________________________________
Layer (type)                     Output Shape          Param #     Connected to                     
====================================================================================================
arg1_ids (InputLayer)            (None, 100)           0                                            
____________________________________________________________________________________________________
arg2_ids (InputLayer)            (None, 100)           0                                            
____________________________________________________________________________________________________
conn_ids (InputLayer)            (None, 10)            0                                            
____________________________________________________________________________________________________
embedding_1 (Embedding)          multiple              13175400    arg1_ids[0][0]                   
                                                                   arg2_ids[0][0]                   
                                                                   conn_ids[0][0]                   
____________________________________________________________________________________________________
shareablelstm_1 (ShareableLSTM)  multiple              9888        embedding_1[0][0]                
                                                                   embedding_1[1][0]                
                                                                   embedding_1[2][0]                
____________________________________________________________________________________________________
shareablelstm_2 (ShareableLSTM)  multiple              9888        embedding_1[0][0]                
                                                                   embedding_1[1][0]                
                                                                   embedding_1[2][0]                
____________________________________________________________________________________________________
merge_1 (Merge)                  (None, 100, 8)        0           shareablelstm_1[0][0]            
                                                                   shareablelstm_2[0][0]            
____________________________________________________________________________________________________
merge_11 (Merge)                 (None, 100, 8)        0           shareablelstm_1[1][0]            
                                                                   shareablelstm_2[1][0]            
____________________________________________________________________________________________________
merge_21 (Merge)                 (None, 10, 8)         0           shareablelstm_1[2][0]            
                                                                   shareablelstm_2[2][0]            
____________________________________________________________________________________________________
arg1_filters (Activation)        (None, 100, 8)        0           merge_1[0][0]                    
____________________________________________________________________________________________________
arg2_filters (Activation)        (None, 100, 8)        0           merge_11[0][0]                   
____________________________________________________________________________________________________
conn_filters (Activation)        (None, 10, 8)         0           merge_21[0][0]                   
____________________________________________________________________________________________________
merge_2 (Merge)                  (None, 100, 300)      0           embedding_1[0][0]                
                                                                   arg1_filters[0][0]               
____________________________________________________________________________________________________
merge_3 (Merge)                  (None, 100, 300)      0           embedding_1[0][0]                
                                                                   arg1_filters[0][0]               
____________________________________________________________________________________________________
merge_4 (Merge)                  (None, 100, 300)      0           embedding_1[0][0]                
                                                                   arg1_filters[0][0]               
____________________________________________________________________________________________________
merge_5 (Merge)                  (None, 100, 300)      0           embedding_1[0][0]                
                                                                   arg1_filters[0][0]               
____________________________________________________________________________________________________
merge_6 (Merge)                  (None, 100, 300)      0           embedding_1[0][0]                
                                                                   arg1_filters[0][0]               
____________________________________________________________________________________________________
merge_7 (Merge)                  (None, 100, 300)      0           embedding_1[0][0]                
                                                                   arg1_filters[0][0]               
____________________________________________________________________________________________________
merge_8 (Merge)                  (None, 100, 300)      0           embedding_1[0][0]                
                                                                   arg1_filters[0][0]               
____________________________________________________________________________________________________
merge_9 (Merge)                  (None, 100, 300)      0           embedding_1[0][0]                
                                                                   arg1_filters[0][0]               
____________________________________________________________________________________________________
merge_12 (Merge)                 (None, 100, 300)      0           embedding_1[1][0]                
                                                                   arg2_filters[0][0]               
____________________________________________________________________________________________________
merge_13 (Merge)                 (None, 100, 300)      0           embedding_1[1][0]                
                                                                   arg2_filters[0][0]               
____________________________________________________________________________________________________
merge_14 (Merge)                 (None, 100, 300)      0           embedding_1[1][0]                
                                                                   arg2_filters[0][0]               
____________________________________________________________________________________________________
merge_15 (Merge)                 (None, 100, 300)      0           embedding_1[1][0]                
                                                                   arg2_filters[0][0]               
____________________________________________________________________________________________________
merge_16 (Merge)                 (None, 100, 300)      0           embedding_1[1][0]                
                                                                   arg2_filters[0][0]               
____________________________________________________________________________________________________
merge_17 (Merge)                 (None, 100, 300)      0           embedding_1[1][0]                
                                                                   arg2_filters[0][0]               
____________________________________________________________________________________________________
merge_18 (Merge)                 (None, 100, 300)      0           embedding_1[1][0]                
                                                                   arg2_filters[0][0]               
____________________________________________________________________________________________________
merge_19 (Merge)                 (None, 100, 300)      0           embedding_1[1][0]                
                                                                   arg2_filters[0][0]               
____________________________________________________________________________________________________
merge_22 (Merge)                 (None, 10, 300)       0           embedding_1[2][0]                
                                                                   conn_filters[0][0]               
____________________________________________________________________________________________________
merge_23 (Merge)                 (None, 10, 300)       0           embedding_1[2][0]                
                                                                   conn_filters[0][0]               
____________________________________________________________________________________________________
merge_24 (Merge)                 (None, 10, 300)       0           embedding_1[2][0]                
                                                                   conn_filters[0][0]               
____________________________________________________________________________________________________
merge_25 (Merge)                 (None, 10, 300)       0           embedding_1[2][0]                
                                                                   conn_filters[0][0]               
____________________________________________________________________________________________________
merge_26 (Merge)                 (None, 10, 300)       0           embedding_1[2][0]                
                                                                   conn_filters[0][0]               
____________________________________________________________________________________________________
merge_27 (Merge)                 (None, 10, 300)       0           embedding_1[2][0]                
                                                                   conn_filters[0][0]               
____________________________________________________________________________________________________
merge_28 (Merge)                 (None, 10, 300)       0           embedding_1[2][0]                
                                                                   conn_filters[0][0]               
____________________________________________________________________________________________________
merge_29 (Merge)                 (None, 10, 300)       0           embedding_1[2][0]                
                                                                   conn_filters[0][0]               
____________________________________________________________________________________________________
shareablelstm_3 (ShareableLSTM)  (None, 20)            25680       merge_2[0][0]                    
                                                                   merge_12[0][0]                   
                                                                   merge_22[0][0]                   
____________________________________________________________________________________________________
shareablelstm_5 (ShareableLSTM)  (None, 20)            25680       merge_3[0][0]                    
                                                                   merge_13[0][0]                   
                                                                   merge_23[0][0]                   
____________________________________________________________________________________________________
shareablelstm_7 (ShareableLSTM)  (None, 20)            25680       merge_4[0][0]                    
                                                                   merge_14[0][0]                   
                                                                   merge_24[0][0]                   
____________________________________________________________________________________________________
shareablelstm_9 (ShareableLSTM)  (None, 20)            25680       merge_5[0][0]                    
                                                                   merge_15[0][0]                   
                                                                   merge_25[0][0]                   
____________________________________________________________________________________________________
shareablelstm_11 (ShareableLSTM) (None, 20)            25680       merge_6[0][0]                    
                                                                   merge_16[0][0]                   
                                                                   merge_26[0][0]                   
____________________________________________________________________________________________________
shareablelstm_13 (ShareableLSTM) (None, 20)            25680       merge_7[0][0]                    
                                                                   merge_17[0][0]                   
                                                                   merge_27[0][0]                   
____________________________________________________________________________________________________
shareablelstm_15 (ShareableLSTM) (None, 20)            25680       merge_8[0][0]                    
                                                                   merge_18[0][0]                   
                                                                   merge_28[0][0]                   
____________________________________________________________________________________________________
shareablelstm_17 (ShareableLSTM) (None, 20)            25680       merge_9[0][0]                    
                                                                   merge_19[0][0]                   
                                                                   merge_29[0][0]                   
____________________________________________________________________________________________________
merge_10 (Merge)                 (None, 160)           0           shareablelstm_3[0][0]            
                                                                   shareablelstm_5[0][0]            
                                                                   shareablelstm_7[0][0]            
                                                                   shareablelstm_9[0][0]            
                                                                   shareablelstm_11[0][0]           
                                                                   shareablelstm_13[0][0]           
                                                                   shareablelstm_15[0][0]           
                                                                   shareablelstm_17[0][0]           
____________________________________________________________________________________________________
merge_20 (Merge)                 (None, 160)           0           shareablelstm_3[1][0]            
                                                                   shareablelstm_5[1][0]            
                                                                   shareablelstm_7[1][0]            
                                                                   shareablelstm_9[1][0]            
                                                                   shareablelstm_11[1][0]           
                                                                   shareablelstm_13[1][0]           
                                                                   shareablelstm_15[1][0]           
                                                                   shareablelstm_17[1][0]           
____________________________________________________________________________________________________
merge_30 (Merge)                 (None, 160)           0           shareablelstm_3[2][0]            
                                                                   shareablelstm_5[2][0]            
                                                                   shareablelstm_7[2][0]            
                                                                   shareablelstm_9[2][0]            
                                                                   shareablelstm_11[2][0]           
                                                                   shareablelstm_13[2][0]           
                                                                   shareablelstm_15[2][0]           
                                                                   shareablelstm_17[2][0]           
____________________________________________________________________________________________________
dropout_1 (Dropout)              (None, 160)           0           merge_10[0][0]                   
____________________________________________________________________________________________________
dropout_2 (Dropout)              (None, 160)           0           merge_20[0][0]                   
____________________________________________________________________________________________________
dropout_3 (Dropout)              (None, 160)           0           merge_30[0][0]                   
____________________________________________________________________________________________________
merge_31 (Merge)                 (None, 480)           0           dropout_1[0][0]                  
                                                                   dropout_2[0][0]                  
                                                                   dropout_3[0][0]                  
____________________________________________________________________________________________________
dense_1 (Dense)                  (None, 80)            38480       merge_31[0][0]                   
____________________________________________________________________________________________________
srelu_1 (SReLU)                  (None, 80)            320         dense_1[0][0]                    
____________________________________________________________________________________________________
dropout_4 (Dropout)              (None, 80)            0           srelu_1[0][0]                    
____________________________________________________________________________________________________
dense_2 (Dense)                  (None, 23)            1863        dropout_4[0][0]                  
____________________________________________________________________________________________________
target (Activation)              (None, 23)            0           dense_2[0][0]                    
====================================================================================================
Total params: 13,441,279
Trainable params: 13,441,279
Non-trainable params: 0
____________________________________________________________________________________________________
[2018-04-13 08:37] initialize weights
[2018-04-13 08:37] training preparation
[2018-04-13 08:37] train model (ex/conll16st-v35word2vec-en)
Epoch 1/1000
12992/13056 [============================>.] - ETA: 0s - loss: 1.9391
- val_loss: 2.5999
- val_all_f1:  0.2202 0.2202 0.2202
- val_exp_f1:  0.2807 0.2807 0.2807
- val_non_f1:  0.1669 0.1669 0.1669

13056/13056 [==============================] - 180s - loss: 1.9370 - val_loss: 2.5999
Epoch 2/1000
12992/13056 [============================>.] - ETA: 0s - loss: 1.3907
- val_loss: 2.3090
- val_all_f1:  0.3281 0.3281 0.3281
- val_exp_f1:  0.3778 0.3778 0.3778
- val_non_f1:  0.2844 0.2844 0.2844

13056/13056 [==============================] - 176s - loss: 1.3892 - val_loss: 2.3090
Epoch 3/1000
12992/13056 [============================>.] - ETA: 0s - loss: 1.2600
- val_loss: 2.2261
- val_all_f1:  0.3331 0.3331 0.3331
- val_exp_f1:  0.3824 0.3824 0.3824
- val_non_f1:  0.2897 0.2897 0.2897

13056/13056 [==============================] - 178s - loss: 1.2613 - val_loss: 2.2261
Epoch 4/1000
12992/13056 [============================>.] - ETA: 0s - loss: 1.1892
- val_loss: 2.0600
- val_all_f1:  0.3821 0.3821 0.3821
- val_exp_f1:  0.5797 0.5797 0.5797
- val_non_f1:  0.2083 0.2083 0.2083

13056/13056 [==============================] - 176s - loss: 1.1894 - val_loss: 2.0600
Epoch 5/1000
12992/13056 [============================>.] - ETA: 0s - loss: 1.1158
- val_loss: 1.9602
- val_all_f1:  0.3892 0.3892 0.3892
- val_exp_f1:  0.6464 0.6464 0.6464
- val_non_f1:  0.1631 0.1629 0.1630

13056/13056 [==============================] - 177s - loss: 1.1173 - val_loss: 1.9602
Epoch 6/1000
12992/13056 [============================>.] - ETA: 0s - loss: 1.0773
- val_loss: 1.8288
- val_all_f1:  0.4325 0.4325 0.4325
- val_exp_f1:  0.7299 0.7299 0.7299
- val_non_f1:  0.1711 0.1709 0.1710

13056/13056 [==============================] - 176s - loss: 1.0772 - val_loss: 1.8288
Epoch 7/1000
12992/13056 [============================>.] - ETA: 0s - loss: 1.0481
- val_loss: 1.7732
- val_all_f1:  0.4616 0.4616 0.4616
- val_exp_f1:  0.7967 0.7967 0.7967
- val_non_f1:  0.1671 0.1669 0.1670

13056/13056 [==============================] - 180s - loss: 1.0483 - val_loss: 1.7732
Epoch 8/1000
12992/13056 [============================>.] - ETA: 0s - loss: 1.0304
- val_loss: 1.6739
- val_all_f1:  0.4695 0.4695 0.4695
- val_exp_f1:  0.8164 0.8164 0.8164
- val_non_f1:  0.1644 0.1642 0.1643

13056/13056 [==============================] - 180s - loss: 1.0327 - val_loss: 1.6739
Epoch 9/1000
12992/13056 [============================>.] - ETA: 0s - loss: 1.0386
- val_loss: 1.6432
- val_all_f1:  0.5305 0.5305 0.5305
- val_exp_f1:  0.8042 0.8042 0.8042
- val_non_f1:  0.2901 0.2897 0.2899

13056/13056 [==============================] - 179s - loss: 1.0375 - val_loss: 1.6432
Epoch 10/1000
12992/13056 [============================>.] - ETA: 0s - loss: 0.9914
- val_loss: 1.6203
- val_all_f1:  0.5476 0.5476 0.5476
- val_exp_f1:  0.8437 0.8437 0.8437
- val_non_f1:  0.2874 0.2870 0.2872

13056/13056 [==============================] - 179s - loss: 0.9913 - val_loss: 1.6203
Epoch 11/1000
12992/13056 [============================>.] - ETA: 0s - loss: 0.9815
- val_loss: 1.5561
- val_all_f1:  0.5504 0.5504 0.5504
- val_exp_f1:  0.8513 0.8513 0.8513
- val_non_f1:  0.2861 0.2857 0.2859

13056/13056 [==============================] - 179s - loss: 0.9817 - val_loss: 1.5561
Epoch 12/1000
12992/13056 [============================>.] - ETA: 0s - loss: 0.9816
- val_loss: 1.5760
- val_all_f1:  0.5213 0.5213 0.5213
- val_exp_f1:  0.8634 0.8634 0.8634
- val_non_f1:  0.2206 0.2203 0.2204

13056/13056 [==============================] - 179s - loss: 0.9809 - val_loss: 1.5760
Epoch 13/1000
12992/13056 [============================>.] - ETA: 0s - loss: 0.9683
- val_loss: 1.5693
- val_all_f1:  0.5256 0.5256 0.5256
- val_exp_f1:  0.8649 0.8649 0.8649
- val_non_f1:  0.2273 0.2270 0.2271

13056/13056 [==============================] - 178s - loss: 0.9674 - val_loss: 1.5693
Epoch 14/1000
12992/13056 [============================>.] - ETA: 0s - loss: 0.9710
- val_loss: 1.5749
- val_all_f1:  0.5206 0.5206 0.5206
- val_exp_f1:  0.8832 0.8832 0.8832
- val_non_f1:  0.2019 0.2016 0.2017

13056/13056 [==============================] - 178s - loss: 0.9693 - val_loss: 1.5749
Epoch 15/1000
12992/13056 [============================>.] - ETA: 0s - loss: 0.9494
- val_loss: 1.5432
- val_all_f1:  0.5504 0.5504 0.5504
- val_exp_f1:  0.8938 0.8938 0.8938
- val_non_f1:  0.2487 0.2483 0.2485

13056/13056 [==============================] - 179s - loss: 0.9505 - val_loss: 1.5432
Epoch 16/1000
12992/13056 [============================>.] - ETA: 0s - loss: 0.9387
- val_loss: 1.5511
- val_all_f1:  0.5241 0.5241 0.5241
- val_exp_f1:  0.8892 0.8892 0.8892
- val_non_f1:  0.2032 0.2029 0.2031

13056/13056 [==============================] - 179s - loss: 0.9385 - val_loss: 1.5511
Epoch 17/1000
12992/13056 [============================>.] - ETA: 0s - loss: 0.9589
- val_loss: 1.5952
- val_all_f1:  0.5092 0.5092 0.5092
- val_exp_f1:  0.8938 0.8938 0.8938
- val_non_f1:  0.1714 0.1709 0.1711

13056/13056 [==============================] - 179s - loss: 0.9579 - val_loss: 1.5952
Epoch 18/1000
12992/13056 [============================>.] - ETA: 0s - loss: 0.9556
- val_loss: 1.5089
- val_all_f1:  0.5462 0.5462 0.5462
- val_exp_f1:  0.8953 0.8953 0.8953
- val_non_f1:  0.2390 0.2390 0.2390

13056/13056 [==============================] - 179s - loss: 0.9554 - val_loss: 1.5089
Epoch 19/1000
12992/13056 [============================>.] - ETA: 0s - loss: 0.9427
- val_loss: 1.5896
- val_all_f1:  0.5099 0.5099 0.5099
- val_exp_f1:  0.8892 0.8892 0.8892
- val_non_f1:  0.1762 0.1762 0.1762

13056/13056 [==============================] - 179s - loss: 0.9426 - val_loss: 1.5896
Epoch 20/1000
12992/13056 [============================>.] - ETA: 0s - loss: 0.9294
- val_loss: 1.5597
- val_all_f1:  0.5327 0.5327 0.5327
- val_exp_f1:  0.9014 0.9014 0.9014
- val_non_f1:  0.2083 0.2083 0.2083

13056/13056 [==============================] - 179s - loss: 0.9303 - val_loss: 1.5597
Epoch 21/1000
12992/13056 [============================>.] - ETA: 0s - loss: 0.9221
- val_loss: 1.5262
- val_all_f1:  0.5405 0.5405 0.5405
- val_exp_f1:  0.8938 0.8938 0.8938
- val_non_f1:  0.2299 0.2296 0.2298

13056/13056 [==============================] - 179s - loss: 0.9216 - val_loss: 1.5262
Epoch 22/1000
12992/13056 [============================>.] - ETA: 0s - loss: 0.9037
- val_loss: 1.5156
- val_all_f1:  0.5504 0.5504 0.5504
- val_exp_f1:  0.8953 0.8953 0.8953
- val_non_f1:  0.2470 0.2470 0.2470

13056/13056 [==============================] - 178s - loss: 0.9022 - val_loss: 1.5156
Epoch 23/1000
12992/13056 [============================>.] - ETA: 0s - loss: 0.9147
- val_loss: 1.5537
- val_all_f1:  0.5483 0.5483 0.5483
- val_exp_f1:  0.8923 0.8923 0.8923
- val_non_f1:  0.2460 0.2457 0.2458

13056/13056 [==============================] - 175s - loss: 0.9148 - val_loss: 1.5537
Epoch 24/1000
12992/13056 [============================>.] - ETA: 0s - loss: 0.9190
- val_loss: 1.5420
- val_all_f1:  0.5518 0.5518 0.5518
- val_exp_f1:  0.9120 0.9120 0.9120
- val_non_f1:  0.2350 0.2350 0.2350

13056/13056 [==============================] - 179s - loss: 0.9192 - val_loss: 1.5420
Epoch 25/1000
12992/13056 [============================>.] - ETA: 0s - loss: 0.9179
- val_loss: 1.4896
- val_all_f1:  0.5689 0.5689 0.5689
- val_exp_f1:  0.9014 0.9014 0.9014
- val_non_f1:  0.2764 0.2764 0.2764

13056/13056 [==============================] - 177s - loss: 0.9165 - val_loss: 1.4896
Epoch 26/1000
12992/13056 [============================>.] - ETA: 0s - loss: 0.9020
- val_loss: 1.5652
- val_all_f1:  0.5469 0.5469 0.5469
- val_exp_f1:  0.9044 0.9044 0.9044
- val_non_f1:  0.2323 0.2323 0.2323

13056/13056 [==============================] - 175s - loss: 0.9013 - val_loss: 1.5652
Epoch 27/1000
12992/13056 [============================>.] - ETA: 0s - loss: 0.8656
- val_loss: 1.4889
- val_all_f1:  0.5433 0.5433 0.5433
- val_exp_f1:  0.9029 0.9029 0.9029
- val_non_f1:  0.2270 0.2270 0.2270

13056/13056 [==============================] - 176s - loss: 0.8651 - val_loss: 1.4889
Epoch 28/1000
12992/13056 [============================>.] - ETA: 0s - loss: 0.8826
- val_loss: 1.5227
- val_all_f1:  0.5575 0.5575 0.5575
- val_exp_f1:  0.9059 0.9059 0.9059
- val_non_f1:  0.2510 0.2510 0.2510

13056/13056 [==============================] - 175s - loss: 0.8822 - val_loss: 1.5227
Epoch 29/1000
12992/13056 [============================>.] - ETA: 0s - loss: 0.8905
- val_loss: 1.5669
- val_all_f1:  0.5405 0.5405 0.5405
- val_exp_f1:  0.9029 0.9029 0.9029
- val_non_f1:  0.2216 0.2216 0.2216

13056/13056 [==============================] - 176s - loss: 0.8896 - val_loss: 1.5669
Epoch 30/1000
12992/13056 [============================>.] - ETA: 0s - loss: 0.8881
- val_loss: 1.5404
- val_all_f1:  0.5426 0.5426 0.5426
- val_exp_f1:  0.9014 0.9014 0.9014
- val_non_f1:  0.2270 0.2270 0.2270

13056/13056 [==============================] - 175s - loss: 0.8872 - val_loss: 1.5404
Epoch 31/1000
12992/13056 [============================>.] - ETA: 0s - loss: 0.8632
- val_loss: 1.5060
- val_all_f1:  0.5540 0.5540 0.5540
- val_exp_f1:  0.9059 0.9059 0.9059
- val_non_f1:  0.2443 0.2443 0.2443

13056/13056 [==============================] - 175s - loss: 0.8652 - val_loss: 1.5060
Epoch 32/1000
12992/13056 [============================>.] - ETA: 0s - loss: 0.8610
- val_loss: 1.5965
- val_all_f1:  0.5270 0.5270 0.5270
- val_exp_f1:  0.9014 0.9014 0.9014
- val_non_f1:  0.1981 0.1976 0.1979

13056/13056 [==============================] - 175s - loss: 0.8613 - val_loss: 1.5965
Epoch 33/1000
12992/13056 [============================>.] - ETA: 0s - loss: 0.8725
- val_loss: 1.5070
- val_all_f1:  0.5504 0.5504 0.5504
- val_exp_f1:  0.9074 0.9074 0.9074
- val_non_f1:  0.2363 0.2363 0.2363

13056/13056 [==============================] - 175s - loss: 0.8715 - val_loss: 1.5070
Epoch 34/1000
12992/13056 [============================>.] - ETA: 0s - loss: 0.8495
- val_loss: 1.5552
- val_all_f1:  0.5490 0.5490 0.5490
- val_exp_f1:  0.8923 0.8923 0.8923
- val_non_f1:  0.2473 0.2470 0.2472

13056/13056 [==============================] - 175s - loss: 0.8491 - val_loss: 1.5552
Epoch 35/1000
12992/13056 [============================>.] - ETA: 0s - loss: 0.8529
- val_loss: 1.6013
- val_all_f1:  0.5178 0.5178 0.5178
- val_exp_f1:  0.8938 0.8938 0.8938
- val_non_f1:  0.1869 0.1869 0.1869

13056/13056 [==============================] - 175s - loss: 0.8523 - val_loss: 1.6013
Epoch 36/1000
12992/13056 [============================>.] - ETA: 0s - loss: 0.8873
- val_loss: 1.4711
- val_all_f1:  0.5604 0.5604 0.5604
- val_exp_f1:  0.9105 0.9105 0.9105
- val_non_f1:  0.2523 0.2523 0.2523

13056/13056 [==============================] - 175s - loss: 0.8868 - val_loss: 1.4711
Epoch 37/1000
12992/13056 [============================>.] - ETA: 0s - loss: 0.8460
- val_loss: 1.4523
- val_all_f1:  0.5795 0.5795 0.5795
- val_exp_f1:  0.9105 0.9105 0.9105
- val_non_f1:  0.2884 0.2884 0.2884

13056/13056 [==============================] - 176s - loss: 0.8454 - val_loss: 1.4523
Epoch 38/1000
12992/13056 [============================>.] - ETA: 0s - loss: 0.8784
- val_loss: 1.5211
- val_all_f1:  0.5483 0.5483 0.5483
- val_exp_f1:  0.9120 0.9120 0.9120
- val_non_f1:  0.2283 0.2283 0.2283

13056/13056 [==============================] - 175s - loss: 0.8775 - val_loss: 1.5211
Epoch 39/1000
12992/13056 [============================>.] - ETA: 0s - loss: 0.8750
- val_loss: 1.5016
- val_all_f1:  0.5547 0.5547 0.5547
- val_exp_f1:  0.9059 0.9059 0.9059
- val_non_f1:  0.2457 0.2457 0.2457

13056/13056 [==============================] - 175s - loss: 0.8757 - val_loss: 1.5016
Epoch 40/1000
12992/13056 [============================>.] - ETA: 0s - loss: 0.8522
- val_loss: 1.4811
- val_all_f1:  0.5540 0.5540 0.5540
- val_exp_f1:  0.9044 0.9044 0.9044
- val_non_f1:  0.2457 0.2457 0.2457

13056/13056 [==============================] - 175s - loss: 0.8526 - val_loss: 1.4811
Epoch 41/1000
12992/13056 [============================>.] - ETA: 0s - loss: 0.8088
- val_loss: 1.4941
- val_all_f1:  0.5483 0.5483 0.5483
- val_exp_f1:  0.9014 0.9014 0.9014
- val_non_f1:  0.2377 0.2377 0.2377

13056/13056 [==============================] - 175s - loss: 0.8075 - val_loss: 1.4941
Epoch 42/1000
12992/13056 [============================>.] - ETA: 0s - loss: 0.8406
- val_loss: 1.5061
- val_all_f1:  0.5483 0.5483 0.5483
- val_exp_f1:  0.9059 0.9059 0.9059
- val_non_f1:  0.2336 0.2336 0.2336

13056/13056 [==============================] - 175s - loss: 0.8406 - val_loss: 1.5061
Epoch 43/1000
12992/13056 [============================>.] - ETA: 0s - loss: 0.8137
- val_loss: 1.5179
- val_all_f1:  0.5355 0.5355 0.5355
- val_exp_f1:  0.8847 0.8847 0.8847
- val_non_f1:  0.2283 0.2283 0.2283

13056/13056 [==============================] - 175s - loss: 0.8139 - val_loss: 1.5179
Epoch 44/1000
12992/13056 [============================>.] - ETA: 0s - loss: 0.8482
- val_loss: 1.4666
- val_all_f1:  0.5639 0.5639 0.5639
- val_exp_f1:  0.9090 0.9090 0.9090
- val_non_f1:  0.2603 0.2603 0.2603

13056/13056 [==============================] - 175s - loss: 0.8493 - val_loss: 1.4666
Epoch 45/1000
12992/13056 [============================>.] - ETA: 0s - loss: 0.8435
- val_loss: 1.4550
- val_all_f1:  0.5668 0.5668 0.5668
- val_exp_f1:  0.9105 0.9105 0.9105
- val_non_f1:  0.2644 0.2644 0.2644

13056/13056 [==============================] - 175s - loss: 0.8435 - val_loss: 1.4550
Epoch 46/1000
12992/13056 [============================>.] - ETA: 0s - loss: 0.8224
- val_loss: 1.5002
- val_all_f1:  0.5554 0.5554 0.5554
- val_exp_f1:  0.9044 0.9044 0.9044
- val_non_f1:  0.2483 0.2483 0.2483

13056/13056 [==============================] - 175s - loss: 0.8212 - val_loss: 1.5002
Epoch 47/1000
12992/13056 [============================>.] - ETA: 0s - loss: 0.8296
- val_loss: 1.4752
- val_all_f1:  0.5476 0.5476 0.5476
- val_exp_f1:  0.8983 0.8983 0.8983
- val_non_f1:  0.2390 0.2390 0.2390

13056/13056 [==============================] - 175s - loss: 0.8305 - val_loss: 1.4752
Epoch 48/1000
12992/13056 [============================>.] - ETA: 0s - loss: 0.8672
- val_loss: 1.4371
- val_all_f1:  0.5838 0.5838 0.5838
- val_exp_f1:  0.9014 0.9014 0.9014
- val_non_f1:  0.3044 0.3044 0.3044

13056/13056 [==============================] - 175s - loss: 0.8666 - val_loss: 1.4371
Epoch 49/1000
12992/13056 [============================>.] - ETA: 0s - loss: 0.8404
- val_loss: 1.4741
- val_all_f1:  0.5639 0.5639 0.5639
- val_exp_f1:  0.8907 0.8907 0.8907
- val_non_f1:  0.2764 0.2764 0.2764

13056/13056 [==============================] - 175s - loss: 0.8413 - val_loss: 1.4741
Epoch 50/1000
12992/13056 [============================>.] - ETA: 0s - loss: 0.8417
- val_loss: 1.4966
- val_all_f1:  0.5568 0.5568 0.5568
- val_exp_f1:  0.8938 0.8938 0.8938
- val_non_f1:  0.2607 0.2603 0.2605

13056/13056 [==============================] - 175s - loss: 0.8417 - val_loss: 1.4966
Epoch 51/1000
12992/13056 [============================>.] - ETA: 0s - loss: 0.7642
- val_loss: 1.4362
- val_all_f1:  0.5788 0.5788 0.5788
- val_exp_f1:  0.9150 0.9150 0.9150
- val_non_f1:  0.2830 0.2830 0.2830

13056/13056 [==============================] - 175s - loss: 0.7649 - val_loss: 1.4362
Epoch 52/1000
12992/13056 [============================>.] - ETA: 0s - loss: 0.8036
- val_loss: 1.5305
- val_all_f1:  0.5597 0.5597 0.5597
- val_exp_f1:  0.8892 0.8892 0.8892
- val_non_f1:  0.2697 0.2697 0.2697

13056/13056 [==============================] - 175s - loss: 0.8044 - val_loss: 1.5305
Epoch 53/1000
12992/13056 [============================>.] - ETA: 0s - loss: 0.8116
- val_loss: 1.6347
- val_all_f1:  0.5135 0.5135 0.5135
- val_exp_f1:  0.8741 0.8741 0.8741
- val_non_f1:  0.1963 0.1963 0.1963

13056/13056 [==============================] - 175s - loss: 0.8113 - val_loss: 1.6347
Epoch 54/1000
12992/13056 [============================>.] - ETA: 0s - loss: 0.8238
- val_loss: 1.5548
- val_all_f1:  0.5376 0.5376 0.5376
- val_exp_f1:  0.8938 0.8938 0.8938
- val_non_f1:  0.2243 0.2243 0.2243

13056/13056 [==============================] - 174s - loss: 0.8240 - val_loss: 1.5548
Epoch 55/1000
12992/13056 [============================>.] - ETA: 0s - loss: 0.8082
- val_loss: 1.5433
- val_all_f1:  0.5455 0.5455 0.5455
- val_exp_f1:  0.8938 0.8938 0.8938
- val_non_f1:  0.2390 0.2390 0.2390

13056/13056 [==============================] - 175s - loss: 0.8090 - val_loss: 1.5433
Epoch 56/1000
12992/13056 [============================>.] - ETA: 0s - loss: 0.8013
- val_loss: 1.4761
- val_all_f1:  0.5661 0.5661 0.5661
- val_exp_f1:  0.9014 0.9014 0.9014
- val_non_f1:  0.2710 0.2710 0.2710

13056/13056 [==============================] - 174s - loss: 0.8001 - val_loss: 1.4761
Epoch 57/1000
12992/13056 [============================>.] - ETA: 0s - loss: 0.7921
- val_loss: 1.5402
- val_all_f1:  0.5540 0.5540 0.5540
- val_exp_f1:  0.8877 0.8877 0.8877
- val_non_f1:  0.2603 0.2603 0.2603

13056/13056 [==============================] - 175s - loss: 0.7905 - val_loss: 1.5402
Epoch 58/1000
12992/13056 [============================>.] - ETA: 0s - loss: 0.7864
- val_loss: 1.4756
- val_all_f1:  0.5795 0.5795 0.5795
- val_exp_f1:  0.9029 0.9029 0.9029
- val_non_f1:  0.2955 0.2951 0.2953

13056/13056 [==============================] - 174s - loss: 0.7863 - val_loss: 1.4756
Epoch 59/1000
12992/13056 [============================>.] - ETA: 0s - loss: 0.7974
- val_loss: 1.4784
- val_all_f1:  0.5618 0.5618 0.5618
- val_exp_f1:  0.8953 0.8953 0.8953
- val_non_f1:  0.2684 0.2684 0.2684

13056/13056 [==============================] - 175s - loss: 0.7978 - val_loss: 1.4784
Epoch 60/1000
12992/13056 [============================>.] - ETA: 0s - loss: 0.7784
- val_loss: 1.4914
- val_all_f1:  0.5639 0.5639 0.5639
- val_exp_f1:  0.9044 0.9044 0.9044
- val_non_f1:  0.2644 0.2644 0.2644

13056/13056 [==============================] - 175s - loss: 0.7777 - val_loss: 1.4914
Epoch 61/1000
12992/13056 [============================>.] - ETA: 0s - loss: 0.7442
- val_loss: 1.4667
- val_all_f1:  0.5724 0.5724 0.5724
- val_exp_f1:  0.8938 0.8938 0.8938
- val_non_f1:  0.2897 0.2897 0.2897

13056/13056 [==============================] - 175s - loss: 0.7454 - val_loss: 1.4667
Epoch 62/1000
12992/13056 [============================>.] - ETA: 0s - loss: 0.7593
- val_loss: 1.4705
- val_all_f1:  0.5717 0.5717 0.5717
- val_exp_f1:  0.8983 0.8983 0.8983
- val_non_f1:  0.2844 0.2844 0.2844

13056/13056 [==============================] - 175s - loss: 0.7587 - val_loss: 1.4705
Epoch 63/1000
12992/13056 [============================>.] - ETA: 0s - loss: 0.7908
- val_loss: 1.4838
- val_all_f1:  0.5696 0.5696 0.5696
- val_exp_f1:  0.9165 0.9165 0.9165
- val_non_f1:  0.2644 0.2644 0.2644

13056/13056 [==============================] - 174s - loss: 0.7906 - val_loss: 1.4838
Epoch 64/1000
12992/13056 [============================>.] - ETA: 0s - loss: 0.7593
- val_loss: 1.4840
- val_all_f1:  0.5739 0.5739 0.5739
- val_exp_f1:  0.9014 0.9014 0.9014
- val_non_f1:  0.2857 0.2857 0.2857

13056/13056 [==============================] - 174s - loss: 0.7598 - val_loss: 1.4840
Epoch 65/1000
12992/13056 [============================>.] - ETA: 0s - loss: 0.7659
- val_loss: 1.4977
- val_all_f1:  0.5604 0.5604 0.5604
- val_exp_f1:  0.8968 0.8968 0.8968
- val_non_f1:  0.2644 0.2644 0.2644

13056/13056 [==============================] - 174s - loss: 0.7669 - val_loss: 1.4977
Epoch 66/1000
12992/13056 [============================>.] - ETA: 0s - loss: 0.7425
- val_loss: 1.4997
- val_all_f1:  0.5675 0.5675 0.5675
- val_exp_f1:  0.8983 0.8983 0.8983
- val_non_f1:  0.2764 0.2764 0.2764

13056/13056 [==============================] - 175s - loss: 0.7440 - val_loss: 1.4997
Epoch 67/1000
12992/13056 [============================>.] - ETA: 0s - loss: 0.7791
- val_loss: 1.5982
- val_all_f1:  0.5327 0.5327 0.5327
- val_exp_f1:  0.8832 0.8832 0.8832
- val_non_f1:  0.2243 0.2243 0.2243

13056/13056 [==============================] - 174s - loss: 0.7801 - val_loss: 1.5982
Epoch 68/1000
12992/13056 [============================>.] - ETA: 0s - loss: 0.7603
- val_loss: 1.5129
- val_all_f1:  0.5504 0.5504 0.5504
- val_exp_f1:  0.9014 0.9014 0.9014
- val_non_f1:  0.2417 0.2417 0.2417

13056/13056 [==============================] - 174s - loss: 0.7602 - val_loss: 1.5129
Epoch 69/1000
12992/13056 [============================>.] - ETA: 0s - loss: 0.7786
- val_loss: 1.4202
- val_all_f1:  0.6009 0.6009 0.6009
- val_exp_f1:  0.9029 0.9029 0.9029
- val_non_f1:  0.3351 0.3351 0.3351

13056/13056 [==============================] - 175s - loss: 0.7772 - val_loss: 1.4202
Epoch 70/1000
12992/13056 [============================>.] - ETA: 0s - loss: 0.7677
- val_loss: 1.4818
- val_all_f1:  0.5646 0.5646 0.5646
- val_exp_f1:  0.8892 0.8892 0.8892
- val_non_f1:  0.2790 0.2790 0.2790

13056/13056 [==============================] - 175s - loss: 0.7688 - val_loss: 1.4818
Epoch 71/1000
12992/13056 [============================>.] - ETA: 0s - loss: 0.7087
- val_loss: 1.5656
- val_all_f1:  0.5497 0.5497 0.5497
- val_exp_f1:  0.8862 0.8862 0.8862
- val_non_f1:  0.2537 0.2537 0.2537

13056/13056 [==============================] - 175s - loss: 0.7090 - val_loss: 1.5656
Epoch 72/1000
12992/13056 [============================>.] - ETA: 0s - loss: 0.7153
- val_loss: 1.4765
- val_all_f1:  0.5803 0.5803 0.5803
- val_exp_f1:  0.8938 0.8938 0.8938
- val_non_f1:  0.3044 0.3044 0.3044

13056/13056 [==============================] - 175s - loss: 0.7158 - val_loss: 1.4765
Epoch 73/1000
12992/13056 [============================>.] - ETA: 0s - loss: 0.7346
- val_loss: 1.4849
- val_all_f1:  0.5788 0.5788 0.5788
- val_exp_f1:  0.8710 0.8710 0.8710
- val_non_f1:  0.3218 0.3218 0.3218

13056/13056 [==============================] - 175s - loss: 0.7347 - val_loss: 1.4849
Epoch 74/1000
12992/13056 [============================>.] - ETA: 0s - loss: 0.7211
- val_loss: 1.4963
- val_all_f1:  0.5724 0.5724 0.5724
- val_exp_f1:  0.8983 0.8983 0.8983
- val_non_f1:  0.2857 0.2857 0.2857

13056/13056 [==============================] - 175s - loss: 0.7213 - val_loss: 1.4963
Epoch 75/1000
12992/13056 [============================>.] - ETA: 0s - loss: 0.7411
- val_loss: 1.4436
- val_all_f1:  0.5987 0.5987 0.5987
- val_exp_f1:  0.9029 0.9029 0.9029
- val_non_f1:  0.3311 0.3311 0.3311

13056/13056 [==============================] - 175s - loss: 0.7397 - val_loss: 1.4436
Epoch 76/1000
12992/13056 [============================>.] - ETA: 0s - loss: 0.7398
- val_loss: 1.4784
- val_all_f1:  0.5781 0.5781 0.5781
- val_exp_f1:  0.8923 0.8923 0.8923
- val_non_f1:  0.3017 0.3017 0.3017

13056/13056 [==============================] - 175s - loss: 0.7384 - val_loss: 1.4784
Epoch 77/1000
12992/13056 [============================>.] - ETA: 0s - loss: 0.7479
- val_loss: 1.4468
- val_all_f1:  0.5874 0.5874 0.5874
- val_exp_f1:  0.8832 0.8832 0.8832
- val_non_f1:  0.3271 0.3271 0.3271

13056/13056 [==============================] - 175s - loss: 0.7475 - val_loss: 1.4468
Epoch 78/1000
12992/13056 [============================>.] - ETA: 0s - loss: 0.7477
- val_loss: 1.4919
- val_all_f1:  0.5675 0.5675 0.5675
- val_exp_f1:  0.8847 0.8847 0.8847
- val_non_f1:  0.2884 0.2884 0.2884

13056/13056 [==============================] - 175s - loss: 0.7471 - val_loss: 1.4919
Epoch 79/1000
12992/13056 [============================>.] - ETA: 0s - loss: 0.7400
- val_loss: 1.5060
- val_all_f1:  0.5447 0.5447 0.5447
- val_exp_f1:  0.8725 0.8725 0.8725
- val_non_f1:  0.2563 0.2563 0.2563

13056/13056 [==============================] - 175s - loss: 0.7395 - val_loss: 1.5060
Epoch 80/1000
12992/13056 [============================>.] - ETA: 0s - loss: 0.7248
- val_loss: 1.5478
- val_all_f1:  0.5575 0.5575 0.5575
- val_exp_f1:  0.8847 0.8847 0.8847
- val_non_f1:  0.2701 0.2697 0.2699

13056/13056 [==============================] - 174s - loss: 0.7247 - val_loss: 1.5478
Epoch 81/1000
12992/13056 [============================>.] - ETA: 0s - loss: 0.6994
- val_loss: 1.5115
- val_all_f1:  0.5689 0.5689 0.5689
- val_exp_f1:  0.8983 0.8983 0.8983
- val_non_f1:  0.2794 0.2790 0.2792

13056/13056 [==============================] - 175s - loss: 0.6999 - val_loss: 1.5115
Epoch 82/1000
12992/13056 [============================>.] - ETA: 0s - loss: 0.6663
- val_loss: 1.5477
- val_all_f1:  0.5440 0.5440 0.5440
- val_exp_f1:  0.8649 0.8649 0.8649
- val_non_f1:  0.2617 0.2617 0.2617

13056/13056 [==============================] - 175s - loss: 0.6661 - val_loss: 1.5477
Epoch 83/1000
12992/13056 [============================>.] - ETA: 0s - loss: 0.7008
- val_loss: 1.4842
- val_all_f1:  0.5795 0.5795 0.5795
- val_exp_f1:  0.8847 0.8847 0.8847
- val_non_f1:  0.3111 0.3111 0.3111

13056/13056 [==============================] - 175s - loss: 0.7012 - val_loss: 1.4842
Epoch 84/1000
12992/13056 [============================>.] - ETA: 0s - loss: 0.7024
- val_loss: 1.5630
- val_all_f1:  0.5426 0.5426 0.5426
- val_exp_f1:  0.8923 0.8923 0.8923
- val_non_f1:  0.2350 0.2350 0.2350

13056/13056 [==============================] - 175s - loss: 0.7032 - val_loss: 1.5630
Epoch 85/1000
12992/13056 [============================>.] - ETA: 0s - loss: 0.6941
- val_loss: 1.4752
- val_all_f1:  0.5859 0.5859 0.5859
- val_exp_f1:  0.8892 0.8892 0.8892
- val_non_f1:  0.3191 0.3191 0.3191

13056/13056 [==============================] - 174s - loss: 0.6931 - val_loss: 1.4752
Epoch 86/1000
12992/13056 [============================>.] - ETA: 0s - loss: 0.7170
- val_loss: 1.4730
- val_all_f1:  0.5753 0.5753 0.5753
- val_exp_f1:  0.9090 0.9090 0.9090
- val_non_f1:  0.2817 0.2817 0.2817

13056/13056 [==============================] - 175s - loss: 0.7163 - val_loss: 1.4730
Epoch 87/1000
12992/13056 [============================>.] - ETA: 0s - loss: 0.7020
- val_loss: 1.4831
- val_all_f1:  0.5632 0.5632 0.5632
- val_exp_f1:  0.8574 0.8574 0.8574
- val_non_f1:  0.3044 0.3044 0.3044

13056/13056 [==============================] - 175s - loss: 0.7033 - val_loss: 1.4831
Epoch 88/1000
12992/13056 [============================>.] - ETA: 0s - loss: 0.7173
- val_loss: 1.4754
- val_all_f1:  0.5838 0.5838 0.5838
- val_exp_f1:  0.9135 0.9135 0.9135
- val_non_f1:  0.2937 0.2937 0.2937

13056/13056 [==============================] - 175s - loss: 0.7159 - val_loss: 1.4754
Epoch 89/1000
12992/13056 [============================>.] - ETA: 0s - loss: 0.7148
- val_loss: 1.4693
- val_all_f1:  0.5852 0.5852 0.5852
- val_exp_f1:  0.8968 0.8968 0.8968
- val_non_f1:  0.3111 0.3111 0.3111

13056/13056 [==============================] - 175s - loss: 0.7146 - val_loss: 1.4693
Epoch 90/1000
12992/13056 [============================>.] - ETA: 0s - loss: 0.6746
- val_loss: 1.5162
- val_all_f1:  0.5682 0.5682 0.5682
- val_exp_f1:  0.8877 0.8877 0.8877
- val_non_f1:  0.2870 0.2870 0.2870

13056/13056 [==============================] - 175s - loss: 0.6733 - val_loss: 1.5162
Epoch 91/1000
12992/13056 [============================>.] - ETA: 0s - loss: 0.6941
- val_loss: 1.4867
- val_all_f1:  0.5831 0.5831 0.5831
- val_exp_f1:  0.8938 0.8938 0.8938
- val_non_f1:  0.3097 0.3097 0.3097

13056/13056 [==============================] - 175s - loss: 0.6928 - val_loss: 1.4867
Epoch 92/1000
12992/13056 [============================>.] - ETA: 0s - loss: 0.6975
- val_loss: 1.4974
- val_all_f1:  0.5767 0.5767 0.5767
- val_exp_f1:  0.8968 0.8968 0.8968
- val_non_f1:  0.2951 0.2951 0.2951

13056/13056 [==============================] - 175s - loss: 0.6966 - val_loss: 1.4974
Epoch 93/1000
12992/13056 [============================>.] - ETA: 0s - loss: 0.7247
- val_loss: 1.5118
- val_all_f1:  0.5803 0.5803 0.5803
- val_exp_f1:  0.8998 0.8998 0.8998
- val_non_f1:  0.2991 0.2991 0.2991

13056/13056 [==============================] - 175s - loss: 0.7243 - val_loss: 1.5118
Epoch 94/1000
12992/13056 [============================>.] - ETA: 0s - loss: 0.7036
- val_loss: 1.5692
- val_all_f1:  0.5632 0.5632 0.5632
- val_exp_f1:  0.9150 0.9150 0.9150
- val_non_f1:  0.2537 0.2537 0.2537

13056/13056 [==============================] - 175s - loss: 0.7039 - val_loss: 1.5692
Epoch 95/1000
12992/13056 [============================>.] - ETA: 0s - loss: 0.6919
- val_loss: 1.5090
- val_all_f1:  0.5732 0.5732 0.5732
- val_exp_f1:  0.8771 0.8771 0.8771
- val_non_f1:  0.3057 0.3057 0.3057

13056/13056 [==============================] - 175s - loss: 0.6935 - val_loss: 1.5090
Epoch 96/1000
12992/13056 [============================>.] - ETA: 0s - loss: 0.7252
- val_loss: 1.5186
- val_all_f1:  0.5838 0.5838 0.5838
- val_exp_f1:  0.9196 0.9196 0.9196
- val_non_f1:  0.2884 0.2884 0.2884

13056/13056 [==============================] - 175s - loss: 0.7263 - val_loss: 1.5186
Epoch 97/1000
12992/13056 [============================>.] - ETA: 0s - loss: 0.7033
- val_loss: 1.5072
- val_all_f1:  0.5717 0.5717 0.5717
- val_exp_f1:  0.8665 0.8665 0.8665
- val_non_f1:  0.3124 0.3124 0.3124

13056/13056 [==============================] - 175s - loss: 0.7050 - val_loss: 1.5072
Epoch 98/1000
12992/13056 [============================>.] - ETA: 0s - loss: 0.7034
- val_loss: 1.5959
- val_all_f1:  0.5554 0.5554 0.5554
- val_exp_f1:  0.8953 0.8953 0.8953
- val_non_f1:  0.2563 0.2563 0.2563

13056/13056 [==============================] - 175s - loss: 0.7034 - val_loss: 1.5959
Epoch 99/1000
12992/13056 [============================>.] - ETA: 0s - loss: 0.7195
- val_loss: 1.4942
- val_all_f1:  0.5767 0.5767 0.5767
- val_exp_f1:  0.8877 0.8877 0.8877
- val_non_f1:  0.3031 0.3031 0.3031

13056/13056 [==============================] - 175s - loss: 0.7195 - val_loss: 1.4942
Epoch 100/1000
12992/13056 [============================>.] - ETA: 0s - loss: 0.7017
- val_loss: 1.4949
- val_all_f1:  0.5724 0.5724 0.5724
- val_exp_f1:  0.9074 0.9074 0.9074
- val_non_f1:  0.2777 0.2777 0.2777

13056/13056 [==============================] - 181s - loss: 0.7018 - val_loss: 1.4949
Epoch 101/1000
12992/13056 [============================>.] - ETA: 0s - loss: 0.6611
- val_loss: 1.4903
- val_all_f1:  0.5859 0.5859 0.5859
- val_exp_f1:  0.8907 0.8907 0.8907
- val_non_f1:  0.3178 0.3178 0.3178

13056/13056 [==============================] - 175s - loss: 0.6599 - val_loss: 1.4903
Epoch 102/1000
12992/13056 [============================>.] - ETA: 0s - loss: 0.6691
- val_loss: 1.4972
- val_all_f1:  0.5916 0.5916 0.5916
- val_exp_f1:  0.8892 0.8892 0.8892
- val_non_f1:  0.3298 0.3298 0.3298

13056/13056 [==============================] - 175s - loss: 0.6695 - val_loss: 1.4972
Epoch 103/1000
12992/13056 [============================>.] - ETA: 0s - loss: 0.6956
- val_loss: 1.5163
- val_all_f1:  0.5760 0.5760 0.5760
- val_exp_f1:  0.8953 0.8953 0.8953
- val_non_f1:  0.2951 0.2951 0.2951

13056/13056 [==============================] - 175s - loss: 0.6953 - val_loss: 1.5163
Epoch 104/1000
12992/13056 [============================>.] - ETA: 0s - loss: 0.6505
- val_loss: 1.5979
- val_all_f1:  0.5526 0.5526 0.5526
- val_exp_f1:  0.8877 0.8877 0.8877
- val_non_f1:  0.2577 0.2577 0.2577

13056/13056 [==============================] - 175s - loss: 0.6504 - val_loss: 1.5979
Epoch 105/1000
12992/13056 [============================>.] - ETA: 0s - loss: 0.6691
- val_loss: 1.5403
- val_all_f1:  0.5561 0.5561 0.5561
- val_exp_f1:  0.8741 0.8741 0.8741
- val_non_f1:  0.2764 0.2764 0.2764

13056/13056 [==============================] - 175s - loss: 0.6688 - val_loss: 1.5403
Epoch 106/1000
12992/13056 [============================>.] - ETA: 0s - loss: 0.6550
- val_loss: 1.5279
- val_all_f1:  0.5739 0.5739 0.5739
- val_exp_f1:  0.9014 0.9014 0.9014
- val_non_f1:  0.2857 0.2857 0.2857

13056/13056 [==============================] - 175s - loss: 0.6540 - val_loss: 1.5279
Epoch 107/1000
12992/13056 [============================>.] - ETA: 0s - loss: 0.6539
- val_loss: 1.5778
- val_all_f1:  0.5589 0.5589 0.5589
- val_exp_f1:  0.9044 0.9044 0.9044
- val_non_f1:  0.2550 0.2550 0.2550

13056/13056 [==============================] - 174s - loss: 0.6535 - val_loss: 1.5778
Epoch 108/1000
12992/13056 [============================>.] - ETA: 0s - loss: 0.6876
- val_loss: 1.5510
- val_all_f1:  0.5661 0.5661 0.5661
- val_exp_f1:  0.8786 0.8786 0.8786
- val_non_f1:  0.2911 0.2911 0.2911

13056/13056 [==============================] - 175s - loss: 0.6872 - val_loss: 1.5510
Epoch 109/1000
12992/13056 [============================>.] - ETA: 0s - loss: 0.6816
- val_loss: 1.4777
- val_all_f1:  0.5902 0.5902 0.5902
- val_exp_f1:  0.8998 0.8998 0.8998
- val_non_f1:  0.3178 0.3178 0.3178

13056/13056 [==============================] - 175s - loss: 0.6807 - val_loss: 1.4777
Epoch 110/1000
12992/13056 [============================>.] - ETA: 0s - loss: 0.6600
- val_loss: 1.5550
- val_all_f1:  0.5675 0.5675 0.5675
- val_exp_f1:  0.8938 0.8938 0.8938
- val_non_f1:  0.2804 0.2804 0.2804

13056/13056 [==============================] - 175s - loss: 0.6595 - val_loss: 1.5550
Epoch 111/1000
12992/13056 [============================>.] - ETA: 0s - loss: 0.6263
- val_loss: 1.6303
- val_all_f1:  0.5533 0.5533 0.5533
- val_exp_f1:  0.8786 0.8786 0.8786
- val_non_f1:  0.2670 0.2670 0.2670

13056/13056 [==============================] - 175s - loss: 0.6270 - val_loss: 1.6303
Epoch 112/1000
12992/13056 [============================>.] - ETA: 0s - loss: 0.6357
- val_loss: 1.5414
- val_all_f1:  0.5831 0.5831 0.5831
- val_exp_f1:  0.8968 0.8968 0.8968
- val_non_f1:  0.3071 0.3071 0.3071

13056/13056 [==============================] - 175s - loss: 0.6373 - val_loss: 1.5414
Epoch 113/1000
12992/13056 [============================>.] - ETA: 0s - loss: 0.6353
- val_loss: 1.5107
- val_all_f1:  0.5902 0.5902 0.5902
- val_exp_f1:  0.8983 0.8983 0.8983
- val_non_f1:  0.3191 0.3191 0.3191

13056/13056 [==============================] - 175s - loss: 0.6337 - val_loss: 1.5107
Epoch 114/1000
12992/13056 [============================>.] - ETA: 0s - loss: 0.6423
- val_loss: 1.5441
- val_all_f1:  0.5639 0.5639 0.5639
- val_exp_f1:  0.8877 0.8877 0.8877
- val_non_f1:  0.2790 0.2790 0.2790

13056/13056 [==============================] - 175s - loss: 0.6418 - val_loss: 1.5441
Epoch 115/1000
12992/13056 [============================>.] - ETA: 0s - loss: 0.6354
- val_loss: 1.5477
- val_all_f1:  0.5710 0.5710 0.5710
- val_exp_f1:  0.9014 0.9014 0.9014
- val_non_f1:  0.2804 0.2804 0.2804

13056/13056 [==============================] - 175s - loss: 0.6366 - val_loss: 1.5477
Epoch 116/1000
12992/13056 [============================>.] - ETA: 0s - loss: 0.6653
- val_loss: 1.5898
- val_all_f1:  0.5412 0.5412 0.5412
- val_exp_f1:  0.8558 0.8558 0.8558
- val_non_f1:  0.2644 0.2644 0.2644

13056/13056 [==============================] - 175s - loss: 0.6648 - val_loss: 1.5898
Epoch 117/1000
12992/13056 [============================>.] - ETA: 0s - loss: 0.6522
- val_loss: 1.7153
- val_all_f1:  0.5277 0.5277 0.5277
- val_exp_f1:  0.8741 0.8741 0.8741
- val_non_f1:  0.2233 0.2230 0.2231

13056/13056 [==============================] - 175s - loss: 0.6526 - val_loss: 1.7153
Epoch 118/1000
12992/13056 [============================>.] - ETA: 0s - loss: 0.6316
- val_loss: 1.5634
- val_all_f1:  0.5568 0.5568 0.5568
- val_exp_f1:  0.8801 0.8801 0.8801
- val_non_f1:  0.2724 0.2724 0.2724

13056/13056 [==============================] - 175s - loss: 0.6324 - val_loss: 1.5634
Epoch 119/1000
12992/13056 [============================>.] - ETA: 0s - loss: 0.6486
- val_loss: 1.5629
- val_all_f1:  0.5526 0.5526 0.5526
- val_exp_f1:  0.8786 0.8786 0.8786
- val_non_f1:  0.2657 0.2657 0.2657

13056/13056 [==============================] - 175s - loss: 0.6487 - val_loss: 1.5629
Epoch 120/1000
12992/13056 [============================>.] - ETA: 0s - loss: 0.6249
- val_loss: 1.6127
- val_all_f1:  0.5362 0.5362 0.5362
- val_exp_f1:  0.8513 0.8513 0.8513
- val_non_f1:  0.2594 0.2590 0.2592

13056/13056 [==============================] - 175s - loss: 0.6241 - val_loss: 1.6127
Epoch 121/1000
12992/13056 [============================>.] - ETA: 0s - loss: 0.5801
- val_loss: 1.5788
- val_all_f1:  0.5568 0.5568 0.5568
- val_exp_f1:  0.8649 0.8649 0.8649
- val_non_f1:  0.2857 0.2857 0.2857

13056/13056 [==============================] - 175s - loss: 0.5795 - val_loss: 1.5788
Epoch 122/1000
12992/13056 [============================>.] - ETA: 0s - loss: 0.6013
- val_loss: 1.6243
- val_all_f1:  0.5689 0.5689 0.5689
- val_exp_f1:  0.8649 0.8649 0.8649
- val_non_f1:  0.3084 0.3084 0.3084

13056/13056 [==============================] - 175s - loss: 0.6009 - val_loss: 1.6243
Epoch 123/1000
12992/13056 [============================>.] - ETA: 0s - loss: 0.6045
- val_loss: 1.5937
- val_all_f1:  0.5646 0.5646 0.5646
- val_exp_f1:  0.8951 0.8938 0.8945
- val_non_f1:  0.2750 0.2750 0.2750

13056/13056 [==============================] - 175s - loss: 0.6051 - val_loss: 1.5937
Epoch 124/1000
12992/13056 [============================>.] - ETA: 0s - loss: 0.6233
- val_loss: 1.5789
- val_all_f1:  0.5653 0.5653 0.5653
- val_exp_f1:  0.8983 0.8983 0.8983
- val_non_f1:  0.2724 0.2724 0.2724

13056/13056 [==============================] - 175s - loss: 0.6245 - val_loss: 1.5789
Epoch 125/1000
12992/13056 [============================>.] - ETA: 0s - loss: 0.6247
- val_loss: 1.5907
- val_all_f1:  0.5618 0.5618 0.5618
- val_exp_f1:  0.8953 0.8953 0.8953
- val_non_f1:  0.2684 0.2684 0.2684

13056/13056 [==============================] - 175s - loss: 0.6258 - val_loss: 1.5907
Epoch 126/1000
12992/13056 [============================>.] - ETA: 0s - loss: 0.6153
- val_loss: 1.5571
- val_all_f1:  0.5746 0.5746 0.5746
- val_exp_f1:  0.8847 0.8847 0.8847
- val_non_f1:  0.3017 0.3017 0.3017

13056/13056 [==============================] - 175s - loss: 0.6178 - val_loss: 1.5571
Epoch 127/1000
12992/13056 [============================>.] - ETA: 0s - loss: 0.6335
- val_loss: 1.5523
- val_all_f1:  0.5689 0.5689 0.5689
- val_exp_f1:  0.8862 0.8862 0.8862
- val_non_f1:  0.2897 0.2897 0.2897

13056/13056 [==============================] - 175s - loss: 0.6340 - val_loss: 1.5523
Epoch 128/1000
12992/13056 [============================>.] - ETA: 0s - loss: 0.6331
- val_loss: 1.6439
- val_all_f1:  0.5419 0.5419 0.5419
- val_exp_f1:  0.8771 0.8771 0.8771
- val_non_f1:  0.2470 0.2470 0.2470

13056/13056 [==============================] - 174s - loss: 0.6327 - val_loss: 1.6439
Epoch 129/1000
12992/13056 [============================>.] - ETA: 0s - loss: 0.6280
- val_loss: 1.6054
- val_all_f1:  0.5589 0.5589 0.5589
- val_exp_f1:  0.8938 0.8938 0.8938
- val_non_f1:  0.2644 0.2644 0.2644

13056/13056 [==============================] - 175s - loss: 0.6278 - val_loss: 1.6054
Epoch 130/1000
12992/13056 [============================>.] - ETA: 0s - loss: 0.6268
- val_loss: 1.5564
- val_all_f1:  0.5703 0.5703 0.5703
- val_exp_f1:  0.8938 0.8938 0.8938
- val_non_f1:  0.2857 0.2857 0.2857

13056/13056 [==============================] - 175s - loss: 0.6259 - val_loss: 1.5564
Epoch 131/1000
12992/13056 [============================>.] - ETA: 0s - loss: 0.5945
- val_loss: 1.5637
- val_all_f1:  0.5746 0.5746 0.5746
- val_exp_f1:  0.8983 0.8983 0.8983
- val_non_f1:  0.2897 0.2897 0.2897

13056/13056 [==============================] - 175s - loss: 0.5934 - val_loss: 1.5637
Epoch 132/1000
12992/13056 [============================>.] - ETA: 0s - loss: 0.5768
- val_loss: 1.6432
- val_all_f1:  0.5447 0.5447 0.5447
- val_exp_f1:  0.8574 0.8574 0.8574
- val_non_f1:  0.2697 0.2697 0.2697

13056/13056 [==============================] - 175s - loss: 0.5770 - val_loss: 1.6432
Epoch 133/1000
12992/13056 [============================>.] - ETA: 0s - loss: 0.5946
- val_loss: 1.6004
- val_all_f1:  0.5526 0.5526 0.5526
- val_exp_f1:  0.8771 0.8771 0.8771
- val_non_f1:  0.2670 0.2670 0.2670

13056/13056 [==============================] - 175s - loss: 0.5943 - val_loss: 1.6004
Epoch 134/1000
12992/13056 [============================>.] - ETA: 0s - loss: 0.5965
- val_loss: 1.6125
- val_all_f1:  0.5504 0.5504 0.5504
- val_exp_f1:  0.8725 0.8725 0.8725
- val_non_f1:  0.2670 0.2670 0.2670

13056/13056 [==============================] - 175s - loss: 0.5970 - val_loss: 1.6125
Epoch 135/1000
12992/13056 [============================>.] - ETA: 0s - loss: 0.5973
- val_loss: 1.5572
- val_all_f1:  0.5639 0.5639 0.5639
- val_exp_f1:  0.8953 0.8953 0.8953
- val_non_f1:  0.2724 0.2724 0.2724

13056/13056 [==============================] - 175s - loss: 0.5987 - val_loss: 1.5572
Epoch 136/1000
12992/13056 [============================>.] - ETA: 0s - loss: 0.5943
- val_loss: 1.6102
- val_all_f1:  0.5384 0.5384 0.5384
- val_exp_f1:  0.8634 0.8634 0.8634
- val_non_f1:  0.2523 0.2523 0.2523

13056/13056 [==============================] - 175s - loss: 0.5943 - val_loss: 1.6102
Epoch 137/1000
12992/13056 [============================>.] - ETA: 0s - loss: 0.5904
- val_loss: 1.6280
- val_all_f1:  0.5526 0.5526 0.5526
- val_exp_f1:  0.8680 0.8680 0.8680
- val_non_f1:  0.2750 0.2750 0.2750

13056/13056 [==============================] - 175s - loss: 0.5907 - val_loss: 1.6280
Epoch 138/1000
12992/13056 [============================>.] - ETA: 0s - loss: 0.5816
- val_loss: 1.5913
- val_all_f1:  0.5582 0.5582 0.5582
- val_exp_f1:  0.8801 0.8801 0.8801
- val_non_f1:  0.2750 0.2750 0.2750

13056/13056 [==============================] - 175s - loss: 0.5807 - val_loss: 1.5913
Epoch 139/1000
12992/13056 [============================>.] - ETA: 0s - loss: 0.6220
- val_loss: 1.6195
- val_all_f1:  0.5462 0.5462 0.5462
- val_exp_f1:  0.8847 0.8847 0.8847
- val_non_f1:  0.2483 0.2483 0.2483

13056/13056 [==============================] - 175s - loss: 0.6213 - val_loss: 1.6195
Epoch 140/1000
12992/13056 [============================>.] - ETA: 0s - loss: 0.5959
- val_loss: 1.6669
- val_all_f1:  0.5163 0.5163 0.5163
- val_exp_f1:  0.7982 0.7982 0.7982
- val_non_f1:  0.2684 0.2684 0.2684

13056/13056 [==============================] - 175s - loss: 0.5942 - val_loss: 1.6669
Epoch 141/1000
12992/13056 [============================>.] - ETA: 0s - loss: 0.5694
- val_loss: 1.6288
- val_all_f1:  0.5661 0.5661 0.5661
- val_exp_f1:  0.8649 0.8649 0.8649
- val_non_f1:  0.3031 0.3031 0.3031

13056/13056 [==============================] - 175s - loss: 0.5695 - val_loss: 1.6288
Epoch 142/1000
12992/13056 [============================>.] - ETA: 0s - loss: 0.5717
- val_loss: 1.6591
- val_all_f1:  0.5490 0.5490 0.5490
- val_exp_f1:  0.8968 0.8968 0.8968
- val_non_f1:  0.2430 0.2430 0.2430

13056/13056 [==============================] - 175s - loss: 0.5723 - val_loss: 1.6591
Epoch 143/1000
12992/13056 [============================>.] - ETA: 0s - loss: 0.5578
- val_loss: 1.6715
- val_all_f1:  0.5533 0.5533 0.5533
- val_exp_f1:  0.8983 0.8983 0.8983
- val_non_f1:  0.2497 0.2497 0.2497

13056/13056 [==============================] - 175s - loss: 0.5582 - val_loss: 1.6715
Epoch 144/1000
12992/13056 [============================>.] - ETA: 0s - loss: 0.5663
- val_loss: 1.6377
- val_all_f1:  0.5533 0.5533 0.5533
- val_exp_f1:  0.9014 0.9014 0.9014
- val_non_f1:  0.2470 0.2470 0.2470

13056/13056 [==============================] - 175s - loss: 0.5643 - val_loss: 1.6377
Epoch 145/1000
12992/13056 [============================>.] - ETA: 0s - loss: 0.5815
- val_loss: 1.6974
- val_all_f1:  0.5483 0.5483 0.5483
- val_exp_f1:  0.8847 0.8847 0.8847
- val_non_f1:  0.2523 0.2523 0.2523

13056/13056 [==============================] - 175s - loss: 0.5820 - val_loss: 1.6974
Epoch 146/1000
12992/13056 [============================>.] - ETA: 0s - loss: 0.6038
- val_loss: 1.6498
- val_all_f1:  0.5533 0.5533 0.5533
- val_exp_f1:  0.8892 0.8892 0.8892
- val_non_f1:  0.2584 0.2577 0.2580

13056/13056 [==============================] - 175s - loss: 0.6039 - val_loss: 1.6498
Epoch 147/1000
12992/13056 [============================>.] - ETA: 0s - loss: 0.5918
- val_loss: 1.5917
- val_all_f1:  0.5589 0.5589 0.5589
- val_exp_f1:  0.8907 0.8907 0.8907
- val_non_f1:  0.2670 0.2670 0.2670

13056/13056 [==============================] - 175s - loss: 0.5912 - val_loss: 1.5917
Epoch 148/1000
12992/13056 [============================>.] - ETA: 0s - loss: 0.6027
- val_loss: 1.5650
- val_all_f1:  0.5675 0.5675 0.5675
- val_exp_f1:  0.8968 0.8968 0.8968
- val_non_f1:  0.2777 0.2777 0.2777

13056/13056 [==============================] - 175s - loss: 0.6025 - val_loss: 1.5650
Epoch 149/1000
12992/13056 [============================>.] - ETA: 0s - loss: 0.5929
- val_loss: 1.6742
- val_all_f1:  0.5440 0.5440 0.5440
- val_exp_f1:  0.8968 0.8968 0.8968
- val_non_f1:  0.2336 0.2336 0.2336

13056/13056 [==============================] - 176s - loss: 0.5933 - val_loss: 1.6742
Epoch 150/1000
12992/13056 [============================>.] - ETA: 0s - loss: 0.5523
- val_loss: 1.7307
- val_all_f1:  0.5419 0.5419 0.5419
- val_exp_f1:  0.8741 0.8741 0.8741
- val_non_f1:  0.2497 0.2497 0.2497

13056/13056 [==============================] - 175s - loss: 0.5517 - val_loss: 1.7307
Epoch 151/1000
12992/13056 [============================>.] - ETA: 0s - loss: 0.5560
- val_loss: 1.6473
- val_all_f1:  0.5582 0.5582 0.5582
- val_exp_f1:  0.8741 0.8741 0.8741
- val_non_f1:  0.2807 0.2804 0.2806

13056/13056 [==============================] - 175s - loss: 0.5553 - val_loss: 1.6473
Epoch 152/1000
12992/13056 [============================>.] - ETA: 0s - loss: 0.5535
- val_loss: 1.6687
- val_all_f1:  0.5405 0.5405 0.5405
- val_exp_f1:  0.8816 0.8816 0.8816
- val_non_f1:  0.2406 0.2403 0.2405

13056/13056 [==============================] - 175s - loss: 0.5539 - val_loss: 1.6687
Epoch 153/1000
12992/13056 [============================>.] - ETA: 0s - loss: 0.5758
- val_loss: 1.6935
- val_all_f1:  0.5433 0.5433 0.5433
- val_exp_f1:  0.8923 0.8923 0.8923
- val_non_f1:  0.2366 0.2363 0.2365

13056/13056 [==============================] - 175s - loss: 0.5757 - val_loss: 1.6935
Epoch 154/1000
12992/13056 [============================>.] - ETA: 0s - loss: 0.5741
- val_loss: 1.6630
- val_all_f1:  0.5533 0.5533 0.5533
- val_exp_f1:  0.8923 0.8923 0.8923
- val_non_f1:  0.2550 0.2550 0.2550

13056/13056 [==============================] - 175s - loss: 0.5731 - val_loss: 1.6630
Epoch 155/1000
12992/13056 [============================>.] - ETA: 0s - loss: 0.5744
- val_loss: 1.5906
- val_all_f1:  0.5604 0.5604 0.5604
- val_exp_f1:  0.8877 0.8877 0.8877
- val_non_f1:  0.2724 0.2724 0.2724

13056/13056 [==============================] - 175s - loss: 0.5752 - val_loss: 1.5906
Epoch 156/1000
12992/13056 [============================>.] - ETA: 0s - loss: 0.5675
- val_loss: 1.6252
- val_all_f1:  0.5526 0.5526 0.5526
- val_exp_f1:  0.8907 0.8907 0.8907
- val_non_f1:  0.2550 0.2550 0.2550

13056/13056 [==============================] - 175s - loss: 0.5670 - val_loss: 1.6252
Epoch 157/1000
12992/13056 [============================>.] - ETA: 0s - loss: 0.5773
- val_loss: 1.6226
- val_all_f1:  0.5653 0.5653 0.5653
- val_exp_f1:  0.8801 0.8801 0.8801
- val_non_f1:  0.2884 0.2884 0.2884

13056/13056 [==============================] - 175s - loss: 0.5764 - val_loss: 1.6226
Epoch 158/1000
12992/13056 [============================>.] - ETA: 0s - loss: 0.5752
- val_loss: 1.6198
- val_all_f1:  0.5568 0.5568 0.5568
- val_exp_f1:  0.8907 0.8907 0.8907
- val_non_f1:  0.2634 0.2630 0.2632

13056/13056 [==============================] - 175s - loss: 0.5742 - val_loss: 1.6198
Epoch 159/1000
12992/13056 [============================>.] - ETA: 0s - loss: 0.5764
- val_loss: 1.6267
- val_all_f1:  0.5518 0.5518 0.5518
- val_exp_f1:  0.8877 0.8877 0.8877
- val_non_f1:  0.2563 0.2563 0.2563

13056/13056 [==============================] - 174s - loss: 0.5772 - val_loss: 1.6267
Epoch 160/1000
12992/13056 [============================>.] - ETA: 0s - loss: 0.5659
- val_loss: 1.6341
- val_all_f1:  0.5483 0.5483 0.5483
- val_exp_f1:  0.8634 0.8634 0.8634
- val_non_f1:  0.2710 0.2710 0.2710

13056/13056 [==============================] - 175s - loss: 0.5656 - val_loss: 1.6341
Epoch 161/1000
12992/13056 [============================>.] - ETA: 0s - loss: 0.5281
- val_loss: 1.6571
- val_all_f1:  0.5426 0.5426 0.5426
- val_exp_f1:  0.8756 0.8756 0.8756
- val_non_f1:  0.2497 0.2497 0.2497

13056/13056 [==============================] - 175s - loss: 0.5290 - val_loss: 1.6571
Epoch 162/1000
12992/13056 [============================>.] - ETA: 0s - loss: 0.5214
- val_loss: 1.6876
- val_all_f1:  0.5625 0.5625 0.5625
- val_exp_f1:  0.9074 0.9074 0.9074
- val_non_f1:  0.2590 0.2590 0.2590

13056/13056 [==============================] - 175s - loss: 0.5215 - val_loss: 1.6876
Epoch 163/1000
12992/13056 [============================>.] - ETA: 0s - loss: 0.5456
- val_loss: 1.6634
- val_all_f1:  0.5625 0.5625 0.5625
- val_exp_f1:  0.9029 0.9029 0.9029
- val_non_f1:  0.2630 0.2630 0.2630

13056/13056 [==============================] - 175s - loss: 0.5453 - val_loss: 1.6634
Epoch 164/1000
12992/13056 [============================>.] - ETA: 0s - loss: 0.5377
- val_loss: 1.6433
- val_all_f1:  0.5511 0.5511 0.5511
- val_exp_f1:  0.8816 0.8816 0.8816
- val_non_f1:  0.2603 0.2603 0.2603

13056/13056 [==============================] - 175s - loss: 0.5382 - val_loss: 1.6433
Epoch 165/1000
12992/13056 [============================>.] - ETA: 0s - loss: 0.5606
- val_loss: 1.7227
- val_all_f1:  0.5284 0.5284 0.5284
- val_exp_f1:  0.8771 0.8771 0.8771
- val_non_f1:  0.2219 0.2216 0.2218

13056/13056 [==============================] - 175s - loss: 0.5608 - val_loss: 1.7227
Epoch 166/1000
12992/13056 [============================>.] - ETA: 0s - loss: 0.5296
- val_loss: 1.7229
- val_all_f1:  0.5341 0.5341 0.5341
- val_exp_f1:  0.8589 0.8589 0.8589
- val_non_f1:  0.2487 0.2483 0.2485

13056/13056 [==============================] - 174s - loss: 0.5299 - val_loss: 1.7229
Epoch 167/1000
12992/13056 [============================>.] - ETA: 0s - loss: 0.5516
- val_loss: 1.6684
- val_all_f1:  0.5355 0.5355 0.5355
- val_exp_f1:  0.8771 0.8771 0.8771
- val_non_f1:  0.2350 0.2350 0.2350

13056/13056 [==============================] - 174s - loss: 0.5508 - val_loss: 1.6684
Epoch 168/1000
12992/13056 [============================>.] - ETA: 0s - loss: 0.5819
- val_loss: 1.6338
- val_all_f1:  0.5561 0.5561 0.5561
- val_exp_f1:  0.8953 0.8953 0.8953
- val_non_f1:  0.2577 0.2577 0.2577

13056/13056 [==============================] - 175s - loss: 0.5810 - val_loss: 1.6338
Epoch 169/1000
12992/13056 [============================>.] - ETA: 0s - loss: 0.5554
- val_loss: 1.6449
- val_all_f1:  0.5433 0.5433 0.5433
- val_exp_f1:  0.8619 0.8619 0.8619
- val_non_f1:  0.2630 0.2630 0.2630

13056/13056 [==============================] - 175s - loss: 0.5540 - val_loss: 1.6449
Epoch 170/1000
12992/13056 [============================>.] - ETA: 0s - loss: 0.5387
- val_loss: 1.6616
- val_all_f1:  0.5618 0.5618 0.5618
- val_exp_f1:  0.8938 0.8938 0.8938
- val_non_f1:  0.2697 0.2697 0.2697

13056/13056 [==============================] - 175s - loss: 0.5387 - val_loss: 1.6616
[2018-04-13 16:56] training finished (ex/conll16st-v35word2vec-en)
[2018-04-13 16:56] best_val_loss: 68 - loss: 0.7772 - val_loss: 1.4202 - val_all_f1: 0.6009 - val_exp_f1: 0.9029 - val_non_f1: 0.3351
[2018-04-13 16:56] best_val_all_f1: 68 - loss: 0.7772 - val_loss: 1.4202 - val_all_f1: 0.6009 - val_exp_f1: 0.9029 - val_non_f1: 0.3351
