[2019-03-25 17:58] configuration (ex/conll16st-v35dimx2-zhch/blind)
[2019-03-25 17:58]   config 'arg1_len': 900
[2019-03-25 17:58]   config 'arg2_len': 900
[2019-03-25 17:58]   config 'backend': theano
[2019-03-25 17:58]   config 'backend_theano': device=cpu
[2019-03-25 17:58]   config 'batch_size': 64
[2019-03-25 17:58]   config 'conn_len': 20
[2019-03-25 17:58]   config 'dataset_dir': data/conll16st-zh-04-27-2016-blind-test
[2019-03-25 17:58]   config 'filter_fn_name': None
[2019-03-25 17:58]   config 'input_size': None
[2019-03-25 17:58]   config 'lang': zh
[2019-03-25 17:58]   config 'mode': char
[2019-03-25 17:58]   config 'model_dir': ex/conll16st-v35dimx2-zhch
[2019-03-25 17:58]   config 'normalization_mode': sample_aspect
[2019-03-25 17:58]   config 'output_dir': ex/conll16st-v35dimx2-zhch/blind
[2019-03-25 17:58]   config 'punc_len': 2
[2019-03-25 17:58]   config 'rest': ['--words_dim=40', '--rnn_dim=40', '--final_dim=160']
[2019-03-25 17:58]   config 'snapshot_size': 2048
[2019-03-25 17:58] load dataset for prediction (data/conll16st-zh-04-27-2016-blind-test)
[2019-03-25 17:58]   lang: zh, rel_ids: 2101
[2019-03-25 17:58] load previous indexes (ex/conll16st-v35dimx2-zhch/indexes.pkl)
[2019-03-25 17:58]   words2id: 2859, target2id: 12
[2019-03-25 17:58] load model (ex/conll16st-v35dimx2-zhch)
[2019-03-25 17:58] load previous weights (ex/conll16st-v35dimx2-zhch/weights_val_all_f1.hdf5)
[2019-03-25 17:58] make predictions
[2019-03-25 18:03] save predictions (ex/conll16st-v35dimx2-zhch/blind/output.json)
[2019-03-25 18:03] save predictions (ex/conll16st-v35dimx2-zhch/blind/output_proba.json)
[2019-03-25 18:03] peek into filtering weights (ex/conll16st-v35dimx2-zhch/blind/peek.html)
[2019-03-25 18:07] finished (ex/conll16st-v35dimx2-zhch/blind)
[2019-03-25 18:07] time: loaded: 0.2925 - prepared: 3.2713 - predicted: 283.6870
