[2019-03-08 21:03] configuration (ex/conll16st-v35nodropout-en/blind)
[2019-03-08 21:03]   config 'arg1_len': 100
[2019-03-08 21:03]   config 'arg2_len': 100
[2019-03-08 21:03]   config 'backend': theano
[2019-03-08 21:03]   config 'backend_theano': device=cpu
[2019-03-08 21:03]   config 'batch_size': 64
[2019-03-08 21:03]   config 'conn_len': 10
[2019-03-08 21:03]   config 'dataset_dir': data/conll15st-en-03-29-16-blind-test
[2019-03-08 21:03]   config 'filter_fn_name': None
[2019-03-08 21:03]   config 'input_size': None
[2019-03-08 21:03]   config 'lang': en
[2019-03-08 21:03]   config 'mode': word
[2019-03-08 21:03]   config 'model_dir': ex/conll16st-v35nodropout-en
[2019-03-08 21:03]   config 'normalization_mode': sample_aspect
[2019-03-08 21:03]   config 'output_dir': ex/conll16st-v35nodropout-en/blind
[2019-03-08 21:03]   config 'punc_len': 0
[2019-03-08 21:03]   config 'rest': ['--words_dropout=0.0', '--rnn_dropout_merge=0.0', '--final_dropout=0.0', '--filter_dim=8', '--rnn_num=8']
[2019-03-08 21:03]   config 'snapshot_size': 2048
[2019-03-08 21:03] load dataset for prediction (data/conll15st-en-03-29-16-blind-test)
[2019-03-08 21:03]   lang: en, doc_ids: 71, words: 34621, rel_ids: 1209, relation tokens: 44203
[2019-03-08 21:03] load previous indexes (ex/conll16st-v35nodropout-en/indexes.pkl)
[2019-03-08 21:03]   words2id: 43918, target2id: 23
[2019-03-08 21:03] load model (ex/conll16st-v35nodropout-en)
[2019-03-08 21:03] load previous weights (ex/conll16st-v35nodropout-en/weights_val_all_f1.hdf5)
[2019-03-08 21:03] make predictions
[2019-03-08 21:04] save predictions (ex/conll16st-v35nodropout-en/blind/output.json)
[2019-03-08 21:04] save predictions (ex/conll16st-v35nodropout-en/blind/output_proba.json)
[2019-03-08 21:04] peek into filtering weights (ex/conll16st-v35nodropout-en/blind/peek.html)
[2019-03-08 21:05] finished (ex/conll16st-v35nodropout-en/blind)
[2019-03-08 21:05] time: loaded: 14.8396 - prepared: 2.2996 - predicted: 43.6205
