[2019-03-09 03:54] configuration (ex/conll16st-v35-en-al-100-0/blind)
[2019-03-09 03:54]   config 'arg1_len': 100
[2019-03-09 03:54]   config 'arg2_len': 100
[2019-03-09 03:54]   config 'backend': theano
[2019-03-09 03:54]   config 'backend_theano': device=gpu,floatX=float32,nvcc.fastmath=True,lib.cnmem=0.8
[2019-03-09 03:54]   config 'batch_size': 64
[2019-03-09 03:54]   config 'conn_len': 10
[2019-03-09 03:54]   config 'dataset_dir': data/conll15st-en-03-29-16-blind-test
[2019-03-09 03:54]   config 'filter_fn_name': None
[2019-03-09 03:54]   config 'input_size': None
[2019-03-09 03:54]   config 'lang': en
[2019-03-09 03:54]   config 'mode': word
[2019-03-09 03:54]   config 'model_dir': ex/conll16st-v35-en-al-100-0
[2019-03-09 03:54]   config 'normalization_mode': sample_aspect
[2019-03-09 03:54]   config 'output_dir': ex/conll16st-v35-en-al-100-0/blind
[2019-03-09 03:54]   config 'punc_len': 0
[2019-03-09 03:54]   config 'rest': []
[2019-03-09 03:54]   config 'snapshot_size': 2048
[2019-03-09 03:54] load dataset for prediction (data/conll15st-en-03-29-16-blind-test)
[2019-03-09 03:54]   lang: en, doc_ids: 71, words: 34621, rel_ids: 1209, relation tokens: 44203
[2019-03-09 03:54] load previous indexes (ex/conll16st-v35-en-al-100-0/indexes.pkl)
[2019-03-09 03:54]   words2id: 43918, target2id: 23
[2019-03-09 03:54] load model (ex/conll16st-v35-en-al-100-0)
[2019-03-09 03:54] load previous weights (ex/conll16st-v35-en-al-100-0/weights_val_all_f1.hdf5)
[2019-03-09 03:54] make predictions
[2019-03-09 03:55] save predictions (ex/conll16st-v35-en-al-100-0/blind/output.json)
[2019-03-09 03:55] save predictions (ex/conll16st-v35-en-al-100-0/blind/output_proba.json)
[2019-03-09 03:55] peek into filtering weights (ex/conll16st-v35-en-al-100-0/blind/peek.html)
[2019-03-09 03:56] finished (ex/conll16st-v35-en-al-100-0/blind)
[2019-03-09 03:56] time: loaded: 6.0923 - prepared: 2.2308 - predicted: 41.9299
