[2019-03-08 10:52] configuration (ex/conll16st-v35-en-al-20-0)
[2019-03-08 10:52]   config 'arg1_len': 20
[2019-03-08 10:52]   config 'arg2_len': 20
[2019-03-08 10:52]   config 'backend': theano
[2019-03-08 10:52]   config 'backend_theano': device=gpu,floatX=float32,nvcc.fastmath=True,lib.cnmem=0.8
[2019-03-08 10:52]   config 'batch_size': 64
[2019-03-08 10:52]   config 'conn_len': 10
[2019-03-08 10:52]   config 'continue_': False
[2019-03-08 10:52]   config 'curriculum_end': 0.0
[2019-03-08 10:52]   config 'epochs': 1000
[2019-03-08 10:52]   config 'epochs_patience': 100
[2019-03-08 10:52]   config 'epochs_ratio': 0.1
[2019-03-08 10:52]   config 'filter_act': sigmoid
[2019-03-08 10:52]   config 'filter_append_act': linear
[2019-03-08 10:52]   config 'filter_append_batchnorm': False
[2019-03-08 10:52]   config 'filter_append_dim': 0
[2019-03-08 10:52]   config 'filter_append_dropout': 0.0
[2019-03-08 10:52]   config 'filter_apply': mul
[2019-03-08 10:52]   config 'filter_dim': 12
[2019-03-08 10:52]   config 'filter_dropout_U': 0.0
[2019-03-08 10:52]   config 'filter_dropout_W': 0.0
[2019-03-08 10:52]   config 'filter_fn_name': None
[2019-03-08 10:52]   config 'filter_shared': global
[2019-03-08 10:52]   config 'filter_type': lstm-fb
[2019-03-08 10:52]   config 'filter_zoneout_c': 0.0
[2019-03-08 10:52]   config 'filter_zoneout_h': 0.0
[2019-03-08 10:52]   config 'final_act': SReLU
[2019-03-08 10:52]   config 'final_dim': 80
[2019-03-08 10:52]   config 'final_dropout': 0.3
[2019-03-08 10:52]   config 'input_size': None
[2019-03-08 10:52]   config 'lang': en
[2019-03-08 10:52]   config 'masking': True
[2019-03-08 10:52]   config 'mode': word
[2019-03-08 10:52]   config 'model_dir': ex/conll16st-v35-en-al-20-0
[2019-03-08 10:52]   config 'optimizer': adam
[2019-03-08 10:52]   config 'original_positives': 0
[2019-03-08 10:52]   config 'punc_len': 0
[2019-03-08 10:52]   config 'random_negatives': 2
[2019-03-08 10:52]   config 'random_positives': 2
[2019-03-08 10:52]   config 'random_proba_1': 0.1
[2019-03-08 10:52]   config 'random_proba_2': 0.1
[2019-03-08 10:52]   config 'random_proba_3': 0.9
[2019-03-08 10:52]   config 'rnn_act': tanh
[2019-03-08 10:52]   config 'rnn_dim': 20
[2019-03-08 10:52]   config 'rnn_dropout_U': 0.0
[2019-03-08 10:52]   config 'rnn_dropout_W': 0.0
[2019-03-08 10:52]   config 'rnn_dropout_merge': 0.3
[2019-03-08 10:52]   config 'rnn_merge': concat
[2019-03-08 10:52]   config 'rnn_num': 12
[2019-03-08 10:52]   config 'rnn_shared': aspect
[2019-03-08 10:52]   config 'rnn_type': lstm-fwd
[2019-03-08 10:52]   config 'rnn_zoneout_c': 0.0
[2019-03-08 10:52]   config 'rnn_zoneout_h': 0.0
[2019-03-08 10:52]   config 'snapshot_size': 2048
[2019-03-08 10:52]   config 'train_dir': data/conll16st-en-03-29-16-train
[2019-03-08 10:52]   config 'valid_dir': data/conll16st-en-03-29-16-dev
[2019-03-08 10:52]   config 'words2vec_bin': None
[2019-03-08 10:52]   config 'words2vec_txt': None
[2019-03-08 10:52]   config 'words_crop': None
[2019-03-08 10:52]   config 'words_dim': 20
[2019-03-08 10:52]   config 'words_dropout': 0.3
[2019-03-08 10:52]   config 'words_shared': global
[2019-03-08 10:52]   config 'words_trainable': True
[2019-03-08 10:52] load dataset for training (data/conll16st-en-03-29-16-train)
[2019-03-08 10:55]   lang: en, doc_ids: 1756, words: 933049, rel_ids: 32535, relation tokens: 1159204
[2019-03-08 10:55] load dataset for validation (data/conll16st-en-03-29-16-dev)
[2019-03-08 10:55]   lang: en, doc_ids: 79, words: 39712, rel_ids: 1436, relation tokens: 48882
[2019-03-08 10:55] build indexes from training
[2019-03-08 10:55]   words2id: 43918, target2id: 23
[2019-03-08 10:55] target class distribution from training
[2019-03-08 10:55]   class 0 = 'None': None
[2019-03-08 10:55]   class 1 = '': None
[2019-03-08 10:55]   class 2 = 'Expansion.Conjunction': 7817
[2019-03-08 10:55]   class 3 = 'Comparison.Contrast': 4714
[2019-03-08 10:55]   class 4 = 'EntRel': 4133
[2019-03-08 10:55]   class 5 = 'Contingency.Cause.Reason': 3344
[2019-03-08 10:55]   class 6 = 'Expansion.Restatement': 2699
[2019-03-08 10:55]   class 7 = 'Contingency.Cause.Result': 2137
[2019-03-08 10:55]   class 8 = 'Temporal.Synchrony': 1499
[2019-03-08 10:55]   class 9 = 'Expansion.Instantiation': 1403
[2019-03-08 10:55]   class 10 = 'Comparison.Concession': 1293
[2019-03-08 10:55]   class 11 = 'Temporal.Asynchronous.Precedence': 1277
[2019-03-08 10:55]   class 12 = 'Contingency.Condition': 1197
[2019-03-08 10:55]   class 13 = 'Temporal.Asynchronous.Succession': 1014
[2019-03-08 10:55]   class 14 = 'Comparison': 992
[2019-03-08 10:55]   class 15 = 'Expansion': 630
[2019-03-08 10:55]   class 16 = 'Expansion.Alternative.Chosen alternative': 241
[2019-03-08 10:55]   class 17 = 'Expansion.Alternative': 210
[2019-03-08 10:55]   class 18 = 'Temporal': 27
[2019-03-08 10:55]   class 19 = 'Contingency': 24
[2019-03-08 10:55]   class 20 = 'Expansion.Exception': 15
[2019-03-08 10:55]   class 21 = 'Temporal.Asynchronous': 6
[2019-03-08 10:55]   class 22 = 'Contingency.Cause': 2
[2019-03-08 10:55] build model
____________________________________________________________________________________________________
Layer (type)                     Output Shape          Param #     Connected to                     
====================================================================================================
arg1_ids (InputLayer)            (None, 20)            0                                            
____________________________________________________________________________________________________
arg2_ids (InputLayer)            (None, 20)            0                                            
____________________________________________________________________________________________________
conn_ids (InputLayer)            (None, 10)            0                                            
____________________________________________________________________________________________________
embedding_1 (Embedding)          multiple              878360      arg1_ids[0][0]                   
                                                                   arg2_ids[0][0]                   
                                                                   conn_ids[0][0]                   
____________________________________________________________________________________________________
shareablelstm_1 (ShareableLSTM)  multiple              1584        embedding_1[0][0]                
                                                                   embedding_1[1][0]                
                                                                   embedding_1[2][0]                
____________________________________________________________________________________________________
shareablelstm_2 (ShareableLSTM)  multiple              1584        embedding_1[0][0]                
                                                                   embedding_1[1][0]                
                                                                   embedding_1[2][0]                
____________________________________________________________________________________________________
merge_1 (Merge)                  (None, 20, 12)        0           shareablelstm_1[0][0]            
                                                                   shareablelstm_2[0][0]            
____________________________________________________________________________________________________
merge_15 (Merge)                 (None, 20, 12)        0           shareablelstm_1[1][0]            
                                                                   shareablelstm_2[1][0]            
____________________________________________________________________________________________________
merge_29 (Merge)                 (None, 10, 12)        0           shareablelstm_1[2][0]            
                                                                   shareablelstm_2[2][0]            
____________________________________________________________________________________________________
arg1_filters (Activation)        (None, 20, 12)        0           merge_1[0][0]                    
____________________________________________________________________________________________________
arg2_filters (Activation)        (None, 20, 12)        0           merge_15[0][0]                   
____________________________________________________________________________________________________
conn_filters (Activation)        (None, 10, 12)        0           merge_29[0][0]                   
____________________________________________________________________________________________________
merge_2 (Merge)                  (None, 20, 20)        0           embedding_1[0][0]                
                                                                   arg1_filters[0][0]               
____________________________________________________________________________________________________
merge_3 (Merge)                  (None, 20, 20)        0           embedding_1[0][0]                
                                                                   arg1_filters[0][0]               
____________________________________________________________________________________________________
merge_4 (Merge)                  (None, 20, 20)        0           embedding_1[0][0]                
                                                                   arg1_filters[0][0]               
____________________________________________________________________________________________________
merge_5 (Merge)                  (None, 20, 20)        0           embedding_1[0][0]                
                                                                   arg1_filters[0][0]               
____________________________________________________________________________________________________
merge_6 (Merge)                  (None, 20, 20)        0           embedding_1[0][0]                
                                                                   arg1_filters[0][0]               
____________________________________________________________________________________________________
merge_7 (Merge)                  (None, 20, 20)        0           embedding_1[0][0]                
                                                                   arg1_filters[0][0]               
____________________________________________________________________________________________________
merge_8 (Merge)                  (None, 20, 20)        0           embedding_1[0][0]                
                                                                   arg1_filters[0][0]               
____________________________________________________________________________________________________
merge_9 (Merge)                  (None, 20, 20)        0           embedding_1[0][0]                
                                                                   arg1_filters[0][0]               
____________________________________________________________________________________________________
merge_10 (Merge)                 (None, 20, 20)        0           embedding_1[0][0]                
                                                                   arg1_filters[0][0]               
____________________________________________________________________________________________________
merge_11 (Merge)                 (None, 20, 20)        0           embedding_1[0][0]                
                                                                   arg1_filters[0][0]               
____________________________________________________________________________________________________
merge_12 (Merge)                 (None, 20, 20)        0           embedding_1[0][0]                
                                                                   arg1_filters[0][0]               
____________________________________________________________________________________________________
merge_13 (Merge)                 (None, 20, 20)        0           embedding_1[0][0]                
                                                                   arg1_filters[0][0]               
____________________________________________________________________________________________________
merge_16 (Merge)                 (None, 20, 20)        0           embedding_1[1][0]                
                                                                   arg2_filters[0][0]               
____________________________________________________________________________________________________
merge_17 (Merge)                 (None, 20, 20)        0           embedding_1[1][0]                
                                                                   arg2_filters[0][0]               
____________________________________________________________________________________________________
merge_18 (Merge)                 (None, 20, 20)        0           embedding_1[1][0]                
                                                                   arg2_filters[0][0]               
____________________________________________________________________________________________________
merge_19 (Merge)                 (None, 20, 20)        0           embedding_1[1][0]                
                                                                   arg2_filters[0][0]               
____________________________________________________________________________________________________
merge_20 (Merge)                 (None, 20, 20)        0           embedding_1[1][0]                
                                                                   arg2_filters[0][0]               
____________________________________________________________________________________________________
merge_21 (Merge)                 (None, 20, 20)        0           embedding_1[1][0]                
                                                                   arg2_filters[0][0]               
____________________________________________________________________________________________________
merge_22 (Merge)                 (None, 20, 20)        0           embedding_1[1][0]                
                                                                   arg2_filters[0][0]               
____________________________________________________________________________________________________
merge_23 (Merge)                 (None, 20, 20)        0           embedding_1[1][0]                
                                                                   arg2_filters[0][0]               
____________________________________________________________________________________________________
merge_24 (Merge)                 (None, 20, 20)        0           embedding_1[1][0]                
                                                                   arg2_filters[0][0]               
____________________________________________________________________________________________________
merge_25 (Merge)                 (None, 20, 20)        0           embedding_1[1][0]                
                                                                   arg2_filters[0][0]               
____________________________________________________________________________________________________
merge_26 (Merge)                 (None, 20, 20)        0           embedding_1[1][0]                
                                                                   arg2_filters[0][0]               
____________________________________________________________________________________________________
merge_27 (Merge)                 (None, 20, 20)        0           embedding_1[1][0]                
                                                                   arg2_filters[0][0]               
____________________________________________________________________________________________________
merge_30 (Merge)                 (None, 10, 20)        0           embedding_1[2][0]                
                                                                   conn_filters[0][0]               
____________________________________________________________________________________________________
merge_31 (Merge)                 (None, 10, 20)        0           embedding_1[2][0]                
                                                                   conn_filters[0][0]               
____________________________________________________________________________________________________
merge_32 (Merge)                 (None, 10, 20)        0           embedding_1[2][0]                
                                                                   conn_filters[0][0]               
____________________________________________________________________________________________________
merge_33 (Merge)                 (None, 10, 20)        0           embedding_1[2][0]                
                                                                   conn_filters[0][0]               
____________________________________________________________________________________________________
merge_34 (Merge)                 (None, 10, 20)        0           embedding_1[2][0]                
                                                                   conn_filters[0][0]               
____________________________________________________________________________________________________
merge_35 (Merge)                 (None, 10, 20)        0           embedding_1[2][0]                
                                                                   conn_filters[0][0]               
____________________________________________________________________________________________________
merge_36 (Merge)                 (None, 10, 20)        0           embedding_1[2][0]                
                                                                   conn_filters[0][0]               
____________________________________________________________________________________________________
merge_37 (Merge)                 (None, 10, 20)        0           embedding_1[2][0]                
                                                                   conn_filters[0][0]               
____________________________________________________________________________________________________
merge_38 (Merge)                 (None, 10, 20)        0           embedding_1[2][0]                
                                                                   conn_filters[0][0]               
____________________________________________________________________________________________________
merge_39 (Merge)                 (None, 10, 20)        0           embedding_1[2][0]                
                                                                   conn_filters[0][0]               
____________________________________________________________________________________________________
merge_40 (Merge)                 (None, 10, 20)        0           embedding_1[2][0]                
                                                                   conn_filters[0][0]               
____________________________________________________________________________________________________
merge_41 (Merge)                 (None, 10, 20)        0           embedding_1[2][0]                
                                                                   conn_filters[0][0]               
____________________________________________________________________________________________________
shareablelstm_3 (ShareableLSTM)  (None, 20)            3280        merge_2[0][0]                    
                                                                   merge_16[0][0]                   
                                                                   merge_30[0][0]                   
____________________________________________________________________________________________________
shareablelstm_5 (ShareableLSTM)  (None, 20)            3280        merge_3[0][0]                    
                                                                   merge_17[0][0]                   
                                                                   merge_31[0][0]                   
____________________________________________________________________________________________________
shareablelstm_7 (ShareableLSTM)  (None, 20)            3280        merge_4[0][0]                    
                                                                   merge_18[0][0]                   
                                                                   merge_32[0][0]                   
____________________________________________________________________________________________________
shareablelstm_9 (ShareableLSTM)  (None, 20)            3280        merge_5[0][0]                    
                                                                   merge_19[0][0]                   
                                                                   merge_33[0][0]                   
____________________________________________________________________________________________________
shareablelstm_11 (ShareableLSTM) (None, 20)            3280        merge_6[0][0]                    
                                                                   merge_20[0][0]                   
                                                                   merge_34[0][0]                   
____________________________________________________________________________________________________
shareablelstm_13 (ShareableLSTM) (None, 20)            3280        merge_7[0][0]                    
                                                                   merge_21[0][0]                   
                                                                   merge_35[0][0]                   
____________________________________________________________________________________________________
shareablelstm_15 (ShareableLSTM) (None, 20)            3280        merge_8[0][0]                    
                                                                   merge_22[0][0]                   
                                                                   merge_36[0][0]                   
____________________________________________________________________________________________________
shareablelstm_17 (ShareableLSTM) (None, 20)            3280        merge_9[0][0]                    
                                                                   merge_23[0][0]                   
                                                                   merge_37[0][0]                   
____________________________________________________________________________________________________
shareablelstm_19 (ShareableLSTM) (None, 20)            3280        merge_10[0][0]                   
                                                                   merge_24[0][0]                   
                                                                   merge_38[0][0]                   
____________________________________________________________________________________________________
shareablelstm_21 (ShareableLSTM) (None, 20)            3280        merge_11[0][0]                   
                                                                   merge_25[0][0]                   
                                                                   merge_39[0][0]                   
____________________________________________________________________________________________________
shareablelstm_23 (ShareableLSTM) (None, 20)            3280        merge_12[0][0]                   
                                                                   merge_26[0][0]                   
                                                                   merge_40[0][0]                   
____________________________________________________________________________________________________
shareablelstm_25 (ShareableLSTM) (None, 20)            3280        merge_13[0][0]                   
                                                                   merge_27[0][0]                   
                                                                   merge_41[0][0]                   
____________________________________________________________________________________________________
merge_14 (Merge)                 (None, 240)           0           shareablelstm_3[0][0]            
                                                                   shareablelstm_5[0][0]            
                                                                   shareablelstm_7[0][0]            
                                                                   shareablelstm_9[0][0]            
                                                                   shareablelstm_11[0][0]           
                                                                   shareablelstm_13[0][0]           
                                                                   shareablelstm_15[0][0]           
                                                                   shareablelstm_17[0][0]           
                                                                   shareablelstm_19[0][0]           
                                                                   shareablelstm_21[0][0]           
                                                                   shareablelstm_23[0][0]           
                                                                   shareablelstm_25[0][0]           
____________________________________________________________________________________________________
merge_28 (Merge)                 (None, 240)           0           shareablelstm_3[1][0]            
                                                                   shareablelstm_5[1][0]            
                                                                   shareablelstm_7[1][0]            
                                                                   shareablelstm_9[1][0]            
                                                                   shareablelstm_11[1][0]           
                                                                   shareablelstm_13[1][0]           
                                                                   shareablelstm_15[1][0]           
                                                                   shareablelstm_17[1][0]           
                                                                   shareablelstm_19[1][0]           
                                                                   shareablelstm_21[1][0]           
                                                                   shareablelstm_23[1][0]           
                                                                   shareablelstm_25[1][0]           
____________________________________________________________________________________________________
merge_42 (Merge)                 (None, 240)           0           shareablelstm_3[2][0]            
                                                                   shareablelstm_5[2][0]            
                                                                   shareablelstm_7[2][0]            
                                                                   shareablelstm_9[2][0]            
                                                                   shareablelstm_11[2][0]           
                                                                   shareablelstm_13[2][0]           
                                                                   shareablelstm_15[2][0]           
                                                                   shareablelstm_17[2][0]           
                                                                   shareablelstm_19[2][0]           
                                                                   shareablelstm_21[2][0]           
                                                                   shareablelstm_23[2][0]           
                                                                   shareablelstm_25[2][0]           
____________________________________________________________________________________________________
dropout_1 (Dropout)              (None, 240)           0           merge_14[0][0]                   
____________________________________________________________________________________________________
dropout_2 (Dropout)              (None, 240)           0           merge_28[0][0]                   
____________________________________________________________________________________________________
dropout_3 (Dropout)              (None, 240)           0           merge_42[0][0]                   
____________________________________________________________________________________________________
merge_43 (Merge)                 (None, 720)           0           dropout_1[0][0]                  
                                                                   dropout_2[0][0]                  
                                                                   dropout_3[0][0]                  
____________________________________________________________________________________________________
dense_1 (Dense)                  (None, 80)            57680       merge_43[0][0]                   
____________________________________________________________________________________________________
srelu_1 (SReLU)                  (None, 80)            320         dense_1[0][0]                    
____________________________________________________________________________________________________
dropout_4 (Dropout)              (None, 80)            0           srelu_1[0][0]                    
____________________________________________________________________________________________________
dense_2 (Dense)                  (None, 23)            1863        dropout_4[0][0]                  
____________________________________________________________________________________________________
target (Activation)              (None, 23)            0           dense_2[0][0]                    
====================================================================================================
Total params: 980,751
Trainable params: 980,751
Non-trainable params: 0
____________________________________________________________________________________________________
[2019-03-08 11:10] initialize weights
[2019-03-08 11:10] training preparation
[2019-03-08 11:10] train model (ex/conll16st-v35-en-al-20-0)
Epoch 1/1000
12992/13056 [============================>.] - ETA: 0s - loss: 1.6627
- val_loss: 2.5589
- val_all_f1:  0.2202 0.2202 0.2202
- val_exp_f1:  0.2807 0.2807 0.2807
- val_non_f1:  0.1669 0.1669 0.1669

13056/13056 [==============================] - 59s - loss: 1.6615 - val_loss: 2.5589
Epoch 2/1000
12992/13056 [============================>.] - ETA: 0s - loss: 1.2794
- val_loss: 2.3986
- val_all_f1:  0.2251 0.2251 0.2251
- val_exp_f1:  0.2898 0.2898 0.2898
- val_non_f1:  0.1682 0.1682 0.1682

13056/13056 [==============================] - 59s - loss: 1.2801 - val_loss: 2.3986
Epoch 3/1000
12992/13056 [============================>.] - ETA: 0s - loss: 1.2090
- val_loss: 2.1368
- val_all_f1:  0.3473 0.3473 0.3473
- val_exp_f1:  0.4901 0.4901 0.4901
- val_non_f1:  0.2228 0.2216 0.2222

13056/13056 [==============================] - 59s - loss: 1.2079 - val_loss: 2.1368
Epoch 4/1000
12992/13056 [============================>.] - ETA: 0s - loss: 1.1422
- val_loss: 2.0025
- val_all_f1:  0.3913 0.3913 0.3913
- val_exp_f1:  0.6237 0.6237 0.6237
- val_non_f1:  0.1884 0.1869 0.1877

13056/13056 [==============================] - 59s - loss: 1.1413 - val_loss: 2.0025
Epoch 5/1000
12992/13056 [============================>.] - ETA: 0s - loss: 1.0728
- val_loss: 1.8373
- val_all_f1:  0.4901 0.4901 0.4901
- val_exp_f1:  0.7390 0.7390 0.7390
- val_non_f1:  0.2718 0.2710 0.2714

13056/13056 [==============================] - 59s - loss: 1.0723 - val_loss: 1.8373
Epoch 6/1000
12992/13056 [============================>.] - ETA: 0s - loss: 1.0394
- val_loss: 1.7667
- val_all_f1:  0.4908 0.4908 0.4908
- val_exp_f1:  0.7447 0.7436 0.7441
- val_non_f1:  0.2687 0.2684 0.2685

13056/13056 [==============================] - 59s - loss: 1.0389 - val_loss: 1.7667
Epoch 7/1000
12992/13056 [============================>.] - ETA: 0s - loss: 1.0280
- val_loss: 1.7597
- val_all_f1:  0.5341 0.5341 0.5341
- val_exp_f1:  0.7675 0.7663 0.7669
- val_non_f1:  0.3302 0.3298 0.3300

13056/13056 [==============================] - 59s - loss: 1.0278 - val_loss: 1.7597
Epoch 8/1000
12992/13056 [============================>.] - ETA: 0s - loss: 1.0185
- val_loss: 1.7079
- val_all_f1:  0.4893 0.4893 0.4893
- val_exp_f1:  0.7860 0.7860 0.7860
- val_non_f1:  0.2286 0.2283 0.2285

13056/13056 [==============================] - 59s - loss: 1.0184 - val_loss: 1.7079
Epoch 9/1000
12992/13056 [============================>.] - ETA: 0s - loss: 1.0142
- val_loss: 1.6786
- val_all_f1:  0.5050 0.5050 0.5050
- val_exp_f1:  0.7906 0.7906 0.7906
- val_non_f1:  0.2540 0.2537 0.2538

13056/13056 [==============================] - 59s - loss: 1.0143 - val_loss: 1.6786
Epoch 10/1000
12992/13056 [============================>.] - ETA: 0s - loss: 0.9708
- val_loss: 1.6971
- val_all_f1:  0.5462 0.5462 0.5462
- val_exp_f1:  0.8128 0.8103 0.8116
- val_non_f1:  0.3142 0.3138 0.3140

13056/13056 [==============================] - 59s - loss: 0.9707 - val_loss: 1.6971
Epoch 11/1000
12992/13056 [============================>.] - ETA: 0s - loss: 0.9841
- val_loss: 1.6234
- val_all_f1:  0.5511 0.5511 0.5511
- val_exp_f1:  0.7979 0.7906 0.7942
- val_non_f1:  0.3409 0.3405 0.3407

13056/13056 [==============================] - 59s - loss: 0.9825 - val_loss: 1.6234
Epoch 12/1000
12992/13056 [============================>.] - ETA: 0s - loss: 0.9714
- val_loss: 1.6568
- val_all_f1:  0.5078 0.5078 0.5078
- val_exp_f1:  0.8179 0.8179 0.8179
- val_non_f1:  0.2353 0.2350 0.2351

13056/13056 [==============================] - 58s - loss: 0.9729 - val_loss: 1.6568
Epoch 13/1000
12992/13056 [============================>.] - ETA: 0s - loss: 0.9440
- val_loss: 1.6071
- val_all_f1:  0.5455 0.5455 0.5455
- val_exp_f1:  0.8285 0.8285 0.8285
- val_non_f1:  0.2968 0.2964 0.2966

13056/13056 [==============================] - 59s - loss: 0.9455 - val_loss: 1.6071
Epoch 14/1000
12992/13056 [============================>.] - ETA: 0s - loss: 0.9602
- val_loss: 1.6184
- val_all_f1:  0.4993 0.4993 0.4993
- val_exp_f1:  0.8285 0.8285 0.8285
- val_non_f1:  0.2099 0.2096 0.2098

13056/13056 [==============================] - 58s - loss: 0.9602 - val_loss: 1.6184
Epoch 15/1000
12992/13056 [============================>.] - ETA: 0s - loss: 0.9539
- val_loss: 1.5946
- val_all_f1:  0.5561 0.5561 0.5561
- val_exp_f1:  0.8298 0.8285 0.8292
- val_non_f1:  0.3168 0.3164 0.3166

13056/13056 [==============================] - 58s - loss: 0.9544 - val_loss: 1.5946
Epoch 16/1000
12992/13056 [============================>.] - ETA: 0s - loss: 0.9460
- val_loss: 1.5991
- val_all_f1:  0.5376 0.5376 0.5376
- val_exp_f1:  0.8313 0.8300 0.8307
- val_non_f1:  0.2807 0.2804 0.2806

13056/13056 [==============================] - 58s - loss: 0.9446 - val_loss: 1.5991
Epoch 17/1000
12992/13056 [============================>.] - ETA: 0s - loss: 0.9300
- val_loss: 1.5576
- val_all_f1:  0.5604 0.5604 0.5604
- val_exp_f1:  0.8359 0.8346 0.8352
- val_non_f1:  0.3191 0.3191 0.3191

13056/13056 [==============================] - 59s - loss: 0.9295 - val_loss: 1.5576
Epoch 18/1000
12992/13056 [============================>.] - ETA: 0s - loss: 0.9294
- val_loss: 1.5594
- val_all_f1:  0.5568 0.5568 0.5568
- val_exp_f1:  0.8374 0.8361 0.8368
- val_non_f1:  0.3111 0.3111 0.3111

13056/13056 [==============================] - 58s - loss: 0.9285 - val_loss: 1.5594
Epoch 19/1000
12992/13056 [============================>.] - ETA: 0s - loss: 0.9209
- val_loss: 1.5668
- val_all_f1:  0.5589 0.5589 0.5589
- val_exp_f1:  0.8283 0.8270 0.8276
- val_non_f1:  0.3231 0.3231 0.3231

13056/13056 [==============================] - 58s - loss: 0.9203 - val_loss: 1.5668
Epoch 20/1000
12992/13056 [============================>.] - ETA: 0s - loss: 0.9185
- val_loss: 1.5526
- val_all_f1:  0.5717 0.5717 0.5717
- val_exp_f1:  0.8495 0.8483 0.8489
- val_non_f1:  0.3284 0.3284 0.3284

13056/13056 [==============================] - 59s - loss: 0.9189 - val_loss: 1.5526
Epoch 21/1000
12992/13056 [============================>.] - ETA: 0s - loss: 0.9029
- val_loss: 1.5340
- val_all_f1:  0.5398 0.5398 0.5398
- val_exp_f1:  0.8558 0.8558 0.8558
- val_non_f1:  0.2617 0.2617 0.2617

13056/13056 [==============================] - 59s - loss: 0.9010 - val_loss: 1.5340
Epoch 22/1000
12992/13056 [============================>.] - ETA: 0s - loss: 0.8968
- val_loss: 1.5241
- val_all_f1:  0.5646 0.5646 0.5646
- val_exp_f1:  0.8632 0.8619 0.8626
- val_non_f1:  0.3031 0.3031 0.3031

13056/13056 [==============================] - 59s - loss: 0.8951 - val_loss: 1.5241
Epoch 23/1000
12992/13056 [============================>.] - ETA: 0s - loss: 0.9015
- val_loss: 1.5303
- val_all_f1:  0.5795 0.5795 0.5795
- val_exp_f1:  0.8710 0.8710 0.8710
- val_non_f1:  0.3231 0.3231 0.3231

13056/13056 [==============================] - 58s - loss: 0.9006 - val_loss: 1.5303
Epoch 24/1000
12992/13056 [============================>.] - ETA: 0s - loss: 0.9097
- val_loss: 1.5127
- val_all_f1:  0.5469 0.5469 0.5469
- val_exp_f1:  0.8816 0.8816 0.8816
- val_non_f1:  0.2523 0.2523 0.2523

13056/13056 [==============================] - 58s - loss: 0.9099 - val_loss: 1.5127
Epoch 25/1000
12992/13056 [============================>.] - ETA: 0s - loss: 0.8940
- val_loss: 1.5154
- val_all_f1:  0.5852 0.5852 0.5852
- val_exp_f1:  0.8832 0.8832 0.8832
- val_non_f1:  0.3231 0.3231 0.3231

13056/13056 [==============================] - 59s - loss: 0.8941 - val_loss: 1.5154
Epoch 26/1000
12992/13056 [============================>.] - ETA: 0s - loss: 0.8865
- val_loss: 1.5438
- val_all_f1:  0.5696 0.5696 0.5696
- val_exp_f1:  0.8771 0.8771 0.8771
- val_non_f1:  0.2991 0.2991 0.2991

13056/13056 [==============================] - 58s - loss: 0.8870 - val_loss: 1.5438
Epoch 27/1000
12992/13056 [============================>.] - ETA: 0s - loss: 0.8903
- val_loss: 1.4716
- val_all_f1:  0.5888 0.5888 0.5888
- val_exp_f1:  0.8710 0.8710 0.8710
- val_non_f1:  0.3405 0.3405 0.3405

13056/13056 [==============================] - 59s - loss: 0.8892 - val_loss: 1.4716
Epoch 28/1000
12992/13056 [============================>.] - ETA: 0s - loss: 0.8703
- val_loss: 1.4711
- val_all_f1:  0.5866 0.5866 0.5866
- val_exp_f1:  0.8877 0.8877 0.8877
- val_non_f1:  0.3218 0.3218 0.3218

13056/13056 [==============================] - 59s - loss: 0.8703 - val_loss: 1.4711
Epoch 29/1000
12992/13056 [============================>.] - ETA: 0s - loss: 0.8716
- val_loss: 1.5328
- val_all_f1:  0.5760 0.5760 0.5760
- val_exp_f1:  0.8498 0.8498 0.8498
- val_non_f1:  0.3351 0.3351 0.3351

13056/13056 [==============================] - 58s - loss: 0.8727 - val_loss: 1.5328
Epoch 30/1000
12992/13056 [============================>.] - ETA: 0s - loss: 0.8711
- val_loss: 1.4724
- val_all_f1:  0.6122 0.6122 0.6122
- val_exp_f1:  0.8862 0.8862 0.8862
- val_non_f1:  0.3712 0.3712 0.3712

13056/13056 [==============================] - 58s - loss: 0.8714 - val_loss: 1.4724
Epoch 31/1000
12992/13056 [============================>.] - ETA: 0s - loss: 0.8448
- val_loss: 1.4750
- val_all_f1:  0.5810 0.5810 0.5810
- val_exp_f1:  0.8786 0.8786 0.8786
- val_non_f1:  0.3191 0.3191 0.3191

13056/13056 [==============================] - 58s - loss: 0.8447 - val_loss: 1.4750
Epoch 32/1000
12992/13056 [============================>.] - ETA: 0s - loss: 0.8705
- val_loss: 1.4569
- val_all_f1:  0.5795 0.5795 0.5795
- val_exp_f1:  0.8892 0.8892 0.8892
- val_non_f1:  0.3071 0.3071 0.3071

13056/13056 [==============================] - 58s - loss: 0.8699 - val_loss: 1.4569
Epoch 33/1000
12992/13056 [============================>.] - ETA: 0s - loss: 0.8498
- val_loss: 1.4267
- val_all_f1:  0.5902 0.5902 0.5902
- val_exp_f1:  0.8923 0.8923 0.8923
- val_non_f1:  0.3244 0.3244 0.3244

13056/13056 [==============================] - 58s - loss: 0.8505 - val_loss: 1.4267
Epoch 34/1000
12992/13056 [============================>.] - ETA: 0s - loss: 0.8644
- val_loss: 1.4808
- val_all_f1:  0.5746 0.5746 0.5746
- val_exp_f1:  0.8938 0.8938 0.8938
- val_non_f1:  0.2937 0.2937 0.2937

13056/13056 [==============================] - 58s - loss: 0.8635 - val_loss: 1.4808
Epoch 35/1000
12992/13056 [============================>.] - ETA: 0s - loss: 0.8226
- val_loss: 1.4062
- val_all_f1:  0.6044 0.6044 0.6044
- val_exp_f1:  0.8953 0.8953 0.8953
- val_non_f1:  0.3485 0.3485 0.3485

13056/13056 [==============================] - 58s - loss: 0.8222 - val_loss: 1.4062
Epoch 36/1000
12992/13056 [============================>.] - ETA: 0s - loss: 0.8321
- val_loss: 1.4515
- val_all_f1:  0.5795 0.5795 0.5795
- val_exp_f1:  0.8892 0.8892 0.8892
- val_non_f1:  0.3071 0.3071 0.3071

13056/13056 [==============================] - 58s - loss: 0.8321 - val_loss: 1.4515
Epoch 37/1000
12992/13056 [============================>.] - ETA: 0s - loss: 0.8197
- val_loss: 1.4294
- val_all_f1:  0.6009 0.6009 0.6009
- val_exp_f1:  0.8923 0.8923 0.8923
- val_non_f1:  0.3445 0.3445 0.3445

13056/13056 [==============================] - 58s - loss: 0.8200 - val_loss: 1.4294
Epoch 38/1000
12992/13056 [============================>.] - ETA: 0s - loss: 0.8369
- val_loss: 1.4008
- val_all_f1:  0.6087 0.6087 0.6087
- val_exp_f1:  0.8968 0.8968 0.8968
- val_non_f1:  0.3551 0.3551 0.3551

13056/13056 [==============================] - 59s - loss: 0.8372 - val_loss: 1.4008
Epoch 39/1000
12992/13056 [============================>.] - ETA: 0s - loss: 0.8340
- val_loss: 1.3846
- val_all_f1:  0.6186 0.6186 0.6186
- val_exp_f1:  0.9044 0.9044 0.9044
- val_non_f1:  0.3672 0.3672 0.3672

13056/13056 [==============================] - 59s - loss: 0.8361 - val_loss: 1.3846
Epoch 40/1000
12992/13056 [============================>.] - ETA: 0s - loss: 0.8193
- val_loss: 1.3977
- val_all_f1:  0.6108 0.6108 0.6108
- val_exp_f1:  0.8998 0.8998 0.8998
- val_non_f1:  0.3565 0.3565 0.3565

13056/13056 [==============================] - 58s - loss: 0.8190 - val_loss: 1.3977
Epoch 41/1000
12992/13056 [============================>.] - ETA: 0s - loss: 0.7819
- val_loss: 1.4790
- val_all_f1:  0.5866 0.5866 0.5866
- val_exp_f1:  0.8998 0.8998 0.8998
- val_non_f1:  0.3115 0.3111 0.3113

13056/13056 [==============================] - 59s - loss: 0.7822 - val_loss: 1.4790
Epoch 42/1000
12992/13056 [============================>.] - ETA: 0s - loss: 0.8023
- val_loss: 1.4502
- val_all_f1:  0.6023 0.6023 0.6023
- val_exp_f1:  0.8892 0.8892 0.8892
- val_non_f1:  0.3498 0.3498 0.3498

13056/13056 [==============================] - 58s - loss: 0.8041 - val_loss: 1.4502
Epoch 43/1000
12992/13056 [============================>.] - ETA: 0s - loss: 0.8191
- val_loss: 1.4923
- val_all_f1:  0.5831 0.5831 0.5831
- val_exp_f1:  0.8938 0.8938 0.8938
- val_non_f1:  0.3097 0.3097 0.3097

13056/13056 [==============================] - 58s - loss: 0.8182 - val_loss: 1.4923
Epoch 44/1000
12992/13056 [============================>.] - ETA: 0s - loss: 0.7917
- val_loss: 1.4179
- val_all_f1:  0.6094 0.6094 0.6094
- val_exp_f1:  0.8953 0.8953 0.8953
- val_non_f1:  0.3578 0.3578 0.3578

13056/13056 [==============================] - 58s - loss: 0.7919 - val_loss: 1.4179
Epoch 45/1000
12992/13056 [============================>.] - ETA: 0s - loss: 0.7764
- val_loss: 1.3894
- val_all_f1:  0.6172 0.6172 0.6172
- val_exp_f1:  0.9029 0.9029 0.9029
- val_non_f1:  0.3658 0.3658 0.3658

13056/13056 [==============================] - 59s - loss: 0.7763 - val_loss: 1.3894
Epoch 46/1000
12992/13056 [============================>.] - ETA: 0s - loss: 0.7951
- val_loss: 1.4116
- val_all_f1:  0.5923 0.5923 0.5923
- val_exp_f1:  0.9059 0.9059 0.9059
- val_non_f1:  0.3164 0.3164 0.3164

13056/13056 [==============================] - 58s - loss: 0.7961 - val_loss: 1.4116
Epoch 47/1000
12992/13056 [============================>.] - ETA: 0s - loss: 0.8015
- val_loss: 1.3658
- val_all_f1:  0.6158 0.6158 0.6158
- val_exp_f1:  0.9044 0.9044 0.9044
- val_non_f1:  0.3618 0.3618 0.3618

13056/13056 [==============================] - 58s - loss: 0.8011 - val_loss: 1.3658
Epoch 48/1000
12992/13056 [============================>.] - ETA: 0s - loss: 0.7759
- val_loss: 1.4508
- val_all_f1:  0.5959 0.5959 0.5959
- val_exp_f1:  0.8923 0.8923 0.8923
- val_non_f1:  0.3351 0.3351 0.3351

13056/13056 [==============================] - 58s - loss: 0.7764 - val_loss: 1.4508
Epoch 49/1000
12992/13056 [============================>.] - ETA: 0s - loss: 0.7868
- val_loss: 1.4282
- val_all_f1:  0.5945 0.5945 0.5945
- val_exp_f1:  0.9044 0.9044 0.9044
- val_non_f1:  0.3218 0.3218 0.3218

13056/13056 [==============================] - 58s - loss: 0.7864 - val_loss: 1.4282
Epoch 50/1000
12992/13056 [============================>.] - ETA: 0s - loss: 0.7947
- val_loss: 1.4367
- val_all_f1:  0.5945 0.5945 0.5945
- val_exp_f1:  0.9059 0.9059 0.9059
- val_non_f1:  0.3204 0.3204 0.3204

13056/13056 [==============================] - 58s - loss: 0.7943 - val_loss: 1.4367
Epoch 51/1000
12992/13056 [============================>.] - ETA: 0s - loss: 0.7398
- val_loss: 1.4583
- val_all_f1:  0.6009 0.6009 0.6009
- val_exp_f1:  0.9105 0.9105 0.9105
- val_non_f1:  0.3284 0.3284 0.3284

13056/13056 [==============================] - 58s - loss: 0.7400 - val_loss: 1.4583
Epoch 52/1000
12992/13056 [============================>.] - ETA: 0s - loss: 0.7618
- val_loss: 1.4541
- val_all_f1:  0.5895 0.5895 0.5895
- val_exp_f1:  0.9120 0.9120 0.9120
- val_non_f1:  0.3057 0.3057 0.3057

13056/13056 [==============================] - 58s - loss: 0.7614 - val_loss: 1.4541
Epoch 53/1000
12992/13056 [============================>.] - ETA: 0s - loss: 0.7413
- val_loss: 1.4606
- val_all_f1:  0.5909 0.5909 0.5909
- val_exp_f1:  0.9044 0.9044 0.9044
- val_non_f1:  0.3151 0.3151 0.3151

13056/13056 [==============================] - 58s - loss: 0.7407 - val_loss: 1.4606
Epoch 54/1000
12992/13056 [============================>.] - ETA: 0s - loss: 0.7521
- val_loss: 1.4141
- val_all_f1:  0.5973 0.5973 0.5973
- val_exp_f1:  0.8998 0.8998 0.8998
- val_non_f1:  0.3311 0.3311 0.3311

13056/13056 [==============================] - 58s - loss: 0.7529 - val_loss: 1.4141
Epoch 55/1000
12992/13056 [============================>.] - ETA: 0s - loss: 0.7431
- val_loss: 1.5193
- val_all_f1:  0.5852 0.5852 0.5852
- val_exp_f1:  0.8983 0.8983 0.8983
- val_non_f1:  0.3097 0.3097 0.3097

13056/13056 [==============================] - 58s - loss: 0.7428 - val_loss: 1.5193
Epoch 56/1000
12992/13056 [============================>.] - ETA: 0s - loss: 0.7339
- val_loss: 1.4674
- val_all_f1:  0.5952 0.5952 0.5952
- val_exp_f1:  0.8938 0.8938 0.8938
- val_non_f1:  0.3324 0.3324 0.3324

13056/13056 [==============================] - 58s - loss: 0.7334 - val_loss: 1.4674
Epoch 57/1000
12992/13056 [============================>.] - ETA: 0s - loss: 0.7552
- val_loss: 1.4757
- val_all_f1:  0.5945 0.5945 0.5945
- val_exp_f1:  0.8998 0.8998 0.8998
- val_non_f1:  0.3258 0.3258 0.3258

13056/13056 [==============================] - 58s - loss: 0.7544 - val_loss: 1.4757
Epoch 58/1000
12992/13056 [============================>.] - ETA: 0s - loss: 0.7267
- val_loss: 1.4170
- val_all_f1:  0.6001 0.6001 0.6001
- val_exp_f1:  0.9074 0.9074 0.9074
- val_non_f1:  0.3298 0.3298 0.3298

13056/13056 [==============================] - 58s - loss: 0.7260 - val_loss: 1.4170
Epoch 59/1000
12992/13056 [============================>.] - ETA: 0s - loss: 0.7673
- val_loss: 1.4209
- val_all_f1:  0.5987 0.5987 0.5987
- val_exp_f1:  0.9105 0.9105 0.9105
- val_non_f1:  0.3244 0.3244 0.3244

13056/13056 [==============================] - 58s - loss: 0.7675 - val_loss: 1.4209
Epoch 60/1000
12992/13056 [============================>.] - ETA: 0s - loss: 0.7530
- val_loss: 1.4280
- val_all_f1:  0.5930 0.5930 0.5930
- val_exp_f1:  0.8847 0.8847 0.8847
- val_non_f1:  0.3364 0.3364 0.3364

13056/13056 [==============================] - 58s - loss: 0.7526 - val_loss: 1.4280
Epoch 61/1000
12992/13056 [============================>.] - ETA: 0s - loss: 0.6834
- val_loss: 1.4799
- val_all_f1:  0.5838 0.5838 0.5838
- val_exp_f1:  0.9014 0.9014 0.9014
- val_non_f1:  0.3048 0.3044 0.3046

13056/13056 [==============================] - 58s - loss: 0.6832 - val_loss: 1.4799
Epoch 62/1000
12992/13056 [============================>.] - ETA: 0s - loss: 0.7188
- val_loss: 1.5386
- val_all_f1:  0.5795 0.5795 0.5795
- val_exp_f1:  0.8892 0.8892 0.8892
- val_non_f1:  0.3071 0.3071 0.3071

13056/13056 [==============================] - 58s - loss: 0.7185 - val_loss: 1.5386
Epoch 63/1000
12992/13056 [============================>.] - ETA: 0s - loss: 0.7089
- val_loss: 1.4918
- val_all_f1:  0.5938 0.5938 0.5938
- val_exp_f1:  0.8983 0.8983 0.8983
- val_non_f1:  0.3262 0.3258 0.3260

13056/13056 [==============================] - 58s - loss: 0.7103 - val_loss: 1.4918
Epoch 64/1000
12992/13056 [============================>.] - ETA: 0s - loss: 0.6964
- val_loss: 1.5802
- val_all_f1:  0.5639 0.5639 0.5639
- val_exp_f1:  0.8801 0.8801 0.8801
- val_non_f1:  0.2857 0.2857 0.2857

13056/13056 [==============================] - 58s - loss: 0.6952 - val_loss: 1.5802
Epoch 65/1000
12992/13056 [============================>.] - ETA: 0s - loss: 0.6880
- val_loss: 1.4502
- val_all_f1:  0.5938 0.5938 0.5938
- val_exp_f1:  0.9059 0.9059 0.9059
- val_non_f1:  0.3191 0.3191 0.3191

13056/13056 [==============================] - 58s - loss: 0.6891 - val_loss: 1.4502
Epoch 66/1000
12992/13056 [============================>.] - ETA: 0s - loss: 0.7074
- val_loss: 1.4249
- val_all_f1:  0.5987 0.5987 0.5987
- val_exp_f1:  0.9090 0.9090 0.9090
- val_non_f1:  0.3258 0.3258 0.3258

13056/13056 [==============================] - 58s - loss: 0.7062 - val_loss: 1.4249
Epoch 67/1000
12992/13056 [============================>.] - ETA: 0s - loss: 0.7081
- val_loss: 1.4361
- val_all_f1:  0.6009 0.6009 0.6009
- val_exp_f1:  0.9090 0.9090 0.9090
- val_non_f1:  0.3298 0.3298 0.3298

13056/13056 [==============================] - 58s - loss: 0.7085 - val_loss: 1.4361
Epoch 68/1000
12992/13056 [============================>.] - ETA: 0s - loss: 0.7105
- val_loss: 1.4480
- val_all_f1:  0.6030 0.6030 0.6030
- val_exp_f1:  0.9090 0.9090 0.9090
- val_non_f1:  0.3338 0.3338 0.3338

13056/13056 [==============================] - 58s - loss: 0.7103 - val_loss: 1.4480
Epoch 69/1000
12992/13056 [============================>.] - ETA: 0s - loss: 0.7016
- val_loss: 1.4596
- val_all_f1:  0.6023 0.6023 0.6023
- val_exp_f1:  0.9029 0.9029 0.9029
- val_non_f1:  0.3378 0.3378 0.3378

13056/13056 [==============================] - 58s - loss: 0.7017 - val_loss: 1.4596
Epoch 70/1000
12992/13056 [============================>.] - ETA: 0s - loss: 0.6865
- val_loss: 1.4605
- val_all_f1:  0.6080 0.6080 0.6080
- val_exp_f1:  0.9059 0.9059 0.9059
- val_non_f1:  0.3458 0.3458 0.3458

13056/13056 [==============================] - 58s - loss: 0.6851 - val_loss: 1.4605
Epoch 71/1000
12992/13056 [============================>.] - ETA: 0s - loss: 0.6617
- val_loss: 1.5114
- val_all_f1:  0.6009 0.6009 0.6009
- val_exp_f1:  0.9029 0.9029 0.9029
- val_non_f1:  0.3351 0.3351 0.3351

13056/13056 [==============================] - 58s - loss: 0.6611 - val_loss: 1.5114
Epoch 72/1000
12992/13056 [============================>.] - ETA: 0s - loss: 0.6591
- val_loss: 1.4909
- val_all_f1:  0.5959 0.5959 0.5959
- val_exp_f1:  0.9014 0.9014 0.9014
- val_non_f1:  0.3271 0.3271 0.3271

13056/13056 [==============================] - 58s - loss: 0.6585 - val_loss: 1.4909
Epoch 73/1000
12992/13056 [============================>.] - ETA: 0s - loss: 0.6569
- val_loss: 1.4673
- val_all_f1:  0.5952 0.5952 0.5952
- val_exp_f1:  0.9059 0.9059 0.9059
- val_non_f1:  0.3218 0.3218 0.3218

13056/13056 [==============================] - 58s - loss: 0.6572 - val_loss: 1.4673
Epoch 74/1000
12992/13056 [============================>.] - ETA: 0s - loss: 0.6460
- val_loss: 1.5021
- val_all_f1:  0.5881 0.5881 0.5881
- val_exp_f1:  0.8953 0.8953 0.8953
- val_non_f1:  0.3178 0.3178 0.3178

13056/13056 [==============================] - 58s - loss: 0.6464 - val_loss: 1.5021
Epoch 75/1000
12992/13056 [============================>.] - ETA: 0s - loss: 0.6661
- val_loss: 1.4901
- val_all_f1:  0.5881 0.5881 0.5881
- val_exp_f1:  0.8907 0.8907 0.8907
- val_non_f1:  0.3218 0.3218 0.3218

13056/13056 [==============================] - 58s - loss: 0.6671 - val_loss: 1.4901
Epoch 76/1000
12992/13056 [============================>.] - ETA: 0s - loss: 0.6875
- val_loss: 1.4788
- val_all_f1:  0.5952 0.5952 0.5952
- val_exp_f1:  0.9029 0.9029 0.9029
- val_non_f1:  0.3244 0.3244 0.3244

13056/13056 [==============================] - 58s - loss: 0.6874 - val_loss: 1.4788
Epoch 77/1000
12992/13056 [============================>.] - ETA: 0s - loss: 0.6693
- val_loss: 1.5094
- val_all_f1:  0.5945 0.5945 0.5945
- val_exp_f1:  0.8998 0.8998 0.8998
- val_non_f1:  0.3258 0.3258 0.3258

13056/13056 [==============================] - 58s - loss: 0.6711 - val_loss: 1.5094
Epoch 78/1000
12992/13056 [============================>.] - ETA: 0s - loss: 0.6702
- val_loss: 1.5615
- val_all_f1:  0.5810 0.5810 0.5810
- val_exp_f1:  0.8953 0.8953 0.8953
- val_non_f1:  0.3044 0.3044 0.3044

13056/13056 [==============================] - 58s - loss: 0.6708 - val_loss: 1.5615
Epoch 79/1000
12992/13056 [============================>.] - ETA: 0s - loss: 0.6912
- val_loss: 1.5114
- val_all_f1:  0.5945 0.5945 0.5945
- val_exp_f1:  0.8953 0.8953 0.8953
- val_non_f1:  0.3298 0.3298 0.3298

13056/13056 [==============================] - 58s - loss: 0.6924 - val_loss: 1.5114
Epoch 80/1000
12992/13056 [============================>.] - ETA: 0s - loss: 0.6726
- val_loss: 1.5291
- val_all_f1:  0.5923 0.5923 0.5923
- val_exp_f1:  0.8923 0.8923 0.8923
- val_non_f1:  0.3284 0.3284 0.3284

13056/13056 [==============================] - 58s - loss: 0.6719 - val_loss: 1.5291
Epoch 81/1000
12992/13056 [============================>.] - ETA: 0s - loss: 0.6232
- val_loss: 1.5199
- val_all_f1:  0.5881 0.5881 0.5881
- val_exp_f1:  0.8953 0.8953 0.8953
- val_non_f1:  0.3182 0.3178 0.3180

13056/13056 [==============================] - 58s - loss: 0.6232 - val_loss: 1.5199
Epoch 82/1000
12992/13056 [============================>.] - ETA: 0s - loss: 0.6355
- val_loss: 1.5592
- val_all_f1:  0.5923 0.5923 0.5923
- val_exp_f1:  0.8953 0.8953 0.8953
- val_non_f1:  0.3258 0.3258 0.3258

13056/13056 [==============================] - 58s - loss: 0.6345 - val_loss: 1.5592
Epoch 83/1000
12992/13056 [============================>.] - ETA: 0s - loss: 0.6158
- val_loss: 1.5661
- val_all_f1:  0.5746 0.5746 0.5746
- val_exp_f1:  0.8938 0.8938 0.8938
- val_non_f1:  0.2937 0.2937 0.2937

13056/13056 [==============================] - 58s - loss: 0.6154 - val_loss: 1.5661
Epoch 84/1000
12992/13056 [============================>.] - ETA: 0s - loss: 0.6466
- val_loss: 1.5920
- val_all_f1:  0.5838 0.5838 0.5838
- val_exp_f1:  0.8938 0.8938 0.8938
- val_non_f1:  0.3111 0.3111 0.3111

13056/13056 [==============================] - 58s - loss: 0.6466 - val_loss: 1.5920
Epoch 85/1000
12992/13056 [============================>.] - ETA: 0s - loss: 0.6351
- val_loss: 1.5767
- val_all_f1:  0.5788 0.5788 0.5788
- val_exp_f1:  0.8907 0.8907 0.8907
- val_non_f1:  0.3044 0.3044 0.3044

13056/13056 [==============================] - 58s - loss: 0.6358 - val_loss: 1.5767
Epoch 86/1000
12992/13056 [============================>.] - ETA: 0s - loss: 0.6128
- val_loss: 1.5611
- val_all_f1:  0.5710 0.5710 0.5710
- val_exp_f1:  0.8741 0.8741 0.8741
- val_non_f1:  0.3044 0.3044 0.3044

13056/13056 [==============================] - 58s - loss: 0.6142 - val_loss: 1.5611
Epoch 87/1000
12992/13056 [============================>.] - ETA: 0s - loss: 0.6255
- val_loss: 1.4942
- val_all_f1:  0.5852 0.5852 0.5852
- val_exp_f1:  0.8953 0.8953 0.8953
- val_non_f1:  0.3128 0.3124 0.3126

13056/13056 [==============================] - 58s - loss: 0.6266 - val_loss: 1.4942
Epoch 88/1000
12992/13056 [============================>.] - ETA: 0s - loss: 0.6508
- val_loss: 1.5497
- val_all_f1:  0.5902 0.5902 0.5902
- val_exp_f1:  0.8877 0.8877 0.8877
- val_non_f1:  0.3284 0.3284 0.3284

13056/13056 [==============================] - 58s - loss: 0.6514 - val_loss: 1.5497
Epoch 89/1000
12992/13056 [============================>.] - ETA: 0s - loss: 0.6464
- val_loss: 1.4901
- val_all_f1:  0.5923 0.5923 0.5923
- val_exp_f1:  0.9059 0.9059 0.9059
- val_non_f1:  0.3164 0.3164 0.3164

13056/13056 [==============================] - 58s - loss: 0.6462 - val_loss: 1.4901
Epoch 90/1000
12992/13056 [============================>.] - ETA: 0s - loss: 0.6378
- val_loss: 1.6044
- val_all_f1:  0.5895 0.5895 0.5895
- val_exp_f1:  0.8877 0.8877 0.8877
- val_non_f1:  0.3271 0.3271 0.3271

13056/13056 [==============================] - 58s - loss: 0.6384 - val_loss: 1.6044
Epoch 91/1000
12992/13056 [============================>.] - ETA: 0s - loss: 0.5832
- val_loss: 1.5832
- val_all_f1:  0.5859 0.5859 0.5859
- val_exp_f1:  0.8847 0.8847 0.8847
- val_non_f1:  0.3231 0.3231 0.3231

13056/13056 [==============================] - 58s - loss: 0.5820 - val_loss: 1.5832
Epoch 92/1000
12992/13056 [============================>.] - ETA: 0s - loss: 0.5848
- val_loss: 1.6072
- val_all_f1:  0.5959 0.5959 0.5959
- val_exp_f1:  0.9074 0.9074 0.9074
- val_non_f1:  0.3218 0.3218 0.3218

13056/13056 [==============================] - 58s - loss: 0.5850 - val_loss: 1.6072
Epoch 93/1000
12992/13056 [============================>.] - ETA: 0s - loss: 0.5868
- val_loss: 1.6083
- val_all_f1:  0.5902 0.5902 0.5902
- val_exp_f1:  0.8998 0.8998 0.8998
- val_non_f1:  0.3178 0.3178 0.3178

13056/13056 [==============================] - 58s - loss: 0.5854 - val_loss: 1.6083
Epoch 94/1000
12992/13056 [============================>.] - ETA: 0s - loss: 0.5965
- val_loss: 1.6421
- val_all_f1:  0.5838 0.5838 0.5838
- val_exp_f1:  0.8892 0.8892 0.8892
- val_non_f1:  0.3151 0.3151 0.3151

13056/13056 [==============================] - 58s - loss: 0.5959 - val_loss: 1.6421
Epoch 95/1000
12992/13056 [============================>.] - ETA: 0s - loss: 0.6146
- val_loss: 1.6652
- val_all_f1:  0.5788 0.5788 0.5788
- val_exp_f1:  0.8832 0.8832 0.8832
- val_non_f1:  0.3111 0.3111 0.3111

13056/13056 [==============================] - 58s - loss: 0.6150 - val_loss: 1.6652
Epoch 96/1000
12992/13056 [============================>.] - ETA: 0s - loss: 0.5847
- val_loss: 1.5789
- val_all_f1:  0.5845 0.5845 0.5845
- val_exp_f1:  0.8907 0.8907 0.8907
- val_non_f1:  0.3151 0.3151 0.3151

13056/13056 [==============================] - 65s - loss: 0.5858 - val_loss: 1.5789
Epoch 97/1000
12992/13056 [============================>.] - ETA: 0s - loss: 0.6276
- val_loss: 1.6213
- val_all_f1:  0.5774 0.5774 0.5774
- val_exp_f1:  0.8832 0.8832 0.8832
- val_non_f1:  0.3084 0.3084 0.3084

13056/13056 [==============================] - 59s - loss: 0.6262 - val_loss: 1.6213
Epoch 98/1000
12992/13056 [============================>.] - ETA: 0s - loss: 0.6003
- val_loss: 1.5943
- val_all_f1:  0.5810 0.5810 0.5810
- val_exp_f1:  0.8938 0.8938 0.8938
- val_non_f1:  0.3057 0.3057 0.3057

13056/13056 [==============================] - 59s - loss: 0.6013 - val_loss: 1.5943
Epoch 99/1000
12992/13056 [============================>.] - ETA: 0s - loss: 0.6070
- val_loss: 1.6148
- val_all_f1:  0.5845 0.5845 0.5845
- val_exp_f1:  0.9029 0.9029 0.9029
- val_non_f1:  0.3048 0.3044 0.3046

13056/13056 [==============================] - 58s - loss: 0.6071 - val_loss: 1.6148
Epoch 100/1000
12992/13056 [============================>.] - ETA: 0s - loss: 0.5920
- val_loss: 1.6213
- val_all_f1:  0.5795 0.5795 0.5795
- val_exp_f1:  0.8892 0.8892 0.8892
- val_non_f1:  0.3071 0.3071 0.3071

13056/13056 [==============================] - 58s - loss: 0.5942 - val_loss: 1.6213
Epoch 101/1000
12992/13056 [============================>.] - ETA: 0s - loss: 0.5531
- val_loss: 1.6562
- val_all_f1:  0.5810 0.5810 0.5810
- val_exp_f1:  0.8892 0.8892 0.8892
- val_non_f1:  0.3102 0.3097 0.3100

13056/13056 [==============================] - 59s - loss: 0.5538 - val_loss: 1.6562
Epoch 102/1000
12992/13056 [============================>.] - ETA: 0s - loss: 0.5477
- val_loss: 1.6359
- val_all_f1:  0.5803 0.5803 0.5803
- val_exp_f1:  0.8907 0.8907 0.8907
- val_non_f1:  0.3075 0.3071 0.3073

13056/13056 [==============================] - 58s - loss: 0.5471 - val_loss: 1.6359
Epoch 103/1000
12992/13056 [============================>.] - ETA: 0s - loss: 0.5717
- val_loss: 1.6451
- val_all_f1:  0.5916 0.5916 0.5916
- val_exp_f1:  0.8953 0.8953 0.8953
- val_non_f1:  0.3244 0.3244 0.3244

13056/13056 [==============================] - 58s - loss: 0.5718 - val_loss: 1.6451
Epoch 104/1000
12992/13056 [============================>.] - ETA: 0s - loss: 0.5648
- val_loss: 1.7404
- val_all_f1:  0.5739 0.5739 0.5739
- val_exp_f1:  0.8832 0.8832 0.8832
- val_non_f1:  0.3021 0.3017 0.3019

13056/13056 [==============================] - 58s - loss: 0.5647 - val_loss: 1.7404
Epoch 105/1000
12992/13056 [============================>.] - ETA: 0s - loss: 0.5569
- val_loss: 1.6384
- val_all_f1:  0.5788 0.5788 0.5788
- val_exp_f1:  0.8892 0.8892 0.8892
- val_non_f1:  0.3061 0.3057 0.3059

13056/13056 [==============================] - 58s - loss: 0.5572 - val_loss: 1.6384
Epoch 106/1000
12992/13056 [============================>.] - ETA: 0s - loss: 0.5770
- val_loss: 1.7288
- val_all_f1:  0.5760 0.5760 0.5760
- val_exp_f1:  0.8832 0.8832 0.8832
- val_non_f1:  0.3066 0.3057 0.3061

13056/13056 [==============================] - 58s - loss: 0.5766 - val_loss: 1.7288
Epoch 107/1000
12992/13056 [============================>.] - ETA: 0s - loss: 0.5967
- val_loss: 1.6659
- val_all_f1:  0.5717 0.5717 0.5717
- val_exp_f1:  0.8741 0.8741 0.8741
- val_non_f1:  0.3057 0.3057 0.3057

13056/13056 [==============================] - 58s - loss: 0.5964 - val_loss: 1.6659
Epoch 108/1000
12992/13056 [============================>.] - ETA: 0s - loss: 0.5831
- val_loss: 1.6236
- val_all_f1:  0.5895 0.5895 0.5895
- val_exp_f1:  0.9044 0.9044 0.9044
- val_non_f1:  0.3124 0.3124 0.3124

13056/13056 [==============================] - 58s - loss: 0.5825 - val_loss: 1.6236
Epoch 109/1000
12992/13056 [============================>.] - ETA: 0s - loss: 0.5744
- val_loss: 1.6274
- val_all_f1:  0.5774 0.5774 0.5774
- val_exp_f1:  0.8938 0.8938 0.8938
- val_non_f1:  0.2995 0.2991 0.2993

13056/13056 [==============================] - 58s - loss: 0.5757 - val_loss: 1.6274
Epoch 110/1000
12992/13056 [============================>.] - ETA: 0s - loss: 0.5585
- val_loss: 1.6828
- val_all_f1:  0.5788 0.5788 0.5788
- val_exp_f1:  0.8862 0.8862 0.8862
- val_non_f1:  0.3084 0.3084 0.3084

13056/13056 [==============================] - 58s - loss: 0.5571 - val_loss: 1.6828
Epoch 111/1000
12992/13056 [============================>.] - ETA: 0s - loss: 0.5190
- val_loss: 1.6792
- val_all_f1:  0.5767 0.5767 0.5767
- val_exp_f1:  0.8862 0.8862 0.8862
- val_non_f1:  0.3044 0.3044 0.3044

13056/13056 [==============================] - 58s - loss: 0.5187 - val_loss: 1.6792
Epoch 112/1000
12992/13056 [============================>.] - ETA: 0s - loss: 0.5200
- val_loss: 1.7478
- val_all_f1:  0.5646 0.5646 0.5646
- val_exp_f1:  0.8756 0.8756 0.8756
- val_non_f1:  0.2922 0.2911 0.2916

13056/13056 [==============================] - 58s - loss: 0.5204 - val_loss: 1.7478
Epoch 113/1000
12992/13056 [============================>.] - ETA: 0s - loss: 0.5186
- val_loss: 1.7939
- val_all_f1:  0.5597 0.5597 0.5597
- val_exp_f1:  0.8649 0.8649 0.8649
- val_non_f1:  0.2911 0.2911 0.2911

13056/13056 [==============================] - 58s - loss: 0.5187 - val_loss: 1.7939
Epoch 114/1000
12992/13056 [============================>.] - ETA: 0s - loss: 0.5494
- val_loss: 1.7268
- val_all_f1:  0.5803 0.5803 0.5803
- val_exp_f1:  0.8968 0.8968 0.8968
- val_non_f1:  0.3017 0.3017 0.3017

13056/13056 [==============================] - 58s - loss: 0.5492 - val_loss: 1.7268
Epoch 115/1000
12992/13056 [============================>.] - ETA: 0s - loss: 0.5482
- val_loss: 1.6970
- val_all_f1:  0.5781 0.5781 0.5781
- val_exp_f1:  0.9029 0.9029 0.9029
- val_non_f1:  0.2924 0.2924 0.2924

13056/13056 [==============================] - 58s - loss: 0.5487 - val_loss: 1.6970
Epoch 116/1000
12992/13056 [============================>.] - ETA: 0s - loss: 0.5633
- val_loss: 1.7364
- val_all_f1:  0.5476 0.5476 0.5476
- val_exp_f1:  0.8467 0.8467 0.8467
- val_non_f1:  0.2844 0.2844 0.2844

13056/13056 [==============================] - 58s - loss: 0.5628 - val_loss: 1.7364
Epoch 117/1000
12992/13056 [============================>.] - ETA: 0s - loss: 0.5669
- val_loss: 1.6324
- val_all_f1:  0.5831 0.5831 0.5831
- val_exp_f1:  0.9029 0.9029 0.9029
- val_non_f1:  0.3025 0.3017 0.3021

13056/13056 [==============================] - 58s - loss: 0.5663 - val_loss: 1.6324
Epoch 118/1000
12992/13056 [============================>.] - ETA: 0s - loss: 0.5576
- val_loss: 1.6582
- val_all_f1:  0.5781 0.5781 0.5781
- val_exp_f1:  0.8877 0.8877 0.8877
- val_non_f1:  0.3057 0.3057 0.3057

13056/13056 [==============================] - 58s - loss: 0.5580 - val_loss: 1.6582
Epoch 119/1000
12992/13056 [============================>.] - ETA: 0s - loss: 0.5590
- val_loss: 1.6784
- val_all_f1:  0.5810 0.5810 0.5810
- val_exp_f1:  0.8771 0.8771 0.8771
- val_non_f1:  0.3204 0.3204 0.3204

13056/13056 [==============================] - 58s - loss: 0.5582 - val_loss: 1.6784
Epoch 120/1000
12992/13056 [============================>.] - ETA: 0s - loss: 0.5426
- val_loss: 1.7345
- val_all_f1:  0.5774 0.5774 0.5774
- val_exp_f1:  0.8832 0.8832 0.8832
- val_non_f1:  0.3084 0.3084 0.3084

13056/13056 [==============================] - 58s - loss: 0.5418 - val_loss: 1.7345
Epoch 121/1000
12992/13056 [============================>.] - ETA: 0s - loss: 0.5090
- val_loss: 1.7347
- val_all_f1:  0.5781 0.5781 0.5781
- val_exp_f1:  0.8862 0.8862 0.8862
- val_non_f1:  0.3071 0.3071 0.3071

13056/13056 [==============================] - 58s - loss: 0.5110 - val_loss: 1.7347
Epoch 122/1000
12992/13056 [============================>.] - ETA: 0s - loss: 0.5041
- val_loss: 1.7228
- val_all_f1:  0.5831 0.5831 0.5831
- val_exp_f1:  0.8953 0.8953 0.8953
- val_non_f1:  0.3084 0.3084 0.3084

13056/13056 [==============================] - 58s - loss: 0.5054 - val_loss: 1.7228
Epoch 123/1000
12992/13056 [============================>.] - ETA: 0s - loss: 0.5040
- val_loss: 1.7645
- val_all_f1:  0.5696 0.5696 0.5696
- val_exp_f1:  0.8832 0.8832 0.8832
- val_non_f1:  0.2949 0.2937 0.2943

13056/13056 [==============================] - 58s - loss: 0.5034 - val_loss: 1.7645
Epoch 124/1000
12992/13056 [============================>.] - ETA: 0s - loss: 0.5258
- val_loss: 1.7067
- val_all_f1:  0.5767 0.5767 0.5767
- val_exp_f1:  0.8923 0.8923 0.8923
- val_non_f1:  0.2991 0.2991 0.2991

13056/13056 [==============================] - 58s - loss: 0.5272 - val_loss: 1.7067
Epoch 125/1000
12992/13056 [============================>.] - ETA: 0s - loss: 0.5232
- val_loss: 1.8522
- val_all_f1:  0.5511 0.5511 0.5511
- val_exp_f1:  0.8543 0.8543 0.8543
- val_non_f1:  0.2851 0.2844 0.2848

13056/13056 [==============================] - 58s - loss: 0.5231 - val_loss: 1.8522
Epoch 126/1000
12992/13056 [============================>.] - ETA: 0s - loss: 0.5107
- val_loss: 1.7879
- val_all_f1:  0.5732 0.5732 0.5732
- val_exp_f1:  0.8847 0.8847 0.8847
- val_non_f1:  0.2991 0.2991 0.2991

13056/13056 [==============================] - 58s - loss: 0.5113 - val_loss: 1.7879
Epoch 127/1000
12992/13056 [============================>.] - ETA: 0s - loss: 0.5352
- val_loss: 1.7326
- val_all_f1:  0.5774 0.5774 0.5774
- val_exp_f1:  0.8862 0.8862 0.8862
- val_non_f1:  0.3057 0.3057 0.3057

13056/13056 [==============================] - 58s - loss: 0.5348 - val_loss: 1.7326
Epoch 128/1000
12992/13056 [============================>.] - ETA: 0s - loss: 0.5253
- val_loss: 1.7419
- val_all_f1:  0.5781 0.5781 0.5781
- val_exp_f1:  0.8998 0.8998 0.8998
- val_non_f1:  0.2951 0.2951 0.2951

13056/13056 [==============================] - 58s - loss: 0.5270 - val_loss: 1.7419
Epoch 129/1000
12992/13056 [============================>.] - ETA: 0s - loss: 0.5490
- val_loss: 1.7531
- val_all_f1:  0.5732 0.5732 0.5732
- val_exp_f1:  0.8953 0.8953 0.8953
- val_non_f1:  0.2897 0.2897 0.2897

13056/13056 [==============================] - 58s - loss: 0.5489 - val_loss: 1.7531
Epoch 130/1000
12992/13056 [============================>.] - ETA: 0s - loss: 0.4995
- val_loss: 1.7941
- val_all_f1:  0.5696 0.5696 0.5696
- val_exp_f1:  0.8877 0.8877 0.8877
- val_non_f1:  0.2897 0.2897 0.2897

13056/13056 [==============================] - 58s - loss: 0.4982 - val_loss: 1.7941
Epoch 131/1000
12992/13056 [============================>.] - ETA: 0s - loss: 0.4814
- val_loss: 1.8126
- val_all_f1:  0.5554 0.5554 0.5554
- val_exp_f1:  0.8695 0.8695 0.8695
- val_non_f1:  0.2790 0.2790 0.2790

13056/13056 [==============================] - 58s - loss: 0.4807 - val_loss: 1.8126
Epoch 132/1000
12992/13056 [============================>.] - ETA: 0s - loss: 0.4949
- val_loss: 1.8874
- val_all_f1:  0.5753 0.5753 0.5753
- val_exp_f1:  0.8877 0.8877 0.8877
- val_non_f1:  0.3008 0.3004 0.3006

13056/13056 [==============================] - 58s - loss: 0.4956 - val_loss: 1.8874
Epoch 133/1000
12992/13056 [============================>.] - ETA: 0s - loss: 0.5141
- val_loss: 1.7935
- val_all_f1:  0.5717 0.5717 0.5717
- val_exp_f1:  0.8756 0.8756 0.8756
- val_non_f1:  0.3044 0.3044 0.3044

13056/13056 [==============================] - 58s - loss: 0.5135 - val_loss: 1.7935
Epoch 134/1000
12992/13056 [============================>.] - ETA: 0s - loss: 0.5078
- val_loss: 1.7460
- val_all_f1:  0.5895 0.5895 0.5895
- val_exp_f1:  0.8983 0.8983 0.8983
- val_non_f1:  0.3178 0.3178 0.3178

13056/13056 [==============================] - 58s - loss: 0.5066 - val_loss: 1.7460
Epoch 135/1000
12992/13056 [============================>.] - ETA: 0s - loss: 0.4929
- val_loss: 1.7987
- val_all_f1:  0.5724 0.5724 0.5724
- val_exp_f1:  0.8907 0.8907 0.8907
- val_non_f1:  0.2924 0.2924 0.2924

13056/13056 [==============================] - 58s - loss: 0.4916 - val_loss: 1.7987
Epoch 136/1000
12992/13056 [============================>.] - ETA: 0s - loss: 0.4998
- val_loss: 1.8065
- val_all_f1:  0.5696 0.5696 0.5696
- val_exp_f1:  0.8862 0.8862 0.8862
- val_non_f1:  0.2911 0.2911 0.2911

13056/13056 [==============================] - 58s - loss: 0.5006 - val_loss: 1.8065
Epoch 137/1000
12992/13056 [============================>.] - ETA: 0s - loss: 0.5098
- val_loss: 1.7584
- val_all_f1:  0.5653 0.5653 0.5653
- val_exp_f1:  0.8877 0.8877 0.8877
- val_non_f1:  0.2817 0.2817 0.2817

13056/13056 [==============================] - 58s - loss: 0.5096 - val_loss: 1.7584
Epoch 138/1000
12992/13056 [============================>.] - ETA: 0s - loss: 0.5115
- val_loss: 1.8129
- val_all_f1:  0.5582 0.5582 0.5582
- val_exp_f1:  0.8710 0.8710 0.8710
- val_non_f1:  0.2838 0.2830 0.2834

13056/13056 [==============================] - 58s - loss: 0.5101 - val_loss: 1.8129
Epoch 139/1000
12992/13056 [============================>.] - ETA: 0s - loss: 0.5054
- val_loss: 1.7625
- val_all_f1:  0.5682 0.5682 0.5682
- val_exp_f1:  0.8771 0.8771 0.8771
- val_non_f1:  0.2964 0.2964 0.2964

13056/13056 [==============================] - 58s - loss: 0.5058 - val_loss: 1.7625
Epoch 140/1000
12992/13056 [============================>.] - ETA: 0s - loss: 0.4830
- val_loss: 1.8299
- val_all_f1:  0.5696 0.5696 0.5696
- val_exp_f1:  0.8801 0.8801 0.8801
- val_non_f1:  0.2964 0.2964 0.2964

13056/13056 [==============================] - 58s - loss: 0.4839 - val_loss: 1.8299
[2019-03-08 13:28] training finished (ex/conll16st-v35-en-al-20-0)
[2019-03-08 13:28] best_val_loss: 46 - loss: 0.8011 - val_loss: 1.3658 - val_all_f1: 0.6158 - val_exp_f1: 0.9044 - val_non_f1: 0.3618
[2019-03-08 13:28] best_val_all_f1: 38 - loss: 0.8361 - val_loss: 1.3846 - val_all_f1: 0.6186 - val_exp_f1: 0.9044 - val_non_f1: 0.3672
[2019-03-08 13:28] time: loaded: 172.4585 - prepared: 934.3822 - trained: 8284.7394 - epoch: 591.7671 - epoch_cnt: 14.0000 - epoch_samples: 130560.0000
