[2019-04-09 04:58] configuration (ex/conll16st-v35-zhch-fd-2-rn-2-0/blind)
[2019-04-09 04:58]   config 'arg1_len': 900
[2019-04-09 04:58]   config 'arg2_len': 900
[2019-04-09 04:58]   config 'backend': theano
[2019-04-09 04:58]   config 'backend_theano': device=cpu
[2019-04-09 04:58]   config 'batch_size': 64
[2019-04-09 04:58]   config 'conn_len': 20
[2019-04-09 04:58]   config 'dataset_dir': data/conll16st-zh-04-27-2016-blind-test
[2019-04-09 04:58]   config 'filter_fn_name': None
[2019-04-09 04:58]   config 'input_size': None
[2019-04-09 04:58]   config 'lang': zh
[2019-04-09 04:58]   config 'mode': char
[2019-04-09 04:58]   config 'model_dir': ex/conll16st-v35-zhch-fd-2-rn-2-0
[2019-04-09 04:58]   config 'normalization_mode': sample_aspect
[2019-04-09 04:58]   config 'output_dir': ex/conll16st-v35-zhch-fd-2-rn-2-0/blind
[2019-04-09 04:58]   config 'punc_len': 2
[2019-04-09 04:58]   config 'rest': ['--filter_dim=2', '--rnn_num=2']
[2019-04-09 04:58]   config 'snapshot_size': 2048
[2019-04-09 04:58] load dataset for prediction (data/conll16st-zh-04-27-2016-blind-test)
[2019-04-09 04:58]   lang: zh, rel_ids: 2101
[2019-04-09 04:58] load previous indexes (ex/conll16st-v35-zhch-fd-2-rn-2-0/indexes.pkl)
[2019-04-09 04:58]   words2id: 2859, target2id: 12
[2019-04-09 04:58] load model (ex/conll16st-v35-zhch-fd-2-rn-2-0)
[2019-04-09 04:58] load previous weights (ex/conll16st-v35-zhch-fd-2-rn-2-0/weights_val_all_f1.hdf5)
[2019-04-09 04:58] make predictions
[2019-04-09 04:59] save predictions (ex/conll16st-v35-zhch-fd-2-rn-2-0/blind/output.json)
[2019-04-09 04:59] save predictions (ex/conll16st-v35-zhch-fd-2-rn-2-0/blind/output_proba.json)
[2019-04-09 04:59] peek into filtering weights (ex/conll16st-v35-zhch-fd-2-rn-2-0/blind/peek.html)
[2019-04-09 05:02] finished (ex/conll16st-v35-zhch-fd-2-rn-2-0/blind)
[2019-04-09 05:02] time: loaded: 0.3161 - prepared: 1.6336 - predicted: 32.8021
