[2019-03-09 03:56] configuration (ex/conll16st-v35-en-al-150-0)
[2019-03-09 03:56]   config 'arg1_len': 150
[2019-03-09 03:56]   config 'arg2_len': 150
[2019-03-09 03:56]   config 'backend': theano
[2019-03-09 03:56]   config 'backend_theano': device=gpu,floatX=float32,nvcc.fastmath=True,lib.cnmem=0.8
[2019-03-09 03:56]   config 'batch_size': 64
[2019-03-09 03:56]   config 'conn_len': 10
[2019-03-09 03:56]   config 'continue_': False
[2019-03-09 03:56]   config 'curriculum_end': 0.0
[2019-03-09 03:56]   config 'epochs': 1000
[2019-03-09 03:56]   config 'epochs_patience': 100
[2019-03-09 03:56]   config 'epochs_ratio': 0.1
[2019-03-09 03:56]   config 'filter_act': sigmoid
[2019-03-09 03:56]   config 'filter_append_act': linear
[2019-03-09 03:56]   config 'filter_append_batchnorm': False
[2019-03-09 03:56]   config 'filter_append_dim': 0
[2019-03-09 03:56]   config 'filter_append_dropout': 0.0
[2019-03-09 03:56]   config 'filter_apply': mul
[2019-03-09 03:56]   config 'filter_dim': 12
[2019-03-09 03:56]   config 'filter_dropout_U': 0.0
[2019-03-09 03:56]   config 'filter_dropout_W': 0.0
[2019-03-09 03:56]   config 'filter_fn_name': None
[2019-03-09 03:56]   config 'filter_shared': global
[2019-03-09 03:56]   config 'filter_type': lstm-fb
[2019-03-09 03:56]   config 'filter_zoneout_c': 0.0
[2019-03-09 03:56]   config 'filter_zoneout_h': 0.0
[2019-03-09 03:56]   config 'final_act': SReLU
[2019-03-09 03:56]   config 'final_dim': 80
[2019-03-09 03:56]   config 'final_dropout': 0.3
[2019-03-09 03:56]   config 'input_size': None
[2019-03-09 03:56]   config 'lang': en
[2019-03-09 03:56]   config 'masking': True
[2019-03-09 03:56]   config 'mode': word
[2019-03-09 03:56]   config 'model_dir': ex/conll16st-v35-en-al-150-0
[2019-03-09 03:56]   config 'optimizer': adam
[2019-03-09 03:56]   config 'original_positives': 0
[2019-03-09 03:56]   config 'punc_len': 0
[2019-03-09 03:56]   config 'random_negatives': 2
[2019-03-09 03:56]   config 'random_positives': 2
[2019-03-09 03:56]   config 'random_proba_1': 0.1
[2019-03-09 03:56]   config 'random_proba_2': 0.1
[2019-03-09 03:56]   config 'random_proba_3': 0.9
[2019-03-09 03:56]   config 'rnn_act': tanh
[2019-03-09 03:56]   config 'rnn_dim': 20
[2019-03-09 03:56]   config 'rnn_dropout_U': 0.0
[2019-03-09 03:56]   config 'rnn_dropout_W': 0.0
[2019-03-09 03:56]   config 'rnn_dropout_merge': 0.3
[2019-03-09 03:56]   config 'rnn_merge': concat
[2019-03-09 03:56]   config 'rnn_num': 12
[2019-03-09 03:56]   config 'rnn_shared': aspect
[2019-03-09 03:56]   config 'rnn_type': lstm-fwd
[2019-03-09 03:56]   config 'rnn_zoneout_c': 0.0
[2019-03-09 03:56]   config 'rnn_zoneout_h': 0.0
[2019-03-09 03:56]   config 'snapshot_size': 2048
[2019-03-09 03:56]   config 'train_dir': data/conll16st-en-03-29-16-train
[2019-03-09 03:56]   config 'valid_dir': data/conll16st-en-03-29-16-dev
[2019-03-09 03:56]   config 'words2vec_bin': None
[2019-03-09 03:56]   config 'words2vec_txt': None
[2019-03-09 03:56]   config 'words_crop': None
[2019-03-09 03:56]   config 'words_dim': 20
[2019-03-09 03:56]   config 'words_dropout': 0.3
[2019-03-09 03:56]   config 'words_shared': global
[2019-03-09 03:56]   config 'words_trainable': True
[2019-03-09 03:56] load dataset for training (data/conll16st-en-03-29-16-train)
[2019-03-09 03:59]   lang: en, doc_ids: 1756, words: 933049, rel_ids: 32535, relation tokens: 1159204
[2019-03-09 03:59] load dataset for validation (data/conll16st-en-03-29-16-dev)
[2019-03-09 03:59]   lang: en, doc_ids: 79, words: 39712, rel_ids: 1436, relation tokens: 48882
[2019-03-09 03:59] build indexes from training
[2019-03-09 03:59]   words2id: 43918, target2id: 23
[2019-03-09 03:59] target class distribution from training
[2019-03-09 03:59]   class 0 = 'None': None
[2019-03-09 03:59]   class 1 = '': None
[2019-03-09 03:59]   class 2 = 'Expansion.Conjunction': 7817
[2019-03-09 03:59]   class 3 = 'Comparison.Contrast': 4714
[2019-03-09 03:59]   class 4 = 'EntRel': 4133
[2019-03-09 03:59]   class 5 = 'Contingency.Cause.Reason': 3344
[2019-03-09 03:59]   class 6 = 'Expansion.Restatement': 2699
[2019-03-09 03:59]   class 7 = 'Contingency.Cause.Result': 2137
[2019-03-09 03:59]   class 8 = 'Temporal.Synchrony': 1499
[2019-03-09 03:59]   class 9 = 'Expansion.Instantiation': 1403
[2019-03-09 03:59]   class 10 = 'Comparison.Concession': 1293
[2019-03-09 03:59]   class 11 = 'Temporal.Asynchronous.Precedence': 1277
[2019-03-09 03:59]   class 12 = 'Contingency.Condition': 1197
[2019-03-09 03:59]   class 13 = 'Temporal.Asynchronous.Succession': 1014
[2019-03-09 03:59]   class 14 = 'Comparison': 992
[2019-03-09 03:59]   class 15 = 'Expansion': 630
[2019-03-09 03:59]   class 16 = 'Expansion.Alternative.Chosen alternative': 241
[2019-03-09 03:59]   class 17 = 'Expansion.Alternative': 210
[2019-03-09 03:59]   class 18 = 'Temporal': 27
[2019-03-09 03:59]   class 19 = 'Contingency': 24
[2019-03-09 03:59]   class 20 = 'Expansion.Exception': 15
[2019-03-09 03:59]   class 21 = 'Temporal.Asynchronous': 6
[2019-03-09 03:59]   class 22 = 'Contingency.Cause': 2
[2019-03-09 03:59] build model
____________________________________________________________________________________________________
Layer (type)                     Output Shape          Param #     Connected to                     
====================================================================================================
arg1_ids (InputLayer)            (None, 150)           0                                            
____________________________________________________________________________________________________
arg2_ids (InputLayer)            (None, 150)           0                                            
____________________________________________________________________________________________________
conn_ids (InputLayer)            (None, 10)            0                                            
____________________________________________________________________________________________________
embedding_1 (Embedding)          multiple              878360      arg1_ids[0][0]                   
                                                                   arg2_ids[0][0]                   
                                                                   conn_ids[0][0]                   
____________________________________________________________________________________________________
shareablelstm_1 (ShareableLSTM)  multiple              1584        embedding_1[0][0]                
                                                                   embedding_1[1][0]                
                                                                   embedding_1[2][0]                
____________________________________________________________________________________________________
shareablelstm_2 (ShareableLSTM)  multiple              1584        embedding_1[0][0]                
                                                                   embedding_1[1][0]                
                                                                   embedding_1[2][0]                
____________________________________________________________________________________________________
merge_1 (Merge)                  (None, 150, 12)       0           shareablelstm_1[0][0]            
                                                                   shareablelstm_2[0][0]            
____________________________________________________________________________________________________
merge_15 (Merge)                 (None, 150, 12)       0           shareablelstm_1[1][0]            
                                                                   shareablelstm_2[1][0]            
____________________________________________________________________________________________________
merge_29 (Merge)                 (None, 10, 12)        0           shareablelstm_1[2][0]            
                                                                   shareablelstm_2[2][0]            
____________________________________________________________________________________________________
arg1_filters (Activation)        (None, 150, 12)       0           merge_1[0][0]                    
____________________________________________________________________________________________________
arg2_filters (Activation)        (None, 150, 12)       0           merge_15[0][0]                   
____________________________________________________________________________________________________
conn_filters (Activation)        (None, 10, 12)        0           merge_29[0][0]                   
____________________________________________________________________________________________________
merge_2 (Merge)                  (None, 150, 20)       0           embedding_1[0][0]                
                                                                   arg1_filters[0][0]               
____________________________________________________________________________________________________
merge_3 (Merge)                  (None, 150, 20)       0           embedding_1[0][0]                
                                                                   arg1_filters[0][0]               
____________________________________________________________________________________________________
merge_4 (Merge)                  (None, 150, 20)       0           embedding_1[0][0]                
                                                                   arg1_filters[0][0]               
____________________________________________________________________________________________________
merge_5 (Merge)                  (None, 150, 20)       0           embedding_1[0][0]                
                                                                   arg1_filters[0][0]               
____________________________________________________________________________________________________
merge_6 (Merge)                  (None, 150, 20)       0           embedding_1[0][0]                
                                                                   arg1_filters[0][0]               
____________________________________________________________________________________________________
merge_7 (Merge)                  (None, 150, 20)       0           embedding_1[0][0]                
                                                                   arg1_filters[0][0]               
____________________________________________________________________________________________________
merge_8 (Merge)                  (None, 150, 20)       0           embedding_1[0][0]                
                                                                   arg1_filters[0][0]               
____________________________________________________________________________________________________
merge_9 (Merge)                  (None, 150, 20)       0           embedding_1[0][0]                
                                                                   arg1_filters[0][0]               
____________________________________________________________________________________________________
merge_10 (Merge)                 (None, 150, 20)       0           embedding_1[0][0]                
                                                                   arg1_filters[0][0]               
____________________________________________________________________________________________________
merge_11 (Merge)                 (None, 150, 20)       0           embedding_1[0][0]                
                                                                   arg1_filters[0][0]               
____________________________________________________________________________________________________
merge_12 (Merge)                 (None, 150, 20)       0           embedding_1[0][0]                
                                                                   arg1_filters[0][0]               
____________________________________________________________________________________________________
merge_13 (Merge)                 (None, 150, 20)       0           embedding_1[0][0]                
                                                                   arg1_filters[0][0]               
____________________________________________________________________________________________________
merge_16 (Merge)                 (None, 150, 20)       0           embedding_1[1][0]                
                                                                   arg2_filters[0][0]               
____________________________________________________________________________________________________
merge_17 (Merge)                 (None, 150, 20)       0           embedding_1[1][0]                
                                                                   arg2_filters[0][0]               
____________________________________________________________________________________________________
merge_18 (Merge)                 (None, 150, 20)       0           embedding_1[1][0]                
                                                                   arg2_filters[0][0]               
____________________________________________________________________________________________________
merge_19 (Merge)                 (None, 150, 20)       0           embedding_1[1][0]                
                                                                   arg2_filters[0][0]               
____________________________________________________________________________________________________
merge_20 (Merge)                 (None, 150, 20)       0           embedding_1[1][0]                
                                                                   arg2_filters[0][0]               
____________________________________________________________________________________________________
merge_21 (Merge)                 (None, 150, 20)       0           embedding_1[1][0]                
                                                                   arg2_filters[0][0]               
____________________________________________________________________________________________________
merge_22 (Merge)                 (None, 150, 20)       0           embedding_1[1][0]                
                                                                   arg2_filters[0][0]               
____________________________________________________________________________________________________
merge_23 (Merge)                 (None, 150, 20)       0           embedding_1[1][0]                
                                                                   arg2_filters[0][0]               
____________________________________________________________________________________________________
merge_24 (Merge)                 (None, 150, 20)       0           embedding_1[1][0]                
                                                                   arg2_filters[0][0]               
____________________________________________________________________________________________________
merge_25 (Merge)                 (None, 150, 20)       0           embedding_1[1][0]                
                                                                   arg2_filters[0][0]               
____________________________________________________________________________________________________
merge_26 (Merge)                 (None, 150, 20)       0           embedding_1[1][0]                
                                                                   arg2_filters[0][0]               
____________________________________________________________________________________________________
merge_27 (Merge)                 (None, 150, 20)       0           embedding_1[1][0]                
                                                                   arg2_filters[0][0]               
____________________________________________________________________________________________________
merge_30 (Merge)                 (None, 10, 20)        0           embedding_1[2][0]                
                                                                   conn_filters[0][0]               
____________________________________________________________________________________________________
merge_31 (Merge)                 (None, 10, 20)        0           embedding_1[2][0]                
                                                                   conn_filters[0][0]               
____________________________________________________________________________________________________
merge_32 (Merge)                 (None, 10, 20)        0           embedding_1[2][0]                
                                                                   conn_filters[0][0]               
____________________________________________________________________________________________________
merge_33 (Merge)                 (None, 10, 20)        0           embedding_1[2][0]                
                                                                   conn_filters[0][0]               
____________________________________________________________________________________________________
merge_34 (Merge)                 (None, 10, 20)        0           embedding_1[2][0]                
                                                                   conn_filters[0][0]               
____________________________________________________________________________________________________
merge_35 (Merge)                 (None, 10, 20)        0           embedding_1[2][0]                
                                                                   conn_filters[0][0]               
____________________________________________________________________________________________________
merge_36 (Merge)                 (None, 10, 20)        0           embedding_1[2][0]                
                                                                   conn_filters[0][0]               
____________________________________________________________________________________________________
merge_37 (Merge)                 (None, 10, 20)        0           embedding_1[2][0]                
                                                                   conn_filters[0][0]               
____________________________________________________________________________________________________
merge_38 (Merge)                 (None, 10, 20)        0           embedding_1[2][0]                
                                                                   conn_filters[0][0]               
____________________________________________________________________________________________________
merge_39 (Merge)                 (None, 10, 20)        0           embedding_1[2][0]                
                                                                   conn_filters[0][0]               
____________________________________________________________________________________________________
merge_40 (Merge)                 (None, 10, 20)        0           embedding_1[2][0]                
                                                                   conn_filters[0][0]               
____________________________________________________________________________________________________
merge_41 (Merge)                 (None, 10, 20)        0           embedding_1[2][0]                
                                                                   conn_filters[0][0]               
____________________________________________________________________________________________________
shareablelstm_3 (ShareableLSTM)  (None, 20)            3280        merge_2[0][0]                    
                                                                   merge_16[0][0]                   
                                                                   merge_30[0][0]                   
____________________________________________________________________________________________________
shareablelstm_5 (ShareableLSTM)  (None, 20)            3280        merge_3[0][0]                    
                                                                   merge_17[0][0]                   
                                                                   merge_31[0][0]                   
____________________________________________________________________________________________________
shareablelstm_7 (ShareableLSTM)  (None, 20)            3280        merge_4[0][0]                    
                                                                   merge_18[0][0]                   
                                                                   merge_32[0][0]                   
____________________________________________________________________________________________________
shareablelstm_9 (ShareableLSTM)  (None, 20)            3280        merge_5[0][0]                    
                                                                   merge_19[0][0]                   
                                                                   merge_33[0][0]                   
____________________________________________________________________________________________________
shareablelstm_11 (ShareableLSTM) (None, 20)            3280        merge_6[0][0]                    
                                                                   merge_20[0][0]                   
                                                                   merge_34[0][0]                   
____________________________________________________________________________________________________
shareablelstm_13 (ShareableLSTM) (None, 20)            3280        merge_7[0][0]                    
                                                                   merge_21[0][0]                   
                                                                   merge_35[0][0]                   
____________________________________________________________________________________________________
shareablelstm_15 (ShareableLSTM) (None, 20)            3280        merge_8[0][0]                    
                                                                   merge_22[0][0]                   
                                                                   merge_36[0][0]                   
____________________________________________________________________________________________________
shareablelstm_17 (ShareableLSTM) (None, 20)            3280        merge_9[0][0]                    
                                                                   merge_23[0][0]                   
                                                                   merge_37[0][0]                   
____________________________________________________________________________________________________
shareablelstm_19 (ShareableLSTM) (None, 20)            3280        merge_10[0][0]                   
                                                                   merge_24[0][0]                   
                                                                   merge_38[0][0]                   
____________________________________________________________________________________________________
shareablelstm_21 (ShareableLSTM) (None, 20)            3280        merge_11[0][0]                   
                                                                   merge_25[0][0]                   
                                                                   merge_39[0][0]                   
____________________________________________________________________________________________________
shareablelstm_23 (ShareableLSTM) (None, 20)            3280        merge_12[0][0]                   
                                                                   merge_26[0][0]                   
                                                                   merge_40[0][0]                   
____________________________________________________________________________________________________
shareablelstm_25 (ShareableLSTM) (None, 20)            3280        merge_13[0][0]                   
                                                                   merge_27[0][0]                   
                                                                   merge_41[0][0]                   
____________________________________________________________________________________________________
merge_14 (Merge)                 (None, 240)           0           shareablelstm_3[0][0]            
                                                                   shareablelstm_5[0][0]            
                                                                   shareablelstm_7[0][0]            
                                                                   shareablelstm_9[0][0]            
                                                                   shareablelstm_11[0][0]           
                                                                   shareablelstm_13[0][0]           
                                                                   shareablelstm_15[0][0]           
                                                                   shareablelstm_17[0][0]           
                                                                   shareablelstm_19[0][0]           
                                                                   shareablelstm_21[0][0]           
                                                                   shareablelstm_23[0][0]           
                                                                   shareablelstm_25[0][0]           
____________________________________________________________________________________________________
merge_28 (Merge)                 (None, 240)           0           shareablelstm_3[1][0]            
                                                                   shareablelstm_5[1][0]            
                                                                   shareablelstm_7[1][0]            
                                                                   shareablelstm_9[1][0]            
                                                                   shareablelstm_11[1][0]           
                                                                   shareablelstm_13[1][0]           
                                                                   shareablelstm_15[1][0]           
                                                                   shareablelstm_17[1][0]           
                                                                   shareablelstm_19[1][0]           
                                                                   shareablelstm_21[1][0]           
                                                                   shareablelstm_23[1][0]           
                                                                   shareablelstm_25[1][0]           
____________________________________________________________________________________________________
merge_42 (Merge)                 (None, 240)           0           shareablelstm_3[2][0]            
                                                                   shareablelstm_5[2][0]            
                                                                   shareablelstm_7[2][0]            
                                                                   shareablelstm_9[2][0]            
                                                                   shareablelstm_11[2][0]           
                                                                   shareablelstm_13[2][0]           
                                                                   shareablelstm_15[2][0]           
                                                                   shareablelstm_17[2][0]           
                                                                   shareablelstm_19[2][0]           
                                                                   shareablelstm_21[2][0]           
                                                                   shareablelstm_23[2][0]           
                                                                   shareablelstm_25[2][0]           
____________________________________________________________________________________________________
dropout_1 (Dropout)              (None, 240)           0           merge_14[0][0]                   
____________________________________________________________________________________________________
dropout_2 (Dropout)              (None, 240)           0           merge_28[0][0]                   
____________________________________________________________________________________________________
dropout_3 (Dropout)              (None, 240)           0           merge_42[0][0]                   
____________________________________________________________________________________________________
merge_43 (Merge)                 (None, 720)           0           dropout_1[0][0]                  
                                                                   dropout_2[0][0]                  
                                                                   dropout_3[0][0]                  
____________________________________________________________________________________________________
dense_1 (Dense)                  (None, 80)            57680       merge_43[0][0]                   
____________________________________________________________________________________________________
srelu_1 (SReLU)                  (None, 80)            320         dense_1[0][0]                    
____________________________________________________________________________________________________
dropout_4 (Dropout)              (None, 80)            0           srelu_1[0][0]                    
____________________________________________________________________________________________________
dense_2 (Dense)                  (None, 23)            1863        dropout_4[0][0]                  
____________________________________________________________________________________________________
target (Activation)              (None, 23)            0           dense_2[0][0]                    
====================================================================================================
Total params: 980,751
Trainable params: 980,751
Non-trainable params: 0
____________________________________________________________________________________________________
[2019-03-09 04:14] initialize weights
[2019-03-09 04:14] training preparation
[2019-03-09 04:14] train model (ex/conll16st-v35-en-al-150-0)
Epoch 1/1000
12992/13056 [============================>.] - ETA: 1s - loss: 1.8750
- val_loss: 2.6270
- val_all_f1:  0.2202 0.2202 0.2202
- val_exp_f1:  0.2807 0.2807 0.2807
- val_non_f1:  0.1669 0.1669 0.1669

13056/13056 [==============================] - 315s - loss: 1.8720 - val_loss: 2.6270
Epoch 2/1000
12992/13056 [============================>.] - ETA: 1s - loss: 1.3448
- val_loss: 2.5017
- val_all_f1:  0.2514 0.2514 0.2514
- val_exp_f1:  0.2883 0.2883 0.2883
- val_non_f1:  0.2190 0.2190 0.2190

13056/13056 [==============================] - 315s - loss: 1.3449 - val_loss: 2.5017
Epoch 3/1000
12992/13056 [============================>.] - ETA: 1s - loss: 1.2686
- val_loss: 2.3213
- val_all_f1:  0.3764 0.3764 0.3764
- val_exp_f1:  0.4886 0.4886 0.4886
- val_non_f1:  0.2777 0.2777 0.2777

13056/13056 [==============================] - 314s - loss: 1.2681 - val_loss: 2.3213
Epoch 4/1000
12992/13056 [============================>.] - ETA: 1s - loss: 1.2113
- val_loss: 2.1358
- val_all_f1:  0.3317 0.3317 0.3317
- val_exp_f1:  0.5175 0.5175 0.5175
- val_non_f1:  0.1682 0.1682 0.1682

13056/13056 [==============================] - 314s - loss: 1.2110 - val_loss: 2.1358
Epoch 5/1000
12992/13056 [============================>.] - ETA: 1s - loss: 1.1730
- val_loss: 2.0336
- val_all_f1:  0.3402 0.3402 0.3402
- val_exp_f1:  0.6039 0.6039 0.6039
- val_non_f1:  0.1081 0.1081 0.1081

13056/13056 [==============================] - 314s - loss: 1.1730 - val_loss: 2.0336
Epoch 6/1000
12992/13056 [============================>.] - ETA: 1s - loss: 1.1248
- val_loss: 2.0193
- val_all_f1:  0.4134 0.4134 0.4134
- val_exp_f1:  0.5903 0.5903 0.5903
- val_non_f1:  0.2577 0.2577 0.2577

13056/13056 [==============================] - 314s - loss: 1.1242 - val_loss: 2.0193
Epoch 7/1000
12992/13056 [============================>.] - ETA: 1s - loss: 1.0912
- val_loss: 1.8528
- val_all_f1:  0.4744 0.4744 0.4744
- val_exp_f1:  0.6702 0.6692 0.6697
- val_non_f1:  0.3035 0.3031 0.3033

13056/13056 [==============================] - 314s - loss: 1.0908 - val_loss: 1.8528
Epoch 8/1000
12992/13056 [============================>.] - ETA: 1s - loss: 1.0438
- val_loss: 1.8267
- val_all_f1:  0.4851 0.4851 0.4851
- val_exp_f1:  0.7527 0.7527 0.7527
- val_non_f1:  0.2500 0.2497 0.2498

13056/13056 [==============================] - 315s - loss: 1.0444 - val_loss: 1.8267
Epoch 9/1000
12992/13056 [============================>.] - ETA: 1s - loss: 1.0459
- val_loss: 1.7404
- val_all_f1:  0.5206 0.5206 0.5206
- val_exp_f1:  0.7763 0.7739 0.7751
- val_non_f1:  0.2977 0.2977 0.2977

13056/13056 [==============================] - 314s - loss: 1.0458 - val_loss: 1.7404
Epoch 10/1000
12992/13056 [============================>.] - ETA: 1s - loss: 1.0173
- val_loss: 1.7668
- val_all_f1:  0.4744 0.4744 0.4744
- val_exp_f1:  0.7678 0.7678 0.7678
- val_non_f1:  0.2163 0.2163 0.2163

13056/13056 [==============================] - 314s - loss: 1.0168 - val_loss: 1.7668
Epoch 11/1000
12992/13056 [============================>.] - ETA: 1s - loss: 0.9930
- val_loss: 1.7121
- val_all_f1:  0.4915 0.4915 0.4915
- val_exp_f1:  0.8209 0.8209 0.8209
- val_non_f1:  0.2019 0.2016 0.2017

13056/13056 [==============================] - 314s - loss: 0.9928 - val_loss: 1.7121
Epoch 12/1000
12992/13056 [============================>.] - ETA: 1s - loss: 0.9897
- val_loss: 1.6824
- val_all_f1:  0.5050 0.5050 0.5050
- val_exp_f1:  0.8042 0.8042 0.8042
- val_non_f1:  0.2417 0.2417 0.2417

13056/13056 [==============================] - 314s - loss: 0.9890 - val_loss: 1.6824
Epoch 13/1000
12992/13056 [============================>.] - ETA: 1s - loss: 0.9675
- val_loss: 1.6384
- val_all_f1:  0.5305 0.5305 0.5305
- val_exp_f1:  0.8270 0.8270 0.8270
- val_non_f1:  0.2697 0.2697 0.2697

13056/13056 [==============================] - 313s - loss: 0.9664 - val_loss: 1.6384
Epoch 14/1000
12992/13056 [============================>.] - ETA: 1s - loss: 0.9712
- val_loss: 1.6288
- val_all_f1:  0.5547 0.5547 0.5547
- val_exp_f1:  0.8240 0.8240 0.8240
- val_non_f1:  0.3178 0.3178 0.3178

13056/13056 [==============================] - 314s - loss: 0.9703 - val_loss: 1.6288
Epoch 15/1000
12992/13056 [============================>.] - ETA: 1s - loss: 0.9976
- val_loss: 1.5791
- val_all_f1:  0.5597 0.5597 0.5597
- val_exp_f1:  0.8483 0.8483 0.8483
- val_non_f1:  0.3057 0.3057 0.3057

13056/13056 [==============================] - 314s - loss: 0.9971 - val_loss: 1.5791
Epoch 16/1000
12992/13056 [============================>.] - ETA: 1s - loss: 0.9665
- val_loss: 1.5837
- val_all_f1:  0.5213 0.5213 0.5213
- val_exp_f1:  0.8665 0.8665 0.8665
- val_non_f1:  0.2176 0.2176 0.2176

13056/13056 [==============================] - 314s - loss: 0.9649 - val_loss: 1.5837
Epoch 17/1000
12992/13056 [============================>.] - ETA: 1s - loss: 0.9640
- val_loss: 1.6293
- val_all_f1:  0.5121 0.5121 0.5121
- val_exp_f1:  0.8331 0.8331 0.8331
- val_non_f1:  0.2296 0.2296 0.2296

13056/13056 [==============================] - 313s - loss: 0.9635 - val_loss: 1.6293
Epoch 18/1000
12992/13056 [============================>.] - ETA: 1s - loss: 0.9603
- val_loss: 1.5989
- val_all_f1:  0.5313 0.5313 0.5313
- val_exp_f1:  0.8619 0.8619 0.8619
- val_non_f1:  0.2403 0.2403 0.2403

13056/13056 [==============================] - 313s - loss: 0.9593 - val_loss: 1.5989
Epoch 19/1000
12992/13056 [============================>.] - ETA: 1s - loss: 0.9484
- val_loss: 1.6116
- val_all_f1:  0.4972 0.4972 0.4972
- val_exp_f1:  0.8209 0.8209 0.8209
- val_non_f1:  0.2123 0.2123 0.2123

13056/13056 [==============================] - 313s - loss: 0.9482 - val_loss: 1.6116
Epoch 20/1000
12992/13056 [============================>.] - ETA: 1s - loss: 0.9261
- val_loss: 1.5187
- val_all_f1:  0.5511 0.5511 0.5511
- val_exp_f1:  0.8649 0.8649 0.8649
- val_non_f1:  0.2750 0.2750 0.2750

13056/13056 [==============================] - 314s - loss: 0.9269 - val_loss: 1.5187
Epoch 21/1000
12992/13056 [============================>.] - ETA: 1s - loss: 0.9426
- val_loss: 1.5711
- val_all_f1:  0.5334 0.5334 0.5334
- val_exp_f1:  0.8558 0.8558 0.8558
- val_non_f1:  0.2497 0.2497 0.2497

13056/13056 [==============================] - 313s - loss: 0.9439 - val_loss: 1.5711
Epoch 22/1000
12992/13056 [============================>.] - ETA: 1s - loss: 0.9372
- val_loss: 1.5329
- val_all_f1:  0.5170 0.5170 0.5170
- val_exp_f1:  0.8649 0.8649 0.8649
- val_non_f1:  0.2109 0.2109 0.2109

13056/13056 [==============================] - 313s - loss: 0.9364 - val_loss: 1.5329
Epoch 23/1000
12992/13056 [============================>.] - ETA: 1s - loss: 0.9439
- val_loss: 1.5761
- val_all_f1:  0.5050 0.5050 0.5050
- val_exp_f1:  0.8513 0.8513 0.8513
- val_non_f1:  0.2003 0.2003 0.2003

13056/13056 [==============================] - 313s - loss: 0.9436 - val_loss: 1.5761
Epoch 24/1000
12992/13056 [============================>.] - ETA: 1s - loss: 0.9566
- val_loss: 1.6241
- val_all_f1:  0.5050 0.5050 0.5050
- val_exp_f1:  0.8649 0.8649 0.8649
- val_non_f1:  0.1883 0.1883 0.1883

13056/13056 [==============================] - 313s - loss: 0.9570 - val_loss: 1.6241
Epoch 25/1000
12992/13056 [============================>.] - ETA: 1s - loss: 0.9088
- val_loss: 1.4603
- val_all_f1:  0.5831 0.5831 0.5831
- val_exp_f1:  0.8801 0.8801 0.8801
- val_non_f1:  0.3218 0.3218 0.3218

13056/13056 [==============================] - 313s - loss: 0.9078 - val_loss: 1.4603
Epoch 26/1000
12992/13056 [============================>.] - ETA: 1s - loss: 0.9311
- val_loss: 1.5005
- val_all_f1:  0.5490 0.5490 0.5490
- val_exp_f1:  0.8892 0.8892 0.8892
- val_non_f1:  0.2497 0.2497 0.2497

13056/13056 [==============================] - 313s - loss: 0.9303 - val_loss: 1.5005
Epoch 27/1000
12992/13056 [============================>.] - ETA: 1s - loss: 0.9108
- val_loss: 1.5410
- val_all_f1:  0.5163 0.5163 0.5163
- val_exp_f1:  0.8513 0.8513 0.8513
- val_non_f1:  0.2216 0.2216 0.2216

13056/13056 [==============================] - 313s - loss: 0.9107 - val_loss: 1.5410
Epoch 28/1000
12992/13056 [============================>.] - ETA: 1s - loss: 0.9250
- val_loss: 1.4778
- val_all_f1:  0.5760 0.5760 0.5760
- val_exp_f1:  0.8862 0.8862 0.8862
- val_non_f1:  0.3031 0.3031 0.3031

13056/13056 [==============================] - 313s - loss: 0.9247 - val_loss: 1.4778
Epoch 29/1000
12992/13056 [============================>.] - ETA: 1s - loss: 0.9181
- val_loss: 1.4888
- val_all_f1:  0.5710 0.5710 0.5710
- val_exp_f1:  0.8695 0.8695 0.8695
- val_non_f1:  0.3084 0.3084 0.3084

13056/13056 [==============================] - 312s - loss: 0.9191 - val_loss: 1.4888
Epoch 30/1000
12992/13056 [============================>.] - ETA: 1s - loss: 0.8964
- val_loss: 1.4946
- val_all_f1:  0.5597 0.5597 0.5597
- val_exp_f1:  0.8556 0.8543 0.8550
- val_non_f1:  0.3004 0.3004 0.3004

13056/13056 [==============================] - 313s - loss: 0.8965 - val_loss: 1.4946
Epoch 31/1000
12992/13056 [============================>.] - ETA: 1s - loss: 0.9100
- val_loss: 1.4783
- val_all_f1:  0.5540 0.5540 0.5540
- val_exp_f1:  0.8741 0.8741 0.8741
- val_non_f1:  0.2724 0.2724 0.2724

13056/13056 [==============================] - 314s - loss: 0.9109 - val_loss: 1.4783
Epoch 32/1000
12992/13056 [============================>.] - ETA: 1s - loss: 0.8835
- val_loss: 1.4803
- val_all_f1:  0.5526 0.5526 0.5526
- val_exp_f1:  0.8619 0.8619 0.8619
- val_non_f1:  0.2804 0.2804 0.2804

13056/13056 [==============================] - 313s - loss: 0.8837 - val_loss: 1.4803
Epoch 33/1000
12992/13056 [============================>.] - ETA: 1s - loss: 0.8709
- val_loss: 1.4278
- val_all_f1:  0.5859 0.5859 0.5859
- val_exp_f1:  0.8786 0.8786 0.8786
- val_non_f1:  0.3284 0.3284 0.3284

13056/13056 [==============================] - 314s - loss: 0.8706 - val_loss: 1.4278
Epoch 34/1000
12992/13056 [============================>.] - ETA: 1s - loss: 0.8868
- val_loss: 1.4902
- val_all_f1:  0.5547 0.5547 0.5547
- val_exp_f1:  0.8619 0.8619 0.8619
- val_non_f1:  0.2844 0.2844 0.2844

13056/13056 [==============================] - 313s - loss: 0.8872 - val_loss: 1.4902
Epoch 35/1000
12992/13056 [============================>.] - ETA: 1s - loss: 0.8736
- val_loss: 1.4408
- val_all_f1:  0.5810 0.5810 0.5810
- val_exp_f1:  0.8784 0.8771 0.8778
- val_non_f1:  0.3204 0.3204 0.3204

13056/13056 [==============================] - 313s - loss: 0.8729 - val_loss: 1.4408
Epoch 36/1000
12992/13056 [============================>.] - ETA: 1s - loss: 0.8758
- val_loss: 1.4530
- val_all_f1:  0.5795 0.5795 0.5795
- val_exp_f1:  0.8756 0.8756 0.8756
- val_non_f1:  0.3191 0.3191 0.3191

13056/13056 [==============================] - 313s - loss: 0.8764 - val_loss: 1.4530
Epoch 37/1000
12992/13056 [============================>.] - ETA: 1s - loss: 0.9036
- val_loss: 1.5011
- val_all_f1:  0.5682 0.5682 0.5682
- val_exp_f1:  0.8647 0.8634 0.8641
- val_non_f1:  0.3084 0.3084 0.3084

13056/13056 [==============================] - 313s - loss: 0.9028 - val_loss: 1.5011
Epoch 38/1000
12992/13056 [============================>.] - ETA: 1s - loss: 0.8876
- val_loss: 1.4666
- val_all_f1:  0.5774 0.5774 0.5774
- val_exp_f1:  0.8556 0.8543 0.8550
- val_non_f1:  0.3338 0.3338 0.3338

13056/13056 [==============================] - 313s - loss: 0.8878 - val_loss: 1.4666
Epoch 39/1000
12992/13056 [============================>.] - ETA: 1s - loss: 0.8954
- val_loss: 1.5218
- val_all_f1:  0.5419 0.5419 0.5419
- val_exp_f1:  0.8604 0.8604 0.8604
- val_non_f1:  0.2617 0.2617 0.2617

13056/13056 [==============================] - 313s - loss: 0.8954 - val_loss: 1.5218
Epoch 40/1000
12992/13056 [============================>.] - ETA: 1s - loss: 0.8920
- val_loss: 1.4378
- val_all_f1:  0.5703 0.5703 0.5703
- val_exp_f1:  0.8938 0.8938 0.8938
- val_non_f1:  0.2857 0.2857 0.2857

13056/13056 [==============================] - 313s - loss: 0.8925 - val_loss: 1.4378
Epoch 41/1000
12992/13056 [============================>.] - ETA: 1s - loss: 0.8528
- val_loss: 1.4802
- val_all_f1:  0.5575 0.5575 0.5575
- val_exp_f1:  0.8801 0.8801 0.8801
- val_non_f1:  0.2737 0.2737 0.2737

13056/13056 [==============================] - 313s - loss: 0.8526 - val_loss: 1.4802
Epoch 42/1000
12992/13056 [============================>.] - ETA: 1s - loss: 0.8380
- val_loss: 1.4895
- val_all_f1:  0.5902 0.5902 0.5902
- val_exp_f1:  0.8695 0.8695 0.8695
- val_non_f1:  0.3445 0.3445 0.3445

13056/13056 [==============================] - 313s - loss: 0.8380 - val_loss: 1.4895
Epoch 43/1000
12992/13056 [============================>.] - ETA: 1s - loss: 0.8651
- val_loss: 1.4581
- val_all_f1:  0.5753 0.5753 0.5753
- val_exp_f1:  0.8725 0.8725 0.8725
- val_non_f1:  0.3138 0.3138 0.3138

13056/13056 [==============================] - 314s - loss: 0.8636 - val_loss: 1.4581
Epoch 44/1000
12992/13056 [============================>.] - ETA: 1s - loss: 0.8668
- val_loss: 1.4560
- val_all_f1:  0.5632 0.5632 0.5632
- val_exp_f1:  0.8619 0.8619 0.8619
- val_non_f1:  0.3004 0.3004 0.3004

13056/13056 [==============================] - 313s - loss: 0.8672 - val_loss: 1.4560
Epoch 45/1000
12992/13056 [============================>.] - ETA: 1s - loss: 0.8855
- val_loss: 1.5594
- val_all_f1:  0.5199 0.5199 0.5199
- val_exp_f1:  0.8528 0.8528 0.8528
- val_non_f1:  0.2270 0.2270 0.2270

13056/13056 [==============================] - 313s - loss: 0.8856 - val_loss: 1.5594
Epoch 46/1000
12992/13056 [============================>.] - ETA: 1s - loss: 0.8734
- val_loss: 1.4341
- val_all_f1:  0.5923 0.5923 0.5923
- val_exp_f1:  0.8801 0.8801 0.8801
- val_non_f1:  0.3391 0.3391 0.3391

13056/13056 [==============================] - 313s - loss: 0.8736 - val_loss: 1.4341
Epoch 47/1000
12992/13056 [============================>.] - ETA: 1s - loss: 0.8638
- val_loss: 1.4957
- val_all_f1:  0.5611 0.5611 0.5611
- val_exp_f1:  0.8816 0.8816 0.8816
- val_non_f1:  0.2790 0.2790 0.2790

13056/13056 [==============================] - 313s - loss: 0.8631 - val_loss: 1.4957
Epoch 48/1000
12992/13056 [============================>.] - ETA: 1s - loss: 0.8594
- val_loss: 1.4616
- val_all_f1:  0.5774 0.5774 0.5774
- val_exp_f1:  0.8695 0.8695 0.8695
- val_non_f1:  0.3204 0.3204 0.3204

13056/13056 [==============================] - 312s - loss: 0.8596 - val_loss: 1.4616
Epoch 49/1000
12992/13056 [============================>.] - ETA: 1s - loss: 0.8444
- val_loss: 1.5018
- val_all_f1:  0.5582 0.5582 0.5582
- val_exp_f1:  0.8771 0.8771 0.8771
- val_non_f1:  0.2777 0.2777 0.2777

13056/13056 [==============================] - 313s - loss: 0.8441 - val_loss: 1.5018
Epoch 50/1000
12992/13056 [============================>.] - ETA: 1s - loss: 0.8408
- val_loss: 1.4183
- val_all_f1:  0.5959 0.5959 0.5959
- val_exp_f1:  0.8832 0.8832 0.8832
- val_non_f1:  0.3431 0.3431 0.3431

13056/13056 [==============================] - 313s - loss: 0.8410 - val_loss: 1.4183
Epoch 51/1000
12992/13056 [============================>.] - ETA: 1s - loss: 0.8584
- val_loss: 1.4453
- val_all_f1:  0.5810 0.5810 0.5810
- val_exp_f1:  0.8771 0.8771 0.8771
- val_non_f1:  0.3204 0.3204 0.3204

13056/13056 [==============================] - 313s - loss: 0.8574 - val_loss: 1.4453
Epoch 52/1000
12992/13056 [============================>.] - ETA: 1s - loss: 0.8586
- val_loss: 1.4550
- val_all_f1:  0.5739 0.5739 0.5739
- val_exp_f1:  0.8786 0.8786 0.8786
- val_non_f1:  0.3057 0.3057 0.3057

13056/13056 [==============================] - 313s - loss: 0.8589 - val_loss: 1.4550
Epoch 53/1000
12992/13056 [============================>.] - ETA: 1s - loss: 0.8565
- val_loss: 1.4623
- val_all_f1:  0.5646 0.5646 0.5646
- val_exp_f1:  0.8619 0.8619 0.8619
- val_non_f1:  0.3031 0.3031 0.3031

13056/13056 [==============================] - 312s - loss: 0.8576 - val_loss: 1.4623
Epoch 54/1000
12992/13056 [============================>.] - ETA: 1s - loss: 0.8352
- val_loss: 1.4787
- val_all_f1:  0.5575 0.5575 0.5575
- val_exp_f1:  0.8649 0.8649 0.8649
- val_non_f1:  0.2870 0.2870 0.2870

13056/13056 [==============================] - 313s - loss: 0.8353 - val_loss: 1.4787
Epoch 55/1000
12992/13056 [============================>.] - ETA: 1s - loss: 0.8441
- val_loss: 1.4359
- val_all_f1:  0.5788 0.5788 0.5788
- val_exp_f1:  0.8892 0.8892 0.8892
- val_non_f1:  0.3057 0.3057 0.3057

13056/13056 [==============================] - 313s - loss: 0.8434 - val_loss: 1.4359
Epoch 56/1000
12992/13056 [============================>.] - ETA: 1s - loss: 0.8426
- val_loss: 1.4281
- val_all_f1:  0.5866 0.5866 0.5866
- val_exp_f1:  0.8847 0.8847 0.8847
- val_non_f1:  0.3244 0.3244 0.3244

13056/13056 [==============================] - 313s - loss: 0.8425 - val_loss: 1.4281
Epoch 57/1000
12992/13056 [============================>.] - ETA: 1s - loss: 0.8145
- val_loss: 1.5204
- val_all_f1:  0.5313 0.5313 0.5313
- val_exp_f1:  0.8741 0.8741 0.8741
- val_non_f1:  0.2296 0.2296 0.2296

13056/13056 [==============================] - 313s - loss: 0.8140 - val_loss: 1.5204
Epoch 58/1000
12992/13056 [============================>.] - ETA: 1s - loss: 0.8440
- val_loss: 1.4527
- val_all_f1:  0.5732 0.5732 0.5732
- val_exp_f1:  0.8786 0.8786 0.8786
- val_non_f1:  0.3044 0.3044 0.3044

13056/13056 [==============================] - 313s - loss: 0.8424 - val_loss: 1.4527
Epoch 59/1000
12992/13056 [============================>.] - ETA: 1s - loss: 0.8369
- val_loss: 1.4441
- val_all_f1:  0.5717 0.5717 0.5717
- val_exp_f1:  0.8832 0.8832 0.8832
- val_non_f1:  0.2977 0.2977 0.2977

13056/13056 [==============================] - 313s - loss: 0.8364 - val_loss: 1.4441
Epoch 60/1000
12992/13056 [============================>.] - ETA: 1s - loss: 0.8253
- val_loss: 1.4165
- val_all_f1:  0.5682 0.5682 0.5682
- val_exp_f1:  0.8862 0.8862 0.8862
- val_non_f1:  0.2884 0.2884 0.2884

13056/13056 [==============================] - 313s - loss: 0.8272 - val_loss: 1.4165
Epoch 61/1000
12992/13056 [============================>.] - ETA: 1s - loss: 0.8197
- val_loss: 1.6641
- val_all_f1:  0.5007 0.5007 0.5007
- val_exp_f1:  0.8543 0.8543 0.8543
- val_non_f1:  0.1896 0.1896 0.1896

13056/13056 [==============================] - 313s - loss: 0.8186 - val_loss: 1.6641
Epoch 62/1000
12992/13056 [============================>.] - ETA: 1s - loss: 0.8172
- val_loss: 1.4776
- val_all_f1:  0.5661 0.5661 0.5661
- val_exp_f1:  0.8741 0.8741 0.8741
- val_non_f1:  0.2951 0.2951 0.2951

13056/13056 [==============================] - 313s - loss: 0.8174 - val_loss: 1.4776
Epoch 63/1000
12992/13056 [============================>.] - ETA: 1s - loss: 0.8435
- val_loss: 1.5760
- val_all_f1:  0.5313 0.5313 0.5313
- val_exp_f1:  0.8938 0.8938 0.8938
- val_non_f1:  0.2123 0.2123 0.2123

13056/13056 [==============================] - 313s - loss: 0.8436 - val_loss: 1.5760
Epoch 64/1000
12992/13056 [============================>.] - ETA: 1s - loss: 0.8008
- val_loss: 1.4565
- val_all_f1:  0.5767 0.5767 0.5767
- val_exp_f1:  0.8892 0.8892 0.8892
- val_non_f1:  0.3017 0.3017 0.3017

13056/13056 [==============================] - 313s - loss: 0.8007 - val_loss: 1.4565
Epoch 65/1000
12992/13056 [============================>.] - ETA: 1s - loss: 0.8228
- val_loss: 1.4810
- val_all_f1:  0.5675 0.5675 0.5675
- val_exp_f1:  0.8680 0.8680 0.8680
- val_non_f1:  0.3031 0.3031 0.3031

13056/13056 [==============================] - 313s - loss: 0.8231 - val_loss: 1.4810
Epoch 66/1000
12992/13056 [============================>.] - ETA: 1s - loss: 0.8179
- val_loss: 1.4749
- val_all_f1:  0.5781 0.5781 0.5781
- val_exp_f1:  0.8832 0.8832 0.8832
- val_non_f1:  0.3097 0.3097 0.3097

13056/13056 [==============================] - 313s - loss: 0.8180 - val_loss: 1.4749
Epoch 67/1000
12992/13056 [============================>.] - ETA: 1s - loss: 0.8130
- val_loss: 1.4745
- val_all_f1:  0.5589 0.5589 0.5589
- val_exp_f1:  0.8710 0.8710 0.8710
- val_non_f1:  0.2844 0.2844 0.2844

13056/13056 [==============================] - 313s - loss: 0.8142 - val_loss: 1.4745
Epoch 68/1000
12992/13056 [============================>.] - ETA: 1s - loss: 0.8401
- val_loss: 1.4695
- val_all_f1:  0.5661 0.5661 0.5661
- val_exp_f1:  0.8847 0.8847 0.8847
- val_non_f1:  0.2857 0.2857 0.2857

13056/13056 [==============================] - 312s - loss: 0.8398 - val_loss: 1.4695
Epoch 69/1000
12992/13056 [============================>.] - ETA: 1s - loss: 0.8227
- val_loss: 1.4441
- val_all_f1:  0.5682 0.5682 0.5682
- val_exp_f1:  0.8693 0.8680 0.8686
- val_non_f1:  0.3044 0.3044 0.3044

13056/13056 [==============================] - 313s - loss: 0.8222 - val_loss: 1.4441
Epoch 70/1000
12992/13056 [============================>.] - ETA: 1s - loss: 0.8305
- val_loss: 1.5236
- val_all_f1:  0.5419 0.5419 0.5419
- val_exp_f1:  0.8756 0.8756 0.8756
- val_non_f1:  0.2483 0.2483 0.2483

13056/13056 [==============================] - 313s - loss: 0.8295 - val_loss: 1.5236
Epoch 71/1000
12992/13056 [============================>.] - ETA: 1s - loss: 0.8089
- val_loss: 1.5662
- val_all_f1:  0.5341 0.5341 0.5341
- val_exp_f1:  0.8589 0.8589 0.8589
- val_non_f1:  0.2483 0.2483 0.2483

13056/13056 [==============================] - 312s - loss: 0.8087 - val_loss: 1.5662
Epoch 72/1000
12992/13056 [============================>.] - ETA: 1s - loss: 0.7894
- val_loss: 1.4403
- val_all_f1:  0.5888 0.5888 0.5888
- val_exp_f1:  0.9044 0.9044 0.9044
- val_non_f1:  0.3111 0.3111 0.3111

13056/13056 [==============================] - 313s - loss: 0.7892 - val_loss: 1.4403
Epoch 73/1000
12992/13056 [============================>.] - ETA: 1s - loss: 0.8092
- val_loss: 1.4841
- val_all_f1:  0.5533 0.5533 0.5533
- val_exp_f1:  0.8725 0.8725 0.8725
- val_non_f1:  0.2724 0.2724 0.2724

13056/13056 [==============================] - 313s - loss: 0.8081 - val_loss: 1.4841
Epoch 74/1000
12992/13056 [============================>.] - ETA: 1s - loss: 0.8041
- val_loss: 1.4635
- val_all_f1:  0.5732 0.5732 0.5732
- val_exp_f1:  0.8862 0.8862 0.8862
- val_non_f1:  0.2977 0.2977 0.2977

13056/13056 [==============================] - 313s - loss: 0.8035 - val_loss: 1.4635
Epoch 75/1000
12992/13056 [============================>.] - ETA: 1s - loss: 0.8145
- val_loss: 1.4587
- val_all_f1:  0.5760 0.5760 0.5760
- val_exp_f1:  0.8771 0.8771 0.8771
- val_non_f1:  0.3111 0.3111 0.3111

13056/13056 [==============================] - 312s - loss: 0.8145 - val_loss: 1.4587
Epoch 76/1000
12992/13056 [============================>.] - ETA: 1s - loss: 0.8075
- val_loss: 1.4491
- val_all_f1:  0.5774 0.5774 0.5774
- val_exp_f1:  0.9029 0.9029 0.9029
- val_non_f1:  0.2911 0.2911 0.2911

13056/13056 [==============================] - 312s - loss: 0.8059 - val_loss: 1.4491
Epoch 77/1000
12992/13056 [============================>.] - ETA: 1s - loss: 0.7912
- val_loss: 1.4879
- val_all_f1:  0.5611 0.5611 0.5611
- val_exp_f1:  0.8816 0.8816 0.8816
- val_non_f1:  0.2790 0.2790 0.2790

13056/13056 [==============================] - 313s - loss: 0.7922 - val_loss: 1.4879
Epoch 78/1000
12992/13056 [============================>.] - ETA: 1s - loss: 0.8063
- val_loss: 1.4394
- val_all_f1:  0.5781 0.5781 0.5781
- val_exp_f1:  0.8862 0.8862 0.8862
- val_non_f1:  0.3071 0.3071 0.3071

13056/13056 [==============================] - 313s - loss: 0.8062 - val_loss: 1.4394
Epoch 79/1000
12992/13056 [============================>.] - ETA: 1s - loss: 0.8102
- val_loss: 1.4844
- val_all_f1:  0.5447 0.5447 0.5447
- val_exp_f1:  0.8786 0.8786 0.8786
- val_non_f1:  0.2510 0.2510 0.2510

13056/13056 [==============================] - 313s - loss: 0.8107 - val_loss: 1.4844
Epoch 80/1000
12992/13056 [============================>.] - ETA: 1s - loss: 0.8094
- val_loss: 1.4445
- val_all_f1:  0.5788 0.5788 0.5788
- val_exp_f1:  0.8771 0.8771 0.8771
- val_non_f1:  0.3164 0.3164 0.3164

13056/13056 [==============================] - 312s - loss: 0.8084 - val_loss: 1.4445
Epoch 81/1000
12992/13056 [============================>.] - ETA: 1s - loss: 0.7865
- val_loss: 1.4916
- val_all_f1:  0.5866 0.5866 0.5866
- val_exp_f1:  0.8998 0.8998 0.8998
- val_non_f1:  0.3111 0.3111 0.3111

13056/13056 [==============================] - 313s - loss: 0.7867 - val_loss: 1.4916
Epoch 82/1000
12992/13056 [============================>.] - ETA: 1s - loss: 0.7798
- val_loss: 1.4928
- val_all_f1:  0.5526 0.5526 0.5526
- val_exp_f1:  0.8771 0.8771 0.8771
- val_non_f1:  0.2670 0.2670 0.2670

13056/13056 [==============================] - 314s - loss: 0.7790 - val_loss: 1.4928
Epoch 83/1000
12992/13056 [============================>.] - ETA: 1s - loss: 0.7711
- val_loss: 1.5093
- val_all_f1:  0.5568 0.5568 0.5568
- val_exp_f1:  0.8786 0.8786 0.8786
- val_non_f1:  0.2737 0.2737 0.2737

13056/13056 [==============================] - 314s - loss: 0.7704 - val_loss: 1.5093
Epoch 84/1000
12992/13056 [============================>.] - ETA: 1s - loss: 0.7965
- val_loss: 1.5799
- val_all_f1:  0.5490 0.5490 0.5490
- val_exp_f1:  0.8983 0.8983 0.8983
- val_non_f1:  0.2417 0.2417 0.2417

13056/13056 [==============================] - 313s - loss: 0.7975 - val_loss: 1.5799
Epoch 85/1000
12992/13056 [============================>.] - ETA: 1s - loss: 0.8003
- val_loss: 1.6039
- val_all_f1:  0.5320 0.5320 0.5320
- val_exp_f1:  0.8619 0.8619 0.8619
- val_non_f1:  0.2417 0.2417 0.2417

13056/13056 [==============================] - 313s - loss: 0.8001 - val_loss: 1.6039
Epoch 86/1000
12992/13056 [============================>.] - ETA: 1s - loss: 0.7857
- val_loss: 1.5278
- val_all_f1:  0.5369 0.5369 0.5369
- val_exp_f1:  0.8528 0.8528 0.8528
- val_non_f1:  0.2590 0.2590 0.2590

13056/13056 [==============================] - 312s - loss: 0.7867 - val_loss: 1.5278
Epoch 87/1000
12992/13056 [============================>.] - ETA: 1s - loss: 0.7802
- val_loss: 1.4629
- val_all_f1:  0.5739 0.5739 0.5739
- val_exp_f1:  0.8832 0.8832 0.8832
- val_non_f1:  0.3017 0.3017 0.3017

13056/13056 [==============================] - 313s - loss: 0.7818 - val_loss: 1.4629
Epoch 88/1000
12992/13056 [============================>.] - ETA: 1s - loss: 0.7826
- val_loss: 1.5061
- val_all_f1:  0.5646 0.5646 0.5646
- val_exp_f1:  0.8725 0.8725 0.8725
- val_non_f1:  0.2937 0.2937 0.2937

13056/13056 [==============================] - 313s - loss: 0.7820 - val_loss: 1.5061
Epoch 89/1000
12992/13056 [============================>.] - ETA: 1s - loss: 0.7786
- val_loss: 1.4969
- val_all_f1:  0.5540 0.5540 0.5540
- val_exp_f1:  0.8741 0.8741 0.8741
- val_non_f1:  0.2724 0.2724 0.2724

13056/13056 [==============================] - 313s - loss: 0.7797 - val_loss: 1.4969
Epoch 90/1000
12992/13056 [============================>.] - ETA: 1s - loss: 0.8006
- val_loss: 1.6490
- val_all_f1:  0.5192 0.5192 0.5192
- val_exp_f1:  0.8619 0.8619 0.8619
- val_non_f1:  0.2176 0.2176 0.2176

13056/13056 [==============================] - 312s - loss: 0.8015 - val_loss: 1.6490
Epoch 91/1000
12992/13056 [============================>.] - ETA: 1s - loss: 0.7543
- val_loss: 1.5250
- val_all_f1:  0.5483 0.5483 0.5483
- val_exp_f1:  0.8604 0.8604 0.8604
- val_non_f1:  0.2737 0.2737 0.2737

13056/13056 [==============================] - 320s - loss: 0.7531 - val_loss: 1.5250
Epoch 92/1000
12992/13056 [============================>.] - ETA: 1s - loss: 0.7505
- val_loss: 1.6138
- val_all_f1:  0.5341 0.5341 0.5341
- val_exp_f1:  0.8741 0.8741 0.8741
- val_non_f1:  0.2350 0.2350 0.2350

13056/13056 [==============================] - 317s - loss: 0.7510 - val_loss: 1.6138
Epoch 93/1000
12992/13056 [============================>.] - ETA: 1s - loss: 0.7650
- val_loss: 1.5360
- val_all_f1:  0.5462 0.5462 0.5462
- val_exp_f1:  0.8619 0.8619 0.8619
- val_non_f1:  0.2684 0.2684 0.2684

13056/13056 [==============================] - 316s - loss: 0.7645 - val_loss: 1.5360
Epoch 94/1000
12992/13056 [============================>.] - ETA: 1s - loss: 0.7764
- val_loss: 1.5159
- val_all_f1:  0.5611 0.5611 0.5611
- val_exp_f1:  0.8786 0.8786 0.8786
- val_non_f1:  0.2817 0.2817 0.2817

13056/13056 [==============================] - 315s - loss: 0.7781 - val_loss: 1.5159
Epoch 95/1000
12992/13056 [============================>.] - ETA: 1s - loss: 0.7658
- val_loss: 1.5591
- val_all_f1:  0.5462 0.5462 0.5462
- val_exp_f1:  0.8710 0.8710 0.8710
- val_non_f1:  0.2603 0.2603 0.2603

13056/13056 [==============================] - 314s - loss: 0.7674 - val_loss: 1.5591
Epoch 96/1000
12992/13056 [============================>.] - ETA: 1s - loss: 0.7772
- val_loss: 1.4934
- val_all_f1:  0.5675 0.5675 0.5675
- val_exp_f1:  0.8801 0.8801 0.8801
- val_non_f1:  0.2924 0.2924 0.2924

13056/13056 [==============================] - 314s - loss: 0.7784 - val_loss: 1.4934
Epoch 97/1000
12992/13056 [============================>.] - ETA: 1s - loss: 0.7682
- val_loss: 1.5305
- val_all_f1:  0.5405 0.5405 0.5405
- val_exp_f1:  0.8892 0.8892 0.8892
- val_non_f1:  0.2336 0.2336 0.2336

13056/13056 [==============================] - 314s - loss: 0.7687 - val_loss: 1.5305
Epoch 98/1000
12992/13056 [============================>.] - ETA: 1s - loss: 0.7890
- val_loss: 1.4728
- val_all_f1:  0.5774 0.5774 0.5774
- val_exp_f1:  0.9014 0.9014 0.9014
- val_non_f1:  0.2924 0.2924 0.2924

13056/13056 [==============================] - 314s - loss: 0.7884 - val_loss: 1.4728
Epoch 99/1000
12992/13056 [============================>.] - ETA: 1s - loss: 0.7797
- val_loss: 1.5066
- val_all_f1:  0.5504 0.5504 0.5504
- val_exp_f1:  0.8725 0.8725 0.8725
- val_non_f1:  0.2670 0.2670 0.2670

13056/13056 [==============================] - 314s - loss: 0.7791 - val_loss: 1.5066
Epoch 100/1000
12992/13056 [============================>.] - ETA: 1s - loss: 0.7571
- val_loss: 1.5531
- val_all_f1:  0.5405 0.5405 0.5405
- val_exp_f1:  0.8665 0.8665 0.8665
- val_non_f1:  0.2537 0.2537 0.2537

13056/13056 [==============================] - 314s - loss: 0.7554 - val_loss: 1.5531
Epoch 101/1000
12992/13056 [============================>.] - ETA: 1s - loss: 0.7448
- val_loss: 1.5532
- val_all_f1:  0.5483 0.5483 0.5483
- val_exp_f1:  0.8725 0.8725 0.8725
- val_non_f1:  0.2630 0.2630 0.2630

13056/13056 [==============================] - 314s - loss: 0.7447 - val_loss: 1.5532
Epoch 102/1000
12992/13056 [============================>.] - ETA: 1s - loss: 0.7427
- val_loss: 1.5500
- val_all_f1:  0.5398 0.5398 0.5398
- val_exp_f1:  0.8634 0.8634 0.8634
- val_non_f1:  0.2550 0.2550 0.2550

13056/13056 [==============================] - 314s - loss: 0.7428 - val_loss: 1.5500
Epoch 103/1000
12992/13056 [============================>.] - ETA: 1s - loss: 0.7517
- val_loss: 1.6360
- val_all_f1:  0.5391 0.5391 0.5391
- val_exp_f1:  0.8862 0.8862 0.8862
- val_non_f1:  0.2336 0.2336 0.2336

13056/13056 [==============================] - 314s - loss: 0.7515 - val_loss: 1.6360
Epoch 104/1000
12992/13056 [============================>.] - ETA: 1s - loss: 0.7624
- val_loss: 1.5110
- val_all_f1:  0.5646 0.5646 0.5646
- val_exp_f1:  0.8892 0.8892 0.8892
- val_non_f1:  0.2790 0.2790 0.2790

13056/13056 [==============================] - 314s - loss: 0.7620 - val_loss: 1.5110
Epoch 105/1000
12992/13056 [============================>.] - ETA: 1s - loss: 0.7392
- val_loss: 1.4586
- val_all_f1:  0.5852 0.5852 0.5852
- val_exp_f1:  0.8832 0.8832 0.8832
- val_non_f1:  0.3231 0.3231 0.3231

13056/13056 [==============================] - 314s - loss: 0.7401 - val_loss: 1.4586
Epoch 106/1000
12992/13056 [============================>.] - ETA: 1s - loss: 0.7762
- val_loss: 1.5093
- val_all_f1:  0.5653 0.5653 0.5653
- val_exp_f1:  0.8832 0.8832 0.8832
- val_non_f1:  0.2857 0.2857 0.2857

13056/13056 [==============================] - 314s - loss: 0.7765 - val_loss: 1.5093
Epoch 107/1000
12992/13056 [============================>.] - ETA: 1s - loss: 0.7462
- val_loss: 1.5806
- val_all_f1:  0.5547 0.5547 0.5547
- val_exp_f1:  0.8786 0.8786 0.8786
- val_non_f1:  0.2697 0.2697 0.2697

13056/13056 [==============================] - 314s - loss: 0.7467 - val_loss: 1.5806
Epoch 108/1000
12992/13056 [============================>.] - ETA: 1s - loss: 0.7707
- val_loss: 1.5477
- val_all_f1:  0.5675 0.5675 0.5675
- val_exp_f1:  0.8771 0.8771 0.8771
- val_non_f1:  0.2951 0.2951 0.2951

13056/13056 [==============================] - 313s - loss: 0.7718 - val_loss: 1.5477
Epoch 109/1000
12992/13056 [============================>.] - ETA: 1s - loss: 0.7489
- val_loss: 1.5231
- val_all_f1:  0.5646 0.5646 0.5646
- val_exp_f1:  0.8786 0.8786 0.8786
- val_non_f1:  0.2884 0.2884 0.2884

13056/13056 [==============================] - 313s - loss: 0.7498 - val_loss: 1.5231
Epoch 110/1000
12992/13056 [============================>.] - ETA: 1s - loss: 0.7546
- val_loss: 1.5439
- val_all_f1:  0.5518 0.5518 0.5518
- val_exp_f1:  0.8604 0.8604 0.8604
- val_non_f1:  0.2804 0.2804 0.2804

13056/13056 [==============================] - 313s - loss: 0.7550 - val_loss: 1.5439
Epoch 111/1000
12992/13056 [============================>.] - ETA: 1s - loss: 0.7248
- val_loss: 1.5366
- val_all_f1:  0.5568 0.5568 0.5568
- val_exp_f1:  0.8649 0.8649 0.8649
- val_non_f1:  0.2857 0.2857 0.2857

13056/13056 [==============================] - 313s - loss: 0.7253 - val_loss: 1.5366
Epoch 112/1000
12992/13056 [============================>.] - ETA: 1s - loss: 0.7537
- val_loss: 1.6009
- val_all_f1:  0.5433 0.5433 0.5433
- val_exp_f1:  0.8786 0.8786 0.8786
- val_non_f1:  0.2483 0.2483 0.2483

13056/13056 [==============================] - 313s - loss: 0.7547 - val_loss: 1.6009
Epoch 113/1000
12992/13056 [============================>.] - ETA: 1s - loss: 0.7372
- val_loss: 1.5648
- val_all_f1:  0.5490 0.5490 0.5490
- val_exp_f1:  0.8680 0.8680 0.8680
- val_non_f1:  0.2684 0.2684 0.2684

13056/13056 [==============================] - 313s - loss: 0.7366 - val_loss: 1.5648
Epoch 114/1000
12992/13056 [============================>.] - ETA: 1s - loss: 0.7332
- val_loss: 1.5750
- val_all_f1:  0.5518 0.5518 0.5518
- val_exp_f1:  0.8786 0.8786 0.8786
- val_non_f1:  0.2644 0.2644 0.2644

13056/13056 [==============================] - 313s - loss: 0.7340 - val_loss: 1.5750
Epoch 115/1000
12992/13056 [============================>.] - ETA: 1s - loss: 0.7465
- val_loss: 1.6403
- val_all_f1:  0.5213 0.5213 0.5213
- val_exp_f1:  0.8634 0.8634 0.8634
- val_non_f1:  0.2203 0.2203 0.2203

13056/13056 [==============================] - 313s - loss: 0.7466 - val_loss: 1.6403
Epoch 116/1000
12992/13056 [============================>.] - ETA: 1s - loss: 0.7530
- val_loss: 1.5548
- val_all_f1:  0.5433 0.5433 0.5433
- val_exp_f1:  0.8741 0.8741 0.8741
- val_non_f1:  0.2523 0.2523 0.2523

13056/13056 [==============================] - 313s - loss: 0.7541 - val_loss: 1.5548
Epoch 117/1000
12992/13056 [============================>.] - ETA: 1s - loss: 0.7549
- val_loss: 1.5311
- val_all_f1:  0.5561 0.5561 0.5561
- val_exp_f1:  0.8801 0.8801 0.8801
- val_non_f1:  0.2710 0.2710 0.2710

13056/13056 [==============================] - 313s - loss: 0.7568 - val_loss: 1.5311
Epoch 118/1000
12992/13056 [============================>.] - ETA: 1s - loss: 0.7415
- val_loss: 1.5467
- val_all_f1:  0.5589 0.5589 0.5589
- val_exp_f1:  0.8877 0.8877 0.8877
- val_non_f1:  0.2697 0.2697 0.2697

13056/13056 [==============================] - 313s - loss: 0.7417 - val_loss: 1.5467
Epoch 119/1000
12992/13056 [============================>.] - ETA: 1s - loss: 0.7143
- val_loss: 1.6186
- val_all_f1:  0.5291 0.5291 0.5291
- val_exp_f1:  0.8771 0.8771 0.8771
- val_non_f1:  0.2230 0.2230 0.2230

13056/13056 [==============================] - 315s - loss: 0.7150 - val_loss: 1.6186
Epoch 120/1000
12992/13056 [============================>.] - ETA: 1s - loss: 0.7370
- val_loss: 1.5964
- val_all_f1:  0.5511 0.5511 0.5511
- val_exp_f1:  0.8771 0.8771 0.8771
- val_non_f1:  0.2644 0.2644 0.2644

13056/13056 [==============================] - 315s - loss: 0.7362 - val_loss: 1.5964
Epoch 121/1000
12992/13056 [============================>.] - ETA: 1s - loss: 0.7278
- val_loss: 1.5240
- val_all_f1:  0.5554 0.5554 0.5554
- val_exp_f1:  0.8680 0.8680 0.8680
- val_non_f1:  0.2804 0.2804 0.2804

13056/13056 [==============================] - 313s - loss: 0.7276 - val_loss: 1.5240
Epoch 122/1000
12992/13056 [============================>.] - ETA: 1s - loss: 0.7140
- val_loss: 1.5224
- val_all_f1:  0.5511 0.5511 0.5511
- val_exp_f1:  0.8816 0.8816 0.8816
- val_non_f1:  0.2603 0.2603 0.2603

13056/13056 [==============================] - 313s - loss: 0.7137 - val_loss: 1.5224
Epoch 123/1000
12992/13056 [============================>.] - ETA: 1s - loss: 0.7361
- val_loss: 1.5333
- val_all_f1:  0.5589 0.5589 0.5589
- val_exp_f1:  0.8847 0.8847 0.8847
- val_non_f1:  0.2724 0.2724 0.2724

13056/13056 [==============================] - 313s - loss: 0.7349 - val_loss: 1.5333
Epoch 124/1000
12992/13056 [============================>.] - ETA: 1s - loss: 0.7334
- val_loss: 1.5473
- val_all_f1:  0.5611 0.5611 0.5611
- val_exp_f1:  0.8756 0.8756 0.8756
- val_non_f1:  0.2844 0.2844 0.2844

13056/13056 [==============================] - 313s - loss: 0.7329 - val_loss: 1.5473
Epoch 125/1000
12992/13056 [============================>.] - ETA: 1s - loss: 0.7218
- val_loss: 1.5340
- val_all_f1:  0.5561 0.5561 0.5561
- val_exp_f1:  0.8816 0.8816 0.8816
- val_non_f1:  0.2697 0.2697 0.2697

13056/13056 [==============================] - 313s - loss: 0.7233 - val_loss: 1.5340
Epoch 126/1000
12992/13056 [============================>.] - ETA: 1s - loss: 0.7295
- val_loss: 1.5353
- val_all_f1:  0.5639 0.5639 0.5639
- val_exp_f1:  0.8786 0.8786 0.8786
- val_non_f1:  0.2870 0.2870 0.2870

13056/13056 [==============================] - 313s - loss: 0.7290 - val_loss: 1.5353
Epoch 127/1000
12992/13056 [============================>.] - ETA: 1s - loss: 0.7513
- val_loss: 1.5677
- val_all_f1:  0.5561 0.5561 0.5561
- val_exp_f1:  0.8695 0.8695 0.8695
- val_non_f1:  0.2804 0.2804 0.2804

13056/13056 [==============================] - 313s - loss: 0.7505 - val_loss: 1.5677
Epoch 128/1000
12992/13056 [============================>.] - ETA: 1s - loss: 0.7420
- val_loss: 1.4988
- val_all_f1:  0.5675 0.5675 0.5675
- val_exp_f1:  0.8695 0.8695 0.8695
- val_non_f1:  0.3017 0.3017 0.3017

13056/13056 [==============================] - 313s - loss: 0.7418 - val_loss: 1.4988
Epoch 129/1000
12992/13056 [============================>.] - ETA: 1s - loss: 0.7515
- val_loss: 1.5777
- val_all_f1:  0.5412 0.5412 0.5412
- val_exp_f1:  0.8665 0.8665 0.8665
- val_non_f1:  0.2550 0.2550 0.2550

13056/13056 [==============================] - 312s - loss: 0.7524 - val_loss: 1.5777
Epoch 130/1000
12992/13056 [============================>.] - ETA: 1s - loss: 0.7226
- val_loss: 1.5764
- val_all_f1:  0.5518 0.5518 0.5518
- val_exp_f1:  0.8801 0.8801 0.8801
- val_non_f1:  0.2630 0.2630 0.2630

13056/13056 [==============================] - 313s - loss: 0.7221 - val_loss: 1.5764
Epoch 131/1000
12992/13056 [============================>.] - ETA: 1s - loss: 0.6997
- val_loss: 1.6140
- val_all_f1:  0.5490 0.5490 0.5490
- val_exp_f1:  0.8634 0.8634 0.8634
- val_non_f1:  0.2724 0.2724 0.2724

13056/13056 [==============================] - 313s - loss: 0.6995 - val_loss: 1.6140
Epoch 132/1000
12992/13056 [============================>.] - ETA: 1s - loss: 0.7005
- val_loss: 1.6505
- val_all_f1:  0.5305 0.5305 0.5305
- val_exp_f1:  0.8649 0.8649 0.8649
- val_non_f1:  0.2363 0.2363 0.2363

13056/13056 [==============================] - 313s - loss: 0.7003 - val_loss: 1.6505
Epoch 133/1000
12992/13056 [============================>.] - ETA: 1s - loss: 0.7114
- val_loss: 1.5348
- val_all_f1:  0.5547 0.5547 0.5547
- val_exp_f1:  0.8816 0.8816 0.8816
- val_non_f1:  0.2670 0.2670 0.2670

13056/13056 [==============================] - 313s - loss: 0.7104 - val_loss: 1.5348
Epoch 134/1000
12992/13056 [============================>.] - ETA: 1s - loss: 0.6916
- val_loss: 1.5005
- val_all_f1:  0.5632 0.5632 0.5632
- val_exp_f1:  0.8953 0.8953 0.8953
- val_non_f1:  0.2710 0.2710 0.2710

13056/13056 [==============================] - 313s - loss: 0.6919 - val_loss: 1.5005
Epoch 135/1000
12992/13056 [============================>.] - ETA: 1s - loss: 0.7216
- val_loss: 1.4710
- val_all_f1:  0.5838 0.5838 0.5838
- val_exp_f1:  0.9074 0.9074 0.9074
- val_non_f1:  0.2991 0.2991 0.2991

13056/13056 [==============================] - 314s - loss: 0.7211 - val_loss: 1.4710
Epoch 136/1000
12992/13056 [============================>.] - ETA: 1s - loss: 0.7084
- val_loss: 1.5516
- val_all_f1:  0.5554 0.5554 0.5554
- val_exp_f1:  0.8801 0.8801 0.8801
- val_non_f1:  0.2697 0.2697 0.2697

13056/13056 [==============================] - 313s - loss: 0.7082 - val_loss: 1.5516
Epoch 137/1000
12992/13056 [============================>.] - ETA: 1s - loss: 0.7177
- val_loss: 1.5672
- val_all_f1:  0.5504 0.5504 0.5504
- val_exp_f1:  0.8634 0.8634 0.8634
- val_non_f1:  0.2750 0.2750 0.2750

13056/13056 [==============================] - 313s - loss: 0.7180 - val_loss: 1.5672
Epoch 138/1000
12992/13056 [============================>.] - ETA: 1s - loss: 0.7157
- val_loss: 1.5722
- val_all_f1:  0.5597 0.5597 0.5597
- val_exp_f1:  0.8756 0.8756 0.8756
- val_non_f1:  0.2817 0.2817 0.2817

13056/13056 [==============================] - 313s - loss: 0.7146 - val_loss: 1.5722
Epoch 139/1000
12992/13056 [============================>.] - ETA: 1s - loss: 0.7157
- val_loss: 1.5515
- val_all_f1:  0.5547 0.5547 0.5547
- val_exp_f1:  0.8725 0.8725 0.8725
- val_non_f1:  0.2754 0.2750 0.2752

13056/13056 [==============================] - 313s - loss: 0.7170 - val_loss: 1.5515
Epoch 140/1000
12992/13056 [============================>.] - ETA: 1s - loss: 0.7001
- val_loss: 1.5868
- val_all_f1:  0.5384 0.5384 0.5384
- val_exp_f1:  0.8847 0.8847 0.8847
- val_non_f1:  0.2336 0.2336 0.2336

13056/13056 [==============================] - 313s - loss: 0.6984 - val_loss: 1.5868
Epoch 141/1000
12992/13056 [============================>.] - ETA: 1s - loss: 0.7053
- val_loss: 1.5877
- val_all_f1:  0.5447 0.5447 0.5447
- val_exp_f1:  0.8771 0.8771 0.8771
- val_non_f1:  0.2523 0.2523 0.2523

13056/13056 [==============================] - 313s - loss: 0.7053 - val_loss: 1.5877
Epoch 142/1000
12992/13056 [============================>.] - ETA: 1s - loss: 0.6844
- val_loss: 1.5887
- val_all_f1:  0.5625 0.5625 0.5625
- val_exp_f1:  0.8816 0.8816 0.8816
- val_non_f1:  0.2817 0.2817 0.2817

13056/13056 [==============================] - 313s - loss: 0.6842 - val_loss: 1.5887
Epoch 143/1000
12992/13056 [============================>.] - ETA: 1s - loss: 0.6846
- val_loss: 1.5532
- val_all_f1:  0.5604 0.5604 0.5604
- val_exp_f1:  0.8892 0.8892 0.8892
- val_non_f1:  0.2710 0.2710 0.2710

13056/13056 [==============================] - 313s - loss: 0.6841 - val_loss: 1.5532
Epoch 144/1000
12992/13056 [============================>.] - ETA: 1s - loss: 0.6972
- val_loss: 1.5273
- val_all_f1:  0.5668 0.5668 0.5668
- val_exp_f1:  0.8938 0.8938 0.8938
- val_non_f1:  0.2790 0.2790 0.2790

13056/13056 [==============================] - 313s - loss: 0.6964 - val_loss: 1.5273
Epoch 145/1000
12992/13056 [============================>.] - ETA: 1s - loss: 0.7407
- val_loss: 1.5765
- val_all_f1:  0.5483 0.5483 0.5483
- val_exp_f1:  0.8680 0.8680 0.8680
- val_non_f1:  0.2670 0.2670 0.2670

13056/13056 [==============================] - 313s - loss: 0.7405 - val_loss: 1.5765
Epoch 146/1000
12992/13056 [============================>.] - ETA: 1s - loss: 0.7106
- val_loss: 1.5198
- val_all_f1:  0.5653 0.5653 0.5653
- val_exp_f1:  0.8862 0.8862 0.8862
- val_non_f1:  0.2834 0.2830 0.2832

13056/13056 [==============================] - 313s - loss: 0.7096 - val_loss: 1.5198
Epoch 147/1000
12992/13056 [============================>.] - ETA: 1s - loss: 0.7398
- val_loss: 1.5513
- val_all_f1:  0.5568 0.5568 0.5568
- val_exp_f1:  0.8695 0.8695 0.8695
- val_non_f1:  0.2817 0.2817 0.2817

13056/13056 [==============================] - 313s - loss: 0.7406 - val_loss: 1.5513
Epoch 148/1000
12992/13056 [============================>.] - ETA: 1s - loss: 0.7044
- val_loss: 1.5103
- val_all_f1:  0.5753 0.5753 0.5753
- val_exp_f1:  0.8862 0.8862 0.8862
- val_non_f1:  0.3017 0.3017 0.3017

13056/13056 [==============================] - 313s - loss: 0.7059 - val_loss: 1.5103
Epoch 149/1000
12992/13056 [============================>.] - ETA: 1s - loss: 0.7259
- val_loss: 1.5705
- val_all_f1:  0.5582 0.5582 0.5582
- val_exp_f1:  0.8725 0.8725 0.8725
- val_non_f1:  0.2825 0.2817 0.2821

13056/13056 [==============================] - 313s - loss: 0.7244 - val_loss: 1.5705
Epoch 150/1000
12992/13056 [============================>.] - ETA: 1s - loss: 0.6948
- val_loss: 1.5562
- val_all_f1:  0.5447 0.5447 0.5447
- val_exp_f1:  0.8771 0.8771 0.8771
- val_non_f1:  0.2523 0.2523 0.2523

13056/13056 [==============================] - 313s - loss: 0.6950 - val_loss: 1.5562
Epoch 151/1000
12992/13056 [============================>.] - ETA: 1s - loss: 0.6827
- val_loss: 1.6285
- val_all_f1:  0.5305 0.5305 0.5305
- val_exp_f1:  0.8604 0.8604 0.8604
- val_non_f1:  0.2406 0.2403 0.2405

13056/13056 [==============================] - 313s - loss: 0.6840 - val_loss: 1.6285
[2019-03-09 17:25] training finished (ex/conll16st-v35-en-al-150-0)
[2019-03-09 17:25] best_val_loss: 59 - loss: 0.8272 - val_loss: 1.4165 - val_all_f1: 0.5682 - val_exp_f1: 0.8862 - val_non_f1: 0.2884
[2019-03-09 17:25] best_val_all_f1: 49 - loss: 0.8410 - val_loss: 1.4183 - val_all_f1: 0.5959 - val_exp_f1: 0.8832 - val_non_f1: 0.3431
[2019-03-09 17:25] time: loaded: 172.1188 - prepared: 935.6849 - trained: 47419.5949 - epoch: 3140.3705 - epoch_cnt: 15.1000 - epoch_samples: 130560.0000
