[2019-03-27 13:35] configuration (ex/conll16st-v35dimx2-ench/blind)
[2019-03-27 13:35]   config 'arg1_len': 400
[2019-03-27 13:35]   config 'arg2_len': 400
[2019-03-27 13:35]   config 'backend': theano
[2019-03-27 13:35]   config 'backend_theano': device=cpu
[2019-03-27 13:35]   config 'batch_size': 64
[2019-03-27 13:35]   config 'conn_len': 20
[2019-03-27 13:35]   config 'dataset_dir': data/conll15st-en-03-29-16-blind-test
[2019-03-27 13:35]   config 'filter_fn_name': None
[2019-03-27 13:35]   config 'input_size': None
[2019-03-27 13:35]   config 'lang': en
[2019-03-27 13:35]   config 'mode': char
[2019-03-27 13:35]   config 'model_dir': ex/conll16st-v35dimx2-ench
[2019-03-27 13:35]   config 'normalization_mode': sample_aspect
[2019-03-27 13:35]   config 'output_dir': ex/conll16st-v35dimx2-ench/blind
[2019-03-27 13:35]   config 'punc_len': 0
[2019-03-27 13:35]   config 'rest': ['--filter_dim=8', '--rnn_num=8', '--words_dim=40', '--rnn_dim=40', '--final_dim=160']
[2019-03-27 13:35]   config 'snapshot_size': 2048
[2019-03-27 13:35] load dataset for prediction (data/conll15st-en-03-29-16-blind-test)
[2019-03-27 13:35]   lang: en, rel_ids: 1209
[2019-03-27 13:35] load previous indexes (ex/conll16st-v35dimx2-ench/indexes.pkl)
[2019-03-27 13:35]   words2id: 87, target2id: 23
[2019-03-27 13:35] load model (ex/conll16st-v35dimx2-ench)
[2019-03-27 13:36] load previous weights (ex/conll16st-v35dimx2-ench/weights_val_all_f1.hdf5)
[2019-03-27 13:36] make predictions
[2019-03-27 13:37] save predictions (ex/conll16st-v35dimx2-ench/blind/output.json)
[2019-03-27 13:37] save predictions (ex/conll16st-v35dimx2-ench/blind/output_proba.json)
[2019-03-27 13:37] peek into filtering weights (ex/conll16st-v35dimx2-ench/blind/peek.html)
[2019-03-27 13:38] finished (ex/conll16st-v35dimx2-ench/blind)
[2019-03-27 13:38] time: loaded: 0.2022 - prepared: 2.3293 - predicted: 72.5907
