[2019-03-11 03:28] configuration (ex/conll16st-v35dimx05-ench/blind)
[2019-03-11 03:28]   config 'arg1_len': 400
[2019-03-11 03:28]   config 'arg2_len': 400
[2019-03-11 03:28]   config 'backend': theano
[2019-03-11 03:28]   config 'backend_theano': device=cpu
[2019-03-11 03:28]   config 'batch_size': 64
[2019-03-11 03:28]   config 'conn_len': 20
[2019-03-11 03:28]   config 'dataset_dir': data/conll15st-en-03-29-16-blind-test
[2019-03-11 03:28]   config 'filter_fn_name': None
[2019-03-11 03:28]   config 'input_size': None
[2019-03-11 03:28]   config 'lang': en
[2019-03-11 03:28]   config 'mode': char
[2019-03-11 03:28]   config 'model_dir': ex/conll16st-v35dimx05-ench
[2019-03-11 03:28]   config 'normalization_mode': sample_aspect
[2019-03-11 03:28]   config 'output_dir': ex/conll16st-v35dimx05-ench/blind
[2019-03-11 03:28]   config 'punc_len': 0
[2019-03-11 03:28]   config 'rest': ['--words_dim=10', '--rnn_dim=10', '--final_dim=40', '--filter_dim=8', '--rnn_num=8']
[2019-03-11 03:28]   config 'snapshot_size': 2048
[2019-03-11 03:28] load dataset for prediction (data/conll15st-en-03-29-16-blind-test)
[2019-03-11 03:28]   lang: en, rel_ids: 1209
[2019-03-11 03:28] load previous indexes (ex/conll16st-v35dimx05-ench/indexes.pkl)
[2019-03-11 03:28]   words2id: 87, target2id: 23
[2019-03-11 03:28] load model (ex/conll16st-v35dimx05-ench)
[2019-03-11 03:28] load previous weights (ex/conll16st-v35dimx05-ench/weights_val_all_f1.hdf5)
[2019-03-11 03:28] make predictions
[2019-03-11 03:29] save predictions (ex/conll16st-v35dimx05-ench/blind/output.json)
[2019-03-11 03:29] save predictions (ex/conll16st-v35dimx05-ench/blind/output_proba.json)
[2019-03-11 03:29] peek into filtering weights (ex/conll16st-v35dimx05-ench/blind/peek.html)
[2019-03-11 03:31] finished (ex/conll16st-v35dimx05-ench/blind)
[2019-03-11 03:31] time: loaded: 0.2432 - prepared: 2.8370 - predicted: 48.1189
