[2019-03-05 19:46] configuration (ex/conll16st-v35dimx05-zhch)
[2019-03-05 19:46]   config 'arg1_len': 900
[2019-03-05 19:46]   config 'arg2_len': 900
[2019-03-05 19:46]   config 'backend': theano
[2019-03-05 19:46]   config 'backend_theano': device=cpu
[2019-03-05 19:46]   config 'batch_size': 64
[2019-03-05 19:46]   config 'conn_len': 20
[2019-03-05 19:46]   config 'continue_': False
[2019-03-05 19:46]   config 'curriculum_end': 0.0
[2019-03-05 19:46]   config 'epochs': 1000
[2019-03-05 19:46]   config 'epochs_patience': 100
[2019-03-05 19:46]   config 'epochs_ratio': 0.1
[2019-03-05 19:46]   config 'filter_act': sigmoid
[2019-03-05 19:46]   config 'filter_append_act': linear
[2019-03-05 19:46]   config 'filter_append_batchnorm': False
[2019-03-05 19:46]   config 'filter_append_dim': 0
[2019-03-05 19:46]   config 'filter_append_dropout': 0.0
[2019-03-05 19:46]   config 'filter_apply': mul
[2019-03-05 19:46]   config 'filter_dim': 12
[2019-03-05 19:46]   config 'filter_dropout_U': 0.0
[2019-03-05 19:46]   config 'filter_dropout_W': 0.0
[2019-03-05 19:46]   config 'filter_fn_name': None
[2019-03-05 19:46]   config 'filter_shared': global
[2019-03-05 19:46]   config 'filter_type': lstm-fb
[2019-03-05 19:46]   config 'filter_zoneout_c': 0.0
[2019-03-05 19:46]   config 'filter_zoneout_h': 0.0
[2019-03-05 19:46]   config 'final_act': SReLU
[2019-03-05 19:46]   config 'final_dim': 40
[2019-03-05 19:46]   config 'final_dropout': 0.3
[2019-03-05 19:46]   config 'input_size': None
[2019-03-05 19:46]   config 'lang': zh
[2019-03-05 19:46]   config 'masking': True
[2019-03-05 19:46]   config 'mode': char
[2019-03-05 19:46]   config 'model_dir': ex/conll16st-v35dimx05-zhch
[2019-03-05 19:46]   config 'optimizer': adam
[2019-03-05 19:46]   config 'original_positives': 0
[2019-03-05 19:46]   config 'punc_len': 2
[2019-03-05 19:46]   config 'random_negatives': 2
[2019-03-05 19:46]   config 'random_positives': 2
[2019-03-05 19:46]   config 'random_proba_1': 0.1
[2019-03-05 19:46]   config 'random_proba_2': 0.1
[2019-03-05 19:46]   config 'random_proba_3': 0.9
[2019-03-05 19:46]   config 'rnn_act': tanh
[2019-03-05 19:46]   config 'rnn_dim': 10
[2019-03-05 19:46]   config 'rnn_dropout_U': 0.0
[2019-03-05 19:46]   config 'rnn_dropout_W': 0.0
[2019-03-05 19:46]   config 'rnn_dropout_merge': 0.3
[2019-03-05 19:46]   config 'rnn_merge': concat
[2019-03-05 19:46]   config 'rnn_num': 12
[2019-03-05 19:46]   config 'rnn_shared': aspect
[2019-03-05 19:46]   config 'rnn_type': lstm-fwd
[2019-03-05 19:46]   config 'rnn_zoneout_c': 0.0
[2019-03-05 19:46]   config 'rnn_zoneout_h': 0.0
[2019-03-05 19:46]   config 'snapshot_size': 2048
[2019-03-05 19:46]   config 'train_dir': data/conll16st-zh-01-08-2016-train
[2019-03-05 19:46]   config 'valid_dir': data/conll16st-zh-01-08-2016-dev
[2019-03-05 19:46]   config 'words2vec_bin': None
[2019-03-05 19:46]   config 'words2vec_txt': None
[2019-03-05 19:46]   config 'words_crop': None
[2019-03-05 19:46]   config 'words_dim': 10
[2019-03-05 19:46]   config 'words_dropout': 0.3
[2019-03-05 19:46]   config 'words_shared': global
[2019-03-05 19:46]   config 'words_trainable': True
[2019-03-05 19:46] load dataset for training (data/conll16st-zh-01-08-2016-train)
[2019-03-05 19:46]   lang: zh, rel_ids: 10240
[2019-03-05 19:46] load dataset for validation (data/conll16st-zh-01-08-2016-dev)
[2019-03-05 19:46]   lang: zh, rel_ids: 383
[2019-03-05 19:46] build indexes from training
[2019-03-05 19:47]   words2id: 2859, target2id: 12
[2019-03-05 19:47] target class distribution from training
[2019-03-05 19:47]   class 0 = 'None': None
[2019-03-05 19:47]   class 1 = '': None
[2019-03-05 19:47]   class 2 = 'Conjunction': 6102
[2019-03-05 19:47]   class 3 = 'Expansion': 1435
[2019-03-05 19:47]   class 4 = 'EntRel': 1098
[2019-03-05 19:47]   class 5 = 'Causation': 456
[2019-03-05 19:47]   class 6 = 'Temporal': 434
[2019-03-05 19:47]   class 7 = 'Contrast': 340
[2019-03-05 19:47]   class 8 = 'Purpose': 244
[2019-03-05 19:47]   class 9 = 'Conditional': 134
[2019-03-05 19:47]   class 10 = 'Progression': 75
[2019-03-05 19:47]   class 11 = 'Alternative': 18
[2019-03-05 19:47] build model
____________________________________________________________________________________________________
Layer (type)                     Output Shape          Param #     Connected to                     
====================================================================================================
arg1_ids (InputLayer)            (None, 900)           0                                            
____________________________________________________________________________________________________
arg2_ids (InputLayer)            (None, 900)           0                                            
____________________________________________________________________________________________________
conn_ids (InputLayer)            (None, 20)            0                                            
____________________________________________________________________________________________________
punc_ids (InputLayer)            (None, 2)             0                                            
____________________________________________________________________________________________________
embedding_1 (Embedding)          multiple              28590       arg1_ids[0][0]                   
                                                                   arg2_ids[0][0]                   
                                                                   conn_ids[0][0]                   
                                                                   punc_ids[0][0]                   
____________________________________________________________________________________________________
shareablelstm_1 (ShareableLSTM)  multiple              1104        embedding_1[0][0]                
                                                                   embedding_1[1][0]                
                                                                   embedding_1[2][0]                
                                                                   embedding_1[3][0]                
____________________________________________________________________________________________________
shareablelstm_2 (ShareableLSTM)  multiple              1104        embedding_1[0][0]                
                                                                   embedding_1[1][0]                
                                                                   embedding_1[2][0]                
                                                                   embedding_1[3][0]                
____________________________________________________________________________________________________
merge_1 (Merge)                  (None, 900, 12)       0           shareablelstm_1[0][0]            
                                                                   shareablelstm_2[0][0]            
____________________________________________________________________________________________________
merge_15 (Merge)                 (None, 900, 12)       0           shareablelstm_1[1][0]            
                                                                   shareablelstm_2[1][0]            
____________________________________________________________________________________________________
merge_29 (Merge)                 (None, 20, 12)        0           shareablelstm_1[2][0]            
                                                                   shareablelstm_2[2][0]            
____________________________________________________________________________________________________
merge_43 (Merge)                 (None, 2, 12)         0           shareablelstm_1[3][0]            
                                                                   shareablelstm_2[3][0]            
____________________________________________________________________________________________________
arg1_filters (Activation)        (None, 900, 12)       0           merge_1[0][0]                    
____________________________________________________________________________________________________
arg2_filters (Activation)        (None, 900, 12)       0           merge_15[0][0]                   
____________________________________________________________________________________________________
conn_filters (Activation)        (None, 20, 12)        0           merge_29[0][0]                   
____________________________________________________________________________________________________
punc_filters (Activation)        (None, 2, 12)         0           merge_43[0][0]                   
____________________________________________________________________________________________________
merge_2 (Merge)                  (None, 900, 10)       0           embedding_1[0][0]                
                                                                   arg1_filters[0][0]               
____________________________________________________________________________________________________
merge_3 (Merge)                  (None, 900, 10)       0           embedding_1[0][0]                
                                                                   arg1_filters[0][0]               
____________________________________________________________________________________________________
merge_4 (Merge)                  (None, 900, 10)       0           embedding_1[0][0]                
                                                                   arg1_filters[0][0]               
____________________________________________________________________________________________________
merge_5 (Merge)                  (None, 900, 10)       0           embedding_1[0][0]                
                                                                   arg1_filters[0][0]               
____________________________________________________________________________________________________
merge_6 (Merge)                  (None, 900, 10)       0           embedding_1[0][0]                
                                                                   arg1_filters[0][0]               
____________________________________________________________________________________________________
merge_7 (Merge)                  (None, 900, 10)       0           embedding_1[0][0]                
                                                                   arg1_filters[0][0]               
____________________________________________________________________________________________________
merge_8 (Merge)                  (None, 900, 10)       0           embedding_1[0][0]                
                                                                   arg1_filters[0][0]               
____________________________________________________________________________________________________
merge_9 (Merge)                  (None, 900, 10)       0           embedding_1[0][0]                
                                                                   arg1_filters[0][0]               
____________________________________________________________________________________________________
merge_10 (Merge)                 (None, 900, 10)       0           embedding_1[0][0]                
                                                                   arg1_filters[0][0]               
____________________________________________________________________________________________________
merge_11 (Merge)                 (None, 900, 10)       0           embedding_1[0][0]                
                                                                   arg1_filters[0][0]               
____________________________________________________________________________________________________
merge_12 (Merge)                 (None, 900, 10)       0           embedding_1[0][0]                
                                                                   arg1_filters[0][0]               
____________________________________________________________________________________________________
merge_13 (Merge)                 (None, 900, 10)       0           embedding_1[0][0]                
                                                                   arg1_filters[0][0]               
____________________________________________________________________________________________________
merge_16 (Merge)                 (None, 900, 10)       0           embedding_1[1][0]                
                                                                   arg2_filters[0][0]               
____________________________________________________________________________________________________
merge_17 (Merge)                 (None, 900, 10)       0           embedding_1[1][0]                
                                                                   arg2_filters[0][0]               
____________________________________________________________________________________________________
merge_18 (Merge)                 (None, 900, 10)       0           embedding_1[1][0]                
                                                                   arg2_filters[0][0]               
____________________________________________________________________________________________________
merge_19 (Merge)                 (None, 900, 10)       0           embedding_1[1][0]                
                                                                   arg2_filters[0][0]               
____________________________________________________________________________________________________
merge_20 (Merge)                 (None, 900, 10)       0           embedding_1[1][0]                
                                                                   arg2_filters[0][0]               
____________________________________________________________________________________________________
merge_21 (Merge)                 (None, 900, 10)       0           embedding_1[1][0]                
                                                                   arg2_filters[0][0]               
____________________________________________________________________________________________________
merge_22 (Merge)                 (None, 900, 10)       0           embedding_1[1][0]                
                                                                   arg2_filters[0][0]               
____________________________________________________________________________________________________
merge_23 (Merge)                 (None, 900, 10)       0           embedding_1[1][0]                
                                                                   arg2_filters[0][0]               
____________________________________________________________________________________________________
merge_24 (Merge)                 (None, 900, 10)       0           embedding_1[1][0]                
                                                                   arg2_filters[0][0]               
____________________________________________________________________________________________________
merge_25 (Merge)                 (None, 900, 10)       0           embedding_1[1][0]                
                                                                   arg2_filters[0][0]               
____________________________________________________________________________________________________
merge_26 (Merge)                 (None, 900, 10)       0           embedding_1[1][0]                
                                                                   arg2_filters[0][0]               
____________________________________________________________________________________________________
merge_27 (Merge)                 (None, 900, 10)       0           embedding_1[1][0]                
                                                                   arg2_filters[0][0]               
____________________________________________________________________________________________________
merge_30 (Merge)                 (None, 20, 10)        0           embedding_1[2][0]                
                                                                   conn_filters[0][0]               
____________________________________________________________________________________________________
merge_31 (Merge)                 (None, 20, 10)        0           embedding_1[2][0]                
                                                                   conn_filters[0][0]               
____________________________________________________________________________________________________
merge_32 (Merge)                 (None, 20, 10)        0           embedding_1[2][0]                
                                                                   conn_filters[0][0]               
____________________________________________________________________________________________________
merge_33 (Merge)                 (None, 20, 10)        0           embedding_1[2][0]                
                                                                   conn_filters[0][0]               
____________________________________________________________________________________________________
merge_34 (Merge)                 (None, 20, 10)        0           embedding_1[2][0]                
                                                                   conn_filters[0][0]               
____________________________________________________________________________________________________
merge_35 (Merge)                 (None, 20, 10)        0           embedding_1[2][0]                
                                                                   conn_filters[0][0]               
____________________________________________________________________________________________________
merge_36 (Merge)                 (None, 20, 10)        0           embedding_1[2][0]                
                                                                   conn_filters[0][0]               
____________________________________________________________________________________________________
merge_37 (Merge)                 (None, 20, 10)        0           embedding_1[2][0]                
                                                                   conn_filters[0][0]               
____________________________________________________________________________________________________
merge_38 (Merge)                 (None, 20, 10)        0           embedding_1[2][0]                
                                                                   conn_filters[0][0]               
____________________________________________________________________________________________________
merge_39 (Merge)                 (None, 20, 10)        0           embedding_1[2][0]                
                                                                   conn_filters[0][0]               
____________________________________________________________________________________________________
merge_40 (Merge)                 (None, 20, 10)        0           embedding_1[2][0]                
                                                                   conn_filters[0][0]               
____________________________________________________________________________________________________
merge_41 (Merge)                 (None, 20, 10)        0           embedding_1[2][0]                
                                                                   conn_filters[0][0]               
____________________________________________________________________________________________________
merge_44 (Merge)                 (None, 2, 10)         0           embedding_1[3][0]                
                                                                   punc_filters[0][0]               
____________________________________________________________________________________________________
merge_45 (Merge)                 (None, 2, 10)         0           embedding_1[3][0]                
                                                                   punc_filters[0][0]               
____________________________________________________________________________________________________
merge_46 (Merge)                 (None, 2, 10)         0           embedding_1[3][0]                
                                                                   punc_filters[0][0]               
____________________________________________________________________________________________________
merge_47 (Merge)                 (None, 2, 10)         0           embedding_1[3][0]                
                                                                   punc_filters[0][0]               
____________________________________________________________________________________________________
merge_48 (Merge)                 (None, 2, 10)         0           embedding_1[3][0]                
                                                                   punc_filters[0][0]               
____________________________________________________________________________________________________
merge_49 (Merge)                 (None, 2, 10)         0           embedding_1[3][0]                
                                                                   punc_filters[0][0]               
____________________________________________________________________________________________________
merge_50 (Merge)                 (None, 2, 10)         0           embedding_1[3][0]                
                                                                   punc_filters[0][0]               
____________________________________________________________________________________________________
merge_51 (Merge)                 (None, 2, 10)         0           embedding_1[3][0]                
                                                                   punc_filters[0][0]               
____________________________________________________________________________________________________
merge_52 (Merge)                 (None, 2, 10)         0           embedding_1[3][0]                
                                                                   punc_filters[0][0]               
____________________________________________________________________________________________________
merge_53 (Merge)                 (None, 2, 10)         0           embedding_1[3][0]                
                                                                   punc_filters[0][0]               
____________________________________________________________________________________________________
merge_54 (Merge)                 (None, 2, 10)         0           embedding_1[3][0]                
                                                                   punc_filters[0][0]               
____________________________________________________________________________________________________
merge_55 (Merge)                 (None, 2, 10)         0           embedding_1[3][0]                
                                                                   punc_filters[0][0]               
____________________________________________________________________________________________________
shareablelstm_3 (ShareableLSTM)  (None, 10)            840         merge_2[0][0]                    
                                                                   merge_16[0][0]                   
                                                                   merge_30[0][0]                   
                                                                   merge_44[0][0]                   
____________________________________________________________________________________________________
shareablelstm_5 (ShareableLSTM)  (None, 10)            840         merge_3[0][0]                    
                                                                   merge_17[0][0]                   
                                                                   merge_31[0][0]                   
                                                                   merge_45[0][0]                   
____________________________________________________________________________________________________
shareablelstm_7 (ShareableLSTM)  (None, 10)            840         merge_4[0][0]                    
                                                                   merge_18[0][0]                   
                                                                   merge_32[0][0]                   
                                                                   merge_46[0][0]                   
____________________________________________________________________________________________________
shareablelstm_9 (ShareableLSTM)  (None, 10)            840         merge_5[0][0]                    
                                                                   merge_19[0][0]                   
                                                                   merge_33[0][0]                   
                                                                   merge_47[0][0]                   
____________________________________________________________________________________________________
shareablelstm_11 (ShareableLSTM) (None, 10)            840         merge_6[0][0]                    
                                                                   merge_20[0][0]                   
                                                                   merge_34[0][0]                   
                                                                   merge_48[0][0]                   
____________________________________________________________________________________________________
shareablelstm_13 (ShareableLSTM) (None, 10)            840         merge_7[0][0]                    
                                                                   merge_21[0][0]                   
                                                                   merge_35[0][0]                   
                                                                   merge_49[0][0]                   
____________________________________________________________________________________________________
shareablelstm_15 (ShareableLSTM) (None, 10)            840         merge_8[0][0]                    
                                                                   merge_22[0][0]                   
                                                                   merge_36[0][0]                   
                                                                   merge_50[0][0]                   
____________________________________________________________________________________________________
shareablelstm_17 (ShareableLSTM) (None, 10)            840         merge_9[0][0]                    
                                                                   merge_23[0][0]                   
                                                                   merge_37[0][0]                   
                                                                   merge_51[0][0]                   
____________________________________________________________________________________________________
shareablelstm_19 (ShareableLSTM) (None, 10)            840         merge_10[0][0]                   
                                                                   merge_24[0][0]                   
                                                                   merge_38[0][0]                   
                                                                   merge_52[0][0]                   
____________________________________________________________________________________________________
shareablelstm_21 (ShareableLSTM) (None, 10)            840         merge_11[0][0]                   
                                                                   merge_25[0][0]                   
                                                                   merge_39[0][0]                   
                                                                   merge_53[0][0]                   
____________________________________________________________________________________________________
shareablelstm_23 (ShareableLSTM) (None, 10)            840         merge_12[0][0]                   
                                                                   merge_26[0][0]                   
                                                                   merge_40[0][0]                   
                                                                   merge_54[0][0]                   
____________________________________________________________________________________________________
shareablelstm_25 (ShareableLSTM) (None, 10)            840         merge_13[0][0]                   
                                                                   merge_27[0][0]                   
                                                                   merge_41[0][0]                   
                                                                   merge_55[0][0]                   
____________________________________________________________________________________________________
merge_14 (Merge)                 (None, 120)           0           shareablelstm_3[0][0]            
                                                                   shareablelstm_5[0][0]            
                                                                   shareablelstm_7[0][0]            
                                                                   shareablelstm_9[0][0]            
                                                                   shareablelstm_11[0][0]           
                                                                   shareablelstm_13[0][0]           
                                                                   shareablelstm_15[0][0]           
                                                                   shareablelstm_17[0][0]           
                                                                   shareablelstm_19[0][0]           
                                                                   shareablelstm_21[0][0]           
                                                                   shareablelstm_23[0][0]           
                                                                   shareablelstm_25[0][0]           
____________________________________________________________________________________________________
merge_28 (Merge)                 (None, 120)           0           shareablelstm_3[1][0]            
                                                                   shareablelstm_5[1][0]            
                                                                   shareablelstm_7[1][0]            
                                                                   shareablelstm_9[1][0]            
                                                                   shareablelstm_11[1][0]           
                                                                   shareablelstm_13[1][0]           
                                                                   shareablelstm_15[1][0]           
                                                                   shareablelstm_17[1][0]           
                                                                   shareablelstm_19[1][0]           
                                                                   shareablelstm_21[1][0]           
                                                                   shareablelstm_23[1][0]           
                                                                   shareablelstm_25[1][0]           
____________________________________________________________________________________________________
merge_42 (Merge)                 (None, 120)           0           shareablelstm_3[2][0]            
                                                                   shareablelstm_5[2][0]            
                                                                   shareablelstm_7[2][0]            
                                                                   shareablelstm_9[2][0]            
                                                                   shareablelstm_11[2][0]           
                                                                   shareablelstm_13[2][0]           
                                                                   shareablelstm_15[2][0]           
                                                                   shareablelstm_17[2][0]           
                                                                   shareablelstm_19[2][0]           
                                                                   shareablelstm_21[2][0]           
                                                                   shareablelstm_23[2][0]           
                                                                   shareablelstm_25[2][0]           
____________________________________________________________________________________________________
merge_56 (Merge)                 (None, 120)           0           shareablelstm_3[3][0]            
                                                                   shareablelstm_5[3][0]            
                                                                   shareablelstm_7[3][0]            
                                                                   shareablelstm_9[3][0]            
                                                                   shareablelstm_11[3][0]           
                                                                   shareablelstm_13[3][0]           
                                                                   shareablelstm_15[3][0]           
                                                                   shareablelstm_17[3][0]           
                                                                   shareablelstm_19[3][0]           
                                                                   shareablelstm_21[3][0]           
                                                                   shareablelstm_23[3][0]           
                                                                   shareablelstm_25[3][0]           
____________________________________________________________________________________________________
dropout_1 (Dropout)              (None, 120)           0           merge_14[0][0]                   
____________________________________________________________________________________________________
dropout_2 (Dropout)              (None, 120)           0           merge_28[0][0]                   
____________________________________________________________________________________________________
dropout_3 (Dropout)              (None, 120)           0           merge_42[0][0]                   
____________________________________________________________________________________________________
dropout_4 (Dropout)              (None, 120)           0           merge_56[0][0]                   
____________________________________________________________________________________________________
merge_57 (Merge)                 (None, 480)           0           dropout_1[0][0]                  
                                                                   dropout_2[0][0]                  
                                                                   dropout_3[0][0]                  
                                                                   dropout_4[0][0]                  
____________________________________________________________________________________________________
dense_1 (Dense)                  (None, 40)            19240       merge_57[0][0]                   
____________________________________________________________________________________________________
srelu_1 (SReLU)                  (None, 40)            160         dense_1[0][0]                    
____________________________________________________________________________________________________
dropout_5 (Dropout)              (None, 40)            0           srelu_1[0][0]                    
____________________________________________________________________________________________________
dense_2 (Dense)                  (None, 12)            492         dropout_5[0][0]                  
____________________________________________________________________________________________________
target (Activation)              (None, 12)            0           dense_2[0][0]                    
====================================================================================================
Total params: 60,770
Trainable params: 60,770
Non-trainable params: 0
____________________________________________________________________________________________________
[2019-03-05 20:16] initialize weights
[2019-03-05 20:16] training preparation
[2019-03-05 20:16] train model (ex/conll16st-v35dimx05-zhch)
Epoch 1/1000
4032/4096 [============================>.] - ETA: 12s - loss: 1.7036
- val_loss: 2.1551
- val_all_f1:  0.5770 0.5770 0.5770
- val_exp_f1:  0.4156 0.4156 0.4156
- val_non_f1:  0.6176 0.6176 0.6176

4096/4096 [==============================] - 814s - loss: 1.7057 - val_loss: 2.1551
Epoch 2/1000
4032/4096 [============================>.] - ETA: 12s - loss: 1.4650
- val_loss: 2.0609
- val_all_f1:  0.5770 0.5770 0.5770
- val_exp_f1:  0.4156 0.4156 0.4156
- val_non_f1:  0.6176 0.6176 0.6176

4096/4096 [==============================] - 837s - loss: 1.4622 - val_loss: 2.0609
Epoch 3/1000
4032/4096 [============================>.] - ETA: 11s - loss: 1.3746
- val_loss: 2.0013
- val_all_f1:  0.5770 0.5770 0.5770
- val_exp_f1:  0.4156 0.4156 0.4156
- val_non_f1:  0.6176 0.6176 0.6176

4096/4096 [==============================] - 789s - loss: 1.3718 - val_loss: 2.0013
Epoch 4/1000
4032/4096 [============================>.] - ETA: 11s - loss: 1.1622
- val_loss: 1.4676
- val_all_f1:  0.5770 0.5770 0.5770
- val_exp_f1:  0.4156 0.4156 0.4156
- val_non_f1:  0.6176 0.6176 0.6176

4096/4096 [==============================] - 782s - loss: 1.1613 - val_loss: 1.4676
Epoch 5/1000
4032/4096 [============================>.] - ETA: 11s - loss: 1.1004
- val_loss: 1.3960
- val_all_f1:  0.5770 0.5770 0.5770
- val_exp_f1:  0.4156 0.4156 0.4156
- val_non_f1:  0.6176 0.6176 0.6176

4096/4096 [==============================] - 768s - loss: 1.1013 - val_loss: 1.3960
Epoch 6/1000
4032/4096 [============================>.] - ETA: 11s - loss: 1.0919
- val_loss: 1.4927
- val_all_f1:  0.5770 0.5770 0.5770
- val_exp_f1:  0.4156 0.4156 0.4156
- val_non_f1:  0.6176 0.6176 0.6176

4096/4096 [==============================] - 800s - loss: 1.0905 - val_loss: 1.4927
Epoch 7/1000
4032/4096 [============================>.] - ETA: 12s - loss: 1.0014
- val_loss: 1.3064
- val_all_f1:  0.5796 0.5796 0.5796
- val_exp_f1:  0.4286 0.4286 0.4286
- val_non_f1:  0.6176 0.6176 0.6176

4096/4096 [==============================] - 842s - loss: 0.9989 - val_loss: 1.3064
Epoch 8/1000
4032/4096 [============================>.] - ETA: 13s - loss: 1.0289
- val_loss: 1.3392
- val_all_f1:  0.5796 0.5796 0.5796
- val_exp_f1:  0.4286 0.4286 0.4286
- val_non_f1:  0.6197 0.6176 0.6187

4096/4096 [==============================] - 867s - loss: 1.0251 - val_loss: 1.3392
Epoch 9/1000
4032/4096 [============================>.] - ETA: 13s - loss: 0.9154
- val_loss: 1.2188
- val_all_f1:  0.5822 0.5822 0.5822
- val_exp_f1:  0.4416 0.4416 0.4416
- val_non_f1:  0.6217 0.6176 0.6197

4096/4096 [==============================] - 910s - loss: 0.9112 - val_loss: 1.2188
Epoch 10/1000
4032/4096 [============================>.] - ETA: 13s - loss: 0.8426
- val_loss: 1.1939
- val_all_f1:  0.6005 0.6005 0.6005
- val_exp_f1:  0.5325 0.5325 0.5325
- val_non_f1:  0.6217 0.6176 0.6197

4096/4096 [==============================] - 896s - loss: 0.8387 - val_loss: 1.1939
Epoch 11/1000
4032/4096 [============================>.] - ETA: 13s - loss: 0.8204
- val_loss: 1.1656
- val_all_f1:  0.6031 0.6031 0.6031
- val_exp_f1:  0.5455 0.5455 0.5455
- val_non_f1:  0.6197 0.6176 0.6187

4096/4096 [==============================] - 904s - loss: 0.8210 - val_loss: 1.1656
Epoch 12/1000
4032/4096 [============================>.] - ETA: 13s - loss: 0.8034
- val_loss: 1.1296
- val_all_f1:  0.6136 0.6136 0.6136
- val_exp_f1:  0.5974 0.5974 0.5974
- val_non_f1:  0.6217 0.6176 0.6197

4096/4096 [==============================] - 914s - loss: 0.8029 - val_loss: 1.1296
Epoch 13/1000
4032/4096 [============================>.] - ETA: 13s - loss: 0.9730
- val_loss: 1.1958
- val_all_f1:  0.5979 0.5979 0.5979
- val_exp_f1:  0.5195 0.5195 0.5195
- val_non_f1:  0.6217 0.6176 0.6197

4096/4096 [==============================] - 910s - loss: 0.9710 - val_loss: 1.1958
Epoch 14/1000
4032/4096 [============================>.] - ETA: 13s - loss: 0.7905
- val_loss: 1.1737
- val_all_f1:  0.6005 0.6005 0.6005
- val_exp_f1:  0.5325 0.5325 0.5325
- val_non_f1:  0.6238 0.6176 0.6207

4096/4096 [==============================] - 928s - loss: 0.7900 - val_loss: 1.1737
Epoch 15/1000
4032/4096 [============================>.] - ETA: 13s - loss: 0.8745
- val_loss: 1.1864
- val_all_f1:  0.6005 0.6005 0.6005
- val_exp_f1:  0.5325 0.5325 0.5325
- val_non_f1:  0.6238 0.6176 0.6207

4096/4096 [==============================] - 912s - loss: 0.8687 - val_loss: 1.1864
Epoch 16/1000
4032/4096 [============================>.] - ETA: 13s - loss: 0.7772
- val_loss: 1.1114
- val_all_f1:  0.6005 0.6005 0.6005
- val_exp_f1:  0.5325 0.5325 0.5325
- val_non_f1:  0.6217 0.6176 0.6197

4096/4096 [==============================] - 894s - loss: 0.7789 - val_loss: 1.1114
Epoch 17/1000
4032/4096 [============================>.] - ETA: 13s - loss: 0.7986
- val_loss: 1.0956
- val_all_f1:  0.6031 0.6031 0.6031
- val_exp_f1:  0.5325 0.5325 0.5325
- val_non_f1:  0.6291 0.6209 0.6250

4096/4096 [==============================] - 871s - loss: 0.7960 - val_loss: 1.0956
Epoch 18/1000
4032/4096 [============================>.] - ETA: 13s - loss: 0.7432
- val_loss: 1.1384
- val_all_f1:  0.5979 0.5979 0.5979
- val_exp_f1:  0.5405 0.5195 0.5298
- val_non_f1:  0.6197 0.6176 0.6187

4096/4096 [==============================] - 893s - loss: 0.7405 - val_loss: 1.1384
Epoch 19/1000
4032/4096 [============================>.] - ETA: 13s - loss: 0.8067
- val_loss: 1.0733
- val_all_f1:  0.6266 0.6266 0.6266
- val_exp_f1:  0.6364 0.6364 0.6364
- val_non_f1:  0.6283 0.6242 0.6262

4096/4096 [==============================] - 896s - loss: 0.8095 - val_loss: 1.0733
Epoch 20/1000
4032/4096 [============================>.] - ETA: 12s - loss: 0.7669
- val_loss: 1.0913
- val_all_f1:  0.5849 0.5849 0.5849
- val_exp_f1:  0.5325 0.5325 0.5325
- val_non_f1:  0.6060 0.5980 0.6020

4096/4096 [==============================] - 857s - loss: 0.7697 - val_loss: 1.0913
Epoch 21/1000
4032/4096 [============================>.] - ETA: 12s - loss: 0.7426
- val_loss: 1.0922
- val_all_f1:  0.6005 0.6005 0.6005
- val_exp_f1:  0.5325 0.5325 0.5325
- val_non_f1:  0.6258 0.6176 0.6217

4096/4096 [==============================] - 844s - loss: 0.7419 - val_loss: 1.0922
Epoch 22/1000
4032/4096 [============================>.] - ETA: 12s - loss: 0.6875
- val_loss: 1.0391
- val_all_f1:  0.6031 0.6031 0.6031
- val_exp_f1:  0.5325 0.5325 0.5325
- val_non_f1:  0.6291 0.6209 0.6250

4096/4096 [==============================] - 834s - loss: 0.6875 - val_loss: 1.0391
Epoch 23/1000
4032/4096 [============================>.] - ETA: 12s - loss: 0.6596
- val_loss: 1.0459
- val_all_f1:  0.6084 0.6084 0.6084
- val_exp_f1:  0.5714 0.5714 0.5714
- val_non_f1:  0.6217 0.6176 0.6197

4096/4096 [==============================] - 837s - loss: 0.6588 - val_loss: 1.0459
Epoch 24/1000
4032/4096 [============================>.] - ETA: 12s - loss: 0.6608
- val_loss: 1.0372
- val_all_f1:  0.6005 0.6005 0.6005
- val_exp_f1:  0.5325 0.5325 0.5325
- val_non_f1:  0.6238 0.6176 0.6207

4096/4096 [==============================] - 838s - loss: 0.6616 - val_loss: 1.0372
Epoch 25/1000
4032/4096 [============================>.] - ETA: 12s - loss: 0.6743
- val_loss: 1.0514
- val_all_f1:  0.5979 0.5979 0.5979
- val_exp_f1:  0.5195 0.5195 0.5195
- val_non_f1:  0.6258 0.6176 0.6217

4096/4096 [==============================] - 824s - loss: 0.6779 - val_loss: 1.0514
Epoch 26/1000
4032/4096 [============================>.] - ETA: 12s - loss: 0.6114
- val_loss: 1.0295
- val_all_f1:  0.6292 0.6292 0.6292
- val_exp_f1:  0.5921 0.5844 0.5882
- val_non_f1:  0.6447 0.6405 0.6426

4096/4096 [==============================] - 805s - loss: 0.6099 - val_loss: 1.0295
Epoch 27/1000
4032/4096 [============================>.] - ETA: 12s - loss: 0.6214
- val_loss: 1.0579
- val_all_f1:  0.6240 0.6240 0.6240
- val_exp_f1:  0.5325 0.5325 0.5325
- val_non_f1:  0.6556 0.6471 0.6513

4096/4096 [==============================] - 818s - loss: 0.6248 - val_loss: 1.0579
Epoch 28/1000
4032/4096 [============================>.] - ETA: 12s - loss: 0.6312
- val_loss: 1.0083
- val_all_f1:  0.6684 0.6684 0.6684
- val_exp_f1:  0.6494 0.6494 0.6494
- val_non_f1:  0.6776 0.6732 0.6754

4096/4096 [==============================] - 818s - loss: 0.6297 - val_loss: 1.0083
Epoch 29/1000
4032/4096 [============================>.] - ETA: 12s - loss: 0.6606
- val_loss: 1.0259
- val_all_f1:  0.6475 0.6475 0.6475
- val_exp_f1:  0.5844 0.5844 0.5844
- val_non_f1:  0.6700 0.6634 0.6667

4096/4096 [==============================] - 820s - loss: 0.6622 - val_loss: 1.0259
Epoch 30/1000
4032/4096 [============================>.] - ETA: 12s - loss: 0.6502
- val_loss: 1.0235
- val_all_f1:  0.6136 0.6136 0.6136
- val_exp_f1:  0.5584 0.5584 0.5584
- val_non_f1:  0.6337 0.6275 0.6305

4096/4096 [==============================] - 841s - loss: 0.6499 - val_loss: 1.0235
Epoch 31/1000
4032/4096 [============================>.] - ETA: 12s - loss: 0.6058
- val_loss: 1.0118
- val_all_f1:  0.6475 0.6475 0.6475
- val_exp_f1:  0.5455 0.5455 0.5455
- val_non_f1:  0.6799 0.6732 0.6765

4096/4096 [==============================] - 842s - loss: 0.6095 - val_loss: 1.0118
Epoch 32/1000
4032/4096 [============================>.] - ETA: 12s - loss: 0.6415
- val_loss: 0.9936
- val_all_f1:  0.6632 0.6632 0.6632
- val_exp_f1:  0.6053 0.5974 0.6013
- val_non_f1:  0.6865 0.6797 0.6831

4096/4096 [==============================] - 837s - loss: 0.6392 - val_loss: 0.9936
Epoch 33/1000
4032/4096 [============================>.] - ETA: 12s - loss: 0.5948
- val_loss: 0.9978
- val_all_f1:  0.6423 0.6423 0.6423
- val_exp_f1:  0.5584 0.5584 0.5584
- val_non_f1:  0.6700 0.6634 0.6667

4096/4096 [==============================] - 848s - loss: 0.5925 - val_loss: 0.9978
Epoch 34/1000
4032/4096 [============================>.] - ETA: 12s - loss: 0.6804
- val_loss: 0.9997
- val_all_f1:  0.6397 0.6397 0.6397
- val_exp_f1:  0.5584 0.5584 0.5584
- val_non_f1:  0.6689 0.6601 0.6645

4096/4096 [==============================] - 853s - loss: 0.6782 - val_loss: 0.9997
Epoch 35/1000
4032/4096 [============================>.] - ETA: 12s - loss: 0.6287
- val_loss: 0.9863
- val_all_f1:  0.6423 0.6423 0.6423
- val_exp_f1:  0.5844 0.5844 0.5844
- val_non_f1:  0.6612 0.6569 0.6590

4096/4096 [==============================] - 847s - loss: 0.6288 - val_loss: 0.9863
Epoch 36/1000
4032/4096 [============================>.] - ETA: 13s - loss: 0.5922
- val_loss: 0.9721
- val_all_f1:  0.6580 0.6580 0.6580
- val_exp_f1:  0.6494 0.6494 0.6494
- val_non_f1:  0.6667 0.6601 0.6634

4096/4096 [==============================] - 870s - loss: 0.5906 - val_loss: 0.9721
Epoch 37/1000
4032/4096 [============================>.] - ETA: 12s - loss: 0.5713
- val_loss: 0.9585
- val_all_f1:  0.6475 0.6475 0.6475
- val_exp_f1:  0.5974 0.5974 0.5974
- val_non_f1:  0.6645 0.6601 0.6623

4096/4096 [==============================] - 851s - loss: 0.5718 - val_loss: 0.9585
Epoch 38/1000
4032/4096 [============================>.] - ETA: 12s - loss: 0.5909
- val_loss: 0.9633
- val_all_f1:  0.6449 0.6449 0.6449
- val_exp_f1:  0.5974 0.5974 0.5974
- val_non_f1:  0.6612 0.6569 0.6590

4096/4096 [==============================] - 850s - loss: 0.5912 - val_loss: 0.9633
Epoch 39/1000
4032/4096 [============================>.] - ETA: 12s - loss: 0.5730
- val_loss: 0.9567
- val_all_f1:  0.6580 0.6580 0.6580
- val_exp_f1:  0.6623 0.6623 0.6623
- val_non_f1:  0.6612 0.6569 0.6590

4096/4096 [==============================] - 850s - loss: 0.5732 - val_loss: 0.9567
Epoch 40/1000
4032/4096 [============================>.] - ETA: 12s - loss: 0.5988
- val_loss: 0.9538
- val_all_f1:  0.6658 0.6658 0.6658
- val_exp_f1:  0.6494 0.6494 0.6494
- val_non_f1:  0.6766 0.6699 0.6732

4096/4096 [==============================] - 846s - loss: 0.6012 - val_loss: 0.9538
Epoch 41/1000
4032/4096 [============================>.] - ETA: 12s - loss: 0.5895
- val_loss: 0.9802
- val_all_f1:  0.6397 0.6397 0.6397
- val_exp_f1:  0.6623 0.6623 0.6623
- val_non_f1:  0.6382 0.6340 0.6361

4096/4096 [==============================] - 833s - loss: 0.5904 - val_loss: 0.9802
Epoch 42/1000
4032/4096 [============================>.] - ETA: 12s - loss: 0.6091
- val_loss: 0.9510
- val_all_f1:  0.6606 0.6606 0.6606
- val_exp_f1:  0.6494 0.6494 0.6494
- val_non_f1:  0.6678 0.6634 0.6656

4096/4096 [==============================] - 832s - loss: 0.6077 - val_loss: 0.9510
Epoch 43/1000
4032/4096 [============================>.] - ETA: 12s - loss: 0.6020
- val_loss: 0.9487
- val_all_f1:  0.6658 0.6658 0.6658
- val_exp_f1:  0.6753 0.6753 0.6753
- val_non_f1:  0.6700 0.6634 0.6667

4096/4096 [==============================] - 818s - loss: 0.5991 - val_loss: 0.9487
Epoch 44/1000
4032/4096 [============================>.] - ETA: 12s - loss: 0.5838
- val_loss: 0.9513
- val_all_f1:  0.6606 0.6606 0.6606
- val_exp_f1:  0.6623 0.6623 0.6623
- val_non_f1:  0.6667 0.6601 0.6634

4096/4096 [==============================] - 806s - loss: 0.5823 - val_loss: 0.9513
Epoch 45/1000
4032/4096 [============================>.] - ETA: 11s - loss: 0.5306
- val_loss: 0.9423
- val_all_f1:  0.6658 0.6658 0.6658
- val_exp_f1:  0.6883 0.6883 0.6883
- val_non_f1:  0.6645 0.6601 0.6623

4096/4096 [==============================] - 796s - loss: 0.5316 - val_loss: 0.9423
Epoch 46/1000
4032/4096 [============================>.] - ETA: 11s - loss: 0.6193
- val_loss: 0.9574
- val_all_f1:  0.6684 0.6684 0.6684
- val_exp_f1:  0.6883 0.6883 0.6883
- val_non_f1:  0.6678 0.6634 0.6656

4096/4096 [==============================] - 799s - loss: 0.6192 - val_loss: 0.9574
Epoch 47/1000
4032/4096 [============================>.] - ETA: 12s - loss: 0.5830
- val_loss: 0.9479
- val_all_f1:  0.6658 0.6658 0.6658
- val_exp_f1:  0.6623 0.6623 0.6623
- val_non_f1:  0.6733 0.6667 0.6700

4096/4096 [==============================] - 811s - loss: 0.5823 - val_loss: 0.9479
Epoch 48/1000
4032/4096 [============================>.] - ETA: 12s - loss: 0.5556
- val_loss: 0.9373
- val_all_f1:  0.6658 0.6658 0.6658
- val_exp_f1:  0.6623 0.6623 0.6623
- val_non_f1:  0.6711 0.6667 0.6689

4096/4096 [==============================] - 821s - loss: 0.5563 - val_loss: 0.9373
Epoch 49/1000
4032/4096 [============================>.] - ETA: 11s - loss: 0.6189
- val_loss: 0.9273
- val_all_f1:  0.6919 0.6919 0.6919
- val_exp_f1:  0.7922 0.7922 0.7922
- val_non_f1:  0.6711 0.6667 0.6689

4096/4096 [==============================] - 803s - loss: 0.6179 - val_loss: 0.9273
Epoch 50/1000
4032/4096 [============================>.] - ETA: 11s - loss: 0.5780
- val_loss: 0.9237
- val_all_f1:  0.6762 0.6762 0.6762
- val_exp_f1:  0.7792 0.7792 0.7792
- val_non_f1:  0.6568 0.6503 0.6535

4096/4096 [==============================] - 792s - loss: 0.5782 - val_loss: 0.9237
Epoch 51/1000
4032/4096 [============================>.] - ETA: 11s - loss: 0.5497
- val_loss: 0.9157
- val_all_f1:  0.6736 0.6736 0.6736
- val_exp_f1:  0.7532 0.7532 0.7532
- val_non_f1:  0.6601 0.6536 0.6568

4096/4096 [==============================] - 803s - loss: 0.5539 - val_loss: 0.9157
Epoch 52/1000
4032/4096 [============================>.] - ETA: 11s - loss: 0.5760
- val_loss: 0.9209
- val_all_f1:  0.6501 0.6501 0.6501
- val_exp_f1:  0.6883 0.6883 0.6883
- val_non_f1:  0.6469 0.6405 0.6437

4096/4096 [==============================] - 796s - loss: 0.5728 - val_loss: 0.9209
Epoch 53/1000
4032/4096 [============================>.] - ETA: 11s - loss: 0.5827
- val_loss: 0.9265
- val_all_f1:  0.6554 0.6554 0.6554
- val_exp_f1:  0.6623 0.6623 0.6623
- val_non_f1:  0.6579 0.6536 0.6557

4096/4096 [==============================] - 783s - loss: 0.5831 - val_loss: 0.9265
Epoch 54/1000
4032/4096 [============================>.] - ETA: 11s - loss: 0.5743
- val_loss: 0.9021
- val_all_f1:  0.6736 0.6736 0.6736
- val_exp_f1:  0.7143 0.7143 0.7143
- val_non_f1:  0.6678 0.6634 0.6656

4096/4096 [==============================] - 798s - loss: 0.5719 - val_loss: 0.9021
Epoch 55/1000
4032/4096 [============================>.] - ETA: 12s - loss: 0.5739
- val_loss: 0.9169
- val_all_f1:  0.6762 0.6762 0.6762
- val_exp_f1:  0.7792 0.7792 0.7792
- val_non_f1:  0.6568 0.6503 0.6535

4096/4096 [==============================] - 807s - loss: 0.5728 - val_loss: 0.9169
Epoch 56/1000
4032/4096 [============================>.] - ETA: 12s - loss: 0.5848
- val_loss: 0.9189
- val_all_f1:  0.6867 0.6867 0.6867
- val_exp_f1:  0.7662 0.7662 0.7662
- val_non_f1:  0.6733 0.6667 0.6700

4096/4096 [==============================] - 815s - loss: 0.5788 - val_loss: 0.9189
Epoch 57/1000
4032/4096 [============================>.] - ETA: 12s - loss: 0.5920
- val_loss: 0.9024
- val_all_f1:  0.6919 0.6919 0.6919
- val_exp_f1:  0.7532 0.7532 0.7532
- val_non_f1:  0.6809 0.6765 0.6787

4096/4096 [==============================] - 844s - loss: 0.5886 - val_loss: 0.9024
Epoch 58/1000
4032/4096 [============================>.] - ETA: 12s - loss: 0.5673
- val_loss: 0.9042
- val_all_f1:  0.6971 0.6971 0.6971
- val_exp_f1:  0.8312 0.8312 0.8312
- val_non_f1:  0.6678 0.6634 0.6656

4096/4096 [==============================] - 842s - loss: 0.5718 - val_loss: 0.9042
Epoch 59/1000
4032/4096 [============================>.] - ETA: 12s - loss: 0.5944
- val_loss: 0.9103
- val_all_f1:  0.6841 0.6841 0.6841
- val_exp_f1:  0.8052 0.8052 0.8052
- val_non_f1:  0.6601 0.6536 0.6568

4096/4096 [==============================] - 849s - loss: 0.6044 - val_loss: 0.9103
Epoch 60/1000
4032/4096 [============================>.] - ETA: 12s - loss: 0.5728
- val_loss: 0.9215
- val_all_f1:  0.6919 0.6919 0.6919
- val_exp_f1:  0.8182 0.8182 0.8182
- val_non_f1:  0.6667 0.6601 0.6634

4096/4096 [==============================] - 845s - loss: 0.5742 - val_loss: 0.9215
Epoch 61/1000
4032/4096 [============================>.] - ETA: 12s - loss: 0.5703
- val_loss: 0.9060
- val_all_f1:  0.6658 0.6658 0.6658
- val_exp_f1:  0.7532 0.7532 0.7532
- val_non_f1:  0.6502 0.6438 0.6470

4096/4096 [==============================] - 854s - loss: 0.5691 - val_loss: 0.9060
Epoch 62/1000
4032/4096 [============================>.] - ETA: 12s - loss: 0.5262
- val_loss: 0.8929
- val_all_f1:  0.6893 0.6893 0.6893
- val_exp_f1:  0.8052 0.8052 0.8052
- val_non_f1:  0.6667 0.6601 0.6634

4096/4096 [==============================] - 832s - loss: 0.5312 - val_loss: 0.8929
Epoch 63/1000
4032/4096 [============================>.] - ETA: 12s - loss: 0.5896
- val_loss: 0.8902
- val_all_f1:  0.6945 0.6945 0.6945
- val_exp_f1:  0.8182 0.8182 0.8182
- val_non_f1:  0.6700 0.6634 0.6667

4096/4096 [==============================] - 843s - loss: 0.5867 - val_loss: 0.8902
Epoch 64/1000
4032/4096 [============================>.] - ETA: 12s - loss: 0.5503
- val_loss: 0.8918
- val_all_f1:  0.6762 0.6762 0.6762
- val_exp_f1:  0.8052 0.8052 0.8052
- val_non_f1:  0.6502 0.6438 0.6470

4096/4096 [==============================] - 835s - loss: 0.5522 - val_loss: 0.8918
Epoch 65/1000
4032/4096 [============================>.] - ETA: 12s - loss: 0.5769
- val_loss: 0.9029
- val_all_f1:  0.6867 0.6867 0.6867
- val_exp_f1:  0.7403 0.7403 0.7403
- val_non_f1:  0.6799 0.6732 0.6765

4096/4096 [==============================] - 839s - loss: 0.5776 - val_loss: 0.9029
Epoch 66/1000
4032/4096 [============================>.] - ETA: 12s - loss: 0.5496
- val_loss: 0.9102
- val_all_f1:  0.6789 0.6789 0.6789
- val_exp_f1:  0.7403 0.7403 0.7403
- val_non_f1:  0.6700 0.6634 0.6667

4096/4096 [==============================] - 835s - loss: 0.5540 - val_loss: 0.9102
Epoch 67/1000
4032/4096 [============================>.] - ETA: 12s - loss: 0.5545
- val_loss: 0.8746
- val_all_f1:  0.7102 0.7102 0.7102
- val_exp_f1:  0.8442 0.8442 0.8442
- val_non_f1:  0.6809 0.6765 0.6787

4096/4096 [==============================] - 836s - loss: 0.5559 - val_loss: 0.8746
Epoch 68/1000
4032/4096 [============================>.] - ETA: 12s - loss: 0.6379
- val_loss: 0.8810
- val_all_f1:  0.6789 0.6789 0.6789
- val_exp_f1:  0.7662 0.7662 0.7662
- val_non_f1:  0.6634 0.6569 0.6601

4096/4096 [==============================] - 826s - loss: 0.6339 - val_loss: 0.8810
Epoch 69/1000
4032/4096 [============================>.] - ETA: 12s - loss: 0.5638
- val_loss: 0.8785
- val_all_f1:  0.6945 0.6945 0.6945
- val_exp_f1:  0.7922 0.7922 0.7922
- val_non_f1:  0.6766 0.6699 0.6732

4096/4096 [==============================] - 855s - loss: 0.5658 - val_loss: 0.8785
Epoch 70/1000
4032/4096 [============================>.] - ETA: 12s - loss: 0.4970
- val_loss: 0.8711
- val_all_f1:  0.6919 0.6919 0.6919
- val_exp_f1:  0.7273 0.7273 0.7273
- val_non_f1:  0.6898 0.6830 0.6864

4096/4096 [==============================] - 846s - loss: 0.4984 - val_loss: 0.8711
Epoch 71/1000
4032/4096 [============================>.] - ETA: 12s - loss: 0.5640
- val_loss: 0.8755
- val_all_f1:  0.7050 0.7050 0.7050
- val_exp_f1:  0.8442 0.8442 0.8442
- val_non_f1:  0.6766 0.6699 0.6732

4096/4096 [==============================] - 845s - loss: 0.5619 - val_loss: 0.8755
Epoch 72/1000
4032/4096 [============================>.] - ETA: 12s - loss: 0.5461
- val_loss: 0.8714
- val_all_f1:  0.6893 0.6893 0.6893
- val_exp_f1:  0.7922 0.7922 0.7922
- val_non_f1:  0.6700 0.6634 0.6667

4096/4096 [==============================] - 841s - loss: 0.5473 - val_loss: 0.8714
Epoch 73/1000
4032/4096 [============================>.] - ETA: 12s - loss: 0.5544
- val_loss: 0.8789
- val_all_f1:  0.6736 0.6736 0.6736
- val_exp_f1:  0.7532 0.7532 0.7532
- val_non_f1:  0.6601 0.6536 0.6568

4096/4096 [==============================] - 829s - loss: 0.5512 - val_loss: 0.8789
Epoch 74/1000
4032/4096 [============================>.] - ETA: 12s - loss: 0.5339
- val_loss: 0.8707
- val_all_f1:  0.6997 0.6997 0.6997
- val_exp_f1:  0.8182 0.8182 0.8182
- val_non_f1:  0.6766 0.6699 0.6732

4096/4096 [==============================] - 843s - loss: 0.5358 - val_loss: 0.8707
Epoch 75/1000
4032/4096 [============================>.] - ETA: 12s - loss: 0.5550
- val_loss: 0.8725
- val_all_f1:  0.7076 0.7076 0.7076
- val_exp_f1:  0.8442 0.8442 0.8442
- val_non_f1:  0.6799 0.6732 0.6765

4096/4096 [==============================] - 847s - loss: 0.5556 - val_loss: 0.8725
Epoch 76/1000
4032/4096 [============================>.] - ETA: 12s - loss: 0.5155
- val_loss: 0.8640
- val_all_f1:  0.6867 0.6867 0.6867
- val_exp_f1:  0.7792 0.7792 0.7792
- val_non_f1:  0.6700 0.6634 0.6667

4096/4096 [==============================] - 850s - loss: 0.5127 - val_loss: 0.8640
Epoch 77/1000
4032/4096 [============================>.] - ETA: 12s - loss: 0.5200
- val_loss: 0.8621
- val_all_f1:  0.6815 0.6815 0.6815
- val_exp_f1:  0.7532 0.7532 0.7532
- val_non_f1:  0.6700 0.6634 0.6667

4096/4096 [==============================] - 837s - loss: 0.5177 - val_loss: 0.8621
Epoch 78/1000
4032/4096 [============================>.] - ETA: 12s - loss: 0.5538
- val_loss: 0.8860
- val_all_f1:  0.6789 0.6789 0.6789
- val_exp_f1:  0.7922 0.7922 0.7922
- val_non_f1:  0.6568 0.6503 0.6535

4096/4096 [==============================] - 830s - loss: 0.5507 - val_loss: 0.8860
Epoch 79/1000
4032/4096 [============================>.] - ETA: 12s - loss: 0.5141
- val_loss: 0.8511
- val_all_f1:  0.6997 0.6997 0.6997
- val_exp_f1:  0.8442 0.8442 0.8442
- val_non_f1:  0.6700 0.6634 0.6667

4096/4096 [==============================] - 834s - loss: 0.5139 - val_loss: 0.8511
Epoch 80/1000
4032/4096 [============================>.] - ETA: 12s - loss: 0.5153
- val_loss: 0.8624
- val_all_f1:  0.7206 0.7206 0.7206
- val_exp_f1:  0.8961 0.8961 0.8961
- val_non_f1:  0.6832 0.6765 0.6798

4096/4096 [==============================] - 828s - loss: 0.5214 - val_loss: 0.8624
Epoch 81/1000
4032/4096 [============================>.] - ETA: 12s - loss: 0.5326
- val_loss: 0.8609
- val_all_f1:  0.6841 0.6841 0.6841
- val_exp_f1:  0.7922 0.7922 0.7922
- val_non_f1:  0.6634 0.6569 0.6601

4096/4096 [==============================] - 821s - loss: 0.5294 - val_loss: 0.8609
Epoch 82/1000
4032/4096 [============================>.] - ETA: 12s - loss: 0.5212
- val_loss: 0.8512
- val_all_f1:  0.6919 0.6919 0.6919
- val_exp_f1:  0.8701 0.8701 0.8701
- val_non_f1:  0.6535 0.6471 0.6502

4096/4096 [==============================] - 806s - loss: 0.5208 - val_loss: 0.8512
Epoch 83/1000
4032/4096 [============================>.] - ETA: 12s - loss: 0.5168
- val_loss: 0.8558
- val_all_f1:  0.6632 0.6632 0.6632
- val_exp_f1:  0.8052 0.8052 0.8052
- val_non_f1:  0.6337 0.6275 0.6305

4096/4096 [==============================] - 804s - loss: 0.5150 - val_loss: 0.8558
Epoch 84/1000
4032/4096 [============================>.] - ETA: 11s - loss: 0.5297
- val_loss: 0.8555
- val_all_f1:  0.6815 0.6815 0.6815
- val_exp_f1:  0.8052 0.8052 0.8052
- val_non_f1:  0.6546 0.6503 0.6525

4096/4096 [==============================] - 767s - loss: 0.5306 - val_loss: 0.8555
Epoch 85/1000
4032/4096 [============================>.] - ETA: 10s - loss: 0.5522
- val_loss: 0.8403
- val_all_f1:  0.6893 0.6893 0.6893
- val_exp_f1:  0.8182 0.8182 0.8182
- val_non_f1:  0.6634 0.6569 0.6601

4096/4096 [==============================] - 710s - loss: 0.5544 - val_loss: 0.8403
Epoch 86/1000
4032/4096 [============================>.] - ETA: 10s - loss: 0.5161
- val_loss: 0.8508
- val_all_f1:  0.6971 0.6971 0.6971
- val_exp_f1:  0.8701 0.8701 0.8701
- val_non_f1:  0.6601 0.6536 0.6568

4096/4096 [==============================] - 705s - loss: 0.5169 - val_loss: 0.8508
Epoch 87/1000
4032/4096 [============================>.] - ETA: 10s - loss: 0.5034
- val_loss: 0.8484
- val_all_f1:  0.6997 0.6997 0.6997
- val_exp_f1:  0.8831 0.8831 0.8831
- val_non_f1:  0.6601 0.6536 0.6568

4096/4096 [==============================] - 700s - loss: 0.5068 - val_loss: 0.8484
Epoch 88/1000
4032/4096 [============================>.] - ETA: 10s - loss: 0.5316
- val_loss: 0.8509
- val_all_f1:  0.6841 0.6841 0.6841
- val_exp_f1:  0.9091 0.9091 0.9091
- val_non_f1:  0.6337 0.6275 0.6305

4096/4096 [==============================] - 703s - loss: 0.5310 - val_loss: 0.8509
Epoch 89/1000
4032/4096 [============================>.] - ETA: 10s - loss: 0.5370
- val_loss: 0.8605
- val_all_f1:  0.6789 0.6789 0.6789
- val_exp_f1:  0.8701 0.8701 0.8701
- val_non_f1:  0.6349 0.6307 0.6328

4096/4096 [==============================] - 699s - loss: 0.5352 - val_loss: 0.8605
Epoch 90/1000
4032/4096 [============================>.] - ETA: 10s - loss: 0.5028
- val_loss: 0.8559
- val_all_f1:  0.6762 0.6762 0.6762
- val_exp_f1:  0.7662 0.7662 0.7662
- val_non_f1:  0.6601 0.6536 0.6568

4096/4096 [==============================] - 707s - loss: 0.5030 - val_loss: 0.8559
Epoch 91/1000
4032/4096 [============================>.] - ETA: 10s - loss: 0.5518
- val_loss: 0.8503
- val_all_f1:  0.6867 0.6867 0.6867
- val_exp_f1:  0.8052 0.8052 0.8052
- val_non_f1:  0.6634 0.6569 0.6601

4096/4096 [==============================] - 709s - loss: 0.5567 - val_loss: 0.8503
Epoch 92/1000
4032/4096 [============================>.] - ETA: 10s - loss: 0.5327
- val_loss: 0.8456
- val_all_f1:  0.7180 0.7180 0.7180
- val_exp_f1:  0.9221 0.9221 0.9221
- val_non_f1:  0.6755 0.6667 0.6711

4096/4096 [==============================] - 692s - loss: 0.5269 - val_loss: 0.8456
Epoch 93/1000
4032/4096 [============================>.] - ETA: 10s - loss: 0.5032
- val_loss: 0.8586
- val_all_f1:  0.7102 0.7102 0.7102
- val_exp_f1:  0.8701 0.8701 0.8701
- val_non_f1:  0.6766 0.6699 0.6732

4096/4096 [==============================] - 688s - loss: 0.5048 - val_loss: 0.8586
Epoch 94/1000
4032/4096 [============================>.] - ETA: 10s - loss: 0.4981
- val_loss: 0.8476
- val_all_f1:  0.7023 0.7023 0.7023
- val_exp_f1:  0.8831 0.8831 0.8831
- val_non_f1:  0.6634 0.6569 0.6601

4096/4096 [==============================] - 681s - loss: 0.5004 - val_loss: 0.8476
Epoch 95/1000
4032/4096 [============================>.] - ETA: 10s - loss: 0.5361
- val_loss: 0.8773
- val_all_f1:  0.6632 0.6632 0.6632
- val_exp_f1:  0.8571 0.8571 0.8571
- val_non_f1:  0.6184 0.6144 0.6164

4096/4096 [==============================] - 678s - loss: 0.5383 - val_loss: 0.8773
Epoch 96/1000
4032/4096 [============================>.] - ETA: 9s - loss: 0.5372 
- val_loss: 0.8476
- val_all_f1:  0.6867 0.6867 0.6867
- val_exp_f1:  0.8571 0.8571 0.8571
- val_non_f1:  0.6480 0.6438 0.6459

4096/4096 [==============================] - 657s - loss: 0.5327 - val_loss: 0.8476
Epoch 97/1000
4032/4096 [============================>.] - ETA: 9s - loss: 0.5032 
- val_loss: 0.8505
- val_all_f1:  0.6815 0.6815 0.6815
- val_exp_f1:  0.8571 0.8571 0.8571
- val_non_f1:  0.6457 0.6373 0.6414

4096/4096 [==============================] - 662s - loss: 0.5009 - val_loss: 0.8505
Epoch 98/1000
4032/4096 [============================>.] - ETA: 9s - loss: 0.5180 
- val_loss: 0.8484
- val_all_f1:  0.6867 0.6867 0.6867
- val_exp_f1:  0.8312 0.8312 0.8312
- val_non_f1:  0.6568 0.6503 0.6535

4096/4096 [==============================] - 662s - loss: 0.5165 - val_loss: 0.8484
Epoch 99/1000
4032/4096 [============================>.] - ETA: 9s - loss: 0.5153 
- val_loss: 0.8642
- val_all_f1:  0.6580 0.6580 0.6580
- val_exp_f1:  0.8442 0.8442 0.8442
- val_non_f1:  0.6192 0.6111 0.6151

4096/4096 [==============================] - 665s - loss: 0.5168 - val_loss: 0.8642
Epoch 100/1000
4032/4096 [============================>.] - ETA: 9s - loss: 0.5161 
- val_loss: 0.8793
- val_all_f1:  0.6789 0.6789 0.6789
- val_exp_f1:  0.8831 0.8831 0.8831
- val_non_f1:  0.6337 0.6275 0.6305

4096/4096 [==============================] - 661s - loss: 0.5188 - val_loss: 0.8793
Epoch 101/1000
4032/4096 [============================>.] - ETA: 9s - loss: 0.5530 
- val_loss: 0.8657
- val_all_f1:  0.6449 0.6449 0.6449
- val_exp_f1:  0.8052 0.8052 0.8052
- val_non_f1:  0.6086 0.6046 0.6066

4096/4096 [==============================] - 656s - loss: 0.5488 - val_loss: 0.8657
Epoch 102/1000
4032/4096 [============================>.] - ETA: 9s - loss: 0.5382 
- val_loss: 0.8247
- val_all_f1:  0.6945 0.6945 0.6945
- val_exp_f1:  0.8312 0.8312 0.8312
- val_non_f1:  0.6645 0.6601 0.6623

4096/4096 [==============================] - 655s - loss: 0.5372 - val_loss: 0.8247
Epoch 103/1000
4032/4096 [============================>.] - ETA: 9s - loss: 0.5331 
- val_loss: 0.8404
- val_all_f1:  0.6710 0.6710 0.6710
- val_exp_f1:  0.8571 0.8571 0.8571
- val_non_f1:  0.6304 0.6242 0.6273

4096/4096 [==============================] - 661s - loss: 0.5331 - val_loss: 0.8404
Epoch 104/1000
4032/4096 [============================>.] - ETA: 9s - loss: 0.5059 
- val_loss: 0.8248
- val_all_f1:  0.6919 0.6919 0.6919
- val_exp_f1:  0.9221 0.9221 0.9221
- val_non_f1:  0.6382 0.6340 0.6361

4096/4096 [==============================] - 656s - loss: 0.5120 - val_loss: 0.8248
Epoch 105/1000
4032/4096 [============================>.] - ETA: 9s - loss: 0.5282 
- val_loss: 0.8489
- val_all_f1:  0.6893 0.6893 0.6893
- val_exp_f1:  0.9221 0.9221 0.9221
- val_non_f1:  0.6328 0.6307 0.6318

4096/4096 [==============================] - 658s - loss: 0.5262 - val_loss: 0.8489
Epoch 106/1000
4032/4096 [============================>.] - ETA: 9s - loss: 0.4935 
- val_loss: 0.8562
- val_all_f1:  0.6658 0.6658 0.6658
- val_exp_f1:  0.8182 0.8182 0.8182
- val_non_f1:  0.6316 0.6275 0.6295

4096/4096 [==============================] - 666s - loss: 0.4935 - val_loss: 0.8562
Epoch 107/1000
4032/4096 [============================>.] - ETA: 9s - loss: 0.5093 
- val_loss: 0.8562
- val_all_f1:  0.6762 0.6762 0.6762
- val_exp_f1:  0.8831 0.8831 0.8831
- val_non_f1:  0.6304 0.6242 0.6273

4096/4096 [==============================] - 665s - loss: 0.5123 - val_loss: 0.8562
Epoch 108/1000
4032/4096 [============================>.] - ETA: 9s - loss: 0.4825 
- val_loss: 0.8468
- val_all_f1:  0.6762 0.6762 0.6762
- val_exp_f1:  0.8182 0.8182 0.8182
- val_non_f1:  0.6469 0.6405 0.6437

4096/4096 [==============================] - 665s - loss: 0.4862 - val_loss: 0.8468
Epoch 109/1000
4032/4096 [============================>.] - ETA: 9s - loss: 0.5071 
- val_loss: 0.8412
- val_all_f1:  0.6919 0.6919 0.6919
- val_exp_f1:  0.8182 0.8182 0.8182
- val_non_f1:  0.6645 0.6601 0.6623

4096/4096 [==============================] - 664s - loss: 0.5142 - val_loss: 0.8412
Epoch 110/1000
4032/4096 [============================>.] - ETA: 9s - loss: 0.5168 
- val_loss: 0.8794
- val_all_f1:  0.6710 0.6710 0.6710
- val_exp_f1:  0.8701 0.8701 0.8701
- val_non_f1:  0.6271 0.6209 0.6240

4096/4096 [==============================] - 654s - loss: 0.5173 - val_loss: 0.8794
Epoch 111/1000
4032/4096 [============================>.] - ETA: 9s - loss: 0.5262 
- val_loss: 0.8984
- val_all_f1:  0.6658 0.6658 0.6658
- val_exp_f1:  0.8182 0.8182 0.8182
- val_non_f1:  0.6316 0.6275 0.6295

4096/4096 [==============================] - 656s - loss: 0.5294 - val_loss: 0.8984
Epoch 112/1000
4032/4096 [============================>.] - ETA: 9s - loss: 0.5589 
- val_loss: 0.8950
- val_all_f1:  0.6606 0.6606 0.6606
- val_exp_f1:  0.7922 0.7922 0.7922
- val_non_f1:  0.6316 0.6275 0.6295

4096/4096 [==============================] - 648s - loss: 0.5603 - val_loss: 0.8950
Epoch 113/1000
4032/4096 [============================>.] - ETA: 9s - loss: 0.5088 
- val_loss: 0.8474
- val_all_f1:  0.6736 0.6736 0.6736
- val_exp_f1:  0.8442 0.8442 0.8442
- val_non_f1:  0.6370 0.6307 0.6338

4096/4096 [==============================] - 653s - loss: 0.5086 - val_loss: 0.8474
Epoch 114/1000
4032/4096 [============================>.] - ETA: 9s - loss: 0.5212 
- val_loss: 0.8722
- val_all_f1:  0.6762 0.6762 0.6762
- val_exp_f1:  0.8182 0.8182 0.8182
- val_non_f1:  0.6447 0.6405 0.6426

4096/4096 [==============================] - 667s - loss: 0.5242 - val_loss: 0.8722
Epoch 115/1000
4032/4096 [============================>.] - ETA: 9s - loss: 0.5107 
- val_loss: 0.8465
- val_all_f1:  0.6710 0.6710 0.6710
- val_exp_f1:  0.8442 0.8442 0.8442
- val_non_f1:  0.6316 0.6275 0.6295

4096/4096 [==============================] - 665s - loss: 0.5091 - val_loss: 0.8465
Epoch 116/1000
4032/4096 [============================>.] - ETA: 9s - loss: 0.5133 
- val_loss: 0.8445
- val_all_f1:  0.6919 0.6919 0.6919
- val_exp_f1:  0.8312 0.8312 0.8312
- val_non_f1:  0.6612 0.6569 0.6590

4096/4096 [==============================] - 657s - loss: 0.5098 - val_loss: 0.8445
Epoch 117/1000
4032/4096 [============================>.] - ETA: 9s - loss: 0.4898 
- val_loss: 0.8684
- val_all_f1:  0.7050 0.7050 0.7050
- val_exp_f1:  0.9221 0.9221 0.9221
- val_non_f1:  0.6546 0.6503 0.6525

4096/4096 [==============================] - 660s - loss: 0.4868 - val_loss: 0.8684
Epoch 118/1000
4032/4096 [============================>.] - ETA: 9s - loss: 0.5457 
- val_loss: 0.8457
- val_all_f1:  0.6919 0.6919 0.6919
- val_exp_f1:  0.8831 0.8831 0.8831
- val_non_f1:  0.6480 0.6438 0.6459

4096/4096 [==============================] - 665s - loss: 0.5426 - val_loss: 0.8457
Epoch 119/1000
4032/4096 [============================>.] - ETA: 9s - loss: 0.5338 
- val_loss: 0.9076
- val_all_f1:  0.6762 0.6762 0.6762
- val_exp_f1:  0.8701 0.8701 0.8701
- val_non_f1:  0.6337 0.6275 0.6305

4096/4096 [==============================] - 662s - loss: 0.5304 - val_loss: 0.9076
Epoch 120/1000
4032/4096 [============================>.] - ETA: 9s - loss: 0.5264 
- val_loss: 0.8447
- val_all_f1:  0.6841 0.6841 0.6841
- val_exp_f1:  0.8831 0.8831 0.8831
- val_non_f1:  0.6382 0.6340 0.6361

4096/4096 [==============================] - 660s - loss: 0.5240 - val_loss: 0.8447
Epoch 121/1000
4032/4096 [============================>.] - ETA: 9s - loss: 0.4931 
- val_loss: 0.8385
- val_all_f1:  0.6971 0.6971 0.6971
- val_exp_f1:  0.8831 0.8831 0.8831
- val_non_f1:  0.6568 0.6503 0.6535

4096/4096 [==============================] - 661s - loss: 0.5011 - val_loss: 0.8385
Epoch 122/1000
4032/4096 [============================>.] - ETA: 9s - loss: 0.5178 
- val_loss: 0.8638
- val_all_f1:  0.6658 0.6658 0.6658
- val_exp_f1:  0.7922 0.7922 0.7922
- val_non_f1:  0.6382 0.6340 0.6361

4096/4096 [==============================] - 653s - loss: 0.5196 - val_loss: 0.8638
Epoch 123/1000
4032/4096 [============================>.] - ETA: 9s - loss: 0.5010 
- val_loss: 0.8602
- val_all_f1:  0.6658 0.6658 0.6658
- val_exp_f1:  0.8442 0.8442 0.8442
- val_non_f1:  0.6271 0.6209 0.6240

4096/4096 [==============================] - 652s - loss: 0.5020 - val_loss: 0.8602
Epoch 124/1000
4032/4096 [============================>.] - ETA: 9s - loss: 0.5523 
- val_loss: 0.8719
- val_all_f1:  0.6710 0.6710 0.6710
- val_exp_f1:  0.8442 0.8442 0.8442
- val_non_f1:  0.6337 0.6275 0.6305

4096/4096 [==============================] - 663s - loss: 0.5516 - val_loss: 0.8719
Epoch 125/1000
4032/4096 [============================>.] - ETA: 9s - loss: 0.5226 
- val_loss: 0.8823
- val_all_f1:  0.6632 0.6632 0.6632
- val_exp_f1:  0.8571 0.8571 0.8571
- val_non_f1:  0.6205 0.6144 0.6174

4096/4096 [==============================] - 659s - loss: 0.5288 - val_loss: 0.8823
Epoch 126/1000
4032/4096 [============================>.] - ETA: 9s - loss: 0.5266 
- val_loss: 0.8842
- val_all_f1:  0.6762 0.6762 0.6762
- val_exp_f1:  0.8701 0.8701 0.8701
- val_non_f1:  0.6337 0.6275 0.6305

4096/4096 [==============================] - 663s - loss: 0.5271 - val_loss: 0.8842
Epoch 127/1000
4032/4096 [============================>.] - ETA: 9s - loss: 0.4928 
- val_loss: 0.8482
- val_all_f1:  0.6606 0.6606 0.6606
- val_exp_f1:  0.7922 0.7922 0.7922
- val_non_f1:  0.6337 0.6275 0.6305

4096/4096 [==============================] - 660s - loss: 0.4912 - val_loss: 0.8482
Epoch 128/1000
4032/4096 [============================>.] - ETA: 9s - loss: 0.5004 
- val_loss: 0.8648
- val_all_f1:  0.6292 0.6292 0.6292
- val_exp_f1:  0.7922 0.7922 0.7922
- val_non_f1:  0.5941 0.5882 0.5911

4096/4096 [==============================] - 662s - loss: 0.5030 - val_loss: 0.8648
Epoch 129/1000
4032/4096 [============================>.] - ETA: 9s - loss: 0.5179 
- val_loss: 0.8305
- val_all_f1:  0.6867 0.6867 0.6867
- val_exp_f1:  0.8442 0.8442 0.8442
- val_non_f1:  0.6535 0.6471 0.6502

4096/4096 [==============================] - 660s - loss: 0.5179 - val_loss: 0.8305
Epoch 130/1000
4032/4096 [============================>.] - ETA: 9s - loss: 0.5028 
- val_loss: 0.8374
- val_all_f1:  0.6841 0.6841 0.6841
- val_exp_f1:  0.9091 0.9091 0.9091
- val_non_f1:  0.6337 0.6275 0.6305

4096/4096 [==============================] - 660s - loss: 0.4988 - val_loss: 0.8374
Epoch 131/1000
4032/4096 [============================>.] - ETA: 9s - loss: 0.5020 
- val_loss: 0.8223
- val_all_f1:  0.7023 0.7023 0.7023
- val_exp_f1:  0.9221 0.9221 0.9221
- val_non_f1:  0.6535 0.6471 0.6502

4096/4096 [==============================] - 660s - loss: 0.5047 - val_loss: 0.8223
Epoch 132/1000
4032/4096 [============================>.] - ETA: 9s - loss: 0.4586 
- val_loss: 0.8506
- val_all_f1:  0.6893 0.6893 0.6893
- val_exp_f1:  0.9221 0.9221 0.9221
- val_non_f1:  0.6370 0.6307 0.6338

4096/4096 [==============================] - 658s - loss: 0.4600 - val_loss: 0.8506
Epoch 133/1000
4032/4096 [============================>.] - ETA: 9s - loss: 0.5150 
- val_loss: 0.8212
- val_all_f1:  0.7102 0.7102 0.7102
- val_exp_f1:  0.9221 0.9221 0.9221
- val_non_f1:  0.6590 0.6569 0.6579

4096/4096 [==============================] - 659s - loss: 0.5123 - val_loss: 0.8212
Epoch 134/1000
4032/4096 [============================>.] - ETA: 9s - loss: 0.5166 
- val_loss: 0.8363
- val_all_f1:  0.6971 0.6971 0.6971
- val_exp_f1:  0.8831 0.8831 0.8831
- val_non_f1:  0.6525 0.6503 0.6514

4096/4096 [==============================] - 660s - loss: 0.5143 - val_loss: 0.8363
Epoch 135/1000
4032/4096 [============================>.] - ETA: 9s - loss: 0.4847 
- val_loss: 0.8153
- val_all_f1:  0.6971 0.6971 0.6971
- val_exp_f1:  0.8831 0.8831 0.8831
- val_non_f1:  0.6546 0.6503 0.6525

4096/4096 [==============================] - 654s - loss: 0.4874 - val_loss: 0.8153
Epoch 136/1000
4032/4096 [============================>.] - ETA: 9s - loss: 0.5066 
- val_loss: 0.8257
- val_all_f1:  0.6893 0.6893 0.6893
- val_exp_f1:  0.8442 0.8442 0.8442
- val_non_f1:  0.6568 0.6503 0.6535

4096/4096 [==============================] - 654s - loss: 0.5049 - val_loss: 0.8257
Epoch 137/1000
4032/4096 [============================>.] - ETA: 9s - loss: 0.4827 
- val_loss: 0.8238
- val_all_f1:  0.6919 0.6919 0.6919
- val_exp_f1:  0.9221 0.9221 0.9221
- val_non_f1:  0.6361 0.6340 0.6350

4096/4096 [==============================] - 646s - loss: 0.4849 - val_loss: 0.8238
Epoch 138/1000
4032/4096 [============================>.] - ETA: 9s - loss: 0.5474 
- val_loss: 0.8278
- val_all_f1:  0.6919 0.6919 0.6919
- val_exp_f1:  0.8961 0.8961 0.8961
- val_non_f1:  0.6469 0.6405 0.6437

4096/4096 [==============================] - 648s - loss: 0.5449 - val_loss: 0.8278
Epoch 139/1000
4032/4096 [============================>.] - ETA: 9s - loss: 0.5128 
- val_loss: 0.8589
- val_all_f1:  0.6762 0.6762 0.6762
- val_exp_f1:  0.8701 0.8701 0.8701
- val_non_f1:  0.6337 0.6275 0.6305

4096/4096 [==============================] - 656s - loss: 0.5149 - val_loss: 0.8589
Epoch 140/1000
4032/4096 [============================>.] - ETA: 9s - loss: 0.5552 
- val_loss: 0.8542
- val_all_f1:  0.6815 0.6815 0.6815
- val_exp_f1:  0.8961 0.8961 0.8961
- val_non_f1:  0.6337 0.6275 0.6305

4096/4096 [==============================] - 651s - loss: 0.5548 - val_loss: 0.8542
Epoch 141/1000
4032/4096 [============================>.] - ETA: 9s - loss: 0.4804 
- val_loss: 0.8462
- val_all_f1:  0.6606 0.6606 0.6606
- val_exp_f1:  0.7922 0.7922 0.7922
- val_non_f1:  0.6337 0.6275 0.6305

4096/4096 [==============================] - 655s - loss: 0.4790 - val_loss: 0.8462
Epoch 142/1000
4032/4096 [============================>.] - ETA: 9s - loss: 0.5199 
- val_loss: 0.8742
- val_all_f1:  0.6606 0.6606 0.6606
- val_exp_f1:  0.7922 0.7922 0.7922
- val_non_f1:  0.6337 0.6275 0.6305

4096/4096 [==============================] - 666s - loss: 0.5205 - val_loss: 0.8742
Epoch 143/1000
4032/4096 [============================>.] - ETA: 9s - loss: 0.5228 
- val_loss: 0.8542
- val_all_f1:  0.6736 0.6736 0.6736
- val_exp_f1:  0.7922 0.7922 0.7922
- val_non_f1:  0.6459 0.6438 0.6448

4096/4096 [==============================] - 666s - loss: 0.5262 - val_loss: 0.8542
Epoch 144/1000
4032/4096 [============================>.] - ETA: 9s - loss: 0.5024 
- val_loss: 0.8160
- val_all_f1:  0.6867 0.6867 0.6867
- val_exp_f1:  0.9091 0.9091 0.9091
- val_non_f1:  0.6328 0.6307 0.6318

4096/4096 [==============================] - 655s - loss: 0.5031 - val_loss: 0.8160
Epoch 145/1000
4032/4096 [============================>.] - ETA: 9s - loss: 0.4983 
- val_loss: 0.8313
- val_all_f1:  0.6815 0.6815 0.6815
- val_exp_f1:  0.8831 0.8831 0.8831
- val_non_f1:  0.6370 0.6307 0.6338

4096/4096 [==============================] - 649s - loss: 0.4979 - val_loss: 0.8313
Epoch 146/1000
4032/4096 [============================>.] - ETA: 9s - loss: 0.5461 
- val_loss: 0.8585
- val_all_f1:  0.6684 0.6684 0.6684
- val_exp_f1:  0.8312 0.8312 0.8312
- val_non_f1:  0.6337 0.6275 0.6305

4096/4096 [==============================] - 657s - loss: 0.5462 - val_loss: 0.8585
Epoch 147/1000
4032/4096 [============================>.] - ETA: 9s - loss: 0.5076 
- val_loss: 0.8700
- val_all_f1:  0.6789 0.6789 0.6789
- val_exp_f1:  0.8831 0.8831 0.8831
- val_non_f1:  0.6316 0.6275 0.6295

4096/4096 [==============================] - 655s - loss: 0.5078 - val_loss: 0.8700
Epoch 148/1000
4032/4096 [============================>.] - ETA: 9s - loss: 0.5222 
- val_loss: 0.8842
- val_all_f1:  0.6632 0.6632 0.6632
- val_exp_f1:  0.8052 0.8052 0.8052
- val_non_f1:  0.6337 0.6275 0.6305

4096/4096 [==============================] - 657s - loss: 0.5237 - val_loss: 0.8842
Epoch 149/1000
4032/4096 [============================>.] - ETA: 9s - loss: 0.5283 
- val_loss: 0.8448
- val_all_f1:  0.6710 0.6710 0.6710
- val_exp_f1:  0.8442 0.8442 0.8442
- val_non_f1:  0.6337 0.6275 0.6305

4096/4096 [==============================] - 653s - loss: 0.5264 - val_loss: 0.8448
Epoch 150/1000
4032/4096 [============================>.] - ETA: 9s - loss: 0.5297 
- val_loss: 0.8089
- val_all_f1:  0.6997 0.6997 0.6997
- val_exp_f1:  0.8442 0.8442 0.8442
- val_non_f1:  0.6700 0.6634 0.6667

4096/4096 [==============================] - 649s - loss: 0.5321 - val_loss: 0.8089
Epoch 151/1000
4032/4096 [============================>.] - ETA: 9s - loss: 0.5007 
- val_loss: 0.8342
- val_all_f1:  0.7023 0.7023 0.7023
- val_exp_f1:  0.8571 0.8571 0.8571
- val_non_f1:  0.6700 0.6634 0.6667

4096/4096 [==============================] - 651s - loss: 0.5018 - val_loss: 0.8342
Epoch 152/1000
4032/4096 [============================>.] - ETA: 9s - loss: 0.5253 
- val_loss: 0.8558
- val_all_f1:  0.6789 0.6789 0.6789
- val_exp_f1:  0.8961 0.8961 0.8961
- val_non_f1:  0.6304 0.6242 0.6273

4096/4096 [==============================] - 645s - loss: 0.5268 - val_loss: 0.8558
Epoch 153/1000
4032/4096 [============================>.] - ETA: 9s - loss: 0.5268 
- val_loss: 0.8270
- val_all_f1:  0.6893 0.6893 0.6893
- val_exp_f1:  0.9221 0.9221 0.9221
- val_non_f1:  0.6370 0.6307 0.6338

4096/4096 [==============================] - 649s - loss: 0.5243 - val_loss: 0.8270
Epoch 154/1000
4032/4096 [============================>.] - ETA: 9s - loss: 0.4908 
- val_loss: 0.8527
- val_all_f1:  0.6658 0.6658 0.6658
- val_exp_f1:  0.8182 0.8182 0.8182
- val_non_f1:  0.6316 0.6275 0.6295

4096/4096 [==============================] - 643s - loss: 0.4936 - val_loss: 0.8527
Epoch 155/1000
4032/4096 [============================>.] - ETA: 9s - loss: 0.5576 
- val_loss: 0.8985
- val_all_f1:  0.6789 0.6789 0.6789
- val_exp_f1:  0.8831 0.8831 0.8831
- val_non_f1:  0.6337 0.6275 0.6305

4096/4096 [==============================] - 662s - loss: 0.5587 - val_loss: 0.8985
Epoch 156/1000
4032/4096 [============================>.] - ETA: 9s - loss: 0.5540 
- val_loss: 0.8724
- val_all_f1:  0.6789 0.6789 0.6789
- val_exp_f1:  0.8831 0.8831 0.8831
- val_non_f1:  0.6337 0.6275 0.6305

4096/4096 [==============================] - 647s - loss: 0.5538 - val_loss: 0.8724
Epoch 157/1000
4032/4096 [============================>.] - ETA: 9s - loss: 0.5031 
- val_loss: 0.8599
- val_all_f1:  0.6684 0.6684 0.6684
- val_exp_f1:  0.8312 0.8312 0.8312
- val_non_f1:  0.6337 0.6275 0.6305

4096/4096 [==============================] - 646s - loss: 0.5032 - val_loss: 0.8599
Epoch 158/1000
4032/4096 [============================>.] - ETA: 9s - loss: 0.5003 
- val_loss: 0.8212
- val_all_f1:  0.6762 0.6762 0.6762
- val_exp_f1:  0.8701 0.8701 0.8701
- val_non_f1:  0.6316 0.6275 0.6295

4096/4096 [==============================] - 642s - loss: 0.5014 - val_loss: 0.8212
Epoch 159/1000
4032/4096 [============================>.] - ETA: 9s - loss: 0.4963 
- val_loss: 0.8555
- val_all_f1:  0.6684 0.6684 0.6684
- val_exp_f1:  0.8571 0.8571 0.8571
- val_non_f1:  0.6271 0.6209 0.6240

4096/4096 [==============================] - 636s - loss: 0.4932 - val_loss: 0.8555
Epoch 160/1000
4032/4096 [============================>.] - ETA: 9s - loss: 0.4938 
- val_loss: 0.8606
- val_all_f1:  0.6580 0.6580 0.6580
- val_exp_f1:  0.7922 0.7922 0.7922
- val_non_f1:  0.6304 0.6242 0.6273

4096/4096 [==============================] - 634s - loss: 0.4906 - val_loss: 0.8606
Epoch 161/1000
4032/4096 [============================>.] - ETA: 9s - loss: 0.4943 
- val_loss: 0.8390
- val_all_f1:  0.6789 0.6789 0.6789
- val_exp_f1:  0.8961 0.8961 0.8961
- val_non_f1:  0.6304 0.6242 0.6273

4096/4096 [==============================] - 629s - loss: 0.4979 - val_loss: 0.8390
Epoch 162/1000
4032/4096 [============================>.] - ETA: 9s - loss: 0.5242 
- val_loss: 0.8341
- val_all_f1:  0.6867 0.6867 0.6867
- val_exp_f1:  0.9221 0.9221 0.9221
- val_non_f1:  0.6337 0.6275 0.6305

4096/4096 [==============================] - 628s - loss: 0.5234 - val_loss: 0.8341
Epoch 163/1000
4032/4096 [============================>.] - ETA: 9s - loss: 0.5153 
- val_loss: 0.8442
- val_all_f1:  0.6841 0.6841 0.6841
- val_exp_f1:  0.9091 0.9091 0.9091
- val_non_f1:  0.6316 0.6275 0.6295

4096/4096 [==============================] - 626s - loss: 0.5200 - val_loss: 0.8442
Epoch 164/1000
4032/4096 [============================>.] - ETA: 9s - loss: 0.5113 
- val_loss: 0.8147
- val_all_f1:  0.7023 0.7023 0.7023
- val_exp_f1:  0.9221 0.9221 0.9221
- val_non_f1:  0.6535 0.6471 0.6502

4096/4096 [==============================] - 634s - loss: 0.5080 - val_loss: 0.8147
Epoch 165/1000
4032/4096 [============================>.] - ETA: 9s - loss: 0.4727 
- val_loss: 0.8260
- val_all_f1:  0.6841 0.6841 0.6841
- val_exp_f1:  0.8701 0.8701 0.8701
- val_non_f1:  0.6436 0.6373 0.6404

4096/4096 [==============================] - 639s - loss: 0.4760 - val_loss: 0.8260
Epoch 166/1000
4032/4096 [============================>.] - ETA: 9s - loss: 0.5015 
- val_loss: 0.8346
- val_all_f1:  0.6945 0.6945 0.6945
- val_exp_f1:  0.8831 0.8831 0.8831
- val_non_f1:  0.6535 0.6471 0.6502

4096/4096 [==============================] - 629s - loss: 0.5015 - val_loss: 0.8346
Epoch 167/1000
4032/4096 [============================>.] - ETA: 9s - loss: 0.5299 
- val_loss: 0.8810
- val_all_f1:  0.6684 0.6684 0.6684
- val_exp_f1:  0.8442 0.8442 0.8442
- val_non_f1:  0.6325 0.6242 0.6283

4096/4096 [==============================] - 640s - loss: 0.5336 - val_loss: 0.8810
Epoch 168/1000
4032/4096 [============================>.] - ETA: 9s - loss: 0.5074 
- val_loss: 0.8219
- val_all_f1:  0.6867 0.6867 0.6867
- val_exp_f1:  0.8571 0.8571 0.8571
- val_non_f1:  0.6502 0.6438 0.6470

4096/4096 [==============================] - 640s - loss: 0.5091 - val_loss: 0.8219
Epoch 169/1000
4032/4096 [============================>.] - ETA: 9s - loss: 0.4870 
- val_loss: 0.8227
- val_all_f1:  0.6841 0.6841 0.6841
- val_exp_f1:  0.9091 0.9091 0.9091
- val_non_f1:  0.6337 0.6275 0.6305

4096/4096 [==============================] - 648s - loss: 0.4837 - val_loss: 0.8227
Epoch 170/1000
4032/4096 [============================>.] - ETA: 9s - loss: 0.5200 
- val_loss: 0.8667
- val_all_f1:  0.6815 0.6815 0.6815
- val_exp_f1:  0.8961 0.8961 0.8961
- val_non_f1:  0.6337 0.6275 0.6305

4096/4096 [==============================] - 644s - loss: 0.5179 - val_loss: 0.8667
Epoch 171/1000
4032/4096 [============================>.] - ETA: 9s - loss: 0.4868 
- val_loss: 0.8402
- val_all_f1:  0.6971 0.6971 0.6971
- val_exp_f1:  0.8701 0.8701 0.8701
- val_non_f1:  0.6601 0.6536 0.6568

4096/4096 [==============================] - 653s - loss: 0.4891 - val_loss: 0.8402
Epoch 172/1000
4032/4096 [============================>.] - ETA: 9s - loss: 0.5053 
- val_loss: 0.8311
- val_all_f1:  0.6997 0.6997 0.6997
- val_exp_f1:  0.9221 0.9221 0.9221
- val_non_f1:  0.6480 0.6438 0.6459

4096/4096 [==============================] - 650s - loss: 0.5040 - val_loss: 0.8311
Epoch 173/1000
4032/4096 [============================>.] - ETA: 9s - loss: 0.5073 
- val_loss: 0.8477
- val_all_f1:  0.6632 0.6632 0.6632
- val_exp_f1:  0.8182 0.8182 0.8182
- val_non_f1:  0.6304 0.6242 0.6273

4096/4096 [==============================] - 641s - loss: 0.5024 - val_loss: 0.8477
Epoch 174/1000
4032/4096 [============================>.] - ETA: 9s - loss: 0.4659 
- val_loss: 0.8008
- val_all_f1:  0.7050 0.7050 0.7050
- val_exp_f1:  0.9221 0.9221 0.9221
- val_non_f1:  0.6568 0.6503 0.6535

4096/4096 [==============================] - 633s - loss: 0.4660 - val_loss: 0.8008
Epoch 175/1000
4032/4096 [============================>.] - ETA: 9s - loss: 0.4665 
- val_loss: 0.8267
- val_all_f1:  0.6919 0.6919 0.6919
- val_exp_f1:  0.9221 0.9221 0.9221
- val_non_f1:  0.6361 0.6340 0.6350

4096/4096 [==============================] - 641s - loss: 0.4716 - val_loss: 0.8267
Epoch 176/1000
4032/4096 [============================>.] - ETA: 9s - loss: 0.5203 
- val_loss: 0.8023
- val_all_f1:  0.7102 0.7102 0.7102
- val_exp_f1:  0.9221 0.9221 0.9221
- val_non_f1:  0.6612 0.6569 0.6590

4096/4096 [==============================] - 638s - loss: 0.5166 - val_loss: 0.8023
Epoch 177/1000
4032/4096 [============================>.] - ETA: 9s - loss: 0.5071 
- val_loss: 0.7948
- val_all_f1:  0.7154 0.7154 0.7154
- val_exp_f1:  0.9091 0.9091 0.9091
- val_non_f1:  0.6733 0.6667 0.6700

4096/4096 [==============================] - 629s - loss: 0.5115 - val_loss: 0.7948
Epoch 178/1000
4032/4096 [============================>.] - ETA: 9s - loss: 0.4982 
- val_loss: 0.8039
- val_all_f1:  0.7180 0.7180 0.7180
- val_exp_f1:  0.9221 0.9221 0.9221
- val_non_f1:  0.6733 0.6667 0.6700

4096/4096 [==============================] - 632s - loss: 0.4980 - val_loss: 0.8039
Epoch 179/1000
4032/4096 [============================>.] - ETA: 9s - loss: 0.5032 
- val_loss: 0.8122
- val_all_f1:  0.6658 0.6658 0.6658
- val_exp_f1:  0.8182 0.8182 0.8182
- val_non_f1:  0.6358 0.6275 0.6316

4096/4096 [==============================] - 624s - loss: 0.4992 - val_loss: 0.8122
Epoch 180/1000
4032/4096 [============================>.] - ETA: 9s - loss: 0.5231 
- val_loss: 0.8058
- val_all_f1:  0.6867 0.6867 0.6867
- val_exp_f1:  0.9221 0.9221 0.9221
- val_non_f1:  0.6337 0.6275 0.6305

4096/4096 [==============================] - 630s - loss: 0.5240 - val_loss: 0.8058
Epoch 181/1000
4032/4096 [============================>.] - ETA: 9s - loss: 0.5069 
- val_loss: 0.8136
- val_all_f1:  0.6971 0.6971 0.6971
- val_exp_f1:  0.8831 0.8831 0.8831
- val_non_f1:  0.6503 0.6503 0.6503

4096/4096 [==============================] - 629s - loss: 0.5064 - val_loss: 0.8136
[2019-03-07 09:32] training finished (ex/conll16st-v35dimx05-zhch)
[2019-03-07 09:32] best_val_loss: 176 - loss: 0.5115 - val_loss: 0.7948 - val_all_f1: 0.7154 - val_exp_f1: 0.9091 - val_non_f1: 0.6700
[2019-03-07 09:32] best_val_all_f1: 79 - loss: 0.5214 - val_loss: 0.8624 - val_all_f1: 0.7206 - val_exp_f1: 0.8961 - val_non_f1: 0.6798
[2019-03-07 09:32] time: loaded: 4.6888 - prepared: 1748.8328 - trained: 134194.1825 - epoch: 7414.0432 - epoch_cnt: 18.1000 - epoch_samples: 40960.0000
