[2018-04-09 07:58] configuration (ex/conll16st-v35word2vec-zh)
[2018-04-09 07:58]   config 'arg1_len': 500
[2018-04-09 07:58]   config 'arg2_len': 500
[2018-04-09 07:58]   config 'backend': theano
[2018-04-09 07:58]   config 'backend_theano': device=gpu,floatX=float32,nvcc.fastmath=True,lib.cnmem=0.45
[2018-04-09 07:58]   config 'batch_size': 64
[2018-04-09 07:58]   config 'conn_len': 10
[2018-04-09 07:58]   config 'continue_': False
[2018-04-09 07:58]   config 'curriculum_end': 0.0
[2018-04-09 07:58]   config 'epochs': 1000
[2018-04-09 07:58]   config 'epochs_patience': 100
[2018-04-09 07:58]   config 'epochs_ratio': 0.1
[2018-04-09 07:58]   config 'filter_act': sigmoid
[2018-04-09 07:58]   config 'filter_append_act': linear
[2018-04-09 07:58]   config 'filter_append_batchnorm': False
[2018-04-09 07:58]   config 'filter_append_dim': 0
[2018-04-09 07:58]   config 'filter_append_dropout': 0.0
[2018-04-09 07:58]   config 'filter_apply': mul
[2018-04-09 07:58]   config 'filter_dim': 12
[2018-04-09 07:58]   config 'filter_dropout_U': 0.0
[2018-04-09 07:58]   config 'filter_dropout_W': 0.0
[2018-04-09 07:58]   config 'filter_fn_name': None
[2018-04-09 07:58]   config 'filter_shared': global
[2018-04-09 07:58]   config 'filter_type': lstm-fb
[2018-04-09 07:58]   config 'filter_zoneout_c': 0.0
[2018-04-09 07:58]   config 'filter_zoneout_h': 0.0
[2018-04-09 07:58]   config 'final_act': SReLU
[2018-04-09 07:58]   config 'final_dim': 80
[2018-04-09 07:58]   config 'final_dropout': 0.3
[2018-04-09 07:58]   config 'lang': zh
[2018-04-09 07:58]   config 'masking': True
[2018-04-09 07:58]   config 'mode': word
[2018-04-09 07:58]   config 'model_dir': ex/conll16st-v35word2vec-zh
[2018-04-09 07:58]   config 'optimizer': adam
[2018-04-09 07:58]   config 'original_positives': 0
[2018-04-09 07:58]   config 'punc_len': 2
[2018-04-09 07:58]   config 'random_negatives': 2
[2018-04-09 07:58]   config 'random_positives': 2
[2018-04-09 07:58]   config 'random_proba_1': 0.1
[2018-04-09 07:58]   config 'random_proba_2': 0.1
[2018-04-09 07:58]   config 'random_proba_3': 0.9
[2018-04-09 07:58]   config 'rnn_act': tanh
[2018-04-09 07:58]   config 'rnn_dim': 20
[2018-04-09 07:58]   config 'rnn_dropout_U': 0.0
[2018-04-09 07:58]   config 'rnn_dropout_W': 0.0
[2018-04-09 07:58]   config 'rnn_dropout_merge': 0.3
[2018-04-09 07:58]   config 'rnn_merge': concat
[2018-04-09 07:58]   config 'rnn_num': 12
[2018-04-09 07:58]   config 'rnn_shared': aspect
[2018-04-09 07:58]   config 'rnn_type': lstm-fwd
[2018-04-09 07:58]   config 'rnn_zoneout_c': 0.0
[2018-04-09 07:58]   config 'rnn_zoneout_h': 0.0
[2018-04-09 07:58]   config 'snapshot_size': 2048
[2018-04-09 07:58]   config 'train_dir': data/conll16st-zh-01-08-2016-train
[2018-04-09 07:58]   config 'valid_dir': data/conll16st-zh-01-08-2016-dev
[2018-04-09 07:58]   config 'words2vec_bin': None
[2018-04-09 07:58]   config 'words2vec_txt': ./data/word2vec-zh/zh-Gigaword-300.txt
[2018-04-09 07:58]   config 'words_dim': 300
[2018-04-09 07:58]   config 'words_dropout': 0.3
[2018-04-09 07:58]   config 'words_shared': global
[2018-04-09 07:58]   config 'words_trainable': True
[2018-04-09 07:58] load dataset for training (data/conll16st-zh-01-08-2016-train)
[2018-04-09 07:59]   lang: zh, doc_ids: 455, words: 155827, rel_ids: 10240, relation tokens: 475970
[2018-04-09 07:59] load dataset for validation (data/conll16st-zh-01-08-2016-dev)
[2018-04-09 07:59]   lang: zh, doc_ids: 24, words: 6782, rel_ids: 383, relation tokens: 16859
[2018-04-09 07:59] build indexes from training
[2018-04-09 07:59]   words2id: 14785, target2id: 12
[2018-04-09 07:59] load pre-trained word2vec embeddings
[2018-04-09 07:59] Fast version of gensim.models.doc2vec is being used
[2018-04-09 07:59] 'pattern' package found; tag filters are available for English
[2018-04-09 07:59] loading projection weights from ./data/word2vec-zh/zh-Gigaword-300.txt
[2018-04-09 07:59] {'kw': {}, 'mode': 'rb', 'uri': './data/word2vec-zh/zh-Gigaword-300.txt'}
[2018-04-09 07:59] encoding_wrapper: {'errors': 'strict', 'mode': 'rb', 'fileobj': <open file './data/word2vec-zh/zh-Gigaword-300.txt', mode 'rb' at 0x7f2f70979300>, 'encoding': None}
[2018-04-09 07:59] Fast version of gensim.models.word2vec is being used
[2018-04-09 08:01] loaded (405206, 300) matrix from ./data/word2vec-zh/zh-Gigaword-300.txt
[2018-04-09 08:01] target class distribution from training
[2018-04-09 08:01]   class 0 = 'None': None
[2018-04-09 08:01]   class 1 = '': None
[2018-04-09 08:01]   class 2 = 'Conjunction': 6102
[2018-04-09 08:01]   class 3 = 'Expansion': 1435
[2018-04-09 08:01]   class 4 = 'EntRel': 1098
[2018-04-09 08:01]   class 5 = 'Causation': 456
[2018-04-09 08:01]   class 6 = 'Temporal': 434
[2018-04-09 08:01]   class 7 = 'Contrast': 340
[2018-04-09 08:01]   class 8 = 'Purpose': 244
[2018-04-09 08:01]   class 9 = 'Conditional': 134
[2018-04-09 08:01]   class 10 = 'Progression': 75
[2018-04-09 08:01]   class 11 = 'Alternative': 18
[2018-04-09 08:01] build model
____________________________________________________________________________________________________
Layer (type)                     Output Shape          Param #     Connected to                     
====================================================================================================
arg1_ids (InputLayer)            (None, 500)           0                                            
____________________________________________________________________________________________________
arg2_ids (InputLayer)            (None, 500)           0                                            
____________________________________________________________________________________________________
conn_ids (InputLayer)            (None, 10)            0                                            
____________________________________________________________________________________________________
punc_ids (InputLayer)            (None, 2)             0                                            
____________________________________________________________________________________________________
embedding_1 (Embedding)          multiple              4435500     arg1_ids[0][0]                   
                                                                   arg2_ids[0][0]                   
                                                                   conn_ids[0][0]                   
                                                                   punc_ids[0][0]                   
____________________________________________________________________________________________________
shareablelstm_1 (ShareableLSTM)  multiple              15024       embedding_1[0][0]                
                                                                   embedding_1[1][0]                
                                                                   embedding_1[2][0]                
                                                                   embedding_1[3][0]                
____________________________________________________________________________________________________
shareablelstm_2 (ShareableLSTM)  multiple              15024       embedding_1[0][0]                
                                                                   embedding_1[1][0]                
                                                                   embedding_1[2][0]                
                                                                   embedding_1[3][0]                
____________________________________________________________________________________________________
merge_1 (Merge)                  (None, 500, 12)       0           shareablelstm_1[0][0]            
                                                                   shareablelstm_2[0][0]            
____________________________________________________________________________________________________
merge_15 (Merge)                 (None, 500, 12)       0           shareablelstm_1[1][0]            
                                                                   shareablelstm_2[1][0]            
____________________________________________________________________________________________________
merge_29 (Merge)                 (None, 10, 12)        0           shareablelstm_1[2][0]            
                                                                   shareablelstm_2[2][0]            
____________________________________________________________________________________________________
merge_43 (Merge)                 (None, 2, 12)         0           shareablelstm_1[3][0]            
                                                                   shareablelstm_2[3][0]            
____________________________________________________________________________________________________
arg1_filters (Activation)        (None, 500, 12)       0           merge_1[0][0]                    
____________________________________________________________________________________________________
arg2_filters (Activation)        (None, 500, 12)       0           merge_15[0][0]                   
____________________________________________________________________________________________________
conn_filters (Activation)        (None, 10, 12)        0           merge_29[0][0]                   
____________________________________________________________________________________________________
punc_filters (Activation)        (None, 2, 12)         0           merge_43[0][0]                   
____________________________________________________________________________________________________
merge_2 (Merge)                  (None, 500, 300)      0           embedding_1[0][0]                
                                                                   arg1_filters[0][0]               
____________________________________________________________________________________________________
merge_3 (Merge)                  (None, 500, 300)      0           embedding_1[0][0]                
                                                                   arg1_filters[0][0]               
____________________________________________________________________________________________________
merge_4 (Merge)                  (None, 500, 300)      0           embedding_1[0][0]                
                                                                   arg1_filters[0][0]               
____________________________________________________________________________________________________
merge_5 (Merge)                  (None, 500, 300)      0           embedding_1[0][0]                
                                                                   arg1_filters[0][0]               
____________________________________________________________________________________________________
merge_6 (Merge)                  (None, 500, 300)      0           embedding_1[0][0]                
                                                                   arg1_filters[0][0]               
____________________________________________________________________________________________________
merge_7 (Merge)                  (None, 500, 300)      0           embedding_1[0][0]                
                                                                   arg1_filters[0][0]               
____________________________________________________________________________________________________
merge_8 (Merge)                  (None, 500, 300)      0           embedding_1[0][0]                
                                                                   arg1_filters[0][0]               
____________________________________________________________________________________________________
merge_9 (Merge)                  (None, 500, 300)      0           embedding_1[0][0]                
                                                                   arg1_filters[0][0]               
____________________________________________________________________________________________________
merge_10 (Merge)                 (None, 500, 300)      0           embedding_1[0][0]                
                                                                   arg1_filters[0][0]               
____________________________________________________________________________________________________
merge_11 (Merge)                 (None, 500, 300)      0           embedding_1[0][0]                
                                                                   arg1_filters[0][0]               
____________________________________________________________________________________________________
merge_12 (Merge)                 (None, 500, 300)      0           embedding_1[0][0]                
                                                                   arg1_filters[0][0]               
____________________________________________________________________________________________________
merge_13 (Merge)                 (None, 500, 300)      0           embedding_1[0][0]                
                                                                   arg1_filters[0][0]               
____________________________________________________________________________________________________
merge_16 (Merge)                 (None, 500, 300)      0           embedding_1[1][0]                
                                                                   arg2_filters[0][0]               
____________________________________________________________________________________________________
merge_17 (Merge)                 (None, 500, 300)      0           embedding_1[1][0]                
                                                                   arg2_filters[0][0]               
____________________________________________________________________________________________________
merge_18 (Merge)                 (None, 500, 300)      0           embedding_1[1][0]                
                                                                   arg2_filters[0][0]               
____________________________________________________________________________________________________
merge_19 (Merge)                 (None, 500, 300)      0           embedding_1[1][0]                
                                                                   arg2_filters[0][0]               
____________________________________________________________________________________________________
merge_20 (Merge)                 (None, 500, 300)      0           embedding_1[1][0]                
                                                                   arg2_filters[0][0]               
____________________________________________________________________________________________________
merge_21 (Merge)                 (None, 500, 300)      0           embedding_1[1][0]                
                                                                   arg2_filters[0][0]               
____________________________________________________________________________________________________
merge_22 (Merge)                 (None, 500, 300)      0           embedding_1[1][0]                
                                                                   arg2_filters[0][0]               
____________________________________________________________________________________________________
merge_23 (Merge)                 (None, 500, 300)      0           embedding_1[1][0]                
                                                                   arg2_filters[0][0]               
____________________________________________________________________________________________________
merge_24 (Merge)                 (None, 500, 300)      0           embedding_1[1][0]                
                                                                   arg2_filters[0][0]               
____________________________________________________________________________________________________
merge_25 (Merge)                 (None, 500, 300)      0           embedding_1[1][0]                
                                                                   arg2_filters[0][0]               
____________________________________________________________________________________________________
merge_26 (Merge)                 (None, 500, 300)      0           embedding_1[1][0]                
                                                                   arg2_filters[0][0]               
____________________________________________________________________________________________________
merge_27 (Merge)                 (None, 500, 300)      0           embedding_1[1][0]                
                                                                   arg2_filters[0][0]               
____________________________________________________________________________________________________
merge_30 (Merge)                 (None, 10, 300)       0           embedding_1[2][0]                
                                                                   conn_filters[0][0]               
____________________________________________________________________________________________________
merge_31 (Merge)                 (None, 10, 300)       0           embedding_1[2][0]                
                                                                   conn_filters[0][0]               
____________________________________________________________________________________________________
merge_32 (Merge)                 (None, 10, 300)       0           embedding_1[2][0]                
                                                                   conn_filters[0][0]               
____________________________________________________________________________________________________
merge_33 (Merge)                 (None, 10, 300)       0           embedding_1[2][0]                
                                                                   conn_filters[0][0]               
____________________________________________________________________________________________________
merge_34 (Merge)                 (None, 10, 300)       0           embedding_1[2][0]                
                                                                   conn_filters[0][0]               
____________________________________________________________________________________________________
merge_35 (Merge)                 (None, 10, 300)       0           embedding_1[2][0]                
                                                                   conn_filters[0][0]               
____________________________________________________________________________________________________
merge_36 (Merge)                 (None, 10, 300)       0           embedding_1[2][0]                
                                                                   conn_filters[0][0]               
____________________________________________________________________________________________________
merge_37 (Merge)                 (None, 10, 300)       0           embedding_1[2][0]                
                                                                   conn_filters[0][0]               
____________________________________________________________________________________________________
merge_38 (Merge)                 (None, 10, 300)       0           embedding_1[2][0]                
                                                                   conn_filters[0][0]               
____________________________________________________________________________________________________
merge_39 (Merge)                 (None, 10, 300)       0           embedding_1[2][0]                
                                                                   conn_filters[0][0]               
____________________________________________________________________________________________________
merge_40 (Merge)                 (None, 10, 300)       0           embedding_1[2][0]                
                                                                   conn_filters[0][0]               
____________________________________________________________________________________________________
merge_41 (Merge)                 (None, 10, 300)       0           embedding_1[2][0]                
                                                                   conn_filters[0][0]               
____________________________________________________________________________________________________
merge_44 (Merge)                 (None, 2, 300)        0           embedding_1[3][0]                
                                                                   punc_filters[0][0]               
____________________________________________________________________________________________________
merge_45 (Merge)                 (None, 2, 300)        0           embedding_1[3][0]                
                                                                   punc_filters[0][0]               
____________________________________________________________________________________________________
merge_46 (Merge)                 (None, 2, 300)        0           embedding_1[3][0]                
                                                                   punc_filters[0][0]               
____________________________________________________________________________________________________
merge_47 (Merge)                 (None, 2, 300)        0           embedding_1[3][0]                
                                                                   punc_filters[0][0]               
____________________________________________________________________________________________________
merge_48 (Merge)                 (None, 2, 300)        0           embedding_1[3][0]                
                                                                   punc_filters[0][0]               
____________________________________________________________________________________________________
merge_49 (Merge)                 (None, 2, 300)        0           embedding_1[3][0]                
                                                                   punc_filters[0][0]               
____________________________________________________________________________________________________
merge_50 (Merge)                 (None, 2, 300)        0           embedding_1[3][0]                
                                                                   punc_filters[0][0]               
____________________________________________________________________________________________________
merge_51 (Merge)                 (None, 2, 300)        0           embedding_1[3][0]                
                                                                   punc_filters[0][0]               
____________________________________________________________________________________________________
merge_52 (Merge)                 (None, 2, 300)        0           embedding_1[3][0]                
                                                                   punc_filters[0][0]               
____________________________________________________________________________________________________
merge_53 (Merge)                 (None, 2, 300)        0           embedding_1[3][0]                
                                                                   punc_filters[0][0]               
____________________________________________________________________________________________________
merge_54 (Merge)                 (None, 2, 300)        0           embedding_1[3][0]                
                                                                   punc_filters[0][0]               
____________________________________________________________________________________________________
merge_55 (Merge)                 (None, 2, 300)        0           embedding_1[3][0]                
                                                                   punc_filters[0][0]               
____________________________________________________________________________________________________
shareablelstm_3 (ShareableLSTM)  (None, 20)            25680       merge_2[0][0]                    
                                                                   merge_16[0][0]                   
                                                                   merge_30[0][0]                   
                                                                   merge_44[0][0]                   
____________________________________________________________________________________________________
shareablelstm_5 (ShareableLSTM)  (None, 20)            25680       merge_3[0][0]                    
                                                                   merge_17[0][0]                   
                                                                   merge_31[0][0]                   
                                                                   merge_45[0][0]                   
____________________________________________________________________________________________________
shareablelstm_7 (ShareableLSTM)  (None, 20)            25680       merge_4[0][0]                    
                                                                   merge_18[0][0]                   
                                                                   merge_32[0][0]                   
                                                                   merge_46[0][0]                   
____________________________________________________________________________________________________
shareablelstm_9 (ShareableLSTM)  (None, 20)            25680       merge_5[0][0]                    
                                                                   merge_19[0][0]                   
                                                                   merge_33[0][0]                   
                                                                   merge_47[0][0]                   
____________________________________________________________________________________________________
shareablelstm_11 (ShareableLSTM) (None, 20)            25680       merge_6[0][0]                    
                                                                   merge_20[0][0]                   
                                                                   merge_34[0][0]                   
                                                                   merge_48[0][0]                   
____________________________________________________________________________________________________
shareablelstm_13 (ShareableLSTM) (None, 20)            25680       merge_7[0][0]                    
                                                                   merge_21[0][0]                   
                                                                   merge_35[0][0]                   
                                                                   merge_49[0][0]                   
____________________________________________________________________________________________________
shareablelstm_15 (ShareableLSTM) (None, 20)            25680       merge_8[0][0]                    
                                                                   merge_22[0][0]                   
                                                                   merge_36[0][0]                   
                                                                   merge_50[0][0]                   
____________________________________________________________________________________________________
shareablelstm_17 (ShareableLSTM) (None, 20)            25680       merge_9[0][0]                    
                                                                   merge_23[0][0]                   
                                                                   merge_37[0][0]                   
                                                                   merge_51[0][0]                   
____________________________________________________________________________________________________
shareablelstm_19 (ShareableLSTM) (None, 20)            25680       merge_10[0][0]                   
                                                                   merge_24[0][0]                   
                                                                   merge_38[0][0]                   
                                                                   merge_52[0][0]                   
____________________________________________________________________________________________________
shareablelstm_21 (ShareableLSTM) (None, 20)            25680       merge_11[0][0]                   
                                                                   merge_25[0][0]                   
                                                                   merge_39[0][0]                   
                                                                   merge_53[0][0]                   
____________________________________________________________________________________________________
shareablelstm_23 (ShareableLSTM) (None, 20)            25680       merge_12[0][0]                   
                                                                   merge_26[0][0]                   
                                                                   merge_40[0][0]                   
                                                                   merge_54[0][0]                   
____________________________________________________________________________________________________
shareablelstm_25 (ShareableLSTM) (None, 20)            25680       merge_13[0][0]                   
                                                                   merge_27[0][0]                   
                                                                   merge_41[0][0]                   
                                                                   merge_55[0][0]                   
____________________________________________________________________________________________________
merge_14 (Merge)                 (None, 240)           0           shareablelstm_3[0][0]            
                                                                   shareablelstm_5[0][0]            
                                                                   shareablelstm_7[0][0]            
                                                                   shareablelstm_9[0][0]            
                                                                   shareablelstm_11[0][0]           
                                                                   shareablelstm_13[0][0]           
                                                                   shareablelstm_15[0][0]           
                                                                   shareablelstm_17[0][0]           
                                                                   shareablelstm_19[0][0]           
                                                                   shareablelstm_21[0][0]           
                                                                   shareablelstm_23[0][0]           
                                                                   shareablelstm_25[0][0]           
____________________________________________________________________________________________________
merge_28 (Merge)                 (None, 240)           0           shareablelstm_3[1][0]            
                                                                   shareablelstm_5[1][0]            
                                                                   shareablelstm_7[1][0]            
                                                                   shareablelstm_9[1][0]            
                                                                   shareablelstm_11[1][0]           
                                                                   shareablelstm_13[1][0]           
                                                                   shareablelstm_15[1][0]           
                                                                   shareablelstm_17[1][0]           
                                                                   shareablelstm_19[1][0]           
                                                                   shareablelstm_21[1][0]           
                                                                   shareablelstm_23[1][0]           
                                                                   shareablelstm_25[1][0]           
____________________________________________________________________________________________________
merge_42 (Merge)                 (None, 240)           0           shareablelstm_3[2][0]            
                                                                   shareablelstm_5[2][0]            
                                                                   shareablelstm_7[2][0]            
                                                                   shareablelstm_9[2][0]            
                                                                   shareablelstm_11[2][0]           
                                                                   shareablelstm_13[2][0]           
                                                                   shareablelstm_15[2][0]           
                                                                   shareablelstm_17[2][0]           
                                                                   shareablelstm_19[2][0]           
                                                                   shareablelstm_21[2][0]           
                                                                   shareablelstm_23[2][0]           
                                                                   shareablelstm_25[2][0]           
____________________________________________________________________________________________________
merge_56 (Merge)                 (None, 240)           0           shareablelstm_3[3][0]            
                                                                   shareablelstm_5[3][0]            
                                                                   shareablelstm_7[3][0]            
                                                                   shareablelstm_9[3][0]            
                                                                   shareablelstm_11[3][0]           
                                                                   shareablelstm_13[3][0]           
                                                                   shareablelstm_15[3][0]           
                                                                   shareablelstm_17[3][0]           
                                                                   shareablelstm_19[3][0]           
                                                                   shareablelstm_21[3][0]           
                                                                   shareablelstm_23[3][0]           
                                                                   shareablelstm_25[3][0]           
____________________________________________________________________________________________________
dropout_1 (Dropout)              (None, 240)           0           merge_14[0][0]                   
____________________________________________________________________________________________________
dropout_2 (Dropout)              (None, 240)           0           merge_28[0][0]                   
____________________________________________________________________________________________________
dropout_3 (Dropout)              (None, 240)           0           merge_42[0][0]                   
____________________________________________________________________________________________________
dropout_4 (Dropout)              (None, 240)           0           merge_56[0][0]                   
____________________________________________________________________________________________________
merge_57 (Merge)                 (None, 960)           0           dropout_1[0][0]                  
                                                                   dropout_2[0][0]                  
                                                                   dropout_3[0][0]                  
                                                                   dropout_4[0][0]                  
____________________________________________________________________________________________________
dense_1 (Dense)                  (None, 80)            76880       merge_57[0][0]                   
____________________________________________________________________________________________________
srelu_1 (SReLU)                  (None, 80)            320         dense_1[0][0]                    
____________________________________________________________________________________________________
dropout_5 (Dropout)              (None, 80)            0           srelu_1[0][0]                    
____________________________________________________________________________________________________
dense_2 (Dense)                  (None, 12)            972         dropout_5[0][0]                  
____________________________________________________________________________________________________
target (Activation)              (None, 12)            0           dense_2[0][0]                    
====================================================================================================
Total params: 4,851,880
Trainable params: 4,851,880
Non-trainable params: 0
____________________________________________________________________________________________________
[2018-04-09 08:28] initialize weights
[2018-04-09 08:28] training preparation
[2018-04-09 08:28] train model (ex/conll16st-v35word2vec-zh)
Epoch 1/1000
4032/4096 [============================>.] - ETA: 5s - loss: 1.6075 
- val_loss: 2.0892
- val_all_f1:  0.5770 0.5770 0.5770
- val_exp_f1:  0.4156 0.4156 0.4156
- val_non_f1:  0.6176 0.6176 0.6176

4096/4096 [==============================] - 347s - loss: 1.6046 - val_loss: 2.0892
Epoch 2/1000
4032/4096 [============================>.] - ETA: 5s - loss: 1.3726 
- val_loss: 1.8659
- val_all_f1:  0.5770 0.5770 0.5770
- val_exp_f1:  0.4156 0.4156 0.4156
- val_non_f1:  0.6176 0.6176 0.6176

4096/4096 [==============================] - 346s - loss: 1.3690 - val_loss: 1.8659
Epoch 3/1000
4032/4096 [============================>.] - ETA: 5s - loss: 1.1063 
- val_loss: 1.3289
- val_all_f1:  0.5953 0.5953 0.5953
- val_exp_f1:  0.5065 0.5065 0.5065
- val_non_f1:  0.6176 0.6176 0.6176

4096/4096 [==============================] - 347s - loss: 1.1049 - val_loss: 1.3289
Epoch 4/1000
4032/4096 [============================>.] - ETA: 5s - loss: 0.8904 
- val_loss: 1.2249
- val_all_f1:  0.6084 0.6084 0.6084
- val_exp_f1:  0.5714 0.5714 0.5714
- val_non_f1:  0.6176 0.6176 0.6176

4096/4096 [==============================] - 347s - loss: 0.8861 - val_loss: 1.2249
Epoch 5/1000
4032/4096 [============================>.] - ETA: 5s - loss: 0.8051 
- val_loss: 1.2359
- val_all_f1:  0.5849 0.5849 0.5849
- val_exp_f1:  0.4545 0.4545 0.4545
- val_non_f1:  0.6176 0.6176 0.6176

4096/4096 [==============================] - 345s - loss: 0.8019 - val_loss: 1.2359
Epoch 6/1000
4032/4096 [============================>.] - ETA: 5s - loss: 0.7793 
- val_loss: 1.1634
- val_all_f1:  0.5979 0.5979 0.5979
- val_exp_f1:  0.5195 0.5195 0.5195
- val_non_f1:  0.6217 0.6176 0.6197

4096/4096 [==============================] - 346s - loss: 0.7773 - val_loss: 1.1634
Epoch 7/1000
4032/4096 [============================>.] - ETA: 5s - loss: 0.7465 
- val_loss: 1.1214
- val_all_f1:  0.6084 0.6084 0.6084
- val_exp_f1:  0.5714 0.5714 0.5714
- val_non_f1:  0.6217 0.6176 0.6197

4096/4096 [==============================] - 346s - loss: 0.7432 - val_loss: 1.1214
Epoch 8/1000
4032/4096 [============================>.] - ETA: 5s - loss: 0.7256 
- val_loss: 1.1081
- val_all_f1:  0.6240 0.6240 0.6240
- val_exp_f1:  0.6234 0.6234 0.6234
- val_non_f1:  0.6262 0.6242 0.6252

4096/4096 [==============================] - 346s - loss: 0.7275 - val_loss: 1.1081
Epoch 9/1000
4032/4096 [============================>.] - ETA: 5s - loss: 0.7443 
- val_loss: 1.1075
- val_all_f1:  0.6110 0.6110 0.6110
- val_exp_f1:  0.5714 0.5714 0.5714
- val_non_f1:  0.6250 0.6209 0.6230

4096/4096 [==============================] - 346s - loss: 0.7397 - val_loss: 1.1075
Epoch 10/1000
4032/4096 [============================>.] - ETA: 5s - loss: 0.7130 
- val_loss: 1.1017
- val_all_f1:  0.6084 0.6084 0.6084
- val_exp_f1:  0.5714 0.5714 0.5714
- val_non_f1:  0.6238 0.6176 0.6207

4096/4096 [==============================] - 346s - loss: 0.7093 - val_loss: 1.1017
Epoch 11/1000
4032/4096 [============================>.] - ETA: 5s - loss: 0.6731 
- val_loss: 1.0902
- val_all_f1:  0.6397 0.6397 0.6397
- val_exp_f1:  0.5584 0.5584 0.5584
- val_non_f1:  0.6667 0.6601 0.6634

4096/4096 [==============================] - 346s - loss: 0.6760 - val_loss: 1.0902
Epoch 12/1000
4032/4096 [============================>.] - ETA: 5s - loss: 0.6680 
- val_loss: 1.1020
- val_all_f1:  0.6136 0.6136 0.6136
- val_exp_f1:  0.6104 0.6104 0.6104
- val_non_f1:  0.6205 0.6144 0.6174

4096/4096 [==============================] - 346s - loss: 0.6679 - val_loss: 1.1020
Epoch 13/1000
4032/4096 [============================>.] - ETA: 5s - loss: 0.6990 
- val_loss: 1.0627
- val_all_f1:  0.6240 0.6240 0.6240
- val_exp_f1:  0.6494 0.6494 0.6494
- val_non_f1:  0.6217 0.6176 0.6197

4096/4096 [==============================] - 346s - loss: 0.6978 - val_loss: 1.0627
Epoch 14/1000
4032/4096 [============================>.] - ETA: 5s - loss: 0.6746 
- val_loss: 1.0443
- val_all_f1:  0.6136 0.6136 0.6136
- val_exp_f1:  0.5844 0.5844 0.5844
- val_non_f1:  0.6250 0.6209 0.6230

4096/4096 [==============================] - 346s - loss: 0.6697 - val_loss: 1.0443
Epoch 15/1000
4032/4096 [============================>.] - ETA: 5s - loss: 0.6907 
- val_loss: 1.0170
- val_all_f1:  0.6554 0.6554 0.6554
- val_exp_f1:  0.6623 0.6623 0.6623
- val_non_f1:  0.6579 0.6536 0.6557

4096/4096 [==============================] - 346s - loss: 0.6925 - val_loss: 1.0170
Epoch 16/1000
4032/4096 [============================>.] - ETA: 5s - loss: 0.6573 
- val_loss: 1.0564
- val_all_f1:  0.6397 0.6397 0.6397
- val_exp_f1:  0.6883 0.6883 0.6883
- val_non_f1:  0.6295 0.6275 0.6285

4096/4096 [==============================] - 346s - loss: 0.6520 - val_loss: 1.0564
Epoch 17/1000
4032/4096 [============================>.] - ETA: 5s - loss: 0.6431 
- val_loss: 1.0087
- val_all_f1:  0.6710 0.6710 0.6710
- val_exp_f1:  0.7013 0.7013 0.7013
- val_non_f1:  0.6656 0.6634 0.6645

4096/4096 [==============================] - 346s - loss: 0.6404 - val_loss: 1.0087
Epoch 18/1000
4032/4096 [============================>.] - ETA: 5s - loss: 0.6352 
- val_loss: 0.9894
- val_all_f1:  0.6710 0.6710 0.6710
- val_exp_f1:  0.7273 0.7273 0.7273
- val_non_f1:  0.6590 0.6569 0.6579

4096/4096 [==============================] - 346s - loss: 0.6330 - val_loss: 0.9894
Epoch 19/1000
4032/4096 [============================>.] - ETA: 5s - loss: 0.6480 
- val_loss: 0.9863
- val_all_f1:  0.6762 0.6762 0.6762
- val_exp_f1:  0.7403 0.7403 0.7403
- val_non_f1:  0.6623 0.6601 0.6612

4096/4096 [==============================] - 346s - loss: 0.6460 - val_loss: 0.9863
Epoch 20/1000
4032/4096 [============================>.] - ETA: 5s - loss: 0.5748 
- val_loss: 0.9424
- val_all_f1:  0.6841 0.6841 0.6841
- val_exp_f1:  0.7792 0.7792 0.7792
- val_non_f1:  0.6623 0.6601 0.6612

4096/4096 [==============================] - 346s - loss: 0.5738 - val_loss: 0.9424
Epoch 21/1000
4032/4096 [============================>.] - ETA: 5s - loss: 0.5923 
- val_loss: 0.9407
- val_all_f1:  0.6736 0.6736 0.6736
- val_exp_f1:  0.7403 0.7403 0.7403
- val_non_f1:  0.6590 0.6569 0.6579

4096/4096 [==============================] - 345s - loss: 0.5964 - val_loss: 0.9407
Epoch 22/1000
4032/4096 [============================>.] - ETA: 5s - loss: 0.6346 
- val_loss: 0.9656
- val_all_f1:  0.6789 0.6789 0.6789
- val_exp_f1:  0.7532 0.7532 0.7532
- val_non_f1:  0.6645 0.6601 0.6623

4096/4096 [==============================] - 344s - loss: 0.6358 - val_loss: 0.9656
Epoch 23/1000
4032/4096 [============================>.] - ETA: 5s - loss: 0.6495 
- val_loss: 0.9287
- val_all_f1:  0.6867 0.6867 0.6867
- val_exp_f1:  0.7662 0.7662 0.7662
- val_non_f1:  0.6689 0.6667 0.6678

4096/4096 [==============================] - 345s - loss: 0.6492 - val_loss: 0.9287
Epoch 24/1000
4032/4096 [============================>.] - ETA: 5s - loss: 0.5811 
- val_loss: 0.9272
- val_all_f1:  0.6997 0.6997 0.6997
- val_exp_f1:  0.7922 0.7922 0.7922
- val_non_f1:  0.6787 0.6765 0.6776

4096/4096 [==============================] - 345s - loss: 0.5836 - val_loss: 0.9272
Epoch 25/1000
4032/4096 [============================>.] - ETA: 5s - loss: 0.6078 
- val_loss: 0.9291
- val_all_f1:  0.6789 0.6789 0.6789
- val_exp_f1:  0.7922 0.7922 0.7922
- val_non_f1:  0.6525 0.6503 0.6514

4096/4096 [==============================] - 346s - loss: 0.6066 - val_loss: 0.9291
Epoch 26/1000
4032/4096 [============================>.] - ETA: 5s - loss: 0.5771 
- val_loss: 0.9822
- val_all_f1:  0.6867 0.6867 0.6867
- val_exp_f1:  0.8052 0.8052 0.8052
- val_non_f1:  0.6569 0.6569 0.6569

4096/4096 [==============================] - 345s - loss: 0.5750 - val_loss: 0.9822
Epoch 27/1000
4032/4096 [============================>.] - ETA: 5s - loss: 0.6260 
- val_loss: 0.9408
- val_all_f1:  0.6710 0.6710 0.6710
- val_exp_f1:  0.8312 0.8312 0.8312
- val_non_f1:  0.6307 0.6307 0.6307

4096/4096 [==============================] - 345s - loss: 0.6269 - val_loss: 0.9408
Epoch 28/1000
4032/4096 [============================>.] - ETA: 5s - loss: 0.5852 
- val_loss: 0.9186
- val_all_f1:  0.7154 0.7154 0.7154
- val_exp_f1:  0.8701 0.8701 0.8701
- val_non_f1:  0.6765 0.6765 0.6765

4096/4096 [==============================] - 345s - loss: 0.5865 - val_loss: 0.9186
Epoch 29/1000
4032/4096 [============================>.] - ETA: 5s - loss: 0.6225 
- val_loss: 0.9482
- val_all_f1:  0.6997 0.6997 0.6997
- val_exp_f1:  0.8442 0.8442 0.8442
- val_non_f1:  0.6634 0.6634 0.6634

4096/4096 [==============================] - 345s - loss: 0.6251 - val_loss: 0.9482
Epoch 30/1000
4032/4096 [============================>.] - ETA: 5s - loss: 0.5715 
- val_loss: 0.8862
- val_all_f1:  0.7102 0.7102 0.7102
- val_exp_f1:  0.8571 0.8571 0.8571
- val_non_f1:  0.6732 0.6732 0.6732

4096/4096 [==============================] - 345s - loss: 0.5700 - val_loss: 0.8862
Epoch 31/1000
4032/4096 [============================>.] - ETA: 5s - loss: 0.5862 
- val_loss: 0.8863
- val_all_f1:  0.7180 0.7180 0.7180
- val_exp_f1:  0.8961 0.8961 0.8961
- val_non_f1:  0.6732 0.6732 0.6732

4096/4096 [==============================] - 345s - loss: 0.5937 - val_loss: 0.8863
Epoch 32/1000
4032/4096 [============================>.] - ETA: 5s - loss: 0.5905 
- val_loss: 0.9024
- val_all_f1:  0.6971 0.6971 0.6971
- val_exp_f1:  0.8571 0.8571 0.8571
- val_non_f1:  0.6569 0.6569 0.6569

4096/4096 [==============================] - 346s - loss: 0.5873 - val_loss: 0.9024
Epoch 33/1000
4032/4096 [============================>.] - ETA: 5s - loss: 0.5330 
- val_loss: 0.8778
- val_all_f1:  0.6815 0.6815 0.6815
- val_exp_f1:  0.8571 0.8571 0.8571
- val_non_f1:  0.6373 0.6373 0.6373

4096/4096 [==============================] - 346s - loss: 0.5360 - val_loss: 0.8778
Epoch 34/1000
4032/4096 [============================>.] - ETA: 5s - loss: 0.6029 
- val_loss: 0.9235
- val_all_f1:  0.6893 0.6893 0.6893
- val_exp_f1:  0.8961 0.8961 0.8961
- val_non_f1:  0.6373 0.6373 0.6373

4096/4096 [==============================] - 346s - loss: 0.6044 - val_loss: 0.9235
Epoch 35/1000
4032/4096 [============================>.] - ETA: 5s - loss: 0.5800 
- val_loss: 0.9474
- val_all_f1:  0.6762 0.6762 0.6762
- val_exp_f1:  0.8442 0.8442 0.8442
- val_non_f1:  0.6361 0.6340 0.6350

4096/4096 [==============================] - 346s - loss: 0.5816 - val_loss: 0.9474
Epoch 36/1000
4032/4096 [============================>.] - ETA: 5s - loss: 0.5695 
- val_loss: 0.9291
- val_all_f1:  0.6971 0.6971 0.6971
- val_exp_f1:  0.8831 0.8831 0.8831
- val_non_f1:  0.6525 0.6503 0.6514

4096/4096 [==============================] - 345s - loss: 0.5667 - val_loss: 0.9291
Epoch 37/1000
4032/4096 [============================>.] - ETA: 5s - loss: 0.5467 
- val_loss: 0.8843
- val_all_f1:  0.6789 0.6789 0.6789
- val_exp_f1:  0.8831 0.8831 0.8831
- val_non_f1:  0.6295 0.6275 0.6285

4096/4096 [==============================] - 345s - loss: 0.5442 - val_loss: 0.8843
Epoch 38/1000
4032/4096 [============================>.] - ETA: 5s - loss: 0.5842 
- val_loss: 0.8480
- val_all_f1:  0.7128 0.7128 0.7128
- val_exp_f1:  0.9351 0.9351 0.9351
- val_non_f1:  0.6590 0.6569 0.6579

4096/4096 [==============================] - 346s - loss: 0.5827 - val_loss: 0.8480
Epoch 39/1000
4032/4096 [============================>.] - ETA: 5s - loss: 0.5801 
- val_loss: 0.8941
- val_all_f1:  0.7102 0.7102 0.7102
- val_exp_f1:  0.9481 0.9481 0.9481
- val_non_f1:  0.6525 0.6503 0.6514

4096/4096 [==============================] - 346s - loss: 0.5792 - val_loss: 0.8941
Epoch 40/1000
4032/4096 [============================>.] - ETA: 5s - loss: 0.5658 
- val_loss: 0.8589
- val_all_f1:  0.7258 0.7258 0.7258
- val_exp_f1:  0.9351 0.9351 0.9351
- val_non_f1:  0.6754 0.6732 0.6743

4096/4096 [==============================] - 346s - loss: 0.5659 - val_loss: 0.8589
Epoch 41/1000
4032/4096 [============================>.] - ETA: 5s - loss: 0.5390 
- val_loss: 0.9262
- val_all_f1:  0.7050 0.7050 0.7050
- val_exp_f1:  0.9481 0.9481 0.9481
- val_non_f1:  0.6438 0.6438 0.6438

4096/4096 [==============================] - 345s - loss: 0.5402 - val_loss: 0.9262
Epoch 42/1000
4032/4096 [============================>.] - ETA: 5s - loss: 0.5711 
- val_loss: 0.8455
- val_all_f1:  0.7076 0.7076 0.7076
- val_exp_f1:  0.9481 0.9481 0.9481
- val_non_f1:  0.6471 0.6471 0.6471

4096/4096 [==============================] - 345s - loss: 0.5724 - val_loss: 0.8455
Epoch 43/1000
4032/4096 [============================>.] - ETA: 5s - loss: 0.5405 
- val_loss: 0.8460
- val_all_f1:  0.7050 0.7050 0.7050
- val_exp_f1:  0.9481 0.9481 0.9481
- val_non_f1:  0.6438 0.6438 0.6438

4096/4096 [==============================] - 345s - loss: 0.5416 - val_loss: 0.8460
Epoch 44/1000
4032/4096 [============================>.] - ETA: 5s - loss: 0.5832 
- val_loss: 0.8505
- val_all_f1:  0.7206 0.7206 0.7206
- val_exp_f1:  0.9481 0.9481 0.9481
- val_non_f1:  0.6634 0.6634 0.6634

4096/4096 [==============================] - 346s - loss: 0.5890 - val_loss: 0.8505
Epoch 45/1000
4032/4096 [============================>.] - ETA: 5s - loss: 0.5571 
- val_loss: 0.8833
- val_all_f1:  0.7050 0.7050 0.7050
- val_exp_f1:  0.9481 0.9481 0.9481
- val_non_f1:  0.6438 0.6438 0.6438

4096/4096 [==============================] - 346s - loss: 0.5544 - val_loss: 0.8833
Epoch 46/1000
4032/4096 [============================>.] - ETA: 5s - loss: 0.5351 
- val_loss: 0.7976
- val_all_f1:  0.7285 0.7285 0.7285
- val_exp_f1:  0.9481 0.9481 0.9481
- val_non_f1:  0.6732 0.6732 0.6732

4096/4096 [==============================] - 347s - loss: 0.5336 - val_loss: 0.7976
Epoch 47/1000
4032/4096 [============================>.] - ETA: 5s - loss: 0.5291 
- val_loss: 0.8406
- val_all_f1:  0.7128 0.7128 0.7128
- val_exp_f1:  0.9221 0.9221 0.9221
- val_non_f1:  0.6601 0.6601 0.6601

4096/4096 [==============================] - 346s - loss: 0.5353 - val_loss: 0.8406
Epoch 48/1000
4032/4096 [============================>.] - ETA: 5s - loss: 0.5231 
- val_loss: 0.8141
- val_all_f1:  0.7232 0.7232 0.7232
- val_exp_f1:  0.9481 0.9481 0.9481
- val_non_f1:  0.6689 0.6667 0.6678

4096/4096 [==============================] - 346s - loss: 0.5240 - val_loss: 0.8141
Epoch 49/1000
4032/4096 [============================>.] - ETA: 5s - loss: 0.5356 
- val_loss: 0.8587
- val_all_f1:  0.7154 0.7154 0.7154
- val_exp_f1:  0.9481 0.9481 0.9481
- val_non_f1:  0.6569 0.6569 0.6569

4096/4096 [==============================] - 346s - loss: 0.5415 - val_loss: 0.8587
Epoch 50/1000
4032/4096 [============================>.] - ETA: 5s - loss: 0.5427 
- val_loss: 0.8216
- val_all_f1:  0.7311 0.7311 0.7311
- val_exp_f1:  0.9481 0.9481 0.9481
- val_non_f1:  0.6765 0.6765 0.6765

4096/4096 [==============================] - 346s - loss: 0.5438 - val_loss: 0.8216
Epoch 51/1000
4032/4096 [============================>.] - ETA: 5s - loss: 0.4686 
- val_loss: 0.8214
- val_all_f1:  0.7258 0.7258 0.7258
- val_exp_f1:  0.9091 0.9091 0.9091
- val_non_f1:  0.6797 0.6797 0.6797

4096/4096 [==============================] - 345s - loss: 0.4689 - val_loss: 0.8214
Epoch 52/1000
4032/4096 [============================>.] - ETA: 5s - loss: 0.5492 
- val_loss: 0.8961
- val_all_f1:  0.7285 0.7285 0.7285
- val_exp_f1:  0.9481 0.9481 0.9481
- val_non_f1:  0.6732 0.6732 0.6732

4096/4096 [==============================] - 345s - loss: 0.5510 - val_loss: 0.8961
Epoch 53/1000
4032/4096 [============================>.] - ETA: 5s - loss: 0.5144 
- val_loss: 0.8434
- val_all_f1:  0.7232 0.7232 0.7232
- val_exp_f1:  0.9481 0.9481 0.9481
- val_non_f1:  0.6667 0.6667 0.6667

4096/4096 [==============================] - 344s - loss: 0.5126 - val_loss: 0.8434
Epoch 54/1000
4032/4096 [============================>.] - ETA: 5s - loss: 0.5446 
- val_loss: 0.8485
- val_all_f1:  0.7050 0.7050 0.7050
- val_exp_f1:  0.9481 0.9481 0.9481
- val_non_f1:  0.6459 0.6438 0.6448

4096/4096 [==============================] - 344s - loss: 0.5459 - val_loss: 0.8485
Epoch 55/1000
4032/4096 [============================>.] - ETA: 5s - loss: 0.5367 
- val_loss: 0.8443
- val_all_f1:  0.7285 0.7285 0.7285
- val_exp_f1:  0.9481 0.9481 0.9481
- val_non_f1:  0.6732 0.6732 0.6732

4096/4096 [==============================] - 344s - loss: 0.5366 - val_loss: 0.8443
Epoch 56/1000
4032/4096 [============================>.] - ETA: 5s - loss: 0.4958 
- val_loss: 0.8288
- val_all_f1:  0.7311 0.7311 0.7311
- val_exp_f1:  0.9351 0.9351 0.9351
- val_non_f1:  0.6797 0.6797 0.6797

4096/4096 [==============================] - 344s - loss: 0.4912 - val_loss: 0.8288
Epoch 57/1000
4032/4096 [============================>.] - ETA: 5s - loss: 0.4845 
- val_loss: 0.8344
- val_all_f1:  0.7337 0.7337 0.7337
- val_exp_f1:  0.9351 0.9351 0.9351
- val_non_f1:  0.6830 0.6830 0.6830

4096/4096 [==============================] - 344s - loss: 0.4871 - val_loss: 0.8344
Epoch 58/1000
4032/4096 [============================>.] - ETA: 5s - loss: 0.4945 
- val_loss: 0.8356
- val_all_f1:  0.7337 0.7337 0.7337
- val_exp_f1:  0.9351 0.9351 0.9351
- val_non_f1:  0.6830 0.6830 0.6830

4096/4096 [==============================] - 345s - loss: 0.4965 - val_loss: 0.8356
Epoch 59/1000
4032/4096 [============================>.] - ETA: 5s - loss: 0.5138 
- val_loss: 0.8221
- val_all_f1:  0.7232 0.7232 0.7232
- val_exp_f1:  0.9351 0.9351 0.9351
- val_non_f1:  0.6721 0.6699 0.6710

4096/4096 [==============================] - 345s - loss: 0.5146 - val_loss: 0.8221
Epoch 60/1000
4032/4096 [============================>.] - ETA: 5s - loss: 0.4846 
- val_loss: 0.8391
- val_all_f1:  0.7389 0.7389 0.7389
- val_exp_f1:  0.9481 0.9481 0.9481
- val_non_f1:  0.6885 0.6863 0.6874

4096/4096 [==============================] - 345s - loss: 0.4873 - val_loss: 0.8391
Epoch 61/1000
4032/4096 [============================>.] - ETA: 5s - loss: 0.4553 
- val_loss: 0.8158
- val_all_f1:  0.7467 0.7467 0.7467
- val_exp_f1:  0.9610 0.9610 0.9610
- val_non_f1:  0.6951 0.6928 0.6939

4096/4096 [==============================] - 346s - loss: 0.4576 - val_loss: 0.8158
Epoch 62/1000
4032/4096 [============================>.] - ETA: 5s - loss: 0.5109 
- val_loss: 0.8540
- val_all_f1:  0.7180 0.7180 0.7180
- val_exp_f1:  0.9481 0.9481 0.9481
- val_non_f1:  0.6623 0.6601 0.6612

4096/4096 [==============================] - 345s - loss: 0.5072 - val_loss: 0.8540
Epoch 63/1000
4032/4096 [============================>.] - ETA: 5s - loss: 0.4998 
- val_loss: 0.8685
- val_all_f1:  0.7102 0.7102 0.7102
- val_exp_f1:  0.9481 0.9481 0.9481
- val_non_f1:  0.6503 0.6503 0.6503

4096/4096 [==============================] - 345s - loss: 0.5032 - val_loss: 0.8685
Epoch 64/1000
4032/4096 [============================>.] - ETA: 5s - loss: 0.4999 
- val_loss: 0.8189
- val_all_f1:  0.7206 0.7206 0.7206
- val_exp_f1:  0.9481 0.9481 0.9481
- val_non_f1:  0.6634 0.6634 0.6634

4096/4096 [==============================] - 345s - loss: 0.5035 - val_loss: 0.8189
Epoch 65/1000
4032/4096 [============================>.] - ETA: 5s - loss: 0.4549 
- val_loss: 0.8540
- val_all_f1:  0.6945 0.6945 0.6945
- val_exp_f1:  0.9481 0.9481 0.9481
- val_non_f1:  0.6328 0.6307 0.6318

4096/4096 [==============================] - 345s - loss: 0.4556 - val_loss: 0.8540
Epoch 66/1000
4032/4096 [============================>.] - ETA: 5s - loss: 0.4972 
- val_loss: 0.8169
- val_all_f1:  0.7154 0.7154 0.7154
- val_exp_f1:  0.9481 0.9481 0.9481
- val_non_f1:  0.6569 0.6569 0.6569

4096/4096 [==============================] - 345s - loss: 0.4978 - val_loss: 0.8169
Epoch 67/1000
4032/4096 [============================>.] - ETA: 5s - loss: 0.4731 
- val_loss: 0.8135
- val_all_f1:  0.7180 0.7180 0.7180
- val_exp_f1:  0.9221 0.9221 0.9221
- val_non_f1:  0.6667 0.6667 0.6667

4096/4096 [==============================] - 345s - loss: 0.4724 - val_loss: 0.8135
Epoch 68/1000
4032/4096 [============================>.] - ETA: 5s - loss: 0.5142 
- val_loss: 0.8625
- val_all_f1:  0.7206 0.7206 0.7206
- val_exp_f1:  0.9351 0.9351 0.9351
- val_non_f1:  0.6689 0.6667 0.6678

4096/4096 [==============================] - 345s - loss: 0.5158 - val_loss: 0.8625
Epoch 69/1000
4032/4096 [============================>.] - ETA: 5s - loss: 0.4624 
- val_loss: 0.8437
- val_all_f1:  0.7050 0.7050 0.7050
- val_exp_f1:  0.9481 0.9481 0.9481
- val_non_f1:  0.6438 0.6438 0.6438

4096/4096 [==============================] - 345s - loss: 0.4621 - val_loss: 0.8437
Epoch 70/1000
4032/4096 [============================>.] - ETA: 5s - loss: 0.4548 
- val_loss: 0.7891
- val_all_f1:  0.7337 0.7337 0.7337
- val_exp_f1:  0.9481 0.9481 0.9481
- val_non_f1:  0.6820 0.6797 0.6809

4096/4096 [==============================] - 345s - loss: 0.4562 - val_loss: 0.7891
Epoch 71/1000
4032/4096 [============================>.] - ETA: 5s - loss: 0.4914 
- val_loss: 0.8392
- val_all_f1:  0.6867 0.6867 0.6867
- val_exp_f1:  0.9481 0.9481 0.9481
- val_non_f1:  0.6230 0.6209 0.6219

4096/4096 [==============================] - 345s - loss: 0.4876 - val_loss: 0.8392
Epoch 72/1000
4032/4096 [============================>.] - ETA: 5s - loss: 0.4976 
- val_loss: 0.8236
- val_all_f1:  0.7180 0.7180 0.7180
- val_exp_f1:  0.9351 0.9351 0.9351
- val_non_f1:  0.6634 0.6634 0.6634

4096/4096 [==============================] - 346s - loss: 0.5042 - val_loss: 0.8236
Epoch 73/1000
4032/4096 [============================>.] - ETA: 5s - loss: 0.4486 
- val_loss: 0.8476
- val_all_f1:  0.7076 0.7076 0.7076
- val_exp_f1:  0.8961 0.8961 0.8961
- val_non_f1:  0.6601 0.6601 0.6601

4096/4096 [==============================] - 346s - loss: 0.4465 - val_loss: 0.8476
Epoch 74/1000
4032/4096 [============================>.] - ETA: 5s - loss: 0.4886 
- val_loss: 0.8406
- val_all_f1:  0.7128 0.7128 0.7128
- val_exp_f1:  0.9351 0.9351 0.9351
- val_non_f1:  0.6612 0.6569 0.6590

4096/4096 [==============================] - 346s - loss: 0.4877 - val_loss: 0.8406
Epoch 75/1000
4032/4096 [============================>.] - ETA: 5s - loss: 0.4755 
- val_loss: 0.8415
- val_all_f1:  0.7154 0.7154 0.7154
- val_exp_f1:  0.9351 0.9351 0.9351
- val_non_f1:  0.6645 0.6601 0.6623

4096/4096 [==============================] - 346s - loss: 0.4768 - val_loss: 0.8415
Epoch 76/1000
4032/4096 [============================>.] - ETA: 5s - loss: 0.4724 
- val_loss: 0.8446
- val_all_f1:  0.7102 0.7102 0.7102
- val_exp_f1:  0.9481 0.9481 0.9481
- val_non_f1:  0.6503 0.6503 0.6503

4096/4096 [==============================] - 345s - loss: 0.4745 - val_loss: 0.8446
Epoch 77/1000
4032/4096 [============================>.] - ETA: 5s - loss: 0.4874 
- val_loss: 0.8312
- val_all_f1:  0.7076 0.7076 0.7076
- val_exp_f1:  0.9091 0.9091 0.9091
- val_non_f1:  0.6569 0.6569 0.6569

4096/4096 [==============================] - 345s - loss: 0.4912 - val_loss: 0.8312
Epoch 78/1000
4032/4096 [============================>.] - ETA: 5s - loss: 0.4518 
- val_loss: 0.8524
- val_all_f1:  0.7206 0.7206 0.7206
- val_exp_f1:  0.9091 0.9091 0.9091
- val_non_f1:  0.6754 0.6732 0.6743

4096/4096 [==============================] - 345s - loss: 0.4548 - val_loss: 0.8524
Epoch 79/1000
4032/4096 [============================>.] - ETA: 5s - loss: 0.4629 
- val_loss: 0.8060
- val_all_f1:  0.7285 0.7285 0.7285
- val_exp_f1:  0.9351 0.9351 0.9351
- val_non_f1:  0.6765 0.6765 0.6765

4096/4096 [==============================] - 345s - loss: 0.4626 - val_loss: 0.8060
Epoch 80/1000
4032/4096 [============================>.] - ETA: 5s - loss: 0.4929 
- val_loss: 0.8217
- val_all_f1:  0.7337 0.7337 0.7337
- val_exp_f1:  0.9481 0.9481 0.9481
- val_non_f1:  0.6797 0.6797 0.6797

4096/4096 [==============================] - 345s - loss: 0.4913 - val_loss: 0.8217
Epoch 81/1000
4032/4096 [============================>.] - ETA: 5s - loss: 0.4028 
- val_loss: 0.8351
- val_all_f1:  0.7311 0.7311 0.7311
- val_exp_f1:  0.9091 0.9091 0.9091
- val_non_f1:  0.6885 0.6863 0.6874

4096/4096 [==============================] - 345s - loss: 0.4017 - val_loss: 0.8351
Epoch 82/1000
4032/4096 [============================>.] - ETA: 5s - loss: 0.4449 
- val_loss: 0.8308
- val_all_f1:  0.7285 0.7285 0.7285
- val_exp_f1:  0.9351 0.9351 0.9351
- val_non_f1:  0.6765 0.6765 0.6765

4096/4096 [==============================] - 345s - loss: 0.4467 - val_loss: 0.8308
Epoch 83/1000
4032/4096 [============================>.] - ETA: 5s - loss: 0.4528 
- val_loss: 0.8580
- val_all_f1:  0.7206 0.7206 0.7206
- val_exp_f1:  0.9481 0.9481 0.9481
- val_non_f1:  0.6634 0.6634 0.6634

4096/4096 [==============================] - 345s - loss: 0.4508 - val_loss: 0.8580
Epoch 84/1000
4032/4096 [============================>.] - ETA: 5s - loss: 0.4370 
- val_loss: 0.8414
- val_all_f1:  0.7389 0.7389 0.7389
- val_exp_f1:  0.9481 0.9481 0.9481
- val_non_f1:  0.6863 0.6863 0.6863

4096/4096 [==============================] - 345s - loss: 0.4366 - val_loss: 0.8414
Epoch 85/1000
4032/4096 [============================>.] - ETA: 5s - loss: 0.4785 
- val_loss: 0.8178
- val_all_f1:  0.7311 0.7311 0.7311
- val_exp_f1:  0.9351 0.9351 0.9351
- val_non_f1:  0.6797 0.6797 0.6797

4096/4096 [==============================] - 346s - loss: 0.4740 - val_loss: 0.8178
Epoch 86/1000
4032/4096 [============================>.] - ETA: 5s - loss: 0.4427 
- val_loss: 0.8497
- val_all_f1:  0.7337 0.7337 0.7337
- val_exp_f1:  0.9351 0.9351 0.9351
- val_non_f1:  0.6830 0.6830 0.6830

4096/4096 [==============================] - 345s - loss: 0.4437 - val_loss: 0.8497
Epoch 87/1000
4032/4096 [============================>.] - ETA: 5s - loss: 0.4277 
- val_loss: 0.8487
- val_all_f1:  0.7180 0.7180 0.7180
- val_exp_f1:  0.8961 0.8961 0.8961
- val_non_f1:  0.6732 0.6732 0.6732

4096/4096 [==============================] - 345s - loss: 0.4265 - val_loss: 0.8487
Epoch 88/1000
4032/4096 [============================>.] - ETA: 5s - loss: 0.4558 
- val_loss: 0.8628
- val_all_f1:  0.7180 0.7180 0.7180
- val_exp_f1:  0.9610 0.9610 0.9610
- val_non_f1:  0.6569 0.6569 0.6569

4096/4096 [==============================] - 346s - loss: 0.4552 - val_loss: 0.8628
Epoch 89/1000
4032/4096 [============================>.] - ETA: 5s - loss: 0.4336 
- val_loss: 0.8404
- val_all_f1:  0.7206 0.7206 0.7206
- val_exp_f1:  0.9351 0.9351 0.9351
- val_non_f1:  0.6667 0.6667 0.6667

4096/4096 [==============================] - 346s - loss: 0.4367 - val_loss: 0.8404
Epoch 90/1000
4032/4096 [============================>.] - ETA: 5s - loss: 0.4467 
- val_loss: 0.8031
- val_all_f1:  0.7232 0.7232 0.7232
- val_exp_f1:  0.9351 0.9351 0.9351
- val_non_f1:  0.6699 0.6699 0.6699

4096/4096 [==============================] - 346s - loss: 0.4519 - val_loss: 0.8031
Epoch 91/1000
4032/4096 [============================>.] - ETA: 5s - loss: 0.4219 
- val_loss: 0.8880
- val_all_f1:  0.7232 0.7232 0.7232
- val_exp_f1:  0.9351 0.9351 0.9351
- val_non_f1:  0.6699 0.6699 0.6699

4096/4096 [==============================] - 345s - loss: 0.4203 - val_loss: 0.8880
Epoch 92/1000
4032/4096 [============================>.] - ETA: 5s - loss: 0.4001 
- val_loss: 0.8924
- val_all_f1:  0.7415 0.7415 0.7415
- val_exp_f1:  0.9481 0.9481 0.9481
- val_non_f1:  0.6895 0.6895 0.6895

4096/4096 [==============================] - 345s - loss: 0.3998 - val_loss: 0.8924
Epoch 93/1000
4032/4096 [============================>.] - ETA: 5s - loss: 0.4066 
- val_loss: 0.9113
- val_all_f1:  0.7363 0.7363 0.7363
- val_exp_f1:  0.9481 0.9481 0.9481
- val_non_f1:  0.6830 0.6830 0.6830

4096/4096 [==============================] - 345s - loss: 0.4098 - val_loss: 0.9113
Epoch 94/1000
4032/4096 [============================>.] - ETA: 5s - loss: 0.4181 
- val_loss: 0.9061
- val_all_f1:  0.7493 0.7493 0.7493
- val_exp_f1:  0.9481 0.9481 0.9481
- val_non_f1:  0.6993 0.6993 0.6993

4096/4096 [==============================] - 345s - loss: 0.4168 - val_loss: 0.9061
Epoch 95/1000
4032/4096 [============================>.] - ETA: 5s - loss: 0.4550 
- val_loss: 0.8230
- val_all_f1:  0.7389 0.7389 0.7389
- val_exp_f1:  0.9351 0.9351 0.9351
- val_non_f1:  0.6895 0.6895 0.6895

4096/4096 [==============================] - 345s - loss: 0.4537 - val_loss: 0.8230
Epoch 96/1000
4032/4096 [============================>.] - ETA: 5s - loss: 0.3920 
- val_loss: 0.8646
- val_all_f1:  0.7285 0.7285 0.7285
- val_exp_f1:  0.9351 0.9351 0.9351
- val_non_f1:  0.6787 0.6765 0.6776

4096/4096 [==============================] - 345s - loss: 0.3966 - val_loss: 0.8646
Epoch 97/1000
4032/4096 [============================>.] - ETA: 5s - loss: 0.4311 
- val_loss: 0.8361
- val_all_f1:  0.7363 0.7363 0.7363
- val_exp_f1:  0.9610 0.9610 0.9610
- val_non_f1:  0.6797 0.6797 0.6797

4096/4096 [==============================] - 345s - loss: 0.4285 - val_loss: 0.8361
Epoch 98/1000
4032/4096 [============================>.] - ETA: 5s - loss: 0.3985 
- val_loss: 0.8485
- val_all_f1:  0.7311 0.7311 0.7311
- val_exp_f1:  0.9351 0.9351 0.9351
- val_non_f1:  0.6797 0.6797 0.6797

4096/4096 [==============================] - 345s - loss: 0.4077 - val_loss: 0.8485
Epoch 99/1000
4032/4096 [============================>.] - ETA: 5s - loss: 0.3909 
- val_loss: 0.8224
- val_all_f1:  0.7258 0.7258 0.7258
- val_exp_f1:  0.9610 0.9610 0.9610
- val_non_f1:  0.6667 0.6667 0.6667

4096/4096 [==============================] - 345s - loss: 0.3900 - val_loss: 0.8224
Epoch 100/1000
4032/4096 [============================>.] - ETA: 5s - loss: 0.4559 
- val_loss: 0.8298
- val_all_f1:  0.7258 0.7258 0.7258
- val_exp_f1:  0.9481 0.9481 0.9481
- val_non_f1:  0.6699 0.6699 0.6699

4096/4096 [==============================] - 344s - loss: 0.4576 - val_loss: 0.8298
Epoch 101/1000
4032/4096 [============================>.] - ETA: 5s - loss: 0.3982 
- val_loss: 0.8475
- val_all_f1:  0.7389 0.7389 0.7389
- val_exp_f1:  0.9610 0.9610 0.9610
- val_non_f1:  0.6830 0.6830 0.6830

4096/4096 [==============================] - 344s - loss: 0.3989 - val_loss: 0.8475
Epoch 102/1000
4032/4096 [============================>.] - ETA: 5s - loss: 0.4029 
- val_loss: 0.8596
- val_all_f1:  0.7415 0.7415 0.7415
- val_exp_f1:  0.9221 0.9221 0.9221
- val_non_f1:  0.6984 0.6961 0.6972

4096/4096 [==============================] - 345s - loss: 0.4047 - val_loss: 0.8596
Epoch 103/1000
4032/4096 [============================>.] - ETA: 5s - loss: 0.3767 
- val_loss: 0.8717
- val_all_f1:  0.7311 0.7311 0.7311
- val_exp_f1:  0.9351 0.9351 0.9351
- val_non_f1:  0.6797 0.6797 0.6797

4096/4096 [==============================] - 345s - loss: 0.3751 - val_loss: 0.8717
Epoch 104/1000
4032/4096 [============================>.] - ETA: 5s - loss: 0.3760 
- val_loss: 0.8218
- val_all_f1:  0.7363 0.7363 0.7363
- val_exp_f1:  0.9351 0.9351 0.9351
- val_non_f1:  0.6863 0.6863 0.6863

4096/4096 [==============================] - 345s - loss: 0.3752 - val_loss: 0.8218
Epoch 105/1000
4032/4096 [============================>.] - ETA: 5s - loss: 0.4011 
- val_loss: 0.7972
- val_all_f1:  0.7363 0.7363 0.7363
- val_exp_f1:  0.9351 0.9351 0.9351
- val_non_f1:  0.6908 0.6863 0.6885

4096/4096 [==============================] - 345s - loss: 0.4032 - val_loss: 0.7972
Epoch 106/1000
4032/4096 [============================>.] - ETA: 5s - loss: 0.4178 
- val_loss: 0.8447
- val_all_f1:  0.7363 0.7363 0.7363
- val_exp_f1:  0.9221 0.9221 0.9221
- val_non_f1:  0.6941 0.6895 0.6918

4096/4096 [==============================] - 345s - loss: 0.4154 - val_loss: 0.8447
Epoch 107/1000
4032/4096 [============================>.] - ETA: 5s - loss: 0.4057 
- val_loss: 0.8739
- val_all_f1:  0.7285 0.7285 0.7285
- val_exp_f1:  0.9481 0.9481 0.9481
- val_non_f1:  0.6776 0.6732 0.6754

4096/4096 [==============================] - 345s - loss: 0.4098 - val_loss: 0.8739
Epoch 108/1000
4032/4096 [============================>.] - ETA: 5s - loss: 0.4010 
- val_loss: 0.8721
- val_all_f1:  0.7285 0.7285 0.7285
- val_exp_f1:  0.9481 0.9481 0.9481
- val_non_f1:  0.6776 0.6732 0.6754

4096/4096 [==============================] - 345s - loss: 0.3984 - val_loss: 0.8721
Epoch 109/1000
4032/4096 [============================>.] - ETA: 5s - loss: 0.4273 
- val_loss: 0.8450
- val_all_f1:  0.7337 0.7337 0.7337
- val_exp_f1:  0.9351 0.9351 0.9351
- val_non_f1:  0.6830 0.6830 0.6830

4096/4096 [==============================] - 345s - loss: 0.4252 - val_loss: 0.8450
Epoch 110/1000
4032/4096 [============================>.] - ETA: 5s - loss: 0.3962 
- val_loss: 0.8000
- val_all_f1:  0.7363 0.7363 0.7363
- val_exp_f1:  0.9481 0.9481 0.9481
- val_non_f1:  0.6875 0.6830 0.6852

4096/4096 [==============================] - 346s - loss: 0.3996 - val_loss: 0.8000
Epoch 111/1000
4032/4096 [============================>.] - ETA: 5s - loss: 0.4191 
- val_loss: 0.7733
- val_all_f1:  0.7441 0.7441 0.7441
- val_exp_f1:  0.9351 0.9351 0.9351
- val_non_f1:  0.6961 0.6961 0.6961

4096/4096 [==============================] - 345s - loss: 0.4181 - val_loss: 0.7733
Epoch 112/1000
4032/4096 [============================>.] - ETA: 5s - loss: 0.3991 
- val_loss: 0.8625
- val_all_f1:  0.7337 0.7337 0.7337
- val_exp_f1:  0.9481 0.9481 0.9481
- val_non_f1:  0.6797 0.6797 0.6797

4096/4096 [==============================] - 345s - loss: 0.4000 - val_loss: 0.8625
Epoch 113/1000
4032/4096 [============================>.] - ETA: 5s - loss: 0.3770 
- val_loss: 0.8173
- val_all_f1:  0.7441 0.7441 0.7441
- val_exp_f1:  0.9351 0.9351 0.9351
- val_non_f1:  0.7007 0.6961 0.6984

4096/4096 [==============================] - 346s - loss: 0.3829 - val_loss: 0.8173
Epoch 114/1000
4032/4096 [============================>.] - ETA: 5s - loss: 0.4358 
- val_loss: 0.8279
- val_all_f1:  0.7363 0.7363 0.7363
- val_exp_f1:  0.9481 0.9481 0.9481
- val_non_f1:  0.6875 0.6830 0.6852

4096/4096 [==============================] - 345s - loss: 0.4367 - val_loss: 0.8279
Epoch 115/1000
4032/4096 [============================>.] - ETA: 5s - loss: 0.3576 
- val_loss: 0.8699
- val_all_f1:  0.7232 0.7232 0.7232
- val_exp_f1:  0.9351 0.9351 0.9351
- val_non_f1:  0.6766 0.6699 0.6732

4096/4096 [==============================] - 345s - loss: 0.3588 - val_loss: 0.8699
Epoch 116/1000
4032/4096 [============================>.] - ETA: 5s - loss: 0.4152 
- val_loss: 0.8766
- val_all_f1:  0.7285 0.7285 0.7285
- val_exp_f1:  0.9351 0.9351 0.9351
- val_non_f1:  0.6765 0.6765 0.6765

4096/4096 [==============================] - 345s - loss: 0.4146 - val_loss: 0.8766
Epoch 117/1000
4032/4096 [============================>.] - ETA: 5s - loss: 0.3751 
- val_loss: 0.8344
- val_all_f1:  0.7232 0.7232 0.7232
- val_exp_f1:  0.9351 0.9351 0.9351
- val_non_f1:  0.6699 0.6699 0.6699

4096/4096 [==============================] - 345s - loss: 0.3754 - val_loss: 0.8344
Epoch 118/1000
4032/4096 [============================>.] - ETA: 5s - loss: 0.3952 
- val_loss: 0.9264
- val_all_f1:  0.7258 0.7258 0.7258
- val_exp_f1:  0.9351 0.9351 0.9351
- val_non_f1:  0.6732 0.6732 0.6732

4096/4096 [==============================] - 345s - loss: 0.3940 - val_loss: 0.9264
Epoch 119/1000
4032/4096 [============================>.] - ETA: 5s - loss: 0.3949 
- val_loss: 0.8713
- val_all_f1:  0.7389 0.7389 0.7389
- val_exp_f1:  0.9481 0.9481 0.9481
- val_non_f1:  0.6863 0.6863 0.6863

4096/4096 [==============================] - 344s - loss: 0.3992 - val_loss: 0.8713
Epoch 120/1000
4032/4096 [============================>.] - ETA: 5s - loss: 0.4097 
- val_loss: 0.8292
- val_all_f1:  0.7389 0.7389 0.7389
- val_exp_f1:  0.9610 0.9610 0.9610
- val_non_f1:  0.6830 0.6830 0.6830

4096/4096 [==============================] - 344s - loss: 0.4112 - val_loss: 0.8292
Epoch 121/1000
4032/4096 [============================>.] - ETA: 5s - loss: 0.4432 
- val_loss: 0.8761
- val_all_f1:  0.7206 0.7206 0.7206
- val_exp_f1:  0.9351 0.9351 0.9351
- val_non_f1:  0.6667 0.6667 0.6667

4096/4096 [==============================] - 345s - loss: 0.4415 - val_loss: 0.8761
Epoch 122/1000
4032/4096 [============================>.] - ETA: 5s - loss: 0.3946 
- val_loss: 0.8843
- val_all_f1:  0.7102 0.7102 0.7102
- val_exp_f1:  0.9221 0.9221 0.9221
- val_non_f1:  0.6590 0.6569 0.6579

4096/4096 [==============================] - 344s - loss: 0.3921 - val_loss: 0.8843
Epoch 123/1000
4032/4096 [============================>.] - ETA: 5s - loss: 0.4074 
- val_loss: 0.8670
- val_all_f1:  0.7285 0.7285 0.7285
- val_exp_f1:  0.9481 0.9481 0.9481
- val_non_f1:  0.6732 0.6732 0.6732

4096/4096 [==============================] - 344s - loss: 0.4105 - val_loss: 0.8670
Epoch 124/1000
4032/4096 [============================>.] - ETA: 5s - loss: 0.4107 
- val_loss: 0.8659
- val_all_f1:  0.7232 0.7232 0.7232
- val_exp_f1:  0.9481 0.9481 0.9481
- val_non_f1:  0.6667 0.6667 0.6667

4096/4096 [==============================] - 344s - loss: 0.4118 - val_loss: 0.8659
Epoch 125/1000
4032/4096 [============================>.] - ETA: 5s - loss: 0.4144 
- val_loss: 0.9386
- val_all_f1:  0.6945 0.6945 0.6945
- val_exp_f1:  0.9481 0.9481 0.9481
- val_non_f1:  0.6328 0.6307 0.6318

4096/4096 [==============================] - 344s - loss: 0.4110 - val_loss: 0.9386
Epoch 126/1000
4032/4096 [============================>.] - ETA: 5s - loss: 0.4087 
- val_loss: 0.8621
- val_all_f1:  0.7154 0.7154 0.7154
- val_exp_f1:  0.9481 0.9481 0.9481
- val_non_f1:  0.6569 0.6569 0.6569

4096/4096 [==============================] - 344s - loss: 0.4116 - val_loss: 0.8621
Epoch 127/1000
4032/4096 [============================>.] - ETA: 5s - loss: 0.3691 
- val_loss: 0.8606
- val_all_f1:  0.7232 0.7232 0.7232
- val_exp_f1:  0.9351 0.9351 0.9351
- val_non_f1:  0.6721 0.6699 0.6710

4096/4096 [==============================] - 345s - loss: 0.3674 - val_loss: 0.8606
Epoch 128/1000
4032/4096 [============================>.] - ETA: 5s - loss: 0.3951 
- val_loss: 0.8554
- val_all_f1:  0.7206 0.7206 0.7206
- val_exp_f1:  0.9221 0.9221 0.9221
- val_non_f1:  0.6699 0.6699 0.6699

4096/4096 [==============================] - 344s - loss: 0.3961 - val_loss: 0.8554
Epoch 129/1000
4032/4096 [============================>.] - ETA: 5s - loss: 0.3800 
- val_loss: 0.8958
- val_all_f1:  0.7258 0.7258 0.7258
- val_exp_f1:  0.9481 0.9481 0.9481
- val_non_f1:  0.6721 0.6699 0.6710

4096/4096 [==============================] - 344s - loss: 0.3827 - val_loss: 0.8958
Epoch 130/1000
4032/4096 [============================>.] - ETA: 5s - loss: 0.4117 
- val_loss: 0.8683
- val_all_f1:  0.7180 0.7180 0.7180
- val_exp_f1:  0.9221 0.9221 0.9221
- val_non_f1:  0.6689 0.6667 0.6678

4096/4096 [==============================] - 344s - loss: 0.4129 - val_loss: 0.8683
Epoch 131/1000
4032/4096 [============================>.] - ETA: 5s - loss: 0.3339 
- val_loss: 0.9124
- val_all_f1:  0.7337 0.7337 0.7337
- val_exp_f1:  0.9351 0.9351 0.9351
- val_non_f1:  0.6830 0.6830 0.6830

4096/4096 [==============================] - 344s - loss: 0.3309 - val_loss: 0.9124
Epoch 132/1000
4032/4096 [============================>.] - ETA: 5s - loss: 0.3687 
- val_loss: 0.8892
- val_all_f1:  0.7128 0.7128 0.7128
- val_exp_f1:  0.8961 0.8961 0.8961
- val_non_f1:  0.6711 0.6667 0.6689

4096/4096 [==============================] - 345s - loss: 0.3691 - val_loss: 0.8892
Epoch 133/1000
4032/4096 [============================>.] - ETA: 5s - loss: 0.3526 
- val_loss: 0.8701
- val_all_f1:  0.7206 0.7206 0.7206
- val_exp_f1:  0.9481 0.9481 0.9481
- val_non_f1:  0.6634 0.6634 0.6634

4096/4096 [==============================] - 345s - loss: 0.3527 - val_loss: 0.8701
Epoch 134/1000
4032/4096 [============================>.] - ETA: 5s - loss: 0.3757 
- val_loss: 0.8900
- val_all_f1:  0.7258 0.7258 0.7258
- val_exp_f1:  0.9481 0.9481 0.9481
- val_non_f1:  0.6721 0.6699 0.6710

4096/4096 [==============================] - 344s - loss: 0.3755 - val_loss: 0.8900
Epoch 135/1000
4032/4096 [============================>.] - ETA: 5s - loss: 0.3726 
- val_loss: 0.8262
- val_all_f1:  0.7206 0.7206 0.7206
- val_exp_f1:  0.9221 0.9221 0.9221
- val_non_f1:  0.6699 0.6699 0.6699

4096/4096 [==============================] - 345s - loss: 0.3705 - val_loss: 0.8262
Epoch 136/1000
4032/4096 [============================>.] - ETA: 5s - loss: 0.3777 
- val_loss: 0.8579
- val_all_f1:  0.7285 0.7285 0.7285
- val_exp_f1:  0.9351 0.9351 0.9351
- val_non_f1:  0.6765 0.6765 0.6765

4096/4096 [==============================] - 344s - loss: 0.3775 - val_loss: 0.8579
Epoch 137/1000
4032/4096 [============================>.] - ETA: 5s - loss: 0.3736 
- val_loss: 0.7987
- val_all_f1:  0.7363 0.7363 0.7363
- val_exp_f1:  0.9610 0.9610 0.9610
- val_non_f1:  0.6797 0.6797 0.6797

4096/4096 [==============================] - 344s - loss: 0.3747 - val_loss: 0.7987
Epoch 138/1000
4032/4096 [============================>.] - ETA: 5s - loss: 0.3863 
- val_loss: 0.8016
- val_all_f1:  0.7285 0.7285 0.7285
- val_exp_f1:  0.9481 0.9481 0.9481
- val_non_f1:  0.6732 0.6732 0.6732

4096/4096 [==============================] - 344s - loss: 0.3851 - val_loss: 0.8016
Epoch 139/1000
4032/4096 [============================>.] - ETA: 5s - loss: 0.3358 
- val_loss: 0.8311
- val_all_f1:  0.7337 0.7337 0.7337
- val_exp_f1:  0.9610 0.9610 0.9610
- val_non_f1:  0.6765 0.6765 0.6765

4096/4096 [==============================] - 344s - loss: 0.3366 - val_loss: 0.8311
Epoch 140/1000
4032/4096 [============================>.] - ETA: 5s - loss: 0.3706 
- val_loss: 0.8864
- val_all_f1:  0.7415 0.7415 0.7415
- val_exp_f1:  0.9610 0.9610 0.9610
- val_non_f1:  0.6863 0.6863 0.6863

4096/4096 [==============================] - 344s - loss: 0.3680 - val_loss: 0.8864
Epoch 141/1000
4032/4096 [============================>.] - ETA: 5s - loss: 0.3827 
- val_loss: 0.8661
- val_all_f1:  0.7232 0.7232 0.7232
- val_exp_f1:  0.9610 0.9610 0.9610
- val_non_f1:  0.6656 0.6634 0.6645

4096/4096 [==============================] - 344s - loss: 0.3821 - val_loss: 0.8661
Epoch 142/1000
4032/4096 [============================>.] - ETA: 5s - loss: 0.3469 
- val_loss: 0.8458
- val_all_f1:  0.7311 0.7311 0.7311
- val_exp_f1:  0.9221 0.9221 0.9221
- val_non_f1:  0.6852 0.6830 0.6841

4096/4096 [==============================] - 345s - loss: 0.3483 - val_loss: 0.8458
Epoch 143/1000
4032/4096 [============================>.] - ETA: 5s - loss: 0.3355 
- val_loss: 0.9158
- val_all_f1:  0.7337 0.7337 0.7337
- val_exp_f1:  0.9610 0.9610 0.9610
- val_non_f1:  0.6765 0.6765 0.6765

4096/4096 [==============================] - 349s - loss: 0.3372 - val_loss: 0.9158
Epoch 144/1000
4032/4096 [============================>.] - ETA: 5s - loss: 0.3149 
- val_loss: 0.8349
- val_all_f1:  0.7258 0.7258 0.7258
- val_exp_f1:  0.9351 0.9351 0.9351
- val_non_f1:  0.6732 0.6732 0.6732

4096/4096 [==============================] - 345s - loss: 0.3145 - val_loss: 0.8349
Epoch 145/1000
4032/4096 [============================>.] - ETA: 5s - loss: 0.3349 
- val_loss: 0.8800
- val_all_f1:  0.7337 0.7337 0.7337
- val_exp_f1:  0.9351 0.9351 0.9351
- val_non_f1:  0.6830 0.6830 0.6830

4096/4096 [==============================] - 345s - loss: 0.3382 - val_loss: 0.8800
Epoch 146/1000
4032/4096 [============================>.] - ETA: 5s - loss: 0.3801 
- val_loss: 0.8373
- val_all_f1:  0.7337 0.7337 0.7337
- val_exp_f1:  0.9481 0.9481 0.9481
- val_non_f1:  0.6797 0.6797 0.6797

4096/4096 [==============================] - 345s - loss: 0.3805 - val_loss: 0.8373
Epoch 147/1000
4032/4096 [============================>.] - ETA: 5s - loss: 0.3924 
- val_loss: 0.9291
- val_all_f1:  0.7206 0.7206 0.7206
- val_exp_f1:  0.9610 0.9610 0.9610
- val_non_f1:  0.6601 0.6601 0.6601

4096/4096 [==============================] - 345s - loss: 0.3947 - val_loss: 0.9291
Epoch 148/1000
4032/4096 [============================>.] - ETA: 5s - loss: 0.3419 
- val_loss: 0.8915
- val_all_f1:  0.7363 0.7363 0.7363
- val_exp_f1:  0.9481 0.9481 0.9481
- val_non_f1:  0.6830 0.6830 0.6830

4096/4096 [==============================] - 344s - loss: 0.3478 - val_loss: 0.8915
Epoch 149/1000
4032/4096 [============================>.] - ETA: 5s - loss: 0.3664 
- val_loss: 0.8725
- val_all_f1:  0.7258 0.7258 0.7258
- val_exp_f1:  0.9481 0.9481 0.9481
- val_non_f1:  0.6699 0.6699 0.6699

4096/4096 [==============================] - 345s - loss: 0.3697 - val_loss: 0.8725
Epoch 150/1000
4032/4096 [============================>.] - ETA: 5s - loss: 0.3635 
- val_loss: 0.8422
- val_all_f1:  0.7285 0.7285 0.7285
- val_exp_f1:  0.9481 0.9481 0.9481
- val_non_f1:  0.6732 0.6732 0.6732

4096/4096 [==============================] - 345s - loss: 0.3675 - val_loss: 0.8422
Epoch 151/1000
4032/4096 [============================>.] - ETA: 5s - loss: 0.3220 
- val_loss: 0.8989
- val_all_f1:  0.7337 0.7337 0.7337
- val_exp_f1:  0.9481 0.9481 0.9481
- val_non_f1:  0.6797 0.6797 0.6797

4096/4096 [==============================] - 345s - loss: 0.3246 - val_loss: 0.8989
Epoch 152/1000
4032/4096 [============================>.] - ETA: 5s - loss: 0.3562 
- val_loss: 0.8922
- val_all_f1:  0.7154 0.7154 0.7154
- val_exp_f1:  0.9351 0.9351 0.9351
- val_non_f1:  0.6601 0.6601 0.6601

4096/4096 [==============================] - 344s - loss: 0.3553 - val_loss: 0.8922
Epoch 153/1000
4032/4096 [============================>.] - ETA: 5s - loss: 0.3276 
- val_loss: 0.9115
- val_all_f1:  0.7076 0.7076 0.7076
- val_exp_f1:  0.9351 0.9351 0.9351
- val_non_f1:  0.6503 0.6503 0.6503

4096/4096 [==============================] - 344s - loss: 0.3239 - val_loss: 0.9115
Epoch 154/1000
4032/4096 [============================>.] - ETA: 5s - loss: 0.3229 
- val_loss: 0.8571
- val_all_f1:  0.7180 0.7180 0.7180
- val_exp_f1:  0.9481 0.9481 0.9481
- val_non_f1:  0.6601 0.6601 0.6601

4096/4096 [==============================] - 345s - loss: 0.3276 - val_loss: 0.8571
Epoch 155/1000
4032/4096 [============================>.] - ETA: 5s - loss: 0.3281 
- val_loss: 0.8437
- val_all_f1:  0.7311 0.7311 0.7311
- val_exp_f1:  0.9351 0.9351 0.9351
- val_non_f1:  0.6797 0.6797 0.6797

4096/4096 [==============================] - 345s - loss: 0.3273 - val_loss: 0.8437
Epoch 156/1000
4032/4096 [============================>.] - ETA: 5s - loss: 0.3474 
- val_loss: 0.8362
- val_all_f1:  0.7285 0.7285 0.7285
- val_exp_f1:  0.9481 0.9481 0.9481
- val_non_f1:  0.6732 0.6732 0.6732

4096/4096 [==============================] - 344s - loss: 0.3481 - val_loss: 0.8362
Epoch 157/1000
4032/4096 [============================>.] - ETA: 5s - loss: 0.3524 
- val_loss: 0.8857
- val_all_f1:  0.7337 0.7337 0.7337
- val_exp_f1:  0.9610 0.9610 0.9610
- val_non_f1:  0.6765 0.6765 0.6765

4096/4096 [==============================] - 344s - loss: 0.3544 - val_loss: 0.8857
Epoch 158/1000
4032/4096 [============================>.] - ETA: 5s - loss: 0.3165 
- val_loss: 0.8927
- val_all_f1:  0.7258 0.7258 0.7258
- val_exp_f1:  0.9351 0.9351 0.9351
- val_non_f1:  0.6732 0.6732 0.6732

4096/4096 [==============================] - 344s - loss: 0.3155 - val_loss: 0.8927
Epoch 159/1000
4032/4096 [============================>.] - ETA: 5s - loss: 0.3575 
- val_loss: 0.9134
- val_all_f1:  0.6945 0.6945 0.6945
- val_exp_f1:  0.9221 0.9221 0.9221
- val_non_f1:  0.6373 0.6373 0.6373

4096/4096 [==============================] - 344s - loss: 0.3577 - val_loss: 0.9134
Epoch 160/1000
4032/4096 [============================>.] - ETA: 5s - loss: 0.3904 
- val_loss: 0.8832
- val_all_f1:  0.7285 0.7285 0.7285
- val_exp_f1:  0.9481 0.9481 0.9481
- val_non_f1:  0.6732 0.6732 0.6732

4096/4096 [==============================] - 344s - loss: 0.3932 - val_loss: 0.8832
Epoch 161/1000
4032/4096 [============================>.] - ETA: 5s - loss: 0.3046 
- val_loss: 0.9340
- val_all_f1:  0.7050 0.7050 0.7050
- val_exp_f1:  0.9221 0.9221 0.9221
- val_non_f1:  0.6503 0.6503 0.6503

4096/4096 [==============================] - 344s - loss: 0.3039 - val_loss: 0.9340
Epoch 162/1000
4032/4096 [============================>.] - ETA: 5s - loss: 0.3297 
- val_loss: 0.8841
- val_all_f1:  0.7023 0.7023 0.7023
- val_exp_f1:  0.9481 0.9481 0.9481
- val_non_f1:  0.6426 0.6405 0.6416

4096/4096 [==============================] - 344s - loss: 0.3352 - val_loss: 0.8841
Epoch 163/1000
4032/4096 [============================>.] - ETA: 5s - loss: 0.3548 
- val_loss: 0.9199
- val_all_f1:  0.7232 0.7232 0.7232
- val_exp_f1:  0.9481 0.9481 0.9481
- val_non_f1:  0.6667 0.6667 0.6667

4096/4096 [==============================] - 344s - loss: 0.3609 - val_loss: 0.9199
Epoch 164/1000
4032/4096 [============================>.] - ETA: 5s - loss: 0.3269 
- val_loss: 0.9485
- val_all_f1:  0.7232 0.7232 0.7232
- val_exp_f1:  0.9481 0.9481 0.9481
- val_non_f1:  0.6667 0.6667 0.6667

4096/4096 [==============================] - 344s - loss: 0.3255 - val_loss: 0.9485
Epoch 165/1000
4032/4096 [============================>.] - ETA: 5s - loss: 0.3573 
- val_loss: 0.9267
- val_all_f1:  0.7258 0.7258 0.7258
- val_exp_f1:  0.9481 0.9481 0.9481
- val_non_f1:  0.6699 0.6699 0.6699

4096/4096 [==============================] - 344s - loss: 0.3548 - val_loss: 0.9267
Epoch 166/1000
4032/4096 [============================>.] - ETA: 5s - loss: 0.3443 
- val_loss: 0.8645
- val_all_f1:  0.7258 0.7258 0.7258
- val_exp_f1:  0.9351 0.9351 0.9351
- val_non_f1:  0.6732 0.6732 0.6732

4096/4096 [==============================] - 344s - loss: 0.3409 - val_loss: 0.8645
Epoch 167/1000
4032/4096 [============================>.] - ETA: 5s - loss: 0.3552 
- val_loss: 0.8453
- val_all_f1:  0.7128 0.7128 0.7128
- val_exp_f1:  0.9351 0.9351 0.9351
- val_non_f1:  0.6569 0.6569 0.6569

4096/4096 [==============================] - 345s - loss: 0.3579 - val_loss: 0.8453
Epoch 168/1000
4032/4096 [============================>.] - ETA: 5s - loss: 0.3653 
- val_loss: 0.8985
- val_all_f1:  0.7311 0.7311 0.7311
- val_exp_f1:  0.9481 0.9481 0.9481
- val_non_f1:  0.6765 0.6765 0.6765

4096/4096 [==============================] - 344s - loss: 0.3623 - val_loss: 0.8985
Epoch 169/1000
4032/4096 [============================>.] - ETA: 5s - loss: 0.3468 
- val_loss: 0.8982
- val_all_f1:  0.7258 0.7258 0.7258
- val_exp_f1:  0.9481 0.9481 0.9481
- val_non_f1:  0.6699 0.6699 0.6699

4096/4096 [==============================] - 345s - loss: 0.3461 - val_loss: 0.8982
Epoch 170/1000
4032/4096 [============================>.] - ETA: 5s - loss: 0.3549 
- val_loss: 0.8609
- val_all_f1:  0.7180 0.7180 0.7180
- val_exp_f1:  0.9351 0.9351 0.9351
- val_non_f1:  0.6634 0.6634 0.6634

4096/4096 [==============================] - 345s - loss: 0.3526 - val_loss: 0.8609
Epoch 171/1000
4032/4096 [============================>.] - ETA: 5s - loss: 0.3417 
- val_loss: 0.9410
- val_all_f1:  0.7206 0.7206 0.7206
- val_exp_f1:  0.9351 0.9351 0.9351
- val_non_f1:  0.6667 0.6667 0.6667

4096/4096 [==============================] - 344s - loss: 0.3399 - val_loss: 0.9410
Epoch 172/1000
4032/4096 [============================>.] - ETA: 5s - loss: 0.3110 
- val_loss: 0.9047
- val_all_f1:  0.7206 0.7206 0.7206
- val_exp_f1:  0.9221 0.9221 0.9221
- val_non_f1:  0.6699 0.6699 0.6699

4096/4096 [==============================] - 344s - loss: 0.3111 - val_loss: 0.9047
Epoch 173/1000
4032/4096 [============================>.] - ETA: 5s - loss: 0.3528 
- val_loss: 0.9561
- val_all_f1:  0.7154 0.7154 0.7154
- val_exp_f1:  0.9481 0.9481 0.9481
- val_non_f1:  0.6590 0.6569 0.6579

4096/4096 [==============================] - 344s - loss: 0.3514 - val_loss: 0.9561
Epoch 174/1000
4032/4096 [============================>.] - ETA: 5s - loss: 0.3147 
- val_loss: 0.8894
- val_all_f1:  0.7128 0.7128 0.7128
- val_exp_f1:  0.9481 0.9481 0.9481
- val_non_f1:  0.6536 0.6536 0.6536

4096/4096 [==============================] - 345s - loss: 0.3160 - val_loss: 0.8894
Epoch 175/1000
4032/4096 [============================>.] - ETA: 5s - loss: 0.3737 
- val_loss: 0.8815
- val_all_f1:  0.7232 0.7232 0.7232
- val_exp_f1:  0.9481 0.9481 0.9481
- val_non_f1:  0.6667 0.6667 0.6667

4096/4096 [==============================] - 345s - loss: 0.3723 - val_loss: 0.8815
Epoch 176/1000
4032/4096 [============================>.] - ETA: 5s - loss: 0.3345 
- val_loss: 0.9392
- val_all_f1:  0.7180 0.7180 0.7180
- val_exp_f1:  0.9481 0.9481 0.9481
- val_non_f1:  0.6601 0.6601 0.6601

4096/4096 [==============================] - 345s - loss: 0.3362 - val_loss: 0.9392
Epoch 177/1000
4032/4096 [============================>.] - ETA: 5s - loss: 0.3312 
- val_loss: 0.9470
- val_all_f1:  0.7232 0.7232 0.7232
- val_exp_f1:  0.9481 0.9481 0.9481
- val_non_f1:  0.6667 0.6667 0.6667

4096/4096 [==============================] - 345s - loss: 0.3356 - val_loss: 0.9470
Epoch 178/1000
4032/4096 [============================>.] - ETA: 5s - loss: 0.3138 
- val_loss: 0.8854
- val_all_f1:  0.7050 0.7050 0.7050
- val_exp_f1:  0.9610 0.9610 0.9610
- val_non_f1:  0.6405 0.6405 0.6405

4096/4096 [==============================] - 345s - loss: 0.3136 - val_loss: 0.8854
Epoch 179/1000
4032/4096 [============================>.] - ETA: 5s - loss: 0.3463 
- val_loss: 0.9115
- val_all_f1:  0.7206 0.7206 0.7206
- val_exp_f1:  0.9221 0.9221 0.9221
- val_non_f1:  0.6699 0.6699 0.6699

4096/4096 [==============================] - 345s - loss: 0.3439 - val_loss: 0.9115
Epoch 180/1000
4032/4096 [============================>.] - ETA: 5s - loss: 0.3434 
- val_loss: 0.9185
- val_all_f1:  0.7232 0.7232 0.7232
- val_exp_f1:  0.9351 0.9351 0.9351
- val_non_f1:  0.6699 0.6699 0.6699

4096/4096 [==============================] - 345s - loss: 0.3391 - val_loss: 0.9185
Epoch 181/1000
4032/4096 [============================>.] - ETA: 5s - loss: 0.3073 
- val_loss: 1.0020
- val_all_f1:  0.7076 0.7076 0.7076
- val_exp_f1:  0.9610 0.9610 0.9610
- val_non_f1:  0.6438 0.6438 0.6438

4096/4096 [==============================] - 345s - loss: 0.3070 - val_loss: 1.0020
Epoch 182/1000
4032/4096 [============================>.] - ETA: 5s - loss: 0.3321 
- val_loss: 0.8947
- val_all_f1:  0.7285 0.7285 0.7285
- val_exp_f1:  0.9610 0.9610 0.9610
- val_non_f1:  0.6699 0.6699 0.6699

4096/4096 [==============================] - 345s - loss: 0.3301 - val_loss: 0.8947
Epoch 183/1000
4032/4096 [============================>.] - ETA: 5s - loss: 0.3086 
- val_loss: 1.0028
- val_all_f1:  0.7102 0.7102 0.7102
- val_exp_f1:  0.9351 0.9351 0.9351
- val_non_f1:  0.6536 0.6536 0.6536

4096/4096 [==============================] - 345s - loss: 0.3097 - val_loss: 1.0028
Epoch 184/1000
4032/4096 [============================>.] - ETA: 5s - loss: 0.3272 
- val_loss: 0.9865
- val_all_f1:  0.7258 0.7258 0.7258
- val_exp_f1:  0.9610 0.9610 0.9610
- val_non_f1:  0.6667 0.6667 0.6667

4096/4096 [==============================] - 345s - loss: 0.3245 - val_loss: 0.9865
Epoch 185/1000
4032/4096 [============================>.] - ETA: 5s - loss: 0.3576 
- val_loss: 0.9003
- val_all_f1:  0.7154 0.7154 0.7154
- val_exp_f1:  0.9481 0.9481 0.9481
- val_non_f1:  0.6569 0.6569 0.6569

4096/4096 [==============================] - 346s - loss: 0.3571 - val_loss: 0.9003
Epoch 186/1000
4032/4096 [============================>.] - ETA: 5s - loss: 0.3623 
- val_loss: 0.9176
- val_all_f1:  0.7154 0.7154 0.7154
- val_exp_f1:  0.9481 0.9481 0.9481
- val_non_f1:  0.6569 0.6569 0.6569

4096/4096 [==============================] - 345s - loss: 0.3617 - val_loss: 0.9176
Epoch 187/1000
4032/4096 [============================>.] - ETA: 5s - loss: 0.2943 
- val_loss: 0.9569
- val_all_f1:  0.7050 0.7050 0.7050
- val_exp_f1:  0.8961 0.8961 0.8961
- val_non_f1:  0.6569 0.6569 0.6569

4096/4096 [==============================] - 345s - loss: 0.2980 - val_loss: 0.9569
Epoch 188/1000
4032/4096 [============================>.] - ETA: 5s - loss: 0.3840 
- val_loss: 0.9522
- val_all_f1:  0.7128 0.7128 0.7128
- val_exp_f1:  0.9351 0.9351 0.9351
- val_non_f1:  0.6569 0.6569 0.6569

4096/4096 [==============================] - 345s - loss: 0.3796 - val_loss: 0.9522
Epoch 189/1000
4032/4096 [============================>.] - ETA: 5s - loss: 0.3363 
- val_loss: 0.8831
- val_all_f1:  0.7076 0.7076 0.7076
- val_exp_f1:  0.9351 0.9351 0.9351
- val_non_f1:  0.6503 0.6503 0.6503

4096/4096 [==============================] - 345s - loss: 0.3377 - val_loss: 0.8831
Epoch 190/1000
4032/4096 [============================>.] - ETA: 5s - loss: 0.3423 
- val_loss: 0.8811
- val_all_f1:  0.7154 0.7154 0.7154
- val_exp_f1:  0.9221 0.9221 0.9221
- val_non_f1:  0.6634 0.6634 0.6634

4096/4096 [==============================] - 345s - loss: 0.3461 - val_loss: 0.8811
Epoch 191/1000
4032/4096 [============================>.] - ETA: 5s - loss: 0.3240 
- val_loss: 0.9496
- val_all_f1:  0.7232 0.7232 0.7232
- val_exp_f1:  0.9351 0.9351 0.9351
- val_non_f1:  0.6699 0.6699 0.6699

4096/4096 [==============================] - 345s - loss: 0.3223 - val_loss: 0.9496
Epoch 192/1000
4032/4096 [============================>.] - ETA: 5s - loss: 0.2980 
- val_loss: 0.9624
- val_all_f1:  0.7232 0.7232 0.7232
- val_exp_f1:  0.9481 0.9481 0.9481
- val_non_f1:  0.6667 0.6667 0.6667

4096/4096 [==============================] - 345s - loss: 0.2960 - val_loss: 0.9624
Epoch 193/1000
4032/4096 [============================>.] - ETA: 5s - loss: 0.2685 
- val_loss: 1.0298
- val_all_f1:  0.7128 0.7128 0.7128
- val_exp_f1:  0.9481 0.9481 0.9481
- val_non_f1:  0.6557 0.6536 0.6547

4096/4096 [==============================] - 346s - loss: 0.2694 - val_loss: 1.0298
Epoch 194/1000
4032/4096 [============================>.] - ETA: 5s - loss: 0.3253 
- val_loss: 0.9501
- val_all_f1:  0.7180 0.7180 0.7180
- val_exp_f1:  0.9610 0.9610 0.9610
- val_non_f1:  0.6569 0.6569 0.6569

4096/4096 [==============================] - 345s - loss: 0.3229 - val_loss: 0.9501
Epoch 195/1000
4032/4096 [============================>.] - ETA: 5s - loss: 0.2808 
- val_loss: 1.0503
- val_all_f1:  0.6997 0.6997 0.6997
- val_exp_f1:  0.9610 0.9610 0.9610
- val_non_f1:  0.6340 0.6340 0.6340

4096/4096 [==============================] - 345s - loss: 0.2803 - val_loss: 1.0503
[2018-04-10 03:12] training finished (ex/conll16st-v35word2vec-zh)
[2018-04-10 03:12] best_val_loss: 110 - loss: 0.4181 - val_loss: 0.7733 - val_all_f1: 0.7441 - val_exp_f1: 0.9351 - val_non_f1: 0.6961
[2018-04-10 03:12] best_val_all_f1: 93 - loss: 0.4168 - val_loss: 0.9061 - val_all_f1: 0.7493 - val_exp_f1: 0.9481 - val_non_f1: 0.6993
