[2019-03-18 22:46] configuration (ex/conll16st-v35nopartial-ench/blind)
[2019-03-18 22:46]   config 'arg1_len': 400
[2019-03-18 22:46]   config 'arg2_len': 400
[2019-03-18 22:46]   config 'backend': theano
[2019-03-18 22:46]   config 'backend_theano': 'device=cpu'
[2019-03-18 22:46]   config 'batch_size': 64
[2019-03-18 22:46]   config 'conn_len': 20
[2019-03-18 22:46]   config 'dataset_dir': data/conll15st-en-03-29-16-blind-test
[2019-03-18 22:46]   config 'filter_fn_name': None
[2019-03-18 22:46]   config 'input_size': None
[2019-03-18 22:46]   config 'lang': en
[2019-03-18 22:46]   config 'mode': char
[2019-03-18 22:46]   config 'model_dir': ex/conll16st-v35nopartial-ench
[2019-03-18 22:46]   config 'normalization_mode': sample_aspect
[2019-03-18 22:46]   config 'output_dir': ex/conll16st-v35nopartial-ench/blind
[2019-03-18 22:46]   config 'punc_len': 0
[2019-03-18 22:46]   config 'rest': ['--filter_dim=8', '--rnn_num=8']
[2019-03-18 22:46]   config 'snapshot_size': 2048
[2019-03-18 22:46] load dataset for prediction (data/conll15st-en-03-29-16-blind-test)
[2019-03-18 22:46]   lang: en, rel_ids: 1209
[2019-03-18 22:46] load previous indexes (ex/conll16st-v35nopartial-ench/indexes.pkl)
[2019-03-18 22:46]   words2id: 87, target2id: 17
[2019-03-18 22:46] load model (ex/conll16st-v35nopartial-ench)
[2019-03-18 22:46] load previous weights (ex/conll16st-v35nopartial-ench/weights_val_all_f1.hdf5)
[2019-03-18 22:46] make predictions
[2019-03-18 22:47] save predictions (ex/conll16st-v35nopartial-ench/blind/output.json)
[2019-03-18 22:47] save predictions (ex/conll16st-v35nopartial-ench/blind/output_proba.json)
[2019-03-18 22:47] peek into filtering weights (ex/conll16st-v35nopartial-ench/blind/peek.html)
[2019-03-18 22:49] finished (ex/conll16st-v35nopartial-ench/blind)
[2019-03-18 22:49] time: loaded: 0.3056 - prepared: 2.8961 - predicted: 53.5945
