[2019-04-02 15:02] configuration (ex/conll16st-v35-zh-fd-2-rn-2-0/blind)
[2019-04-02 15:02]   config 'arg1_len': 500
[2019-04-02 15:02]   config 'arg2_len': 500
[2019-04-02 15:02]   config 'backend': theano
[2019-04-02 15:02]   config 'backend_theano': device=cpu
[2019-04-02 15:02]   config 'batch_size': 64
[2019-04-02 15:02]   config 'conn_len': 10
[2019-04-02 15:02]   config 'dataset_dir': data/conll16st-zh-04-27-2016-blind-test
[2019-04-02 15:02]   config 'filter_fn_name': None
[2019-04-02 15:02]   config 'input_size': None
[2019-04-02 15:02]   config 'lang': zh
[2019-04-02 15:02]   config 'mode': word
[2019-04-02 15:02]   config 'model_dir': ex/conll16st-v35-zh-fd-2-rn-2-0
[2019-04-02 15:02]   config 'normalization_mode': sample_aspect
[2019-04-02 15:02]   config 'output_dir': ex/conll16st-v35-zh-fd-2-rn-2-0/blind
[2019-04-02 15:02]   config 'punc_len': 2
[2019-04-02 15:02]   config 'rest': ['--filter_dim=2', '--rnn_num=2']
[2019-04-02 15:02]   config 'snapshot_size': 2048
[2019-04-02 15:02] load dataset for prediction (data/conll16st-zh-04-27-2016-blind-test)
[2019-04-02 15:02]   lang: zh, doc_ids: 64, words: 29892, rel_ids: 2101, relation tokens: 82465
[2019-04-02 15:02] load previous indexes (ex/conll16st-v35-zh-fd-2-rn-2-0/indexes.pkl)
[2019-04-02 15:02]   words2id: 14785, target2id: 12
[2019-04-02 15:02] load model (ex/conll16st-v35-zh-fd-2-rn-2-0)
[2019-04-02 15:02] load previous weights (ex/conll16st-v35-zh-fd-2-rn-2-0/weights_val_all_f1.hdf5)
[2019-04-02 15:02] make predictions
[2019-04-02 15:02] save predictions (ex/conll16st-v35-zh-fd-2-rn-2-0/blind/output.json)
[2019-04-02 15:02] save predictions (ex/conll16st-v35-zh-fd-2-rn-2-0/blind/output_proba.json)
[2019-04-02 15:02] peek into filtering weights (ex/conll16st-v35-zh-fd-2-rn-2-0/blind/peek.html)
[2019-04-02 15:04] finished (ex/conll16st-v35-zh-fd-2-rn-2-0/blind)
[2019-04-02 15:04] time: loaded: 6.2839 - prepared: 1.6100 - predicted: 24.2722
