[2019-04-03 07:10] configuration (ex/conll16st-v35-zh-fd-4-rn-4-0/blind)
[2019-04-03 07:10]   config 'arg1_len': 500
[2019-04-03 07:10]   config 'arg2_len': 500
[2019-04-03 07:10]   config 'backend': theano
[2019-04-03 07:10]   config 'backend_theano': device=cpu
[2019-04-03 07:10]   config 'batch_size': 64
[2019-04-03 07:10]   config 'conn_len': 10
[2019-04-03 07:10]   config 'dataset_dir': data/conll16st-zh-04-27-2016-blind-test
[2019-04-03 07:10]   config 'filter_fn_name': None
[2019-04-03 07:10]   config 'input_size': None
[2019-04-03 07:10]   config 'lang': zh
[2019-04-03 07:10]   config 'mode': word
[2019-04-03 07:10]   config 'model_dir': ex/conll16st-v35-zh-fd-4-rn-4-0
[2019-04-03 07:10]   config 'normalization_mode': sample_aspect
[2019-04-03 07:10]   config 'output_dir': ex/conll16st-v35-zh-fd-4-rn-4-0/blind
[2019-04-03 07:10]   config 'punc_len': 2
[2019-04-03 07:10]   config 'rest': ['--filter_dim=4', '--rnn_num=4']
[2019-04-03 07:10]   config 'snapshot_size': 2048
[2019-04-03 07:10] load dataset for prediction (data/conll16st-zh-04-27-2016-blind-test)
[2019-04-03 07:10]   lang: zh, doc_ids: 64, words: 29892, rel_ids: 2101, relation tokens: 82465
[2019-04-03 07:10] load previous indexes (ex/conll16st-v35-zh-fd-4-rn-4-0/indexes.pkl)
[2019-04-03 07:10]   words2id: 14785, target2id: 12
[2019-04-03 07:10] load model (ex/conll16st-v35-zh-fd-4-rn-4-0)
[2019-04-03 07:10] load previous weights (ex/conll16st-v35-zh-fd-4-rn-4-0/weights_val_all_f1.hdf5)
[2019-04-03 07:10] make predictions
[2019-04-03 07:11] save predictions (ex/conll16st-v35-zh-fd-4-rn-4-0/blind/output.json)
[2019-04-03 07:11] save predictions (ex/conll16st-v35-zh-fd-4-rn-4-0/blind/output_proba.json)
[2019-04-03 07:11] peek into filtering weights (ex/conll16st-v35-zh-fd-4-rn-4-0/blind/peek.html)
[2019-04-03 07:13] finished (ex/conll16st-v35-zh-fd-4-rn-4-0/blind)
[2019-04-03 07:13] time: loaded: 6.1828 - prepared: 1.9357 - predicted: 37.1243
