[2019-03-07 05:53] configuration (ex/conll16st-v35dimx2-zh/blind)
[2019-03-07 05:53]   config 'arg1_len': 500
[2019-03-07 05:53]   config 'arg2_len': 500
[2019-03-07 05:53]   config 'backend': theano
[2019-03-07 05:53]   config 'backend_theano': device=cpu
[2019-03-07 05:53]   config 'batch_size': 64
[2019-03-07 05:53]   config 'conn_len': 10
[2019-03-07 05:53]   config 'dataset_dir': data/conll16st-zh-04-27-2016-blind-test
[2019-03-07 05:53]   config 'filter_fn_name': None
[2019-03-07 05:53]   config 'input_size': None
[2019-03-07 05:53]   config 'lang': zh
[2019-03-07 05:53]   config 'mode': word
[2019-03-07 05:53]   config 'model_dir': ex/conll16st-v35dimx2-zh
[2019-03-07 05:53]   config 'normalization_mode': sample_aspect
[2019-03-07 05:53]   config 'output_dir': ex/conll16st-v35dimx2-zh/blind
[2019-03-07 05:53]   config 'punc_len': 2
[2019-03-07 05:53]   config 'rest': ['--words_dim=40', '--rnn_dim=40', '--final_dim=160']
[2019-03-07 05:53]   config 'snapshot_size': 2048
[2019-03-07 05:53] load dataset for prediction (data/conll16st-zh-04-27-2016-blind-test)
[2019-03-07 05:53]   lang: zh, doc_ids: 64, words: 29892, rel_ids: 2101, relation tokens: 82465
[2019-03-07 05:53] load previous indexes (ex/conll16st-v35dimx2-zh/indexes.pkl)
[2019-03-07 05:53]   words2id: 14785, target2id: 12
[2019-03-07 05:53] load model (ex/conll16st-v35dimx2-zh)
[2019-03-07 05:53] load previous weights (ex/conll16st-v35dimx2-zh/weights_val_all_f1.hdf5)
[2019-03-07 05:53] make predictions
[2019-03-07 05:57] save predictions (ex/conll16st-v35dimx2-zh/blind/output.json)
[2019-03-07 05:57] save predictions (ex/conll16st-v35dimx2-zh/blind/output_proba.json)
[2019-03-07 05:57] peek into filtering weights (ex/conll16st-v35dimx2-zh/blind/peek.html)
[2019-03-07 06:01] finished (ex/conll16st-v35dimx2-zh/blind)
[2019-03-07 06:01] time: loaded: 10.8756 - prepared: 4.5954 - predicted: 219.5172
