[2019-03-04 14:09] configuration (ex/conll16st-v35gru-zh)
[2019-03-04 14:09]   config 'arg1_len': 500
[2019-03-04 14:09]   config 'arg2_len': 500
[2019-03-04 14:09]   config 'backend': theano
[2019-03-04 14:09]   config 'backend_theano': device=cpu
[2019-03-04 14:09]   config 'batch_size': 64
[2019-03-04 14:09]   config 'conn_len': 10
[2019-03-04 14:09]   config 'continue_': False
[2019-03-04 14:09]   config 'curriculum_end': 0.0
[2019-03-04 14:09]   config 'epochs': 1000
[2019-03-04 14:09]   config 'epochs_patience': 100
[2019-03-04 14:09]   config 'epochs_ratio': 0.1
[2019-03-04 14:09]   config 'filter_act': sigmoid
[2019-03-04 14:09]   config 'filter_append_act': linear
[2019-03-04 14:09]   config 'filter_append_batchnorm': False
[2019-03-04 14:09]   config 'filter_append_dim': 0
[2019-03-04 14:09]   config 'filter_append_dropout': 0.0
[2019-03-04 14:09]   config 'filter_apply': mul
[2019-03-04 14:09]   config 'filter_dim': 12
[2019-03-04 14:09]   config 'filter_dropout_U': 0.0
[2019-03-04 14:09]   config 'filter_dropout_W': 0.0
[2019-03-04 14:09]   config 'filter_fn_name': None
[2019-03-04 14:09]   config 'filter_shared': global
[2019-03-04 14:09]   config 'filter_type': gru-fb
[2019-03-04 14:09]   config 'filter_zoneout_c': 0.0
[2019-03-04 14:09]   config 'filter_zoneout_h': 0.0
[2019-03-04 14:09]   config 'final_act': SReLU
[2019-03-04 14:09]   config 'final_dim': 80
[2019-03-04 14:09]   config 'final_dropout': 0.3
[2019-03-04 14:09]   config 'input_size': None
[2019-03-04 14:09]   config 'lang': zh
[2019-03-04 14:09]   config 'masking': True
[2019-03-04 14:09]   config 'mode': word
[2019-03-04 14:09]   config 'model_dir': ex/conll16st-v35gru-zh
[2019-03-04 14:09]   config 'optimizer': adam
[2019-03-04 14:09]   config 'original_positives': 0
[2019-03-04 14:09]   config 'punc_len': 2
[2019-03-04 14:09]   config 'random_negatives': 2
[2019-03-04 14:09]   config 'random_positives': 2
[2019-03-04 14:09]   config 'random_proba_1': 0.1
[2019-03-04 14:09]   config 'random_proba_2': 0.1
[2019-03-04 14:09]   config 'random_proba_3': 0.9
[2019-03-04 14:09]   config 'rnn_act': tanh
[2019-03-04 14:09]   config 'rnn_dim': 20
[2019-03-04 14:09]   config 'rnn_dropout_U': 0.0
[2019-03-04 14:09]   config 'rnn_dropout_W': 0.0
[2019-03-04 14:09]   config 'rnn_dropout_merge': 0.3
[2019-03-04 14:09]   config 'rnn_merge': concat
[2019-03-04 14:09]   config 'rnn_num': 12
[2019-03-04 14:09]   config 'rnn_shared': aspect
[2019-03-04 14:09]   config 'rnn_type': gru-fwd
[2019-03-04 14:09]   config 'rnn_zoneout_c': 0.0
[2019-03-04 14:09]   config 'rnn_zoneout_h': 0.0
[2019-03-04 14:09]   config 'snapshot_size': 2048
[2019-03-04 14:09]   config 'train_dir': data/conll16st-zh-01-08-2016-train
[2019-03-04 14:09]   config 'valid_dir': data/conll16st-zh-01-08-2016-dev
[2019-03-04 14:09]   config 'words2vec_bin': None
[2019-03-04 14:09]   config 'words2vec_txt': None
[2019-03-04 14:09]   config 'words_crop': None
[2019-03-04 14:09]   config 'words_dim': 20
[2019-03-04 14:09]   config 'words_dropout': 0.3
[2019-03-04 14:09]   config 'words_shared': global
[2019-03-04 14:09]   config 'words_trainable': True
[2019-03-04 14:09] load dataset for training (data/conll16st-zh-01-08-2016-train)
[2019-03-04 14:10]   lang: zh, doc_ids: 455, words: 155827, rel_ids: 10240, relation tokens: 475970
[2019-03-04 14:10] load dataset for validation (data/conll16st-zh-01-08-2016-dev)
[2019-03-04 14:10]   lang: zh, doc_ids: 24, words: 6782, rel_ids: 383, relation tokens: 16859
[2019-03-04 14:10] build indexes from training
[2019-03-04 14:10]   words2id: 14785, target2id: 12
[2019-03-04 14:10] target class distribution from training
[2019-03-04 14:10]   class 0 = 'None': None
[2019-03-04 14:10]   class 1 = '': None
[2019-03-04 14:10]   class 2 = 'Conjunction': 6102
[2019-03-04 14:10]   class 3 = 'Expansion': 1435
[2019-03-04 14:10]   class 4 = 'EntRel': 1098
[2019-03-04 14:10]   class 5 = 'Causation': 456
[2019-03-04 14:10]   class 6 = 'Temporal': 434
[2019-03-04 14:10]   class 7 = 'Contrast': 340
[2019-03-04 14:10]   class 8 = 'Purpose': 244
[2019-03-04 14:10]   class 9 = 'Conditional': 134
[2019-03-04 14:10]   class 10 = 'Progression': 75
[2019-03-04 14:10]   class 11 = 'Alternative': 18
[2019-03-04 14:10] build model
____________________________________________________________________________________________________
Layer (type)                     Output Shape          Param #     Connected to                     
====================================================================================================
arg1_ids (InputLayer)            (None, 500)           0                                            
____________________________________________________________________________________________________
arg2_ids (InputLayer)            (None, 500)           0                                            
____________________________________________________________________________________________________
conn_ids (InputLayer)            (None, 10)            0                                            
____________________________________________________________________________________________________
punc_ids (InputLayer)            (None, 2)             0                                            
____________________________________________________________________________________________________
embedding_1 (Embedding)          multiple              295700      arg1_ids[0][0]                   
                                                                   arg2_ids[0][0]                   
                                                                   conn_ids[0][0]                   
                                                                   punc_ids[0][0]                   
____________________________________________________________________________________________________
shareablegru_1 (ShareableGRU)    multiple              1188        embedding_1[0][0]                
                                                                   embedding_1[1][0]                
                                                                   embedding_1[2][0]                
                                                                   embedding_1[3][0]                
____________________________________________________________________________________________________
shareablegru_2 (ShareableGRU)    multiple              1188        embedding_1[0][0]                
                                                                   embedding_1[1][0]                
                                                                   embedding_1[2][0]                
                                                                   embedding_1[3][0]                
____________________________________________________________________________________________________
merge_1 (Merge)                  (None, 500, 12)       0           shareablegru_1[0][0]             
                                                                   shareablegru_2[0][0]             
____________________________________________________________________________________________________
merge_15 (Merge)                 (None, 500, 12)       0           shareablegru_1[1][0]             
                                                                   shareablegru_2[1][0]             
____________________________________________________________________________________________________
merge_29 (Merge)                 (None, 10, 12)        0           shareablegru_1[2][0]             
                                                                   shareablegru_2[2][0]             
____________________________________________________________________________________________________
merge_43 (Merge)                 (None, 2, 12)         0           shareablegru_1[3][0]             
                                                                   shareablegru_2[3][0]             
____________________________________________________________________________________________________
arg1_filters (Activation)        (None, 500, 12)       0           merge_1[0][0]                    
____________________________________________________________________________________________________
arg2_filters (Activation)        (None, 500, 12)       0           merge_15[0][0]                   
____________________________________________________________________________________________________
conn_filters (Activation)        (None, 10, 12)        0           merge_29[0][0]                   
____________________________________________________________________________________________________
punc_filters (Activation)        (None, 2, 12)         0           merge_43[0][0]                   
____________________________________________________________________________________________________
merge_2 (Merge)                  (None, 500, 20)       0           embedding_1[0][0]                
                                                                   arg1_filters[0][0]               
____________________________________________________________________________________________________
merge_3 (Merge)                  (None, 500, 20)       0           embedding_1[0][0]                
                                                                   arg1_filters[0][0]               
____________________________________________________________________________________________________
merge_4 (Merge)                  (None, 500, 20)       0           embedding_1[0][0]                
                                                                   arg1_filters[0][0]               
____________________________________________________________________________________________________
merge_5 (Merge)                  (None, 500, 20)       0           embedding_1[0][0]                
                                                                   arg1_filters[0][0]               
____________________________________________________________________________________________________
merge_6 (Merge)                  (None, 500, 20)       0           embedding_1[0][0]                
                                                                   arg1_filters[0][0]               
____________________________________________________________________________________________________
merge_7 (Merge)                  (None, 500, 20)       0           embedding_1[0][0]                
                                                                   arg1_filters[0][0]               
____________________________________________________________________________________________________
merge_8 (Merge)                  (None, 500, 20)       0           embedding_1[0][0]                
                                                                   arg1_filters[0][0]               
____________________________________________________________________________________________________
merge_9 (Merge)                  (None, 500, 20)       0           embedding_1[0][0]                
                                                                   arg1_filters[0][0]               
____________________________________________________________________________________________________
merge_10 (Merge)                 (None, 500, 20)       0           embedding_1[0][0]                
                                                                   arg1_filters[0][0]               
____________________________________________________________________________________________________
merge_11 (Merge)                 (None, 500, 20)       0           embedding_1[0][0]                
                                                                   arg1_filters[0][0]               
____________________________________________________________________________________________________
merge_12 (Merge)                 (None, 500, 20)       0           embedding_1[0][0]                
                                                                   arg1_filters[0][0]               
____________________________________________________________________________________________________
merge_13 (Merge)                 (None, 500, 20)       0           embedding_1[0][0]                
                                                                   arg1_filters[0][0]               
____________________________________________________________________________________________________
merge_16 (Merge)                 (None, 500, 20)       0           embedding_1[1][0]                
                                                                   arg2_filters[0][0]               
____________________________________________________________________________________________________
merge_17 (Merge)                 (None, 500, 20)       0           embedding_1[1][0]                
                                                                   arg2_filters[0][0]               
____________________________________________________________________________________________________
merge_18 (Merge)                 (None, 500, 20)       0           embedding_1[1][0]                
                                                                   arg2_filters[0][0]               
____________________________________________________________________________________________________
merge_19 (Merge)                 (None, 500, 20)       0           embedding_1[1][0]                
                                                                   arg2_filters[0][0]               
____________________________________________________________________________________________________
merge_20 (Merge)                 (None, 500, 20)       0           embedding_1[1][0]                
                                                                   arg2_filters[0][0]               
____________________________________________________________________________________________________
merge_21 (Merge)                 (None, 500, 20)       0           embedding_1[1][0]                
                                                                   arg2_filters[0][0]               
____________________________________________________________________________________________________
merge_22 (Merge)                 (None, 500, 20)       0           embedding_1[1][0]                
                                                                   arg2_filters[0][0]               
____________________________________________________________________________________________________
merge_23 (Merge)                 (None, 500, 20)       0           embedding_1[1][0]                
                                                                   arg2_filters[0][0]               
____________________________________________________________________________________________________
merge_24 (Merge)                 (None, 500, 20)       0           embedding_1[1][0]                
                                                                   arg2_filters[0][0]               
____________________________________________________________________________________________________
merge_25 (Merge)                 (None, 500, 20)       0           embedding_1[1][0]                
                                                                   arg2_filters[0][0]               
____________________________________________________________________________________________________
merge_26 (Merge)                 (None, 500, 20)       0           embedding_1[1][0]                
                                                                   arg2_filters[0][0]               
____________________________________________________________________________________________________
merge_27 (Merge)                 (None, 500, 20)       0           embedding_1[1][0]                
                                                                   arg2_filters[0][0]               
____________________________________________________________________________________________________
merge_30 (Merge)                 (None, 10, 20)        0           embedding_1[2][0]                
                                                                   conn_filters[0][0]               
____________________________________________________________________________________________________
merge_31 (Merge)                 (None, 10, 20)        0           embedding_1[2][0]                
                                                                   conn_filters[0][0]               
____________________________________________________________________________________________________
merge_32 (Merge)                 (None, 10, 20)        0           embedding_1[2][0]                
                                                                   conn_filters[0][0]               
____________________________________________________________________________________________________
merge_33 (Merge)                 (None, 10, 20)        0           embedding_1[2][0]                
                                                                   conn_filters[0][0]               
____________________________________________________________________________________________________
merge_34 (Merge)                 (None, 10, 20)        0           embedding_1[2][0]                
                                                                   conn_filters[0][0]               
____________________________________________________________________________________________________
merge_35 (Merge)                 (None, 10, 20)        0           embedding_1[2][0]                
                                                                   conn_filters[0][0]               
____________________________________________________________________________________________________
merge_36 (Merge)                 (None, 10, 20)        0           embedding_1[2][0]                
                                                                   conn_filters[0][0]               
____________________________________________________________________________________________________
merge_37 (Merge)                 (None, 10, 20)        0           embedding_1[2][0]                
                                                                   conn_filters[0][0]               
____________________________________________________________________________________________________
merge_38 (Merge)                 (None, 10, 20)        0           embedding_1[2][0]                
                                                                   conn_filters[0][0]               
____________________________________________________________________________________________________
merge_39 (Merge)                 (None, 10, 20)        0           embedding_1[2][0]                
                                                                   conn_filters[0][0]               
____________________________________________________________________________________________________
merge_40 (Merge)                 (None, 10, 20)        0           embedding_1[2][0]                
                                                                   conn_filters[0][0]               
____________________________________________________________________________________________________
merge_41 (Merge)                 (None, 10, 20)        0           embedding_1[2][0]                
                                                                   conn_filters[0][0]               
____________________________________________________________________________________________________
merge_44 (Merge)                 (None, 2, 20)         0           embedding_1[3][0]                
                                                                   punc_filters[0][0]               
____________________________________________________________________________________________________
merge_45 (Merge)                 (None, 2, 20)         0           embedding_1[3][0]                
                                                                   punc_filters[0][0]               
____________________________________________________________________________________________________
merge_46 (Merge)                 (None, 2, 20)         0           embedding_1[3][0]                
                                                                   punc_filters[0][0]               
____________________________________________________________________________________________________
merge_47 (Merge)                 (None, 2, 20)         0           embedding_1[3][0]                
                                                                   punc_filters[0][0]               
____________________________________________________________________________________________________
merge_48 (Merge)                 (None, 2, 20)         0           embedding_1[3][0]                
                                                                   punc_filters[0][0]               
____________________________________________________________________________________________________
merge_49 (Merge)                 (None, 2, 20)         0           embedding_1[3][0]                
                                                                   punc_filters[0][0]               
____________________________________________________________________________________________________
merge_50 (Merge)                 (None, 2, 20)         0           embedding_1[3][0]                
                                                                   punc_filters[0][0]               
____________________________________________________________________________________________________
merge_51 (Merge)                 (None, 2, 20)         0           embedding_1[3][0]                
                                                                   punc_filters[0][0]               
____________________________________________________________________________________________________
merge_52 (Merge)                 (None, 2, 20)         0           embedding_1[3][0]                
                                                                   punc_filters[0][0]               
____________________________________________________________________________________________________
merge_53 (Merge)                 (None, 2, 20)         0           embedding_1[3][0]                
                                                                   punc_filters[0][0]               
____________________________________________________________________________________________________
merge_54 (Merge)                 (None, 2, 20)         0           embedding_1[3][0]                
                                                                   punc_filters[0][0]               
____________________________________________________________________________________________________
merge_55 (Merge)                 (None, 2, 20)         0           embedding_1[3][0]                
                                                                   punc_filters[0][0]               
____________________________________________________________________________________________________
shareablegru_3 (ShareableGRU)    (None, 20)            2460        merge_2[0][0]                    
                                                                   merge_16[0][0]                   
                                                                   merge_30[0][0]                   
                                                                   merge_44[0][0]                   
____________________________________________________________________________________________________
shareablegru_5 (ShareableGRU)    (None, 20)            2460        merge_3[0][0]                    
                                                                   merge_17[0][0]                   
                                                                   merge_31[0][0]                   
                                                                   merge_45[0][0]                   
____________________________________________________________________________________________________
shareablegru_7 (ShareableGRU)    (None, 20)            2460        merge_4[0][0]                    
                                                                   merge_18[0][0]                   
                                                                   merge_32[0][0]                   
                                                                   merge_46[0][0]                   
____________________________________________________________________________________________________
shareablegru_9 (ShareableGRU)    (None, 20)            2460        merge_5[0][0]                    
                                                                   merge_19[0][0]                   
                                                                   merge_33[0][0]                   
                                                                   merge_47[0][0]                   
____________________________________________________________________________________________________
shareablegru_11 (ShareableGRU)   (None, 20)            2460        merge_6[0][0]                    
                                                                   merge_20[0][0]                   
                                                                   merge_34[0][0]                   
                                                                   merge_48[0][0]                   
____________________________________________________________________________________________________
shareablegru_13 (ShareableGRU)   (None, 20)            2460        merge_7[0][0]                    
                                                                   merge_21[0][0]                   
                                                                   merge_35[0][0]                   
                                                                   merge_49[0][0]                   
____________________________________________________________________________________________________
shareablegru_15 (ShareableGRU)   (None, 20)            2460        merge_8[0][0]                    
                                                                   merge_22[0][0]                   
                                                                   merge_36[0][0]                   
                                                                   merge_50[0][0]                   
____________________________________________________________________________________________________
shareablegru_17 (ShareableGRU)   (None, 20)            2460        merge_9[0][0]                    
                                                                   merge_23[0][0]                   
                                                                   merge_37[0][0]                   
                                                                   merge_51[0][0]                   
____________________________________________________________________________________________________
shareablegru_19 (ShareableGRU)   (None, 20)            2460        merge_10[0][0]                   
                                                                   merge_24[0][0]                   
                                                                   merge_38[0][0]                   
                                                                   merge_52[0][0]                   
____________________________________________________________________________________________________
shareablegru_21 (ShareableGRU)   (None, 20)            2460        merge_11[0][0]                   
                                                                   merge_25[0][0]                   
                                                                   merge_39[0][0]                   
                                                                   merge_53[0][0]                   
____________________________________________________________________________________________________
shareablegru_23 (ShareableGRU)   (None, 20)            2460        merge_12[0][0]                   
                                                                   merge_26[0][0]                   
                                                                   merge_40[0][0]                   
                                                                   merge_54[0][0]                   
____________________________________________________________________________________________________
shareablegru_25 (ShareableGRU)   (None, 20)            2460        merge_13[0][0]                   
                                                                   merge_27[0][0]                   
                                                                   merge_41[0][0]                   
                                                                   merge_55[0][0]                   
____________________________________________________________________________________________________
merge_14 (Merge)                 (None, 240)           0           shareablegru_3[0][0]             
                                                                   shareablegru_5[0][0]             
                                                                   shareablegru_7[0][0]             
                                                                   shareablegru_9[0][0]             
                                                                   shareablegru_11[0][0]            
                                                                   shareablegru_13[0][0]            
                                                                   shareablegru_15[0][0]            
                                                                   shareablegru_17[0][0]            
                                                                   shareablegru_19[0][0]            
                                                                   shareablegru_21[0][0]            
                                                                   shareablegru_23[0][0]            
                                                                   shareablegru_25[0][0]            
____________________________________________________________________________________________________
merge_28 (Merge)                 (None, 240)           0           shareablegru_3[1][0]             
                                                                   shareablegru_5[1][0]             
                                                                   shareablegru_7[1][0]             
                                                                   shareablegru_9[1][0]             
                                                                   shareablegru_11[1][0]            
                                                                   shareablegru_13[1][0]            
                                                                   shareablegru_15[1][0]            
                                                                   shareablegru_17[1][0]            
                                                                   shareablegru_19[1][0]            
                                                                   shareablegru_21[1][0]            
                                                                   shareablegru_23[1][0]            
                                                                   shareablegru_25[1][0]            
____________________________________________________________________________________________________
merge_42 (Merge)                 (None, 240)           0           shareablegru_3[2][0]             
                                                                   shareablegru_5[2][0]             
                                                                   shareablegru_7[2][0]             
                                                                   shareablegru_9[2][0]             
                                                                   shareablegru_11[2][0]            
                                                                   shareablegru_13[2][0]            
                                                                   shareablegru_15[2][0]            
                                                                   shareablegru_17[2][0]            
                                                                   shareablegru_19[2][0]            
                                                                   shareablegru_21[2][0]            
                                                                   shareablegru_23[2][0]            
                                                                   shareablegru_25[2][0]            
____________________________________________________________________________________________________
merge_56 (Merge)                 (None, 240)           0           shareablegru_3[3][0]             
                                                                   shareablegru_5[3][0]             
                                                                   shareablegru_7[3][0]             
                                                                   shareablegru_9[3][0]             
                                                                   shareablegru_11[3][0]            
                                                                   shareablegru_13[3][0]            
                                                                   shareablegru_15[3][0]            
                                                                   shareablegru_17[3][0]            
                                                                   shareablegru_19[3][0]            
                                                                   shareablegru_21[3][0]            
                                                                   shareablegru_23[3][0]            
                                                                   shareablegru_25[3][0]            
____________________________________________________________________________________________________
dropout_1 (Dropout)              (None, 240)           0           merge_14[0][0]                   
____________________________________________________________________________________________________
dropout_2 (Dropout)              (None, 240)           0           merge_28[0][0]                   
____________________________________________________________________________________________________
dropout_3 (Dropout)              (None, 240)           0           merge_42[0][0]                   
____________________________________________________________________________________________________
dropout_4 (Dropout)              (None, 240)           0           merge_56[0][0]                   
____________________________________________________________________________________________________
merge_57 (Merge)                 (None, 960)           0           dropout_1[0][0]                  
                                                                   dropout_2[0][0]                  
                                                                   dropout_3[0][0]                  
                                                                   dropout_4[0][0]                  
____________________________________________________________________________________________________
dense_1 (Dense)                  (None, 80)            76880       merge_57[0][0]                   
____________________________________________________________________________________________________
srelu_1 (SReLU)                  (None, 80)            320         dense_1[0][0]                    
____________________________________________________________________________________________________
dropout_5 (Dropout)              (None, 80)            0           srelu_1[0][0]                    
____________________________________________________________________________________________________
dense_2 (Dense)                  (None, 12)            972         dropout_5[0][0]                  
____________________________________________________________________________________________________
target (Activation)              (None, 12)            0           dense_2[0][0]                    
====================================================================================================
Total params: 405,768
Trainable params: 405,768
Non-trainable params: 0
____________________________________________________________________________________________________
[2019-03-04 14:30] initialize weights
[2019-03-04 14:30] training preparation
[2019-03-04 14:30] train model (ex/conll16st-v35gru-zh)
Epoch 1/1000
4032/4096 [============================>.] - ETA: 11s - loss: 1.6474
- val_loss: 2.1018
- val_all_f1:  0.5770 0.5770 0.5770
- val_exp_f1:  0.4156 0.4156 0.4156
- val_non_f1:  0.6176 0.6176 0.6176

4096/4096 [==============================] - 752s - loss: 1.6465 - val_loss: 2.1018
Epoch 2/1000
4032/4096 [============================>.] - ETA: 12s - loss: 1.4171
- val_loss: 2.0077
- val_all_f1:  0.5770 0.5770 0.5770
- val_exp_f1:  0.4156 0.4156 0.4156
- val_non_f1:  0.6176 0.6176 0.6176

4096/4096 [==============================] - 846s - loss: 1.4151 - val_loss: 2.0077
Epoch 3/1000
4032/4096 [============================>.] - ETA: 12s - loss: 1.3588
- val_loss: 1.7236
- val_all_f1:  0.5770 0.5770 0.5770
- val_exp_f1:  0.4156 0.4156 0.4156
- val_non_f1:  0.6176 0.6176 0.6176

4096/4096 [==============================] - 822s - loss: 1.3577 - val_loss: 1.7236
Epoch 4/1000
4032/4096 [============================>.] - ETA: 12s - loss: 1.2400
- val_loss: 1.7626
- val_all_f1:  0.5770 0.5770 0.5770
- val_exp_f1:  0.4156 0.4156 0.4156
- val_non_f1:  0.6176 0.6176 0.6176

4096/4096 [==============================] - 832s - loss: 1.2388 - val_loss: 1.7626
Epoch 5/1000
4032/4096 [============================>.] - ETA: 12s - loss: 1.2495
- val_loss: 1.6127
- val_all_f1:  0.5770 0.5770 0.5770
- val_exp_f1:  0.4156 0.4156 0.4156
- val_non_f1:  0.6176 0.6176 0.6176

4096/4096 [==============================] - 814s - loss: 1.2441 - val_loss: 1.6127
Epoch 6/1000
4032/4096 [============================>.] - ETA: 12s - loss: 1.1631
- val_loss: 1.5289
- val_all_f1:  0.5770 0.5770 0.5770
- val_exp_f1:  0.4156 0.4156 0.4156
- val_non_f1:  0.6176 0.6176 0.6176

4096/4096 [==============================] - 804s - loss: 1.1652 - val_loss: 1.5289
Epoch 7/1000
4032/4096 [============================>.] - ETA: 11s - loss: 1.1111
- val_loss: 1.4451
- val_all_f1:  0.5875 0.5875 0.5875
- val_exp_f1:  0.4675 0.4675 0.4675
- val_non_f1:  0.6176 0.6176 0.6176

4096/4096 [==============================] - 773s - loss: 1.1124 - val_loss: 1.4451
Epoch 8/1000
4032/4096 [============================>.] - ETA: 11s - loss: 0.9338
- val_loss: 1.2972
- val_all_f1:  0.5875 0.5875 0.5875
- val_exp_f1:  0.4675 0.4675 0.4675
- val_non_f1:  0.6217 0.6176 0.6197

4096/4096 [==============================] - 785s - loss: 0.9362 - val_loss: 1.2972
Epoch 9/1000
4032/4096 [============================>.] - ETA: 11s - loss: 0.8882
- val_loss: 1.2228
- val_all_f1:  0.5901 0.5901 0.5901
- val_exp_f1:  0.4805 0.4805 0.4805
- val_non_f1:  0.6217 0.6176 0.6197

4096/4096 [==============================] - 768s - loss: 0.8878 - val_loss: 1.2228
Epoch 10/1000
4032/4096 [============================>.] - ETA: 11s - loss: 0.8352
- val_loss: 1.2164
- val_all_f1:  0.5901 0.5901 0.5901
- val_exp_f1:  0.4805 0.4805 0.4805
- val_non_f1:  0.6217 0.6176 0.6197

4096/4096 [==============================] - 740s - loss: 0.8323 - val_loss: 1.2164
Epoch 11/1000
4032/4096 [============================>.] - ETA: 11s - loss: 0.8805
- val_loss: 1.2183
- val_all_f1:  0.5979 0.5979 0.5979
- val_exp_f1:  0.5195 0.5195 0.5195
- val_non_f1:  0.6217 0.6176 0.6197

4096/4096 [==============================] - 732s - loss: 0.8796 - val_loss: 1.2183
Epoch 12/1000
4032/4096 [============================>.] - ETA: 11s - loss: 0.8275
- val_loss: 1.1514
- val_all_f1:  0.6031 0.6031 0.6031
- val_exp_f1:  0.5455 0.5455 0.5455
- val_non_f1:  0.6217 0.6176 0.6197

4096/4096 [==============================] - 729s - loss: 0.8289 - val_loss: 1.1514
Epoch 13/1000
4032/4096 [============================>.] - ETA: 11s - loss: 0.7584
- val_loss: 1.1062
- val_all_f1:  0.6031 0.6031 0.6031
- val_exp_f1:  0.5455 0.5455 0.5455
- val_non_f1:  0.6217 0.6176 0.6197

4096/4096 [==============================] - 735s - loss: 0.7550 - val_loss: 1.1062
Epoch 14/1000
4032/4096 [============================>.] - ETA: 11s - loss: 0.7481
- val_loss: 1.0935
- val_all_f1:  0.6084 0.6084 0.6084
- val_exp_f1:  0.5714 0.5714 0.5714
- val_non_f1:  0.6217 0.6176 0.6197

4096/4096 [==============================] - 739s - loss: 0.7480 - val_loss: 1.0935
Epoch 15/1000
4032/4096 [============================>.] - ETA: 11s - loss: 0.7380
- val_loss: 1.0779
- val_all_f1:  0.6162 0.6162 0.6162
- val_exp_f1:  0.5714 0.5714 0.5714
- val_non_f1:  0.6316 0.6275 0.6295

4096/4096 [==============================] - 730s - loss: 0.7382 - val_loss: 1.0779
Epoch 16/1000
4032/4096 [============================>.] - ETA: 10s - loss: 0.7378
- val_loss: 1.0850
- val_all_f1:  0.6084 0.6084 0.6084
- val_exp_f1:  0.5714 0.5714 0.5714
- val_non_f1:  0.6217 0.6176 0.6197

4096/4096 [==============================] - 727s - loss: 0.7395 - val_loss: 1.0850
Epoch 17/1000
4032/4096 [============================>.] - ETA: 11s - loss: 0.7063
- val_loss: 1.1527
- val_all_f1:  0.5979 0.5979 0.5979
- val_exp_f1:  0.5195 0.5195 0.5195
- val_non_f1:  0.6238 0.6176 0.6207

4096/4096 [==============================] - 730s - loss: 0.7183 - val_loss: 1.1527
Epoch 18/1000
4032/4096 [============================>.] - ETA: 11s - loss: 0.7421
- val_loss: 1.0664
- val_all_f1:  0.6084 0.6084 0.6084
- val_exp_f1:  0.5714 0.5714 0.5714
- val_non_f1:  0.6238 0.6176 0.6207

4096/4096 [==============================] - 767s - loss: 0.7428 - val_loss: 1.0664
Epoch 19/1000
4032/4096 [============================>.] - ETA: 11s - loss: 0.7103
- val_loss: 1.0868
- val_all_f1:  0.6214 0.6214 0.6214
- val_exp_f1:  0.6234 0.6234 0.6234
- val_non_f1:  0.6230 0.6209 0.6219

4096/4096 [==============================] - 784s - loss: 0.7061 - val_loss: 1.0868
Epoch 20/1000
4032/4096 [============================>.] - ETA: 12s - loss: 0.6626
- val_loss: 1.0881
- val_all_f1:  0.6084 0.6084 0.6084
- val_exp_f1:  0.5714 0.5714 0.5714
- val_non_f1:  0.6238 0.6176 0.6207

4096/4096 [==============================] - 804s - loss: 0.6652 - val_loss: 1.0881
Epoch 21/1000
4032/4096 [============================>.] - ETA: 12s - loss: 0.7170
- val_loss: 1.0937
- val_all_f1:  0.6240 0.6240 0.6240
- val_exp_f1:  0.6494 0.6494 0.6494
- val_non_f1:  0.6217 0.6176 0.6197

4096/4096 [==============================] - 796s - loss: 0.7183 - val_loss: 1.0937
Epoch 22/1000
4032/4096 [============================>.] - ETA: 12s - loss: 0.7348
- val_loss: 1.0537
- val_all_f1:  0.6084 0.6084 0.6084
- val_exp_f1:  0.5714 0.5714 0.5714
- val_non_f1:  0.6238 0.6176 0.6207

4096/4096 [==============================] - 811s - loss: 0.7321 - val_loss: 1.0537
Epoch 23/1000
4032/4096 [============================>.] - ETA: 12s - loss: 0.7028
- val_loss: 1.0431
- val_all_f1:  0.6084 0.6084 0.6084
- val_exp_f1:  0.5714 0.5714 0.5714
- val_non_f1:  0.6238 0.6176 0.6207

4096/4096 [==============================] - 804s - loss: 0.7005 - val_loss: 1.0431
Epoch 24/1000
4032/4096 [============================>.] - ETA: 12s - loss: 0.6678
- val_loss: 1.0926
- val_all_f1:  0.6005 0.6005 0.6005
- val_exp_f1:  0.5325 0.5325 0.5325
- val_non_f1:  0.6238 0.6176 0.6207

4096/4096 [==============================] - 804s - loss: 0.6668 - val_loss: 1.0926
Epoch 25/1000
4032/4096 [============================>.] - ETA: 12s - loss: 0.6830
- val_loss: 1.0659
- val_all_f1:  0.6084 0.6084 0.6084
- val_exp_f1:  0.5714 0.5714 0.5714
- val_non_f1:  0.6238 0.6176 0.6207

4096/4096 [==============================] - 804s - loss: 0.6818 - val_loss: 1.0659
Epoch 26/1000
4032/4096 [============================>.] - ETA: 12s - loss: 0.6445
- val_loss: 1.0944
- val_all_f1:  0.6110 0.6110 0.6110
- val_exp_f1:  0.5844 0.5844 0.5844
- val_non_f1:  0.6197 0.6176 0.6187

4096/4096 [==============================] - 818s - loss: 0.6577 - val_loss: 1.0944
Epoch 27/1000
4032/4096 [============================>.] - ETA: 11s - loss: 0.7586
- val_loss: 1.0738
- val_all_f1:  0.6162 0.6162 0.6162
- val_exp_f1:  0.5714 0.5714 0.5714
- val_non_f1:  0.6275 0.6275 0.6275

4096/4096 [==============================] - 775s - loss: 0.7591 - val_loss: 1.0738
Epoch 28/1000
4032/4096 [============================>.] - ETA: 11s - loss: 0.7074
- val_loss: 1.0699
- val_all_f1:  0.6188 0.6188 0.6188
- val_exp_f1:  0.5844 0.5844 0.5844
- val_non_f1:  0.6295 0.6275 0.6285

4096/4096 [==============================] - 766s - loss: 0.7051 - val_loss: 1.0699
Epoch 29/1000
4032/4096 [============================>.] - ETA: 11s - loss: 0.6722
- val_loss: 1.0321
- val_all_f1:  0.6214 0.6214 0.6214
- val_exp_f1:  0.5455 0.5455 0.5455
- val_non_f1:  0.6447 0.6405 0.6426

4096/4096 [==============================] - 729s - loss: 0.6743 - val_loss: 1.0321
Epoch 30/1000
4032/4096 [============================>.] - ETA: 11s - loss: 0.6427
- val_loss: 1.0021
- val_all_f1:  0.6397 0.6397 0.6397
- val_exp_f1:  0.5844 0.5844 0.5844
- val_non_f1:  0.6579 0.6536 0.6557

4096/4096 [==============================] - 738s - loss: 0.6441 - val_loss: 1.0021
Epoch 31/1000
4032/4096 [============================>.] - ETA: 11s - loss: 0.6731
- val_loss: 1.0280
- val_all_f1:  0.6475 0.6475 0.6475
- val_exp_f1:  0.6104 0.6104 0.6104
- val_non_f1:  0.6569 0.6569 0.6569

4096/4096 [==============================] - 750s - loss: 0.6740 - val_loss: 1.0280
Epoch 32/1000
4032/4096 [============================>.] - ETA: 11s - loss: 0.6589
- val_loss: 1.0354
- val_all_f1:  0.6214 0.6214 0.6214
- val_exp_f1:  0.5974 0.5974 0.5974
- val_non_f1:  0.6295 0.6275 0.6285

4096/4096 [==============================] - 749s - loss: 0.6581 - val_loss: 1.0354
Epoch 33/1000
4032/4096 [============================>.] - ETA: 11s - loss: 0.6091
- val_loss: 0.9930
- val_all_f1:  0.6345 0.6345 0.6345
- val_exp_f1:  0.6104 0.6104 0.6104
- val_non_f1:  0.6426 0.6405 0.6416

4096/4096 [==============================] - 728s - loss: 0.6089 - val_loss: 0.9930
Epoch 34/1000
4032/4096 [============================>.] - ETA: 11s - loss: 0.6029
- val_loss: 0.9749
- val_all_f1:  0.6501 0.6501 0.6501
- val_exp_f1:  0.5974 0.5974 0.5974
- val_non_f1:  0.6656 0.6634 0.6645

4096/4096 [==============================] - 729s - loss: 0.6059 - val_loss: 0.9749
Epoch 35/1000
4032/4096 [============================>.] - ETA: 10s - loss: 0.6258
- val_loss: 1.0192
- val_all_f1:  0.6031 0.6031 0.6031
- val_exp_f1:  0.5325 0.5325 0.5325
- val_non_f1:  0.6271 0.6209 0.6240

4096/4096 [==============================] - 722s - loss: 0.6242 - val_loss: 1.0192
Epoch 36/1000
4032/4096 [============================>.] - ETA: 11s - loss: 0.6117
- val_loss: 1.0137
- val_all_f1:  0.6084 0.6084 0.6084
- val_exp_f1:  0.5455 0.5455 0.5455
- val_non_f1:  0.6262 0.6242 0.6252

4096/4096 [==============================] - 738s - loss: 0.6147 - val_loss: 1.0137
Epoch 37/1000
4032/4096 [============================>.] - ETA: 11s - loss: 0.6715
- val_loss: 1.0294
- val_all_f1:  0.6188 0.6188 0.6188
- val_exp_f1:  0.5714 0.5714 0.5714
- val_non_f1:  0.6328 0.6307 0.6318

4096/4096 [==============================] - 745s - loss: 0.6714 - val_loss: 1.0294
Epoch 38/1000
4032/4096 [============================>.] - ETA: 11s - loss: 0.6228
- val_loss: 1.0236
- val_all_f1:  0.6266 0.6266 0.6266
- val_exp_f1:  0.5714 0.5714 0.5714
- val_non_f1:  0.6447 0.6405 0.6426

4096/4096 [==============================] - 768s - loss: 0.6187 - val_loss: 1.0236
Epoch 39/1000
4032/4096 [============================>.] - ETA: 11s - loss: 0.6217
- val_loss: 1.0032
- val_all_f1:  0.6266 0.6266 0.6266
- val_exp_f1:  0.5844 0.5844 0.5844
- val_non_f1:  0.6414 0.6373 0.6393

4096/4096 [==============================] - 749s - loss: 0.6239 - val_loss: 1.0032
Epoch 40/1000
4032/4096 [============================>.] - ETA: 11s - loss: 0.5851
- val_loss: 1.0027
- val_all_f1:  0.6345 0.6345 0.6345
- val_exp_f1:  0.6364 0.6364 0.6364
- val_non_f1:  0.6382 0.6340 0.6361

4096/4096 [==============================] - 753s - loss: 0.5850 - val_loss: 1.0027
Epoch 41/1000
4032/4096 [============================>.] - ETA: 11s - loss: 0.5747
- val_loss: 0.9964
- val_all_f1:  0.6423 0.6423 0.6423
- val_exp_f1:  0.6753 0.6753 0.6753
- val_non_f1:  0.6382 0.6340 0.6361

4096/4096 [==============================] - 748s - loss: 0.5716 - val_loss: 0.9964
Epoch 42/1000
4032/4096 [============================>.] - ETA: 11s - loss: 0.5914
- val_loss: 0.9772
- val_all_f1:  0.6475 0.6475 0.6475
- val_exp_f1:  0.6753 0.6753 0.6753
- val_non_f1:  0.6447 0.6405 0.6426

4096/4096 [==============================] - 730s - loss: 0.5887 - val_loss: 0.9772
Epoch 43/1000
4032/4096 [============================>.] - ETA: 10s - loss: 0.5810
- val_loss: 0.9422
- val_all_f1:  0.6658 0.6658 0.6658
- val_exp_f1:  0.6883 0.6883 0.6883
- val_non_f1:  0.6645 0.6601 0.6623

4096/4096 [==============================] - 709s - loss: 0.5798 - val_loss: 0.9422
Epoch 44/1000
4032/4096 [============================>.] - ETA: 10s - loss: 0.5773
- val_loss: 0.9874
- val_all_f1:  0.6371 0.6371 0.6371
- val_exp_f1:  0.6364 0.6364 0.6364
- val_non_f1:  0.6373 0.6373 0.6373

4096/4096 [==============================] - 707s - loss: 0.5764 - val_loss: 0.9874
Epoch 45/1000
4032/4096 [============================>.] - ETA: 10s - loss: 0.5819
- val_loss: 0.9344
- val_all_f1:  0.6762 0.6762 0.6762
- val_exp_f1:  0.7662 0.7662 0.7662
- val_non_f1:  0.6579 0.6536 0.6557

4096/4096 [==============================] - 710s - loss: 0.5833 - val_loss: 0.9344
Epoch 46/1000
4032/4096 [============================>.] - ETA: 10s - loss: 0.6553
- val_loss: 0.9778
- val_all_f1:  0.6501 0.6501 0.6501
- val_exp_f1:  0.5974 0.5974 0.5974
- val_non_f1:  0.6656 0.6634 0.6645

4096/4096 [==============================] - 692s - loss: 0.6529 - val_loss: 0.9778
Epoch 47/1000
4032/4096 [============================>.] - ETA: 10s - loss: 0.5893
- val_loss: 0.9661
- val_all_f1:  0.6710 0.6710 0.6710
- val_exp_f1:  0.7143 0.7143 0.7143
- val_non_f1:  0.6601 0.6601 0.6601

4096/4096 [==============================] - 680s - loss: 0.5864 - val_loss: 0.9661
Epoch 48/1000
4032/4096 [============================>.] - ETA: 10s - loss: 0.5633
- val_loss: 0.9523
- val_all_f1:  0.6527 0.6527 0.6527
- val_exp_f1:  0.6364 0.6364 0.6364
- val_non_f1:  0.6569 0.6569 0.6569

4096/4096 [==============================] - 686s - loss: 0.5630 - val_loss: 0.9523
Epoch 49/1000
4032/4096 [============================>.] - ETA: 10s - loss: 0.5880
- val_loss: 0.9400
- val_all_f1:  0.6762 0.6762 0.6762
- val_exp_f1:  0.7662 0.7662 0.7662
- val_non_f1:  0.6601 0.6536 0.6568

4096/4096 [==============================] - 684s - loss: 0.5882 - val_loss: 0.9400
Epoch 50/1000
4032/4096 [============================>.] - ETA: 10s - loss: 0.5951
- val_loss: 0.9659
- val_all_f1:  0.6789 0.6789 0.6789
- val_exp_f1:  0.7922 0.7922 0.7922
- val_non_f1:  0.6546 0.6503 0.6525

4096/4096 [==============================] - 698s - loss: 0.5914 - val_loss: 0.9659
Epoch 51/1000
4032/4096 [============================>.] - ETA: 10s - loss: 0.5904
- val_loss: 0.9458
- val_all_f1:  0.6501 0.6501 0.6501
- val_exp_f1:  0.7403 0.7403 0.7403
- val_non_f1:  0.6337 0.6275 0.6305

4096/4096 [==============================] - 702s - loss: 0.5919 - val_loss: 0.9458
Epoch 52/1000
4032/4096 [============================>.] - ETA: 10s - loss: 0.5200
- val_loss: 0.9095
- val_all_f1:  0.6762 0.6762 0.6762
- val_exp_f1:  0.7922 0.7922 0.7922
- val_non_f1:  0.6535 0.6471 0.6502

4096/4096 [==============================] - 685s - loss: 0.5163 - val_loss: 0.9095
Epoch 53/1000
4032/4096 [============================>.] - ETA: 10s - loss: 0.5375
- val_loss: 0.9135
- val_all_f1:  0.6867 0.6867 0.6867
- val_exp_f1:  0.7792 0.7792 0.7792
- val_non_f1:  0.6700 0.6634 0.6667

4096/4096 [==============================] - 695s - loss: 0.5402 - val_loss: 0.9135
Epoch 54/1000
4032/4096 [============================>.] - ETA: 10s - loss: 0.5543
- val_loss: 0.9117
- val_all_f1:  0.6658 0.6658 0.6658
- val_exp_f1:  0.7662 0.7662 0.7662
- val_non_f1:  0.6469 0.6405 0.6437

4096/4096 [==============================] - 691s - loss: 0.5544 - val_loss: 0.9117
Epoch 55/1000
4032/4096 [============================>.] - ETA: 10s - loss: 0.5819
- val_loss: 0.9326
- val_all_f1:  0.6710 0.6710 0.6710
- val_exp_f1:  0.7662 0.7662 0.7662
- val_non_f1:  0.6513 0.6471 0.6492

4096/4096 [==============================] - 690s - loss: 0.5821 - val_loss: 0.9326
Epoch 56/1000
4032/4096 [============================>.] - ETA: 10s - loss: 0.5145
- val_loss: 0.9432
- val_all_f1:  0.6762 0.6762 0.6762
- val_exp_f1:  0.8052 0.8052 0.8052
- val_non_f1:  0.6480 0.6438 0.6459

4096/4096 [==============================] - 700s - loss: 0.5169 - val_loss: 0.9432
Epoch 57/1000
4032/4096 [============================>.] - ETA: 10s - loss: 0.5341
- val_loss: 0.9315
- val_all_f1:  0.6762 0.6762 0.6762
- val_exp_f1:  0.7792 0.7792 0.7792
- val_non_f1:  0.6546 0.6503 0.6525

4096/4096 [==============================] - 703s - loss: 0.5358 - val_loss: 0.9315
Epoch 58/1000
4032/4096 [============================>.] - ETA: 10s - loss: 0.5531
- val_loss: 0.9261
- val_all_f1:  0.6841 0.6841 0.6841
- val_exp_f1:  0.8052 0.8052 0.8052
- val_non_f1:  0.6557 0.6536 0.6547

4096/4096 [==============================] - 712s - loss: 0.5548 - val_loss: 0.9261
Epoch 59/1000
4032/4096 [============================>.] - ETA: 11s - loss: 0.5816
- val_loss: 0.9474
- val_all_f1:  0.6658 0.6658 0.6658
- val_exp_f1:  0.7662 0.7662 0.7662
- val_non_f1:  0.6447 0.6405 0.6426

4096/4096 [==============================] - 737s - loss: 0.5845 - val_loss: 0.9474
Epoch 60/1000
4032/4096 [============================>.] - ETA: 10s - loss: 0.5504
- val_loss: 0.9230
- val_all_f1:  0.6789 0.6789 0.6789
- val_exp_f1:  0.8052 0.8052 0.8052
- val_non_f1:  0.6492 0.6471 0.6481

4096/4096 [==============================] - 703s - loss: 0.5471 - val_loss: 0.9230
Epoch 61/1000
4032/4096 [============================>.] - ETA: 10s - loss: 0.5230
- val_loss: 0.9001
- val_all_f1:  0.6893 0.6893 0.6893
- val_exp_f1:  0.7792 0.7792 0.7792
- val_non_f1:  0.6711 0.6667 0.6689

4096/4096 [==============================] - 694s - loss: 0.5207 - val_loss: 0.9001
Epoch 62/1000
4032/4096 [============================>.] - ETA: 10s - loss: 0.5298
- val_loss: 0.9547
- val_all_f1:  0.6684 0.6684 0.6684
- val_exp_f1:  0.7403 0.7403 0.7403
- val_non_f1:  0.6525 0.6503 0.6514

4096/4096 [==============================] - 674s - loss: 0.5276 - val_loss: 0.9547
Epoch 63/1000
4032/4096 [============================>.] - ETA: 9s - loss: 0.5034 
- val_loss: 0.9135
- val_all_f1:  0.6789 0.6789 0.6789
- val_exp_f1:  0.7532 0.7532 0.7532
- val_non_f1:  0.6623 0.6601 0.6612

4096/4096 [==============================] - 653s - loss: 0.5027 - val_loss: 0.9135
Epoch 64/1000
4032/4096 [============================>.] - ETA: 10s - loss: 0.5381
- val_loss: 0.9518
- val_all_f1:  0.6684 0.6684 0.6684
- val_exp_f1:  0.7792 0.7792 0.7792
- val_non_f1:  0.6447 0.6405 0.6426

4096/4096 [==============================] - 662s - loss: 0.5390 - val_loss: 0.9518
Epoch 65/1000
4032/4096 [============================>.] - ETA: 9s - loss: 0.5159 
- val_loss: 0.9073
- val_all_f1:  0.6789 0.6789 0.6789
- val_exp_f1:  0.7922 0.7922 0.7922
- val_non_f1:  0.6546 0.6503 0.6525

4096/4096 [==============================] - 621s - loss: 0.5170 - val_loss: 0.9073
Epoch 66/1000
4032/4096 [============================>.] - ETA: 9s - loss: 0.5489 
- val_loss: 0.9016
- val_all_f1:  0.6710 0.6710 0.6710
- val_exp_f1:  0.8312 0.8312 0.8312
- val_non_f1:  0.6349 0.6307 0.6328

4096/4096 [==============================] - 607s - loss: 0.5471 - val_loss: 0.9016
Epoch 67/1000
4032/4096 [============================>.] - ETA: 9s - loss: 0.5459 
- val_loss: 0.9265
- val_all_f1:  0.6841 0.6841 0.6841
- val_exp_f1:  0.8052 0.8052 0.8052
- val_non_f1:  0.6579 0.6536 0.6557

4096/4096 [==============================] - 646s - loss: 0.5441 - val_loss: 0.9265
Epoch 68/1000
4032/4096 [============================>.] - ETA: 10s - loss: 0.5742
- val_loss: 0.8996
- val_all_f1:  0.6841 0.6841 0.6841
- val_exp_f1:  0.7792 0.7792 0.7792
- val_non_f1:  0.6623 0.6601 0.6612

4096/4096 [==============================] - 662s - loss: 0.5755 - val_loss: 0.8996
Epoch 69/1000
4032/4096 [============================>.] - ETA: 9s - loss: 0.5864 
- val_loss: 0.9467
- val_all_f1:  0.6919 0.6919 0.6919
- val_exp_f1:  0.8442 0.8442 0.8442
- val_non_f1:  0.6557 0.6536 0.6547

4096/4096 [==============================] - 632s - loss: 0.5855 - val_loss: 0.9467
Epoch 70/1000
4032/4096 [============================>.] - ETA: 9s - loss: 0.5446 
- val_loss: 0.8972
- val_all_f1:  0.6919 0.6919 0.6919
- val_exp_f1:  0.8312 0.8312 0.8312
- val_non_f1:  0.6612 0.6569 0.6590

4096/4096 [==============================] - 610s - loss: 0.5472 - val_loss: 0.8972
Epoch 71/1000
4032/4096 [============================>.] - ETA: 8s - loss: 0.5123 
- val_loss: 0.9050
- val_all_f1:  0.6919 0.6919 0.6919
- val_exp_f1:  0.8442 0.8442 0.8442
- val_non_f1:  0.6557 0.6536 0.6547

4096/4096 [==============================] - 590s - loss: 0.5136 - val_loss: 0.9050
Epoch 72/1000
4032/4096 [============================>.] - ETA: 8s - loss: 0.5401 
- val_loss: 0.9023
- val_all_f1:  0.6841 0.6841 0.6841
- val_exp_f1:  0.7922 0.7922 0.7922
- val_non_f1:  0.6590 0.6569 0.6579

4096/4096 [==============================] - 592s - loss: 0.5389 - val_loss: 0.9023
Epoch 73/1000
4032/4096 [============================>.] - ETA: 9s - loss: 0.5366 
- val_loss: 0.9019
- val_all_f1:  0.6945 0.6945 0.6945
- val_exp_f1:  0.8312 0.8312 0.8312
- val_non_f1:  0.6645 0.6601 0.6623

4096/4096 [==============================] - 645s - loss: 0.5346 - val_loss: 0.9019
Epoch 74/1000
4032/4096 [============================>.] - ETA: 8s - loss: 0.4979 
- val_loss: 0.8941
- val_all_f1:  0.6971 0.6971 0.6971
- val_exp_f1:  0.8052 0.8052 0.8052
- val_non_f1:  0.6721 0.6699 0.6710

4096/4096 [==============================] - 591s - loss: 0.4961 - val_loss: 0.8941
Epoch 75/1000
4032/4096 [============================>.] - ETA: 8s - loss: 0.5173 
- val_loss: 0.9168
- val_all_f1:  0.6867 0.6867 0.6867
- val_exp_f1:  0.8442 0.8442 0.8442
- val_non_f1:  0.6513 0.6471 0.6492

4096/4096 [==============================] - 598s - loss: 0.5183 - val_loss: 0.9168
Epoch 76/1000
4032/4096 [============================>.] - ETA: 8s - loss: 0.5026 
- val_loss: 0.8755
- val_all_f1:  0.6945 0.6945 0.6945
- val_exp_f1:  0.8312 0.8312 0.8312
- val_non_f1:  0.6623 0.6601 0.6612

4096/4096 [==============================] - 592s - loss: 0.5014 - val_loss: 0.8755
Epoch 77/1000
4032/4096 [============================>.] - ETA: 9s - loss: 0.4978 
- val_loss: 0.8854
- val_all_f1:  0.6971 0.6971 0.6971
- val_exp_f1:  0.8571 0.8571 0.8571
- val_non_f1:  0.6612 0.6569 0.6590

4096/4096 [==============================] - 599s - loss: 0.4976 - val_loss: 0.8854
Epoch 78/1000
4032/4096 [============================>.] - ETA: 8s - loss: 0.5538 
- val_loss: 0.9076
- val_all_f1:  0.6893 0.6893 0.6893
- val_exp_f1:  0.8442 0.8442 0.8442
- val_non_f1:  0.6525 0.6503 0.6514

4096/4096 [==============================] - 593s - loss: 0.5549 - val_loss: 0.9076
Epoch 79/1000
4032/4096 [============================>.] - ETA: 8s - loss: 0.5017 
- val_loss: 0.8719
- val_all_f1:  0.6789 0.6789 0.6789
- val_exp_f1:  0.8312 0.8312 0.8312
- val_non_f1:  0.6426 0.6405 0.6416

4096/4096 [==============================] - 589s - loss: 0.5006 - val_loss: 0.8719
Epoch 80/1000
4032/4096 [============================>.] - ETA: 8s - loss: 0.4939 
- val_loss: 0.8644
- val_all_f1:  0.6893 0.6893 0.6893
- val_exp_f1:  0.8182 0.8182 0.8182
- val_non_f1:  0.6590 0.6569 0.6579

4096/4096 [==============================] - 584s - loss: 0.5004 - val_loss: 0.8644
Epoch 81/1000
4032/4096 [============================>.] - ETA: 8s - loss: 0.5269 
- val_loss: 0.8806
- val_all_f1:  0.6945 0.6945 0.6945
- val_exp_f1:  0.8571 0.8571 0.8571
- val_non_f1:  0.6557 0.6536 0.6547

4096/4096 [==============================] - 590s - loss: 0.5310 - val_loss: 0.8806
Epoch 82/1000
4032/4096 [============================>.] - ETA: 8s - loss: 0.4966 
- val_loss: 0.8967
- val_all_f1:  0.6841 0.6841 0.6841
- val_exp_f1:  0.8312 0.8312 0.8312
- val_non_f1:  0.6492 0.6471 0.6481

4096/4096 [==============================] - 592s - loss: 0.4998 - val_loss: 0.8967
Epoch 83/1000
4032/4096 [============================>.] - ETA: 8s - loss: 0.4909 
- val_loss: 0.8986
- val_all_f1:  0.6867 0.6867 0.6867
- val_exp_f1:  0.8571 0.8571 0.8571
- val_non_f1:  0.6459 0.6438 0.6448

4096/4096 [==============================] - 596s - loss: 0.4919 - val_loss: 0.8986
Epoch 84/1000
4032/4096 [============================>.] - ETA: 9s - loss: 0.5268 
- val_loss: 0.8939
- val_all_f1:  0.6762 0.6762 0.6762
- val_exp_f1:  0.7763 0.7662 0.7712
- val_non_f1:  0.6557 0.6536 0.6547

4096/4096 [==============================] - 602s - loss: 0.5269 - val_loss: 0.8939
Epoch 85/1000
4032/4096 [============================>.] - ETA: 9s - loss: 0.5054 
- val_loss: 0.8869
- val_all_f1:  0.6841 0.6841 0.6841
- val_exp_f1:  0.8312 0.8312 0.8312
- val_non_f1:  0.6513 0.6471 0.6492

4096/4096 [==============================] - 602s - loss: 0.5069 - val_loss: 0.8869
Epoch 86/1000
4032/4096 [============================>.] - ETA: 8s - loss: 0.5005 
- val_loss: 1.0107
- val_all_f1:  0.6449 0.6449 0.6449
- val_exp_f1:  0.8182 0.8182 0.8182
- val_non_f1:  0.6033 0.6013 0.6023

4096/4096 [==============================] - 586s - loss: 0.5028 - val_loss: 1.0107
Epoch 87/1000
4032/4096 [============================>.] - ETA: 8s - loss: 0.5308 
- val_loss: 0.9656
- val_all_f1:  0.6815 0.6815 0.6815
- val_exp_f1:  0.8701 0.8701 0.8701
- val_non_f1:  0.6361 0.6340 0.6350

4096/4096 [==============================] - 584s - loss: 0.5298 - val_loss: 0.9656
Epoch 88/1000
4032/4096 [============================>.] - ETA: 8s - loss: 0.4977 
- val_loss: 0.9830
- val_all_f1:  0.6893 0.6893 0.6893
- val_exp_f1:  0.8312 0.8312 0.8312
- val_non_f1:  0.6536 0.6536 0.6536

4096/4096 [==============================] - 560s - loss: 0.4979 - val_loss: 0.9830
Epoch 89/1000
4032/4096 [============================>.] - ETA: 8s - loss: 0.4899 
- val_loss: 0.9017
- val_all_f1:  0.6789 0.6789 0.6789
- val_exp_f1:  0.8052 0.8052 0.8052
- val_non_f1:  0.6492 0.6471 0.6481

4096/4096 [==============================] - 556s - loss: 0.4883 - val_loss: 0.9017
Epoch 90/1000
4032/4096 [============================>.] - ETA: 8s - loss: 0.5146 
- val_loss: 0.9590
- val_all_f1:  0.6710 0.6710 0.6710
- val_exp_f1:  0.7922 0.7922 0.7922
- val_non_f1:  0.6426 0.6405 0.6416

4096/4096 [==============================] - 557s - loss: 0.5144 - val_loss: 0.9590
Epoch 91/1000
4032/4096 [============================>.] - ETA: 8s - loss: 0.4956 
- val_loss: 0.8610
- val_all_f1:  0.6919 0.6919 0.6919
- val_exp_f1:  0.8052 0.8052 0.8052
- val_non_f1:  0.6656 0.6634 0.6645

4096/4096 [==============================] - 546s - loss: 0.4957 - val_loss: 0.8610
Epoch 92/1000
4032/4096 [============================>.] - ETA: 8s - loss: 0.4741 
- val_loss: 0.9418
- val_all_f1:  0.6684 0.6684 0.6684
- val_exp_f1:  0.8312 0.8312 0.8312
- val_non_f1:  0.6295 0.6275 0.6285

4096/4096 [==============================] - 550s - loss: 0.4723 - val_loss: 0.9418
Epoch 93/1000
4032/4096 [============================>.] - ETA: 8s - loss: 0.4895 
- val_loss: 0.9343
- val_all_f1:  0.6945 0.6945 0.6945
- val_exp_f1:  0.8442 0.8442 0.8442
- val_non_f1:  0.6590 0.6569 0.6579

4096/4096 [==============================] - 548s - loss: 0.4885 - val_loss: 0.9343
Epoch 94/1000
4032/4096 [============================>.] - ETA: 8s - loss: 0.4698 
- val_loss: 0.9664
- val_all_f1:  0.6789 0.6789 0.6789
- val_exp_f1:  0.8831 0.8831 0.8831
- val_non_f1:  0.6316 0.6275 0.6295

4096/4096 [==============================] - 550s - loss: 0.4749 - val_loss: 0.9664
Epoch 95/1000
4032/4096 [============================>.] - ETA: 8s - loss: 0.5064 
- val_loss: 0.9056
- val_all_f1:  0.7076 0.7076 0.7076
- val_exp_f1:  0.9221 0.9221 0.9221
- val_non_f1:  0.6579 0.6536 0.6557

4096/4096 [==============================] - 566s - loss: 0.5062 - val_loss: 0.9056
Epoch 96/1000
4032/4096 [============================>.] - ETA: 8s - loss: 0.4660 
- val_loss: 0.8883
- val_all_f1:  0.6789 0.6789 0.6789
- val_exp_f1:  0.8701 0.8701 0.8701
- val_non_f1:  0.6328 0.6307 0.6318

4096/4096 [==============================] - 562s - loss: 0.4623 - val_loss: 0.8883
Epoch 97/1000
4032/4096 [============================>.] - ETA: 8s - loss: 0.4792 
- val_loss: 0.8922
- val_all_f1:  0.6893 0.6893 0.6893
- val_exp_f1:  0.8831 0.8831 0.8831
- val_non_f1:  0.6447 0.6405 0.6426

4096/4096 [==============================] - 566s - loss: 0.4781 - val_loss: 0.8922
Epoch 98/1000
4032/4096 [============================>.] - ETA: 8s - loss: 0.4646 
- val_loss: 0.8696
- val_all_f1:  0.6841 0.6841 0.6841
- val_exp_f1:  0.8571 0.8571 0.8571
- val_non_f1:  0.6447 0.6405 0.6426

4096/4096 [==============================] - 558s - loss: 0.4648 - val_loss: 0.8696
Epoch 99/1000
4032/4096 [============================>.] - ETA: 8s - loss: 0.4685 
- val_loss: 0.8654
- val_all_f1:  0.6893 0.6893 0.6893
- val_exp_f1:  0.8571 0.8571 0.8571
- val_non_f1:  0.6513 0.6471 0.6492

4096/4096 [==============================] - 559s - loss: 0.4679 - val_loss: 0.8654
Epoch 100/1000
4032/4096 [============================>.] - ETA: 8s - loss: 0.5139 
- val_loss: 0.9095
- val_all_f1:  0.6736 0.6736 0.6736
- val_exp_f1:  0.8831 0.8831 0.8831
- val_non_f1:  0.6250 0.6209 0.6230

4096/4096 [==============================] - 563s - loss: 0.5167 - val_loss: 0.9095
Epoch 101/1000
4032/4096 [============================>.] - ETA: 8s - loss: 0.4525 
- val_loss: 0.9688
- val_all_f1:  0.6893 0.6893 0.6893
- val_exp_f1:  0.8182 0.8182 0.8182
- val_non_f1:  0.6612 0.6569 0.6590

4096/4096 [==============================] - 576s - loss: 0.4500 - val_loss: 0.9688
Epoch 102/1000
4032/4096 [============================>.] - ETA: 9s - loss: 0.5233 
- val_loss: 0.9862
- val_all_f1:  0.6266 0.6266 0.6266
- val_exp_f1:  0.7403 0.7403 0.7403
- val_non_f1:  0.6020 0.5980 0.6000

4096/4096 [==============================] - 601s - loss: 0.5220 - val_loss: 0.9862
Epoch 103/1000
4032/4096 [============================>.] - ETA: 8s - loss: 0.5313 
- val_loss: 1.0093
- val_all_f1:  0.6188 0.6188 0.6188
- val_exp_f1:  0.7403 0.7403 0.7403
- val_non_f1:  0.5882 0.5882 0.5882

4096/4096 [==============================] - 585s - loss: 0.5316 - val_loss: 1.0093
Epoch 104/1000
4032/4096 [============================>.] - ETA: 8s - loss: 0.5186 
- val_loss: 0.9093
- val_all_f1:  0.6919 0.6919 0.6919
- val_exp_f1:  0.8831 0.8831 0.8831
- val_non_f1:  0.6459 0.6438 0.6448

4096/4096 [==============================] - 589s - loss: 0.5190 - val_loss: 0.9093
Epoch 105/1000
4032/4096 [============================>.] - ETA: 8s - loss: 0.4697 
- val_loss: 0.9430
- val_all_f1:  0.6762 0.6762 0.6762
- val_exp_f1:  0.7273 0.7273 0.7273
- val_non_f1:  0.6656 0.6634 0.6645

4096/4096 [==============================] - 590s - loss: 0.4677 - val_loss: 0.9430
Epoch 106/1000
4032/4096 [============================>.] - ETA: 8s - loss: 0.4850 
- val_loss: 0.9270
- val_all_f1:  0.6606 0.6606 0.6606
- val_exp_f1:  0.7532 0.7532 0.7532
- val_non_f1:  0.6414 0.6373 0.6393

4096/4096 [==============================] - 587s - loss: 0.4872 - val_loss: 0.9270
Epoch 107/1000
4032/4096 [============================>.] - ETA: 8s - loss: 0.5201 
- val_loss: 0.8660
- val_all_f1:  0.6710 0.6710 0.6710
- val_exp_f1:  0.7922 0.7922 0.7922
- val_non_f1:  0.6447 0.6405 0.6426

4096/4096 [==============================] - 580s - loss: 0.5170 - val_loss: 0.8660
Epoch 108/1000
4032/4096 [============================>.] - ETA: 8s - loss: 0.4772 
- val_loss: 0.8885
- val_all_f1:  0.6789 0.6789 0.6789
- val_exp_f1:  0.8267 0.8052 0.8158
- val_non_f1:  0.6513 0.6471 0.6492

4096/4096 [==============================] - 587s - loss: 0.4763 - val_loss: 0.8885
Epoch 109/1000
4032/4096 [============================>.] - ETA: 8s - loss: 0.4770 
- val_loss: 0.8939
- val_all_f1:  0.6893 0.6893 0.6893
- val_exp_f1:  0.8961 0.8961 0.8961
- val_non_f1:  0.6393 0.6373 0.6383

4096/4096 [==============================] - 588s - loss: 0.4782 - val_loss: 0.8939
Epoch 110/1000
4032/4096 [============================>.] - ETA: 8s - loss: 0.4900 
- val_loss: 0.9008
- val_all_f1:  0.6710 0.6710 0.6710
- val_exp_f1:  0.8312 0.8312 0.8312
- val_non_f1:  0.6349 0.6307 0.6328

4096/4096 [==============================] - 596s - loss: 0.4860 - val_loss: 0.9008
Epoch 111/1000
4032/4096 [============================>.] - ETA: 8s - loss: 0.4927 
- val_loss: 0.9398
- val_all_f1:  0.6475 0.6475 0.6475
- val_exp_f1:  0.7763 0.7662 0.7712
- val_non_f1:  0.6197 0.6176 0.6187

4096/4096 [==============================] - 593s - loss: 0.4904 - val_loss: 0.9398
Epoch 112/1000
4032/4096 [============================>.] - ETA: 8s - loss: 0.4431 
- val_loss: 0.8890
- val_all_f1:  0.6710 0.6710 0.6710
- val_exp_f1:  0.8052 0.8052 0.8052
- val_non_f1:  0.6393 0.6373 0.6383

4096/4096 [==============================] - 589s - loss: 0.4415 - val_loss: 0.8890
Epoch 113/1000
4032/4096 [============================>.] - ETA: 8s - loss: 0.4606 
- val_loss: 0.9427
- val_all_f1:  0.6684 0.6684 0.6684
- val_exp_f1:  0.7662 0.7662 0.7662
- val_non_f1:  0.6459 0.6438 0.6448

4096/4096 [==============================] - 594s - loss: 0.4593 - val_loss: 0.9427
Epoch 114/1000
4032/4096 [============================>.] - ETA: 8s - loss: 0.4647 
- val_loss: 0.8687
- val_all_f1:  0.6762 0.6762 0.6762
- val_exp_f1:  0.8442 0.8442 0.8442
- val_non_f1:  0.6361 0.6340 0.6350

4096/4096 [==============================] - 590s - loss: 0.4650 - val_loss: 0.8687
Epoch 115/1000
4032/4096 [============================>.] - ETA: 8s - loss: 0.4483 
- val_loss: 0.9455
- val_all_f1:  0.6345 0.6345 0.6345
- val_exp_f1:  0.8158 0.8052 0.8105
- val_non_f1:  0.5934 0.5915 0.5925

4096/4096 [==============================] - 587s - loss: 0.4482 - val_loss: 0.9455
Epoch 116/1000
4032/4096 [============================>.] - ETA: 8s - loss: 0.4705 
- val_loss: 0.8926
- val_all_f1:  0.6945 0.6945 0.6945
- val_exp_f1:  0.8831 0.8831 0.8831
- val_non_f1:  0.6492 0.6471 0.6481

4096/4096 [==============================] - 590s - loss: 0.4685 - val_loss: 0.8926
Epoch 117/1000
4032/4096 [============================>.] - ETA: 8s - loss: 0.4440 
- val_loss: 0.8609
- val_all_f1:  0.7076 0.7076 0.7076
- val_exp_f1:  0.9221 0.9221 0.9221
- val_non_f1:  0.6557 0.6536 0.6547

4096/4096 [==============================] - 594s - loss: 0.4437 - val_loss: 0.8609
Epoch 118/1000
4032/4096 [============================>.] - ETA: 8s - loss: 0.4125 
- val_loss: 1.0151
- val_all_f1:  0.6762 0.6762 0.6762
- val_exp_f1:  0.9351 0.9351 0.9351
- val_non_f1:  0.6131 0.6111 0.6121

4096/4096 [==============================] - 580s - loss: 0.4118 - val_loss: 1.0151
Epoch 119/1000
4032/4096 [============================>.] - ETA: 8s - loss: 0.4574 
- val_loss: 0.9358
- val_all_f1:  0.6658 0.6658 0.6658
- val_exp_f1:  0.8701 0.8701 0.8701
- val_non_f1:  0.6164 0.6144 0.6154

4096/4096 [==============================] - 584s - loss: 0.4572 - val_loss: 0.9358
Epoch 120/1000
4032/4096 [============================>.] - ETA: 8s - loss: 0.4573 
- val_loss: 0.9362
- val_all_f1:  0.6397 0.6397 0.6397
- val_exp_f1:  0.8026 0.7922 0.7974
- val_non_f1:  0.6033 0.6013 0.6023

4096/4096 [==============================] - 589s - loss: 0.4540 - val_loss: 0.9362
Epoch 121/1000
4032/4096 [============================>.] - ETA: 8s - loss: 0.4353 
- val_loss: 0.9251
- val_all_f1:  0.6789 0.6789 0.6789
- val_exp_f1:  0.8026 0.7922 0.7974
- val_non_f1:  0.6546 0.6503 0.6525

4096/4096 [==============================] - 591s - loss: 0.4350 - val_loss: 0.9251
Epoch 122/1000
4032/4096 [============================>.] - ETA: 8s - loss: 0.4353 
- val_loss: 0.9328
- val_all_f1:  0.6580 0.6580 0.6580
- val_exp_f1:  0.8312 0.8312 0.8312
- val_non_f1:  0.6164 0.6144 0.6154

4096/4096 [==============================] - 590s - loss: 0.4391 - val_loss: 0.9328
Epoch 123/1000
4032/4096 [============================>.] - ETA: 8s - loss: 0.4205 
- val_loss: 0.9253
- val_all_f1:  0.6554 0.6554 0.6554
- val_exp_f1:  0.8182 0.8182 0.8182
- val_non_f1:  0.6164 0.6144 0.6154

4096/4096 [==============================] - 586s - loss: 0.4225 - val_loss: 0.9253
Epoch 124/1000
4032/4096 [============================>.] - ETA: 8s - loss: 0.3867 
- val_loss: 0.9396
- val_all_f1:  0.6449 0.6449 0.6449
- val_exp_f1:  0.8553 0.8442 0.8497
- val_non_f1:  0.5967 0.5948 0.5957

4096/4096 [==============================] - 590s - loss: 0.3885 - val_loss: 0.9396
Epoch 125/1000
4032/4096 [============================>.] - ETA: 8s - loss: 0.4389 
- val_loss: 0.9041
- val_all_f1:  0.6762 0.6762 0.6762
- val_exp_f1:  0.7922 0.7922 0.7922
- val_non_f1:  0.6492 0.6471 0.6481

4096/4096 [==============================] - 597s - loss: 0.4407 - val_loss: 0.9041
Epoch 126/1000
4032/4096 [============================>.] - ETA: 9s - loss: 0.4300 
- val_loss: 0.8792
- val_all_f1:  0.6971 0.6971 0.6971
- val_exp_f1:  0.9091 0.9091 0.9091
- val_non_f1:  0.6459 0.6438 0.6448

4096/4096 [==============================] - 605s - loss: 0.4288 - val_loss: 0.8792
Epoch 127/1000
4032/4096 [============================>.] - ETA: 9s - loss: 0.4238 
- val_loss: 0.9113
- val_all_f1:  0.6971 0.6971 0.6971
- val_exp_f1:  0.8052 0.8052 0.8052
- val_non_f1:  0.6721 0.6699 0.6710

4096/4096 [==============================] - 604s - loss: 0.4290 - val_loss: 0.9113
Epoch 128/1000
4032/4096 [============================>.] - ETA: 8s - loss: 0.4677 
- val_loss: 0.9750
- val_all_f1:  0.6527 0.6527 0.6527
- val_exp_f1:  0.8571 0.8571 0.8571
- val_non_f1:  0.6033 0.6013 0.6023

4096/4096 [==============================] - 597s - loss: 0.4684 - val_loss: 0.9750
Epoch 129/1000
4032/4096 [============================>.] - ETA: 8s - loss: 0.5092 
- val_loss: 0.8721
- val_all_f1:  0.6841 0.6841 0.6841
- val_exp_f1:  0.8701 0.8701 0.8701
- val_non_f1:  0.6393 0.6373 0.6383

4096/4096 [==============================] - 591s - loss: 0.5063 - val_loss: 0.8721
Epoch 130/1000
4032/4096 [============================>.] - ETA: 8s - loss: 0.4511 
- val_loss: 0.9149
- val_all_f1:  0.6606 0.6606 0.6606
- val_exp_f1:  0.8571 0.8571 0.8571
- val_non_f1:  0.6131 0.6111 0.6121

4096/4096 [==============================] - 596s - loss: 0.4527 - val_loss: 0.9149
Epoch 131/1000
4032/4096 [============================>.] - ETA: 9s - loss: 0.4147 
- val_loss: 0.9457
- val_all_f1:  0.6440 0.6423 0.6431
- val_exp_f1:  0.8158 0.8052 0.8105
- val_non_f1:  0.6033 0.6013 0.6023

4096/4096 [==============================] - 598s - loss: 0.4120 - val_loss: 0.9457
Epoch 132/1000
4032/4096 [============================>.] - ETA: 8s - loss: 0.4462 
- val_loss: 0.9438
- val_all_f1:  0.6580 0.6580 0.6580
- val_exp_f1:  0.7662 0.7662 0.7662
- val_non_f1:  0.6328 0.6307 0.6318

4096/4096 [==============================] - 597s - loss: 0.4500 - val_loss: 0.9438
Epoch 133/1000
4032/4096 [============================>.] - ETA: 8s - loss: 0.4598 
- val_loss: 0.9380
- val_all_f1:  0.6580 0.6580 0.6580
- val_exp_f1:  0.7792 0.7792 0.7792
- val_non_f1:  0.6295 0.6275 0.6285

4096/4096 [==============================] - 599s - loss: 0.4597 - val_loss: 0.9380
Epoch 134/1000
4032/4096 [============================>.] - ETA: 8s - loss: 0.4308 
- val_loss: 1.0087
- val_all_f1:  0.6240 0.6240 0.6240
- val_exp_f1:  0.7792 0.7792 0.7792
- val_non_f1:  0.5869 0.5850 0.5859

4096/4096 [==============================] - 595s - loss: 0.4280 - val_loss: 1.0087
Epoch 135/1000
4032/4096 [============================>.] - ETA: 8s - loss: 0.4280 
- val_loss: 0.9163
- val_all_f1:  0.6475 0.6475 0.6475
- val_exp_f1:  0.8442 0.8442 0.8442
- val_non_f1:  0.6000 0.5980 0.5990

4096/4096 [==============================] - 589s - loss: 0.4284 - val_loss: 0.9163
Epoch 136/1000
4032/4096 [============================>.] - ETA: 9s - loss: 0.4357 
- val_loss: 0.9448
- val_all_f1:  0.6736 0.6736 0.6736
- val_exp_f1:  0.8182 0.8182 0.8182
- val_non_f1:  0.6393 0.6373 0.6383

4096/4096 [==============================] - 601s - loss: 0.4368 - val_loss: 0.9448
Epoch 137/1000
4032/4096 [============================>.] - ETA: 9s - loss: 0.3932 
- val_loss: 0.9354
- val_all_f1:  0.6554 0.6554 0.6554
- val_exp_f1:  0.8442 0.8442 0.8442
- val_non_f1:  0.6098 0.6078 0.6088

4096/4096 [==============================] - 601s - loss: 0.3916 - val_loss: 0.9354
Epoch 138/1000
4032/4096 [============================>.] - ETA: 8s - loss: 0.4193 
- val_loss: 0.8735
- val_all_f1:  0.6815 0.6815 0.6815
- val_exp_f1:  0.8442 0.8442 0.8442
- val_non_f1:  0.6426 0.6405 0.6416

4096/4096 [==============================] - 594s - loss: 0.4200 - val_loss: 0.8735
Epoch 139/1000
4032/4096 [============================>.] - ETA: 8s - loss: 0.4499 
- val_loss: 0.9842
- val_all_f1:  0.6475 0.6475 0.6475
- val_exp_f1:  0.9091 0.9091 0.9091
- val_non_f1:  0.5817 0.5817 0.5817

4096/4096 [==============================] - 589s - loss: 0.4472 - val_loss: 0.9842
Epoch 140/1000
4032/4096 [============================>.] - ETA: 9s - loss: 0.4125 
- val_loss: 0.9067
- val_all_f1:  0.6789 0.6789 0.6789
- val_exp_f1:  0.8182 0.8182 0.8182
- val_non_f1:  0.6459 0.6438 0.6448

4096/4096 [==============================] - 599s - loss: 0.4105 - val_loss: 0.9067
Epoch 141/1000
4032/4096 [============================>.] - ETA: 9s - loss: 0.4317 
- val_loss: 0.9644
- val_all_f1:  0.6606 0.6606 0.6606
- val_exp_f1:  0.8442 0.8442 0.8442
- val_non_f1:  0.6164 0.6144 0.6154

4096/4096 [==============================] - 604s - loss: 0.4292 - val_loss: 0.9644
Epoch 142/1000
4032/4096 [============================>.] - ETA: 8s - loss: 0.4227 
- val_loss: 0.9586
- val_all_f1:  0.6449 0.6449 0.6449
- val_exp_f1:  0.8442 0.8442 0.8442
- val_non_f1:  0.5967 0.5948 0.5957

4096/4096 [==============================] - 591s - loss: 0.4191 - val_loss: 0.9586
Epoch 143/1000
4032/4096 [============================>.] - ETA: 8s - loss: 0.3755 
- val_loss: 0.9631
- val_all_f1:  0.6554 0.6554 0.6554
- val_exp_f1:  0.7792 0.7792 0.7792
- val_non_f1:  0.6262 0.6242 0.6252

4096/4096 [==============================] - 579s - loss: 0.3724 - val_loss: 0.9631
Epoch 144/1000
4032/4096 [============================>.] - ETA: 8s - loss: 0.4225 
- val_loss: 1.0067
- val_all_f1:  0.6501 0.6501 0.6501
- val_exp_f1:  0.8312 0.8312 0.8312
- val_non_f1:  0.6066 0.6046 0.6056

4096/4096 [==============================] - 582s - loss: 0.4220 - val_loss: 1.0067
Epoch 145/1000
4032/4096 [============================>.] - ETA: 8s - loss: 0.4496 
- val_loss: 0.9941
- val_all_f1:  0.6345 0.6345 0.6345
- val_exp_f1:  0.6883 0.6883 0.6883
- val_non_f1:  0.6230 0.6209 0.6219

4096/4096 [==============================] - 590s - loss: 0.4441 - val_loss: 0.9941
Epoch 146/1000
4032/4096 [============================>.] - ETA: 9s - loss: 0.4367 
- val_loss: 0.9707
- val_all_f1:  0.6632 0.6632 0.6632
- val_exp_f1:  0.8553 0.8442 0.8497
- val_non_f1:  0.6176 0.6176 0.6176

4096/4096 [==============================] - 603s - loss: 0.4369 - val_loss: 0.9707
Epoch 147/1000
4032/4096 [============================>.] - ETA: 9s - loss: 0.4084 
- val_loss: 0.9589
- val_all_f1:  0.6527 0.6527 0.6527
- val_exp_f1:  0.8701 0.8701 0.8701
- val_non_f1:  0.5980 0.5980 0.5980

4096/4096 [==============================] - 606s - loss: 0.4088 - val_loss: 0.9589
Epoch 148/1000
4032/4096 [============================>.] - ETA: 9s - loss: 0.4113 
- val_loss: 0.8998
- val_all_f1:  0.6893 0.6893 0.6893
- val_exp_f1:  0.8701 0.8701 0.8701
- val_non_f1:  0.6438 0.6438 0.6438

4096/4096 [==============================] - 610s - loss: 0.4088 - val_loss: 0.8998
Epoch 149/1000
4032/4096 [============================>.] - ETA: 9s - loss: 0.4219 
- val_loss: 0.8989
- val_all_f1:  0.6841 0.6841 0.6841
- val_exp_f1:  0.9091 0.9091 0.9091
- val_non_f1:  0.6275 0.6275 0.6275

4096/4096 [==============================] - 614s - loss: 0.4216 - val_loss: 0.8989
Epoch 150/1000
4032/4096 [============================>.] - ETA: 9s - loss: 0.4294 
- val_loss: 0.9610
- val_all_f1:  0.6371 0.6371 0.6371
- val_exp_f1:  0.8816 0.8701 0.8758
- val_non_f1:  0.5784 0.5784 0.5784

4096/4096 [==============================] - 607s - loss: 0.4271 - val_loss: 0.9610
Epoch 151/1000
4032/4096 [============================>.] - ETA: 9s - loss: 0.4099 
- val_loss: 0.9124
- val_all_f1:  0.6554 0.6554 0.6554
- val_exp_f1:  0.9091 0.9091 0.9091
- val_non_f1:  0.5915 0.5915 0.5915

4096/4096 [==============================] - 599s - loss: 0.4105 - val_loss: 0.9124
Epoch 152/1000
4032/4096 [============================>.] - ETA: 8s - loss: 0.4369 
- val_loss: 0.9250
- val_all_f1:  0.6710 0.6710 0.6710
- val_exp_f1:  0.8571 0.8571 0.8571
- val_non_f1:  0.6242 0.6242 0.6242

4096/4096 [==============================] - 590s - loss: 0.4342 - val_loss: 0.9250
Epoch 153/1000
4032/4096 [============================>.] - ETA: 8s - loss: 0.4275 
- val_loss: 0.9143
- val_all_f1:  0.6423 0.6423 0.6423
- val_exp_f1:  0.7922 0.7922 0.7922
- val_non_f1:  0.6066 0.6046 0.6056

4096/4096 [==============================] - 581s - loss: 0.4270 - val_loss: 0.9143
Epoch 154/1000
4032/4096 [============================>.] - ETA: 8s - loss: 0.4029 
- val_loss: 1.0429
- val_all_f1:  0.5875 0.5875 0.5875
- val_exp_f1:  0.8052 0.8052 0.8052
- val_non_f1:  0.5327 0.5327 0.5327

4096/4096 [==============================] - 574s - loss: 0.4038 - val_loss: 1.0429
Epoch 155/1000
4032/4096 [============================>.] - ETA: 8s - loss: 0.4157 
- val_loss: 0.9679
- val_all_f1:  0.6449 0.6449 0.6449
- val_exp_f1:  0.8052 0.8052 0.8052
- val_non_f1:  0.6046 0.6046 0.6046

4096/4096 [==============================] - 591s - loss: 0.4190 - val_loss: 0.9679
Epoch 156/1000
4032/4096 [============================>.] - ETA: 8s - loss: 0.4391 
- val_loss: 0.9745
- val_all_f1:  0.6345 0.6345 0.6345
- val_exp_f1:  0.8553 0.8442 0.8497
- val_non_f1:  0.5817 0.5817 0.5817

4096/4096 [==============================] - 586s - loss: 0.4415 - val_loss: 0.9745
Epoch 157/1000
4032/4096 [============================>.] - ETA: 8s - loss: 0.4255 
- val_loss: 0.9184
- val_all_f1:  0.6762 0.6762 0.6762
- val_exp_f1:  0.8961 0.8961 0.8961
- val_non_f1:  0.6230 0.6209 0.6219

4096/4096 [==============================] - 594s - loss: 0.4272 - val_loss: 0.9184
Epoch 158/1000
4032/4096 [============================>.] - ETA: 8s - loss: 0.4072 
- val_loss: 0.9916
- val_all_f1:  0.6371 0.6371 0.6371
- val_exp_f1:  0.8289 0.8182 0.8235
- val_non_f1:  0.5915 0.5915 0.5915

4096/4096 [==============================] - 591s - loss: 0.4070 - val_loss: 0.9916
Epoch 159/1000
4032/4096 [============================>.] - ETA: 9s - loss: 0.4164 
- val_loss: 0.9157
- val_all_f1:  0.6710 0.6710 0.6710
- val_exp_f1:  0.8701 0.8701 0.8701
- val_non_f1:  0.6209 0.6209 0.6209

4096/4096 [==============================] - 600s - loss: 0.4175 - val_loss: 0.9157
Epoch 160/1000
4032/4096 [============================>.] - ETA: 8s - loss: 0.3907 
- val_loss: 0.9018
- val_all_f1:  0.6762 0.6762 0.6762
- val_exp_f1:  0.8312 0.8312 0.8312
- val_non_f1:  0.6393 0.6373 0.6383

4096/4096 [==============================] - 589s - loss: 0.3915 - val_loss: 0.9018
Epoch 161/1000
4032/4096 [============================>.] - ETA: 8s - loss: 0.3981 
- val_loss: 0.9354
- val_all_f1:  0.6789 0.6789 0.6789
- val_exp_f1:  0.8312 0.8312 0.8312
- val_non_f1:  0.6405 0.6405 0.6405

4096/4096 [==============================] - 583s - loss: 0.3972 - val_loss: 0.9354
Epoch 162/1000
4032/4096 [============================>.] - ETA: 8s - loss: 0.3992 
- val_loss: 0.9896
- val_all_f1:  0.6136 0.6136 0.6136
- val_exp_f1:  0.8831 0.8831 0.8831
- val_non_f1:  0.5458 0.5458 0.5458

4096/4096 [==============================] - 593s - loss: 0.3981 - val_loss: 0.9896
Epoch 163/1000
4032/4096 [============================>.] - ETA: 9s - loss: 0.4356 
- val_loss: 0.9386
- val_all_f1:  0.6475 0.6475 0.6475
- val_exp_f1:  0.8701 0.8701 0.8701
- val_non_f1:  0.5915 0.5915 0.5915

4096/4096 [==============================] - 614s - loss: 0.4346 - val_loss: 0.9386
Epoch 164/1000
4032/4096 [============================>.] - ETA: 9s - loss: 0.4080 
- val_loss: 0.9074
- val_all_f1:  0.6554 0.6554 0.6554
- val_exp_f1:  0.9351 0.9351 0.9351
- val_non_f1:  0.5850 0.5850 0.5850

4096/4096 [==============================] - 613s - loss: 0.4052 - val_loss: 0.9074
Epoch 165/1000
4032/4096 [============================>.] - ETA: 9s - loss: 0.4351 
- val_loss: 1.0089
- val_all_f1:  0.6319 0.6319 0.6319
- val_exp_f1:  0.9221 0.9221 0.9221
- val_non_f1:  0.5588 0.5588 0.5588

4096/4096 [==============================] - 613s - loss: 0.4392 - val_loss: 1.0089
Epoch 166/1000
4032/4096 [============================>.] - ETA: 9s - loss: 0.4171 
- val_loss: 0.9100
- val_all_f1:  0.6580 0.6580 0.6580
- val_exp_f1:  0.8831 0.8831 0.8831
- val_non_f1:  0.6013 0.6013 0.6013

4096/4096 [==============================] - 613s - loss: 0.4154 - val_loss: 0.9100
Epoch 167/1000
4032/4096 [============================>.] - ETA: 8s - loss: 0.4164 
- val_loss: 0.8582
- val_all_f1:  0.6919 0.6919 0.6919
- val_exp_f1:  0.8961 0.8961 0.8961
- val_non_f1:  0.6405 0.6405 0.6405

4096/4096 [==============================] - 595s - loss: 0.4161 - val_loss: 0.8582
Epoch 168/1000
4032/4096 [============================>.] - ETA: 9s - loss: 0.4144 
- val_loss: 0.9296
- val_all_f1:  0.6789 0.6789 0.6789
- val_exp_f1:  0.9221 0.9221 0.9221
- val_non_f1:  0.6176 0.6176 0.6176

4096/4096 [==============================] - 601s - loss: 0.4141 - val_loss: 0.9296
Epoch 169/1000
4032/4096 [============================>.] - ETA: 8s - loss: 0.3945 
- val_loss: 0.8896
- val_all_f1:  0.6632 0.6632 0.6632
- val_exp_f1:  0.7922 0.7922 0.7922
- val_non_f1:  0.6307 0.6307 0.6307

4096/4096 [==============================] - 587s - loss: 0.3912 - val_loss: 0.8896
Epoch 170/1000
4032/4096 [============================>.] - ETA: 8s - loss: 0.3825 
- val_loss: 0.9124
- val_all_f1:  0.6658 0.6658 0.6658
- val_exp_f1:  0.8961 0.8961 0.8961
- val_non_f1:  0.6098 0.6078 0.6088

4096/4096 [==============================] - 594s - loss: 0.3798 - val_loss: 0.9124
Epoch 171/1000
4032/4096 [============================>.] - ETA: 8s - loss: 0.4045 
- val_loss: 0.8735
- val_all_f1:  0.6580 0.6580 0.6580
- val_exp_f1:  0.8701 0.8701 0.8701
- val_non_f1:  0.6066 0.6046 0.6056

4096/4096 [==============================] - 586s - loss: 0.4015 - val_loss: 0.8735
Epoch 172/1000
4032/4096 [============================>.] - ETA: 8s - loss: 0.4081 
- val_loss: 0.9234
- val_all_f1:  0.6580 0.6580 0.6580
- val_exp_f1:  0.8701 0.8701 0.8701
- val_non_f1:  0.6046 0.6046 0.6046

4096/4096 [==============================] - 596s - loss: 0.4092 - val_loss: 0.9234
Epoch 173/1000
4032/4096 [============================>.] - ETA: 9s - loss: 0.3751 
- val_loss: 0.8887
- val_all_f1:  0.6997 0.6997 0.6997
- val_exp_f1:  0.8571 0.8571 0.8571
- val_non_f1:  0.6601 0.6601 0.6601

4096/4096 [==============================] - 599s - loss: 0.3737 - val_loss: 0.8887
Epoch 174/1000
4032/4096 [============================>.] - ETA: 8s - loss: 0.3985 
- val_loss: 0.9729
- val_all_f1:  0.6449 0.6449 0.6449
- val_exp_f1:  0.8961 0.8961 0.8961
- val_non_f1:  0.5817 0.5817 0.5817

4096/4096 [==============================] - 588s - loss: 0.4057 - val_loss: 0.9729
Epoch 175/1000
4032/4096 [============================>.] - ETA: 8s - loss: 0.4061 
- val_loss: 0.9519
- val_all_f1:  0.6475 0.6475 0.6475
- val_exp_f1:  0.8571 0.8571 0.8571
- val_non_f1:  0.5967 0.5948 0.5957

4096/4096 [==============================] - 586s - loss: 0.4020 - val_loss: 0.9519
Epoch 176/1000
4032/4096 [============================>.] - ETA: 8s - loss: 0.4417 
- val_loss: 0.9157
- val_all_f1:  0.6867 0.6867 0.6867
- val_exp_f1:  0.8831 0.8831 0.8831
- val_non_f1:  0.6373 0.6373 0.6373

4096/4096 [==============================] - 588s - loss: 0.4437 - val_loss: 0.9157
Epoch 177/1000
4032/4096 [============================>.] - ETA: 8s - loss: 0.4251 
- val_loss: 0.9545
- val_all_f1:  0.6423 0.6423 0.6423
- val_exp_f1:  0.8442 0.8442 0.8442
- val_non_f1:  0.5915 0.5915 0.5915

4096/4096 [==============================] - 592s - loss: 0.4242 - val_loss: 0.9545
Epoch 178/1000
4032/4096 [============================>.] - ETA: 8s - loss: 0.3817 
- val_loss: 0.9910
- val_all_f1:  0.6475 0.6475 0.6475
- val_exp_f1:  0.8052 0.8052 0.8052
- val_non_f1:  0.6078 0.6078 0.6078

4096/4096 [==============================] - 580s - loss: 0.3833 - val_loss: 0.9910
Epoch 179/1000
4032/4096 [============================>.] - ETA: 8s - loss: 0.3703 
- val_loss: 0.9708
- val_all_f1:  0.6371 0.6371 0.6371
- val_exp_f1:  0.8571 0.8571 0.8571
- val_non_f1:  0.5836 0.5817 0.5827

4096/4096 [==============================] - 597s - loss: 0.3670 - val_loss: 0.9708
Epoch 180/1000
4032/4096 [============================>.] - ETA: 9s - loss: 0.3995 
- val_loss: 0.8620
- val_all_f1:  0.7023 0.7023 0.7023
- val_exp_f1:  0.8831 0.8831 0.8831
- val_non_f1:  0.6569 0.6569 0.6569

4096/4096 [==============================] - 608s - loss: 0.3972 - val_loss: 0.8620
Epoch 181/1000
4032/4096 [============================>.] - ETA: 9s - loss: 0.3688 
- val_loss: 0.8994
- val_all_f1:  0.6893 0.6893 0.6893
- val_exp_f1:  0.9351 0.9351 0.9351
- val_non_f1:  0.6275 0.6275 0.6275

4096/4096 [==============================] - 604s - loss: 0.3669 - val_loss: 0.8994
Epoch 182/1000
4032/4096 [============================>.] - ETA: 8s - loss: 0.3982 
- val_loss: 0.8585
- val_all_f1:  0.6945 0.6945 0.6945
- val_exp_f1:  0.8961 0.8961 0.8961
- val_non_f1:  0.6459 0.6438 0.6448

4096/4096 [==============================] - 596s - loss: 0.3976 - val_loss: 0.8585
Epoch 183/1000
4032/4096 [============================>.] - ETA: 8s - loss: 0.4044 
- val_loss: 0.8986
- val_all_f1:  0.6971 0.6971 0.6971
- val_exp_f1:  0.8701 0.8701 0.8701
- val_non_f1:  0.6536 0.6536 0.6536

4096/4096 [==============================] - 596s - loss: 0.4006 - val_loss: 0.8986
Epoch 184/1000
4032/4096 [============================>.] - ETA: 8s - loss: 0.3467 
- val_loss: 0.8976
- val_all_f1:  0.6762 0.6762 0.6762
- val_exp_f1:  0.8442 0.8442 0.8442
- val_non_f1:  0.6361 0.6340 0.6350

4096/4096 [==============================] - 595s - loss: 0.3453 - val_loss: 0.8976
Epoch 185/1000
4032/4096 [============================>.] - ETA: 8s - loss: 0.4231 
- val_loss: 0.9131
- val_all_f1:  0.6736 0.6736 0.6736
- val_exp_f1:  0.8312 0.8312 0.8312
- val_non_f1:  0.6340 0.6340 0.6340

4096/4096 [==============================] - 593s - loss: 0.4270 - val_loss: 0.9131
Epoch 186/1000
4032/4096 [============================>.] - ETA: 8s - loss: 0.3771 
- val_loss: 0.8804
- val_all_f1:  0.6841 0.6841 0.6841
- val_exp_f1:  0.8571 0.8571 0.8571
- val_non_f1:  0.6405 0.6405 0.6405

4096/4096 [==============================] - 594s - loss: 0.3745 - val_loss: 0.8804
Epoch 187/1000
4032/4096 [============================>.] - ETA: 8s - loss: 0.4041 
- val_loss: 0.9310
- val_all_f1:  0.6815 0.6815 0.6815
- val_exp_f1:  0.8701 0.8701 0.8701
- val_non_f1:  0.6340 0.6340 0.6340

4096/4096 [==============================] - 595s - loss: 0.4037 - val_loss: 0.9310
Epoch 188/1000
4032/4096 [============================>.] - ETA: 8s - loss: 0.4006 
- val_loss: 0.9451
- val_all_f1:  0.6762 0.6762 0.6762
- val_exp_f1:  0.8571 0.8571 0.8571
- val_non_f1:  0.6328 0.6307 0.6318

4096/4096 [==============================] - 579s - loss: 0.4000 - val_loss: 0.9451
Epoch 189/1000
4032/4096 [============================>.] - ETA: 8s - loss: 0.3660 
- val_loss: 0.9015
- val_all_f1:  0.6893 0.6893 0.6893
- val_exp_f1:  0.8961 0.8961 0.8961
- val_non_f1:  0.6373 0.6373 0.6373

4096/4096 [==============================] - 581s - loss: 0.3717 - val_loss: 0.9015
Epoch 190/1000
4032/4096 [============================>.] - ETA: 8s - loss: 0.3729 
- val_loss: 0.9144
- val_all_f1:  0.6475 0.6475 0.6475
- val_exp_f1:  0.9351 0.9351 0.9351
- val_non_f1:  0.5752 0.5752 0.5752

4096/4096 [==============================] - 558s - loss: 0.3783 - val_loss: 0.9144
Epoch 191/1000
4032/4096 [============================>.] - ETA: 8s - loss: 0.3617 
- val_loss: 0.9705
- val_all_f1:  0.6371 0.6371 0.6371
- val_exp_f1:  0.8831 0.8831 0.8831
- val_non_f1:  0.5752 0.5752 0.5752

4096/4096 [==============================] - 544s - loss: 0.3618 - val_loss: 0.9705
Epoch 192/1000
4032/4096 [============================>.] - ETA: 8s - loss: 0.3582 
- val_loss: 0.9683
- val_all_f1:  0.6423 0.6423 0.6423
- val_exp_f1:  0.8442 0.8442 0.8442
- val_non_f1:  0.5915 0.5915 0.5915

4096/4096 [==============================] - 555s - loss: 0.3558 - val_loss: 0.9683
Epoch 193/1000
4032/4096 [============================>.] - ETA: 8s - loss: 0.3659 
- val_loss: 0.9584
- val_all_f1:  0.6580 0.6580 0.6580
- val_exp_f1:  0.9091 0.9091 0.9091
- val_non_f1:  0.5967 0.5948 0.5957

4096/4096 [==============================] - 557s - loss: 0.3795 - val_loss: 0.9584
Epoch 194/1000
4032/4096 [============================>.] - ETA: 8s - loss: 0.3742 
- val_loss: 0.9482
- val_all_f1:  0.6319 0.6319 0.6319
- val_exp_f1:  0.8312 0.8312 0.8312
- val_non_f1:  0.5836 0.5817 0.5827

4096/4096 [==============================] - 591s - loss: 0.3731 - val_loss: 0.9482
Epoch 195/1000
4032/4096 [============================>.] - ETA: 8s - loss: 0.3736 
- val_loss: 1.1037
- val_all_f1:  0.6136 0.6136 0.6136
- val_exp_f1:  0.9351 0.9351 0.9351
- val_non_f1:  0.5344 0.5327 0.5336

4096/4096 [==============================] - 593s - loss: 0.3706 - val_loss: 1.1037
Epoch 196/1000
4032/4096 [============================>.] - ETA: 9s - loss: 0.3798 
- val_loss: 0.9812
- val_all_f1:  0.6371 0.6371 0.6371
- val_exp_f1:  0.8442 0.8442 0.8442
- val_non_f1:  0.5850 0.5850 0.5850

4096/4096 [==============================] - 600s - loss: 0.3764 - val_loss: 0.9812
[2019-03-06 01:23] training finished (ex/conll16st-v35gru-zh)
[2019-03-06 01:23] best_val_loss: 166 - loss: 0.4161 - val_loss: 0.8582 - val_all_f1: 0.6919 - val_exp_f1: 0.8961 - val_non_f1: 0.6405
[2019-03-06 01:23] best_val_all_f1: 94 - loss: 0.5062 - val_loss: 0.9056 - val_all_f1: 0.7076 - val_exp_f1: 0.9221 - val_non_f1: 0.6557
[2019-03-06 01:23] time: loaded: 53.6739 - prepared: 1238.8164 - trained: 125564.1282 - epoch: 6406.3331 - epoch_cnt: 19.6000 - epoch_samples: 40960.0000
