[2019-04-16 14:04] configuration (ex/conll16st-v35-en-fd-8-rn-8-0)
[2019-04-16 14:04]   config 'arg1_len': 100
[2019-04-16 14:04]   config 'arg2_len': 100
[2019-04-16 14:04]   config 'backend': theano
[2019-04-16 14:04]   config 'backend_theano': device=cpu
[2019-04-16 14:04]   config 'batch_size': 64
[2019-04-16 14:04]   config 'conn_len': 10
[2019-04-16 14:04]   config 'continue_': False
[2019-04-16 14:04]   config 'curriculum_end': 0.0
[2019-04-16 14:04]   config 'epochs': 1000
[2019-04-16 14:04]   config 'epochs_patience': 100
[2019-04-16 14:04]   config 'epochs_ratio': 0.1
[2019-04-16 14:04]   config 'filter_act': sigmoid
[2019-04-16 14:04]   config 'filter_append_act': linear
[2019-04-16 14:04]   config 'filter_append_batchnorm': False
[2019-04-16 14:04]   config 'filter_append_dim': 0
[2019-04-16 14:04]   config 'filter_append_dropout': 0.0
[2019-04-16 14:04]   config 'filter_apply': mul
[2019-04-16 14:04]   config 'filter_dim': 8
[2019-04-16 14:04]   config 'filter_dropout_U': 0.0
[2019-04-16 14:04]   config 'filter_dropout_W': 0.0
[2019-04-16 14:04]   config 'filter_fn_name': None
[2019-04-16 14:04]   config 'filter_shared': global
[2019-04-16 14:04]   config 'filter_type': lstm-fb
[2019-04-16 14:04]   config 'filter_zoneout_c': 0.0
[2019-04-16 14:04]   config 'filter_zoneout_h': 0.0
[2019-04-16 14:04]   config 'final_act': SReLU
[2019-04-16 14:04]   config 'final_dim': 80
[2019-04-16 14:04]   config 'final_dropout': 0.3
[2019-04-16 14:04]   config 'input_size': None
[2019-04-16 14:04]   config 'lang': en
[2019-04-16 14:04]   config 'masking': True
[2019-04-16 14:04]   config 'mode': word
[2019-04-16 14:04]   config 'model_dir': ex/conll16st-v35-en-fd-8-rn-8-0
[2019-04-16 14:04]   config 'optimizer': adam
[2019-04-16 14:04]   config 'original_positives': 0
[2019-04-16 14:04]   config 'punc_len': 0
[2019-04-16 14:04]   config 'random_negatives': 2
[2019-04-16 14:04]   config 'random_positives': 2
[2019-04-16 14:04]   config 'random_proba_1': 0.1
[2019-04-16 14:04]   config 'random_proba_2': 0.1
[2019-04-16 14:04]   config 'random_proba_3': 0.9
[2019-04-16 14:04]   config 'rnn_act': tanh
[2019-04-16 14:04]   config 'rnn_dim': 20
[2019-04-16 14:04]   config 'rnn_dropout_U': 0.0
[2019-04-16 14:04]   config 'rnn_dropout_W': 0.0
[2019-04-16 14:04]   config 'rnn_dropout_merge': 0.3
[2019-04-16 14:04]   config 'rnn_merge': concat
[2019-04-16 14:04]   config 'rnn_num': 8
[2019-04-16 14:04]   config 'rnn_shared': aspect
[2019-04-16 14:04]   config 'rnn_type': lstm-fwd
[2019-04-16 14:04]   config 'rnn_zoneout_c': 0.0
[2019-04-16 14:04]   config 'rnn_zoneout_h': 0.0
[2019-04-16 14:04]   config 'snapshot_size': 2048
[2019-04-16 14:04]   config 'train_dir': data/conll16st-en-03-29-16-train
[2019-04-16 14:04]   config 'valid_dir': data/conll16st-en-03-29-16-dev
[2019-04-16 14:04]   config 'words2vec_bin': None
[2019-04-16 14:04]   config 'words2vec_txt': None
[2019-04-16 14:04]   config 'words_crop': None
[2019-04-16 14:04]   config 'words_dim': 20
[2019-04-16 14:04]   config 'words_dropout': 0.3
[2019-04-16 14:04]   config 'words_shared': global
[2019-04-16 14:04]   config 'words_trainable': True
[2019-04-16 14:04] load dataset for training (data/conll16st-en-03-29-16-train)
[2019-04-16 14:07]   lang: en, doc_ids: 1756, words: 933049, rel_ids: 32535, relation tokens: 1159204
[2019-04-16 14:07] load dataset for validation (data/conll16st-en-03-29-16-dev)
[2019-04-16 14:07]   lang: en, doc_ids: 79, words: 39712, rel_ids: 1436, relation tokens: 48882
[2019-04-16 14:07] build indexes from training
[2019-04-16 14:07]   words2id: 43918, target2id: 23
[2019-04-16 14:07] target class distribution from training
[2019-04-16 14:07]   class 0 = 'None': None
[2019-04-16 14:07]   class 1 = '': None
[2019-04-16 14:07]   class 2 = 'Expansion.Conjunction': 7817
[2019-04-16 14:07]   class 3 = 'Comparison.Contrast': 4714
[2019-04-16 14:07]   class 4 = 'EntRel': 4133
[2019-04-16 14:07]   class 5 = 'Contingency.Cause.Reason': 3344
[2019-04-16 14:07]   class 6 = 'Expansion.Restatement': 2699
[2019-04-16 14:07]   class 7 = 'Contingency.Cause.Result': 2137
[2019-04-16 14:07]   class 8 = 'Temporal.Synchrony': 1499
[2019-04-16 14:07]   class 9 = 'Expansion.Instantiation': 1403
[2019-04-16 14:07]   class 10 = 'Comparison.Concession': 1293
[2019-04-16 14:07]   class 11 = 'Temporal.Asynchronous.Precedence': 1277
[2019-04-16 14:07]   class 12 = 'Contingency.Condition': 1197
[2019-04-16 14:07]   class 13 = 'Temporal.Asynchronous.Succession': 1014
[2019-04-16 14:07]   class 14 = 'Comparison': 992
[2019-04-16 14:07]   class 15 = 'Expansion': 630
[2019-04-16 14:07]   class 16 = 'Expansion.Alternative.Chosen alternative': 241
[2019-04-16 14:07]   class 17 = 'Expansion.Alternative': 210
[2019-04-16 14:07]   class 18 = 'Temporal': 27
[2019-04-16 14:07]   class 19 = 'Contingency': 24
[2019-04-16 14:07]   class 20 = 'Expansion.Exception': 15
[2019-04-16 14:07]   class 21 = 'Temporal.Asynchronous': 6
[2019-04-16 14:07]   class 22 = 'Contingency.Cause': 2
[2019-04-16 14:07] build model
____________________________________________________________________________________________________
Layer (type)                     Output Shape          Param #     Connected to                     
====================================================================================================
arg1_ids (InputLayer)            (None, 100)           0                                            
____________________________________________________________________________________________________
arg2_ids (InputLayer)            (None, 100)           0                                            
____________________________________________________________________________________________________
conn_ids (InputLayer)            (None, 10)            0                                            
____________________________________________________________________________________________________
embedding_1 (Embedding)          multiple              878360      arg1_ids[0][0]                   
                                                                   arg2_ids[0][0]                   
                                                                   conn_ids[0][0]                   
____________________________________________________________________________________________________
shareablelstm_1 (ShareableLSTM)  multiple              928         embedding_1[0][0]                
                                                                   embedding_1[1][0]                
                                                                   embedding_1[2][0]                
____________________________________________________________________________________________________
shareablelstm_2 (ShareableLSTM)  multiple              928         embedding_1[0][0]                
                                                                   embedding_1[1][0]                
                                                                   embedding_1[2][0]                
____________________________________________________________________________________________________
merge_1 (Merge)                  (None, 100, 8)        0           shareablelstm_1[0][0]            
                                                                   shareablelstm_2[0][0]            
____________________________________________________________________________________________________
merge_11 (Merge)                 (None, 100, 8)        0           shareablelstm_1[1][0]            
                                                                   shareablelstm_2[1][0]            
____________________________________________________________________________________________________
merge_21 (Merge)                 (None, 10, 8)         0           shareablelstm_1[2][0]            
                                                                   shareablelstm_2[2][0]            
____________________________________________________________________________________________________
arg1_filters (Activation)        (None, 100, 8)        0           merge_1[0][0]                    
____________________________________________________________________________________________________
arg2_filters (Activation)        (None, 100, 8)        0           merge_11[0][0]                   
____________________________________________________________________________________________________
conn_filters (Activation)        (None, 10, 8)         0           merge_21[0][0]                   
____________________________________________________________________________________________________
merge_2 (Merge)                  (None, 100, 20)       0           embedding_1[0][0]                
                                                                   arg1_filters[0][0]               
____________________________________________________________________________________________________
merge_3 (Merge)                  (None, 100, 20)       0           embedding_1[0][0]                
                                                                   arg1_filters[0][0]               
____________________________________________________________________________________________________
merge_4 (Merge)                  (None, 100, 20)       0           embedding_1[0][0]                
                                                                   arg1_filters[0][0]               
____________________________________________________________________________________________________
merge_5 (Merge)                  (None, 100, 20)       0           embedding_1[0][0]                
                                                                   arg1_filters[0][0]               
____________________________________________________________________________________________________
merge_6 (Merge)                  (None, 100, 20)       0           embedding_1[0][0]                
                                                                   arg1_filters[0][0]               
____________________________________________________________________________________________________
merge_7 (Merge)                  (None, 100, 20)       0           embedding_1[0][0]                
                                                                   arg1_filters[0][0]               
____________________________________________________________________________________________________
merge_8 (Merge)                  (None, 100, 20)       0           embedding_1[0][0]                
                                                                   arg1_filters[0][0]               
____________________________________________________________________________________________________
merge_9 (Merge)                  (None, 100, 20)       0           embedding_1[0][0]                
                                                                   arg1_filters[0][0]               
____________________________________________________________________________________________________
merge_12 (Merge)                 (None, 100, 20)       0           embedding_1[1][0]                
                                                                   arg2_filters[0][0]               
____________________________________________________________________________________________________
merge_13 (Merge)                 (None, 100, 20)       0           embedding_1[1][0]                
                                                                   arg2_filters[0][0]               
____________________________________________________________________________________________________
merge_14 (Merge)                 (None, 100, 20)       0           embedding_1[1][0]                
                                                                   arg2_filters[0][0]               
____________________________________________________________________________________________________
merge_15 (Merge)                 (None, 100, 20)       0           embedding_1[1][0]                
                                                                   arg2_filters[0][0]               
____________________________________________________________________________________________________
merge_16 (Merge)                 (None, 100, 20)       0           embedding_1[1][0]                
                                                                   arg2_filters[0][0]               
____________________________________________________________________________________________________
merge_17 (Merge)                 (None, 100, 20)       0           embedding_1[1][0]                
                                                                   arg2_filters[0][0]               
____________________________________________________________________________________________________
merge_18 (Merge)                 (None, 100, 20)       0           embedding_1[1][0]                
                                                                   arg2_filters[0][0]               
____________________________________________________________________________________________________
merge_19 (Merge)                 (None, 100, 20)       0           embedding_1[1][0]                
                                                                   arg2_filters[0][0]               
____________________________________________________________________________________________________
merge_22 (Merge)                 (None, 10, 20)        0           embedding_1[2][0]                
                                                                   conn_filters[0][0]               
____________________________________________________________________________________________________
merge_23 (Merge)                 (None, 10, 20)        0           embedding_1[2][0]                
                                                                   conn_filters[0][0]               
____________________________________________________________________________________________________
merge_24 (Merge)                 (None, 10, 20)        0           embedding_1[2][0]                
                                                                   conn_filters[0][0]               
____________________________________________________________________________________________________
merge_25 (Merge)                 (None, 10, 20)        0           embedding_1[2][0]                
                                                                   conn_filters[0][0]               
____________________________________________________________________________________________________
merge_26 (Merge)                 (None, 10, 20)        0           embedding_1[2][0]                
                                                                   conn_filters[0][0]               
____________________________________________________________________________________________________
merge_27 (Merge)                 (None, 10, 20)        0           embedding_1[2][0]                
                                                                   conn_filters[0][0]               
____________________________________________________________________________________________________
merge_28 (Merge)                 (None, 10, 20)        0           embedding_1[2][0]                
                                                                   conn_filters[0][0]               
____________________________________________________________________________________________________
merge_29 (Merge)                 (None, 10, 20)        0           embedding_1[2][0]                
                                                                   conn_filters[0][0]               
____________________________________________________________________________________________________
shareablelstm_3 (ShareableLSTM)  (None, 20)            3280        merge_2[0][0]                    
                                                                   merge_12[0][0]                   
                                                                   merge_22[0][0]                   
____________________________________________________________________________________________________
shareablelstm_5 (ShareableLSTM)  (None, 20)            3280        merge_3[0][0]                    
                                                                   merge_13[0][0]                   
                                                                   merge_23[0][0]                   
____________________________________________________________________________________________________
shareablelstm_7 (ShareableLSTM)  (None, 20)            3280        merge_4[0][0]                    
                                                                   merge_14[0][0]                   
                                                                   merge_24[0][0]                   
____________________________________________________________________________________________________
shareablelstm_9 (ShareableLSTM)  (None, 20)            3280        merge_5[0][0]                    
                                                                   merge_15[0][0]                   
                                                                   merge_25[0][0]                   
____________________________________________________________________________________________________
shareablelstm_11 (ShareableLSTM) (None, 20)            3280        merge_6[0][0]                    
                                                                   merge_16[0][0]                   
                                                                   merge_26[0][0]                   
____________________________________________________________________________________________________
shareablelstm_13 (ShareableLSTM) (None, 20)            3280        merge_7[0][0]                    
                                                                   merge_17[0][0]                   
                                                                   merge_27[0][0]                   
____________________________________________________________________________________________________
shareablelstm_15 (ShareableLSTM) (None, 20)            3280        merge_8[0][0]                    
                                                                   merge_18[0][0]                   
                                                                   merge_28[0][0]                   
____________________________________________________________________________________________________
shareablelstm_17 (ShareableLSTM) (None, 20)            3280        merge_9[0][0]                    
                                                                   merge_19[0][0]                   
                                                                   merge_29[0][0]                   
____________________________________________________________________________________________________
merge_10 (Merge)                 (None, 160)           0           shareablelstm_3[0][0]            
                                                                   shareablelstm_5[0][0]            
                                                                   shareablelstm_7[0][0]            
                                                                   shareablelstm_9[0][0]            
                                                                   shareablelstm_11[0][0]           
                                                                   shareablelstm_13[0][0]           
                                                                   shareablelstm_15[0][0]           
                                                                   shareablelstm_17[0][0]           
____________________________________________________________________________________________________
merge_20 (Merge)                 (None, 160)           0           shareablelstm_3[1][0]            
                                                                   shareablelstm_5[1][0]            
                                                                   shareablelstm_7[1][0]            
                                                                   shareablelstm_9[1][0]            
                                                                   shareablelstm_11[1][0]           
                                                                   shareablelstm_13[1][0]           
                                                                   shareablelstm_15[1][0]           
                                                                   shareablelstm_17[1][0]           
____________________________________________________________________________________________________
merge_30 (Merge)                 (None, 160)           0           shareablelstm_3[2][0]            
                                                                   shareablelstm_5[2][0]            
                                                                   shareablelstm_7[2][0]            
                                                                   shareablelstm_9[2][0]            
                                                                   shareablelstm_11[2][0]           
                                                                   shareablelstm_13[2][0]           
                                                                   shareablelstm_15[2][0]           
                                                                   shareablelstm_17[2][0]           
____________________________________________________________________________________________________
dropout_1 (Dropout)              (None, 160)           0           merge_10[0][0]                   
____________________________________________________________________________________________________
dropout_2 (Dropout)              (None, 160)           0           merge_20[0][0]                   
____________________________________________________________________________________________________
dropout_3 (Dropout)              (None, 160)           0           merge_30[0][0]                   
____________________________________________________________________________________________________
merge_31 (Merge)                 (None, 480)           0           dropout_1[0][0]                  
                                                                   dropout_2[0][0]                  
                                                                   dropout_3[0][0]                  
____________________________________________________________________________________________________
dense_1 (Dense)                  (None, 80)            38480       merge_31[0][0]                   
____________________________________________________________________________________________________
srelu_1 (SReLU)                  (None, 80)            320         dense_1[0][0]                    
____________________________________________________________________________________________________
dropout_4 (Dropout)              (None, 80)            0           srelu_1[0][0]                    
____________________________________________________________________________________________________
dense_2 (Dense)                  (None, 23)            1863        dropout_4[0][0]                  
____________________________________________________________________________________________________
target (Activation)              (None, 23)            0           dense_2[0][0]                    
====================================================================================================
Total params: 947,119
Trainable params: 947,119
Non-trainable params: 0
____________________________________________________________________________________________________
[2019-04-16 14:15] initialize weights
[2019-04-16 14:15] training preparation
[2019-04-16 14:15] train model (ex/conll16st-v35-en-fd-8-rn-8-0)
Epoch 1/1000
12992/13056 [============================>.] - ETA: 0s - loss: 2.0710
- val_loss: 3.2413
- val_all_f1:  0.2202 0.2202 0.2202
- val_exp_f1:  0.2807 0.2807 0.2807
- val_non_f1:  0.1669 0.1669 0.1669

13056/13056 [==============================] - 169s - loss: 2.0699 - val_loss: 3.2413
Epoch 2/1000
12992/13056 [============================>.] - ETA: 0s - loss: 1.4861
- val_loss: 2.4172
- val_all_f1:  0.2195 0.2195 0.2195
- val_exp_f1:  0.2807 0.2807 0.2807
- val_non_f1:  0.1656 0.1656 0.1656

13056/13056 [==============================] - 169s - loss: 1.4846 - val_loss: 2.4172
Epoch 3/1000
12992/13056 [============================>.] - ETA: 0s - loss: 1.2401
- val_loss: 2.1688
- val_all_f1:  0.3359 0.3359 0.3359
- val_exp_f1:  0.5281 0.5281 0.5281
- val_non_f1:  0.1669 0.1669 0.1669

13056/13056 [==============================] - 170s - loss: 1.2415 - val_loss: 2.1688
Epoch 4/1000
12992/13056 [============================>.] - ETA: 0s - loss: 1.1550
- val_loss: 2.0169
- val_all_f1:  0.4183 0.4183 0.4183
- val_exp_f1:  0.6039 0.6039 0.6039
- val_non_f1:  0.2550 0.2550 0.2550

13056/13056 [==============================] - 171s - loss: 1.1547 - val_loss: 2.0169
Epoch 5/1000
12992/13056 [============================>.] - ETA: 0s - loss: 1.1374
- val_loss: 1.9124
- val_all_f1:  0.4091 0.4091 0.4091
- val_exp_f1:  0.6252 0.6252 0.6252
- val_non_f1:  0.2190 0.2190 0.2190

13056/13056 [==============================] - 170s - loss: 1.1372 - val_loss: 1.9124
Epoch 6/1000
12992/13056 [============================>.] - ETA: 0s - loss: 1.0655
- val_loss: 1.8797
- val_all_f1:  0.4595 0.4595 0.4595
- val_exp_f1:  0.6522 0.6404 0.6462
- val_non_f1:  0.3004 0.3004 0.3004

13056/13056 [==============================] - 171s - loss: 1.0664 - val_loss: 1.8797
Epoch 7/1000
12992/13056 [============================>.] - ETA: 0s - loss: 1.0751
- val_loss: 1.7683
- val_all_f1:  0.4950 0.4950 0.4950
- val_exp_f1:  0.7154 0.7132 0.7143
- val_non_f1:  0.3031 0.3031 0.3031

13056/13056 [==============================] - 171s - loss: 1.0759 - val_loss: 1.7683
Epoch 8/1000
12992/13056 [============================>.] - ETA: 0s - loss: 1.0365
- val_loss: 1.7565
- val_all_f1:  0.4503 0.4503 0.4503
- val_exp_f1:  0.7329 0.7329 0.7329
- val_non_f1:  0.2016 0.2016 0.2016

13056/13056 [==============================] - 171s - loss: 1.0353 - val_loss: 1.7565
Epoch 9/1000
12992/13056 [============================>.] - ETA: 0s - loss: 1.0209
- val_loss: 1.7202
- val_all_f1:  0.4631 0.4631 0.4631
- val_exp_f1:  0.7830 0.7830 0.7830
- val_non_f1:  0.1818 0.1816 0.1817

13056/13056 [==============================] - 170s - loss: 1.0223 - val_loss: 1.7202
Epoch 10/1000
12992/13056 [============================>.] - ETA: 0s - loss: 1.0146
- val_loss: 1.7179
- val_all_f1:  0.4979 0.4979 0.4979
- val_exp_f1:  0.8103 0.8103 0.8103
- val_non_f1:  0.2230 0.2230 0.2230

13056/13056 [==============================] - 171s - loss: 1.0155 - val_loss: 1.7179
Epoch 11/1000
12992/13056 [============================>.] - ETA: 0s - loss: 0.9895
- val_loss: 1.6343
- val_all_f1:  0.5206 0.5206 0.5206
- val_exp_f1:  0.7906 0.7906 0.7906
- val_non_f1:  0.2830 0.2830 0.2830

13056/13056 [==============================] - 171s - loss: 0.9892 - val_loss: 1.6343
Epoch 12/1000
12992/13056 [============================>.] - ETA: 0s - loss: 0.9787
- val_loss: 1.6318
- val_all_f1:  0.5142 0.5142 0.5142
- val_exp_f1:  0.8300 0.8300 0.8300
- val_non_f1:  0.2363 0.2363 0.2363

13056/13056 [==============================] - 171s - loss: 0.9802 - val_loss: 1.6318
Epoch 13/1000
12992/13056 [============================>.] - ETA: 0s - loss: 0.9595
- val_loss: 1.5875
- val_all_f1:  0.5447 0.5447 0.5447
- val_exp_f1:  0.8012 0.8012 0.8012
- val_non_f1:  0.3191 0.3191 0.3191

13056/13056 [==============================] - 172s - loss: 0.9588 - val_loss: 1.5875
Epoch 14/1000
12992/13056 [============================>.] - ETA: 0s - loss: 0.9808
- val_loss: 1.6620
- val_all_f1:  0.4901 0.4901 0.4901
- val_exp_f1:  0.8164 0.8164 0.8164
- val_non_f1:  0.2029 0.2029 0.2029

13056/13056 [==============================] - 171s - loss: 0.9809 - val_loss: 1.6620
Epoch 15/1000
12992/13056 [============================>.] - ETA: 0s - loss: 0.9650
- val_loss: 1.6373
- val_all_f1:  0.5284 0.5284 0.5284
- val_exp_f1:  0.7785 0.7785 0.7785
- val_non_f1:  0.3084 0.3084 0.3084

13056/13056 [==============================] - 171s - loss: 0.9651 - val_loss: 1.6373
Epoch 16/1000
12992/13056 [============================>.] - ETA: 0s - loss: 0.9596
- val_loss: 1.6023
- val_all_f1:  0.5107 0.5107 0.5107
- val_exp_f1:  0.8483 0.8483 0.8483
- val_non_f1:  0.2139 0.2136 0.2138

13056/13056 [==============================] - 171s - loss: 0.9593 - val_loss: 1.6023
Epoch 17/1000
12992/13056 [============================>.] - ETA: 0s - loss: 0.9693
- val_loss: 1.6294
- val_all_f1:  0.4837 0.4837 0.4837
- val_exp_f1:  0.8240 0.8240 0.8240
- val_non_f1:  0.1842 0.1842 0.1842

13056/13056 [==============================] - 171s - loss: 0.9702 - val_loss: 1.6294
Epoch 18/1000
12992/13056 [============================>.] - ETA: 0s - loss: 0.9645
- val_loss: 1.5372
- val_all_f1:  0.5675 0.5675 0.5675
- val_exp_f1:  0.8558 0.8558 0.8558
- val_non_f1:  0.3138 0.3138 0.3138

13056/13056 [==============================] - 171s - loss: 0.9648 - val_loss: 1.5372
Epoch 19/1000
12992/13056 [============================>.] - ETA: 0s - loss: 0.9408
- val_loss: 1.5839
- val_all_f1:  0.5376 0.5376 0.5376
- val_exp_f1:  0.8558 0.8558 0.8558
- val_non_f1:  0.2577 0.2577 0.2577

13056/13056 [==============================] - 171s - loss: 0.9422 - val_loss: 1.5839
Epoch 20/1000
12992/13056 [============================>.] - ETA: 0s - loss: 0.9357
- val_loss: 1.5852
- val_all_f1:  0.4964 0.4964 0.4964
- val_exp_f1:  0.7785 0.7785 0.7785
- val_non_f1:  0.2483 0.2483 0.2483

13056/13056 [==============================] - 171s - loss: 0.9365 - val_loss: 1.5852
Epoch 21/1000
12992/13056 [============================>.] - ETA: 0s - loss: 0.9320
- val_loss: 1.5462
- val_all_f1:  0.5433 0.5433 0.5433
- val_exp_f1:  0.8574 0.8574 0.8574
- val_non_f1:  0.2670 0.2670 0.2670

13056/13056 [==============================] - 171s - loss: 0.9308 - val_loss: 1.5462
Epoch 22/1000
12992/13056 [============================>.] - ETA: 0s - loss: 0.9203
- val_loss: 1.5597
- val_all_f1:  0.5085 0.5085 0.5085
- val_exp_f1:  0.8422 0.8422 0.8422
- val_non_f1:  0.2150 0.2150 0.2150

13056/13056 [==============================] - 172s - loss: 0.9210 - val_loss: 1.5597
Epoch 23/1000
12992/13056 [============================>.] - ETA: 0s - loss: 0.9230
- val_loss: 1.4805
- val_all_f1:  0.5746 0.5746 0.5746
- val_exp_f1:  0.8786 0.8786 0.8786
- val_non_f1:  0.3075 0.3071 0.3073

13056/13056 [==============================] - 171s - loss: 0.9222 - val_loss: 1.4805
Epoch 24/1000
12992/13056 [============================>.] - ETA: 0s - loss: 0.9187
- val_loss: 1.4791
- val_all_f1:  0.5739 0.5739 0.5739
- val_exp_f1:  0.8862 0.8862 0.8862
- val_non_f1:  0.2995 0.2991 0.2993

13056/13056 [==============================] - 171s - loss: 0.9179 - val_loss: 1.4791
Epoch 25/1000
12992/13056 [============================>.] - ETA: 0s - loss: 0.8942
- val_loss: 1.4867
- val_all_f1:  0.5618 0.5618 0.5618
- val_exp_f1:  0.8832 0.8832 0.8832
- val_non_f1:  0.2794 0.2790 0.2792

13056/13056 [==============================] - 172s - loss: 0.8934 - val_loss: 1.4867
Epoch 26/1000
12992/13056 [============================>.] - ETA: 0s - loss: 0.9128
- val_loss: 1.4818
- val_all_f1:  0.5760 0.5760 0.5760
- val_exp_f1:  0.8907 0.8907 0.8907
- val_non_f1:  0.2991 0.2991 0.2991

13056/13056 [==============================] - 171s - loss: 0.9135 - val_loss: 1.4818
Epoch 27/1000
12992/13056 [============================>.] - ETA: 0s - loss: 0.9107
- val_loss: 1.5066
- val_all_f1:  0.5625 0.5625 0.5625
- val_exp_f1:  0.8801 0.8801 0.8801
- val_non_f1:  0.2834 0.2830 0.2832

13056/13056 [==============================] - 171s - loss: 0.9106 - val_loss: 1.5066
Epoch 28/1000
12992/13056 [============================>.] - ETA: 0s - loss: 0.9412
- val_loss: 1.4861
- val_all_f1:  0.5866 0.5866 0.5866
- val_exp_f1:  0.8862 0.8862 0.8862
- val_non_f1:  0.3231 0.3231 0.3231

13056/13056 [==============================] - 171s - loss: 0.9403 - val_loss: 1.4861
Epoch 29/1000
12992/13056 [============================>.] - ETA: 0s - loss: 0.9224
- val_loss: 1.4784
- val_all_f1:  0.5824 0.5824 0.5824
- val_exp_f1:  0.8786 0.8786 0.8786
- val_non_f1:  0.3218 0.3218 0.3218

13056/13056 [==============================] - 171s - loss: 0.9233 - val_loss: 1.4784
Epoch 30/1000
12992/13056 [============================>.] - ETA: 0s - loss: 0.8849
- val_loss: 1.5014
- val_all_f1:  0.5447 0.5447 0.5447
- val_exp_f1:  0.8725 0.8725 0.8725
- val_non_f1:  0.2563 0.2563 0.2563

13056/13056 [==============================] - 171s - loss: 0.8855 - val_loss: 1.5014
Epoch 31/1000
12992/13056 [============================>.] - ETA: 0s - loss: 0.8896
- val_loss: 1.4745
- val_all_f1:  0.5810 0.5810 0.5810
- val_exp_f1:  0.8771 0.8771 0.8771
- val_non_f1:  0.3209 0.3204 0.3206

13056/13056 [==============================] - 171s - loss: 0.8897 - val_loss: 1.4745
Epoch 32/1000
12992/13056 [============================>.] - ETA: 0s - loss: 0.8795
- val_loss: 1.4829
- val_all_f1:  0.5795 0.5795 0.5795
- val_exp_f1:  0.8710 0.8710 0.8710
- val_non_f1:  0.3235 0.3231 0.3233

13056/13056 [==============================] - 171s - loss: 0.8793 - val_loss: 1.4829
Epoch 33/1000
12992/13056 [============================>.] - ETA: 0s - loss: 0.9011
- val_loss: 1.4782
- val_all_f1:  0.5753 0.5753 0.5753
- val_exp_f1:  0.8907 0.8907 0.8907
- val_non_f1:  0.2981 0.2977 0.2979

13056/13056 [==============================] - 171s - loss: 0.8995 - val_loss: 1.4782
Epoch 34/1000
12992/13056 [============================>.] - ETA: 0s - loss: 0.8889
- val_loss: 1.4570
- val_all_f1:  0.5795 0.5795 0.5795
- val_exp_f1:  0.8998 0.8998 0.8998
- val_non_f1:  0.2981 0.2977 0.2979

13056/13056 [==============================] - 171s - loss: 0.8878 - val_loss: 1.4570
Epoch 35/1000
12992/13056 [============================>.] - ETA: 0s - loss: 0.8973
- val_loss: 1.4462
- val_all_f1:  0.5795 0.5795 0.5795
- val_exp_f1:  0.8801 0.8801 0.8801
- val_non_f1:  0.3155 0.3151 0.3153

13056/13056 [==============================] - 171s - loss: 0.8986 - val_loss: 1.4462
Epoch 36/1000
12992/13056 [============================>.] - ETA: 0s - loss: 0.8919
- val_loss: 1.4492
- val_all_f1:  0.5881 0.5881 0.5881
- val_exp_f1:  0.8832 0.8832 0.8832
- val_non_f1:  0.3289 0.3284 0.3287

13056/13056 [==============================] - 171s - loss: 0.8903 - val_loss: 1.4492
Epoch 37/1000
12992/13056 [============================>.] - ETA: 0s - loss: 0.8922
- val_loss: 1.4698
- val_all_f1:  0.5781 0.5781 0.5781
- val_exp_f1:  0.8543 0.8543 0.8543
- val_non_f1:  0.3356 0.3351 0.3353

13056/13056 [==============================] - 171s - loss: 0.8927 - val_loss: 1.4698
Epoch 38/1000
12992/13056 [============================>.] - ETA: 0s - loss: 0.8717
- val_loss: 1.4468
- val_all_f1:  0.5831 0.5831 0.5831
- val_exp_f1:  0.9059 0.9059 0.9059
- val_non_f1:  0.2995 0.2991 0.2993

13056/13056 [==============================] - 170s - loss: 0.8704 - val_loss: 1.4468
Epoch 39/1000
12992/13056 [============================>.] - ETA: 0s - loss: 0.8707
- val_loss: 1.4475
- val_all_f1:  0.5732 0.5732 0.5732
- val_exp_f1:  0.8877 0.8877 0.8877
- val_non_f1:  0.2968 0.2964 0.2966

13056/13056 [==============================] - 169s - loss: 0.8707 - val_loss: 1.4475
Epoch 40/1000
12992/13056 [============================>.] - ETA: 0s - loss: 0.8928
- val_loss: 1.4242
- val_all_f1:  0.5888 0.5888 0.5888
- val_exp_f1:  0.8983 0.8983 0.8983
- val_non_f1:  0.3168 0.3164 0.3166

13056/13056 [==============================] - 169s - loss: 0.8934 - val_loss: 1.4242
Epoch 41/1000
12992/13056 [============================>.] - ETA: 0s - loss: 0.8288
- val_loss: 1.4550
- val_all_f1:  0.5732 0.5732 0.5732
- val_exp_f1:  0.9014 0.9014 0.9014
- val_non_f1:  0.2848 0.2844 0.2846

13056/13056 [==============================] - 169s - loss: 0.8281 - val_loss: 1.4550
Epoch 42/1000
12992/13056 [============================>.] - ETA: 0s - loss: 0.8468
- val_loss: 1.4215
- val_all_f1:  0.5909 0.5909 0.5909
- val_exp_f1:  0.8832 0.8832 0.8832
- val_non_f1:  0.3342 0.3338 0.3340

13056/13056 [==============================] - 169s - loss: 0.8477 - val_loss: 1.4215
Epoch 43/1000
12992/13056 [============================>.] - ETA: 0s - loss: 0.8776
- val_loss: 1.4479
- val_all_f1:  0.6009 0.6009 0.6009
- val_exp_f1:  0.8953 0.8953 0.8953
- val_non_f1:  0.3422 0.3418 0.3420

13056/13056 [==============================] - 169s - loss: 0.8768 - val_loss: 1.4479
Epoch 44/1000
12992/13056 [============================>.] - ETA: 0s - loss: 0.8585
- val_loss: 1.4529
- val_all_f1:  0.5916 0.5916 0.5916
- val_exp_f1:  0.8634 0.8634 0.8634
- val_non_f1:  0.3529 0.3525 0.3527

13056/13056 [==============================] - 168s - loss: 0.8574 - val_loss: 1.4529
Epoch 45/1000
12992/13056 [============================>.] - ETA: 0s - loss: 0.8507
- val_loss: 1.4270
- val_all_f1:  0.5845 0.5845 0.5845
- val_exp_f1:  0.9059 0.9059 0.9059
- val_non_f1:  0.3021 0.3017 0.3019

13056/13056 [==============================] - 169s - loss: 0.8514 - val_loss: 1.4270
Epoch 46/1000
12992/13056 [============================>.] - ETA: 0s - loss: 0.8469
- val_loss: 1.4289
- val_all_f1:  0.5895 0.5895 0.5895
- val_exp_f1:  0.8801 0.8801 0.8801
- val_non_f1:  0.3342 0.3338 0.3340

13056/13056 [==============================] - 169s - loss: 0.8478 - val_loss: 1.4289
Epoch 47/1000
12992/13056 [============================>.] - ETA: 0s - loss: 0.8607
- val_loss: 1.4860
- val_all_f1:  0.5824 0.5824 0.5824
- val_exp_f1:  0.8998 0.8998 0.8998
- val_non_f1:  0.3035 0.3031 0.3033

13056/13056 [==============================] - 169s - loss: 0.8605 - val_loss: 1.4860
Epoch 48/1000
12992/13056 [============================>.] - ETA: 0s - loss: 0.8716
- val_loss: 1.5155
- val_all_f1:  0.5710 0.5710 0.5710
- val_exp_f1:  0.9059 0.9059 0.9059
- val_non_f1:  0.2767 0.2764 0.2766

13056/13056 [==============================] - 169s - loss: 0.8721 - val_loss: 1.5155
Epoch 49/1000
12992/13056 [============================>.] - ETA: 0s - loss: 0.8417
- val_loss: 1.4508
- val_all_f1:  0.5810 0.5810 0.5810
- val_exp_f1:  0.9029 0.9029 0.9029
- val_non_f1:  0.2981 0.2977 0.2979

13056/13056 [==============================] - 169s - loss: 0.8430 - val_loss: 1.4508
Epoch 50/1000
12992/13056 [============================>.] - ETA: 0s - loss: 0.8349
- val_loss: 1.4673
- val_all_f1:  0.5852 0.5852 0.5852
- val_exp_f1:  0.8892 0.8892 0.8892
- val_non_f1:  0.3182 0.3178 0.3180

13056/13056 [==============================] - 169s - loss: 0.8341 - val_loss: 1.4673
Epoch 51/1000
12992/13056 [============================>.] - ETA: 0s - loss: 0.8277
- val_loss: 1.4624
- val_all_f1:  0.5781 0.5781 0.5781
- val_exp_f1:  0.8983 0.8983 0.8983
- val_non_f1:  0.2968 0.2964 0.2966

13056/13056 [==============================] - 168s - loss: 0.8267 - val_loss: 1.4624
Epoch 52/1000
12992/13056 [============================>.] - ETA: 0s - loss: 0.7964
- val_loss: 1.4546
- val_all_f1:  0.6030 0.6030 0.6030
- val_exp_f1:  0.9120 0.9120 0.9120
- val_non_f1:  0.3316 0.3311 0.3313

13056/13056 [==============================] - 169s - loss: 0.7960 - val_loss: 1.4546
Epoch 53/1000
12992/13056 [============================>.] - ETA: 0s - loss: 0.8330
- val_loss: 1.4627
- val_all_f1:  0.5788 0.5788 0.5788
- val_exp_f1:  0.8877 0.8877 0.8877
- val_non_f1:  0.3071 0.3071 0.3071

13056/13056 [==============================] - 169s - loss: 0.8336 - val_loss: 1.4627
Epoch 54/1000
12992/13056 [============================>.] - ETA: 0s - loss: 0.8340
- val_loss: 1.4298
- val_all_f1:  0.5881 0.5881 0.5881
- val_exp_f1:  0.9044 0.9044 0.9044
- val_non_f1:  0.3102 0.3097 0.3100

13056/13056 [==============================] - 169s - loss: 0.8343 - val_loss: 1.4298
Epoch 55/1000
12992/13056 [============================>.] - ETA: 0s - loss: 0.8382
- val_loss: 1.4727
- val_all_f1:  0.5781 0.5781 0.5781
- val_exp_f1:  0.9105 0.9105 0.9105
- val_non_f1:  0.2861 0.2857 0.2859

13056/13056 [==============================] - 169s - loss: 0.8381 - val_loss: 1.4727
Epoch 56/1000
12992/13056 [============================>.] - ETA: 0s - loss: 0.8290
- val_loss: 1.4526
- val_all_f1:  0.5881 0.5881 0.5881
- val_exp_f1:  0.8877 0.8877 0.8877
- val_non_f1:  0.3249 0.3244 0.3246

13056/13056 [==============================] - 168s - loss: 0.8292 - val_loss: 1.4526
Epoch 57/1000
12992/13056 [============================>.] - ETA: 0s - loss: 0.8254
- val_loss: 1.4185
- val_all_f1:  0.5966 0.5966 0.5966
- val_exp_f1:  0.9090 0.9090 0.9090
- val_non_f1:  0.3222 0.3218 0.3220

13056/13056 [==============================] - 168s - loss: 0.8248 - val_loss: 1.4185
Epoch 58/1000
12992/13056 [============================>.] - ETA: 0s - loss: 0.8265
- val_loss: 1.4355
- val_all_f1:  0.6044 0.6044 0.6044
- val_exp_f1:  0.9059 0.9059 0.9059
- val_non_f1:  0.3396 0.3391 0.3393

13056/13056 [==============================] - 169s - loss: 0.8275 - val_loss: 1.4355
Epoch 59/1000
12992/13056 [============================>.] - ETA: 0s - loss: 0.8357
- val_loss: 1.5299
- val_all_f1:  0.5511 0.5511 0.5511
- val_exp_f1:  0.8741 0.8741 0.8741
- val_non_f1:  0.2674 0.2670 0.2672

13056/13056 [==============================] - 168s - loss: 0.8352 - val_loss: 1.5299
Epoch 60/1000
12992/13056 [============================>.] - ETA: 0s - loss: 0.8631
- val_loss: 1.4522
- val_all_f1:  0.5838 0.5838 0.5838
- val_exp_f1:  0.8983 0.8983 0.8983
- val_non_f1:  0.3075 0.3071 0.3073

13056/13056 [==============================] - 168s - loss: 0.8625 - val_loss: 1.4522
Epoch 61/1000
12992/13056 [============================>.] - ETA: 0s - loss: 0.8008
- val_loss: 1.4970
- val_all_f1:  0.5788 0.5788 0.5788
- val_exp_f1:  0.8953 0.8953 0.8953
- val_non_f1:  0.3008 0.3004 0.3006

13056/13056 [==============================] - 169s - loss: 0.7999 - val_loss: 1.4970
Epoch 62/1000
12992/13056 [============================>.] - ETA: 0s - loss: 0.7906
- val_loss: 1.4713
- val_all_f1:  0.5866 0.5866 0.5866
- val_exp_f1:  0.8907 0.8907 0.8907
- val_non_f1:  0.3195 0.3191 0.3193

13056/13056 [==============================] - 169s - loss: 0.7919 - val_loss: 1.4713
Epoch 63/1000
12992/13056 [============================>.] - ETA: 0s - loss: 0.8152
- val_loss: 1.4847
- val_all_f1:  0.5760 0.5760 0.5760
- val_exp_f1:  0.8923 0.8923 0.8923
- val_non_f1:  0.2981 0.2977 0.2979

13056/13056 [==============================] - 169s - loss: 0.8157 - val_loss: 1.4847
Epoch 64/1000
12992/13056 [============================>.] - ETA: 0s - loss: 0.7925
- val_loss: 1.4476
- val_all_f1:  0.5966 0.5966 0.5966
- val_exp_f1:  0.9059 0.9059 0.9059
- val_non_f1:  0.3249 0.3244 0.3246

13056/13056 [==============================] - 169s - loss: 0.7911 - val_loss: 1.4476
Epoch 65/1000
12992/13056 [============================>.] - ETA: 0s - loss: 0.8191
- val_loss: 1.4776
- val_all_f1:  0.5767 0.5767 0.5767
- val_exp_f1:  0.8983 0.8983 0.8983
- val_non_f1:  0.2941 0.2937 0.2939

13056/13056 [==============================] - 168s - loss: 0.8192 - val_loss: 1.4776
Epoch 66/1000
12992/13056 [============================>.] - ETA: 0s - loss: 0.8167
- val_loss: 1.4782
- val_all_f1:  0.5739 0.5739 0.5739
- val_exp_f1:  0.8816 0.8816 0.8816
- val_non_f1:  0.3035 0.3031 0.3033

13056/13056 [==============================] - 168s - loss: 0.8169 - val_loss: 1.4782
Epoch 67/1000
12992/13056 [============================>.] - ETA: 0s - loss: 0.7968
- val_loss: 1.4794
- val_all_f1:  0.5724 0.5724 0.5724
- val_exp_f1:  0.8816 0.8816 0.8816
- val_non_f1:  0.3008 0.3004 0.3006

13056/13056 [==============================] - 169s - loss: 0.7962 - val_loss: 1.4794
Epoch 68/1000
12992/13056 [============================>.] - ETA: 0s - loss: 0.7880
- val_loss: 1.4660
- val_all_f1:  0.5788 0.5788 0.5788
- val_exp_f1:  0.8862 0.8862 0.8862
- val_non_f1:  0.3088 0.3084 0.3086

13056/13056 [==============================] - 169s - loss: 0.7877 - val_loss: 1.4660
Epoch 69/1000
12992/13056 [============================>.] - ETA: 0s - loss: 0.8216
- val_loss: 1.4374
- val_all_f1:  0.5909 0.5909 0.5909
- val_exp_f1:  0.9014 0.9014 0.9014
- val_non_f1:  0.3182 0.3178 0.3180

13056/13056 [==============================] - 169s - loss: 0.8208 - val_loss: 1.4374
Epoch 70/1000
12992/13056 [============================>.] - ETA: 0s - loss: 0.7885
- val_loss: 1.5375
- val_all_f1:  0.5440 0.5440 0.5440
- val_exp_f1:  0.8786 0.8786 0.8786
- val_non_f1:  0.2500 0.2497 0.2498

13056/13056 [==============================] - 169s - loss: 0.7892 - val_loss: 1.5375
Epoch 71/1000
12992/13056 [============================>.] - ETA: 0s - loss: 0.7541
- val_loss: 1.4642
- val_all_f1:  0.5945 0.5945 0.5945
- val_exp_f1:  0.9044 0.9044 0.9044
- val_non_f1:  0.3222 0.3218 0.3220

13056/13056 [==============================] - 169s - loss: 0.7528 - val_loss: 1.4642
Epoch 72/1000
12992/13056 [============================>.] - ETA: 0s - loss: 0.7836
- val_loss: 1.4416
- val_all_f1:  0.5987 0.5987 0.5987
- val_exp_f1:  0.9044 0.9044 0.9044
- val_non_f1:  0.3302 0.3298 0.3300

13056/13056 [==============================] - 168s - loss: 0.7822 - val_loss: 1.4416
Epoch 73/1000
12992/13056 [============================>.] - ETA: 0s - loss: 0.7867
- val_loss: 1.4723
- val_all_f1:  0.5703 0.5703 0.5703
- val_exp_f1:  0.9135 0.9135 0.9135
- val_non_f1:  0.2687 0.2684 0.2685

13056/13056 [==============================] - 169s - loss: 0.7858 - val_loss: 1.4723
Epoch 74/1000
12992/13056 [============================>.] - ETA: 0s - loss: 0.7782
- val_loss: 1.4746
- val_all_f1:  0.5930 0.5930 0.5930
- val_exp_f1:  0.9120 0.9120 0.9120
- val_non_f1:  0.3128 0.3124 0.3126

13056/13056 [==============================] - 169s - loss: 0.7782 - val_loss: 1.4746
Epoch 75/1000
12992/13056 [============================>.] - ETA: 0s - loss: 0.7824
- val_loss: 1.4410
- val_all_f1:  0.5980 0.5980 0.5980
- val_exp_f1:  0.9120 0.9120 0.9120
- val_non_f1:  0.3222 0.3218 0.3220

13056/13056 [==============================] - 169s - loss: 0.7821 - val_loss: 1.4410
Epoch 76/1000
12992/13056 [============================>.] - ETA: 0s - loss: 0.8023
- val_loss: 1.5467
- val_all_f1:  0.5547 0.5547 0.5547
- val_exp_f1:  0.8938 0.8938 0.8938
- val_non_f1:  0.2567 0.2563 0.2565

13056/13056 [==============================] - 169s - loss: 0.8024 - val_loss: 1.5467
Epoch 77/1000
12992/13056 [============================>.] - ETA: 0s - loss: 0.8018
- val_loss: 1.4412
- val_all_f1:  0.6087 0.6087 0.6087
- val_exp_f1:  0.9150 0.9150 0.9150
- val_non_f1:  0.3396 0.3391 0.3393

13056/13056 [==============================] - 169s - loss: 0.8001 - val_loss: 1.4412
Epoch 78/1000
12992/13056 [============================>.] - ETA: 0s - loss: 0.7869
- val_loss: 1.4958
- val_all_f1:  0.5810 0.5810 0.5810
- val_exp_f1:  0.9029 0.9029 0.9029
- val_non_f1:  0.2981 0.2977 0.2979

13056/13056 [==============================] - 169s - loss: 0.7866 - val_loss: 1.4958
Epoch 79/1000
12992/13056 [============================>.] - ETA: 0s - loss: 0.7929
- val_loss: 1.4467
- val_all_f1:  0.5973 0.5973 0.5973
- val_exp_f1:  0.9029 0.9029 0.9029
- val_non_f1:  0.3289 0.3284 0.3287

13056/13056 [==============================] - 169s - loss: 0.7923 - val_loss: 1.4467
Epoch 80/1000
12992/13056 [============================>.] - ETA: 0s - loss: 0.7850
- val_loss: 1.5044
- val_all_f1:  0.5732 0.5732 0.5732
- val_exp_f1:  0.9090 0.9090 0.9090
- val_non_f1:  0.2781 0.2777 0.2779

13056/13056 [==============================] - 169s - loss: 0.7856 - val_loss: 1.5044
Epoch 81/1000
12992/13056 [============================>.] - ETA: 0s - loss: 0.7676
- val_loss: 1.4533
- val_all_f1:  0.6016 0.6016 0.6016
- val_exp_f1:  0.9074 0.9074 0.9074
- val_non_f1:  0.3329 0.3324 0.3327

13056/13056 [==============================] - 170s - loss: 0.7665 - val_loss: 1.4533
Epoch 82/1000
12992/13056 [============================>.] - ETA: 0s - loss: 0.7543
- val_loss: 1.4904
- val_all_f1:  0.5803 0.5803 0.5803
- val_exp_f1:  0.8756 0.8756 0.8756
- val_non_f1:  0.3209 0.3204 0.3206

13056/13056 [==============================] - 169s - loss: 0.7532 - val_loss: 1.4904
Epoch 83/1000
12992/13056 [============================>.] - ETA: 0s - loss: 0.7585
- val_loss: 1.5732
- val_all_f1:  0.5504 0.5504 0.5504
- val_exp_f1:  0.8938 0.8938 0.8938
- val_non_f1:  0.2487 0.2483 0.2485

13056/13056 [==============================] - 169s - loss: 0.7581 - val_loss: 1.5732
Epoch 84/1000
12992/13056 [============================>.] - ETA: 0s - loss: 0.7429
- val_loss: 1.4902
- val_all_f1:  0.5611 0.5611 0.5611
- val_exp_f1:  0.8968 0.8968 0.8968
- val_non_f1:  0.2660 0.2657 0.2659

13056/13056 [==============================] - 169s - loss: 0.7434 - val_loss: 1.4902
Epoch 85/1000
12992/13056 [============================>.] - ETA: 0s - loss: 0.7499
- val_loss: 1.4671
- val_all_f1:  0.5952 0.5952 0.5952
- val_exp_f1:  0.8953 0.8953 0.8953
- val_non_f1:  0.3316 0.3311 0.3313

13056/13056 [==============================] - 170s - loss: 0.7503 - val_loss: 1.4671
Epoch 86/1000
12992/13056 [============================>.] - ETA: 0s - loss: 0.7810
- val_loss: 1.4639
- val_all_f1:  0.5945 0.5945 0.5945
- val_exp_f1:  0.8953 0.8953 0.8953
- val_non_f1:  0.3302 0.3298 0.3300

13056/13056 [==============================] - 170s - loss: 0.7817 - val_loss: 1.4639
Epoch 87/1000
12992/13056 [============================>.] - ETA: 0s - loss: 0.7625
- val_loss: 1.4616
- val_all_f1:  0.5987 0.5987 0.5987
- val_exp_f1:  0.9090 0.9090 0.9090
- val_non_f1:  0.3262 0.3258 0.3260

13056/13056 [==============================] - 169s - loss: 0.7621 - val_loss: 1.4616
Epoch 88/1000
12992/13056 [============================>.] - ETA: 0s - loss: 0.7609
- val_loss: 1.4447
- val_all_f1:  0.5973 0.5973 0.5973
- val_exp_f1:  0.9074 0.9074 0.9074
- val_non_f1:  0.3249 0.3244 0.3246

13056/13056 [==============================] - 170s - loss: 0.7606 - val_loss: 1.4447
Epoch 89/1000
12992/13056 [============================>.] - ETA: 0s - loss: 0.7733
- val_loss: 1.4552
- val_all_f1:  0.5895 0.5895 0.5895
- val_exp_f1:  0.8953 0.8953 0.8953
- val_non_f1:  0.3209 0.3204 0.3206

13056/13056 [==============================] - 170s - loss: 0.7727 - val_loss: 1.4552
Epoch 90/1000
12992/13056 [============================>.] - ETA: 0s - loss: 0.7471
- val_loss: 1.4459
- val_all_f1:  0.5966 0.5966 0.5966
- val_exp_f1:  0.8998 0.8998 0.8998
- val_non_f1:  0.3302 0.3298 0.3300

13056/13056 [==============================] - 170s - loss: 0.7483 - val_loss: 1.4459
Epoch 91/1000
12992/13056 [============================>.] - ETA: 0s - loss: 0.7151
- val_loss: 1.4697
- val_all_f1:  0.5923 0.5923 0.5923
- val_exp_f1:  0.9044 0.9044 0.9044
- val_non_f1:  0.3182 0.3178 0.3180

13056/13056 [==============================] - 170s - loss: 0.7150 - val_loss: 1.4697
Epoch 92/1000
12992/13056 [============================>.] - ETA: 0s - loss: 0.7281
- val_loss: 1.4729
- val_all_f1:  0.6023 0.6023 0.6023
- val_exp_f1:  0.9044 0.9044 0.9044
- val_non_f1:  0.3369 0.3364 0.3367

13056/13056 [==============================] - 170s - loss: 0.7280 - val_loss: 1.4729
Epoch 93/1000
12992/13056 [============================>.] - ETA: 0s - loss: 0.7313
- val_loss: 1.4751
- val_all_f1:  0.5945 0.5945 0.5945
- val_exp_f1:  0.8983 0.8983 0.8983
- val_non_f1:  0.3275 0.3271 0.3273

13056/13056 [==============================] - 170s - loss: 0.7311 - val_loss: 1.4751
Epoch 94/1000
12992/13056 [============================>.] - ETA: 0s - loss: 0.7328
- val_loss: 1.5862
- val_all_f1:  0.5455 0.5455 0.5455
- val_exp_f1:  0.8938 0.8938 0.8938
- val_non_f1:  0.2393 0.2390 0.2391

13056/13056 [==============================] - 170s - loss: 0.7345 - val_loss: 1.5862
Epoch 95/1000
12992/13056 [============================>.] - ETA: 0s - loss: 0.7596
- val_loss: 1.5200
- val_all_f1:  0.5732 0.5732 0.5732
- val_exp_f1:  0.8847 0.8847 0.8847
- val_non_f1:  0.2995 0.2991 0.2993

13056/13056 [==============================] - 170s - loss: 0.7590 - val_loss: 1.5200
Epoch 96/1000
12992/13056 [============================>.] - ETA: 0s - loss: 0.7260
- val_loss: 1.4860
- val_all_f1:  0.6009 0.6009 0.6009
- val_exp_f1:  0.8998 0.8998 0.8998
- val_non_f1:  0.3382 0.3378 0.3380

13056/13056 [==============================] - 170s - loss: 0.7272 - val_loss: 1.4860
Epoch 97/1000
12992/13056 [============================>.] - ETA: 0s - loss: 0.7369
- val_loss: 1.5122
- val_all_f1:  0.5717 0.5717 0.5717
- val_exp_f1:  0.8801 0.8801 0.8801
- val_non_f1:  0.3008 0.3004 0.3006

13056/13056 [==============================] - 170s - loss: 0.7370 - val_loss: 1.5122
Epoch 98/1000
12992/13056 [============================>.] - ETA: 0s - loss: 0.7562
- val_loss: 1.4539
- val_all_f1:  0.5852 0.5852 0.5852
- val_exp_f1:  0.8907 0.8907 0.8907
- val_non_f1:  0.3168 0.3164 0.3166

13056/13056 [==============================] - 170s - loss: 0.7561 - val_loss: 1.4539
Epoch 99/1000
12992/13056 [============================>.] - ETA: 0s - loss: 0.7669
- val_loss: 1.4985
- val_all_f1:  0.5838 0.5838 0.5838
- val_exp_f1:  0.8847 0.8847 0.8847
- val_non_f1:  0.3195 0.3191 0.3193

13056/13056 [==============================] - 170s - loss: 0.7686 - val_loss: 1.4985
Epoch 100/1000
12992/13056 [============================>.] - ETA: 0s - loss: 0.7301
- val_loss: 1.5058
- val_all_f1:  0.5973 0.5973 0.5973
- val_exp_f1:  0.8756 0.8756 0.8756
- val_non_f1:  0.3529 0.3525 0.3527

13056/13056 [==============================] - 170s - loss: 0.7296 - val_loss: 1.5058
Epoch 101/1000
12992/13056 [============================>.] - ETA: 0s - loss: 0.7064
- val_loss: 1.4821
- val_all_f1:  0.5980 0.5980 0.5980
- val_exp_f1:  0.8938 0.8938 0.8938
- val_non_f1:  0.3382 0.3378 0.3380

13056/13056 [==============================] - 170s - loss: 0.7057 - val_loss: 1.4821
Epoch 102/1000
12992/13056 [============================>.] - ETA: 0s - loss: 0.7037
- val_loss: 1.4895
- val_all_f1:  0.5945 0.5945 0.5945
- val_exp_f1:  0.8953 0.8953 0.8953
- val_non_f1:  0.3302 0.3298 0.3300

13056/13056 [==============================] - 170s - loss: 0.7050 - val_loss: 1.4895
Epoch 103/1000
12992/13056 [============================>.] - ETA: 0s - loss: 0.7170
- val_loss: 1.5463
- val_all_f1:  0.5533 0.5533 0.5533
- val_exp_f1:  0.8862 0.8862 0.8862
- val_non_f1:  0.2607 0.2603 0.2605

13056/13056 [==============================] - 171s - loss: 0.7177 - val_loss: 1.5463
Epoch 104/1000
12992/13056 [============================>.] - ETA: 0s - loss: 0.7066
- val_loss: 1.5060
- val_all_f1:  0.5845 0.5845 0.5845
- val_exp_f1:  0.8923 0.8923 0.8923
- val_non_f1:  0.3142 0.3138 0.3140

13056/13056 [==============================] - 171s - loss: 0.7072 - val_loss: 1.5060
Epoch 105/1000
12992/13056 [============================>.] - ETA: 0s - loss: 0.7313
- val_loss: 1.4796
- val_all_f1:  0.5682 0.5682 0.5682
- val_exp_f1:  0.8801 0.8801 0.8801
- val_non_f1:  0.2941 0.2937 0.2939

13056/13056 [==============================] - 170s - loss: 0.7306 - val_loss: 1.4796
Epoch 106/1000
12992/13056 [============================>.] - ETA: 0s - loss: 0.7413
- val_loss: 1.5094
- val_all_f1:  0.5895 0.5895 0.5895
- val_exp_f1:  0.8968 0.8968 0.8968
- val_non_f1:  0.3195 0.3191 0.3193

13056/13056 [==============================] - 170s - loss: 0.7425 - val_loss: 1.5094
Epoch 107/1000
12992/13056 [============================>.] - ETA: 0s - loss: 0.7288
- val_loss: 1.5301
- val_all_f1:  0.5611 0.5611 0.5611
- val_exp_f1:  0.8832 0.8832 0.8832
- val_non_f1:  0.2781 0.2777 0.2779

13056/13056 [==============================] - 169s - loss: 0.7299 - val_loss: 1.5301
Epoch 108/1000
12992/13056 [============================>.] - ETA: 0s - loss: 0.7109
- val_loss: 1.4711
- val_all_f1:  0.5973 0.5973 0.5973
- val_exp_f1:  0.8938 0.8938 0.8938
- val_non_f1:  0.3369 0.3364 0.3367

13056/13056 [==============================] - 169s - loss: 0.7111 - val_loss: 1.4711
Epoch 109/1000
12992/13056 [============================>.] - ETA: 0s - loss: 0.7276
- val_loss: 1.5089
- val_all_f1:  0.5859 0.5859 0.5859
- val_exp_f1:  0.8862 0.8862 0.8862
- val_non_f1:  0.3222 0.3218 0.3220

13056/13056 [==============================] - 170s - loss: 0.7286 - val_loss: 1.5089
Epoch 110/1000
12992/13056 [============================>.] - ETA: 0s - loss: 0.6959
- val_loss: 1.5053
- val_all_f1:  0.6087 0.6087 0.6087
- val_exp_f1:  0.9090 0.9090 0.9090
- val_non_f1:  0.3449 0.3445 0.3447

13056/13056 [==============================] - 169s - loss: 0.6964 - val_loss: 1.5053
Epoch 111/1000
12992/13056 [============================>.] - ETA: 0s - loss: 0.7075
- val_loss: 1.5592
- val_all_f1:  0.5653 0.5653 0.5653
- val_exp_f1:  0.8832 0.8832 0.8832
- val_non_f1:  0.2861 0.2857 0.2859

13056/13056 [==============================] - 169s - loss: 0.7072 - val_loss: 1.5592
Epoch 112/1000
12992/13056 [============================>.] - ETA: 0s - loss: 0.6912
- val_loss: 1.5093
- val_all_f1:  0.5767 0.5767 0.5767
- val_exp_f1:  0.8665 0.8665 0.8665
- val_non_f1:  0.3222 0.3218 0.3220

13056/13056 [==============================] - 170s - loss: 0.6909 - val_loss: 1.5093
Epoch 113/1000
12992/13056 [============================>.] - ETA: 0s - loss: 0.6993
- val_loss: 1.5881
- val_all_f1:  0.5589 0.5589 0.5589
- val_exp_f1:  0.8847 0.8847 0.8847
- val_non_f1:  0.2727 0.2724 0.2725

13056/13056 [==============================] - 169s - loss: 0.6989 - val_loss: 1.5881
Epoch 114/1000
12992/13056 [============================>.] - ETA: 0s - loss: 0.7179
- val_loss: 1.5478
- val_all_f1:  0.5760 0.5760 0.5760
- val_exp_f1:  0.8847 0.8847 0.8847
- val_non_f1:  0.3048 0.3044 0.3046

13056/13056 [==============================] - 170s - loss: 0.7170 - val_loss: 1.5478
Epoch 115/1000
12992/13056 [============================>.] - ETA: 0s - loss: 0.6983
- val_loss: 1.5237
- val_all_f1:  0.5916 0.5916 0.5916
- val_exp_f1:  0.9014 0.9014 0.9014
- val_non_f1:  0.3195 0.3191 0.3193

13056/13056 [==============================] - 169s - loss: 0.6985 - val_loss: 1.5237
Epoch 116/1000
12992/13056 [============================>.] - ETA: 0s - loss: 0.6802
- val_loss: 1.5391
- val_all_f1:  0.5675 0.5675 0.5675
- val_exp_f1:  0.8725 0.8725 0.8725
- val_non_f1:  0.2995 0.2991 0.2993

13056/13056 [==============================] - 169s - loss: 0.6801 - val_loss: 1.5391
Epoch 117/1000
12992/13056 [============================>.] - ETA: 0s - loss: 0.7073
- val_loss: 1.5577
- val_all_f1:  0.5632 0.5632 0.5632
- val_exp_f1:  0.8816 0.8816 0.8816
- val_non_f1:  0.2834 0.2830 0.2832

13056/13056 [==============================] - 174s - loss: 0.7071 - val_loss: 1.5577
Epoch 118/1000
12992/13056 [============================>.] - ETA: 0s - loss: 0.7101
- val_loss: 1.5128
- val_all_f1:  0.5952 0.5952 0.5952
- val_exp_f1:  0.8832 0.8832 0.8832
- val_non_f1:  0.3422 0.3418 0.3420

13056/13056 [==============================] - 172s - loss: 0.7103 - val_loss: 1.5128
Epoch 119/1000
12992/13056 [============================>.] - ETA: 0s - loss: 0.7045
- val_loss: 1.5073
- val_all_f1:  0.5866 0.5866 0.5866
- val_exp_f1:  0.8786 0.8786 0.8786
- val_non_f1:  0.3302 0.3298 0.3300

13056/13056 [==============================] - 171s - loss: 0.7030 - val_loss: 1.5073
Epoch 120/1000
12992/13056 [============================>.] - ETA: 0s - loss: 0.6959
- val_loss: 1.5746
- val_all_f1:  0.5668 0.5668 0.5668
- val_exp_f1:  0.8695 0.8695 0.8695
- val_non_f1:  0.3008 0.3004 0.3006

13056/13056 [==============================] - 170s - loss: 0.6956 - val_loss: 1.5746
Epoch 121/1000
12992/13056 [============================>.] - ETA: 0s - loss: 0.6573
- val_loss: 1.5846
- val_all_f1:  0.5653 0.5653 0.5653
- val_exp_f1:  0.8725 0.8725 0.8725
- val_non_f1:  0.2955 0.2951 0.2953

13056/13056 [==============================] - 170s - loss: 0.6565 - val_loss: 1.5846
Epoch 122/1000
12992/13056 [============================>.] - ETA: 0s - loss: 0.6561
- val_loss: 1.5950
- val_all_f1:  0.5632 0.5632 0.5632
- val_exp_f1:  0.8665 0.8665 0.8665
- val_non_f1:  0.2968 0.2964 0.2966

13056/13056 [==============================] - 170s - loss: 0.6570 - val_loss: 1.5950
Epoch 123/1000
12992/13056 [============================>.] - ETA: 0s - loss: 0.6676
- val_loss: 1.5291
- val_all_f1:  0.5852 0.5852 0.5852
- val_exp_f1:  0.8877 0.8877 0.8877
- val_non_f1:  0.3195 0.3191 0.3193

13056/13056 [==============================] - 171s - loss: 0.6681 - val_loss: 1.5291
Epoch 124/1000
12992/13056 [============================>.] - ETA: 0s - loss: 0.6828
- val_loss: 1.5340
- val_all_f1:  0.5909 0.5909 0.5909
- val_exp_f1:  0.8862 0.8862 0.8862
- val_non_f1:  0.3316 0.3311 0.3313

13056/13056 [==============================] - 170s - loss: 0.6822 - val_loss: 1.5340
Epoch 125/1000
12992/13056 [============================>.] - ETA: 0s - loss: 0.6918
- val_loss: 1.5649
- val_all_f1:  0.5732 0.5732 0.5732
- val_exp_f1:  0.8589 0.8589 0.8589
- val_non_f1:  0.3222 0.3218 0.3220

13056/13056 [==============================] - 170s - loss: 0.6915 - val_loss: 1.5649
Epoch 126/1000
12992/13056 [============================>.] - ETA: 0s - loss: 0.7005
- val_loss: 1.5650
- val_all_f1:  0.5888 0.5888 0.5888
- val_exp_f1:  0.8756 0.8756 0.8756
- val_non_f1:  0.3369 0.3364 0.3367

13056/13056 [==============================] - 171s - loss: 0.7011 - val_loss: 1.5650
Epoch 127/1000
12992/13056 [============================>.] - ETA: 0s - loss: 0.6892
- val_loss: 1.5251
- val_all_f1:  0.5732 0.5732 0.5732
- val_exp_f1:  0.8847 0.8847 0.8847
- val_non_f1:  0.2995 0.2991 0.2993

13056/13056 [==============================] - 170s - loss: 0.6892 - val_loss: 1.5251
Epoch 128/1000
12992/13056 [============================>.] - ETA: 0s - loss: 0.6906
- val_loss: 1.5579
- val_all_f1:  0.5831 0.5831 0.5831
- val_exp_f1:  0.8938 0.8938 0.8938
- val_non_f1:  0.3110 0.3097 0.3104

13056/13056 [==============================] - 171s - loss: 0.6901 - val_loss: 1.5579
Epoch 129/1000
12992/13056 [============================>.] - ETA: 0s - loss: 0.7061
- val_loss: 1.5370
- val_all_f1:  0.5497 0.5497 0.5497
- val_exp_f1:  0.8209 0.8209 0.8209
- val_non_f1:  0.3115 0.3111 0.3113

13056/13056 [==============================] - 171s - loss: 0.7067 - val_loss: 1.5370
Epoch 130/1000
12992/13056 [============================>.] - ETA: 0s - loss: 0.6944
- val_loss: 1.5428
- val_all_f1:  0.5909 0.5909 0.5909
- val_exp_f1:  0.8847 0.8847 0.8847
- val_non_f1:  0.3329 0.3324 0.3327

13056/13056 [==============================] - 171s - loss: 0.6936 - val_loss: 1.5428
Epoch 131/1000
12992/13056 [============================>.] - ETA: 0s - loss: 0.6541
- val_loss: 1.5540
- val_all_f1:  0.5881 0.5881 0.5881
- val_exp_f1:  0.8847 0.8847 0.8847
- val_non_f1:  0.3275 0.3271 0.3273

13056/13056 [==============================] - 171s - loss: 0.6537 - val_loss: 1.5540
Epoch 132/1000
12992/13056 [============================>.] - ETA: 0s - loss: 0.6678
- val_loss: 1.5337
- val_all_f1:  0.5916 0.5916 0.5916
- val_exp_f1:  0.8892 0.8892 0.8892
- val_non_f1:  0.3302 0.3298 0.3300

13056/13056 [==============================] - 170s - loss: 0.6675 - val_loss: 1.5337
Epoch 133/1000
12992/13056 [============================>.] - ETA: 0s - loss: 0.6560
- val_loss: 1.5711
- val_all_f1:  0.5689 0.5689 0.5689
- val_exp_f1:  0.8619 0.8619 0.8619
- val_non_f1:  0.3119 0.3111 0.3115

13056/13056 [==============================] - 171s - loss: 0.6553 - val_loss: 1.5711
Epoch 134/1000
12992/13056 [============================>.] - ETA: 0s - loss: 0.6683
- val_loss: 1.5685
- val_all_f1:  0.5746 0.5746 0.5746
- val_exp_f1:  0.8998 0.8998 0.8998
- val_non_f1:  0.2888 0.2884 0.2886

13056/13056 [==============================] - 171s - loss: 0.6682 - val_loss: 1.5685
Epoch 135/1000
12992/13056 [============================>.] - ETA: 0s - loss: 0.6792
- val_loss: 1.5140
- val_all_f1:  0.5810 0.5810 0.5810
- val_exp_f1:  0.8877 0.8877 0.8877
- val_non_f1:  0.3115 0.3111 0.3113

13056/13056 [==============================] - 171s - loss: 0.6812 - val_loss: 1.5140
Epoch 136/1000
12992/13056 [============================>.] - ETA: 0s - loss: 0.6752
- val_loss: 1.5562
- val_all_f1:  0.5589 0.5589 0.5589
- val_exp_f1:  0.8680 0.8680 0.8680
- val_non_f1:  0.2874 0.2870 0.2872

13056/13056 [==============================] - 171s - loss: 0.6756 - val_loss: 1.5562
Epoch 137/1000
12992/13056 [============================>.] - ETA: 0s - loss: 0.6694
- val_loss: 1.5216
- val_all_f1:  0.5724 0.5724 0.5724
- val_exp_f1:  0.8695 0.8695 0.8695
- val_non_f1:  0.3115 0.3111 0.3113

13056/13056 [==============================] - 171s - loss: 0.6701 - val_loss: 1.5216
Epoch 138/1000
12992/13056 [============================>.] - ETA: 0s - loss: 0.6799
- val_loss: 1.5349
- val_all_f1:  0.5838 0.5838 0.5838
- val_exp_f1:  0.8862 0.8862 0.8862
- val_non_f1:  0.3182 0.3178 0.3180

13056/13056 [==============================] - 170s - loss: 0.6789 - val_loss: 1.5349
Epoch 139/1000
12992/13056 [============================>.] - ETA: 0s - loss: 0.6662
- val_loss: 1.5351
- val_all_f1:  0.5746 0.5746 0.5746
- val_exp_f1:  0.8832 0.8832 0.8832
- val_non_f1:  0.3035 0.3031 0.3033

13056/13056 [==============================] - 170s - loss: 0.6658 - val_loss: 1.5351
Epoch 140/1000
12992/13056 [============================>.] - ETA: 0s - loss: 0.6670
- val_loss: 1.5578
- val_all_f1:  0.5739 0.5739 0.5739
- val_exp_f1:  0.8816 0.8816 0.8816
- val_non_f1:  0.3035 0.3031 0.3033

13056/13056 [==============================] - 171s - loss: 0.6670 - val_loss: 1.5578
Epoch 141/1000
12992/13056 [============================>.] - ETA: 0s - loss: 0.6548
- val_loss: 1.5922
- val_all_f1:  0.5668 0.5668 0.5668
- val_exp_f1:  0.8786 0.8786 0.8786
- val_non_f1:  0.2928 0.2924 0.2926

13056/13056 [==============================] - 170s - loss: 0.6553 - val_loss: 1.5922
Epoch 142/1000
12992/13056 [============================>.] - ETA: 0s - loss: 0.6308
- val_loss: 1.6095
- val_all_f1:  0.5781 0.5781 0.5781
- val_exp_f1:  0.8832 0.8832 0.8832
- val_non_f1:  0.3102 0.3097 0.3100

13056/13056 [==============================] - 171s - loss: 0.6301 - val_loss: 1.6095
Epoch 143/1000
12992/13056 [============================>.] - ETA: 0s - loss: 0.6497
- val_loss: 1.5777
- val_all_f1:  0.5774 0.5774 0.5774
- val_exp_f1:  0.8786 0.8786 0.8786
- val_non_f1:  0.3128 0.3124 0.3126

13056/13056 [==============================] - 170s - loss: 0.6476 - val_loss: 1.5777
Epoch 144/1000
12992/13056 [============================>.] - ETA: 0s - loss: 0.6369
- val_loss: 1.6493
- val_all_f1:  0.5653 0.5653 0.5653
- val_exp_f1:  0.8741 0.8741 0.8741
- val_non_f1:  0.2945 0.2937 0.2941

13056/13056 [==============================] - 171s - loss: 0.6376 - val_loss: 1.6493
Epoch 145/1000
12992/13056 [============================>.] - ETA: 0s - loss: 0.6142
- val_loss: 1.6040
- val_all_f1:  0.5710 0.5710 0.5710
- val_exp_f1:  0.8816 0.8816 0.8816
- val_non_f1:  0.2981 0.2977 0.2979

13056/13056 [==============================] - 171s - loss: 0.6154 - val_loss: 1.6040
Epoch 146/1000
12992/13056 [============================>.] - ETA: 0s - loss: 0.6544
- val_loss: 1.5920
- val_all_f1:  0.5746 0.5746 0.5746
- val_exp_f1:  0.8634 0.8634 0.8634
- val_non_f1:  0.3209 0.3204 0.3206

13056/13056 [==============================] - 171s - loss: 0.6540 - val_loss: 1.5920
Epoch 147/1000
12992/13056 [============================>.] - ETA: 0s - loss: 0.6391
- val_loss: 1.5707
- val_all_f1:  0.5781 0.5781 0.5781
- val_exp_f1:  0.8725 0.8725 0.8725
- val_non_f1:  0.3195 0.3191 0.3193

13056/13056 [==============================] - 171s - loss: 0.6404 - val_loss: 1.5707
Epoch 148/1000
12992/13056 [============================>.] - ETA: 0s - loss: 0.6613
- val_loss: 1.6250
- val_all_f1:  0.5568 0.5568 0.5568
- val_exp_f1:  0.8771 0.8771 0.8771
- val_non_f1:  0.2754 0.2750 0.2752

13056/13056 [==============================] - 171s - loss: 0.6605 - val_loss: 1.6250
Epoch 149/1000
12992/13056 [============================>.] - ETA: 0s - loss: 0.6842
- val_loss: 1.6207
- val_all_f1:  0.5469 0.5469 0.5469
- val_exp_f1:  0.8771 0.8771 0.8771
- val_non_f1:  0.2567 0.2563 0.2565

13056/13056 [==============================] - 171s - loss: 0.6859 - val_loss: 1.6207
Epoch 150/1000
12992/13056 [============================>.] - ETA: 0s - loss: 0.6477
- val_loss: 1.6121
- val_all_f1:  0.5604 0.5604 0.5604
- val_exp_f1:  0.8756 0.8756 0.8756
- val_non_f1:  0.2834 0.2830 0.2832

13056/13056 [==============================] - 171s - loss: 0.6472 - val_loss: 1.6121
Epoch 151/1000
12992/13056 [============================>.] - ETA: 0s - loss: 0.6268
- val_loss: 1.6731
- val_all_f1:  0.5760 0.5760 0.5760
- val_exp_f1:  0.8801 0.8801 0.8801
- val_non_f1:  0.3088 0.3084 0.3086

13056/13056 [==============================] - 172s - loss: 0.6261 - val_loss: 1.6731
Epoch 152/1000
12992/13056 [============================>.] - ETA: 0s - loss: 0.6495
- val_loss: 1.6241
- val_all_f1:  0.5646 0.5646 0.5646
- val_exp_f1:  0.8619 0.8619 0.8619
- val_non_f1:  0.3035 0.3031 0.3033

13056/13056 [==============================] - 171s - loss: 0.6493 - val_loss: 1.6241
Epoch 153/1000
12992/13056 [============================>.] - ETA: 0s - loss: 0.6385
- val_loss: 1.6574
- val_all_f1:  0.5518 0.5518 0.5518
- val_exp_f1:  0.8543 0.8543 0.8543
- val_non_f1:  0.2861 0.2857 0.2859

13056/13056 [==============================] - 172s - loss: 0.6393 - val_loss: 1.6574
Epoch 154/1000
12992/13056 [============================>.] - ETA: 0s - loss: 0.6367
- val_loss: 1.6096
- val_all_f1:  0.5611 0.5611 0.5611
- val_exp_f1:  0.8680 0.8680 0.8680
- val_non_f1:  0.2914 0.2911 0.2912

13056/13056 [==============================] - 172s - loss: 0.6373 - val_loss: 1.6096
Epoch 155/1000
12992/13056 [============================>.] - ETA: 0s - loss: 0.6251
- val_loss: 1.6263
- val_all_f1:  0.5440 0.5440 0.5440
- val_exp_f1:  0.8209 0.8209 0.8209
- val_non_f1:  0.3012 0.3004 0.3008

13056/13056 [==============================] - 171s - loss: 0.6250 - val_loss: 1.6263
Epoch 156/1000
12992/13056 [============================>.] - ETA: 0s - loss: 0.6126
- val_loss: 1.5815
- val_all_f1:  0.5732 0.5732 0.5732
- val_exp_f1:  0.8801 0.8801 0.8801
- val_non_f1:  0.3035 0.3031 0.3033

13056/13056 [==============================] - 171s - loss: 0.6121 - val_loss: 1.5815
Epoch 157/1000
12992/13056 [============================>.] - ETA: 0s - loss: 0.6601
- val_loss: 1.6171
- val_all_f1:  0.5618 0.5618 0.5618
- val_exp_f1:  0.8649 0.8649 0.8649
- val_non_f1:  0.2955 0.2951 0.2953

13056/13056 [==============================] - 171s - loss: 0.6600 - val_loss: 1.6171
Epoch 158/1000
12992/13056 [============================>.] - ETA: 0s - loss: 0.6241
- val_loss: 1.6023
- val_all_f1:  0.5653 0.5653 0.5653
- val_exp_f1:  0.8665 0.8665 0.8665
- val_non_f1:  0.3012 0.3004 0.3008

13056/13056 [==============================] - 171s - loss: 0.6232 - val_loss: 1.6023
Epoch 159/1000
12992/13056 [============================>.] - ETA: 0s - loss: 0.6451
- val_loss: 1.5856
- val_all_f1:  0.5795 0.5795 0.5795
- val_exp_f1:  0.8847 0.8847 0.8847
- val_non_f1:  0.3115 0.3111 0.3113

13056/13056 [==============================] - 171s - loss: 0.6453 - val_loss: 1.5856
Epoch 160/1000
12992/13056 [============================>.] - ETA: 0s - loss: 0.6163
- val_loss: 1.6972
- val_all_f1:  0.5284 0.5284 0.5284
- val_exp_f1:  0.8422 0.8422 0.8422
- val_non_f1:  0.2530 0.2523 0.2527

13056/13056 [==============================] - 172s - loss: 0.6181 - val_loss: 1.6972
Epoch 161/1000
12992/13056 [============================>.] - ETA: 0s - loss: 0.6030
- val_loss: 1.6353
- val_all_f1:  0.5732 0.5732 0.5732
- val_exp_f1:  0.8725 0.8725 0.8725
- val_non_f1:  0.3110 0.3097 0.3104

13056/13056 [==============================] - 171s - loss: 0.6019 - val_loss: 1.6353
Epoch 162/1000
12992/13056 [============================>.] - ETA: 0s - loss: 0.5978
- val_loss: 1.6580
- val_all_f1:  0.5646 0.5646 0.5646
- val_exp_f1:  0.8649 0.8649 0.8649
- val_non_f1:  0.3012 0.3004 0.3008

13056/13056 [==============================] - 171s - loss: 0.5985 - val_loss: 1.6580
Epoch 163/1000
12992/13056 [============================>.] - ETA: 0s - loss: 0.6040
- val_loss: 1.6044
- val_all_f1:  0.5689 0.5689 0.5689
- val_exp_f1:  0.8558 0.8558 0.8558
- val_non_f1:  0.3173 0.3164 0.3168

13056/13056 [==============================] - 172s - loss: 0.6025 - val_loss: 1.6044
Epoch 164/1000
12992/13056 [============================>.] - ETA: 0s - loss: 0.6365
- val_loss: 1.6171
- val_all_f1:  0.5632 0.5632 0.5632
- val_exp_f1:  0.8634 0.8634 0.8634
- val_non_f1:  0.2995 0.2991 0.2993

13056/13056 [==============================] - 172s - loss: 0.6380 - val_loss: 1.6171
Epoch 165/1000
12992/13056 [============================>.] - ETA: 0s - loss: 0.6316
- val_loss: 1.5398
- val_all_f1:  0.5824 0.5824 0.5824
- val_exp_f1:  0.8710 0.8710 0.8710
- val_non_f1:  0.3289 0.3284 0.3287

13056/13056 [==============================] - 171s - loss: 0.6310 - val_loss: 1.5398
Epoch 166/1000
12992/13056 [============================>.] - ETA: 0s - loss: 0.6283
- val_loss: 1.6140
- val_all_f1:  0.5426 0.5426 0.5426
- val_exp_f1:  0.8255 0.8255 0.8255
- val_non_f1:  0.2941 0.2937 0.2939

13056/13056 [==============================] - 176s - loss: 0.6293 - val_loss: 1.6140
Epoch 167/1000
12992/13056 [============================>.] - ETA: 0s - loss: 0.6328
- val_loss: 1.6189
- val_all_f1:  0.5518 0.5518 0.5518
- val_exp_f1:  0.8634 0.8634 0.8634
- val_non_f1:  0.2796 0.2777 0.2786

13056/13056 [==============================] - 172s - loss: 0.6356 - val_loss: 1.6189
Epoch 168/1000
12992/13056 [============================>.] - ETA: 0s - loss: 0.6335
- val_loss: 1.5495
- val_all_f1:  0.5753 0.5753 0.5753
- val_exp_f1:  0.8832 0.8832 0.8832
- val_non_f1:  0.3048 0.3044 0.3046

13056/13056 [==============================] - 171s - loss: 0.6337 - val_loss: 1.5495
Epoch 169/1000
12992/13056 [============================>.] - ETA: 0s - loss: 0.6664
- val_loss: 1.6389
- val_all_f1:  0.5490 0.5490 0.5490
- val_exp_f1:  0.8483 0.8483 0.8483
- val_non_f1:  0.2861 0.2857 0.2859

13056/13056 [==============================] - 171s - loss: 0.6656 - val_loss: 1.6389
Epoch 170/1000
12992/13056 [============================>.] - ETA: 0s - loss: 0.6114
- val_loss: 1.6051
- val_all_f1:  0.5717 0.5717 0.5717
- val_exp_f1:  0.8604 0.8604 0.8604
- val_non_f1:  0.3182 0.3178 0.3180

13056/13056 [==============================] - 171s - loss: 0.6118 - val_loss: 1.6051
Epoch 171/1000
12992/13056 [============================>.] - ETA: 0s - loss: 0.6038
- val_loss: 1.6398
- val_all_f1:  0.5810 0.5810 0.5810
- val_exp_f1:  0.8710 0.8710 0.8710
- val_non_f1:  0.3262 0.3258 0.3260

13056/13056 [==============================] - 172s - loss: 0.6046 - val_loss: 1.6398
Epoch 172/1000
12992/13056 [============================>.] - ETA: 0s - loss: 0.5846
- val_loss: 1.6348
- val_all_f1:  0.5497 0.5497 0.5497
- val_exp_f1:  0.8589 0.8589 0.8589
- val_non_f1:  0.2781 0.2777 0.2779

13056/13056 [==============================] - 171s - loss: 0.5838 - val_loss: 1.6348
Epoch 173/1000
12992/13056 [============================>.] - ETA: 0s - loss: 0.6263
- val_loss: 1.5761
- val_all_f1:  0.5916 0.5916 0.5916
- val_exp_f1:  0.8907 0.8907 0.8907
- val_non_f1:  0.3289 0.3284 0.3287

13056/13056 [==============================] - 171s - loss: 0.6249 - val_loss: 1.5761
Epoch 174/1000
12992/13056 [============================>.] - ETA: 0s - loss: 0.6000
- val_loss: 1.6948
- val_all_f1:  0.5810 0.5810 0.5810
- val_exp_f1:  0.8710 0.8710 0.8710
- val_non_f1:  0.3262 0.3258 0.3260

13056/13056 [==============================] - 171s - loss: 0.5997 - val_loss: 1.6948
Epoch 175/1000
12992/13056 [============================>.] - ETA: 0s - loss: 0.6187
- val_loss: 1.6417
- val_all_f1:  0.5533 0.5533 0.5533
- val_exp_f1:  0.8604 0.8604 0.8604
- val_non_f1:  0.2842 0.2830 0.2836

13056/13056 [==============================] - 171s - loss: 0.6200 - val_loss: 1.6417
Epoch 176/1000
12992/13056 [============================>.] - ETA: 0s - loss: 0.6012
- val_loss: 1.6150
- val_all_f1:  0.5476 0.5476 0.5476
- val_exp_f1:  0.8407 0.8407 0.8407
- val_non_f1:  0.2901 0.2897 0.2899

13056/13056 [==============================] - 171s - loss: 0.6011 - val_loss: 1.6150
Epoch 177/1000
12992/13056 [============================>.] - ETA: 0s - loss: 0.6065
- val_loss: 1.6189
- val_all_f1:  0.5455 0.5455 0.5455
- val_exp_f1:  0.8407 0.8407 0.8407
- val_non_f1:  0.2861 0.2857 0.2859

13056/13056 [==============================] - 171s - loss: 0.6069 - val_loss: 1.6189
Epoch 178/1000
12992/13056 [============================>.] - ETA: 0s - loss: 0.6255
- val_loss: 1.6316
- val_all_f1:  0.5540 0.5540 0.5540
- val_exp_f1:  0.8558 0.8558 0.8558
- val_non_f1:  0.2888 0.2884 0.2886

13056/13056 [==============================] - 171s - loss: 0.6244 - val_loss: 1.6316
[2019-04-16 22:42] training finished (ex/conll16st-v35-en-fd-8-rn-8-0)
[2019-04-16 22:42] best_val_loss: 56 - loss: 0.8248 - val_loss: 1.4185 - val_all_f1: 0.5966 - val_exp_f1: 0.9090 - val_non_f1: 0.3220
[2019-04-16 22:42] best_val_all_f1: 76 - loss: 0.8001 - val_loss: 1.4412 - val_all_f1: 0.6087 - val_exp_f1: 0.9150 - val_non_f1: 0.3393
[2019-04-16 22:42] time: loaded: 170.9704 - prepared: 494.6525 - trained: 30420.7976 - epoch: 1709.0336 - epoch_cnt: 17.8000 - epoch_samples: 130560.0000
