[2019-03-10 14:38] configuration (ex/conll16st-v35noshare-en)
[2019-03-10 14:38]   config 'arg1_len': 100
[2019-03-10 14:38]   config 'arg2_len': 100
[2019-03-10 14:38]   config 'backend': theano
[2019-03-10 14:38]   config 'backend_theano': device=cpu
[2019-03-10 14:38]   config 'batch_size': 64
[2019-03-10 14:38]   config 'conn_len': 10
[2019-03-10 14:38]   config 'continue_': False
[2019-03-10 14:38]   config 'curriculum_end': 0.0
[2019-03-10 14:38]   config 'epochs': 1000
[2019-03-10 14:38]   config 'epochs_patience': 100
[2019-03-10 14:38]   config 'epochs_ratio': 0.1
[2019-03-10 14:38]   config 'filter_act': sigmoid
[2019-03-10 14:38]   config 'filter_append_act': linear
[2019-03-10 14:38]   config 'filter_append_batchnorm': False
[2019-03-10 14:38]   config 'filter_append_dim': 0
[2019-03-10 14:38]   config 'filter_append_dropout': 0.0
[2019-03-10 14:38]   config 'filter_apply': mul
[2019-03-10 14:38]   config 'filter_dim': 8
[2019-03-10 14:38]   config 'filter_dropout_U': 0.0
[2019-03-10 14:38]   config 'filter_dropout_W': 0.0
[2019-03-10 14:38]   config 'filter_fn_name': None
[2019-03-10 14:38]   config 'filter_shared': span
[2019-03-10 14:38]   config 'filter_type': lstm-fb
[2019-03-10 14:38]   config 'filter_zoneout_c': 0.0
[2019-03-10 14:38]   config 'filter_zoneout_h': 0.0
[2019-03-10 14:38]   config 'final_act': SReLU
[2019-03-10 14:38]   config 'final_dim': 80
[2019-03-10 14:38]   config 'final_dropout': 0.3
[2019-03-10 14:38]   config 'input_size': None
[2019-03-10 14:38]   config 'lang': en
[2019-03-10 14:38]   config 'masking': True
[2019-03-10 14:38]   config 'mode': word
[2019-03-10 14:38]   config 'model_dir': ex/conll16st-v35noshare-en
[2019-03-10 14:38]   config 'optimizer': adam
[2019-03-10 14:38]   config 'original_positives': 0
[2019-03-10 14:38]   config 'punc_len': 0
[2019-03-10 14:38]   config 'random_negatives': 2
[2019-03-10 14:38]   config 'random_positives': 2
[2019-03-10 14:38]   config 'random_proba_1': 0.1
[2019-03-10 14:38]   config 'random_proba_2': 0.1
[2019-03-10 14:38]   config 'random_proba_3': 0.9
[2019-03-10 14:38]   config 'rnn_act': tanh
[2019-03-10 14:38]   config 'rnn_dim': 20
[2019-03-10 14:38]   config 'rnn_dropout_U': 0.0
[2019-03-10 14:38]   config 'rnn_dropout_W': 0.0
[2019-03-10 14:38]   config 'rnn_dropout_merge': 0.3
[2019-03-10 14:38]   config 'rnn_merge': concat
[2019-03-10 14:38]   config 'rnn_num': 8
[2019-03-10 14:38]   config 'rnn_shared': none
[2019-03-10 14:38]   config 'rnn_type': lstm-fwd
[2019-03-10 14:38]   config 'rnn_zoneout_c': 0.0
[2019-03-10 14:38]   config 'rnn_zoneout_h': 0.0
[2019-03-10 14:38]   config 'snapshot_size': 2048
[2019-03-10 14:38]   config 'train_dir': data/conll16st-en-03-29-16-train
[2019-03-10 14:38]   config 'valid_dir': data/conll16st-en-03-29-16-dev
[2019-03-10 14:38]   config 'words2vec_bin': None
[2019-03-10 14:38]   config 'words2vec_txt': None
[2019-03-10 14:38]   config 'words_crop': None
[2019-03-10 14:38]   config 'words_dim': 20
[2019-03-10 14:38]   config 'words_dropout': 0.3
[2019-03-10 14:38]   config 'words_shared': span
[2019-03-10 14:38]   config 'words_trainable': True
[2019-03-10 14:38] load dataset for training (data/conll16st-en-03-29-16-train)
[2019-03-10 14:44]   lang: en, doc_ids: 1756, words: 933049, rel_ids: 32535, relation tokens: 1159204
[2019-03-10 14:44] load dataset for validation (data/conll16st-en-03-29-16-dev)
[2019-03-10 14:44]   lang: en, doc_ids: 79, words: 39712, rel_ids: 1436, relation tokens: 48882
[2019-03-10 14:44] build indexes from training
[2019-03-10 14:44]   words2id: 43918, target2id: 23
[2019-03-10 14:44] target class distribution from training
[2019-03-10 14:44]   class 0 = 'None': None
[2019-03-10 14:44]   class 1 = '': None
[2019-03-10 14:44]   class 2 = 'Expansion.Conjunction': 7817
[2019-03-10 14:44]   class 3 = 'Comparison.Contrast': 4714
[2019-03-10 14:44]   class 4 = 'EntRel': 4133
[2019-03-10 14:44]   class 5 = 'Contingency.Cause.Reason': 3344
[2019-03-10 14:44]   class 6 = 'Expansion.Restatement': 2699
[2019-03-10 14:44]   class 7 = 'Contingency.Cause.Result': 2137
[2019-03-10 14:44]   class 8 = 'Temporal.Synchrony': 1499
[2019-03-10 14:44]   class 9 = 'Expansion.Instantiation': 1403
[2019-03-10 14:44]   class 10 = 'Comparison.Concession': 1293
[2019-03-10 14:44]   class 11 = 'Temporal.Asynchronous.Precedence': 1277
[2019-03-10 14:44]   class 12 = 'Contingency.Condition': 1197
[2019-03-10 14:44]   class 13 = 'Temporal.Asynchronous.Succession': 1014
[2019-03-10 14:44]   class 14 = 'Comparison': 992
[2019-03-10 14:44]   class 15 = 'Expansion': 630
[2019-03-10 14:44]   class 16 = 'Expansion.Alternative.Chosen alternative': 241
[2019-03-10 14:44]   class 17 = 'Expansion.Alternative': 210
[2019-03-10 14:44]   class 18 = 'Temporal': 27
[2019-03-10 14:44]   class 19 = 'Contingency': 24
[2019-03-10 14:44]   class 20 = 'Expansion.Exception': 15
[2019-03-10 14:44]   class 21 = 'Temporal.Asynchronous': 6
[2019-03-10 14:44]   class 22 = 'Contingency.Cause': 2
[2019-03-10 14:44] build model
____________________________________________________________________________________________________
Layer (type)                     Output Shape          Param #     Connected to                     
====================================================================================================
arg1_ids (InputLayer)            (None, 100)           0                                            
____________________________________________________________________________________________________
arg2_ids (InputLayer)            (None, 100)           0                                            
____________________________________________________________________________________________________
conn_ids (InputLayer)            (None, 10)            0                                            
____________________________________________________________________________________________________
embedding_1 (Embedding)          (None, 100, 20)       878360      arg1_ids[0][0]                   
____________________________________________________________________________________________________
embedding_2 (Embedding)          (None, 100, 20)       878360      arg2_ids[0][0]                   
____________________________________________________________________________________________________
embedding_3 (Embedding)          (None, 10, 20)        878360      conn_ids[0][0]                   
____________________________________________________________________________________________________
shareablelstm_1 (ShareableLSTM)  (None, 100, 8)        928         embedding_1[0][0]                
____________________________________________________________________________________________________
shareablelstm_2 (ShareableLSTM)  (None, 100, 8)        928         embedding_1[0][0]                
____________________________________________________________________________________________________
shareablelstm_19 (ShareableLSTM) (None, 100, 8)        928         embedding_2[0][0]                
____________________________________________________________________________________________________
shareablelstm_20 (ShareableLSTM) (None, 100, 8)        928         embedding_2[0][0]                
____________________________________________________________________________________________________
shareablelstm_37 (ShareableLSTM) (None, 10, 8)         928         embedding_3[0][0]                
____________________________________________________________________________________________________
shareablelstm_38 (ShareableLSTM) (None, 10, 8)         928         embedding_3[0][0]                
____________________________________________________________________________________________________
merge_1 (Merge)                  (None, 100, 8)        0           shareablelstm_1[0][0]            
                                                                   shareablelstm_2[0][0]            
____________________________________________________________________________________________________
merge_11 (Merge)                 (None, 100, 8)        0           shareablelstm_19[0][0]           
                                                                   shareablelstm_20[0][0]           
____________________________________________________________________________________________________
merge_21 (Merge)                 (None, 10, 8)         0           shareablelstm_37[0][0]           
                                                                   shareablelstm_38[0][0]           
____________________________________________________________________________________________________
arg1_filters (Activation)        (None, 100, 8)        0           merge_1[0][0]                    
____________________________________________________________________________________________________
arg2_filters (Activation)        (None, 100, 8)        0           merge_11[0][0]                   
____________________________________________________________________________________________________
conn_filters (Activation)        (None, 10, 8)         0           merge_21[0][0]                   
____________________________________________________________________________________________________
merge_2 (Merge)                  (None, 100, 20)       0           embedding_1[0][0]                
                                                                   arg1_filters[0][0]               
____________________________________________________________________________________________________
merge_3 (Merge)                  (None, 100, 20)       0           embedding_1[0][0]                
                                                                   arg1_filters[0][0]               
____________________________________________________________________________________________________
merge_4 (Merge)                  (None, 100, 20)       0           embedding_1[0][0]                
                                                                   arg1_filters[0][0]               
____________________________________________________________________________________________________
merge_5 (Merge)                  (None, 100, 20)       0           embedding_1[0][0]                
                                                                   arg1_filters[0][0]               
____________________________________________________________________________________________________
merge_6 (Merge)                  (None, 100, 20)       0           embedding_1[0][0]                
                                                                   arg1_filters[0][0]               
____________________________________________________________________________________________________
merge_7 (Merge)                  (None, 100, 20)       0           embedding_1[0][0]                
                                                                   arg1_filters[0][0]               
____________________________________________________________________________________________________
merge_8 (Merge)                  (None, 100, 20)       0           embedding_1[0][0]                
                                                                   arg1_filters[0][0]               
____________________________________________________________________________________________________
merge_9 (Merge)                  (None, 100, 20)       0           embedding_1[0][0]                
                                                                   arg1_filters[0][0]               
____________________________________________________________________________________________________
merge_12 (Merge)                 (None, 100, 20)       0           embedding_2[0][0]                
                                                                   arg2_filters[0][0]               
____________________________________________________________________________________________________
merge_13 (Merge)                 (None, 100, 20)       0           embedding_2[0][0]                
                                                                   arg2_filters[0][0]               
____________________________________________________________________________________________________
merge_14 (Merge)                 (None, 100, 20)       0           embedding_2[0][0]                
                                                                   arg2_filters[0][0]               
____________________________________________________________________________________________________
merge_15 (Merge)                 (None, 100, 20)       0           embedding_2[0][0]                
                                                                   arg2_filters[0][0]               
____________________________________________________________________________________________________
merge_16 (Merge)                 (None, 100, 20)       0           embedding_2[0][0]                
                                                                   arg2_filters[0][0]               
____________________________________________________________________________________________________
merge_17 (Merge)                 (None, 100, 20)       0           embedding_2[0][0]                
                                                                   arg2_filters[0][0]               
____________________________________________________________________________________________________
merge_18 (Merge)                 (None, 100, 20)       0           embedding_2[0][0]                
                                                                   arg2_filters[0][0]               
____________________________________________________________________________________________________
merge_19 (Merge)                 (None, 100, 20)       0           embedding_2[0][0]                
                                                                   arg2_filters[0][0]               
____________________________________________________________________________________________________
merge_22 (Merge)                 (None, 10, 20)        0           embedding_3[0][0]                
                                                                   conn_filters[0][0]               
____________________________________________________________________________________________________
merge_23 (Merge)                 (None, 10, 20)        0           embedding_3[0][0]                
                                                                   conn_filters[0][0]               
____________________________________________________________________________________________________
merge_24 (Merge)                 (None, 10, 20)        0           embedding_3[0][0]                
                                                                   conn_filters[0][0]               
____________________________________________________________________________________________________
merge_25 (Merge)                 (None, 10, 20)        0           embedding_3[0][0]                
                                                                   conn_filters[0][0]               
____________________________________________________________________________________________________
merge_26 (Merge)                 (None, 10, 20)        0           embedding_3[0][0]                
                                                                   conn_filters[0][0]               
____________________________________________________________________________________________________
merge_27 (Merge)                 (None, 10, 20)        0           embedding_3[0][0]                
                                                                   conn_filters[0][0]               
____________________________________________________________________________________________________
merge_28 (Merge)                 (None, 10, 20)        0           embedding_3[0][0]                
                                                                   conn_filters[0][0]               
____________________________________________________________________________________________________
merge_29 (Merge)                 (None, 10, 20)        0           embedding_3[0][0]                
                                                                   conn_filters[0][0]               
____________________________________________________________________________________________________
shareablelstm_3 (ShareableLSTM)  (None, 20)            3280        merge_2[0][0]                    
____________________________________________________________________________________________________
shareablelstm_5 (ShareableLSTM)  (None, 20)            3280        merge_3[0][0]                    
____________________________________________________________________________________________________
shareablelstm_7 (ShareableLSTM)  (None, 20)            3280        merge_4[0][0]                    
____________________________________________________________________________________________________
shareablelstm_9 (ShareableLSTM)  (None, 20)            3280        merge_5[0][0]                    
____________________________________________________________________________________________________
shareablelstm_11 (ShareableLSTM) (None, 20)            3280        merge_6[0][0]                    
____________________________________________________________________________________________________
shareablelstm_13 (ShareableLSTM) (None, 20)            3280        merge_7[0][0]                    
____________________________________________________________________________________________________
shareablelstm_15 (ShareableLSTM) (None, 20)            3280        merge_8[0][0]                    
____________________________________________________________________________________________________
shareablelstm_17 (ShareableLSTM) (None, 20)            3280        merge_9[0][0]                    
____________________________________________________________________________________________________
shareablelstm_21 (ShareableLSTM) (None, 20)            3280        merge_12[0][0]                   
____________________________________________________________________________________________________
shareablelstm_23 (ShareableLSTM) (None, 20)            3280        merge_13[0][0]                   
____________________________________________________________________________________________________
shareablelstm_25 (ShareableLSTM) (None, 20)            3280        merge_14[0][0]                   
____________________________________________________________________________________________________
shareablelstm_27 (ShareableLSTM) (None, 20)            3280        merge_15[0][0]                   
____________________________________________________________________________________________________
shareablelstm_29 (ShareableLSTM) (None, 20)            3280        merge_16[0][0]                   
____________________________________________________________________________________________________
shareablelstm_31 (ShareableLSTM) (None, 20)            3280        merge_17[0][0]                   
____________________________________________________________________________________________________
shareablelstm_33 (ShareableLSTM) (None, 20)            3280        merge_18[0][0]                   
____________________________________________________________________________________________________
shareablelstm_35 (ShareableLSTM) (None, 20)            3280        merge_19[0][0]                   
____________________________________________________________________________________________________
shareablelstm_39 (ShareableLSTM) (None, 20)            3280        merge_22[0][0]                   
____________________________________________________________________________________________________
shareablelstm_41 (ShareableLSTM) (None, 20)            3280        merge_23[0][0]                   
____________________________________________________________________________________________________
shareablelstm_43 (ShareableLSTM) (None, 20)            3280        merge_24[0][0]                   
____________________________________________________________________________________________________
shareablelstm_45 (ShareableLSTM) (None, 20)            3280        merge_25[0][0]                   
____________________________________________________________________________________________________
shareablelstm_47 (ShareableLSTM) (None, 20)            3280        merge_26[0][0]                   
____________________________________________________________________________________________________
shareablelstm_49 (ShareableLSTM) (None, 20)            3280        merge_27[0][0]                   
____________________________________________________________________________________________________
shareablelstm_51 (ShareableLSTM) (None, 20)            3280        merge_28[0][0]                   
____________________________________________________________________________________________________
shareablelstm_53 (ShareableLSTM) (None, 20)            3280        merge_29[0][0]                   
____________________________________________________________________________________________________
merge_10 (Merge)                 (None, 160)           0           shareablelstm_3[0][0]            
                                                                   shareablelstm_5[0][0]            
                                                                   shareablelstm_7[0][0]            
                                                                   shareablelstm_9[0][0]            
                                                                   shareablelstm_11[0][0]           
                                                                   shareablelstm_13[0][0]           
                                                                   shareablelstm_15[0][0]           
                                                                   shareablelstm_17[0][0]           
____________________________________________________________________________________________________
merge_20 (Merge)                 (None, 160)           0           shareablelstm_21[0][0]           
                                                                   shareablelstm_23[0][0]           
                                                                   shareablelstm_25[0][0]           
                                                                   shareablelstm_27[0][0]           
                                                                   shareablelstm_29[0][0]           
                                                                   shareablelstm_31[0][0]           
                                                                   shareablelstm_33[0][0]           
                                                                   shareablelstm_35[0][0]           
____________________________________________________________________________________________________
merge_30 (Merge)                 (None, 160)           0           shareablelstm_39[0][0]           
                                                                   shareablelstm_41[0][0]           
                                                                   shareablelstm_43[0][0]           
                                                                   shareablelstm_45[0][0]           
                                                                   shareablelstm_47[0][0]           
                                                                   shareablelstm_49[0][0]           
                                                                   shareablelstm_51[0][0]           
                                                                   shareablelstm_53[0][0]           
____________________________________________________________________________________________________
dropout_1 (Dropout)              (None, 160)           0           merge_10[0][0]                   
____________________________________________________________________________________________________
dropout_2 (Dropout)              (None, 160)           0           merge_20[0][0]                   
____________________________________________________________________________________________________
dropout_3 (Dropout)              (None, 160)           0           merge_30[0][0]                   
____________________________________________________________________________________________________
merge_31 (Merge)                 (None, 480)           0           dropout_1[0][0]                  
                                                                   dropout_2[0][0]                  
                                                                   dropout_3[0][0]                  
____________________________________________________________________________________________________
dense_1 (Dense)                  (None, 80)            38480       merge_31[0][0]                   
____________________________________________________________________________________________________
srelu_1 (SReLU)                  (None, 80)            320         dense_1[0][0]                    
____________________________________________________________________________________________________
dropout_4 (Dropout)              (None, 80)            0           srelu_1[0][0]                    
____________________________________________________________________________________________________
dense_2 (Dense)                  (None, 23)            1863        dropout_4[0][0]                  
____________________________________________________________________________________________________
target (Activation)              (None, 23)            0           dense_2[0][0]                    
====================================================================================================
Total params: 2,760,031
Trainable params: 2,760,031
Non-trainable params: 0
____________________________________________________________________________________________________
[2019-03-10 15:01] initialize weights
[2019-03-10 15:01] training preparation
[2019-03-10 15:01] train model (ex/conll16st-v35noshare-en)
Epoch 1/1000
12992/13056 [============================>.] - ETA: 1s - loss: 1.8843
- val_loss: 2.5402
- val_all_f1:  0.2202 0.2202 0.2202
- val_exp_f1:  0.2807 0.2807 0.2807
- val_non_f1:  0.1669 0.1669 0.1669

13056/13056 [==============================] - 288s - loss: 1.8825 - val_loss: 2.5402
Epoch 2/1000
12992/13056 [============================>.] - ETA: 1s - loss: 1.4277
- val_loss: 2.2007
- val_all_f1:  0.3097 0.3097 0.3097
- val_exp_f1:  0.3441 0.3232 0.3333
- val_non_f1:  0.2977 0.2977 0.2977

13056/13056 [==============================] - 289s - loss: 1.4270 - val_loss: 2.2007
Epoch 3/1000
12992/13056 [============================>.] - ETA: 1s - loss: 1.2995
- val_loss: 1.9348
- val_all_f1:  0.4432 0.4432 0.4432
- val_exp_f1:  0.7154 0.7132 0.7143
- val_non_f1:  0.2056 0.2056 0.2056

13056/13056 [==============================] - 288s - loss: 1.2994 - val_loss: 1.9348
Epoch 4/1000
12992/13056 [============================>.] - ETA: 1s - loss: 1.2067
- val_loss: 1.8139
- val_all_f1:  0.4311 0.4311 0.4311
- val_exp_f1:  0.7269 0.7269 0.7269
- val_non_f1:  0.1709 0.1709 0.1709

13056/13056 [==============================] - 288s - loss: 1.2055 - val_loss: 1.8139
Epoch 5/1000
12992/13056 [============================>.] - ETA: 1s - loss: 1.1367
- val_loss: 1.7321
- val_all_f1:  0.4609 0.4609 0.4609
- val_exp_f1:  0.7891 0.7891 0.7891
- val_non_f1:  0.1722 0.1722 0.1722

13056/13056 [==============================] - 289s - loss: 1.1378 - val_loss: 1.7321
Epoch 6/1000
12992/13056 [============================>.] - ETA: 1s - loss: 1.0758
- val_loss: 1.6952
- val_all_f1:  0.4609 0.4609 0.4609
- val_exp_f1:  0.7891 0.7891 0.7891
- val_non_f1:  0.1722 0.1722 0.1722

13056/13056 [==============================] - 293s - loss: 1.0772 - val_loss: 1.6952
Epoch 7/1000
12992/13056 [============================>.] - ETA: 1s - loss: 1.0730
- val_loss: 1.6914
- val_all_f1:  0.4411 0.4411 0.4411
- val_exp_f1:  0.7481 0.7481 0.7481
- val_non_f1:  0.1709 0.1709 0.1709

13056/13056 [==============================] - 291s - loss: 1.0724 - val_loss: 1.6914
Epoch 8/1000
12992/13056 [============================>.] - ETA: 1s - loss: 1.0248
- val_loss: 1.6304
- val_all_f1:  0.5391 0.5391 0.5391
- val_exp_f1:  0.8146 0.8134 0.8140
- val_non_f1:  0.2977 0.2977 0.2977

13056/13056 [==============================] - 292s - loss: 1.0239 - val_loss: 1.6304
Epoch 9/1000
12992/13056 [============================>.] - ETA: 1s - loss: 1.0295
- val_loss: 1.6237
- val_all_f1:  0.5249 0.5249 0.5249
- val_exp_f1:  0.8376 0.8376 0.8376
- val_non_f1:  0.2497 0.2497 0.2497

13056/13056 [==============================] - 292s - loss: 1.0303 - val_loss: 1.6237
Epoch 10/1000
12992/13056 [============================>.] - ETA: 1s - loss: 1.0465
- val_loss: 1.5844
- val_all_f1:  0.5547 0.5547 0.5547
- val_exp_f1:  0.8419 0.8407 0.8413
- val_non_f1:  0.3031 0.3031 0.3031

13056/13056 [==============================] - 290s - loss: 1.0478 - val_loss: 1.5844
Epoch 11/1000
12992/13056 [============================>.] - ETA: 1s - loss: 1.0150
- val_loss: 1.6190
- val_all_f1:  0.5206 0.5206 0.5206
- val_exp_f1:  0.8073 0.8073 0.8073
- val_non_f1:  0.2684 0.2684 0.2684

13056/13056 [==============================] - 293s - loss: 1.0137 - val_loss: 1.6190
Epoch 12/1000
12992/13056 [============================>.] - ETA: 1s - loss: 1.0152
- val_loss: 1.6406
- val_all_f1:  0.4986 0.4986 0.4986
- val_exp_f1:  0.7991 0.7967 0.7979
- val_non_f1:  0.2363 0.2363 0.2363

13056/13056 [==============================] - 293s - loss: 1.0139 - val_loss: 1.6406
Epoch 13/1000
12992/13056 [============================>.] - ETA: 1s - loss: 1.0030
- val_loss: 1.5695
- val_all_f1:  0.5078 0.5078 0.5078
- val_exp_f1:  0.8786 0.8786 0.8786
- val_non_f1:  0.1816 0.1816 0.1816

13056/13056 [==============================] - 293s - loss: 1.0025 - val_loss: 1.5695
Epoch 14/1000
12992/13056 [============================>.] - ETA: 1s - loss: 1.0057
- val_loss: 1.6161
- val_all_f1:  0.5199 0.5199 0.5199
- val_exp_f1:  0.8680 0.8680 0.8680
- val_non_f1:  0.2136 0.2136 0.2136

13056/13056 [==============================] - 293s - loss: 1.0055 - val_loss: 1.6161
Epoch 15/1000
12992/13056 [============================>.] - ETA: 1s - loss: 0.9907
- val_loss: 1.5547
- val_all_f1:  0.5732 0.5732 0.5732
- val_exp_f1:  0.8739 0.8725 0.8732
- val_non_f1:  0.3097 0.3097 0.3097

13056/13056 [==============================] - 294s - loss: 0.9920 - val_loss: 1.5547
Epoch 16/1000
12992/13056 [============================>.] - ETA: 1s - loss: 0.9644
- val_loss: 1.5872
- val_all_f1:  0.5170 0.5170 0.5170
- val_exp_f1:  0.8741 0.8741 0.8741
- val_non_f1:  0.2029 0.2029 0.2029

13056/13056 [==============================] - 294s - loss: 0.9643 - val_loss: 1.5872
Epoch 17/1000
12992/13056 [============================>.] - ETA: 1s - loss: 0.9706
- val_loss: 1.6226
- val_all_f1:  0.4815 0.4815 0.4815
- val_exp_f1:  0.8225 0.8225 0.8225
- val_non_f1:  0.1816 0.1816 0.1816

13056/13056 [==============================] - 294s - loss: 0.9696 - val_loss: 1.6226
Epoch 18/1000
12992/13056 [============================>.] - ETA: 1s - loss: 0.9852
- val_loss: 1.5488
- val_all_f1:  0.5497 0.5497 0.5497
- val_exp_f1:  0.8422 0.8422 0.8422
- val_non_f1:  0.2924 0.2924 0.2924

13056/13056 [==============================] - 290s - loss: 0.9848 - val_loss: 1.5488
Epoch 19/1000
12992/13056 [============================>.] - ETA: 1s - loss: 0.9810
- val_loss: 1.5687
- val_all_f1:  0.4964 0.4964 0.4964
- val_exp_f1:  0.8316 0.8316 0.8316
- val_non_f1:  0.2016 0.2016 0.2016

13056/13056 [==============================] - 294s - loss: 0.9803 - val_loss: 1.5687
Epoch 20/1000
12992/13056 [============================>.] - ETA: 1s - loss: 0.9682
- val_loss: 1.6108
- val_all_f1:  0.5341 0.5341 0.5341
- val_exp_f1:  0.8255 0.8255 0.8255
- val_non_f1:  0.2777 0.2777 0.2777

13056/13056 [==============================] - 294s - loss: 0.9674 - val_loss: 1.6108
Epoch 21/1000
12992/13056 [============================>.] - ETA: 1s - loss: 0.9496
- val_loss: 1.5453
- val_all_f1:  0.5320 0.5320 0.5320
- val_exp_f1:  0.8422 0.8422 0.8422
- val_non_f1:  0.2590 0.2590 0.2590

13056/13056 [==============================] - 293s - loss: 0.9499 - val_loss: 1.5453
Epoch 22/1000
12992/13056 [============================>.] - ETA: 1s - loss: 0.9664
- val_loss: 1.6645
- val_all_f1:  0.5121 0.5121 0.5121
- val_exp_f1:  0.8255 0.8255 0.8255
- val_non_f1:  0.2363 0.2363 0.2363

13056/13056 [==============================] - 293s - loss: 0.9651 - val_loss: 1.6645
Epoch 23/1000
12992/13056 [============================>.] - ETA: 1s - loss: 0.9666
- val_loss: 1.6629
- val_all_f1:  0.4886 0.4886 0.4886
- val_exp_f1:  0.8194 0.8194 0.8194
- val_non_f1:  0.1981 0.1976 0.1979

13056/13056 [==============================] - 292s - loss: 0.9678 - val_loss: 1.6629
Epoch 24/1000
12992/13056 [============================>.] - ETA: 1s - loss: 0.9744
- val_loss: 1.6688
- val_all_f1:  0.4759 0.4759 0.4759
- val_exp_f1:  0.8134 0.8134 0.8134
- val_non_f1:  0.1789 0.1789 0.1789

13056/13056 [==============================] - 291s - loss: 0.9742 - val_loss: 1.6688
Epoch 25/1000
12992/13056 [============================>.] - ETA: 1s - loss: 0.9507
- val_loss: 1.5799
- val_all_f1:  0.5114 0.5114 0.5114
- val_exp_f1:  0.7906 0.7906 0.7906
- val_non_f1:  0.2657 0.2657 0.2657

13056/13056 [==============================] - 293s - loss: 0.9497 - val_loss: 1.5799
Epoch 26/1000
12992/13056 [============================>.] - ETA: 1s - loss: 0.9362
- val_loss: 1.5526
- val_all_f1:  0.5107 0.5107 0.5107
- val_exp_f1:  0.8725 0.8725 0.8725
- val_non_f1:  0.1923 0.1923 0.1923

13056/13056 [==============================] - 292s - loss: 0.9352 - val_loss: 1.5526
Epoch 27/1000
12992/13056 [============================>.] - ETA: 1s - loss: 0.9602
- val_loss: 1.5693
- val_all_f1:  0.4901 0.4901 0.4901
- val_exp_f1:  0.8376 0.8376 0.8376
- val_non_f1:  0.1842 0.1842 0.1842

13056/13056 [==============================] - 293s - loss: 0.9589 - val_loss: 1.5693
Epoch 28/1000
12992/13056 [============================>.] - ETA: 1s - loss: 0.9416
- val_loss: 1.6086
- val_all_f1:  0.5114 0.5114 0.5114
- val_exp_f1:  0.8164 0.8164 0.8164
- val_non_f1:  0.2430 0.2430 0.2430

13056/13056 [==============================] - 293s - loss: 0.9399 - val_loss: 1.6086
Epoch 29/1000
12992/13056 [============================>.] - ETA: 1s - loss: 0.9644
- val_loss: 1.6334
- val_all_f1:  0.4950 0.4950 0.4950
- val_exp_f1:  0.8376 0.8376 0.8376
- val_non_f1:  0.1936 0.1936 0.1936

13056/13056 [==============================] - 292s - loss: 0.9644 - val_loss: 1.6334
Epoch 30/1000
12992/13056 [============================>.] - ETA: 1s - loss: 0.9532
- val_loss: 1.5829
- val_all_f1:  0.5078 0.5078 0.5078
- val_exp_f1:  0.8498 0.8498 0.8498
- val_non_f1:  0.2069 0.2069 0.2069

13056/13056 [==============================] - 292s - loss: 0.9535 - val_loss: 1.5829
Epoch 31/1000
12992/13056 [============================>.] - ETA: 1s - loss: 0.9259
- val_loss: 1.5324
- val_all_f1:  0.5348 0.5348 0.5348
- val_exp_f1:  0.8634 0.8634 0.8634
- val_non_f1:  0.2457 0.2457 0.2457

13056/13056 [==============================] - 292s - loss: 0.9287 - val_loss: 1.5324
Epoch 32/1000
12992/13056 [============================>.] - ETA: 1s - loss: 0.9234
- val_loss: 1.6182
- val_all_f1:  0.4979 0.4979 0.4979
- val_exp_f1:  0.8134 0.8134 0.8134
- val_non_f1:  0.2203 0.2203 0.2203

13056/13056 [==============================] - 294s - loss: 0.9224 - val_loss: 1.6182
Epoch 33/1000
12992/13056 [============================>.] - ETA: 1s - loss: 0.8941
- val_loss: 1.6301
- val_all_f1:  0.4837 0.4837 0.4837
- val_exp_f1:  0.7633 0.7633 0.7633
- val_non_f1:  0.2377 0.2377 0.2377

13056/13056 [==============================] - 295s - loss: 0.8940 - val_loss: 1.6301
Epoch 34/1000
12992/13056 [============================>.] - ETA: 1s - loss: 0.9012
- val_loss: 1.6988
- val_all_f1:  0.4858 0.4858 0.4858
- val_exp_f1:  0.7830 0.7830 0.7830
- val_non_f1:  0.2243 0.2243 0.2243

13056/13056 [==============================] - 295s - loss: 0.9011 - val_loss: 1.6988
Epoch 35/1000
12992/13056 [============================>.] - ETA: 1s - loss: 0.8816
- val_loss: 1.5262
- val_all_f1:  0.5412 0.5412 0.5412
- val_exp_f1:  0.8771 0.8771 0.8771
- val_non_f1:  0.2457 0.2457 0.2457

13056/13056 [==============================] - 295s - loss: 0.8806 - val_loss: 1.5262
Epoch 36/1000
12992/13056 [============================>.] - ETA: 1s - loss: 0.9116
- val_loss: 1.5071
- val_all_f1:  0.5497 0.5497 0.5497
- val_exp_f1:  0.8756 0.8756 0.8756
- val_non_f1:  0.2630 0.2630 0.2630

13056/13056 [==============================] - 294s - loss: 0.9109 - val_loss: 1.5071
Epoch 37/1000
12992/13056 [============================>.] - ETA: 1s - loss: 0.9120
- val_loss: 1.4924
- val_all_f1:  0.5561 0.5561 0.5561
- val_exp_f1:  0.8832 0.8832 0.8832
- val_non_f1:  0.2684 0.2684 0.2684

13056/13056 [==============================] - 294s - loss: 0.9129 - val_loss: 1.4924
Epoch 38/1000
12992/13056 [============================>.] - ETA: 1s - loss: 0.9096
- val_loss: 1.4767
- val_all_f1:  0.5554 0.5554 0.5554
- val_exp_f1:  0.8907 0.8907 0.8907
- val_non_f1:  0.2603 0.2603 0.2603

13056/13056 [==============================] - 295s - loss: 0.9113 - val_loss: 1.4767
Epoch 39/1000
12992/13056 [============================>.] - ETA: 1s - loss: 0.9163
- val_loss: 1.5138
- val_all_f1:  0.5476 0.5476 0.5476
- val_exp_f1:  0.8452 0.8452 0.8452
- val_non_f1:  0.2857 0.2857 0.2857

13056/13056 [==============================] - 294s - loss: 0.9156 - val_loss: 1.5138
Epoch 40/1000
12992/13056 [============================>.] - ETA: 1s - loss: 0.9061
- val_loss: 1.4781
- val_all_f1:  0.5483 0.5483 0.5483
- val_exp_f1:  0.9029 0.9029 0.9029
- val_non_f1:  0.2363 0.2363 0.2363

13056/13056 [==============================] - 294s - loss: 0.9056 - val_loss: 1.4781
Epoch 41/1000
12992/13056 [============================>.] - ETA: 1s - loss: 0.9012
- val_loss: 1.5234
- val_all_f1:  0.5234 0.5234 0.5234
- val_exp_f1:  0.8407 0.8407 0.8407
- val_non_f1:  0.2443 0.2443 0.2443

13056/13056 [==============================] - 293s - loss: 0.9024 - val_loss: 1.5234
Epoch 42/1000
12992/13056 [============================>.] - ETA: 1s - loss: 0.8824
- val_loss: 1.5901
- val_all_f1:  0.5213 0.5213 0.5213
- val_exp_f1:  0.8665 0.8665 0.8665
- val_non_f1:  0.2176 0.2176 0.2176

13056/13056 [==============================] - 292s - loss: 0.8817 - val_loss: 1.5901
Epoch 43/1000
12992/13056 [============================>.] - ETA: 1s - loss: 0.8732
- val_loss: 1.5543
- val_all_f1:  0.5249 0.5249 0.5249
- val_exp_f1:  0.8316 0.8316 0.8316
- val_non_f1:  0.2550 0.2550 0.2550

13056/13056 [==============================] - 292s - loss: 0.8719 - val_loss: 1.5543
Epoch 44/1000
12992/13056 [============================>.] - ETA: 1s - loss: 0.9151
- val_loss: 1.4722
- val_all_f1:  0.5746 0.5746 0.5746
- val_exp_f1:  0.8983 0.8983 0.8983
- val_non_f1:  0.2897 0.2897 0.2897

13056/13056 [==============================] - 295s - loss: 0.9136 - val_loss: 1.4722
Epoch 45/1000
12992/13056 [============================>.] - ETA: 1s - loss: 0.8893
- val_loss: 1.6298
- val_all_f1:  0.5234 0.5234 0.5234
- val_exp_f1:  0.8483 0.8483 0.8483
- val_non_f1:  0.2377 0.2377 0.2377

13056/13056 [==============================] - 293s - loss: 0.8913 - val_loss: 1.6298
Epoch 46/1000
12992/13056 [============================>.] - ETA: 1s - loss: 0.8805
- val_loss: 1.5914
- val_all_f1:  0.5192 0.5192 0.5192
- val_exp_f1:  0.8847 0.8847 0.8847
- val_non_f1:  0.1976 0.1976 0.1976

13056/13056 [==============================] - 293s - loss: 0.8807 - val_loss: 1.5914
Epoch 47/1000
12992/13056 [============================>.] - ETA: 1s - loss: 0.8874
- val_loss: 1.5775
- val_all_f1:  0.5213 0.5213 0.5213
- val_exp_f1:  0.8741 0.8741 0.8741
- val_non_f1:  0.2109 0.2109 0.2109

13056/13056 [==============================] - 292s - loss: 0.8889 - val_loss: 1.5775
Epoch 48/1000
12992/13056 [============================>.] - ETA: 1s - loss: 0.9089
- val_loss: 1.5074
- val_all_f1:  0.5611 0.5611 0.5611
- val_exp_f1:  0.8695 0.8695 0.8695
- val_non_f1:  0.2897 0.2897 0.2897

13056/13056 [==============================] - 293s - loss: 0.9078 - val_loss: 1.5074
Epoch 49/1000
12992/13056 [============================>.] - ETA: 1s - loss: 0.8866
- val_loss: 1.4864
- val_all_f1:  0.5504 0.5504 0.5504
- val_exp_f1:  0.8361 0.8361 0.8361
- val_non_f1:  0.2991 0.2991 0.2991

13056/13056 [==============================] - 295s - loss: 0.8865 - val_loss: 1.4864
Epoch 50/1000
12992/13056 [============================>.] - ETA: 1s - loss: 0.8798
- val_loss: 1.6585
- val_all_f1:  0.4787 0.4787 0.4787
- val_exp_f1:  0.8058 0.8058 0.8058
- val_non_f1:  0.1909 0.1909 0.1909

13056/13056 [==============================] - 292s - loss: 0.8790 - val_loss: 1.6585
Epoch 51/1000
12992/13056 [============================>.] - ETA: 1s - loss: 0.8666
- val_loss: 1.5534
- val_all_f1:  0.5469 0.5469 0.5469
- val_exp_f1:  0.8710 0.8710 0.8710
- val_non_f1:  0.2617 0.2617 0.2617

13056/13056 [==============================] - 295s - loss: 0.8655 - val_loss: 1.5534
Epoch 52/1000
12992/13056 [============================>.] - ETA: 1s - loss: 0.8628
- val_loss: 1.5055
- val_all_f1:  0.5447 0.5447 0.5447
- val_exp_f1:  0.8983 0.8983 0.8983
- val_non_f1:  0.2336 0.2336 0.2336

13056/13056 [==============================] - 294s - loss: 0.8618 - val_loss: 1.5055
Epoch 53/1000
12992/13056 [============================>.] - ETA: 1s - loss: 0.8236
- val_loss: 1.4838
- val_all_f1:  0.5646 0.5646 0.5646
- val_exp_f1:  0.8816 0.8816 0.8816
- val_non_f1:  0.2857 0.2857 0.2857

13056/13056 [==============================] - 293s - loss: 0.8241 - val_loss: 1.4838
Epoch 54/1000
12992/13056 [============================>.] - ETA: 1s - loss: 0.8233
- val_loss: 1.6123
- val_all_f1:  0.5050 0.5050 0.5050
- val_exp_f1:  0.8483 0.8483 0.8483
- val_non_f1:  0.2029 0.2029 0.2029

13056/13056 [==============================] - 296s - loss: 0.8233 - val_loss: 1.6123
Epoch 55/1000
12992/13056 [============================>.] - ETA: 1s - loss: 0.8634
- val_loss: 1.6323
- val_all_f1:  0.5156 0.5156 0.5156
- val_exp_f1:  0.8209 0.8209 0.8209
- val_non_f1:  0.2473 0.2470 0.2472

13056/13056 [==============================] - 295s - loss: 0.8624 - val_loss: 1.6323
Epoch 56/1000
12992/13056 [============================>.] - ETA: 1s - loss: 0.8448
- val_loss: 1.5630
- val_all_f1:  0.5405 0.5405 0.5405
- val_exp_f1:  0.8816 0.8816 0.8816
- val_non_f1:  0.2403 0.2403 0.2403

13056/13056 [==============================] - 294s - loss: 0.8453 - val_loss: 1.5630
Epoch 57/1000
12992/13056 [============================>.] - ETA: 1s - loss: 0.8766
- val_loss: 1.5322
- val_all_f1:  0.5497 0.5497 0.5497
- val_exp_f1:  0.8877 0.8877 0.8877
- val_non_f1:  0.2523 0.2523 0.2523

13056/13056 [==============================] - 294s - loss: 0.8758 - val_loss: 1.5322
Epoch 58/1000
12992/13056 [============================>.] - ETA: 1s - loss: 0.8699
- val_loss: 1.5411
- val_all_f1:  0.5426 0.5426 0.5426
- val_exp_f1:  0.8771 0.8771 0.8771
- val_non_f1:  0.2483 0.2483 0.2483

13056/13056 [==============================] - 294s - loss: 0.8716 - val_loss: 1.5411
Epoch 59/1000
12992/13056 [============================>.] - ETA: 1s - loss: 0.8618
- val_loss: 1.5916
- val_all_f1:  0.5007 0.5007 0.5007
- val_exp_f1:  0.8179 0.8179 0.8179
- val_non_f1:  0.2216 0.2216 0.2216

13056/13056 [==============================] - 295s - loss: 0.8612 - val_loss: 1.5916
Epoch 60/1000
12992/13056 [============================>.] - ETA: 1s - loss: 0.8306
- val_loss: 1.6145
- val_all_f1:  0.5121 0.5121 0.5121
- val_exp_f1:  0.8285 0.8285 0.8285
- val_non_f1:  0.2336 0.2336 0.2336

13056/13056 [==============================] - 298s - loss: 0.8304 - val_loss: 1.6145
Epoch 61/1000
12992/13056 [============================>.] - ETA: 1s - loss: 0.8372
- val_loss: 1.6479
- val_all_f1:  0.5114 0.5114 0.5114
- val_exp_f1:  0.8437 0.8437 0.8437
- val_non_f1:  0.2190 0.2190 0.2190

13056/13056 [==============================] - 296s - loss: 0.8360 - val_loss: 1.6479
Epoch 62/1000
12992/13056 [============================>.] - ETA: 1s - loss: 0.8190
- val_loss: 1.6004
- val_all_f1:  0.5348 0.5348 0.5348
- val_exp_f1:  0.8786 0.8786 0.8786
- val_non_f1:  0.2323 0.2323 0.2323

13056/13056 [==============================] - 297s - loss: 0.8181 - val_loss: 1.6004
Epoch 63/1000
12992/13056 [============================>.] - ETA: 1s - loss: 0.8287
- val_loss: 1.5639
- val_all_f1:  0.5369 0.5369 0.5369
- val_exp_f1:  0.8923 0.8923 0.8923
- val_non_f1:  0.2243 0.2243 0.2243

13056/13056 [==============================] - 297s - loss: 0.8284 - val_loss: 1.5639
Epoch 64/1000
12992/13056 [============================>.] - ETA: 1s - loss: 0.8132
- val_loss: 1.5900
- val_all_f1:  0.5227 0.5227 0.5227
- val_exp_f1:  0.8771 0.8771 0.8771
- val_non_f1:  0.2109 0.2109 0.2109

13056/13056 [==============================] - 296s - loss: 0.8122 - val_loss: 1.5900
Epoch 65/1000
12992/13056 [============================>.] - ETA: 1s - loss: 0.8394
- val_loss: 1.5419
- val_all_f1:  0.5419 0.5419 0.5419
- val_exp_f1:  0.8604 0.8604 0.8604
- val_non_f1:  0.2617 0.2617 0.2617

13056/13056 [==============================] - 297s - loss: 0.8414 - val_loss: 1.5419
Epoch 66/1000
12992/13056 [============================>.] - ETA: 1s - loss: 0.8071
- val_loss: 1.5309
- val_all_f1:  0.5568 0.5568 0.5568
- val_exp_f1:  0.8832 0.8832 0.8832
- val_non_f1:  0.2701 0.2697 0.2699

13056/13056 [==============================] - 296s - loss: 0.8072 - val_loss: 1.5309
Epoch 67/1000
12992/13056 [============================>.] - ETA: 1s - loss: 0.8129
- val_loss: 1.5352
- val_all_f1:  0.5462 0.5462 0.5462
- val_exp_f1:  0.8847 0.8847 0.8847
- val_non_f1:  0.2483 0.2483 0.2483

13056/13056 [==============================] - 298s - loss: 0.8132 - val_loss: 1.5352
Epoch 68/1000
12992/13056 [============================>.] - ETA: 1s - loss: 0.8354
- val_loss: 1.5730
- val_all_f1:  0.5163 0.5163 0.5163
- val_exp_f1:  0.8422 0.8422 0.8422
- val_non_f1:  0.2296 0.2296 0.2296

13056/13056 [==============================] - 297s - loss: 0.8344 - val_loss: 1.5730
Epoch 69/1000
12992/13056 [============================>.] - ETA: 1s - loss: 0.8469
- val_loss: 1.5304
- val_all_f1:  0.5398 0.5398 0.5398
- val_exp_f1:  0.8801 0.8801 0.8801
- val_non_f1:  0.2403 0.2403 0.2403

13056/13056 [==============================] - 297s - loss: 0.8473 - val_loss: 1.5304
Epoch 70/1000
12992/13056 [============================>.] - ETA: 1s - loss: 0.8049
- val_loss: 1.5797
- val_all_f1:  0.5284 0.5284 0.5284
- val_exp_f1:  0.8710 0.8710 0.8710
- val_non_f1:  0.2270 0.2270 0.2270

13056/13056 [==============================] - 297s - loss: 0.8045 - val_loss: 1.5797
Epoch 71/1000
12992/13056 [============================>.] - ETA: 1s - loss: 0.7645
- val_loss: 1.5658
- val_all_f1:  0.5256 0.5256 0.5256
- val_exp_f1:  0.8695 0.8695 0.8695
- val_non_f1:  0.2233 0.2230 0.2231

13056/13056 [==============================] - 296s - loss: 0.7647 - val_loss: 1.5658
Epoch 72/1000
12992/13056 [============================>.] - ETA: 1s - loss: 0.7959
- val_loss: 1.5688
- val_all_f1:  0.5277 0.5277 0.5277
- val_exp_f1:  0.8634 0.8634 0.8634
- val_non_f1:  0.2323 0.2323 0.2323

13056/13056 [==============================] - 299s - loss: 0.7948 - val_loss: 1.5688
Epoch 73/1000
12992/13056 [============================>.] - ETA: 1s - loss: 0.8073
- val_loss: 1.6166
- val_all_f1:  0.5149 0.5149 0.5149
- val_exp_f1:  0.8710 0.8710 0.8710
- val_non_f1:  0.2019 0.2016 0.2017

13056/13056 [==============================] - 297s - loss: 0.8074 - val_loss: 1.6166
Epoch 74/1000
12992/13056 [============================>.] - ETA: 1s - loss: 0.8273
- val_loss: 1.5961
- val_all_f1:  0.5398 0.5398 0.5398
- val_exp_f1:  0.8816 0.8816 0.8816
- val_non_f1:  0.2390 0.2390 0.2390

13056/13056 [==============================] - 298s - loss: 0.8269 - val_loss: 1.5961
Epoch 75/1000
12992/13056 [============================>.] - ETA: 1s - loss: 0.7998
- val_loss: 1.6193
- val_all_f1:  0.5313 0.5313 0.5313
- val_exp_f1:  0.8801 0.8801 0.8801
- val_non_f1:  0.2246 0.2243 0.2244

13056/13056 [==============================] - 297s - loss: 0.7987 - val_loss: 1.6193
Epoch 76/1000
12992/13056 [============================>.] - ETA: 1s - loss: 0.8158
- val_loss: 1.5463
- val_all_f1:  0.5462 0.5462 0.5462
- val_exp_f1:  0.9059 0.9059 0.9059
- val_non_f1:  0.2296 0.2296 0.2296

13056/13056 [==============================] - 298s - loss: 0.8155 - val_loss: 1.5463
Epoch 77/1000
12992/13056 [============================>.] - ETA: 1s - loss: 0.7768
- val_loss: 1.5401
- val_all_f1:  0.5597 0.5597 0.5597
- val_exp_f1:  0.8983 0.8983 0.8983
- val_non_f1:  0.2617 0.2617 0.2617

13056/13056 [==============================] - 296s - loss: 0.7761 - val_loss: 1.5401
Epoch 78/1000
12992/13056 [============================>.] - ETA: 1s - loss: 0.8209
- val_loss: 1.5932
- val_all_f1:  0.5419 0.5419 0.5419
- val_exp_f1:  0.8892 0.8892 0.8892
- val_non_f1:  0.2363 0.2363 0.2363

13056/13056 [==============================] - 296s - loss: 0.8207 - val_loss: 1.5932
Epoch 79/1000
12992/13056 [============================>.] - ETA: 1s - loss: 0.8125
- val_loss: 1.5526
- val_all_f1:  0.5426 0.5426 0.5426
- val_exp_f1:  0.8832 0.8832 0.8832
- val_non_f1:  0.2430 0.2430 0.2430

13056/13056 [==============================] - 296s - loss: 0.8120 - val_loss: 1.5526
Epoch 80/1000
12992/13056 [============================>.] - ETA: 1s - loss: 0.7964
- val_loss: 1.5270
- val_all_f1:  0.5554 0.5554 0.5554
- val_exp_f1:  0.8983 0.8983 0.8983
- val_non_f1:  0.2537 0.2537 0.2537

13056/13056 [==============================] - 298s - loss: 0.7949 - val_loss: 1.5270
Epoch 81/1000
12992/13056 [============================>.] - ETA: 1s - loss: 0.7676
- val_loss: 1.6861
- val_all_f1:  0.5170 0.5170 0.5170
- val_exp_f1:  0.8725 0.8725 0.8725
- val_non_f1:  0.2045 0.2043 0.2044

13056/13056 [==============================] - 296s - loss: 0.7684 - val_loss: 1.6861
Epoch 82/1000
12992/13056 [============================>.] - ETA: 1s - loss: 0.8130
- val_loss: 1.6385
- val_all_f1:  0.5277 0.5277 0.5277
- val_exp_f1:  0.8816 0.8816 0.8816
- val_non_f1:  0.2163 0.2163 0.2163

13056/13056 [==============================] - 295s - loss: 0.8123 - val_loss: 1.6385
Epoch 83/1000
12992/13056 [============================>.] - ETA: 1s - loss: 0.7518
- val_loss: 1.6850
- val_all_f1:  0.5170 0.5170 0.5170
- val_exp_f1:  0.8634 0.8634 0.8634
- val_non_f1:  0.2123 0.2123 0.2123

13056/13056 [==============================] - 297s - loss: 0.7520 - val_loss: 1.6850
Epoch 84/1000
12992/13056 [============================>.] - ETA: 1s - loss: 0.7675
- val_loss: 1.6626
- val_all_f1:  0.5163 0.5163 0.5163
- val_exp_f1:  0.8756 0.8756 0.8756
- val_non_f1:  0.2003 0.2003 0.2003

13056/13056 [==============================] - 297s - loss: 0.7676 - val_loss: 1.6626
Epoch 85/1000
12992/13056 [============================>.] - ETA: 1s - loss: 0.7926
- val_loss: 1.6576
- val_all_f1:  0.5099 0.5099 0.5099
- val_exp_f1:  0.8634 0.8634 0.8634
- val_non_f1:  0.1989 0.1989 0.1989

13056/13056 [==============================] - 298s - loss: 0.7923 - val_loss: 1.6576
Epoch 86/1000
12992/13056 [============================>.] - ETA: 1s - loss: 0.7873
- val_loss: 1.6023
- val_all_f1:  0.5277 0.5277 0.5277
- val_exp_f1:  0.8832 0.8832 0.8832
- val_non_f1:  0.2150 0.2150 0.2150

13056/13056 [==============================] - 297s - loss: 0.7865 - val_loss: 1.6023
Epoch 87/1000
12992/13056 [============================>.] - ETA: 1s - loss: 0.8138
- val_loss: 1.4752
- val_all_f1:  0.5682 0.5682 0.5682
- val_exp_f1:  0.8877 0.8877 0.8877
- val_non_f1:  0.2870 0.2870 0.2870

13056/13056 [==============================] - 296s - loss: 0.8148 - val_loss: 1.4752
Epoch 88/1000
12992/13056 [============================>.] - ETA: 1s - loss: 0.7842
- val_loss: 1.6583
- val_all_f1:  0.5156 0.5156 0.5156
- val_exp_f1:  0.8725 0.8725 0.8725
- val_non_f1:  0.2016 0.2016 0.2016

13056/13056 [==============================] - 296s - loss: 0.7844 - val_loss: 1.6583
Epoch 89/1000
12992/13056 [============================>.] - ETA: 1s - loss: 0.7854
- val_loss: 1.5695
- val_all_f1:  0.5270 0.5270 0.5270
- val_exp_f1:  0.8862 0.8862 0.8862
- val_non_f1:  0.2112 0.2109 0.2111

13056/13056 [==============================] - 295s - loss: 0.7869 - val_loss: 1.5695
Epoch 90/1000
12992/13056 [============================>.] - ETA: 1s - loss: 0.7718
- val_loss: 1.6717
- val_all_f1:  0.4972 0.4972 0.4972
- val_exp_f1:  0.8346 0.8346 0.8346
- val_non_f1:  0.2003 0.2003 0.2003

13056/13056 [==============================] - 297s - loss: 0.7713 - val_loss: 1.6717
Epoch 91/1000
12992/13056 [============================>.] - ETA: 1s - loss: 0.7667
- val_loss: 1.6219
- val_all_f1:  0.5213 0.5213 0.5213
- val_exp_f1:  0.8680 0.8680 0.8680
- val_non_f1:  0.2163 0.2163 0.2163

13056/13056 [==============================] - 296s - loss: 0.7660 - val_loss: 1.6219
Epoch 92/1000
12992/13056 [============================>.] - ETA: 1s - loss: 0.7535
- val_loss: 1.6229
- val_all_f1:  0.5036 0.5036 0.5036
- val_exp_f1:  0.8027 0.8027 0.8027
- val_non_f1:  0.2403 0.2403 0.2403

13056/13056 [==============================] - 297s - loss: 0.7534 - val_loss: 1.6229
Epoch 93/1000
12992/13056 [============================>.] - ETA: 1s - loss: 0.7476
- val_loss: 1.6297
- val_all_f1:  0.5199 0.5199 0.5199
- val_exp_f1:  0.8558 0.8558 0.8558
- val_non_f1:  0.2252 0.2243 0.2247

13056/13056 [==============================] - 296s - loss: 0.7477 - val_loss: 1.6297
Epoch 94/1000
12992/13056 [============================>.] - ETA: 1s - loss: 0.7381
- val_loss: 1.6105
- val_all_f1:  0.5355 0.5355 0.5355
- val_exp_f1:  0.8801 0.8801 0.8801
- val_non_f1:  0.2323 0.2323 0.2323

13056/13056 [==============================] - 298s - loss: 0.7374 - val_loss: 1.6105
Epoch 95/1000
12992/13056 [============================>.] - ETA: 1s - loss: 0.7573
- val_loss: 1.6398
- val_all_f1:  0.5213 0.5213 0.5213
- val_exp_f1:  0.8877 0.8877 0.8877
- val_non_f1:  0.2003 0.1989 0.1996

13056/13056 [==============================] - 298s - loss: 0.7566 - val_loss: 1.6398
Epoch 96/1000
12992/13056 [============================>.] - ETA: 1s - loss: 0.7636
- val_loss: 1.7149
- val_all_f1:  0.4957 0.4957 0.4957
- val_exp_f1:  0.8407 0.8407 0.8407
- val_non_f1:  0.1925 0.1923 0.1924

13056/13056 [==============================] - 296s - loss: 0.7634 - val_loss: 1.7149
Epoch 97/1000
12992/13056 [============================>.] - ETA: 1s - loss: 0.7798
- val_loss: 1.5963
- val_all_f1:  0.5313 0.5313 0.5313
- val_exp_f1:  0.8604 0.8604 0.8604
- val_non_f1:  0.2420 0.2417 0.2418

13056/13056 [==============================] - 297s - loss: 0.7811 - val_loss: 1.5963
Epoch 98/1000
12992/13056 [============================>.] - ETA: 1s - loss: 0.7817
- val_loss: 1.7053
- val_all_f1:  0.5185 0.5185 0.5185
- val_exp_f1:  0.8771 0.8771 0.8771
- val_non_f1:  0.2040 0.2029 0.2035

13056/13056 [==============================] - 296s - loss: 0.7801 - val_loss: 1.7053
Epoch 99/1000
12992/13056 [============================>.] - ETA: 1s - loss: 0.7610
- val_loss: 1.6298
- val_all_f1:  0.5178 0.5178 0.5178
- val_exp_f1:  0.8801 0.8801 0.8801
- val_non_f1:  0.1989 0.1989 0.1989

13056/13056 [==============================] - 298s - loss: 0.7625 - val_loss: 1.6298
Epoch 100/1000
12992/13056 [============================>.] - ETA: 1s - loss: 0.7507
- val_loss: 1.5977
- val_all_f1:  0.5376 0.5376 0.5376
- val_exp_f1:  0.8892 0.8892 0.8892
- val_non_f1:  0.2286 0.2283 0.2285

13056/13056 [==============================] - 298s - loss: 0.7498 - val_loss: 1.5977
Epoch 101/1000
12992/13056 [============================>.] - ETA: 1s - loss: 0.7137
- val_loss: 1.6249
- val_all_f1:  0.5192 0.5192 0.5192
- val_exp_f1:  0.8741 0.8741 0.8741
- val_non_f1:  0.2069 0.2069 0.2069

13056/13056 [==============================] - 297s - loss: 0.7125 - val_loss: 1.6249
Epoch 102/1000
12992/13056 [============================>.] - ETA: 1s - loss: 0.7293
- val_loss: 1.5846
- val_all_f1:  0.5327 0.5327 0.5327
- val_exp_f1:  0.8801 0.8801 0.8801
- val_non_f1:  0.2270 0.2270 0.2270

13056/13056 [==============================] - 297s - loss: 0.7307 - val_loss: 1.5846
Epoch 103/1000
12992/13056 [============================>.] - ETA: 1s - loss: 0.7297
- val_loss: 1.7176
- val_all_f1:  0.4695 0.4695 0.4695
- val_exp_f1:  0.7572 0.7572 0.7572
- val_non_f1:  0.2163 0.2163 0.2163

13056/13056 [==============================] - 298s - loss: 0.7296 - val_loss: 1.7176
Epoch 104/1000
12992/13056 [============================>.] - ETA: 1s - loss: 0.7474
- val_loss: 1.6796
- val_all_f1:  0.5178 0.5178 0.5178
- val_exp_f1:  0.8604 0.8604 0.8604
- val_non_f1:  0.2166 0.2163 0.2164

13056/13056 [==============================] - 300s - loss: 0.7466 - val_loss: 1.6796
Epoch 105/1000
12992/13056 [============================>.] - ETA: 1s - loss: 0.7565
- val_loss: 1.6195
- val_all_f1:  0.5156 0.5156 0.5156
- val_exp_f1:  0.8695 0.8695 0.8695
- val_non_f1:  0.2043 0.2043 0.2043

13056/13056 [==============================] - 300s - loss: 0.7580 - val_loss: 1.6195
Epoch 106/1000
12992/13056 [============================>.] - ETA: 1s - loss: 0.7196
- val_loss: 1.6191
- val_all_f1:  0.5199 0.5199 0.5199
- val_exp_f1:  0.8634 0.8634 0.8634
- val_non_f1:  0.2179 0.2176 0.2178

13056/13056 [==============================] - 297s - loss: 0.7188 - val_loss: 1.6191
Epoch 107/1000
12992/13056 [============================>.] - ETA: 1s - loss: 0.7405
- val_loss: 1.6397
- val_all_f1:  0.5305 0.5305 0.5305
- val_exp_f1:  0.8892 0.8892 0.8892
- val_non_f1:  0.2150 0.2150 0.2150

13056/13056 [==============================] - 295s - loss: 0.7408 - val_loss: 1.6397
Epoch 108/1000
12992/13056 [============================>.] - ETA: 1s - loss: 0.7462
- val_loss: 1.6481
- val_all_f1:  0.5114 0.5114 0.5114
- val_exp_f1:  0.8467 0.8467 0.8467
- val_non_f1:  0.2166 0.2163 0.2164

13056/13056 [==============================] - 296s - loss: 0.7468 - val_loss: 1.6481
Epoch 109/1000
12992/13056 [============================>.] - ETA: 1s - loss: 0.7733
- val_loss: 1.5808
- val_all_f1:  0.5334 0.5334 0.5334
- val_exp_f1:  0.8756 0.8756 0.8756
- val_non_f1:  0.2323 0.2323 0.2323

13056/13056 [==============================] - 295s - loss: 0.7722 - val_loss: 1.5808
Epoch 110/1000
12992/13056 [============================>.] - ETA: 1s - loss: 0.7301
- val_loss: 1.7275
- val_all_f1:  0.4936 0.4936 0.4936
- val_exp_f1:  0.8194 0.8194 0.8194
- val_non_f1:  0.2069 0.2069 0.2069

13056/13056 [==============================] - 296s - loss: 0.7297 - val_loss: 1.7275
Epoch 111/1000
12992/13056 [============================>.] - ETA: 1s - loss: 0.7222
- val_loss: 1.7036
- val_all_f1:  0.5071 0.5071 0.5071
- val_exp_f1:  0.8528 0.8528 0.8528
- val_non_f1:  0.2032 0.2029 0.2031

13056/13056 [==============================] - 296s - loss: 0.7212 - val_loss: 1.7036
Epoch 112/1000
12992/13056 [============================>.] - ETA: 1s - loss: 0.7296
- val_loss: 1.6919
- val_all_f1:  0.5185 0.5185 0.5185
- val_exp_f1:  0.8695 0.8695 0.8695
- val_non_f1:  0.2096 0.2096 0.2096

13056/13056 [==============================] - 295s - loss: 0.7301 - val_loss: 1.6919
Epoch 113/1000
12992/13056 [============================>.] - ETA: 1s - loss: 0.7214
- val_loss: 1.6185
- val_all_f1:  0.5305 0.5305 0.5305
- val_exp_f1:  0.8649 0.8649 0.8649
- val_non_f1:  0.2363 0.2363 0.2363

13056/13056 [==============================] - 290s - loss: 0.7205 - val_loss: 1.6185
Epoch 114/1000
12992/13056 [============================>.] - ETA: 1s - loss: 0.7006
- val_loss: 1.6893
- val_all_f1:  0.5234 0.5234 0.5234
- val_exp_f1:  0.8589 0.8589 0.8589
- val_non_f1:  0.2286 0.2283 0.2285

13056/13056 [==============================] - 289s - loss: 0.7000 - val_loss: 1.6893
Epoch 115/1000
12992/13056 [============================>.] - ETA: 1s - loss: 0.7043
- val_loss: 1.6703
- val_all_f1:  0.5163 0.5163 0.5163
- val_exp_f1:  0.8483 0.8483 0.8483
- val_non_f1:  0.2243 0.2243 0.2243

13056/13056 [==============================] - 292s - loss: 0.7046 - val_loss: 1.6703
Epoch 116/1000
12992/13056 [============================>.] - ETA: 1s - loss: 0.7182
- val_loss: 1.6122
- val_all_f1:  0.5291 0.5291 0.5291
- val_exp_f1:  0.8498 0.8498 0.8498
- val_non_f1:  0.2473 0.2470 0.2472

13056/13056 [==============================] - 290s - loss: 0.7204 - val_loss: 1.6122
Epoch 117/1000
12992/13056 [============================>.] - ETA: 1s - loss: 0.6834
- val_loss: 1.7129
- val_all_f1:  0.5107 0.5107 0.5107
- val_exp_f1:  0.8801 0.8801 0.8801
- val_non_f1:  0.1861 0.1856 0.1858

13056/13056 [==============================] - 291s - loss: 0.6841 - val_loss: 1.7129
Epoch 118/1000
12992/13056 [============================>.] - ETA: 1s - loss: 0.7140
- val_loss: 1.5776
- val_all_f1:  0.5419 0.5419 0.5419
- val_exp_f1:  0.8725 0.8725 0.8725
- val_non_f1:  0.2513 0.2510 0.2512

13056/13056 [==============================] - 292s - loss: 0.7133 - val_loss: 1.5776
Epoch 119/1000
12992/13056 [============================>.] - ETA: 1s - loss: 0.7409
- val_loss: 1.6074
- val_all_f1:  0.5305 0.5305 0.5305
- val_exp_f1:  0.8619 0.8619 0.8619
- val_non_f1:  0.2393 0.2390 0.2391

13056/13056 [==============================] - 292s - loss: 0.7398 - val_loss: 1.6074
Epoch 120/1000
12992/13056 [============================>.] - ETA: 1s - loss: 0.7218
- val_loss: 1.8743
- val_all_f1:  0.4609 0.4609 0.4609
- val_exp_f1:  0.7800 0.7800 0.7800
- val_non_f1:  0.1802 0.1802 0.1802

13056/13056 [==============================] - 292s - loss: 0.7208 - val_loss: 1.8743
Epoch 121/1000
12992/13056 [============================>.] - ETA: 1s - loss: 0.6696
- val_loss: 1.6389
- val_all_f1:  0.5440 0.5440 0.5440
- val_exp_f1:  0.8968 0.8968 0.8968
- val_non_f1:  0.2340 0.2336 0.2338

13056/13056 [==============================] - 290s - loss: 0.6687 - val_loss: 1.6389
Epoch 122/1000
12992/13056 [============================>.] - ETA: 1s - loss: 0.6977
- val_loss: 1.7025
- val_all_f1:  0.5277 0.5277 0.5277
- val_exp_f1:  0.8407 0.8407 0.8407
- val_non_f1:  0.2523 0.2523 0.2523

13056/13056 [==============================] - 291s - loss: 0.6959 - val_loss: 1.7025
Epoch 123/1000
12992/13056 [============================>.] - ETA: 1s - loss: 0.6797
- val_loss: 1.6099
- val_all_f1:  0.5511 0.5511 0.5511
- val_exp_f1:  0.8786 0.8786 0.8786
- val_non_f1:  0.2634 0.2630 0.2632

13056/13056 [==============================] - 291s - loss: 0.6791 - val_loss: 1.6099
Epoch 124/1000
12992/13056 [============================>.] - ETA: 1s - loss: 0.6967
- val_loss: 1.6671
- val_all_f1:  0.5249 0.5249 0.5249
- val_exp_f1:  0.8467 0.8467 0.8467
- val_non_f1:  0.2417 0.2417 0.2417

13056/13056 [==============================] - 296s - loss: 0.6968 - val_loss: 1.6671
Epoch 125/1000
12992/13056 [============================>.] - ETA: 1s - loss: 0.7082
- val_loss: 1.6691
- val_all_f1:  0.5220 0.5220 0.5220
- val_exp_f1:  0.8710 0.8710 0.8710
- val_non_f1:  0.2152 0.2150 0.2151

13056/13056 [==============================] - 296s - loss: 0.7098 - val_loss: 1.6691
Epoch 126/1000
12992/13056 [============================>.] - ETA: 1s - loss: 0.6992
- val_loss: 1.6082
- val_all_f1:  0.5646 0.5646 0.5646
- val_exp_f1:  0.8923 0.8923 0.8923
- val_non_f1:  0.2764 0.2764 0.2764

13056/13056 [==============================] - 293s - loss: 0.6976 - val_loss: 1.6082
Epoch 127/1000
12992/13056 [============================>.] - ETA: 1s - loss: 0.6881
- val_loss: 1.7017
- val_all_f1:  0.5149 0.5149 0.5149
- val_exp_f1:  0.8665 0.8665 0.8665
- val_non_f1:  0.2056 0.2056 0.2056

13056/13056 [==============================] - 292s - loss: 0.6880 - val_loss: 1.7017
Epoch 128/1000
12992/13056 [============================>.] - ETA: 1s - loss: 0.6819
- val_loss: 1.6203
- val_all_f1:  0.5405 0.5405 0.5405
- val_exp_f1:  0.8756 0.8756 0.8756
- val_non_f1:  0.2457 0.2457 0.2457

13056/13056 [==============================] - 292s - loss: 0.6822 - val_loss: 1.6203
Epoch 129/1000
12992/13056 [============================>.] - ETA: 1s - loss: 0.7296
- val_loss: 1.6382
- val_all_f1:  0.5291 0.5291 0.5291
- val_exp_f1:  0.8558 0.8558 0.8558
- val_non_f1:  0.2417 0.2417 0.2417

13056/13056 [==============================] - 291s - loss: 0.7305 - val_loss: 1.6382
Epoch 130/1000
12992/13056 [============================>.] - ETA: 1s - loss: 0.6673
- val_loss: 1.6966
- val_all_f1:  0.5305 0.5305 0.5305
- val_exp_f1:  0.8725 0.8725 0.8725
- val_non_f1:  0.2299 0.2296 0.2298

13056/13056 [==============================] - 293s - loss: 0.6662 - val_loss: 1.6966
Epoch 131/1000
12992/13056 [============================>.] - ETA: 1s - loss: 0.6646
- val_loss: 1.6327
- val_all_f1:  0.5291 0.5291 0.5291
- val_exp_f1:  0.8665 0.8665 0.8665
- val_non_f1:  0.2326 0.2323 0.2325

13056/13056 [==============================] - 294s - loss: 0.6652 - val_loss: 1.6327
Epoch 132/1000
12992/13056 [============================>.] - ETA: 1s - loss: 0.6455
- val_loss: 1.6867
- val_all_f1:  0.5192 0.5192 0.5192
- val_exp_f1:  0.8649 0.8649 0.8649
- val_non_f1:  0.2158 0.2150 0.2154

13056/13056 [==============================] - 292s - loss: 0.6461 - val_loss: 1.6867
Epoch 133/1000
12992/13056 [============================>.] - ETA: 1s - loss: 0.6490
- val_loss: 1.6875
- val_all_f1:  0.5256 0.5256 0.5256
- val_exp_f1:  0.8498 0.8498 0.8498
- val_non_f1:  0.2406 0.2403 0.2405

13056/13056 [==============================] - 293s - loss: 0.6494 - val_loss: 1.6875
Epoch 134/1000
12992/13056 [============================>.] - ETA: 1s - loss: 0.6754
- val_loss: 1.6766
- val_all_f1:  0.5277 0.5277 0.5277
- val_exp_f1:  0.8619 0.8619 0.8619
- val_non_f1:  0.2336 0.2336 0.2336

13056/13056 [==============================] - 292s - loss: 0.6739 - val_loss: 1.6766
Epoch 135/1000
12992/13056 [============================>.] - ETA: 1s - loss: 0.6858
- val_loss: 1.7484
- val_all_f1:  0.5021 0.5021 0.5021
- val_exp_f1:  0.8255 0.8255 0.8255
- val_non_f1:  0.2188 0.2176 0.2182

13056/13056 [==============================] - 292s - loss: 0.6851 - val_loss: 1.7484
Epoch 136/1000
12992/13056 [============================>.] - ETA: 1s - loss: 0.6736
- val_loss: 1.7503
- val_all_f1:  0.4893 0.4893 0.4893
- val_exp_f1:  0.8376 0.8376 0.8376
- val_non_f1:  0.1829 0.1829 0.1829

13056/13056 [==============================] - 293s - loss: 0.6731 - val_loss: 1.7503
Epoch 137/1000
12992/13056 [============================>.] - ETA: 1s - loss: 0.6601
- val_loss: 1.6518
- val_all_f1:  0.5135 0.5135 0.5135
- val_exp_f1:  0.8513 0.8513 0.8513
- val_non_f1:  0.2163 0.2163 0.2163

13056/13056 [==============================] - 292s - loss: 0.6599 - val_loss: 1.6518
Epoch 138/1000
12992/13056 [============================>.] - ETA: 1s - loss: 0.6803
- val_loss: 1.5998
- val_all_f1:  0.5412 0.5412 0.5412
- val_exp_f1:  0.8847 0.8847 0.8847
- val_non_f1:  0.2393 0.2390 0.2391

13056/13056 [==============================] - 292s - loss: 0.6796 - val_loss: 1.5998
Epoch 139/1000
12992/13056 [============================>.] - ETA: 1s - loss: 0.6878
- val_loss: 1.7021
- val_all_f1:  0.5291 0.5291 0.5291
- val_exp_f1:  0.8756 0.8756 0.8756
- val_non_f1:  0.2246 0.2243 0.2244

13056/13056 [==============================] - 293s - loss: 0.6883 - val_loss: 1.7021
Epoch 140/1000
12992/13056 [============================>.] - ETA: 1s - loss: 0.6419
- val_loss: 1.6939
- val_all_f1:  0.5227 0.5227 0.5227
- val_exp_f1:  0.8680 0.8680 0.8680
- val_non_f1:  0.2190 0.2190 0.2190

13056/13056 [==============================] - 293s - loss: 0.6442 - val_loss: 1.6939
Epoch 141/1000
12992/13056 [============================>.] - ETA: 1s - loss: 0.6444
- val_loss: 1.8234
- val_all_f1:  0.4680 0.4680 0.4680
- val_exp_f1:  0.7845 0.7845 0.7845
- val_non_f1:  0.1898 0.1896 0.1897

13056/13056 [==============================] - 294s - loss: 0.6450 - val_loss: 1.8234
Epoch 142/1000
12992/13056 [============================>.] - ETA: 1s - loss: 0.6344
- val_loss: 1.7581
- val_all_f1:  0.4943 0.4943 0.4943
- val_exp_f1:  0.8392 0.8392 0.8392
- val_non_f1:  0.1909 0.1909 0.1909

13056/13056 [==============================] - 293s - loss: 0.6347 - val_loss: 1.7581
Epoch 143/1000
12992/13056 [============================>.] - ETA: 1s - loss: 0.6666
- val_loss: 1.6258
- val_all_f1:  0.5291 0.5291 0.5291
- val_exp_f1:  0.8543 0.8543 0.8543
- val_non_f1:  0.2430 0.2430 0.2430

13056/13056 [==============================] - 291s - loss: 0.6657 - val_loss: 1.6258
Epoch 144/1000
12992/13056 [============================>.] - ETA: 1s - loss: 0.6467
- val_loss: 1.6988
- val_all_f1:  0.5298 0.5298 0.5298
- val_exp_f1:  0.8574 0.8574 0.8574
- val_non_f1:  0.2417 0.2417 0.2417

13056/13056 [==============================] - 291s - loss: 0.6464 - val_loss: 1.6988
Epoch 145/1000
12992/13056 [============================>.] - ETA: 1s - loss: 0.6558
- val_loss: 1.7130
- val_all_f1:  0.5135 0.5135 0.5135
- val_exp_f1:  0.8543 0.8543 0.8543
- val_non_f1:  0.2136 0.2136 0.2136

13056/13056 [==============================] - 292s - loss: 0.6553 - val_loss: 1.7130
[2019-03-11 02:54] training finished (ex/conll16st-v35noshare-en)
[2019-03-11 02:54] best_val_loss: 43 - loss: 0.9136 - val_loss: 1.4722 - val_all_f1: 0.5746 - val_exp_f1: 0.8983 - val_non_f1: 0.2897
[2019-03-11 02:54] best_val_all_f1: 43 - loss: 0.9136 - val_loss: 1.4722 - val_all_f1: 0.5746 - val_exp_f1: 0.8983 - val_non_f1: 0.2897
[2019-03-11 02:54] time: loaded: 334.5162 - prepared: 1044.4263 - trained: 42764.5856 - epoch: 2949.2818 - epoch_cnt: 14.5000 - epoch_samples: 130560.0000
