[2019-03-07 01:28] configuration (ex/conll16st-v35-zh-al-700-0)
[2019-03-07 01:28]   config 'arg1_len': 700
[2019-03-07 01:28]   config 'arg2_len': 700
[2019-03-07 01:28]   config 'backend': theano
[2019-03-07 01:28]   config 'backend_theano': device=gpu,floatX=float32,nvcc.fastmath=True,lib.cnmem=0.8
[2019-03-07 01:28]   config 'batch_size': 64
[2019-03-07 01:28]   config 'conn_len': 10
[2019-03-07 01:28]   config 'continue_': False
[2019-03-07 01:28]   config 'curriculum_end': 0.0
[2019-03-07 01:28]   config 'epochs': 1000
[2019-03-07 01:28]   config 'epochs_patience': 100
[2019-03-07 01:28]   config 'epochs_ratio': 0.1
[2019-03-07 01:28]   config 'filter_act': sigmoid
[2019-03-07 01:28]   config 'filter_append_act': linear
[2019-03-07 01:28]   config 'filter_append_batchnorm': False
[2019-03-07 01:28]   config 'filter_append_dim': 0
[2019-03-07 01:28]   config 'filter_append_dropout': 0.0
[2019-03-07 01:28]   config 'filter_apply': mul
[2019-03-07 01:28]   config 'filter_dim': 12
[2019-03-07 01:28]   config 'filter_dropout_U': 0.0
[2019-03-07 01:28]   config 'filter_dropout_W': 0.0
[2019-03-07 01:28]   config 'filter_fn_name': None
[2019-03-07 01:28]   config 'filter_shared': global
[2019-03-07 01:28]   config 'filter_type': lstm-fb
[2019-03-07 01:28]   config 'filter_zoneout_c': 0.0
[2019-03-07 01:28]   config 'filter_zoneout_h': 0.0
[2019-03-07 01:28]   config 'final_act': SReLU
[2019-03-07 01:28]   config 'final_dim': 80
[2019-03-07 01:28]   config 'final_dropout': 0.3
[2019-03-07 01:28]   config 'input_size': None
[2019-03-07 01:28]   config 'lang': zh
[2019-03-07 01:28]   config 'masking': True
[2019-03-07 01:28]   config 'mode': word
[2019-03-07 01:28]   config 'model_dir': ex/conll16st-v35-zh-al-700-0
[2019-03-07 01:28]   config 'optimizer': adam
[2019-03-07 01:28]   config 'original_positives': 0
[2019-03-07 01:28]   config 'punc_len': 2
[2019-03-07 01:28]   config 'random_negatives': 2
[2019-03-07 01:28]   config 'random_positives': 2
[2019-03-07 01:28]   config 'random_proba_1': 0.1
[2019-03-07 01:28]   config 'random_proba_2': 0.1
[2019-03-07 01:28]   config 'random_proba_3': 0.9
[2019-03-07 01:28]   config 'rnn_act': tanh
[2019-03-07 01:28]   config 'rnn_dim': 20
[2019-03-07 01:28]   config 'rnn_dropout_U': 0.0
[2019-03-07 01:28]   config 'rnn_dropout_W': 0.0
[2019-03-07 01:28]   config 'rnn_dropout_merge': 0.3
[2019-03-07 01:28]   config 'rnn_merge': concat
[2019-03-07 01:28]   config 'rnn_num': 12
[2019-03-07 01:28]   config 'rnn_shared': aspect
[2019-03-07 01:28]   config 'rnn_type': lstm-fwd
[2019-03-07 01:28]   config 'rnn_zoneout_c': 0.0
[2019-03-07 01:28]   config 'rnn_zoneout_h': 0.0
[2019-03-07 01:28]   config 'snapshot_size': 2048
[2019-03-07 01:28]   config 'train_dir': data/conll16st-zh-01-08-2016-train
[2019-03-07 01:28]   config 'valid_dir': data/conll16st-zh-01-08-2016-dev
[2019-03-07 01:28]   config 'words2vec_bin': None
[2019-03-07 01:28]   config 'words2vec_txt': None
[2019-03-07 01:28]   config 'words_crop': None
[2019-03-07 01:28]   config 'words_dim': 20
[2019-03-07 01:28]   config 'words_dropout': 0.3
[2019-03-07 01:28]   config 'words_shared': global
[2019-03-07 01:28]   config 'words_trainable': True
[2019-03-07 01:28] load dataset for training (data/conll16st-zh-01-08-2016-train)
[2019-03-07 01:29]   lang: zh, doc_ids: 455, words: 155827, rel_ids: 10240, relation tokens: 475970
[2019-03-07 01:29] load dataset for validation (data/conll16st-zh-01-08-2016-dev)
[2019-03-07 01:29]   lang: zh, doc_ids: 24, words: 6782, rel_ids: 383, relation tokens: 16859
[2019-03-07 01:29] build indexes from training
[2019-03-07 01:29]   words2id: 14785, target2id: 12
[2019-03-07 01:29] target class distribution from training
[2019-03-07 01:29]   class 0 = 'None': None
[2019-03-07 01:29]   class 1 = '': None
[2019-03-07 01:29]   class 2 = 'Conjunction': 6102
[2019-03-07 01:29]   class 3 = 'Expansion': 1435
[2019-03-07 01:29]   class 4 = 'EntRel': 1098
[2019-03-07 01:29]   class 5 = 'Causation': 456
[2019-03-07 01:29]   class 6 = 'Temporal': 434
[2019-03-07 01:29]   class 7 = 'Contrast': 340
[2019-03-07 01:29]   class 8 = 'Purpose': 244
[2019-03-07 01:29]   class 9 = 'Conditional': 134
[2019-03-07 01:29]   class 10 = 'Progression': 75
[2019-03-07 01:29]   class 11 = 'Alternative': 18
[2019-03-07 01:29] build model
____________________________________________________________________________________________________
Layer (type)                     Output Shape          Param #     Connected to                     
====================================================================================================
arg1_ids (InputLayer)            (None, 700)           0                                            
____________________________________________________________________________________________________
arg2_ids (InputLayer)            (None, 700)           0                                            
____________________________________________________________________________________________________
conn_ids (InputLayer)            (None, 10)            0                                            
____________________________________________________________________________________________________
punc_ids (InputLayer)            (None, 2)             0                                            
____________________________________________________________________________________________________
embedding_1 (Embedding)          multiple              295700      arg1_ids[0][0]                   
                                                                   arg2_ids[0][0]                   
                                                                   conn_ids[0][0]                   
                                                                   punc_ids[0][0]                   
____________________________________________________________________________________________________
shareablelstm_1 (ShareableLSTM)  multiple              1584        embedding_1[0][0]                
                                                                   embedding_1[1][0]                
                                                                   embedding_1[2][0]                
                                                                   embedding_1[3][0]                
____________________________________________________________________________________________________
shareablelstm_2 (ShareableLSTM)  multiple              1584        embedding_1[0][0]                
                                                                   embedding_1[1][0]                
                                                                   embedding_1[2][0]                
                                                                   embedding_1[3][0]                
____________________________________________________________________________________________________
merge_1 (Merge)                  (None, 700, 12)       0           shareablelstm_1[0][0]            
                                                                   shareablelstm_2[0][0]            
____________________________________________________________________________________________________
merge_15 (Merge)                 (None, 700, 12)       0           shareablelstm_1[1][0]            
                                                                   shareablelstm_2[1][0]            
____________________________________________________________________________________________________
merge_29 (Merge)                 (None, 10, 12)        0           shareablelstm_1[2][0]            
                                                                   shareablelstm_2[2][0]            
____________________________________________________________________________________________________
merge_43 (Merge)                 (None, 2, 12)         0           shareablelstm_1[3][0]            
                                                                   shareablelstm_2[3][0]            
____________________________________________________________________________________________________
arg1_filters (Activation)        (None, 700, 12)       0           merge_1[0][0]                    
____________________________________________________________________________________________________
arg2_filters (Activation)        (None, 700, 12)       0           merge_15[0][0]                   
____________________________________________________________________________________________________
conn_filters (Activation)        (None, 10, 12)        0           merge_29[0][0]                   
____________________________________________________________________________________________________
punc_filters (Activation)        (None, 2, 12)         0           merge_43[0][0]                   
____________________________________________________________________________________________________
merge_2 (Merge)                  (None, 700, 20)       0           embedding_1[0][0]                
                                                                   arg1_filters[0][0]               
____________________________________________________________________________________________________
merge_3 (Merge)                  (None, 700, 20)       0           embedding_1[0][0]                
                                                                   arg1_filters[0][0]               
____________________________________________________________________________________________________
merge_4 (Merge)                  (None, 700, 20)       0           embedding_1[0][0]                
                                                                   arg1_filters[0][0]               
____________________________________________________________________________________________________
merge_5 (Merge)                  (None, 700, 20)       0           embedding_1[0][0]                
                                                                   arg1_filters[0][0]               
____________________________________________________________________________________________________
merge_6 (Merge)                  (None, 700, 20)       0           embedding_1[0][0]                
                                                                   arg1_filters[0][0]               
____________________________________________________________________________________________________
merge_7 (Merge)                  (None, 700, 20)       0           embedding_1[0][0]                
                                                                   arg1_filters[0][0]               
____________________________________________________________________________________________________
merge_8 (Merge)                  (None, 700, 20)       0           embedding_1[0][0]                
                                                                   arg1_filters[0][0]               
____________________________________________________________________________________________________
merge_9 (Merge)                  (None, 700, 20)       0           embedding_1[0][0]                
                                                                   arg1_filters[0][0]               
____________________________________________________________________________________________________
merge_10 (Merge)                 (None, 700, 20)       0           embedding_1[0][0]                
                                                                   arg1_filters[0][0]               
____________________________________________________________________________________________________
merge_11 (Merge)                 (None, 700, 20)       0           embedding_1[0][0]                
                                                                   arg1_filters[0][0]               
____________________________________________________________________________________________________
merge_12 (Merge)                 (None, 700, 20)       0           embedding_1[0][0]                
                                                                   arg1_filters[0][0]               
____________________________________________________________________________________________________
merge_13 (Merge)                 (None, 700, 20)       0           embedding_1[0][0]                
                                                                   arg1_filters[0][0]               
____________________________________________________________________________________________________
merge_16 (Merge)                 (None, 700, 20)       0           embedding_1[1][0]                
                                                                   arg2_filters[0][0]               
____________________________________________________________________________________________________
merge_17 (Merge)                 (None, 700, 20)       0           embedding_1[1][0]                
                                                                   arg2_filters[0][0]               
____________________________________________________________________________________________________
merge_18 (Merge)                 (None, 700, 20)       0           embedding_1[1][0]                
                                                                   arg2_filters[0][0]               
____________________________________________________________________________________________________
merge_19 (Merge)                 (None, 700, 20)       0           embedding_1[1][0]                
                                                                   arg2_filters[0][0]               
____________________________________________________________________________________________________
merge_20 (Merge)                 (None, 700, 20)       0           embedding_1[1][0]                
                                                                   arg2_filters[0][0]               
____________________________________________________________________________________________________
merge_21 (Merge)                 (None, 700, 20)       0           embedding_1[1][0]                
                                                                   arg2_filters[0][0]               
____________________________________________________________________________________________________
merge_22 (Merge)                 (None, 700, 20)       0           embedding_1[1][0]                
                                                                   arg2_filters[0][0]               
____________________________________________________________________________________________________
merge_23 (Merge)                 (None, 700, 20)       0           embedding_1[1][0]                
                                                                   arg2_filters[0][0]               
____________________________________________________________________________________________________
merge_24 (Merge)                 (None, 700, 20)       0           embedding_1[1][0]                
                                                                   arg2_filters[0][0]               
____________________________________________________________________________________________________
merge_25 (Merge)                 (None, 700, 20)       0           embedding_1[1][0]                
                                                                   arg2_filters[0][0]               
____________________________________________________________________________________________________
merge_26 (Merge)                 (None, 700, 20)       0           embedding_1[1][0]                
                                                                   arg2_filters[0][0]               
____________________________________________________________________________________________________
merge_27 (Merge)                 (None, 700, 20)       0           embedding_1[1][0]                
                                                                   arg2_filters[0][0]               
____________________________________________________________________________________________________
merge_30 (Merge)                 (None, 10, 20)        0           embedding_1[2][0]                
                                                                   conn_filters[0][0]               
____________________________________________________________________________________________________
merge_31 (Merge)                 (None, 10, 20)        0           embedding_1[2][0]                
                                                                   conn_filters[0][0]               
____________________________________________________________________________________________________
merge_32 (Merge)                 (None, 10, 20)        0           embedding_1[2][0]                
                                                                   conn_filters[0][0]               
____________________________________________________________________________________________________
merge_33 (Merge)                 (None, 10, 20)        0           embedding_1[2][0]                
                                                                   conn_filters[0][0]               
____________________________________________________________________________________________________
merge_34 (Merge)                 (None, 10, 20)        0           embedding_1[2][0]                
                                                                   conn_filters[0][0]               
____________________________________________________________________________________________________
merge_35 (Merge)                 (None, 10, 20)        0           embedding_1[2][0]                
                                                                   conn_filters[0][0]               
____________________________________________________________________________________________________
merge_36 (Merge)                 (None, 10, 20)        0           embedding_1[2][0]                
                                                                   conn_filters[0][0]               
____________________________________________________________________________________________________
merge_37 (Merge)                 (None, 10, 20)        0           embedding_1[2][0]                
                                                                   conn_filters[0][0]               
____________________________________________________________________________________________________
merge_38 (Merge)                 (None, 10, 20)        0           embedding_1[2][0]                
                                                                   conn_filters[0][0]               
____________________________________________________________________________________________________
merge_39 (Merge)                 (None, 10, 20)        0           embedding_1[2][0]                
                                                                   conn_filters[0][0]               
____________________________________________________________________________________________________
merge_40 (Merge)                 (None, 10, 20)        0           embedding_1[2][0]                
                                                                   conn_filters[0][0]               
____________________________________________________________________________________________________
merge_41 (Merge)                 (None, 10, 20)        0           embedding_1[2][0]                
                                                                   conn_filters[0][0]               
____________________________________________________________________________________________________
merge_44 (Merge)                 (None, 2, 20)         0           embedding_1[3][0]                
                                                                   punc_filters[0][0]               
____________________________________________________________________________________________________
merge_45 (Merge)                 (None, 2, 20)         0           embedding_1[3][0]                
                                                                   punc_filters[0][0]               
____________________________________________________________________________________________________
merge_46 (Merge)                 (None, 2, 20)         0           embedding_1[3][0]                
                                                                   punc_filters[0][0]               
____________________________________________________________________________________________________
merge_47 (Merge)                 (None, 2, 20)         0           embedding_1[3][0]                
                                                                   punc_filters[0][0]               
____________________________________________________________________________________________________
merge_48 (Merge)                 (None, 2, 20)         0           embedding_1[3][0]                
                                                                   punc_filters[0][0]               
____________________________________________________________________________________________________
merge_49 (Merge)                 (None, 2, 20)         0           embedding_1[3][0]                
                                                                   punc_filters[0][0]               
____________________________________________________________________________________________________
merge_50 (Merge)                 (None, 2, 20)         0           embedding_1[3][0]                
                                                                   punc_filters[0][0]               
____________________________________________________________________________________________________
merge_51 (Merge)                 (None, 2, 20)         0           embedding_1[3][0]                
                                                                   punc_filters[0][0]               
____________________________________________________________________________________________________
merge_52 (Merge)                 (None, 2, 20)         0           embedding_1[3][0]                
                                                                   punc_filters[0][0]               
____________________________________________________________________________________________________
merge_53 (Merge)                 (None, 2, 20)         0           embedding_1[3][0]                
                                                                   punc_filters[0][0]               
____________________________________________________________________________________________________
merge_54 (Merge)                 (None, 2, 20)         0           embedding_1[3][0]                
                                                                   punc_filters[0][0]               
____________________________________________________________________________________________________
merge_55 (Merge)                 (None, 2, 20)         0           embedding_1[3][0]                
                                                                   punc_filters[0][0]               
____________________________________________________________________________________________________
shareablelstm_3 (ShareableLSTM)  (None, 20)            3280        merge_2[0][0]                    
                                                                   merge_16[0][0]                   
                                                                   merge_30[0][0]                   
                                                                   merge_44[0][0]                   
____________________________________________________________________________________________________
shareablelstm_5 (ShareableLSTM)  (None, 20)            3280        merge_3[0][0]                    
                                                                   merge_17[0][0]                   
                                                                   merge_31[0][0]                   
                                                                   merge_45[0][0]                   
____________________________________________________________________________________________________
shareablelstm_7 (ShareableLSTM)  (None, 20)            3280        merge_4[0][0]                    
                                                                   merge_18[0][0]                   
                                                                   merge_32[0][0]                   
                                                                   merge_46[0][0]                   
____________________________________________________________________________________________________
shareablelstm_9 (ShareableLSTM)  (None, 20)            3280        merge_5[0][0]                    
                                                                   merge_19[0][0]                   
                                                                   merge_33[0][0]                   
                                                                   merge_47[0][0]                   
____________________________________________________________________________________________________
shareablelstm_11 (ShareableLSTM) (None, 20)            3280        merge_6[0][0]                    
                                                                   merge_20[0][0]                   
                                                                   merge_34[0][0]                   
                                                                   merge_48[0][0]                   
____________________________________________________________________________________________________
shareablelstm_13 (ShareableLSTM) (None, 20)            3280        merge_7[0][0]                    
                                                                   merge_21[0][0]                   
                                                                   merge_35[0][0]                   
                                                                   merge_49[0][0]                   
____________________________________________________________________________________________________
shareablelstm_15 (ShareableLSTM) (None, 20)            3280        merge_8[0][0]                    
                                                                   merge_22[0][0]                   
                                                                   merge_36[0][0]                   
                                                                   merge_50[0][0]                   
____________________________________________________________________________________________________
shareablelstm_17 (ShareableLSTM) (None, 20)            3280        merge_9[0][0]                    
                                                                   merge_23[0][0]                   
                                                                   merge_37[0][0]                   
                                                                   merge_51[0][0]                   
____________________________________________________________________________________________________
shareablelstm_19 (ShareableLSTM) (None, 20)            3280        merge_10[0][0]                   
                                                                   merge_24[0][0]                   
                                                                   merge_38[0][0]                   
                                                                   merge_52[0][0]                   
____________________________________________________________________________________________________
shareablelstm_21 (ShareableLSTM) (None, 20)            3280        merge_11[0][0]                   
                                                                   merge_25[0][0]                   
                                                                   merge_39[0][0]                   
                                                                   merge_53[0][0]                   
____________________________________________________________________________________________________
shareablelstm_23 (ShareableLSTM) (None, 20)            3280        merge_12[0][0]                   
                                                                   merge_26[0][0]                   
                                                                   merge_40[0][0]                   
                                                                   merge_54[0][0]                   
____________________________________________________________________________________________________
shareablelstm_25 (ShareableLSTM) (None, 20)            3280        merge_13[0][0]                   
                                                                   merge_27[0][0]                   
                                                                   merge_41[0][0]                   
                                                                   merge_55[0][0]                   
____________________________________________________________________________________________________
merge_14 (Merge)                 (None, 240)           0           shareablelstm_3[0][0]            
                                                                   shareablelstm_5[0][0]            
                                                                   shareablelstm_7[0][0]            
                                                                   shareablelstm_9[0][0]            
                                                                   shareablelstm_11[0][0]           
                                                                   shareablelstm_13[0][0]           
                                                                   shareablelstm_15[0][0]           
                                                                   shareablelstm_17[0][0]           
                                                                   shareablelstm_19[0][0]           
                                                                   shareablelstm_21[0][0]           
                                                                   shareablelstm_23[0][0]           
                                                                   shareablelstm_25[0][0]           
____________________________________________________________________________________________________
merge_28 (Merge)                 (None, 240)           0           shareablelstm_3[1][0]            
                                                                   shareablelstm_5[1][0]            
                                                                   shareablelstm_7[1][0]            
                                                                   shareablelstm_9[1][0]            
                                                                   shareablelstm_11[1][0]           
                                                                   shareablelstm_13[1][0]           
                                                                   shareablelstm_15[1][0]           
                                                                   shareablelstm_17[1][0]           
                                                                   shareablelstm_19[1][0]           
                                                                   shareablelstm_21[1][0]           
                                                                   shareablelstm_23[1][0]           
                                                                   shareablelstm_25[1][0]           
____________________________________________________________________________________________________
merge_42 (Merge)                 (None, 240)           0           shareablelstm_3[2][0]            
                                                                   shareablelstm_5[2][0]            
                                                                   shareablelstm_7[2][0]            
                                                                   shareablelstm_9[2][0]            
                                                                   shareablelstm_11[2][0]           
                                                                   shareablelstm_13[2][0]           
                                                                   shareablelstm_15[2][0]           
                                                                   shareablelstm_17[2][0]           
                                                                   shareablelstm_19[2][0]           
                                                                   shareablelstm_21[2][0]           
                                                                   shareablelstm_23[2][0]           
                                                                   shareablelstm_25[2][0]           
____________________________________________________________________________________________________
merge_56 (Merge)                 (None, 240)           0           shareablelstm_3[3][0]            
                                                                   shareablelstm_5[3][0]            
                                                                   shareablelstm_7[3][0]            
                                                                   shareablelstm_9[3][0]            
                                                                   shareablelstm_11[3][0]           
                                                                   shareablelstm_13[3][0]           
                                                                   shareablelstm_15[3][0]           
                                                                   shareablelstm_17[3][0]           
                                                                   shareablelstm_19[3][0]           
                                                                   shareablelstm_21[3][0]           
                                                                   shareablelstm_23[3][0]           
                                                                   shareablelstm_25[3][0]           
____________________________________________________________________________________________________
dropout_1 (Dropout)              (None, 240)           0           merge_14[0][0]                   
____________________________________________________________________________________________________
dropout_2 (Dropout)              (None, 240)           0           merge_28[0][0]                   
____________________________________________________________________________________________________
dropout_3 (Dropout)              (None, 240)           0           merge_42[0][0]                   
____________________________________________________________________________________________________
dropout_4 (Dropout)              (None, 240)           0           merge_56[0][0]                   
____________________________________________________________________________________________________
merge_57 (Merge)                 (None, 960)           0           dropout_1[0][0]                  
                                                                   dropout_2[0][0]                  
                                                                   dropout_3[0][0]                  
                                                                   dropout_4[0][0]                  
____________________________________________________________________________________________________
dense_1 (Dense)                  (None, 80)            76880       merge_57[0][0]                   
____________________________________________________________________________________________________
srelu_1 (SReLU)                  (None, 80)            320         dense_1[0][0]                    
____________________________________________________________________________________________________
dropout_5 (Dropout)              (None, 80)            0           srelu_1[0][0]                    
____________________________________________________________________________________________________
dense_2 (Dense)                  (None, 12)            972         dropout_5[0][0]                  
____________________________________________________________________________________________________
target (Activation)              (None, 12)            0           dense_2[0][0]                    
====================================================================================================
Total params: 416,400
Trainable params: 416,400
Non-trainable params: 0
____________________________________________________________________________________________________
[2019-03-07 01:51] initialize weights
[2019-03-07 01:51] training preparation
[2019-03-07 01:51] train model (ex/conll16st-v35-zh-al-700-0)
Epoch 1/1000
4032/4096 [============================>.] - ETA: 6s - loss: 1.6341 
- val_loss: 2.1036
- val_all_f1:  0.5770 0.5770 0.5770
- val_exp_f1:  0.4156 0.4156 0.4156
- val_non_f1:  0.6176 0.6176 0.6176

4096/4096 [==============================] - 444s - loss: 1.6295 - val_loss: 2.1036
Epoch 2/1000
4032/4096 [============================>.] - ETA: 6s - loss: 1.4776 
- val_loss: 2.0526
- val_all_f1:  0.5770 0.5770 0.5770
- val_exp_f1:  0.4156 0.4156 0.4156
- val_non_f1:  0.6176 0.6176 0.6176

4096/4096 [==============================] - 444s - loss: 1.4744 - val_loss: 2.0526
Epoch 3/1000
4032/4096 [============================>.] - ETA: 6s - loss: 1.3919 
- val_loss: 1.8612
- val_all_f1:  0.5770 0.5770 0.5770
- val_exp_f1:  0.4156 0.4156 0.4156
- val_non_f1:  0.6176 0.6176 0.6176

4096/4096 [==============================] - 444s - loss: 1.3851 - val_loss: 1.8612
Epoch 4/1000
4032/4096 [============================>.] - ETA: 6s - loss: 1.2578 
- val_loss: 1.6145
- val_all_f1:  0.5770 0.5770 0.5770
- val_exp_f1:  0.4156 0.4156 0.4156
- val_non_f1:  0.6176 0.6176 0.6176

4096/4096 [==============================] - 444s - loss: 1.2574 - val_loss: 1.6145
Epoch 5/1000
4032/4096 [============================>.] - ETA: 6s - loss: 1.2233 
- val_loss: 1.5883
- val_all_f1:  0.5770 0.5770 0.5770
- val_exp_f1:  0.4156 0.4156 0.4156
- val_non_f1:  0.6176 0.6176 0.6176

4096/4096 [==============================] - 445s - loss: 1.2232 - val_loss: 1.5883
Epoch 6/1000
4032/4096 [============================>.] - ETA: 6s - loss: 1.2024 
- val_loss: 1.4916
- val_all_f1:  0.6188 0.6188 0.6188
- val_exp_f1:  0.4026 0.4026 0.4026
- val_non_f1:  0.6732 0.6732 0.6732

4096/4096 [==============================] - 444s - loss: 1.2020 - val_loss: 1.4916
Epoch 7/1000
4032/4096 [============================>.] - ETA: 6s - loss: 1.1679 
- val_loss: 1.5109
- val_all_f1:  0.5953 0.5953 0.5953
- val_exp_f1:  0.5065 0.5065 0.5065
- val_non_f1:  0.6176 0.6176 0.6176

4096/4096 [==============================] - 443s - loss: 1.1655 - val_loss: 1.5109
Epoch 8/1000
4032/4096 [============================>.] - ETA: 6s - loss: 1.1248 
- val_loss: 1.3799
- val_all_f1:  0.6345 0.6345 0.6345
- val_exp_f1:  0.5584 0.5584 0.5584
- val_non_f1:  0.6557 0.6536 0.6547

4096/4096 [==============================] - 444s - loss: 1.1230 - val_loss: 1.3799
Epoch 9/1000
4032/4096 [============================>.] - ETA: 6s - loss: 1.0864 
- val_loss: 1.4157
- val_all_f1:  0.6110 0.6110 0.6110
- val_exp_f1:  0.5844 0.5844 0.5844
- val_non_f1:  0.6197 0.6176 0.6187

4096/4096 [==============================] - 443s - loss: 1.0831 - val_loss: 1.4157
Epoch 10/1000
4032/4096 [============================>.] - ETA: 6s - loss: 0.9610 
- val_loss: 1.3462
- val_all_f1:  0.5979 0.5979 0.5979
- val_exp_f1:  0.5195 0.5195 0.5195
- val_non_f1:  0.6217 0.6176 0.6197

4096/4096 [==============================] - 443s - loss: 0.9587 - val_loss: 1.3462
Epoch 11/1000
4032/4096 [============================>.] - ETA: 6s - loss: 0.8754 
- val_loss: 1.2229
- val_all_f1:  0.6084 0.6084 0.6084
- val_exp_f1:  0.5584 0.5584 0.5584
- val_non_f1:  0.6250 0.6209 0.6230

4096/4096 [==============================] - 444s - loss: 0.8726 - val_loss: 1.2229
Epoch 12/1000
4032/4096 [============================>.] - ETA: 6s - loss: 0.8073 
- val_loss: 1.1481
- val_all_f1:  0.6319 0.6319 0.6319
- val_exp_f1:  0.5714 0.5714 0.5714
- val_non_f1:  0.6513 0.6471 0.6492

4096/4096 [==============================] - 443s - loss: 0.8025 - val_loss: 1.1481
Epoch 13/1000
4032/4096 [============================>.] - ETA: 6s - loss: 0.8226 
- val_loss: 1.1043
- val_all_f1:  0.6423 0.6423 0.6423
- val_exp_f1:  0.5455 0.5455 0.5455
- val_non_f1:  0.6711 0.6667 0.6689

4096/4096 [==============================] - 443s - loss: 0.8228 - val_loss: 1.1043
Epoch 14/1000
4032/4096 [============================>.] - ETA: 6s - loss: 0.7364 
- val_loss: 1.1053
- val_all_f1:  0.6319 0.6319 0.6319
- val_exp_f1:  0.5714 0.5714 0.5714
- val_non_f1:  0.6513 0.6471 0.6492

4096/4096 [==============================] - 443s - loss: 0.7418 - val_loss: 1.1053
Epoch 15/1000
4032/4096 [============================>.] - ETA: 6s - loss: 0.7246 
- val_loss: 1.1115
- val_all_f1:  0.6345 0.6345 0.6345
- val_exp_f1:  0.5714 0.5714 0.5714
- val_non_f1:  0.6546 0.6503 0.6525

4096/4096 [==============================] - 443s - loss: 0.7201 - val_loss: 1.1115
Epoch 16/1000
4032/4096 [============================>.] - ETA: 6s - loss: 0.6837 
- val_loss: 1.0399
- val_all_f1:  0.6423 0.6423 0.6423
- val_exp_f1:  0.5714 0.5714 0.5714
- val_non_f1:  0.6645 0.6601 0.6623

4096/4096 [==============================] - 443s - loss: 0.6833 - val_loss: 1.0399
Epoch 17/1000
4032/4096 [============================>.] - ETA: 6s - loss: 0.6953 
- val_loss: 1.0382
- val_all_f1:  0.6475 0.6475 0.6475
- val_exp_f1:  0.5974 0.5974 0.5974
- val_non_f1:  0.6645 0.6601 0.6623

4096/4096 [==============================] - 443s - loss: 0.6933 - val_loss: 1.0382
Epoch 18/1000
4032/4096 [============================>.] - ETA: 6s - loss: 0.7199 
- val_loss: 1.0504
- val_all_f1:  0.6423 0.6423 0.6423
- val_exp_f1:  0.6104 0.6104 0.6104
- val_non_f1:  0.6525 0.6503 0.6514

4096/4096 [==============================] - 443s - loss: 0.7162 - val_loss: 1.0504
Epoch 19/1000
4032/4096 [============================>.] - ETA: 6s - loss: 0.7158 
- val_loss: 1.0295
- val_all_f1:  0.6580 0.6580 0.6580
- val_exp_f1:  0.6234 0.6234 0.6234
- val_non_f1:  0.6733 0.6667 0.6700

4096/4096 [==============================] - 443s - loss: 0.7173 - val_loss: 1.0295
Epoch 20/1000
4032/4096 [============================>.] - ETA: 6s - loss: 0.6846 
- val_loss: 1.0057
- val_all_f1:  0.6475 0.6475 0.6475
- val_exp_f1:  0.5844 0.5844 0.5844
- val_non_f1:  0.6700 0.6634 0.6667

4096/4096 [==============================] - 443s - loss: 0.6866 - val_loss: 1.0057
Epoch 21/1000
4032/4096 [============================>.] - ETA: 6s - loss: 0.6962 
- val_loss: 1.0681
- val_all_f1:  0.6371 0.6371 0.6371
- val_exp_f1:  0.5844 0.5844 0.5844
- val_non_f1:  0.6525 0.6503 0.6514

4096/4096 [==============================] - 443s - loss: 0.6961 - val_loss: 1.0681
Epoch 22/1000
4032/4096 [============================>.] - ETA: 6s - loss: 0.7091 
- val_loss: 1.0003
- val_all_f1:  0.6449 0.6449 0.6449
- val_exp_f1:  0.6104 0.6104 0.6104
- val_non_f1:  0.6601 0.6536 0.6568

4096/4096 [==============================] - 443s - loss: 0.7093 - val_loss: 1.0003
Epoch 23/1000
4032/4096 [============================>.] - ETA: 6s - loss: 0.6459 
- val_loss: 1.0287
- val_all_f1:  0.6423 0.6423 0.6423
- val_exp_f1:  0.5844 0.5844 0.5844
- val_non_f1:  0.6634 0.6569 0.6601

4096/4096 [==============================] - 444s - loss: 0.6476 - val_loss: 1.0287
Epoch 24/1000
4032/4096 [============================>.] - ETA: 6s - loss: 0.6654 
- val_loss: 1.0754
- val_all_f1:  0.6371 0.6371 0.6371
- val_exp_f1:  0.5714 0.5714 0.5714
- val_non_f1:  0.6601 0.6536 0.6568

4096/4096 [==============================] - 443s - loss: 0.6635 - val_loss: 1.0754
Epoch 25/1000
4032/4096 [============================>.] - ETA: 6s - loss: 0.6765 
- val_loss: 1.0293
- val_all_f1:  0.6554 0.6554 0.6554
- val_exp_f1:  0.6883 0.6883 0.6883
- val_non_f1:  0.6535 0.6471 0.6502

4096/4096 [==============================] - 443s - loss: 0.6781 - val_loss: 1.0293
Epoch 26/1000
4032/4096 [============================>.] - ETA: 6s - loss: 0.6285 
- val_loss: 0.9905
- val_all_f1:  0.6658 0.6658 0.6658
- val_exp_f1:  0.6753 0.6753 0.6753
- val_non_f1:  0.6700 0.6634 0.6667

4096/4096 [==============================] - 444s - loss: 0.6336 - val_loss: 0.9905
Epoch 27/1000
4032/4096 [============================>.] - ETA: 6s - loss: 0.6397 
- val_loss: 1.0428
- val_all_f1:  0.6527 0.6527 0.6527
- val_exp_f1:  0.6364 0.6364 0.6364
- val_non_f1:  0.6634 0.6569 0.6601

4096/4096 [==============================] - 444s - loss: 0.6439 - val_loss: 1.0428
Epoch 28/1000
4032/4096 [============================>.] - ETA: 6s - loss: 0.6729 
- val_loss: 1.0146
- val_all_f1:  0.6527 0.6527 0.6527
- val_exp_f1:  0.6364 0.6364 0.6364
- val_non_f1:  0.6634 0.6569 0.6601

4096/4096 [==============================] - 443s - loss: 0.6751 - val_loss: 1.0146
Epoch 29/1000
4032/4096 [============================>.] - ETA: 6s - loss: 0.6608 
- val_loss: 1.0073
- val_all_f1:  0.6423 0.6423 0.6423
- val_exp_f1:  0.5974 0.5974 0.5974
- val_non_f1:  0.6601 0.6536 0.6568

4096/4096 [==============================] - 443s - loss: 0.6593 - val_loss: 1.0073
Epoch 30/1000
4032/4096 [============================>.] - ETA: 6s - loss: 0.6543 
- val_loss: 1.0214
- val_all_f1:  0.6606 0.6606 0.6606
- val_exp_f1:  0.6753 0.6753 0.6753
- val_non_f1:  0.6634 0.6569 0.6601

4096/4096 [==============================] - 442s - loss: 0.6549 - val_loss: 1.0214
Epoch 31/1000
4032/4096 [============================>.] - ETA: 6s - loss: 0.6240 
- val_loss: 0.9627
- val_all_f1:  0.6789 0.6789 0.6789
- val_exp_f1:  0.7273 0.7273 0.7273
- val_non_f1:  0.6733 0.6667 0.6700

4096/4096 [==============================] - 443s - loss: 0.6255 - val_loss: 0.9627
Epoch 32/1000
4032/4096 [============================>.] - ETA: 6s - loss: 0.6120 
- val_loss: 0.9832
- val_all_f1:  0.6710 0.6710 0.6710
- val_exp_f1:  0.7143 0.7143 0.7143
- val_non_f1:  0.6645 0.6601 0.6623

4096/4096 [==============================] - 443s - loss: 0.6096 - val_loss: 0.9832
Epoch 33/1000
4032/4096 [============================>.] - ETA: 6s - loss: 0.6370 
- val_loss: 0.9570
- val_all_f1:  0.6789 0.6789 0.6789
- val_exp_f1:  0.7143 0.7143 0.7143
- val_non_f1:  0.6766 0.6699 0.6732

4096/4096 [==============================] - 443s - loss: 0.6360 - val_loss: 0.9570
Epoch 34/1000
4032/4096 [============================>.] - ETA: 6s - loss: 0.6448 
- val_loss: 0.9700
- val_all_f1:  0.6789 0.6789 0.6789
- val_exp_f1:  0.7273 0.7273 0.7273
- val_non_f1:  0.6711 0.6667 0.6689

4096/4096 [==============================] - 443s - loss: 0.6457 - val_loss: 0.9700
Epoch 35/1000
4032/4096 [============================>.] - ETA: 6s - loss: 0.5967 
- val_loss: 0.9471
- val_all_f1:  0.6580 0.6580 0.6580
- val_exp_f1:  0.7013 0.7013 0.7013
- val_non_f1:  0.6535 0.6471 0.6502

4096/4096 [==============================] - 443s - loss: 0.5963 - val_loss: 0.9471
Epoch 36/1000
4032/4096 [============================>.] - ETA: 6s - loss: 0.5881 
- val_loss: 1.1477
- val_all_f1:  0.6371 0.6371 0.6371
- val_exp_f1:  0.7013 0.7013 0.7013
- val_non_f1:  0.6271 0.6209 0.6240

4096/4096 [==============================] - 443s - loss: 0.5884 - val_loss: 1.1477
Epoch 37/1000
4032/4096 [============================>.] - ETA: 6s - loss: 0.5993 
- val_loss: 0.9361
- val_all_f1:  0.6893 0.6893 0.6893
- val_exp_f1:  0.7662 0.7662 0.7662
- val_non_f1:  0.6766 0.6699 0.6732

4096/4096 [==============================] - 443s - loss: 0.6011 - val_loss: 0.9361
Epoch 38/1000
4032/4096 [============================>.] - ETA: 6s - loss: 0.6131 
- val_loss: 0.9890
- val_all_f1:  0.6762 0.6762 0.6762
- val_exp_f1:  0.7273 0.7273 0.7273
- val_non_f1:  0.6700 0.6634 0.6667

4096/4096 [==============================] - 443s - loss: 0.6121 - val_loss: 0.9890
Epoch 39/1000
4032/4096 [============================>.] - ETA: 6s - loss: 0.6241 
- val_loss: 0.9829
- val_all_f1:  0.6632 0.6632 0.6632
- val_exp_f1:  0.7143 0.7143 0.7143
- val_non_f1:  0.6568 0.6503 0.6535

4096/4096 [==============================] - 442s - loss: 0.6223 - val_loss: 0.9829
Epoch 40/1000
4032/4096 [============================>.] - ETA: 6s - loss: 0.6419 
- val_loss: 0.9588
- val_all_f1:  0.6789 0.6789 0.6789
- val_exp_f1:  0.7532 0.7532 0.7532
- val_non_f1:  0.6667 0.6601 0.6634

4096/4096 [==============================] - 443s - loss: 0.6385 - val_loss: 0.9588
Epoch 41/1000
4032/4096 [============================>.] - ETA: 6s - loss: 0.6257 
- val_loss: 1.0096
- val_all_f1:  0.6632 0.6632 0.6632
- val_exp_f1:  0.7143 0.7143 0.7143
- val_non_f1:  0.6568 0.6503 0.6535

4096/4096 [==============================] - 442s - loss: 0.6240 - val_loss: 1.0096
Epoch 42/1000
4032/4096 [============================>.] - ETA: 6s - loss: 0.5861 
- val_loss: 0.9540
- val_all_f1:  0.6736 0.6736 0.6736
- val_exp_f1:  0.7143 0.7143 0.7143
- val_non_f1:  0.6700 0.6634 0.6667

4096/4096 [==============================] - 443s - loss: 0.5834 - val_loss: 0.9540
Epoch 43/1000
4032/4096 [============================>.] - ETA: 6s - loss: 0.6124 
- val_loss: 0.9414
- val_all_f1:  0.6945 0.6945 0.6945
- val_exp_f1:  0.7792 0.7792 0.7792
- val_non_f1:  0.6754 0.6732 0.6743

4096/4096 [==============================] - 443s - loss: 0.6122 - val_loss: 0.9414
Epoch 44/1000
4032/4096 [============================>.] - ETA: 6s - loss: 0.5850 
- val_loss: 0.9222
- val_all_f1:  0.6971 0.6971 0.6971
- val_exp_f1:  0.8052 0.8052 0.8052
- val_non_f1:  0.6721 0.6699 0.6710

4096/4096 [==============================] - 443s - loss: 0.5816 - val_loss: 0.9222
Epoch 45/1000
4032/4096 [============================>.] - ETA: 6s - loss: 0.6364 
- val_loss: 0.9376
- val_all_f1:  0.7023 0.7023 0.7023
- val_exp_f1:  0.8442 0.8442 0.8442
- val_non_f1:  0.6711 0.6667 0.6689

4096/4096 [==============================] - 443s - loss: 0.6322 - val_loss: 0.9376
Epoch 46/1000
4032/4096 [============================>.] - ETA: 6s - loss: 0.5860 
- val_loss: 0.9122
- val_all_f1:  0.6919 0.6919 0.6919
- val_exp_f1:  0.8052 0.8052 0.8052
- val_non_f1:  0.6700 0.6634 0.6667

4096/4096 [==============================] - 443s - loss: 0.5843 - val_loss: 0.9122
Epoch 47/1000
4032/4096 [============================>.] - ETA: 6s - loss: 0.6187 
- val_loss: 0.8966
- val_all_f1:  0.7285 0.7285 0.7285
- val_exp_f1:  0.8701 0.8701 0.8701
- val_non_f1:  0.6928 0.6928 0.6928

4096/4096 [==============================] - 443s - loss: 0.6172 - val_loss: 0.8966
Epoch 48/1000
4032/4096 [============================>.] - ETA: 6s - loss: 0.5835 
- val_loss: 0.9397
- val_all_f1:  0.6919 0.6919 0.6919
- val_exp_f1:  0.8312 0.8312 0.8312
- val_non_f1:  0.6612 0.6569 0.6590

4096/4096 [==============================] - 444s - loss: 0.5823 - val_loss: 0.9397
Epoch 49/1000
4032/4096 [============================>.] - ETA: 6s - loss: 0.6272 
- val_loss: 0.8763
- val_all_f1:  0.7023 0.7023 0.7023
- val_exp_f1:  0.8442 0.8442 0.8442
- val_non_f1:  0.6711 0.6667 0.6689

4096/4096 [==============================] - 443s - loss: 0.6257 - val_loss: 0.8763
Epoch 50/1000
4032/4096 [============================>.] - ETA: 6s - loss: 0.5975 
- val_loss: 0.9278
- val_all_f1:  0.6971 0.6971 0.6971
- val_exp_f1:  0.8701 0.8701 0.8701
- val_non_f1:  0.6557 0.6536 0.6547

4096/4096 [==============================] - 443s - loss: 0.5982 - val_loss: 0.9278
Epoch 51/1000
4032/4096 [============================>.] - ETA: 6s - loss: 0.5562 
- val_loss: 0.9393
- val_all_f1:  0.7050 0.7050 0.7050
- val_exp_f1:  0.8831 0.8831 0.8831
- val_non_f1:  0.6645 0.6601 0.6623

4096/4096 [==============================] - 443s - loss: 0.5623 - val_loss: 0.9393
Epoch 52/1000
4032/4096 [============================>.] - ETA: 6s - loss: 0.5597 
- val_loss: 0.9225
- val_all_f1:  0.7102 0.7102 0.7102
- val_exp_f1:  0.8831 0.8831 0.8831
- val_non_f1:  0.6711 0.6667 0.6689

4096/4096 [==============================] - 444s - loss: 0.5594 - val_loss: 0.9225
Epoch 53/1000
4032/4096 [============================>.] - ETA: 6s - loss: 0.6154 
- val_loss: 0.9036
- val_all_f1:  0.6971 0.6971 0.6971
- val_exp_f1:  0.8442 0.8442 0.8442
- val_non_f1:  0.6645 0.6601 0.6623

4096/4096 [==============================] - 443s - loss: 0.6181 - val_loss: 0.9036
Epoch 54/1000
4032/4096 [============================>.] - ETA: 6s - loss: 0.5705 
- val_loss: 1.0031
- val_all_f1:  0.6919 0.6919 0.6919
- val_exp_f1:  0.8312 0.8312 0.8312
- val_non_f1:  0.6612 0.6569 0.6590

4096/4096 [==============================] - 443s - loss: 0.5687 - val_loss: 1.0031
Epoch 55/1000
4032/4096 [============================>.] - ETA: 6s - loss: 0.6208 
- val_loss: 0.9878
- val_all_f1:  0.6919 0.6919 0.6919
- val_exp_f1:  0.8442 0.8442 0.8442
- val_non_f1:  0.6536 0.6536 0.6536

4096/4096 [==============================] - 443s - loss: 0.6193 - val_loss: 0.9878
Epoch 56/1000
4032/4096 [============================>.] - ETA: 6s - loss: 0.5656 
- val_loss: 1.0427
- val_all_f1:  0.6945 0.6945 0.6945
- val_exp_f1:  0.8701 0.8701 0.8701
- val_non_f1:  0.6525 0.6503 0.6514

4096/4096 [==============================] - 443s - loss: 0.5666 - val_loss: 1.0427
Epoch 57/1000
4032/4096 [============================>.] - ETA: 6s - loss: 0.5928 
- val_loss: 0.9185
- val_all_f1:  0.6971 0.6971 0.6971
- val_exp_f1:  0.8701 0.8701 0.8701
- val_non_f1:  0.6557 0.6536 0.6547

4096/4096 [==============================] - 443s - loss: 0.5926 - val_loss: 0.9185
Epoch 58/1000
4032/4096 [============================>.] - ETA: 6s - loss: 0.5950 
- val_loss: 1.0349
- val_all_f1:  0.6658 0.6658 0.6658
- val_exp_f1:  0.8701 0.8701 0.8701
- val_non_f1:  0.6144 0.6144 0.6144

4096/4096 [==============================] - 443s - loss: 0.5923 - val_loss: 1.0349
Epoch 59/1000
4032/4096 [============================>.] - ETA: 6s - loss: 0.6494 
- val_loss: 0.8778
- val_all_f1:  0.6971 0.6971 0.6971
- val_exp_f1:  0.8442 0.8442 0.8442
- val_non_f1:  0.6601 0.6601 0.6601

4096/4096 [==============================] - 443s - loss: 0.6473 - val_loss: 0.8778
Epoch 60/1000
4032/4096 [============================>.] - ETA: 6s - loss: 0.5814 
- val_loss: 0.9596
- val_all_f1:  0.6893 0.6893 0.6893
- val_exp_f1:  0.8831 0.8831 0.8831
- val_non_f1:  0.6405 0.6405 0.6405

4096/4096 [==============================] - 442s - loss: 0.5784 - val_loss: 0.9596
Epoch 61/1000
4032/4096 [============================>.] - ETA: 6s - loss: 0.5655 
- val_loss: 0.9985
- val_all_f1:  0.6867 0.6867 0.6867
- val_exp_f1:  0.8701 0.8701 0.8701
- val_non_f1:  0.6405 0.6405 0.6405

4096/4096 [==============================] - 442s - loss: 0.5642 - val_loss: 0.9985
Epoch 62/1000
4032/4096 [============================>.] - ETA: 6s - loss: 0.5789 
- val_loss: 1.0393
- val_all_f1:  0.6736 0.6736 0.6736
- val_exp_f1:  0.8312 0.8312 0.8312
- val_non_f1:  0.6340 0.6340 0.6340

4096/4096 [==============================] - 443s - loss: 0.5781 - val_loss: 1.0393
Epoch 63/1000
4032/4096 [============================>.] - ETA: 6s - loss: 0.5863 
- val_loss: 0.9483
- val_all_f1:  0.6893 0.6893 0.6893
- val_exp_f1:  0.8701 0.8701 0.8701
- val_non_f1:  0.6438 0.6438 0.6438

4096/4096 [==============================] - 443s - loss: 0.5833 - val_loss: 0.9483
Epoch 64/1000
4032/4096 [============================>.] - ETA: 6s - loss: 0.5733 
- val_loss: 0.9941
- val_all_f1:  0.6841 0.6841 0.6841
- val_exp_f1:  0.8831 0.8831 0.8831
- val_non_f1:  0.6340 0.6340 0.6340

4096/4096 [==============================] - 442s - loss: 0.5693 - val_loss: 0.9941
Epoch 65/1000
4032/4096 [============================>.] - ETA: 6s - loss: 0.5669 
- val_loss: 0.9201
- val_all_f1:  0.6997 0.6997 0.6997
- val_exp_f1:  0.8831 0.8831 0.8831
- val_non_f1:  0.6536 0.6536 0.6536

4096/4096 [==============================] - 443s - loss: 0.5636 - val_loss: 0.9201
Epoch 66/1000
4032/4096 [============================>.] - ETA: 6s - loss: 0.5602 
- val_loss: 0.9759
- val_all_f1:  0.6815 0.6815 0.6815
- val_exp_f1:  0.8442 0.8442 0.8442
- val_non_f1:  0.6405 0.6405 0.6405

4096/4096 [==============================] - 443s - loss: 0.5575 - val_loss: 0.9759
Epoch 67/1000
4032/4096 [============================>.] - ETA: 6s - loss: 0.5659 
- val_loss: 0.8949
- val_all_f1:  0.6945 0.6945 0.6945
- val_exp_f1:  0.8571 0.8571 0.8571
- val_non_f1:  0.6536 0.6536 0.6536

4096/4096 [==============================] - 443s - loss: 0.5625 - val_loss: 0.8949
Epoch 68/1000
4032/4096 [============================>.] - ETA: 6s - loss: 0.5913 
- val_loss: 0.9321
- val_all_f1:  0.6867 0.6867 0.6867
- val_exp_f1:  0.8831 0.8831 0.8831
- val_non_f1:  0.6393 0.6373 0.6383

4096/4096 [==============================] - 443s - loss: 0.5911 - val_loss: 0.9321
Epoch 69/1000
4032/4096 [============================>.] - ETA: 6s - loss: 0.5751 
- val_loss: 0.9140
- val_all_f1:  0.6893 0.6893 0.6893
- val_exp_f1:  0.8701 0.8701 0.8701
- val_non_f1:  0.6438 0.6438 0.6438

4096/4096 [==============================] - 443s - loss: 0.5790 - val_loss: 0.9140
Epoch 70/1000
4032/4096 [============================>.] - ETA: 6s - loss: 0.6082 
- val_loss: 0.9502
- val_all_f1:  0.6736 0.6736 0.6736
- val_exp_f1:  0.8571 0.8571 0.8571
- val_non_f1:  0.6295 0.6275 0.6285

4096/4096 [==============================] - 443s - loss: 0.6102 - val_loss: 0.9502
Epoch 71/1000
4032/4096 [============================>.] - ETA: 6s - loss: 0.5888 
- val_loss: 1.0634
- val_all_f1:  0.6736 0.6736 0.6736
- val_exp_f1:  0.8571 0.8571 0.8571
- val_non_f1:  0.6275 0.6275 0.6275

4096/4096 [==============================] - 443s - loss: 0.5902 - val_loss: 1.0634
Epoch 72/1000
4032/4096 [============================>.] - ETA: 6s - loss: 0.5700 
- val_loss: 0.9851
- val_all_f1:  0.6815 0.6815 0.6815
- val_exp_f1:  0.8571 0.8571 0.8571
- val_non_f1:  0.6373 0.6373 0.6373

4096/4096 [==============================] - 443s - loss: 0.5683 - val_loss: 0.9851
Epoch 73/1000
4032/4096 [============================>.] - ETA: 6s - loss: 0.5571 
- val_loss: 0.8847
- val_all_f1:  0.6867 0.6867 0.6867
- val_exp_f1:  0.8182 0.8182 0.8182
- val_non_f1:  0.6536 0.6536 0.6536

4096/4096 [==============================] - 442s - loss: 0.5597 - val_loss: 0.8847
Epoch 74/1000
4032/4096 [============================>.] - ETA: 6s - loss: 0.5580 
- val_loss: 1.0043
- val_all_f1:  0.6919 0.6919 0.6919
- val_exp_f1:  0.8831 0.8831 0.8831
- val_non_f1:  0.6459 0.6438 0.6448

4096/4096 [==============================] - 443s - loss: 0.5542 - val_loss: 1.0043
Epoch 75/1000
4032/4096 [============================>.] - ETA: 6s - loss: 0.5406 
- val_loss: 0.8769
- val_all_f1:  0.6841 0.6841 0.6841
- val_exp_f1:  0.8831 0.8831 0.8831
- val_non_f1:  0.6361 0.6340 0.6350

4096/4096 [==============================] - 444s - loss: 0.5416 - val_loss: 0.8769
Epoch 76/1000
4032/4096 [============================>.] - ETA: 6s - loss: 0.5561 
- val_loss: 0.8796
- val_all_f1:  0.6919 0.6919 0.6919
- val_exp_f1:  0.8831 0.8831 0.8831
- val_non_f1:  0.6438 0.6438 0.6438

4096/4096 [==============================] - 443s - loss: 0.5531 - val_loss: 0.8796
Epoch 77/1000
4032/4096 [============================>.] - ETA: 6s - loss: 0.5936 
- val_loss: 1.0674
- val_all_f1:  0.6867 0.6867 0.6867
- val_exp_f1:  0.8701 0.8701 0.8701
- val_non_f1:  0.6426 0.6405 0.6416

4096/4096 [==============================] - 443s - loss: 0.5951 - val_loss: 1.0674
Epoch 78/1000
4032/4096 [============================>.] - ETA: 6s - loss: 0.5838 
- val_loss: 0.8802
- val_all_f1:  0.6841 0.6841 0.6841
- val_exp_f1:  0.8701 0.8701 0.8701
- val_non_f1:  0.6393 0.6373 0.6383

4096/4096 [==============================] - 443s - loss: 0.5822 - val_loss: 0.8802
Epoch 79/1000
4032/4096 [============================>.] - ETA: 6s - loss: 0.5691 
- val_loss: 0.9277
- val_all_f1:  0.6789 0.6789 0.6789
- val_exp_f1:  0.8831 0.8831 0.8831
- val_non_f1:  0.6275 0.6275 0.6275

4096/4096 [==============================] - 443s - loss: 0.5710 - val_loss: 0.9277
Epoch 80/1000
4032/4096 [============================>.] - ETA: 6s - loss: 0.5678 
- val_loss: 0.8910
- val_all_f1:  0.6945 0.6945 0.6945
- val_exp_f1:  0.8701 0.8701 0.8701
- val_non_f1:  0.6503 0.6503 0.6503

4096/4096 [==============================] - 443s - loss: 0.5654 - val_loss: 0.8910
Epoch 81/1000
4032/4096 [============================>.] - ETA: 6s - loss: 0.5204 
- val_loss: 0.9257
- val_all_f1:  0.6710 0.6710 0.6710
- val_exp_f1:  0.8442 0.8442 0.8442
- val_non_f1:  0.6275 0.6275 0.6275

4096/4096 [==============================] - 443s - loss: 0.5176 - val_loss: 0.9257
Epoch 82/1000
4032/4096 [============================>.] - ETA: 6s - loss: 0.5965 
- val_loss: 0.9283
- val_all_f1:  0.6893 0.6893 0.6893
- val_exp_f1:  0.8182 0.8182 0.8182
- val_non_f1:  0.6569 0.6569 0.6569

4096/4096 [==============================] - 444s - loss: 0.5966 - val_loss: 0.9283
Epoch 83/1000
4032/4096 [============================>.] - ETA: 6s - loss: 0.5833 
- val_loss: 0.9617
- val_all_f1:  0.6684 0.6684 0.6684
- val_exp_f1:  0.8571 0.8571 0.8571
- val_non_f1:  0.6209 0.6209 0.6209

4096/4096 [==============================] - 444s - loss: 0.5806 - val_loss: 0.9617
Epoch 84/1000
4032/4096 [============================>.] - ETA: 6s - loss: 0.5949 
- val_loss: 0.9298
- val_all_f1:  0.6710 0.6710 0.6710
- val_exp_f1:  0.8701 0.8701 0.8701
- val_non_f1:  0.6209 0.6209 0.6209

4096/4096 [==============================] - 443s - loss: 0.5912 - val_loss: 0.9298
Epoch 85/1000
4032/4096 [============================>.] - ETA: 6s - loss: 0.5805 
- val_loss: 0.9630
- val_all_f1:  0.6658 0.6658 0.6658
- val_exp_f1:  0.8312 0.8312 0.8312
- val_non_f1:  0.6242 0.6242 0.6242

4096/4096 [==============================] - 443s - loss: 0.5787 - val_loss: 0.9630
Epoch 86/1000
4032/4096 [============================>.] - ETA: 6s - loss: 0.6316 
- val_loss: 0.9559
- val_all_f1:  0.6762 0.6762 0.6762
- val_exp_f1:  0.8831 0.8831 0.8831
- val_non_f1:  0.6242 0.6242 0.6242

4096/4096 [==============================] - 443s - loss: 0.6303 - val_loss: 0.9559
Epoch 87/1000
4032/4096 [============================>.] - ETA: 6s - loss: 0.5906 
- val_loss: 0.9074
- val_all_f1:  0.6710 0.6710 0.6710
- val_exp_f1:  0.8701 0.8701 0.8701
- val_non_f1:  0.6209 0.6209 0.6209

4096/4096 [==============================] - 443s - loss: 0.5932 - val_loss: 0.9074
Epoch 88/1000
4032/4096 [============================>.] - ETA: 6s - loss: 0.5624 
- val_loss: 0.9168
- val_all_f1:  0.6789 0.6789 0.6789
- val_exp_f1:  0.9091 0.9091 0.9091
- val_non_f1:  0.6209 0.6209 0.6209

4096/4096 [==============================] - 443s - loss: 0.5628 - val_loss: 0.9168
Epoch 89/1000
4032/4096 [============================>.] - ETA: 6s - loss: 0.5855 
- val_loss: 0.9252
- val_all_f1:  0.6736 0.6736 0.6736
- val_exp_f1:  0.8831 0.8831 0.8831
- val_non_f1:  0.6209 0.6209 0.6209

4096/4096 [==============================] - 443s - loss: 0.5830 - val_loss: 0.9252
Epoch 90/1000
4032/4096 [============================>.] - ETA: 6s - loss: 0.5920 
- val_loss: 0.9768
- val_all_f1:  0.6710 0.6710 0.6710
- val_exp_f1:  0.8701 0.8701 0.8701
- val_non_f1:  0.6209 0.6209 0.6209

4096/4096 [==============================] - 443s - loss: 0.5894 - val_loss: 0.9768
Epoch 91/1000
4032/4096 [============================>.] - ETA: 6s - loss: 0.5853 
- val_loss: 0.9426
- val_all_f1:  0.6762 0.6762 0.6762
- val_exp_f1:  0.8961 0.8961 0.8961
- val_non_f1:  0.6209 0.6209 0.6209

4096/4096 [==============================] - 443s - loss: 0.5850 - val_loss: 0.9426
Epoch 92/1000
4032/4096 [============================>.] - ETA: 6s - loss: 0.5585 
- val_loss: 0.9257
- val_all_f1:  0.6815 0.6815 0.6815
- val_exp_f1:  0.8961 0.8961 0.8961
- val_non_f1:  0.6275 0.6275 0.6275

4096/4096 [==============================] - 443s - loss: 0.5579 - val_loss: 0.9257
Epoch 93/1000
4032/4096 [============================>.] - ETA: 6s - loss: 0.6171 
- val_loss: 0.9285
- val_all_f1:  0.6762 0.6762 0.6762
- val_exp_f1:  0.8831 0.8831 0.8831
- val_non_f1:  0.6242 0.6242 0.6242

4096/4096 [==============================] - 442s - loss: 0.6161 - val_loss: 0.9285
Epoch 94/1000
4032/4096 [============================>.] - ETA: 6s - loss: 0.5568 
- val_loss: 0.9282
- val_all_f1:  0.6841 0.6841 0.6841
- val_exp_f1:  0.9351 0.9351 0.9351
- val_non_f1:  0.6209 0.6209 0.6209

4096/4096 [==============================] - 443s - loss: 0.5592 - val_loss: 0.9282
Epoch 95/1000
4032/4096 [============================>.] - ETA: 6s - loss: 0.5375 
- val_loss: 0.8813
- val_all_f1:  0.6710 0.6710 0.6710
- val_exp_f1:  0.8831 0.8831 0.8831
- val_non_f1:  0.6176 0.6176 0.6176

4096/4096 [==============================] - 443s - loss: 0.5402 - val_loss: 0.8813
Epoch 96/1000
4032/4096 [============================>.] - ETA: 6s - loss: 0.5784 
- val_loss: 0.9253
- val_all_f1:  0.6841 0.6841 0.6841
- val_exp_f1:  0.9221 0.9221 0.9221
- val_non_f1:  0.6242 0.6242 0.6242

4096/4096 [==============================] - 443s - loss: 0.5792 - val_loss: 0.9253
Epoch 97/1000
4032/4096 [============================>.] - ETA: 6s - loss: 0.5771 
- val_loss: 0.9159
- val_all_f1:  0.6736 0.6736 0.6736
- val_exp_f1:  0.8831 0.8831 0.8831
- val_non_f1:  0.6209 0.6209 0.6209

4096/4096 [==============================] - 443s - loss: 0.5735 - val_loss: 0.9159
Epoch 98/1000
4032/4096 [============================>.] - ETA: 6s - loss: 0.5921 
- val_loss: 0.9141
- val_all_f1:  0.6658 0.6658 0.6658
- val_exp_f1:  0.9091 0.9091 0.9091
- val_non_f1:  0.6046 0.6046 0.6046

4096/4096 [==============================] - 443s - loss: 0.5955 - val_loss: 0.9141
Epoch 99/1000
4032/4096 [============================>.] - ETA: 6s - loss: 0.5463 
- val_loss: 0.9382
- val_all_f1:  0.6658 0.6658 0.6658
- val_exp_f1:  0.8442 0.8442 0.8442
- val_non_f1:  0.6209 0.6209 0.6209

4096/4096 [==============================] - 443s - loss: 0.5454 - val_loss: 0.9382
Epoch 100/1000
4032/4096 [============================>.] - ETA: 6s - loss: 0.5397 
- val_loss: 0.9359
- val_all_f1:  0.6736 0.6736 0.6736
- val_exp_f1:  0.8831 0.8831 0.8831
- val_non_f1:  0.6209 0.6209 0.6209

4096/4096 [==============================] - 443s - loss: 0.5420 - val_loss: 0.9359
Epoch 101/1000
4032/4096 [============================>.] - ETA: 6s - loss: 0.5559 
- val_loss: 0.9318
- val_all_f1:  0.6762 0.6762 0.6762
- val_exp_f1:  0.9091 0.9091 0.9091
- val_non_f1:  0.6176 0.6176 0.6176

4096/4096 [==============================] - 442s - loss: 0.5557 - val_loss: 0.9318
Epoch 102/1000
4032/4096 [============================>.] - ETA: 6s - loss: 0.5797 
- val_loss: 0.9402
- val_all_f1:  0.6762 0.6762 0.6762
- val_exp_f1:  0.8961 0.8961 0.8961
- val_non_f1:  0.6209 0.6209 0.6209

4096/4096 [==============================] - 442s - loss: 0.5780 - val_loss: 0.9402
Epoch 103/1000
4032/4096 [============================>.] - ETA: 6s - loss: 0.5684 
- val_loss: 0.9041
- val_all_f1:  0.6762 0.6762 0.6762
- val_exp_f1:  0.8961 0.8961 0.8961
- val_non_f1:  0.6209 0.6209 0.6209

4096/4096 [==============================] - 442s - loss: 0.5691 - val_loss: 0.9041
Epoch 104/1000
4032/4096 [============================>.] - ETA: 6s - loss: 0.5253 
- val_loss: 0.9363
- val_all_f1:  0.6841 0.6841 0.6841
- val_exp_f1:  0.9221 0.9221 0.9221
- val_non_f1:  0.6242 0.6242 0.6242

4096/4096 [==============================] - 443s - loss: 0.5312 - val_loss: 0.9363
Epoch 105/1000
4032/4096 [============================>.] - ETA: 6s - loss: 0.5249 
- val_loss: 0.9216
- val_all_f1:  0.6945 0.6945 0.6945
- val_exp_f1:  0.9481 0.9481 0.9481
- val_non_f1:  0.6307 0.6307 0.6307

4096/4096 [==============================] - 443s - loss: 0.5242 - val_loss: 0.9216
Epoch 106/1000
4032/4096 [============================>.] - ETA: 6s - loss: 0.5551 
- val_loss: 0.9168
- val_all_f1:  0.6789 0.6789 0.6789
- val_exp_f1:  0.9091 0.9091 0.9091
- val_non_f1:  0.6209 0.6209 0.6209

4096/4096 [==============================] - 443s - loss: 0.5535 - val_loss: 0.9168
Epoch 107/1000
4032/4096 [============================>.] - ETA: 6s - loss: 0.5820 
- val_loss: 0.9215
- val_all_f1:  0.6632 0.6632 0.6632
- val_exp_f1:  0.8312 0.8312 0.8312
- val_non_f1:  0.6209 0.6209 0.6209

4096/4096 [==============================] - 443s - loss: 0.5816 - val_loss: 0.9215
Epoch 108/1000
4032/4096 [============================>.] - ETA: 6s - loss: 0.5353 
- val_loss: 1.0163
- val_all_f1:  0.6789 0.6789 0.6789
- val_exp_f1:  0.9091 0.9091 0.9091
- val_non_f1:  0.6209 0.6209 0.6209

4096/4096 [==============================] - 443s - loss: 0.5359 - val_loss: 1.0163
Epoch 109/1000
4032/4096 [============================>.] - ETA: 6s - loss: 0.5534 
- val_loss: 0.9311
- val_all_f1:  0.6736 0.6736 0.6736
- val_exp_f1:  0.8961 0.8961 0.8961
- val_non_f1:  0.6176 0.6176 0.6176

4096/4096 [==============================] - 442s - loss: 0.5544 - val_loss: 0.9311
Epoch 110/1000
4032/4096 [============================>.] - ETA: 6s - loss: 0.5114 
- val_loss: 0.8889
- val_all_f1:  0.6736 0.6736 0.6736
- val_exp_f1:  0.9351 0.9351 0.9351
- val_non_f1:  0.6098 0.6078 0.6088

4096/4096 [==============================] - 443s - loss: 0.5122 - val_loss: 0.8889
Epoch 111/1000
4032/4096 [============================>.] - ETA: 6s - loss: 0.5764 
- val_loss: 0.8866
- val_all_f1:  0.6815 0.6815 0.6815
- val_exp_f1:  0.9351 0.9351 0.9351
- val_non_f1:  0.6197 0.6176 0.6187

4096/4096 [==============================] - 443s - loss: 0.5744 - val_loss: 0.8866
Epoch 112/1000
4032/4096 [============================>.] - ETA: 6s - loss: 0.5514 
- val_loss: 0.9125
- val_all_f1:  0.6867 0.6867 0.6867
- val_exp_f1:  0.8961 0.8961 0.8961
- val_non_f1:  0.6340 0.6340 0.6340

4096/4096 [==============================] - 443s - loss: 0.5506 - val_loss: 0.9125
Epoch 113/1000
4032/4096 [============================>.] - ETA: 6s - loss: 0.5181 
- val_loss: 0.9035
- val_all_f1:  0.6710 0.6710 0.6710
- val_exp_f1:  0.8571 0.8571 0.8571
- val_non_f1:  0.6262 0.6242 0.6252

4096/4096 [==============================] - 443s - loss: 0.5178 - val_loss: 0.9035
Epoch 114/1000
4032/4096 [============================>.] - ETA: 6s - loss: 0.5131 
- val_loss: 0.8960
- val_all_f1:  0.6867 0.6867 0.6867
- val_exp_f1:  0.9351 0.9351 0.9351
- val_non_f1:  0.6242 0.6242 0.6242

4096/4096 [==============================] - 443s - loss: 0.5170 - val_loss: 0.8960
Epoch 115/1000
4032/4096 [============================>.] - ETA: 6s - loss: 0.5187 
- val_loss: 0.8984
- val_all_f1:  0.6971 0.6971 0.6971
- val_exp_f1:  0.9221 0.9221 0.9221
- val_non_f1:  0.6405 0.6405 0.6405

4096/4096 [==============================] - 443s - loss: 0.5173 - val_loss: 0.8984
Epoch 116/1000
4032/4096 [============================>.] - ETA: 6s - loss: 0.5072 
- val_loss: 0.9815
- val_all_f1:  0.6841 0.6841 0.6841
- val_exp_f1:  0.8182 0.8182 0.8182
- val_non_f1:  0.6503 0.6503 0.6503

4096/4096 [==============================] - 443s - loss: 0.5036 - val_loss: 0.9815
Epoch 117/1000
4032/4096 [============================>.] - ETA: 6s - loss: 0.5470 
- val_loss: 0.8879
- val_all_f1:  0.6919 0.6919 0.6919
- val_exp_f1:  0.9481 0.9481 0.9481
- val_non_f1:  0.6275 0.6275 0.6275

4096/4096 [==============================] - 443s - loss: 0.5463 - val_loss: 0.8879
Epoch 118/1000
4032/4096 [============================>.] - ETA: 6s - loss: 0.5543 
- val_loss: 0.9251
- val_all_f1:  0.7050 0.7050 0.7050
- val_exp_f1:  0.9221 0.9221 0.9221
- val_non_f1:  0.6503 0.6503 0.6503

4096/4096 [==============================] - 443s - loss: 0.5495 - val_loss: 0.9251
Epoch 119/1000
4032/4096 [============================>.] - ETA: 6s - loss: 0.5326 
- val_loss: 0.9467
- val_all_f1:  0.6841 0.6841 0.6841
- val_exp_f1:  0.9221 0.9221 0.9221
- val_non_f1:  0.6242 0.6242 0.6242

4096/4096 [==============================] - 443s - loss: 0.5313 - val_loss: 0.9467
Epoch 120/1000
4032/4096 [============================>.] - ETA: 6s - loss: 0.5071 
- val_loss: 0.8524
- val_all_f1:  0.6945 0.6945 0.6945
- val_exp_f1:  0.9481 0.9481 0.9481
- val_non_f1:  0.6307 0.6307 0.6307

4096/4096 [==============================] - 443s - loss: 0.5092 - val_loss: 0.8524
Epoch 121/1000
4032/4096 [============================>.] - ETA: 6s - loss: 0.5363 
- val_loss: 0.9291
- val_all_f1:  0.6841 0.6841 0.6841
- val_exp_f1:  0.9481 0.9481 0.9481
- val_non_f1:  0.6176 0.6176 0.6176

4096/4096 [==============================] - 443s - loss: 0.5336 - val_loss: 0.9291
Epoch 122/1000
4032/4096 [============================>.] - ETA: 6s - loss: 0.5478 
- val_loss: 0.9085
- val_all_f1:  0.6867 0.6867 0.6867
- val_exp_f1:  0.8961 0.8961 0.8961
- val_non_f1:  0.6340 0.6340 0.6340

4096/4096 [==============================] - 443s - loss: 0.5452 - val_loss: 0.9085
Epoch 123/1000
4032/4096 [============================>.] - ETA: 6s - loss: 0.5082 
- val_loss: 0.8840
- val_all_f1:  0.7076 0.7076 0.7076
- val_exp_f1:  0.9481 0.9481 0.9481
- val_non_f1:  0.6471 0.6471 0.6471

4096/4096 [==============================] - 443s - loss: 0.5064 - val_loss: 0.8840
Epoch 124/1000
4032/4096 [============================>.] - ETA: 6s - loss: 0.5213 
- val_loss: 0.9122
- val_all_f1:  0.7128 0.7128 0.7128
- val_exp_f1:  0.9351 0.9351 0.9351
- val_non_f1:  0.6569 0.6569 0.6569

4096/4096 [==============================] - 443s - loss: 0.5212 - val_loss: 0.9122
Epoch 125/1000
4032/4096 [============================>.] - ETA: 6s - loss: 0.5315 
- val_loss: 0.8651
- val_all_f1:  0.6867 0.6867 0.6867
- val_exp_f1:  0.9481 0.9481 0.9481
- val_non_f1:  0.6209 0.6209 0.6209

4096/4096 [==============================] - 443s - loss: 0.5312 - val_loss: 0.8651
Epoch 126/1000
4032/4096 [============================>.] - ETA: 6s - loss: 0.5654 
- val_loss: 0.9291
- val_all_f1:  0.6815 0.6815 0.6815
- val_exp_f1:  0.9091 0.9091 0.9091
- val_non_f1:  0.6242 0.6242 0.6242

4096/4096 [==============================] - 443s - loss: 0.5612 - val_loss: 0.9291
Epoch 127/1000
4032/4096 [============================>.] - ETA: 6s - loss: 0.5548 
- val_loss: 0.8875
- val_all_f1:  0.7050 0.7050 0.7050
- val_exp_f1:  0.9351 0.9351 0.9351
- val_non_f1:  0.6471 0.6471 0.6471

4096/4096 [==============================] - 443s - loss: 0.5515 - val_loss: 0.8875
Epoch 128/1000
4032/4096 [============================>.] - ETA: 6s - loss: 0.5355 
- val_loss: 0.9264
- val_all_f1:  0.6945 0.6945 0.6945
- val_exp_f1:  0.9091 0.9091 0.9091
- val_non_f1:  0.6405 0.6405 0.6405

4096/4096 [==============================] - 442s - loss: 0.5317 - val_loss: 0.9264
Epoch 129/1000
4032/4096 [============================>.] - ETA: 6s - loss: 0.5612 
- val_loss: 0.9166
- val_all_f1:  0.7050 0.7050 0.7050
- val_exp_f1:  0.9221 0.9221 0.9221
- val_non_f1:  0.6503 0.6503 0.6503

4096/4096 [==============================] - 443s - loss: 0.5617 - val_loss: 0.9166
Epoch 130/1000
4032/4096 [============================>.] - ETA: 6s - loss: 0.5326 
- val_loss: 0.9935
- val_all_f1:  0.6997 0.6997 0.6997
- val_exp_f1:  0.9481 0.9481 0.9481
- val_non_f1:  0.6373 0.6373 0.6373

4096/4096 [==============================] - 442s - loss: 0.5320 - val_loss: 0.9935
Epoch 131/1000
4032/4096 [============================>.] - ETA: 6s - loss: 0.5179 
- val_loss: 0.8793
- val_all_f1:  0.7076 0.7076 0.7076
- val_exp_f1:  0.9481 0.9481 0.9481
- val_non_f1:  0.6471 0.6471 0.6471

4096/4096 [==============================] - 442s - loss: 0.5153 - val_loss: 0.8793
Epoch 132/1000
4032/4096 [============================>.] - ETA: 6s - loss: 0.5432 
- val_loss: 0.9089
- val_all_f1:  0.7023 0.7023 0.7023
- val_exp_f1:  0.9481 0.9481 0.9481
- val_non_f1:  0.6405 0.6405 0.6405

4096/4096 [==============================] - 442s - loss: 0.5455 - val_loss: 0.9089
Epoch 133/1000
4032/4096 [============================>.] - ETA: 6s - loss: 0.5431 
- val_loss: 0.8371
- val_all_f1:  0.7180 0.7180 0.7180
- val_exp_f1:  0.9481 0.9481 0.9481
- val_non_f1:  0.6601 0.6601 0.6601

4096/4096 [==============================] - 443s - loss: 0.5464 - val_loss: 0.8371
Epoch 134/1000
4032/4096 [============================>.] - ETA: 6s - loss: 0.5236 
- val_loss: 0.8660
- val_all_f1:  0.7232 0.7232 0.7232
- val_exp_f1:  0.9481 0.9481 0.9481
- val_non_f1:  0.6667 0.6667 0.6667

4096/4096 [==============================] - 444s - loss: 0.5284 - val_loss: 0.8660
Epoch 135/1000
4032/4096 [============================>.] - ETA: 6s - loss: 0.4946 
- val_loss: 0.9233
- val_all_f1:  0.7206 0.7206 0.7206
- val_exp_f1:  0.9481 0.9481 0.9481
- val_non_f1:  0.6634 0.6634 0.6634

4096/4096 [==============================] - 443s - loss: 0.4953 - val_loss: 0.9233
Epoch 136/1000
4032/4096 [============================>.] - ETA: 6s - loss: 0.5339 
- val_loss: 0.8876
- val_all_f1:  0.6893 0.6893 0.6893
- val_exp_f1:  0.8831 0.8831 0.8831
- val_non_f1:  0.6405 0.6405 0.6405

4096/4096 [==============================] - 443s - loss: 0.5356 - val_loss: 0.8876
Epoch 137/1000
4032/4096 [============================>.] - ETA: 6s - loss: 0.4882 
- val_loss: 1.0284
- val_all_f1:  0.6893 0.6893 0.6893
- val_exp_f1:  0.9351 0.9351 0.9351
- val_non_f1:  0.6275 0.6275 0.6275

4096/4096 [==============================] - 443s - loss: 0.4956 - val_loss: 1.0284
Epoch 138/1000
4032/4096 [============================>.] - ETA: 6s - loss: 0.5523 
- val_loss: 0.8819
- val_all_f1:  0.7050 0.7050 0.7050
- val_exp_f1:  0.9221 0.9221 0.9221
- val_non_f1:  0.6503 0.6503 0.6503

4096/4096 [==============================] - 442s - loss: 0.5546 - val_loss: 0.8819
Epoch 139/1000
4032/4096 [============================>.] - ETA: 6s - loss: 0.5183 
- val_loss: 0.9411
- val_all_f1:  0.7050 0.7050 0.7050
- val_exp_f1:  0.9351 0.9351 0.9351
- val_non_f1:  0.6471 0.6471 0.6471

4096/4096 [==============================] - 443s - loss: 0.5200 - val_loss: 0.9411
Epoch 140/1000
4032/4096 [============================>.] - ETA: 6s - loss: 0.5501 
- val_loss: 0.9239
- val_all_f1:  0.7206 0.7206 0.7206
- val_exp_f1:  0.9351 0.9351 0.9351
- val_non_f1:  0.6667 0.6667 0.6667

4096/4096 [==============================] - 442s - loss: 0.5467 - val_loss: 0.9239
Epoch 141/1000
4032/4096 [============================>.] - ETA: 6s - loss: 0.5088 
- val_loss: 0.9600
- val_all_f1:  0.6893 0.6893 0.6893
- val_exp_f1:  0.9481 0.9481 0.9481
- val_non_f1:  0.6242 0.6242 0.6242

4096/4096 [==============================] - 442s - loss: 0.5072 - val_loss: 0.9600
Epoch 142/1000
4032/4096 [============================>.] - ETA: 6s - loss: 0.5214 
- val_loss: 0.9335
- val_all_f1:  0.6841 0.6841 0.6841
- val_exp_f1:  0.9351 0.9351 0.9351
- val_non_f1:  0.6209 0.6209 0.6209

4096/4096 [==============================] - 442s - loss: 0.5212 - val_loss: 0.9335
Epoch 143/1000
4032/4096 [============================>.] - ETA: 6s - loss: 0.5365 
- val_loss: 0.8898
- val_all_f1:  0.6919 0.6919 0.6919
- val_exp_f1:  0.9481 0.9481 0.9481
- val_non_f1:  0.6275 0.6275 0.6275

4096/4096 [==============================] - 442s - loss: 0.5357 - val_loss: 0.8898
Epoch 144/1000
4032/4096 [============================>.] - ETA: 6s - loss: 0.5552 
- val_loss: 0.8738
- val_all_f1:  0.6815 0.6815 0.6815
- val_exp_f1:  0.8961 0.8961 0.8961
- val_non_f1:  0.6275 0.6275 0.6275

4096/4096 [==============================] - 443s - loss: 0.5599 - val_loss: 0.8738
Epoch 145/1000
4032/4096 [============================>.] - ETA: 6s - loss: 0.5619 
- val_loss: 0.9309
- val_all_f1:  0.6945 0.6945 0.6945
- val_exp_f1:  0.9481 0.9481 0.9481
- val_non_f1:  0.6307 0.6307 0.6307

4096/4096 [==============================] - 442s - loss: 0.5651 - val_loss: 0.9309
Epoch 146/1000
4032/4096 [============================>.] - ETA: 6s - loss: 0.5378 
- val_loss: 0.8777
- val_all_f1:  0.6841 0.6841 0.6841
- val_exp_f1:  0.9221 0.9221 0.9221
- val_non_f1:  0.6242 0.6242 0.6242

4096/4096 [==============================] - 443s - loss: 0.5363 - val_loss: 0.8777
Epoch 147/1000
4032/4096 [============================>.] - ETA: 6s - loss: 0.5102 
- val_loss: 0.8920
- val_all_f1:  0.6841 0.6841 0.6841
- val_exp_f1:  0.9221 0.9221 0.9221
- val_non_f1:  0.6242 0.6242 0.6242

4096/4096 [==============================] - 443s - loss: 0.5149 - val_loss: 0.8920
Epoch 148/1000
4032/4096 [============================>.] - ETA: 6s - loss: 0.5320 
- val_loss: 0.8684
- val_all_f1:  0.6971 0.6971 0.6971
- val_exp_f1:  0.8961 0.8961 0.8961
- val_non_f1:  0.6471 0.6471 0.6471

4096/4096 [==============================] - 443s - loss: 0.5341 - val_loss: 0.8684
[2019-03-07 20:06] training finished (ex/conll16st-v35-zh-al-700-0)
[2019-03-07 20:06] best_val_loss: 132 - loss: 0.5464 - val_loss: 0.8371 - val_all_f1: 0.7180 - val_exp_f1: 0.9481 - val_non_f1: 0.6601
[2019-03-07 20:06] best_val_all_f1: 46 - loss: 0.6172 - val_loss: 0.8966 - val_all_f1: 0.7285 - val_exp_f1: 0.8701 - val_non_f1: 0.6928
[2019-03-07 20:06] time: loaded: 33.7711 - prepared: 1356.5131 - trained: 65695.2736 - epoch: 4438.8698 - epoch_cnt: 14.8000 - epoch_samples: 40960.0000
