[2019-03-16 13:17] configuration (ex/conll16st-v35-zhch-al-1400-0/blind)
[2019-03-16 13:17]   config 'arg1_len': 1400
[2019-03-16 13:17]   config 'arg2_len': 1400
[2019-03-16 13:17]   config 'backend': theano
[2019-03-16 13:17]   config 'backend_theano': device=gpu,floatX=float32,nvcc.fastmath=True,lib.cnmem=0.8
[2019-03-16 13:17]   config 'batch_size': 64
[2019-03-16 13:17]   config 'conn_len': 20
[2019-03-16 13:17]   config 'dataset_dir': data/conll16st-zh-04-27-2016-blind-test
[2019-03-16 13:17]   config 'filter_fn_name': None
[2019-03-16 13:17]   config 'input_size': None
[2019-03-16 13:17]   config 'lang': zh
[2019-03-16 13:17]   config 'mode': char
[2019-03-16 13:17]   config 'model_dir': ex/conll16st-v35-zhch-al-1400-0
[2019-03-16 13:17]   config 'normalization_mode': sample_aspect
[2019-03-16 13:17]   config 'output_dir': ex/conll16st-v35-zhch-al-1400-0/blind
[2019-03-16 13:17]   config 'punc_len': 2
[2019-03-16 13:17]   config 'rest': []
[2019-03-16 13:17]   config 'snapshot_size': 2048
[2019-03-16 13:17] load dataset for prediction (data/conll16st-zh-04-27-2016-blind-test)
[2019-03-16 13:17]   lang: zh, rel_ids: 2101
[2019-03-16 13:17] load previous indexes (ex/conll16st-v35-zhch-al-1400-0/indexes.pkl)
[2019-03-16 13:17]   words2id: 2859, target2id: 12
[2019-03-16 13:17] load model (ex/conll16st-v35-zhch-al-1400-0)
[2019-03-16 13:17] load previous weights (ex/conll16st-v35-zhch-al-1400-0/weights_val_all_f1.hdf5)
[2019-03-16 13:17] make predictions
[2019-03-16 13:20] save predictions (ex/conll16st-v35-zhch-al-1400-0/blind/output.json)
[2019-03-16 13:20] save predictions (ex/conll16st-v35-zhch-al-1400-0/blind/output_proba.json)
[2019-03-16 13:20] peek into filtering weights (ex/conll16st-v35-zhch-al-1400-0/blind/peek.html)
[2019-03-16 13:35] finished (ex/conll16st-v35-zhch-al-1400-0/blind)
[2019-03-16 13:35] time: loaded: 0.4759 - prepared: 2.8956 - predicted: 167.2923
