[2019-04-11 11:01] configuration (ex/conll16st-v35-zhch-fd-12-rn-12-0)
[2019-04-11 11:01]   config 'arg1_len': 900
[2019-04-11 11:01]   config 'arg2_len': 900
[2019-04-11 11:01]   config 'backend': theano
[2019-04-11 11:01]   config 'backend_theano': device=cpu
[2019-04-11 11:01]   config 'batch_size': 64
[2019-04-11 11:01]   config 'conn_len': 20
[2019-04-11 11:01]   config 'continue_': False
[2019-04-11 11:01]   config 'curriculum_end': 0.0
[2019-04-11 11:01]   config 'epochs': 1000
[2019-04-11 11:01]   config 'epochs_patience': 100
[2019-04-11 11:01]   config 'epochs_ratio': 0.1
[2019-04-11 11:01]   config 'filter_act': sigmoid
[2019-04-11 11:01]   config 'filter_append_act': linear
[2019-04-11 11:01]   config 'filter_append_batchnorm': False
[2019-04-11 11:01]   config 'filter_append_dim': 0
[2019-04-11 11:01]   config 'filter_append_dropout': 0.0
[2019-04-11 11:01]   config 'filter_apply': mul
[2019-04-11 11:01]   config 'filter_dim': 12
[2019-04-11 11:01]   config 'filter_dropout_U': 0.0
[2019-04-11 11:01]   config 'filter_dropout_W': 0.0
[2019-04-11 11:01]   config 'filter_fn_name': None
[2019-04-11 11:01]   config 'filter_shared': global
[2019-04-11 11:01]   config 'filter_type': lstm-fb
[2019-04-11 11:01]   config 'filter_zoneout_c': 0.0
[2019-04-11 11:01]   config 'filter_zoneout_h': 0.0
[2019-04-11 11:01]   config 'final_act': SReLU
[2019-04-11 11:01]   config 'final_dim': 80
[2019-04-11 11:01]   config 'final_dropout': 0.3
[2019-04-11 11:01]   config 'input_size': None
[2019-04-11 11:01]   config 'lang': zh
[2019-04-11 11:01]   config 'masking': True
[2019-04-11 11:01]   config 'mode': char
[2019-04-11 11:01]   config 'model_dir': ex/conll16st-v35-zhch-fd-12-rn-12-0
[2019-04-11 11:01]   config 'optimizer': adam
[2019-04-11 11:01]   config 'original_positives': 0
[2019-04-11 11:01]   config 'punc_len': 2
[2019-04-11 11:01]   config 'random_negatives': 2
[2019-04-11 11:01]   config 'random_positives': 2
[2019-04-11 11:01]   config 'random_proba_1': 0.1
[2019-04-11 11:01]   config 'random_proba_2': 0.1
[2019-04-11 11:01]   config 'random_proba_3': 0.9
[2019-04-11 11:01]   config 'rnn_act': tanh
[2019-04-11 11:01]   config 'rnn_dim': 20
[2019-04-11 11:01]   config 'rnn_dropout_U': 0.0
[2019-04-11 11:01]   config 'rnn_dropout_W': 0.0
[2019-04-11 11:01]   config 'rnn_dropout_merge': 0.3
[2019-04-11 11:01]   config 'rnn_merge': concat
[2019-04-11 11:01]   config 'rnn_num': 12
[2019-04-11 11:01]   config 'rnn_shared': aspect
[2019-04-11 11:01]   config 'rnn_type': lstm-fwd
[2019-04-11 11:01]   config 'rnn_zoneout_c': 0.0
[2019-04-11 11:01]   config 'rnn_zoneout_h': 0.0
[2019-04-11 11:01]   config 'snapshot_size': 2048
[2019-04-11 11:01]   config 'train_dir': data/conll16st-zh-01-08-2016-train
[2019-04-11 11:01]   config 'valid_dir': data/conll16st-zh-01-08-2016-dev
[2019-04-11 11:01]   config 'words2vec_bin': None
[2019-04-11 11:01]   config 'words2vec_txt': None
[2019-04-11 11:01]   config 'words_crop': None
[2019-04-11 11:01]   config 'words_dim': 20
[2019-04-11 11:01]   config 'words_dropout': 0.3
[2019-04-11 11:01]   config 'words_shared': global
[2019-04-11 11:01]   config 'words_trainable': True
[2019-04-11 11:01] load dataset for training (data/conll16st-zh-01-08-2016-train)
[2019-04-11 11:01]   lang: zh, rel_ids: 10240
[2019-04-11 11:01] load dataset for validation (data/conll16st-zh-01-08-2016-dev)
[2019-04-11 11:01]   lang: zh, rel_ids: 383
[2019-04-11 11:01] build indexes from training
[2019-04-11 11:01]   words2id: 2859, target2id: 12
[2019-04-11 11:01] target class distribution from training
[2019-04-11 11:01]   class 0 = 'None': None
[2019-04-11 11:01]   class 1 = '': None
[2019-04-11 11:01]   class 2 = 'Conjunction': 6102
[2019-04-11 11:01]   class 3 = 'Expansion': 1435
[2019-04-11 11:01]   class 4 = 'EntRel': 1098
[2019-04-11 11:01]   class 5 = 'Causation': 456
[2019-04-11 11:01]   class 6 = 'Temporal': 434
[2019-04-11 11:01]   class 7 = 'Contrast': 340
[2019-04-11 11:01]   class 8 = 'Purpose': 244
[2019-04-11 11:01]   class 9 = 'Conditional': 134
[2019-04-11 11:01]   class 10 = 'Progression': 75
[2019-04-11 11:01]   class 11 = 'Alternative': 18
[2019-04-11 11:01] build model
____________________________________________________________________________________________________
Layer (type)                     Output Shape          Param #     Connected to                     
====================================================================================================
arg1_ids (InputLayer)            (None, 900)           0                                            
____________________________________________________________________________________________________
arg2_ids (InputLayer)            (None, 900)           0                                            
____________________________________________________________________________________________________
conn_ids (InputLayer)            (None, 20)            0                                            
____________________________________________________________________________________________________
punc_ids (InputLayer)            (None, 2)             0                                            
____________________________________________________________________________________________________
embedding_1 (Embedding)          multiple              57180       arg1_ids[0][0]                   
                                                                   arg2_ids[0][0]                   
                                                                   conn_ids[0][0]                   
                                                                   punc_ids[0][0]                   
____________________________________________________________________________________________________
shareablelstm_1 (ShareableLSTM)  multiple              1584        embedding_1[0][0]                
                                                                   embedding_1[1][0]                
                                                                   embedding_1[2][0]                
                                                                   embedding_1[3][0]                
____________________________________________________________________________________________________
shareablelstm_2 (ShareableLSTM)  multiple              1584        embedding_1[0][0]                
                                                                   embedding_1[1][0]                
                                                                   embedding_1[2][0]                
                                                                   embedding_1[3][0]                
____________________________________________________________________________________________________
merge_1 (Merge)                  (None, 900, 12)       0           shareablelstm_1[0][0]            
                                                                   shareablelstm_2[0][0]            
____________________________________________________________________________________________________
merge_15 (Merge)                 (None, 900, 12)       0           shareablelstm_1[1][0]            
                                                                   shareablelstm_2[1][0]            
____________________________________________________________________________________________________
merge_29 (Merge)                 (None, 20, 12)        0           shareablelstm_1[2][0]            
                                                                   shareablelstm_2[2][0]            
____________________________________________________________________________________________________
merge_43 (Merge)                 (None, 2, 12)         0           shareablelstm_1[3][0]            
                                                                   shareablelstm_2[3][0]            
____________________________________________________________________________________________________
arg1_filters (Activation)        (None, 900, 12)       0           merge_1[0][0]                    
____________________________________________________________________________________________________
arg2_filters (Activation)        (None, 900, 12)       0           merge_15[0][0]                   
____________________________________________________________________________________________________
conn_filters (Activation)        (None, 20, 12)        0           merge_29[0][0]                   
____________________________________________________________________________________________________
punc_filters (Activation)        (None, 2, 12)         0           merge_43[0][0]                   
____________________________________________________________________________________________________
merge_2 (Merge)                  (None, 900, 20)       0           embedding_1[0][0]                
                                                                   arg1_filters[0][0]               
____________________________________________________________________________________________________
merge_3 (Merge)                  (None, 900, 20)       0           embedding_1[0][0]                
                                                                   arg1_filters[0][0]               
____________________________________________________________________________________________________
merge_4 (Merge)                  (None, 900, 20)       0           embedding_1[0][0]                
                                                                   arg1_filters[0][0]               
____________________________________________________________________________________________________
merge_5 (Merge)                  (None, 900, 20)       0           embedding_1[0][0]                
                                                                   arg1_filters[0][0]               
____________________________________________________________________________________________________
merge_6 (Merge)                  (None, 900, 20)       0           embedding_1[0][0]                
                                                                   arg1_filters[0][0]               
____________________________________________________________________________________________________
merge_7 (Merge)                  (None, 900, 20)       0           embedding_1[0][0]                
                                                                   arg1_filters[0][0]               
____________________________________________________________________________________________________
merge_8 (Merge)                  (None, 900, 20)       0           embedding_1[0][0]                
                                                                   arg1_filters[0][0]               
____________________________________________________________________________________________________
merge_9 (Merge)                  (None, 900, 20)       0           embedding_1[0][0]                
                                                                   arg1_filters[0][0]               
____________________________________________________________________________________________________
merge_10 (Merge)                 (None, 900, 20)       0           embedding_1[0][0]                
                                                                   arg1_filters[0][0]               
____________________________________________________________________________________________________
merge_11 (Merge)                 (None, 900, 20)       0           embedding_1[0][0]                
                                                                   arg1_filters[0][0]               
____________________________________________________________________________________________________
merge_12 (Merge)                 (None, 900, 20)       0           embedding_1[0][0]                
                                                                   arg1_filters[0][0]               
____________________________________________________________________________________________________
merge_13 (Merge)                 (None, 900, 20)       0           embedding_1[0][0]                
                                                                   arg1_filters[0][0]               
____________________________________________________________________________________________________
merge_16 (Merge)                 (None, 900, 20)       0           embedding_1[1][0]                
                                                                   arg2_filters[0][0]               
____________________________________________________________________________________________________
merge_17 (Merge)                 (None, 900, 20)       0           embedding_1[1][0]                
                                                                   arg2_filters[0][0]               
____________________________________________________________________________________________________
merge_18 (Merge)                 (None, 900, 20)       0           embedding_1[1][0]                
                                                                   arg2_filters[0][0]               
____________________________________________________________________________________________________
merge_19 (Merge)                 (None, 900, 20)       0           embedding_1[1][0]                
                                                                   arg2_filters[0][0]               
____________________________________________________________________________________________________
merge_20 (Merge)                 (None, 900, 20)       0           embedding_1[1][0]                
                                                                   arg2_filters[0][0]               
____________________________________________________________________________________________________
merge_21 (Merge)                 (None, 900, 20)       0           embedding_1[1][0]                
                                                                   arg2_filters[0][0]               
____________________________________________________________________________________________________
merge_22 (Merge)                 (None, 900, 20)       0           embedding_1[1][0]                
                                                                   arg2_filters[0][0]               
____________________________________________________________________________________________________
merge_23 (Merge)                 (None, 900, 20)       0           embedding_1[1][0]                
                                                                   arg2_filters[0][0]               
____________________________________________________________________________________________________
merge_24 (Merge)                 (None, 900, 20)       0           embedding_1[1][0]                
                                                                   arg2_filters[0][0]               
____________________________________________________________________________________________________
merge_25 (Merge)                 (None, 900, 20)       0           embedding_1[1][0]                
                                                                   arg2_filters[0][0]               
____________________________________________________________________________________________________
merge_26 (Merge)                 (None, 900, 20)       0           embedding_1[1][0]                
                                                                   arg2_filters[0][0]               
____________________________________________________________________________________________________
merge_27 (Merge)                 (None, 900, 20)       0           embedding_1[1][0]                
                                                                   arg2_filters[0][0]               
____________________________________________________________________________________________________
merge_30 (Merge)                 (None, 20, 20)        0           embedding_1[2][0]                
                                                                   conn_filters[0][0]               
____________________________________________________________________________________________________
merge_31 (Merge)                 (None, 20, 20)        0           embedding_1[2][0]                
                                                                   conn_filters[0][0]               
____________________________________________________________________________________________________
merge_32 (Merge)                 (None, 20, 20)        0           embedding_1[2][0]                
                                                                   conn_filters[0][0]               
____________________________________________________________________________________________________
merge_33 (Merge)                 (None, 20, 20)        0           embedding_1[2][0]                
                                                                   conn_filters[0][0]               
____________________________________________________________________________________________________
merge_34 (Merge)                 (None, 20, 20)        0           embedding_1[2][0]                
                                                                   conn_filters[0][0]               
____________________________________________________________________________________________________
merge_35 (Merge)                 (None, 20, 20)        0           embedding_1[2][0]                
                                                                   conn_filters[0][0]               
____________________________________________________________________________________________________
merge_36 (Merge)                 (None, 20, 20)        0           embedding_1[2][0]                
                                                                   conn_filters[0][0]               
____________________________________________________________________________________________________
merge_37 (Merge)                 (None, 20, 20)        0           embedding_1[2][0]                
                                                                   conn_filters[0][0]               
____________________________________________________________________________________________________
merge_38 (Merge)                 (None, 20, 20)        0           embedding_1[2][0]                
                                                                   conn_filters[0][0]               
____________________________________________________________________________________________________
merge_39 (Merge)                 (None, 20, 20)        0           embedding_1[2][0]                
                                                                   conn_filters[0][0]               
____________________________________________________________________________________________________
merge_40 (Merge)                 (None, 20, 20)        0           embedding_1[2][0]                
                                                                   conn_filters[0][0]               
____________________________________________________________________________________________________
merge_41 (Merge)                 (None, 20, 20)        0           embedding_1[2][0]                
                                                                   conn_filters[0][0]               
____________________________________________________________________________________________________
merge_44 (Merge)                 (None, 2, 20)         0           embedding_1[3][0]                
                                                                   punc_filters[0][0]               
____________________________________________________________________________________________________
merge_45 (Merge)                 (None, 2, 20)         0           embedding_1[3][0]                
                                                                   punc_filters[0][0]               
____________________________________________________________________________________________________
merge_46 (Merge)                 (None, 2, 20)         0           embedding_1[3][0]                
                                                                   punc_filters[0][0]               
____________________________________________________________________________________________________
merge_47 (Merge)                 (None, 2, 20)         0           embedding_1[3][0]                
                                                                   punc_filters[0][0]               
____________________________________________________________________________________________________
merge_48 (Merge)                 (None, 2, 20)         0           embedding_1[3][0]                
                                                                   punc_filters[0][0]               
____________________________________________________________________________________________________
merge_49 (Merge)                 (None, 2, 20)         0           embedding_1[3][0]                
                                                                   punc_filters[0][0]               
____________________________________________________________________________________________________
merge_50 (Merge)                 (None, 2, 20)         0           embedding_1[3][0]                
                                                                   punc_filters[0][0]               
____________________________________________________________________________________________________
merge_51 (Merge)                 (None, 2, 20)         0           embedding_1[3][0]                
                                                                   punc_filters[0][0]               
____________________________________________________________________________________________________
merge_52 (Merge)                 (None, 2, 20)         0           embedding_1[3][0]                
                                                                   punc_filters[0][0]               
____________________________________________________________________________________________________
merge_53 (Merge)                 (None, 2, 20)         0           embedding_1[3][0]                
                                                                   punc_filters[0][0]               
____________________________________________________________________________________________________
merge_54 (Merge)                 (None, 2, 20)         0           embedding_1[3][0]                
                                                                   punc_filters[0][0]               
____________________________________________________________________________________________________
merge_55 (Merge)                 (None, 2, 20)         0           embedding_1[3][0]                
                                                                   punc_filters[0][0]               
____________________________________________________________________________________________________
shareablelstm_3 (ShareableLSTM)  (None, 20)            3280        merge_2[0][0]                    
                                                                   merge_16[0][0]                   
                                                                   merge_30[0][0]                   
                                                                   merge_44[0][0]                   
____________________________________________________________________________________________________
shareablelstm_5 (ShareableLSTM)  (None, 20)            3280        merge_3[0][0]                    
                                                                   merge_17[0][0]                   
                                                                   merge_31[0][0]                   
                                                                   merge_45[0][0]                   
____________________________________________________________________________________________________
shareablelstm_7 (ShareableLSTM)  (None, 20)            3280        merge_4[0][0]                    
                                                                   merge_18[0][0]                   
                                                                   merge_32[0][0]                   
                                                                   merge_46[0][0]                   
____________________________________________________________________________________________________
shareablelstm_9 (ShareableLSTM)  (None, 20)            3280        merge_5[0][0]                    
                                                                   merge_19[0][0]                   
                                                                   merge_33[0][0]                   
                                                                   merge_47[0][0]                   
____________________________________________________________________________________________________
shareablelstm_11 (ShareableLSTM) (None, 20)            3280        merge_6[0][0]                    
                                                                   merge_20[0][0]                   
                                                                   merge_34[0][0]                   
                                                                   merge_48[0][0]                   
____________________________________________________________________________________________________
shareablelstm_13 (ShareableLSTM) (None, 20)            3280        merge_7[0][0]                    
                                                                   merge_21[0][0]                   
                                                                   merge_35[0][0]                   
                                                                   merge_49[0][0]                   
____________________________________________________________________________________________________
shareablelstm_15 (ShareableLSTM) (None, 20)            3280        merge_8[0][0]                    
                                                                   merge_22[0][0]                   
                                                                   merge_36[0][0]                   
                                                                   merge_50[0][0]                   
____________________________________________________________________________________________________
shareablelstm_17 (ShareableLSTM) (None, 20)            3280        merge_9[0][0]                    
                                                                   merge_23[0][0]                   
                                                                   merge_37[0][0]                   
                                                                   merge_51[0][0]                   
____________________________________________________________________________________________________
shareablelstm_19 (ShareableLSTM) (None, 20)            3280        merge_10[0][0]                   
                                                                   merge_24[0][0]                   
                                                                   merge_38[0][0]                   
                                                                   merge_52[0][0]                   
____________________________________________________________________________________________________
shareablelstm_21 (ShareableLSTM) (None, 20)            3280        merge_11[0][0]                   
                                                                   merge_25[0][0]                   
                                                                   merge_39[0][0]                   
                                                                   merge_53[0][0]                   
____________________________________________________________________________________________________
shareablelstm_23 (ShareableLSTM) (None, 20)            3280        merge_12[0][0]                   
                                                                   merge_26[0][0]                   
                                                                   merge_40[0][0]                   
                                                                   merge_54[0][0]                   
____________________________________________________________________________________________________
shareablelstm_25 (ShareableLSTM) (None, 20)            3280        merge_13[0][0]                   
                                                                   merge_27[0][0]                   
                                                                   merge_41[0][0]                   
                                                                   merge_55[0][0]                   
____________________________________________________________________________________________________
merge_14 (Merge)                 (None, 240)           0           shareablelstm_3[0][0]            
                                                                   shareablelstm_5[0][0]            
                                                                   shareablelstm_7[0][0]            
                                                                   shareablelstm_9[0][0]            
                                                                   shareablelstm_11[0][0]           
                                                                   shareablelstm_13[0][0]           
                                                                   shareablelstm_15[0][0]           
                                                                   shareablelstm_17[0][0]           
                                                                   shareablelstm_19[0][0]           
                                                                   shareablelstm_21[0][0]           
                                                                   shareablelstm_23[0][0]           
                                                                   shareablelstm_25[0][0]           
____________________________________________________________________________________________________
merge_28 (Merge)                 (None, 240)           0           shareablelstm_3[1][0]            
                                                                   shareablelstm_5[1][0]            
                                                                   shareablelstm_7[1][0]            
                                                                   shareablelstm_9[1][0]            
                                                                   shareablelstm_11[1][0]           
                                                                   shareablelstm_13[1][0]           
                                                                   shareablelstm_15[1][0]           
                                                                   shareablelstm_17[1][0]           
                                                                   shareablelstm_19[1][0]           
                                                                   shareablelstm_21[1][0]           
                                                                   shareablelstm_23[1][0]           
                                                                   shareablelstm_25[1][0]           
____________________________________________________________________________________________________
merge_42 (Merge)                 (None, 240)           0           shareablelstm_3[2][0]            
                                                                   shareablelstm_5[2][0]            
                                                                   shareablelstm_7[2][0]            
                                                                   shareablelstm_9[2][0]            
                                                                   shareablelstm_11[2][0]           
                                                                   shareablelstm_13[2][0]           
                                                                   shareablelstm_15[2][0]           
                                                                   shareablelstm_17[2][0]           
                                                                   shareablelstm_19[2][0]           
                                                                   shareablelstm_21[2][0]           
                                                                   shareablelstm_23[2][0]           
                                                                   shareablelstm_25[2][0]           
____________________________________________________________________________________________________
merge_56 (Merge)                 (None, 240)           0           shareablelstm_3[3][0]            
                                                                   shareablelstm_5[3][0]            
                                                                   shareablelstm_7[3][0]            
                                                                   shareablelstm_9[3][0]            
                                                                   shareablelstm_11[3][0]           
                                                                   shareablelstm_13[3][0]           
                                                                   shareablelstm_15[3][0]           
                                                                   shareablelstm_17[3][0]           
                                                                   shareablelstm_19[3][0]           
                                                                   shareablelstm_21[3][0]           
                                                                   shareablelstm_23[3][0]           
                                                                   shareablelstm_25[3][0]           
____________________________________________________________________________________________________
dropout_1 (Dropout)              (None, 240)           0           merge_14[0][0]                   
____________________________________________________________________________________________________
dropout_2 (Dropout)              (None, 240)           0           merge_28[0][0]                   
____________________________________________________________________________________________________
dropout_3 (Dropout)              (None, 240)           0           merge_42[0][0]                   
____________________________________________________________________________________________________
dropout_4 (Dropout)              (None, 240)           0           merge_56[0][0]                   
____________________________________________________________________________________________________
merge_57 (Merge)                 (None, 960)           0           dropout_1[0][0]                  
                                                                   dropout_2[0][0]                  
                                                                   dropout_3[0][0]                  
                                                                   dropout_4[0][0]                  
____________________________________________________________________________________________________
dense_1 (Dense)                  (None, 80)            76880       merge_57[0][0]                   
____________________________________________________________________________________________________
srelu_1 (SReLU)                  (None, 80)            320         dense_1[0][0]                    
____________________________________________________________________________________________________
dropout_5 (Dropout)              (None, 80)            0           srelu_1[0][0]                    
____________________________________________________________________________________________________
dense_2 (Dense)                  (None, 12)            972         dropout_5[0][0]                  
____________________________________________________________________________________________________
target (Activation)              (None, 12)            0           dense_2[0][0]                    
====================================================================================================
Total params: 177,880
Trainable params: 177,880
Non-trainable params: 0
____________________________________________________________________________________________________
[2019-04-11 11:20] initialize weights
[2019-04-11 11:20] training preparation
[2019-04-11 11:20] train model (ex/conll16st-v35-zhch-fd-12-rn-12-0)
Epoch 1/1000
4032/4096 [============================>.] - ETA: 14s - loss: 1.5974
- val_loss: 2.0388
- val_all_f1:  0.5770 0.5770 0.5770
- val_exp_f1:  0.4156 0.4156 0.4156
- val_non_f1:  0.6176 0.6176 0.6176

4096/4096 [==============================] - 939s - loss: 1.5944 - val_loss: 2.0388
Epoch 2/1000
4032/4096 [============================>.] - ETA: 16s - loss: 1.3948
- val_loss: 1.8581
- val_all_f1:  0.5770 0.5770 0.5770
- val_exp_f1:  0.4156 0.4156 0.4156
- val_non_f1:  0.6176 0.6176 0.6176

4096/4096 [==============================] - 1061s - loss: 1.3933 - val_loss: 1.8581
Epoch 3/1000
4032/4096 [============================>.] - ETA: 14s - loss: 1.1576
- val_loss: 1.5027
- val_all_f1:  0.5770 0.5770 0.5770
- val_exp_f1:  0.4156 0.4156 0.4156
- val_non_f1:  0.6176 0.6176 0.6176

4096/4096 [==============================] - 982s - loss: 1.1525 - val_loss: 1.5027
Epoch 4/1000
4032/4096 [============================>.] - ETA: 13s - loss: 1.0308
- val_loss: 1.2955
- val_all_f1:  0.5770 0.5770 0.5770
- val_exp_f1:  0.4156 0.4156 0.4156
- val_non_f1:  0.6176 0.6176 0.6176

4096/4096 [==============================] - 879s - loss: 1.0293 - val_loss: 1.2955
Epoch 5/1000
4032/4096 [============================>.] - ETA: 12s - loss: 0.9511
- val_loss: 1.3574
- val_all_f1:  0.5770 0.5770 0.5770
- val_exp_f1:  0.4156 0.4156 0.4156
- val_non_f1:  0.6176 0.6176 0.6176

4096/4096 [==============================] - 857s - loss: 0.9468 - val_loss: 1.3574
Epoch 6/1000
4032/4096 [============================>.] - ETA: 12s - loss: 1.0569
- val_loss: 1.2415
- val_all_f1:  0.5770 0.5770 0.5770
- val_exp_f1:  0.4156 0.4156 0.4156
- val_non_f1:  0.6176 0.6176 0.6176

4096/4096 [==============================] - 860s - loss: 1.0561 - val_loss: 1.2415
Epoch 7/1000
4032/4096 [============================>.] - ETA: 12s - loss: 1.0320
- val_loss: 1.2287
- val_all_f1:  0.5770 0.5770 0.5770
- val_exp_f1:  0.4156 0.4156 0.4156
- val_non_f1:  0.6176 0.6176 0.6176

4096/4096 [==============================] - 843s - loss: 1.0311 - val_loss: 1.2287
Epoch 8/1000
4032/4096 [============================>.] - ETA: 12s - loss: 0.8721
- val_loss: 1.1372
- val_all_f1:  0.6005 0.6005 0.6005
- val_exp_f1:  0.5325 0.5325 0.5325
- val_non_f1:  0.6176 0.6176 0.6176

4096/4096 [==============================] - 805s - loss: 0.8669 - val_loss: 1.1372
Epoch 9/1000
4032/4096 [============================>.] - ETA: 11s - loss: 0.8058
- val_loss: 1.1467
- val_all_f1:  0.6005 0.6005 0.6005
- val_exp_f1:  0.5325 0.5325 0.5325
- val_non_f1:  0.6217 0.6176 0.6197

4096/4096 [==============================] - 774s - loss: 0.8013 - val_loss: 1.1467
Epoch 10/1000
4032/4096 [============================>.] - ETA: 11s - loss: 0.7590
- val_loss: 1.1596
- val_all_f1:  0.6031 0.6031 0.6031
- val_exp_f1:  0.5455 0.5455 0.5455
- val_non_f1:  0.6217 0.6176 0.6197

4096/4096 [==============================] - 772s - loss: 0.7550 - val_loss: 1.1596
Epoch 11/1000
4032/4096 [============================>.] - ETA: 11s - loss: 0.7037
- val_loss: 1.1858
- val_all_f1:  0.5953 0.5953 0.5953
- val_exp_f1:  0.5065 0.5065 0.5065
- val_non_f1:  0.6238 0.6176 0.6207

4096/4096 [==============================] - 793s - loss: 0.7047 - val_loss: 1.1858
Epoch 12/1000
4032/4096 [============================>.] - ETA: 11s - loss: 0.6802
- val_loss: 1.1336
- val_all_f1:  0.6084 0.6084 0.6084
- val_exp_f1:  0.5714 0.5714 0.5714
- val_non_f1:  0.6217 0.6176 0.6197

4096/4096 [==============================] - 778s - loss: 0.6793 - val_loss: 1.1336
Epoch 13/1000
4032/4096 [============================>.] - ETA: 12s - loss: 0.7570
- val_loss: 1.0676
- val_all_f1:  0.6188 0.6188 0.6188
- val_exp_f1:  0.5584 0.5584 0.5584
- val_non_f1:  0.6382 0.6340 0.6361

4096/4096 [==============================] - 835s - loss: 0.7543 - val_loss: 1.0676
Epoch 14/1000
4032/4096 [============================>.] - ETA: 12s - loss: 0.7436
- val_loss: 1.0801
- val_all_f1:  0.6240 0.6240 0.6240
- val_exp_f1:  0.6234 0.6234 0.6234
- val_non_f1:  0.6304 0.6242 0.6273

4096/4096 [==============================] - 853s - loss: 0.7466 - val_loss: 1.0801
Epoch 15/1000
4032/4096 [============================>.] - ETA: 12s - loss: 0.6737
- val_loss: 1.0309
- val_all_f1:  0.6371 0.6371 0.6371
- val_exp_f1:  0.5844 0.5844 0.5844
- val_non_f1:  0.6546 0.6503 0.6525

4096/4096 [==============================] - 816s - loss: 0.6718 - val_loss: 1.0309
Epoch 16/1000
4032/4096 [============================>.] - ETA: 11s - loss: 0.7163
- val_loss: 1.0363
- val_all_f1:  0.6423 0.6423 0.6423
- val_exp_f1:  0.5974 0.5974 0.5974
- val_non_f1:  0.6579 0.6536 0.6557

4096/4096 [==============================] - 784s - loss: 0.7171 - val_loss: 1.0363
Epoch 17/1000
4032/4096 [============================>.] - ETA: 11s - loss: 0.6677
- val_loss: 1.0228
- val_all_f1:  0.6475 0.6475 0.6475
- val_exp_f1:  0.5714 0.5714 0.5714
- val_non_f1:  0.6711 0.6667 0.6689

4096/4096 [==============================] - 752s - loss: 0.6743 - val_loss: 1.0228
Epoch 18/1000
4032/4096 [============================>.] - ETA: 11s - loss: 0.6737
- val_loss: 1.0095
- val_all_f1:  0.6319 0.6319 0.6319
- val_exp_f1:  0.6883 0.6883 0.6883
- val_non_f1:  0.6197 0.6176 0.6187

4096/4096 [==============================] - 763s - loss: 0.6798 - val_loss: 1.0095
Epoch 19/1000
4032/4096 [============================>.] - ETA: 11s - loss: 0.6376
- val_loss: 1.0631
- val_all_f1:  0.6266 0.6266 0.6266
- val_exp_f1:  0.6104 0.6104 0.6104
- val_non_f1:  0.6349 0.6307 0.6328

4096/4096 [==============================] - 783s - loss: 0.6318 - val_loss: 1.0631
Epoch 20/1000
4032/4096 [============================>.] - ETA: 10s - loss: 0.6750
- val_loss: 1.0062
- val_all_f1:  0.6371 0.6371 0.6371
- val_exp_f1:  0.5714 0.5714 0.5714
- val_non_f1:  0.6601 0.6536 0.6568

4096/4096 [==============================] - 736s - loss: 0.6748 - val_loss: 1.0062
Epoch 21/1000
4032/4096 [============================>.] - ETA: 11s - loss: 0.6296
- val_loss: 1.0037
- val_all_f1:  0.6397 0.6397 0.6397
- val_exp_f1:  0.5844 0.5844 0.5844
- val_non_f1:  0.6579 0.6536 0.6557

4096/4096 [==============================] - 739s - loss: 0.6278 - val_loss: 1.0037
Epoch 22/1000
4032/4096 [============================>.] - ETA: 11s - loss: 0.6130
- val_loss: 1.0087
- val_all_f1:  0.6397 0.6397 0.6397
- val_exp_f1:  0.6623 0.6623 0.6623
- val_non_f1:  0.6403 0.6340 0.6371

4096/4096 [==============================] - 762s - loss: 0.6118 - val_loss: 1.0087
Epoch 23/1000
4032/4096 [============================>.] - ETA: 11s - loss: 0.6283
- val_loss: 1.0163
- val_all_f1:  0.6658 0.6658 0.6658
- val_exp_f1:  0.6883 0.6883 0.6883
- val_non_f1:  0.6645 0.6601 0.6623

4096/4096 [==============================] - 790s - loss: 0.6261 - val_loss: 1.0163
Epoch 24/1000
4032/4096 [============================>.] - ETA: 11s - loss: 0.6052
- val_loss: 0.9964
- val_all_f1:  0.6527 0.6527 0.6527
- val_exp_f1:  0.6623 0.6623 0.6623
- val_non_f1:  0.6525 0.6503 0.6514

4096/4096 [==============================] - 797s - loss: 0.6068 - val_loss: 0.9964
Epoch 25/1000
4032/4096 [============================>.] - ETA: 11s - loss: 0.5951
- val_loss: 0.9674
- val_all_f1:  0.6632 0.6632 0.6632
- val_exp_f1:  0.7013 0.7013 0.7013
- val_non_f1:  0.6579 0.6536 0.6557

4096/4096 [==============================] - 787s - loss: 0.5963 - val_loss: 0.9674
Epoch 26/1000
4032/4096 [============================>.] - ETA: 11s - loss: 0.6086
- val_loss: 0.9936
- val_all_f1:  0.6632 0.6632 0.6632
- val_exp_f1:  0.7273 0.7273 0.7273
- val_non_f1:  0.6513 0.6471 0.6492

4096/4096 [==============================] - 779s - loss: 0.6072 - val_loss: 0.9936
Epoch 27/1000
4032/4096 [============================>.] - ETA: 11s - loss: 0.6058
- val_loss: 0.9904
- val_all_f1:  0.6527 0.6527 0.6527
- val_exp_f1:  0.7013 0.7013 0.7013
- val_non_f1:  0.6447 0.6405 0.6426

4096/4096 [==============================] - 780s - loss: 0.6072 - val_loss: 0.9904
Epoch 28/1000
4032/4096 [============================>.] - ETA: 11s - loss: 0.5810
- val_loss: 0.9443
- val_all_f1:  0.6736 0.6736 0.6736
- val_exp_f1:  0.7403 0.7403 0.7403
- val_non_f1:  0.6612 0.6569 0.6590

4096/4096 [==============================] - 756s - loss: 0.5827 - val_loss: 0.9443
Epoch 29/1000
4032/4096 [============================>.] - ETA: 11s - loss: 0.5711
- val_loss: 0.9471
- val_all_f1:  0.6684 0.6684 0.6684
- val_exp_f1:  0.7662 0.7662 0.7662
- val_non_f1:  0.6502 0.6438 0.6470

4096/4096 [==============================] - 755s - loss: 0.5738 - val_loss: 0.9471
Epoch 30/1000
4032/4096 [============================>.] - ETA: 11s - loss: 0.5978
- val_loss: 0.9929
- val_all_f1:  0.6292 0.6292 0.6292
- val_exp_f1:  0.6623 0.6623 0.6623
- val_non_f1:  0.6271 0.6209 0.6240

4096/4096 [==============================] - 739s - loss: 0.5970 - val_loss: 0.9929
Epoch 31/1000
4032/4096 [============================>.] - ETA: 11s - loss: 0.5703
- val_loss: 0.9425
- val_all_f1:  0.6684 0.6684 0.6684
- val_exp_f1:  0.7532 0.7532 0.7532
- val_non_f1:  0.6513 0.6471 0.6492

4096/4096 [==============================] - 738s - loss: 0.5758 - val_loss: 0.9425
Epoch 32/1000
4032/4096 [============================>.] - ETA: 10s - loss: 0.5683
- val_loss: 0.9287
- val_all_f1:  0.6945 0.6945 0.6945
- val_exp_f1:  0.8312 0.8312 0.8312
- val_non_f1:  0.6667 0.6601 0.6634

4096/4096 [==============================] - 734s - loss: 0.5674 - val_loss: 0.9287
Epoch 33/1000
4032/4096 [============================>.] - ETA: 10s - loss: 0.5414
- val_loss: 0.9502
- val_all_f1:  0.6684 0.6684 0.6684
- val_exp_f1:  0.7143 0.7143 0.7143
- val_non_f1:  0.6634 0.6569 0.6601

4096/4096 [==============================] - 734s - loss: 0.5461 - val_loss: 0.9502
Epoch 34/1000
4032/4096 [============================>.] - ETA: 10s - loss: 0.6165
- val_loss: 0.9570
- val_all_f1:  0.6815 0.6815 0.6815
- val_exp_f1:  0.7532 0.7532 0.7532
- val_non_f1:  0.6656 0.6634 0.6645

4096/4096 [==============================] - 721s - loss: 0.6144 - val_loss: 0.9570
Epoch 35/1000
4032/4096 [============================>.] - ETA: 10s - loss: 0.5525
- val_loss: 0.9302
- val_all_f1:  0.6841 0.6841 0.6841
- val_exp_f1:  0.8052 0.8052 0.8052
- val_non_f1:  0.6579 0.6536 0.6557

4096/4096 [==============================] - 713s - loss: 0.5482 - val_loss: 0.9302
Epoch 36/1000
4032/4096 [============================>.] - ETA: 10s - loss: 0.5895
- val_loss: 0.9210
- val_all_f1:  0.6736 0.6736 0.6736
- val_exp_f1:  0.7922 0.7922 0.7922
- val_non_f1:  0.6480 0.6438 0.6459

4096/4096 [==============================] - 710s - loss: 0.5903 - val_loss: 0.9210
Epoch 37/1000
4032/4096 [============================>.] - ETA: 10s - loss: 0.5571
- val_loss: 0.8917
- val_all_f1:  0.6815 0.6815 0.6815
- val_exp_f1:  0.8571 0.8571 0.8571
- val_non_f1:  0.6414 0.6373 0.6393

4096/4096 [==============================] - 708s - loss: 0.5573 - val_loss: 0.8917
Epoch 38/1000
4032/4096 [============================>.] - ETA: 10s - loss: 0.5296
- val_loss: 0.9080
- val_all_f1:  0.6841 0.6841 0.6841
- val_exp_f1:  0.8571 0.8571 0.8571
- val_non_f1:  0.6447 0.6405 0.6426

4096/4096 [==============================] - 710s - loss: 0.5346 - val_loss: 0.9080
Epoch 39/1000
4032/4096 [============================>.] - ETA: 10s - loss: 0.5505
- val_loss: 0.9195
- val_all_f1:  0.6580 0.6580 0.6580
- val_exp_f1:  0.7792 0.7792 0.7792
- val_non_f1:  0.6316 0.6275 0.6295

4096/4096 [==============================] - 732s - loss: 0.5507 - val_loss: 0.9195
Epoch 40/1000
4032/4096 [============================>.] - ETA: 10s - loss: 0.5477
- val_loss: 0.9334
- val_all_f1:  0.6501 0.6501 0.6501
- val_exp_f1:  0.7013 0.7013 0.7013
- val_non_f1:  0.6414 0.6373 0.6393

4096/4096 [==============================] - 728s - loss: 0.5452 - val_loss: 0.9334
Epoch 41/1000
4032/4096 [============================>.] - ETA: 10s - loss: 0.5593
- val_loss: 0.9234
- val_all_f1:  0.6475 0.6475 0.6475
- val_exp_f1:  0.7403 0.7403 0.7403
- val_non_f1:  0.6283 0.6242 0.6262

4096/4096 [==============================] - 717s - loss: 0.5644 - val_loss: 0.9234
Epoch 42/1000
4032/4096 [============================>.] - ETA: 10s - loss: 0.5500
- val_loss: 0.9228
- val_all_f1:  0.6501 0.6501 0.6501
- val_exp_f1:  0.8052 0.8052 0.8052
- val_non_f1:  0.6151 0.6111 0.6131

4096/4096 [==============================] - 719s - loss: 0.5459 - val_loss: 0.9228
Epoch 43/1000
4032/4096 [============================>.] - ETA: 10s - loss: 0.5630
- val_loss: 0.9134
- val_all_f1:  0.6580 0.6580 0.6580
- val_exp_f1:  0.7532 0.7532 0.7532
- val_non_f1:  0.6403 0.6340 0.6371

4096/4096 [==============================] - 724s - loss: 0.5581 - val_loss: 0.9134
Epoch 44/1000
4032/4096 [============================>.] - ETA: 10s - loss: 0.5908
- val_loss: 1.0148
- val_all_f1:  0.6658 0.6658 0.6658
- val_exp_f1:  0.8312 0.8312 0.8312
- val_non_f1:  0.6262 0.6242 0.6252

4096/4096 [==============================] - 734s - loss: 0.5921 - val_loss: 1.0148
Epoch 45/1000
4032/4096 [============================>.] - ETA: 11s - loss: 0.5712
- val_loss: 0.9438
- val_all_f1:  0.6710 0.6710 0.6710
- val_exp_f1:  0.8571 0.8571 0.8571
- val_non_f1:  0.6262 0.6242 0.6252

4096/4096 [==============================] - 756s - loss: 0.5690 - val_loss: 0.9438
Epoch 46/1000
4032/4096 [============================>.] - ETA: 10s - loss: 0.5329
- val_loss: 0.9698
- val_all_f1:  0.6527 0.6527 0.6527
- val_exp_f1:  0.7792 0.7792 0.7792
- val_non_f1:  0.6230 0.6209 0.6219

4096/4096 [==============================] - 732s - loss: 0.5295 - val_loss: 0.9698
Epoch 47/1000
4032/4096 [============================>.] - ETA: 10s - loss: 0.5725
- val_loss: 0.9398
- val_all_f1:  0.6632 0.6632 0.6632
- val_exp_f1:  0.8052 0.8052 0.8052
- val_non_f1:  0.6295 0.6275 0.6285

4096/4096 [==============================] - 732s - loss: 0.5705 - val_loss: 0.9398
Epoch 48/1000
4032/4096 [============================>.] - ETA: 10s - loss: 0.5648
- val_loss: 0.9090
- val_all_f1:  0.6684 0.6684 0.6684
- val_exp_f1:  0.8442 0.8442 0.8442
- val_non_f1:  0.6304 0.6242 0.6273

4096/4096 [==============================] - 729s - loss: 0.5649 - val_loss: 0.9090
Epoch 49/1000
4032/4096 [============================>.] - ETA: 10s - loss: 0.5637
- val_loss: 0.9124
- val_all_f1:  0.6736 0.6736 0.6736
- val_exp_f1:  0.8442 0.8442 0.8442
- val_non_f1:  0.6370 0.6307 0.6338

4096/4096 [==============================] - 734s - loss: 0.5605 - val_loss: 0.9124
Epoch 50/1000
4032/4096 [============================>.] - ETA: 10s - loss: 0.5279
- val_loss: 0.8888
- val_all_f1:  0.6789 0.6789 0.6789
- val_exp_f1:  0.8312 0.8312 0.8312
- val_non_f1:  0.6469 0.6405 0.6437

4096/4096 [==============================] - 725s - loss: 0.5307 - val_loss: 0.8888
Epoch 51/1000
4032/4096 [============================>.] - ETA: 10s - loss: 0.5309
- val_loss: 0.9009
- val_all_f1:  0.6710 0.6710 0.6710
- val_exp_f1:  0.8312 0.8312 0.8312
- val_non_f1:  0.6349 0.6307 0.6328

4096/4096 [==============================] - 709s - loss: 0.5286 - val_loss: 0.9009
Epoch 52/1000
4032/4096 [============================>.] - ETA: 10s - loss: 0.5733
- val_loss: 0.9364
- val_all_f1:  0.6475 0.6475 0.6475
- val_exp_f1:  0.7273 0.7273 0.7273
- val_non_f1:  0.6316 0.6275 0.6295

4096/4096 [==============================] - 704s - loss: 0.5727 - val_loss: 0.9364
Epoch 53/1000
4032/4096 [============================>.] - ETA: 10s - loss: 0.5439
- val_loss: 0.9033
- val_all_f1:  0.6580 0.6580 0.6580
- val_exp_f1:  0.7662 0.7662 0.7662
- val_non_f1:  0.6349 0.6307 0.6328

4096/4096 [==============================] - 697s - loss: 0.5391 - val_loss: 0.9033
Epoch 54/1000
4032/4096 [============================>.] - ETA: 10s - loss: 0.7126
- val_loss: 0.9547
- val_all_f1:  0.6684 0.6684 0.6684
- val_exp_f1:  0.6883 0.6883 0.6883
- val_non_f1:  0.6634 0.6634 0.6634

4096/4096 [==============================] - 711s - loss: 0.7085 - val_loss: 0.9547
Epoch 55/1000
4032/4096 [============================>.] - ETA: 11s - loss: 0.6293
- val_loss: 0.9094
- val_all_f1:  0.6710 0.6710 0.6710
- val_exp_f1:  0.6883 0.6883 0.6883
- val_non_f1:  0.6689 0.6667 0.6678

4096/4096 [==============================] - 784s - loss: 0.6237 - val_loss: 0.9094
Epoch 56/1000
4032/4096 [============================>.] - ETA: 12s - loss: 0.6302
- val_loss: 0.9603
- val_all_f1:  0.6684 0.6684 0.6684
- val_exp_f1:  0.7662 0.7662 0.7662
- val_non_f1:  0.6459 0.6438 0.6448

4096/4096 [==============================] - 806s - loss: 0.6262 - val_loss: 0.9603
Epoch 57/1000
4032/4096 [============================>.] - ETA: 11s - loss: 0.5969
- val_loss: 0.9248
- val_all_f1:  0.6684 0.6684 0.6684
- val_exp_f1:  0.7922 0.7922 0.7922
- val_non_f1:  0.6393 0.6373 0.6383

4096/4096 [==============================] - 801s - loss: 0.6000 - val_loss: 0.9248
Epoch 58/1000
4032/4096 [============================>.] - ETA: 11s - loss: 0.5149
- val_loss: 0.9006
- val_all_f1:  0.6815 0.6815 0.6815
- val_exp_f1:  0.8052 0.8052 0.8052
- val_non_f1:  0.6503 0.6503 0.6503

4096/4096 [==============================] - 763s - loss: 0.5115 - val_loss: 0.9006
Epoch 59/1000
4032/4096 [============================>.] - ETA: 11s - loss: 0.5506
- val_loss: 0.8886
- val_all_f1:  0.6527 0.6527 0.6527
- val_exp_f1:  0.8182 0.8182 0.8182
- val_non_f1:  0.6131 0.6111 0.6121

4096/4096 [==============================] - 752s - loss: 0.5556 - val_loss: 0.8886
Epoch 60/1000
4032/4096 [============================>.] - ETA: 11s - loss: 0.5714
- val_loss: 0.9211
- val_all_f1:  0.6710 0.6710 0.6710
- val_exp_f1:  0.7403 0.7403 0.7403
- val_non_f1:  0.6557 0.6536 0.6547

4096/4096 [==============================] - 787s - loss: 0.5716 - val_loss: 0.9211
Epoch 61/1000
4032/4096 [============================>.] - ETA: 11s - loss: 0.6039
- val_loss: 0.9266
- val_all_f1:  0.6684 0.6684 0.6684
- val_exp_f1:  0.7922 0.7922 0.7922
- val_non_f1:  0.6393 0.6373 0.6383

4096/4096 [==============================] - 789s - loss: 0.6024 - val_loss: 0.9266
Epoch 62/1000
4032/4096 [============================>.] - ETA: 11s - loss: 0.5296
- val_loss: 0.9138
- val_all_f1:  0.6606 0.6606 0.6606
- val_exp_f1:  0.7922 0.7922 0.7922
- val_non_f1:  0.6295 0.6275 0.6285

4096/4096 [==============================] - 790s - loss: 0.5340 - val_loss: 0.9138
Epoch 63/1000
4032/4096 [============================>.] - ETA: 11s - loss: 0.5749
- val_loss: 0.8962
- val_all_f1:  0.6762 0.6762 0.6762
- val_exp_f1:  0.8182 0.8182 0.8182
- val_non_f1:  0.6447 0.6405 0.6426

4096/4096 [==============================] - 772s - loss: 0.5751 - val_loss: 0.8962
Epoch 64/1000
4032/4096 [============================>.] - ETA: 11s - loss: 0.4999
- val_loss: 0.9343
- val_all_f1:  0.6501 0.6501 0.6501
- val_exp_f1:  0.7532 0.7532 0.7532
- val_non_f1:  0.6283 0.6242 0.6262

4096/4096 [==============================] - 761s - loss: 0.5012 - val_loss: 0.9343
Epoch 65/1000
4032/4096 [============================>.] - ETA: 11s - loss: 0.5602
- val_loss: 0.9258
- val_all_f1:  0.6762 0.6762 0.6762
- val_exp_f1:  0.8571 0.8571 0.8571
- val_non_f1:  0.6370 0.6307 0.6338

4096/4096 [==============================] - 766s - loss: 0.5627 - val_loss: 0.9258
Epoch 66/1000
4032/4096 [============================>.] - ETA: 11s - loss: 0.5704
- val_loss: 0.9170
- val_all_f1:  0.6580 0.6580 0.6580
- val_exp_f1:  0.7532 0.7532 0.7532
- val_non_f1:  0.6361 0.6340 0.6350

4096/4096 [==============================] - 767s - loss: 0.5687 - val_loss: 0.9170
Epoch 67/1000
4032/4096 [============================>.] - ETA: 11s - loss: 0.5616
- val_loss: 0.8818
- val_all_f1:  0.6815 0.6815 0.6815
- val_exp_f1:  0.8442 0.8442 0.8442
- val_non_f1:  0.6469 0.6405 0.6437

4096/4096 [==============================] - 776s - loss: 0.5641 - val_loss: 0.8818
Epoch 68/1000
4032/4096 [============================>.] - ETA: 11s - loss: 0.5478
- val_loss: 0.8819
- val_all_f1:  0.6606 0.6606 0.6606
- val_exp_f1:  0.7792 0.7792 0.7792
- val_non_f1:  0.6370 0.6307 0.6338

4096/4096 [==============================] - 775s - loss: 0.5465 - val_loss: 0.8819
Epoch 69/1000
4032/4096 [============================>.] - ETA: 11s - loss: 0.5160
- val_loss: 0.8857
- val_all_f1:  0.6684 0.6684 0.6684
- val_exp_f1:  0.8182 0.8182 0.8182
- val_non_f1:  0.6349 0.6307 0.6328

4096/4096 [==============================] - 767s - loss: 0.5148 - val_loss: 0.8857
Epoch 70/1000
4032/4096 [============================>.] - ETA: 11s - loss: 0.5318
- val_loss: 0.9228
- val_all_f1:  0.6789 0.6789 0.6789
- val_exp_f1:  0.8442 0.8442 0.8442
- val_non_f1:  0.6414 0.6373 0.6393

4096/4096 [==============================] - 765s - loss: 0.5291 - val_loss: 0.9228
Epoch 71/1000
4032/4096 [============================>.] - ETA: 11s - loss: 0.5667
- val_loss: 0.9298
- val_all_f1:  0.6841 0.6841 0.6841
- val_exp_f1:  0.8701 0.8701 0.8701
- val_non_f1:  0.6393 0.6373 0.6383

4096/4096 [==============================] - 793s - loss: 0.5639 - val_loss: 0.9298
Epoch 72/1000
4032/4096 [============================>.] - ETA: 12s - loss: 0.5484
- val_loss: 0.8825
- val_all_f1:  0.6815 0.6815 0.6815
- val_exp_f1:  0.8312 0.8312 0.8312
- val_non_f1:  0.6459 0.6438 0.6448

4096/4096 [==============================] - 819s - loss: 0.5465 - val_loss: 0.8825
Epoch 73/1000
4032/4096 [============================>.] - ETA: 11s - loss: 0.4894
- val_loss: 0.8648
- val_all_f1:  0.6919 0.6919 0.6919
- val_exp_f1:  0.8701 0.8701 0.8701
- val_non_f1:  0.6513 0.6471 0.6492

4096/4096 [==============================] - 784s - loss: 0.4899 - val_loss: 0.8648
Epoch 74/1000
4032/4096 [============================>.] - ETA: 11s - loss: 0.5022
- val_loss: 0.8765
- val_all_f1:  0.6762 0.6762 0.6762
- val_exp_f1:  0.8312 0.8312 0.8312
- val_non_f1:  0.6457 0.6373 0.6414

4096/4096 [==============================] - 789s - loss: 0.5007 - val_loss: 0.8765
Epoch 75/1000
4032/4096 [============================>.] - ETA: 12s - loss: 0.5547
- val_loss: 0.9010
- val_all_f1:  0.6580 0.6580 0.6580
- val_exp_f1:  0.7662 0.7662 0.7662
- val_non_f1:  0.6328 0.6307 0.6318

4096/4096 [==============================] - 808s - loss: 0.5585 - val_loss: 0.9010
Epoch 76/1000
4032/4096 [============================>.] - ETA: 12s - loss: 0.5277
- val_loss: 0.8920
- val_all_f1:  0.6632 0.6632 0.6632
- val_exp_f1:  0.8052 0.8052 0.8052
- val_non_f1:  0.6316 0.6275 0.6295

4096/4096 [==============================] - 806s - loss: 0.5320 - val_loss: 0.8920
Epoch 77/1000
4032/4096 [============================>.] - ETA: 11s - loss: 0.5469
- val_loss: 0.8971
- val_all_f1:  0.6815 0.6815 0.6815
- val_exp_f1:  0.8571 0.8571 0.8571
- val_non_f1:  0.6393 0.6373 0.6383

4096/4096 [==============================] - 801s - loss: 0.5501 - val_loss: 0.8971
Epoch 78/1000
4032/4096 [============================>.] - ETA: 12s - loss: 0.5419
- val_loss: 0.9079
- val_all_f1:  0.6710 0.6710 0.6710
- val_exp_f1:  0.8442 0.8442 0.8442
- val_non_f1:  0.6358 0.6275 0.6316

4096/4096 [==============================] - 820s - loss: 0.5393 - val_loss: 0.9079
Epoch 79/1000
4032/4096 [============================>.] - ETA: 11s - loss: 0.5349
- val_loss: 0.8957
- val_all_f1:  0.6815 0.6815 0.6815
- val_exp_f1:  0.8701 0.8701 0.8701
- val_non_f1:  0.6403 0.6340 0.6371

4096/4096 [==============================] - 792s - loss: 0.5364 - val_loss: 0.8957
Epoch 80/1000
4032/4096 [============================>.] - ETA: 11s - loss: 0.5362
- val_loss: 0.9198
- val_all_f1:  0.6893 0.6893 0.6893
- val_exp_f1:  0.8961 0.8961 0.8961
- val_non_f1:  0.6414 0.6373 0.6393

4096/4096 [==============================] - 790s - loss: 0.5394 - val_loss: 0.9198
Epoch 81/1000
4032/4096 [============================>.] - ETA: 11s - loss: 0.5431
- val_loss: 0.8923
- val_all_f1:  0.6736 0.6736 0.6736
- val_exp_f1:  0.8312 0.8312 0.8312
- val_non_f1:  0.6382 0.6340 0.6361

4096/4096 [==============================] - 766s - loss: 0.5406 - val_loss: 0.8923
Epoch 82/1000
4032/4096 [============================>.] - ETA: 11s - loss: 0.5910
- val_loss: 0.9338
- val_all_f1:  0.6762 0.6762 0.6762
- val_exp_f1:  0.8312 0.8312 0.8312
- val_non_f1:  0.6414 0.6373 0.6393

4096/4096 [==============================] - 762s - loss: 0.5898 - val_loss: 0.9338
Epoch 83/1000
4032/4096 [============================>.] - ETA: 11s - loss: 0.5018
- val_loss: 0.9333
- val_all_f1:  0.6606 0.6606 0.6606
- val_exp_f1:  0.7922 0.7922 0.7922
- val_non_f1:  0.6358 0.6275 0.6316

4096/4096 [==============================] - 764s - loss: 0.5023 - val_loss: 0.9333
Epoch 84/1000
4032/4096 [============================>.] - ETA: 11s - loss: 0.5414
- val_loss: 0.9041
- val_all_f1:  0.6789 0.6789 0.6789
- val_exp_f1:  0.8571 0.8571 0.8571
- val_non_f1:  0.6403 0.6340 0.6371

4096/4096 [==============================] - 768s - loss: 0.5411 - val_loss: 0.9041
Epoch 85/1000
4032/4096 [============================>.] - ETA: 11s - loss: 0.5243
- val_loss: 0.8933
- val_all_f1:  0.6736 0.6736 0.6736
- val_exp_f1:  0.8442 0.8442 0.8442
- val_non_f1:  0.6349 0.6307 0.6328

4096/4096 [==============================] - 783s - loss: 0.5207 - val_loss: 0.8933
Epoch 86/1000
4032/4096 [============================>.] - ETA: 11s - loss: 0.5393
- val_loss: 0.8927
- val_all_f1:  0.6710 0.6710 0.6710
- val_exp_f1:  0.7922 0.7922 0.7922
- val_non_f1:  0.6469 0.6405 0.6437

4096/4096 [==============================] - 771s - loss: 0.5429 - val_loss: 0.8927
Epoch 87/1000
4032/4096 [============================>.] - ETA: 10s - loss: 0.5224
- val_loss: 0.9039
- val_all_f1:  0.6710 0.6710 0.6710
- val_exp_f1:  0.8571 0.8571 0.8571
- val_non_f1:  0.6283 0.6242 0.6262

4096/4096 [==============================] - 737s - loss: 0.5201 - val_loss: 0.9039
Epoch 88/1000
4032/4096 [============================>.] - ETA: 11s - loss: 0.5132
- val_loss: 0.8907
- val_all_f1:  0.6684 0.6684 0.6684
- val_exp_f1:  0.8701 0.8701 0.8701
- val_non_f1:  0.6258 0.6176 0.6217

4096/4096 [==============================] - 779s - loss: 0.5182 - val_loss: 0.8907
Epoch 89/1000
4032/4096 [============================>.] - ETA: 11s - loss: 0.5397
- val_loss: 0.8594
- val_all_f1:  0.6893 0.6893 0.6893
- val_exp_f1:  0.9221 0.9221 0.9221
- val_non_f1:  0.6370 0.6307 0.6338

4096/4096 [==============================] - 769s - loss: 0.5404 - val_loss: 0.8594
Epoch 90/1000
4032/4096 [============================>.] - ETA: 11s - loss: 0.5640
- val_loss: 0.8688
- val_all_f1:  0.6893 0.6893 0.6893
- val_exp_f1:  0.9221 0.9221 0.9221
- val_non_f1:  0.6370 0.6307 0.6338

4096/4096 [==============================] - 740s - loss: 0.5626 - val_loss: 0.8688
Epoch 91/1000
4032/4096 [============================>.] - ETA: 10s - loss: 0.5019
- val_loss: 0.8771
- val_all_f1:  0.6789 0.6789 0.6789
- val_exp_f1:  0.8701 0.8701 0.8701
- val_non_f1:  0.6349 0.6307 0.6328

4096/4096 [==============================] - 732s - loss: 0.5020 - val_loss: 0.8771
Epoch 92/1000
4032/4096 [============================>.] - ETA: 11s - loss: 0.5076
- val_loss: 0.8731
- val_all_f1:  0.6736 0.6736 0.6736
- val_exp_f1:  0.9221 0.9221 0.9221
- val_non_f1:  0.6172 0.6111 0.6141

4096/4096 [==============================] - 756s - loss: 0.5129 - val_loss: 0.8731
Epoch 93/1000
4032/4096 [============================>.] - ETA: 11s - loss: 0.5128
- val_loss: 0.8776
- val_all_f1:  0.6815 0.6815 0.6815
- val_exp_f1:  0.8701 0.8701 0.8701
- val_non_f1:  0.6382 0.6340 0.6361

4096/4096 [==============================] - 759s - loss: 0.5135 - val_loss: 0.8776
Epoch 94/1000
4032/4096 [============================>.] - ETA: 11s - loss: 0.5556
- val_loss: 0.9125
- val_all_f1:  0.6449 0.6449 0.6449
- val_exp_f1:  0.8571 0.8571 0.8571
- val_non_f1:  0.5974 0.5915 0.5944

4096/4096 [==============================] - 764s - loss: 0.5564 - val_loss: 0.9125
Epoch 95/1000
4032/4096 [============================>.] - ETA: 11s - loss: 0.5704
- val_loss: 0.8727
- val_all_f1:  0.6789 0.6789 0.6789
- val_exp_f1:  0.8831 0.8831 0.8831
- val_non_f1:  0.6337 0.6275 0.6305

4096/4096 [==============================] - 766s - loss: 0.5688 - val_loss: 0.8727
Epoch 96/1000
4032/4096 [============================>.] - ETA: 11s - loss: 0.5071
- val_loss: 0.8720
- val_all_f1:  0.6815 0.6815 0.6815
- val_exp_f1:  0.8831 0.8831 0.8831
- val_non_f1:  0.6370 0.6307 0.6338

4096/4096 [==============================] - 749s - loss: 0.5044 - val_loss: 0.8720
Epoch 97/1000
4032/4096 [============================>.] - ETA: 10s - loss: 0.5231
- val_loss: 0.8839
- val_all_f1:  0.6710 0.6710 0.6710
- val_exp_f1:  0.8312 0.8312 0.8312
- val_non_f1:  0.6370 0.6307 0.6338

4096/4096 [==============================] - 734s - loss: 0.5199 - val_loss: 0.8839
Epoch 98/1000
4032/4096 [============================>.] - ETA: 10s - loss: 0.4599
- val_loss: 0.8782
- val_all_f1:  0.6867 0.6867 0.6867
- val_exp_f1:  0.8831 0.8831 0.8831
- val_non_f1:  0.6393 0.6373 0.6383

4096/4096 [==============================] - 733s - loss: 0.4670 - val_loss: 0.8782
Epoch 99/1000
4032/4096 [============================>.] - ETA: 10s - loss: 0.5255
- val_loss: 0.9043
- val_all_f1:  0.6658 0.6658 0.6658
- val_exp_f1:  0.8052 0.8052 0.8052
- val_non_f1:  0.6328 0.6307 0.6318

4096/4096 [==============================] - 735s - loss: 0.5219 - val_loss: 0.9043
Epoch 100/1000
4032/4096 [============================>.] - ETA: 10s - loss: 0.5802
- val_loss: 0.9097
- val_all_f1:  0.6580 0.6580 0.6580
- val_exp_f1:  0.8442 0.8442 0.8442
- val_non_f1:  0.6172 0.6111 0.6141

4096/4096 [==============================] - 729s - loss: 0.5768 - val_loss: 0.9097
Epoch 101/1000
4032/4096 [============================>.] - ETA: 10s - loss: 0.5276
- val_loss: 0.8803
- val_all_f1:  0.6684 0.6684 0.6684
- val_exp_f1:  0.8182 0.8182 0.8182
- val_non_f1:  0.6349 0.6307 0.6328

4096/4096 [==============================] - 721s - loss: 0.5302 - val_loss: 0.8803
Epoch 102/1000
4032/4096 [============================>.] - ETA: 10s - loss: 0.5099
- val_loss: 0.8930
- val_all_f1:  0.6580 0.6580 0.6580
- val_exp_f1:  0.8442 0.8442 0.8442
- val_non_f1:  0.6151 0.6111 0.6131

4096/4096 [==============================] - 713s - loss: 0.5085 - val_loss: 0.8930
Epoch 103/1000
4032/4096 [============================>.] - ETA: 10s - loss: 0.5320
- val_loss: 0.9019
- val_all_f1:  0.6632 0.6632 0.6632
- val_exp_f1:  0.8052 0.8052 0.8052
- val_non_f1:  0.6337 0.6275 0.6305

4096/4096 [==============================] - 723s - loss: 0.5304 - val_loss: 0.9019
Epoch 104/1000
4032/4096 [============================>.] - ETA: 11s - loss: 0.5163
- val_loss: 0.8617
- val_all_f1:  0.6815 0.6815 0.6815
- val_exp_f1:  0.8961 0.8961 0.8961
- val_non_f1:  0.6316 0.6275 0.6295

4096/4096 [==============================] - 740s - loss: 0.5168 - val_loss: 0.8617
Epoch 105/1000
4032/4096 [============================>.] - ETA: 11s - loss: 0.5119
- val_loss: 0.8606
- val_all_f1:  0.6684 0.6684 0.6684
- val_exp_f1:  0.8312 0.8312 0.8312
- val_non_f1:  0.6337 0.6275 0.6305

4096/4096 [==============================] - 749s - loss: 0.5118 - val_loss: 0.8606
Epoch 106/1000
4032/4096 [============================>.] - ETA: 10s - loss: 0.5206
- val_loss: 0.8504
- val_all_f1:  0.6736 0.6736 0.6736
- val_exp_f1:  0.8701 0.8701 0.8701
- val_non_f1:  0.6283 0.6242 0.6262

4096/4096 [==============================] - 740s - loss: 0.5206 - val_loss: 0.8504
Epoch 107/1000
4032/4096 [============================>.] - ETA: 11s - loss: 0.5374
- val_loss: 0.8652
- val_all_f1:  0.6710 0.6710 0.6710
- val_exp_f1:  0.8701 0.8701 0.8701
- val_non_f1:  0.6291 0.6209 0.6250

4096/4096 [==============================] - 760s - loss: 0.5382 - val_loss: 0.8652
Epoch 108/1000
4032/4096 [============================>.] - ETA: 11s - loss: 0.5199
- val_loss: 0.8400
- val_all_f1:  0.6736 0.6736 0.6736
- val_exp_f1:  0.8701 0.8701 0.8701
- val_non_f1:  0.6325 0.6242 0.6283

4096/4096 [==============================] - 746s - loss: 0.5207 - val_loss: 0.8400
Epoch 109/1000
4032/4096 [============================>.] - ETA: 11s - loss: 0.5375
- val_loss: 0.8706
- val_all_f1:  0.6632 0.6632 0.6632
- val_exp_f1:  0.8052 0.8052 0.8052
- val_non_f1:  0.6337 0.6275 0.6305

4096/4096 [==============================] - 746s - loss: 0.5400 - val_loss: 0.8706
Epoch 110/1000
4032/4096 [============================>.] - ETA: 11s - loss: 0.4769
- val_loss: 0.8761
- val_all_f1:  0.6710 0.6710 0.6710
- val_exp_f1:  0.8442 0.8442 0.8442
- val_non_f1:  0.6316 0.6275 0.6295

4096/4096 [==============================] - 749s - loss: 0.4788 - val_loss: 0.8761
Epoch 111/1000
4032/4096 [============================>.] - ETA: 11s - loss: 0.5065
- val_loss: 0.8673
- val_all_f1:  0.6736 0.6736 0.6736
- val_exp_f1:  0.8701 0.8701 0.8701
- val_non_f1:  0.6283 0.6242 0.6262

4096/4096 [==============================] - 758s - loss: 0.5050 - val_loss: 0.8673
Epoch 112/1000
4032/4096 [============================>.] - ETA: 11s - loss: 0.5154
- val_loss: 0.8478
- val_all_f1:  0.6789 0.6789 0.6789
- val_exp_f1:  0.8701 0.8701 0.8701
- val_non_f1:  0.6349 0.6307 0.6328

4096/4096 [==============================] - 779s - loss: 0.5173 - val_loss: 0.8478
Epoch 113/1000
4032/4096 [============================>.] - ETA: 12s - loss: 0.5220
- val_loss: 0.8460
- val_all_f1:  0.6736 0.6736 0.6736
- val_exp_f1:  0.8571 0.8571 0.8571
- val_non_f1:  0.6295 0.6275 0.6285

4096/4096 [==============================] - 821s - loss: 0.5220 - val_loss: 0.8460
Epoch 114/1000
4032/4096 [============================>.] - ETA: 12s - loss: 0.4797
- val_loss: 0.8501
- val_all_f1:  0.6736 0.6736 0.6736
- val_exp_f1:  0.8831 0.8831 0.8831
- val_non_f1:  0.6271 0.6209 0.6240

4096/4096 [==============================] - 812s - loss: 0.4755 - val_loss: 0.8501
Epoch 115/1000
4032/4096 [============================>.] - ETA: 12s - loss: 0.5076
- val_loss: 0.8826
- val_all_f1:  0.6710 0.6710 0.6710
- val_exp_f1:  0.8701 0.8701 0.8701
- val_non_f1:  0.6291 0.6209 0.6250

4096/4096 [==============================] - 805s - loss: 0.5111 - val_loss: 0.8826
Epoch 116/1000
4032/4096 [============================>.] - ETA: 11s - loss: 0.5034
- val_loss: 0.8401
- val_all_f1:  0.6762 0.6762 0.6762
- val_exp_f1:  0.8831 0.8831 0.8831
- val_non_f1:  0.6325 0.6242 0.6283

4096/4096 [==============================] - 784s - loss: 0.5034 - val_loss: 0.8401
Epoch 117/1000
4032/4096 [============================>.] - ETA: 11s - loss: 0.4884
- val_loss: 0.8502
- val_all_f1:  0.6893 0.6893 0.6893
- val_exp_f1:  0.9351 0.9351 0.9351
- val_non_f1:  0.6316 0.6275 0.6295

4096/4096 [==============================] - 774s - loss: 0.4863 - val_loss: 0.8502
Epoch 118/1000
4032/4096 [============================>.] - ETA: 11s - loss: 0.5259
- val_loss: 0.8798
- val_all_f1:  0.6736 0.6736 0.6736
- val_exp_f1:  0.8701 0.8701 0.8701
- val_non_f1:  0.6283 0.6242 0.6262

4096/4096 [==============================] - 773s - loss: 0.5247 - val_loss: 0.8798
Epoch 119/1000
4032/4096 [============================>.] - ETA: 11s - loss: 0.4920
- val_loss: 0.8497
- val_all_f1:  0.6762 0.6762 0.6762
- val_exp_f1:  0.8831 0.8831 0.8831
- val_non_f1:  0.6262 0.6242 0.6252

4096/4096 [==============================] - 785s - loss: 0.4898 - val_loss: 0.8497
Epoch 120/1000
4032/4096 [============================>.] - ETA: 11s - loss: 0.4922
- val_loss: 0.8306
- val_all_f1:  0.6893 0.6893 0.6893
- val_exp_f1:  0.9351 0.9351 0.9351
- val_non_f1:  0.6358 0.6275 0.6316

4096/4096 [==============================] - 771s - loss: 0.4928 - val_loss: 0.8306
Epoch 121/1000
4032/4096 [============================>.] - ETA: 11s - loss: 0.5067
- val_loss: 0.8817
- val_all_f1:  0.6815 0.6815 0.6815
- val_exp_f1:  0.8831 0.8831 0.8831
- val_non_f1:  0.6349 0.6307 0.6328

4096/4096 [==============================] - 789s - loss: 0.5070 - val_loss: 0.8817
Epoch 122/1000
4032/4096 [============================>.] - ETA: 12s - loss: 0.4975
- val_loss: 0.8990
- val_all_f1:  0.6736 0.6736 0.6736
- val_exp_f1:  0.8831 0.8831 0.8831
- val_non_f1:  0.6230 0.6209 0.6219

4096/4096 [==============================] - 808s - loss: 0.4983 - val_loss: 0.8990
Epoch 123/1000
4032/4096 [============================>.] - ETA: 12s - loss: 0.5622
- val_loss: 0.8713
- val_all_f1:  0.6867 0.6867 0.6867
- val_exp_f1:  0.9481 0.9481 0.9481
- val_non_f1:  0.6250 0.6209 0.6230

4096/4096 [==============================] - 820s - loss: 0.5659 - val_loss: 0.8713
Epoch 124/1000
4032/4096 [============================>.] - ETA: 12s - loss: 0.5291
- val_loss: 0.8797
- val_all_f1:  0.6893 0.6893 0.6893
- val_exp_f1:  0.9351 0.9351 0.9351
- val_non_f1:  0.6295 0.6275 0.6285

4096/4096 [==============================] - 827s - loss: 0.5263 - val_loss: 0.8797
Epoch 125/1000
4032/4096 [============================>.] - ETA: 12s - loss: 0.5100
- val_loss: 0.8609
- val_all_f1:  0.6815 0.6815 0.6815
- val_exp_f1:  0.8961 0.8961 0.8961
- val_non_f1:  0.6316 0.6275 0.6295

4096/4096 [==============================] - 818s - loss: 0.5103 - val_loss: 0.8609
Epoch 126/1000
4032/4096 [============================>.] - ETA: 12s - loss: 0.4855
- val_loss: 0.9026
- val_all_f1:  0.6893 0.6893 0.6893
- val_exp_f1:  0.9351 0.9351 0.9351
- val_non_f1:  0.6316 0.6275 0.6295

4096/4096 [==============================] - 820s - loss: 0.4806 - val_loss: 0.9026
Epoch 127/1000
4032/4096 [============================>.] - ETA: 12s - loss: 0.5114
- val_loss: 0.8713
- val_all_f1:  0.6736 0.6736 0.6736
- val_exp_f1:  0.8701 0.8701 0.8701
- val_non_f1:  0.6304 0.6242 0.6273

4096/4096 [==============================] - 819s - loss: 0.5103 - val_loss: 0.8713
Epoch 128/1000
4032/4096 [============================>.] - ETA: 11s - loss: 0.5063
- val_loss: 0.8361
- val_all_f1:  0.6945 0.6945 0.6945
- val_exp_f1:  0.9351 0.9351 0.9351
- val_non_f1:  0.6361 0.6340 0.6350

4096/4096 [==============================] - 791s - loss: 0.5068 - val_loss: 0.8361
Epoch 129/1000
4032/4096 [============================>.] - ETA: 11s - loss: 0.5237
- val_loss: 0.8823
- val_all_f1:  0.6789 0.6789 0.6789
- val_exp_f1:  0.8831 0.8831 0.8831
- val_non_f1:  0.6316 0.6275 0.6295

4096/4096 [==============================] - 785s - loss: 0.5204 - val_loss: 0.8823
Epoch 130/1000
4032/4096 [============================>.] - ETA: 11s - loss: 0.5235
- val_loss: 0.8589
- val_all_f1:  0.6815 0.6815 0.6815
- val_exp_f1:  0.8961 0.8961 0.8961
- val_non_f1:  0.6316 0.6275 0.6295

4096/4096 [==============================] - 774s - loss: 0.5216 - val_loss: 0.8589
Epoch 131/1000
4032/4096 [============================>.] - ETA: 11s - loss: 0.5319
- val_loss: 0.8436
- val_all_f1:  0.6867 0.6867 0.6867
- val_exp_f1:  0.8961 0.8961 0.8961
- val_non_f1:  0.6361 0.6340 0.6350

4096/4096 [==============================] - 774s - loss: 0.5324 - val_loss: 0.8436
Epoch 132/1000
4032/4096 [============================>.] - ETA: 11s - loss: 0.5282
- val_loss: 0.9062
- val_all_f1:  0.6736 0.6736 0.6736
- val_exp_f1:  0.8701 0.8701 0.8701
- val_non_f1:  0.6283 0.6242 0.6262

4096/4096 [==============================] - 783s - loss: 0.5281 - val_loss: 0.9062
Epoch 133/1000
4032/4096 [============================>.] - ETA: 11s - loss: 0.5365
- val_loss: 0.8747
- val_all_f1:  0.6762 0.6762 0.6762
- val_exp_f1:  0.8701 0.8701 0.8701
- val_non_f1:  0.6337 0.6275 0.6305

4096/4096 [==============================] - 770s - loss: 0.5399 - val_loss: 0.8747
[2019-04-12 15:56] training finished (ex/conll16st-v35-zhch-fd-12-rn-12-0)
[2019-04-12 15:56] best_val_loss: 119 - loss: 0.4928 - val_loss: 0.8306 - val_all_f1: 0.6893 - val_exp_f1: 0.9351 - val_non_f1: 0.6316
[2019-04-12 15:56] best_val_all_f1: 31 - loss: 0.5674 - val_loss: 0.9287 - val_all_f1: 0.6945 - val_exp_f1: 0.8312 - val_non_f1: 0.6634
[2019-04-12 15:56] time: loaded: 2.9159 - prepared: 1143.8522 - trained: 102956.8700 - epoch: 7741.1180 - epoch_cnt: 13.3000 - epoch_samples: 40960.0000
