[2018-04-10 03:18] configuration (ex/conll16st-v35word2vec-zh/blind)
[2018-04-10 03:18]   config 'arg1_len': 500
[2018-04-10 03:18]   config 'arg2_len': 500
[2018-04-10 03:18]   config 'backend': theano
[2018-04-10 03:18]   config 'backend_theano': device=gpu,floatX=float32,nvcc.fastmath=True,lib.cnmem=0.45
[2018-04-10 03:18]   config 'batch_size': 64
[2018-04-10 03:18]   config 'conn_len': 10
[2018-04-10 03:18]   config 'dataset_dir': data/conll16st-zh-04-27-2016-blind-test
[2018-04-10 03:18]   config 'filter_fn_name': None
[2018-04-10 03:18]   config 'lang': zh
[2018-04-10 03:18]   config 'mode': word
[2018-04-10 03:18]   config 'model_dir': ex/conll16st-v35word2vec-zh
[2018-04-10 03:18]   config 'normalization_mode': sample_aspect
[2018-04-10 03:18]   config 'output_dir': ex/conll16st-v35word2vec-zh/blind
[2018-04-10 03:18]   config 'punc_len': 2
[2018-04-10 03:18]   config 'rest': ['--words_trainable=True', '--words_dim=300', '--words2vec_txt=./data/word2vec-zh/zh-Gigaword-300.txt']
[2018-04-10 03:18]   config 'snapshot_size': 2048
[2018-04-10 03:18] load dataset for prediction (data/conll16st-zh-04-27-2016-blind-test)
[2018-04-10 03:18]   lang: zh, doc_ids: 64, words: 29892, rel_ids: 2101, relation tokens: 82465
[2018-04-10 03:18] load previous indexes (ex/conll16st-v35word2vec-zh/indexes.pkl)
[2018-04-10 03:18]   words2id: 14785, target2id: 12
[2018-04-10 03:18] load model (ex/conll16st-v35word2vec-zh)
[2018-04-10 03:18] load previous weights (ex/conll16st-v35word2vec-zh/weights_val_all_f1.hdf5)
[2018-04-10 03:18] prediction preparation
[2018-04-10 03:18] make predictions (ex/conll16st-v35word2vec-zh/blind/output.json)
[2018-04-10 03:20] peek into filtering weights (ex/conll16st-v35word2vec-zh/blind/peek.html)
[2018-04-10 03:26] finished (ex/conll16st-v35word2vec-zh/blind)
