[2018-03-12 14:08] configuration (ex/conll16st-vsimple-en/blind)
[2018-03-12 14:08]   config 'arg1_len': 100
[2018-03-12 14:08]   config 'arg2_len': 100
[2018-03-12 14:08]   config 'backend': theano
[2018-03-12 14:08]   config 'backend_theano': device=gpu,floatX=float32,nvcc.fastmath=True,lib.cnmem=1
[2018-03-12 14:08]   config 'batch_size': 64
[2018-03-12 14:08]   config 'conn_len': 10
[2018-03-12 14:08]   config 'dataset_dir': data/conll15st-en-03-29-16-blind-test
[2018-03-12 14:08]   config 'filter_fn_name': None
[2018-03-12 14:08]   config 'lang': en
[2018-03-12 14:08]   config 'mode': word
[2018-03-12 14:08]   config 'model_dir': ex/conll16st-vsimple-en
[2018-03-12 14:08]   config 'output_dir': ex/conll16st-vsimple-en/blind
[2018-03-12 14:08]   config 'punc_len': 0
[2018-03-12 14:08]   config 'rest': ['--rnn_dim=160']
[2018-03-12 14:08]   config 'snapshot_size': 2048
[2018-03-12 14:08] load dataset for prediction (data/conll15st-en-03-29-16-blind-test)
[2018-03-12 14:08]   lang: en, doc_ids: 71, words: 34621, rel_ids: 1209, relation tokens: 44203
[2018-03-12 14:08] load previous indexes (ex/conll16st-vsimple-en/indexes.pkl)
[2018-03-12 14:08]   words2id: 43918, target2id: 23
[2018-03-12 14:08] load model (ex/conll16st-vsimple-en)
[2018-03-12 14:08] load previous weights (ex/conll16st-vsimple-en/weights_val_all_f1.hdf5)
[2018-03-12 14:08] prediction preparation
[2018-03-12 14:08] make predictions (ex/conll16st-vsimple-en/blind/output.json)
[2018-03-12 14:08] finished (ex/conll16st-vsimple-en/blind)
