[2018-03-14 16:56] configuration (ex/conll16st-vsimple-zhch)
[2018-03-14 16:56]   config 'arg1_len': 900
[2018-03-14 16:56]   config 'arg2_len': 900
[2018-03-14 16:56]   config 'backend': theano
[2018-03-14 16:56]   config 'backend_theano': device=gpu,floatX=float32,nvcc.fastmath=True,lib.cnmem=1
[2018-03-14 16:56]   config 'batch_size': 64
[2018-03-14 16:56]   config 'conn_len': 20
[2018-03-14 16:56]   config 'continue_': False
[2018-03-14 16:56]   config 'curriculum_end': 0.0
[2018-03-14 16:56]   config 'epochs': 1000
[2018-03-14 16:56]   config 'epochs_patience': 100
[2018-03-14 16:56]   config 'epochs_ratio': 0.1
[2018-03-14 16:56]   config 'filter_fn_name': None
[2018-03-14 16:56]   config 'final_act': SReLU
[2018-03-14 16:56]   config 'final_dim': 0
[2018-03-14 16:56]   config 'final_dropout': 0.3
[2018-03-14 16:56]   config 'lang': zh
[2018-03-14 16:56]   config 'masking': True
[2018-03-14 16:56]   config 'mode': char
[2018-03-14 16:56]   config 'model_dir': ex/conll16st-vsimple-zhch
[2018-03-14 16:56]   config 'optimizer': adam
[2018-03-14 16:56]   config 'original_positives': 0
[2018-03-14 16:56]   config 'punc_len': 2
[2018-03-14 16:56]   config 'random_negatives': 2
[2018-03-14 16:56]   config 'random_positives': 2
[2018-03-14 16:56]   config 'random_proba_1': 0.1
[2018-03-14 16:56]   config 'random_proba_2': 0.1
[2018-03-14 16:56]   config 'random_proba_3': 0.9
[2018-03-14 16:56]   config 'rnn_act': tanh
[2018-03-14 16:56]   config 'rnn_dim': 240
[2018-03-14 16:56]   config 'rnn_dropout_U': 0.0
[2018-03-14 16:56]   config 'rnn_dropout_W': 0.0
[2018-03-14 16:56]   config 'rnn_num': 1
[2018-03-14 16:56]   config 'rnn_shared': none
[2018-03-14 16:56]   config 'rnn_type': lstm-fwd
[2018-03-14 16:56]   config 'rnn_zoneout_c': 0.0
[2018-03-14 16:56]   config 'rnn_zoneout_h': 0.0
[2018-03-14 16:56]   config 'snapshot_size': 2048
[2018-03-14 16:56]   config 'train_dir': data/conll16st-zh-01-08-2016-train
[2018-03-14 16:56]   config 'valid_dir': data/conll16st-zh-01-08-2016-dev
[2018-03-14 16:56]   config 'words2vec_bin': None
[2018-03-14 16:56]   config 'words2vec_txt': None
[2018-03-14 16:56]   config 'words_dim': 20
[2018-03-14 16:56]   config 'words_dropout': 0.3
[2018-03-14 16:56]   config 'words_shared': global
[2018-03-14 16:56]   config 'words_trainable': True
[2018-03-14 16:56] load dataset for training (data/conll16st-zh-01-08-2016-train)
[2018-03-14 16:56]   lang: zh, rel_ids: 10240
[2018-03-14 16:56] load dataset for validation (data/conll16st-zh-01-08-2016-dev)
[2018-03-14 16:56]   lang: zh, rel_ids: 383
[2018-03-14 16:56] build indexes from training
[2018-03-14 16:56]   words2id: 2859, target2id: 12
[2018-03-14 16:56] target class distribution from training
[2018-03-14 16:56]   class 0 = 'None': None
[2018-03-14 16:56]   class 1 = '': None
[2018-03-14 16:56]   class 2 = 'Conjunction': 6102
[2018-03-14 16:56]   class 3 = 'Expansion': 1435
[2018-03-14 16:56]   class 4 = 'EntRel': 1098
[2018-03-14 16:56]   class 5 = 'Causation': 456
[2018-03-14 16:56]   class 6 = 'Temporal': 434
[2018-03-14 16:56]   class 7 = 'Contrast': 340
[2018-03-14 16:56]   class 8 = 'Purpose': 244
[2018-03-14 16:56]   class 9 = 'Conditional': 134
[2018-03-14 16:56]   class 10 = 'Progression': 75
[2018-03-14 16:56]   class 11 = 'Alternative': 18
[2018-03-14 16:56] build model
____________________________________________________________________________________________________
Layer (type)                     Output Shape          Param #     Connected to                     
====================================================================================================
arg1_ids (InputLayer)            (None, 900)           0                                            
____________________________________________________________________________________________________
arg2_ids (InputLayer)            (None, 900)           0                                            
____________________________________________________________________________________________________
conn_ids (InputLayer)            (None, 20)            0                                            
____________________________________________________________________________________________________
punc_ids (InputLayer)            (None, 2)             0                                            
____________________________________________________________________________________________________
embedding_1 (Embedding)          multiple              57180       arg1_ids[0][0]                   
                                                                   arg2_ids[0][0]                   
                                                                   conn_ids[0][0]                   
                                                                   punc_ids[0][0]                   
____________________________________________________________________________________________________
shareablelstm_1 (ShareableLSTM)  (None, 240)           250560      embedding_1[0][0]                
____________________________________________________________________________________________________
shareablelstm_3 (ShareableLSTM)  (None, 240)           250560      embedding_1[1][0]                
____________________________________________________________________________________________________
shareablelstm_5 (ShareableLSTM)  (None, 240)           250560      embedding_1[2][0]                
____________________________________________________________________________________________________
shareablelstm_7 (ShareableLSTM)  (None, 240)           250560      embedding_1[3][0]                
____________________________________________________________________________________________________
merge_1 (Merge)                  (None, 960)           0           shareablelstm_1[0][0]            
                                                                   shareablelstm_3[0][0]            
                                                                   shareablelstm_5[0][0]            
                                                                   shareablelstm_7[0][0]            
____________________________________________________________________________________________________
dense_1 (Dense)                  (None, 12)            11532       merge_1[0][0]                    
____________________________________________________________________________________________________
target (Activation)              (None, 12)            0           dense_1[0][0]                    
====================================================================================================
Total params: 1,070,952
Trainable params: 1,070,952
Non-trainable params: 0
____________________________________________________________________________________________________
[2018-03-14 16:57] initialize weights
[2018-03-14 16:57] training preparation
[2018-03-14 16:57] train model (ex/conll16st-vsimple-zhch)
Epoch 1/1000
4032/4096 [============================>.] - ETA: 1s - loss: 1.4813
- val_loss: 1.6034
- val_all_f1:  0.5770 0.5770 0.5770
- val_exp_f1:  0.4156 0.4156 0.4156
- val_non_f1:  0.6176 0.6176 0.6176

4096/4096 [==============================] - 139s - loss: 1.4745 - val_loss: 1.6034
Epoch 2/1000
4032/4096 [============================>.] - ETA: 2s - loss: 0.8868
- val_loss: 1.2980
- val_all_f1:  0.5796 0.5796 0.5796
- val_exp_f1:  0.4286 0.4286 0.4286
- val_non_f1:  0.6176 0.6176 0.6176

4096/4096 [==============================] - 170s - loss: 0.8872 - val_loss: 1.2980
Epoch 3/1000
4032/4096 [============================>.] - ETA: 2s - loss: 0.8354
- val_loss: 1.2101
- val_all_f1:  0.5875 0.5875 0.5875
- val_exp_f1:  0.4675 0.4675 0.4675
- val_non_f1:  0.6197 0.6176 0.6187

4096/4096 [==============================] - 174s - loss: 0.8334 - val_loss: 1.2101
Epoch 4/1000
4032/4096 [============================>.] - ETA: 2s - loss: 0.6827
- val_loss: 1.1346
- val_all_f1:  0.5849 0.5849 0.5849
- val_exp_f1:  0.4545 0.4545 0.4545
- val_non_f1:  0.6176 0.6176 0.6176

4096/4096 [==============================] - 171s - loss: 0.6809 - val_loss: 1.1346
Epoch 5/1000
4032/4096 [============================>.] - ETA: 2s - loss: 0.7474
- val_loss: 1.1458
- val_all_f1:  0.5953 0.5953 0.5953
- val_exp_f1:  0.5065 0.5065 0.5065
- val_non_f1:  0.6176 0.6176 0.6176

4096/4096 [==============================] - 164s - loss: 0.7458 - val_loss: 1.1458
Epoch 6/1000
4032/4096 [============================>.] - ETA: 2s - loss: 0.7169
- val_loss: 1.1066
- val_all_f1:  0.6031 0.6031 0.6031
- val_exp_f1:  0.5455 0.5455 0.5455
- val_non_f1:  0.6217 0.6176 0.6197

4096/4096 [==============================] - 166s - loss: 0.7197 - val_loss: 1.1066
Epoch 7/1000
4032/4096 [============================>.] - ETA: 2s - loss: 0.5996
- val_loss: 1.0128
- val_all_f1:  0.6188 0.6188 0.6188
- val_exp_f1:  0.5974 0.5974 0.5974
- val_non_f1:  0.6242 0.6242 0.6242

4096/4096 [==============================] - 177s - loss: 0.5965 - val_loss: 1.0128
Epoch 8/1000
4032/4096 [============================>.] - ETA: 2s - loss: 0.6019
- val_loss: 1.0037
- val_all_f1:  0.6501 0.6501 0.6501
- val_exp_f1:  0.7532 0.7532 0.7532
- val_non_f1:  0.6262 0.6242 0.6252

4096/4096 [==============================] - 173s - loss: 0.5994 - val_loss: 1.0037
Epoch 9/1000
4032/4096 [============================>.] - ETA: 2s - loss: 0.5966
- val_loss: 0.9591
- val_all_f1:  0.6397 0.6397 0.6397
- val_exp_f1:  0.7273 0.7273 0.7273
- val_non_f1:  0.6217 0.6176 0.6197

4096/4096 [==============================] - 174s - loss: 0.5970 - val_loss: 0.9591
Epoch 10/1000
4032/4096 [============================>.] - ETA: 2s - loss: 0.5652
- val_loss: 0.9555
- val_all_f1:  0.6527 0.6527 0.6527
- val_exp_f1:  0.7922 0.7922 0.7922
- val_non_f1:  0.6238 0.6176 0.6207

4096/4096 [==============================] - 165s - loss: 0.5637 - val_loss: 0.9555
Epoch 11/1000
4032/4096 [============================>.] - ETA: 2s - loss: 0.5482
- val_loss: 0.9461
- val_all_f1:  0.6527 0.6527 0.6527
- val_exp_f1:  0.7922 0.7922 0.7922
- val_non_f1:  0.6217 0.6176 0.6197

4096/4096 [==============================] - 174s - loss: 0.5473 - val_loss: 0.9461
Epoch 12/1000
4032/4096 [============================>.] - ETA: 2s - loss: 0.5918
- val_loss: 0.9240
- val_all_f1:  0.6658 0.6658 0.6658
- val_exp_f1:  0.8442 0.8442 0.8442
- val_non_f1:  0.6271 0.6209 0.6240

4096/4096 [==============================] - 166s - loss: 0.5908 - val_loss: 0.9240
Epoch 13/1000
4032/4096 [============================>.] - ETA: 2s - loss: 0.5387
- val_loss: 0.9151
- val_all_f1:  0.6632 0.6632 0.6632
- val_exp_f1:  0.8442 0.8442 0.8442
- val_non_f1:  0.6197 0.6176 0.6187

4096/4096 [==============================] - 176s - loss: 0.5381 - val_loss: 0.9151
Epoch 14/1000
4032/4096 [============================>.] - ETA: 2s - loss: 0.5130
- val_loss: 0.9196
- val_all_f1:  0.6762 0.6762 0.6762
- val_exp_f1:  0.8961 0.8961 0.8961
- val_non_f1:  0.6230 0.6209 0.6219

4096/4096 [==============================] - 167s - loss: 0.5190 - val_loss: 0.9196
Epoch 15/1000
4032/4096 [============================>.] - ETA: 2s - loss: 0.5474
- val_loss: 0.8927
- val_all_f1:  0.6710 0.6710 0.6710
- val_exp_f1:  0.8831 0.8831 0.8831
- val_non_f1:  0.6258 0.6176 0.6217

4096/4096 [==============================] - 171s - loss: 0.5474 - val_loss: 0.8927
Epoch 16/1000
4032/4096 [============================>.] - ETA: 2s - loss: 0.5482
- val_loss: 0.9045
- val_all_f1:  0.6736 0.6736 0.6736
- val_exp_f1:  0.9091 0.9091 0.9091
- val_non_f1:  0.6164 0.6144 0.6154

4096/4096 [==============================] - 162s - loss: 0.5457 - val_loss: 0.9045
Epoch 17/1000
4032/4096 [============================>.] - ETA: 2s - loss: 0.5261
- val_loss: 0.8803
- val_all_f1:  0.6841 0.6841 0.6841
- val_exp_f1:  0.9221 0.9221 0.9221
- val_non_f1:  0.6262 0.6242 0.6252

4096/4096 [==============================] - 166s - loss: 0.5269 - val_loss: 0.8803
Epoch 18/1000
4032/4096 [============================>.] - ETA: 2s - loss: 0.5475
- val_loss: 0.8771
- val_all_f1:  0.6815 0.6815 0.6815
- val_exp_f1:  0.9091 0.9091 0.9091
- val_non_f1:  0.6283 0.6242 0.6262

4096/4096 [==============================] - 172s - loss: 0.5462 - val_loss: 0.8771
Epoch 19/1000
4032/4096 [============================>.] - ETA: 2s - loss: 0.5335
- val_loss: 1.2766
- val_all_f1:  0.5196 0.5196 0.5196
- val_exp_f1:  0.8182 0.8182 0.8182
- val_non_f1:  0.4488 0.4444 0.4466

4096/4096 [==============================] - 166s - loss: 0.5386 - val_loss: 1.2766
Epoch 20/1000
4032/4096 [============================>.] - ETA: 2s - loss: 0.5927
- val_loss: 0.9001
- val_all_f1:  0.6684 0.6684 0.6684
- val_exp_f1:  0.9351 0.9351 0.9351
- val_non_f1:  0.6073 0.6013 0.6043

4096/4096 [==============================] - 166s - loss: 0.5916 - val_loss: 0.9001
Epoch 21/1000
4032/4096 [============================>.] - ETA: 2s - loss: 0.5236
- val_loss: 0.8918
- val_all_f1:  0.6449 0.6449 0.6449
- val_exp_f1:  0.8701 0.8701 0.8701
- val_non_f1:  0.5902 0.5882 0.5892

4096/4096 [==============================] - 175s - loss: 0.5242 - val_loss: 0.8918
Epoch 22/1000
4032/4096 [============================>.] - ETA: 2s - loss: 0.4822
- val_loss: 0.8495
- val_all_f1:  0.6710 0.6710 0.6710
- val_exp_f1:  0.8831 0.8831 0.8831
- val_non_f1:  0.6238 0.6176 0.6207

4096/4096 [==============================] - 173s - loss: 0.4825 - val_loss: 0.8495
Epoch 23/1000
4032/4096 [============================>.] - ETA: 2s - loss: 0.4963
- val_loss: 0.8772
- val_all_f1:  0.6762 0.6762 0.6762
- val_exp_f1:  0.9091 0.9091 0.9091
- val_non_f1:  0.6238 0.6176 0.6207

4096/4096 [==============================] - 173s - loss: 0.4944 - val_loss: 0.8772
Epoch 24/1000
4032/4096 [============================>.] - ETA: 2s - loss: 0.5055
- val_loss: 0.8409
- val_all_f1:  0.6841 0.6841 0.6841
- val_exp_f1:  0.9221 0.9221 0.9221
- val_non_f1:  0.6262 0.6242 0.6252

4096/4096 [==============================] - 162s - loss: 0.5066 - val_loss: 0.8409
Epoch 25/1000
4032/4096 [============================>.] - ETA: 2s - loss: 0.5572
- val_loss: 0.9166
- val_all_f1:  0.6789 0.6789 0.6789
- val_exp_f1:  0.9091 0.9091 0.9091
- val_non_f1:  0.6230 0.6209 0.6219

4096/4096 [==============================] - 173s - loss: 0.5553 - val_loss: 0.9166
Epoch 26/1000
4032/4096 [============================>.] - ETA: 2s - loss: 0.5358
- val_loss: 0.8613
- val_all_f1:  0.6815 0.6815 0.6815
- val_exp_f1:  0.9091 0.9091 0.9091
- val_non_f1:  0.6242 0.6242 0.6242

4096/4096 [==============================] - 166s - loss: 0.5364 - val_loss: 0.8613
Epoch 27/1000
4032/4096 [============================>.] - ETA: 2s - loss: 0.5511
- val_loss: 0.8664
- val_all_f1:  0.6397 0.6397 0.6397
- val_exp_f1:  0.9221 0.9221 0.9221
- val_non_f1:  0.5762 0.5686 0.5724

4096/4096 [==============================] - 158s - loss: 0.5483 - val_loss: 0.8664
Epoch 28/1000
4032/4096 [============================>.] - ETA: 2s - loss: 0.5480
- val_loss: 0.8533
- val_all_f1:  0.6789 0.6789 0.6789
- val_exp_f1:  0.9351 0.9351 0.9351
- val_non_f1:  0.6184 0.6144 0.6164

4096/4096 [==============================] - 173s - loss: 0.5483 - val_loss: 0.8533
Epoch 29/1000
4032/4096 [============================>.] - ETA: 2s - loss: 0.5045
- val_loss: 0.9224
- val_all_f1:  0.6501 0.6501 0.6501
- val_exp_f1:  0.9351 0.9351 0.9351
- val_non_f1:  0.5822 0.5784 0.5803

4096/4096 [==============================] - 178s - loss: 0.5001 - val_loss: 0.9224
Epoch 30/1000
4032/4096 [============================>.] - ETA: 2s - loss: 0.5762
- val_loss: 0.8335
- val_all_f1:  0.6762 0.6762 0.6762
- val_exp_f1:  0.9351 0.9351 0.9351
- val_non_f1:  0.6151 0.6111 0.6131

4096/4096 [==============================] - 168s - loss: 0.5765 - val_loss: 0.8335
Epoch 31/1000
4032/4096 [============================>.] - ETA: 2s - loss: 0.5288
- val_loss: 0.8889
- val_all_f1:  0.6397 0.6397 0.6397
- val_exp_f1:  0.9221 0.9221 0.9221
- val_non_f1:  0.5724 0.5686 0.5705

4096/4096 [==============================] - 171s - loss: 0.5289 - val_loss: 0.8889
Epoch 32/1000
4032/4096 [============================>.] - ETA: 2s - loss: 0.5232
- val_loss: 0.8349
- val_all_f1:  0.6762 0.6762 0.6762
- val_exp_f1:  0.9351 0.9351 0.9351
- val_non_f1:  0.6172 0.6111 0.6141

4096/4096 [==============================] - 164s - loss: 0.5232 - val_loss: 0.8349
Epoch 33/1000
4032/4096 [============================>.] - ETA: 2s - loss: 0.5105
- val_loss: 0.8239
- val_all_f1:  0.6815 0.6815 0.6815
- val_exp_f1:  0.9221 0.9221 0.9221
- val_non_f1:  0.6250 0.6209 0.6230

4096/4096 [==============================] - 170s - loss: 0.5115 - val_loss: 0.8239
Epoch 34/1000
4032/4096 [============================>.] - ETA: 2s - loss: 0.5184
- val_loss: 0.8452
- val_all_f1:  0.6684 0.6684 0.6684
- val_exp_f1:  0.9091 0.9091 0.9091
- val_non_f1:  0.6118 0.6078 0.6098

4096/4096 [==============================] - 165s - loss: 0.5205 - val_loss: 0.8452
Epoch 35/1000
4032/4096 [============================>.] - ETA: 2s - loss: 0.4981
- val_loss: 0.8156
- val_all_f1:  0.6893 0.6893 0.6893
- val_exp_f1:  0.9351 0.9351 0.9351
- val_non_f1:  0.6316 0.6275 0.6295

4096/4096 [==============================] - 162s - loss: 0.4969 - val_loss: 0.8156
Epoch 36/1000
4032/4096 [============================>.] - ETA: 2s - loss: 0.4988
- val_loss: 0.8474
- val_all_f1:  0.6867 0.6867 0.6867
- val_exp_f1:  0.9351 0.9351 0.9351
- val_non_f1:  0.6304 0.6242 0.6273

4096/4096 [==============================] - 166s - loss: 0.4963 - val_loss: 0.8474
Epoch 37/1000
4032/4096 [============================>.] - ETA: 2s - loss: 0.4778
- val_loss: 0.8002
- val_all_f1:  0.6789 0.6789 0.6789
- val_exp_f1:  0.9481 0.9481 0.9481
- val_non_f1:  0.6151 0.6111 0.6131

4096/4096 [==============================] - 171s - loss: 0.4725 - val_loss: 0.8002
Epoch 38/1000
4032/4096 [============================>.] - ETA: 2s - loss: 0.4380
- val_loss: 0.8166
- val_all_f1:  0.6736 0.6736 0.6736
- val_exp_f1:  0.9351 0.9351 0.9351
- val_non_f1:  0.6098 0.6078 0.6088

4096/4096 [==============================] - 166s - loss: 0.4391 - val_loss: 0.8166
Epoch 39/1000
4032/4096 [============================>.] - ETA: 2s - loss: 0.4734
- val_loss: 0.8023
- val_all_f1:  0.6893 0.6893 0.6893
- val_exp_f1:  0.9481 0.9481 0.9481
- val_non_f1:  0.6283 0.6242 0.6262

4096/4096 [==============================] - 169s - loss: 0.4716 - val_loss: 0.8023
Epoch 40/1000
4032/4096 [============================>.] - ETA: 2s - loss: 0.5085
- val_loss: 0.8219
- val_all_f1:  0.6867 0.6867 0.6867
- val_exp_f1:  0.9351 0.9351 0.9351
- val_non_f1:  0.6283 0.6242 0.6262

4096/4096 [==============================] - 169s - loss: 0.5078 - val_loss: 0.8219
Epoch 41/1000
4032/4096 [============================>.] - ETA: 2s - loss: 0.4832
- val_loss: 0.8206
- val_all_f1:  0.6423 0.6423 0.6423
- val_exp_f1:  0.9351 0.9351 0.9351
- val_non_f1:  0.5705 0.5686 0.5696

4096/4096 [==============================] - 167s - loss: 0.4803 - val_loss: 0.8206
Epoch 42/1000
4032/4096 [============================>.] - ETA: 2s - loss: 0.4379
- val_loss: 0.7651
- val_all_f1:  0.6997 0.6997 0.6997
- val_exp_f1:  0.9351 0.9351 0.9351
- val_non_f1:  0.6405 0.6405 0.6405

4096/4096 [==============================] - 164s - loss: 0.4367 - val_loss: 0.7651
Epoch 43/1000
4032/4096 [============================>.] - ETA: 2s - loss: 0.4707
- val_loss: 0.7734
- val_all_f1:  0.6893 0.6893 0.6893
- val_exp_f1:  0.9481 0.9481 0.9481
- val_non_f1:  0.6283 0.6242 0.6262

4096/4096 [==============================] - 168s - loss: 0.4726 - val_loss: 0.7734
Epoch 44/1000
4032/4096 [============================>.] - ETA: 2s - loss: 0.4281
- val_loss: 0.7525
- val_all_f1:  0.7258 0.7258 0.7258
- val_exp_f1:  0.9481 0.9481 0.9481
- val_non_f1:  0.6721 0.6699 0.6710

4096/4096 [==============================] - 168s - loss: 0.4266 - val_loss: 0.7525
Epoch 45/1000
4032/4096 [============================>.] - ETA: 2s - loss: 0.4456
- val_loss: 0.7702
- val_all_f1:  0.6997 0.6997 0.6997
- val_exp_f1:  0.9481 0.9481 0.9481
- val_non_f1:  0.6393 0.6373 0.6383

4096/4096 [==============================] - 163s - loss: 0.4461 - val_loss: 0.7702
Epoch 46/1000
4032/4096 [============================>.] - ETA: 2s - loss: 0.4078
- val_loss: 0.7619
- val_all_f1:  0.6971 0.6971 0.6971
- val_exp_f1:  0.9481 0.9481 0.9481
- val_non_f1:  0.6382 0.6340 0.6361

4096/4096 [==============================] - 175s - loss: 0.4065 - val_loss: 0.7619
Epoch 47/1000
4032/4096 [============================>.] - ETA: 2s - loss: 0.4014
- val_loss: 0.8099
- val_all_f1:  0.6841 0.6841 0.6841
- val_exp_f1:  0.9351 0.9351 0.9351
- val_non_f1:  0.6271 0.6209 0.6240

4096/4096 [==============================] - 166s - loss: 0.4066 - val_loss: 0.8099
Epoch 48/1000
4032/4096 [============================>.] - ETA: 2s - loss: 0.4466
- val_loss: 0.7499
- val_all_f1:  0.7128 0.7128 0.7128
- val_exp_f1:  0.9481 0.9481 0.9481
- val_non_f1:  0.6557 0.6536 0.6547

4096/4096 [==============================] - 173s - loss: 0.4456 - val_loss: 0.7499
Epoch 49/1000
4032/4096 [============================>.] - ETA: 2s - loss: 0.4219
- val_loss: 0.7427
- val_all_f1:  0.6710 0.6710 0.6710
- val_exp_f1:  0.9351 0.9351 0.9351
- val_non_f1:  0.6106 0.6046 0.6076

4096/4096 [==============================] - 169s - loss: 0.4302 - val_loss: 0.7427
Epoch 50/1000
4032/4096 [============================>.] - ETA: 2s - loss: 0.4241
- val_loss: 0.7308
- val_all_f1:  0.7232 0.7232 0.7232
- val_exp_f1:  0.9481 0.9481 0.9481
- val_non_f1:  0.6689 0.6667 0.6678

4096/4096 [==============================] - 172s - loss: 0.4238 - val_loss: 0.7308
Epoch 51/1000
4032/4096 [============================>.] - ETA: 2s - loss: 0.4240
- val_loss: 0.7679
- val_all_f1:  0.6997 0.6997 0.6997
- val_exp_f1:  0.9481 0.9481 0.9481
- val_non_f1:  0.6436 0.6373 0.6404

4096/4096 [==============================] - 169s - loss: 0.4227 - val_loss: 0.7679
Epoch 52/1000
4032/4096 [============================>.] - ETA: 2s - loss: 0.4083
- val_loss: 0.7692
- val_all_f1:  0.7102 0.7102 0.7102
- val_exp_f1:  0.9221 0.9221 0.9221
- val_non_f1:  0.6612 0.6569 0.6590

4096/4096 [==============================] - 170s - loss: 0.4076 - val_loss: 0.7692
Epoch 53/1000
4032/4096 [============================>.] - ETA: 2s - loss: 0.4033
- val_loss: 0.7562
- val_all_f1:  0.7050 0.7050 0.7050
- val_exp_f1:  0.9481 0.9481 0.9481
- val_non_f1:  0.6459 0.6438 0.6448

4096/4096 [==============================] - 173s - loss: 0.4040 - val_loss: 0.7562
Epoch 54/1000
4032/4096 [============================>.] - ETA: 2s - loss: 0.4266
- val_loss: 0.7686
- val_all_f1:  0.7050 0.7050 0.7050
- val_exp_f1:  0.9221 0.9221 0.9221
- val_non_f1:  0.6546 0.6503 0.6525

4096/4096 [==============================] - 175s - loss: 0.4234 - val_loss: 0.7686
Epoch 55/1000
4032/4096 [============================>.] - ETA: 2s - loss: 0.4485
- val_loss: 0.8055
- val_all_f1:  0.7102 0.7102 0.7102
- val_exp_f1:  0.9481 0.9481 0.9481
- val_non_f1:  0.6568 0.6503 0.6535

4096/4096 [==============================] - 168s - loss: 0.4463 - val_loss: 0.8055
Epoch 56/1000
4032/4096 [============================>.] - ETA: 2s - loss: 0.4030
- val_loss: 0.7602
- val_all_f1:  0.6789 0.6789 0.6789
- val_exp_f1:  0.9351 0.9351 0.9351
- val_non_f1:  0.6184 0.6144 0.6164

4096/4096 [==============================] - 165s - loss: 0.4014 - val_loss: 0.7602
Epoch 57/1000
4032/4096 [============================>.] - ETA: 2s - loss: 0.4086
- val_loss: 0.7913
- val_all_f1:  0.6684 0.6684 0.6684
- val_exp_f1:  0.9351 0.9351 0.9351
- val_non_f1:  0.6033 0.6013 0.6023

4096/4096 [==============================] - 172s - loss: 0.4074 - val_loss: 0.7913
Epoch 58/1000
4032/4096 [============================>.] - ETA: 2s - loss: 0.3745
- val_loss: 0.7688
- val_all_f1:  0.6945 0.6945 0.6945
- val_exp_f1:  0.9351 0.9351 0.9351
- val_non_f1:  0.6382 0.6340 0.6361

4096/4096 [==============================] - 160s - loss: 0.3753 - val_loss: 0.7688
Epoch 59/1000
4032/4096 [============================>.] - ETA: 2s - loss: 0.4319
- val_loss: 0.7405
- val_all_f1:  0.7023 0.7023 0.7023
- val_exp_f1:  0.9351 0.9351 0.9351
- val_non_f1:  0.6459 0.6438 0.6448

4096/4096 [==============================] - 176s - loss: 0.4316 - val_loss: 0.7405
Epoch 60/1000
4032/4096 [============================>.] - ETA: 2s - loss: 0.4069
- val_loss: 0.8044
- val_all_f1:  0.6554 0.6554 0.6554
- val_exp_f1:  0.9481 0.9481 0.9481
- val_non_f1:  0.5875 0.5817 0.5846

4096/4096 [==============================] - 165s - loss: 0.4060 - val_loss: 0.8044
Epoch 61/1000
4032/4096 [============================>.] - ETA: 2s - loss: 0.4225
- val_loss: 0.7652
- val_all_f1:  0.7102 0.7102 0.7102
- val_exp_f1:  0.9481 0.9481 0.9481
- val_non_f1:  0.6546 0.6503 0.6525

4096/4096 [==============================] - 166s - loss: 0.4206 - val_loss: 0.7652
Epoch 62/1000
4032/4096 [============================>.] - ETA: 2s - loss: 0.3784
- val_loss: 0.7765
- val_all_f1:  0.6867 0.6867 0.6867
- val_exp_f1:  0.9351 0.9351 0.9351
- val_non_f1:  0.6262 0.6242 0.6252

4096/4096 [==============================] - 165s - loss: 0.3777 - val_loss: 0.7765
Epoch 63/1000
4032/4096 [============================>.] - ETA: 2s - loss: 0.3841
- val_loss: 0.7504
- val_all_f1:  0.7076 0.7076 0.7076
- val_exp_f1:  0.9481 0.9481 0.9481
- val_non_f1:  0.6513 0.6471 0.6492

4096/4096 [==============================] - 171s - loss: 0.3819 - val_loss: 0.7504
Epoch 64/1000
4032/4096 [============================>.] - ETA: 2s - loss: 0.3855
- val_loss: 0.7484
- val_all_f1:  0.7050 0.7050 0.7050
- val_exp_f1:  0.9221 0.9221 0.9221
- val_non_f1:  0.6546 0.6503 0.6525

4096/4096 [==============================] - 171s - loss: 0.3820 - val_loss: 0.7484
Epoch 65/1000
4032/4096 [============================>.] - ETA: 2s - loss: 0.3521
- val_loss: 0.7535
- val_all_f1:  0.6997 0.6997 0.6997
- val_exp_f1:  0.9481 0.9481 0.9481
- val_non_f1:  0.6414 0.6373 0.6393

4096/4096 [==============================] - 166s - loss: 0.3516 - val_loss: 0.7535
Epoch 66/1000
4032/4096 [============================>.] - ETA: 2s - loss: 0.3995
- val_loss: 0.7900
- val_all_f1:  0.6997 0.6997 0.6997
- val_exp_f1:  0.9351 0.9351 0.9351
- val_non_f1:  0.6447 0.6405 0.6426

4096/4096 [==============================] - 162s - loss: 0.3998 - val_loss: 0.7900
Epoch 67/1000
4032/4096 [============================>.] - ETA: 2s - loss: 0.4173
- val_loss: 0.7883
- val_all_f1:  0.6919 0.6919 0.6919
- val_exp_f1:  0.9481 0.9481 0.9481
- val_non_f1:  0.6295 0.6275 0.6285

4096/4096 [==============================] - 166s - loss: 0.4166 - val_loss: 0.7883
Epoch 68/1000
4032/4096 [============================>.] - ETA: 2s - loss: 0.4198
- val_loss: 0.7666
- val_all_f1:  0.6736 0.6736 0.6736
- val_exp_f1:  0.9481 0.9481 0.9481
- val_non_f1:  0.6066 0.6046 0.6056

4096/4096 [==============================] - 167s - loss: 0.4184 - val_loss: 0.7666
Epoch 69/1000
4032/4096 [============================>.] - ETA: 2s - loss: 0.3887
- val_loss: 0.7550
- val_all_f1:  0.7023 0.7023 0.7023
- val_exp_f1:  0.9481 0.9481 0.9481
- val_non_f1:  0.6447 0.6405 0.6426

4096/4096 [==============================] - 164s - loss: 0.3901 - val_loss: 0.7550
Epoch 70/1000
4032/4096 [============================>.] - ETA: 2s - loss: 0.4088
- val_loss: 0.7468
- val_all_f1:  0.6945 0.6945 0.6945
- val_exp_f1:  0.9221 0.9221 0.9221
- val_non_f1:  0.6393 0.6373 0.6383

4096/4096 [==============================] - 168s - loss: 0.4104 - val_loss: 0.7468
Epoch 71/1000
4032/4096 [============================>.] - ETA: 2s - loss: 0.3782
- val_loss: 0.7773
- val_all_f1:  0.6997 0.6997 0.6997
- val_exp_f1:  0.9481 0.9481 0.9481
- val_non_f1:  0.6457 0.6373 0.6414

4096/4096 [==============================] - 176s - loss: 0.3770 - val_loss: 0.7773
Epoch 72/1000
4032/4096 [============================>.] - ETA: 2s - loss: 0.3948
- val_loss: 0.7491
- val_all_f1:  0.6658 0.6658 0.6658
- val_exp_f1:  0.9351 0.9351 0.9351
- val_non_f1:  0.6020 0.5980 0.6000

4096/4096 [==============================] - 169s - loss: 0.3918 - val_loss: 0.7491
Epoch 73/1000
4032/4096 [============================>.] - ETA: 2s - loss: 0.3697
- val_loss: 0.8073
- val_all_f1:  0.6997 0.6997 0.6997
- val_exp_f1:  0.9351 0.9351 0.9351
- val_non_f1:  0.6405 0.6405 0.6405

4096/4096 [==============================] - 173s - loss: 0.3694 - val_loss: 0.8073
Epoch 74/1000
4032/4096 [============================>.] - ETA: 2s - loss: 0.3760
- val_loss: 0.7633
- val_all_f1:  0.6919 0.6919 0.6919
- val_exp_f1:  0.9351 0.9351 0.9351
- val_non_f1:  0.6349 0.6307 0.6328

4096/4096 [==============================] - 178s - loss: 0.3750 - val_loss: 0.7633
Epoch 75/1000
4032/4096 [============================>.] - ETA: 2s - loss: 0.3968
- val_loss: 0.8003
- val_all_f1:  0.6997 0.6997 0.6997
- val_exp_f1:  0.9481 0.9481 0.9481
- val_non_f1:  0.6393 0.6373 0.6383

4096/4096 [==============================] - 175s - loss: 0.3959 - val_loss: 0.8003
Epoch 76/1000
4032/4096 [============================>.] - ETA: 2s - loss: 0.3693
- val_loss: 0.7621
- val_all_f1:  0.6867 0.6867 0.6867
- val_exp_f1:  0.9351 0.9351 0.9351
- val_non_f1:  0.6283 0.6242 0.6262

4096/4096 [==============================] - 171s - loss: 0.3733 - val_loss: 0.7621
Epoch 77/1000
4032/4096 [============================>.] - ETA: 2s - loss: 0.3673
- val_loss: 0.7514
- val_all_f1:  0.7232 0.7232 0.7232
- val_exp_f1:  0.9610 0.9610 0.9610
- val_non_f1:  0.6634 0.6634 0.6634

4096/4096 [==============================] - 170s - loss: 0.3700 - val_loss: 0.7514
Epoch 78/1000
4032/4096 [============================>.] - ETA: 2s - loss: 0.3776
- val_loss: 0.7594
- val_all_f1:  0.7258 0.7258 0.7258
- val_exp_f1:  0.9610 0.9610 0.9610
- val_non_f1:  0.6711 0.6667 0.6689

4096/4096 [==============================] - 169s - loss: 0.3785 - val_loss: 0.7594
Epoch 79/1000
4032/4096 [============================>.] - ETA: 2s - loss: 0.4079
- val_loss: 0.7588
- val_all_f1:  0.7023 0.7023 0.7023
- val_exp_f1:  0.9351 0.9351 0.9351
- val_non_f1:  0.6480 0.6438 0.6459

4096/4096 [==============================] - 166s - loss: 0.4090 - val_loss: 0.7588
Epoch 80/1000
4032/4096 [============================>.] - ETA: 2s - loss: 0.3813
- val_loss: 0.7505
- val_all_f1:  0.6997 0.6997 0.6997
- val_exp_f1:  0.9481 0.9481 0.9481
- val_non_f1:  0.6414 0.6373 0.6393

4096/4096 [==============================] - 178s - loss: 0.3817 - val_loss: 0.7505
Epoch 81/1000
4032/4096 [============================>.] - ETA: 2s - loss: 0.3651
- val_loss: 0.7525
- val_all_f1:  0.6919 0.6919 0.6919
- val_exp_f1:  0.9481 0.9481 0.9481
- val_non_f1:  0.6295 0.6275 0.6285

4096/4096 [==============================] - 165s - loss: 0.3619 - val_loss: 0.7525
Epoch 82/1000
4032/4096 [============================>.] - ETA: 2s - loss: 0.3749
- val_loss: 0.7717
- val_all_f1:  0.7154 0.7154 0.7154
- val_exp_f1:  0.9481 0.9481 0.9481
- val_non_f1:  0.6612 0.6569 0.6590

4096/4096 [==============================] - 162s - loss: 0.3771 - val_loss: 0.7717
Epoch 83/1000
4032/4096 [============================>.] - ETA: 2s - loss: 0.3620
- val_loss: 0.7549
- val_all_f1:  0.6841 0.6841 0.6841
- val_exp_f1:  0.9351 0.9351 0.9351
- val_non_f1:  0.6250 0.6209 0.6230

4096/4096 [==============================] - 174s - loss: 0.3619 - val_loss: 0.7549
Epoch 84/1000
4032/4096 [============================>.] - ETA: 2s - loss: 0.3879
- val_loss: 0.7417
- val_all_f1:  0.7076 0.7076 0.7076
- val_exp_f1:  0.9481 0.9481 0.9481
- val_non_f1:  0.6513 0.6471 0.6492

4096/4096 [==============================] - 164s - loss: 0.3868 - val_loss: 0.7417
Epoch 85/1000
4032/4096 [============================>.] - ETA: 2s - loss: 0.3722
- val_loss: 0.7652
- val_all_f1:  0.6815 0.6815 0.6815
- val_exp_f1:  0.9221 0.9221 0.9221
- val_non_f1:  0.6250 0.6209 0.6230

4096/4096 [==============================] - 164s - loss: 0.3722 - val_loss: 0.7652
Epoch 86/1000
4032/4096 [============================>.] - ETA: 2s - loss: 0.3781
- val_loss: 0.8002
- val_all_f1:  0.6789 0.6789 0.6789
- val_exp_f1:  0.9481 0.9481 0.9481
- val_non_f1:  0.6131 0.6111 0.6121

4096/4096 [==============================] - 173s - loss: 0.3780 - val_loss: 0.8002
Epoch 87/1000
4032/4096 [============================>.] - ETA: 2s - loss: 0.3422
- val_loss: 0.7692
- val_all_f1:  0.6971 0.6971 0.6971
- val_exp_f1:  0.9351 0.9351 0.9351
- val_non_f1:  0.6393 0.6373 0.6383

4096/4096 [==============================] - 172s - loss: 0.3467 - val_loss: 0.7692
Epoch 88/1000
4032/4096 [============================>.] - ETA: 2s - loss: 0.3755
- val_loss: 0.7472
- val_all_f1:  0.7102 0.7102 0.7102
- val_exp_f1:  0.9481 0.9481 0.9481
- val_non_f1:  0.6503 0.6503 0.6503

4096/4096 [==============================] - 170s - loss: 0.3766 - val_loss: 0.7472
Epoch 89/1000
4032/4096 [============================>.] - ETA: 2s - loss: 0.3861
- val_loss: 0.7841
- val_all_f1:  0.6606 0.6606 0.6606
- val_exp_f1:  0.9221 0.9221 0.9221
- val_non_f1:  0.5948 0.5948 0.5948

4096/4096 [==============================] - 167s - loss: 0.3849 - val_loss: 0.7841
Epoch 90/1000
4032/4096 [============================>.] - ETA: 2s - loss: 0.3649
- val_loss: 0.7895
- val_all_f1:  0.6867 0.6867 0.6867
- val_exp_f1:  0.9351 0.9351 0.9351
- val_non_f1:  0.6262 0.6242 0.6252

4096/4096 [==============================] - 164s - loss: 0.3643 - val_loss: 0.7895
Epoch 91/1000
4032/4096 [============================>.] - ETA: 2s - loss: 0.3496
- val_loss: 0.7782
- val_all_f1:  0.6971 0.6971 0.6971
- val_exp_f1:  0.9351 0.9351 0.9351
- val_non_f1:  0.6393 0.6373 0.6383

4096/4096 [==============================] - 176s - loss: 0.3528 - val_loss: 0.7782
Epoch 92/1000
4032/4096 [============================>.] - ETA: 2s - loss: 0.3800
- val_loss: 0.7954
- val_all_f1:  0.6971 0.6971 0.6971
- val_exp_f1:  0.9351 0.9351 0.9351
- val_non_f1:  0.6373 0.6373 0.6373

4096/4096 [==============================] - 169s - loss: 0.3809 - val_loss: 0.7954
Epoch 93/1000
4032/4096 [============================>.] - ETA: 2s - loss: 0.3873
- val_loss: 0.7912
- val_all_f1:  0.7023 0.7023 0.7023
- val_exp_f1:  0.9351 0.9351 0.9351
- val_non_f1:  0.6459 0.6438 0.6448

4096/4096 [==============================] - 170s - loss: 0.3885 - val_loss: 0.7912
Epoch 94/1000
4032/4096 [============================>.] - ETA: 2s - loss: 0.3526
- val_loss: 0.7638
- val_all_f1:  0.6841 0.6841 0.6841
- val_exp_f1:  0.9091 0.9091 0.9091
- val_non_f1:  0.6337 0.6275 0.6305

4096/4096 [==============================] - 170s - loss: 0.3509 - val_loss: 0.7638
Epoch 95/1000
4032/4096 [============================>.] - ETA: 2s - loss: 0.3647
- val_loss: 0.7476
- val_all_f1:  0.6684 0.6684 0.6684
- val_exp_f1:  0.9351 0.9351 0.9351
- val_non_f1:  0.6033 0.6013 0.6023

4096/4096 [==============================] - 167s - loss: 0.3669 - val_loss: 0.7476
Epoch 96/1000
4032/4096 [============================>.] - ETA: 2s - loss: 0.3696
- val_loss: 0.7333
- val_all_f1:  0.6971 0.6971 0.6971
- val_exp_f1:  0.9351 0.9351 0.9351
- val_non_f1:  0.6373 0.6373 0.6373

4096/4096 [==============================] - 171s - loss: 0.3697 - val_loss: 0.7333
Epoch 97/1000
4032/4096 [============================>.] - ETA: 2s - loss: 0.3817
- val_loss: 0.7362
- val_all_f1:  0.6893 0.6893 0.6893
- val_exp_f1:  0.9221 0.9221 0.9221
- val_non_f1:  0.6307 0.6307 0.6307

4096/4096 [==============================] - 168s - loss: 0.3813 - val_loss: 0.7362
Epoch 98/1000
4032/4096 [============================>.] - ETA: 2s - loss: 0.3503
- val_loss: 0.7426
- val_all_f1:  0.6919 0.6919 0.6919
- val_exp_f1:  0.9351 0.9351 0.9351
- val_non_f1:  0.6307 0.6307 0.6307

4096/4096 [==============================] - 172s - loss: 0.3502 - val_loss: 0.7426
Epoch 99/1000
4032/4096 [============================>.] - ETA: 2s - loss: 0.3903
- val_loss: 0.7482
- val_all_f1:  0.6736 0.6736 0.6736
- val_exp_f1:  0.9351 0.9351 0.9351
- val_non_f1:  0.6078 0.6078 0.6078

4096/4096 [==============================] - 176s - loss: 0.3909 - val_loss: 0.7482
Epoch 100/1000
4032/4096 [============================>.] - ETA: 2s - loss: 0.3634
- val_loss: 0.7486
- val_all_f1:  0.7206 0.7206 0.7206
- val_exp_f1:  0.9221 0.9221 0.9221
- val_non_f1:  0.6699 0.6699 0.6699

4096/4096 [==============================] - 175s - loss: 0.3626 - val_loss: 0.7486
Epoch 101/1000
4032/4096 [============================>.] - ETA: 2s - loss: 0.3386
- val_loss: 0.7189
- val_all_f1:  0.7076 0.7076 0.7076
- val_exp_f1:  0.9481 0.9481 0.9481
- val_non_f1:  0.6492 0.6471 0.6481

4096/4096 [==============================] - 178s - loss: 0.3375 - val_loss: 0.7189
Epoch 102/1000
4032/4096 [============================>.] - ETA: 2s - loss: 0.3200
- val_loss: 0.7614
- val_all_f1:  0.6736 0.6736 0.6736
- val_exp_f1:  0.9481 0.9481 0.9481
- val_non_f1:  0.6046 0.6046 0.6046

4096/4096 [==============================] - 168s - loss: 0.3191 - val_loss: 0.7614
Epoch 103/1000
4032/4096 [============================>.] - ETA: 2s - loss: 0.3628
- val_loss: 0.7699
- val_all_f1:  0.7076 0.7076 0.7076
- val_exp_f1:  0.9481 0.9481 0.9481
- val_non_f1:  0.6471 0.6471 0.6471

4096/4096 [==============================] - 173s - loss: 0.3618 - val_loss: 0.7699
Epoch 104/1000
4032/4096 [============================>.] - ETA: 2s - loss: 0.3462
- val_loss: 0.7180
- val_all_f1:  0.7050 0.7050 0.7050
- val_exp_f1:  0.9481 0.9481 0.9481
- val_non_f1:  0.6438 0.6438 0.6438

4096/4096 [==============================] - 170s - loss: 0.3444 - val_loss: 0.7180
Epoch 105/1000
4032/4096 [============================>.] - ETA: 2s - loss: 0.3591
- val_loss: 0.7559
- val_all_f1:  0.6736 0.6736 0.6736
- val_exp_f1:  0.8961 0.8961 0.8961
- val_non_f1:  0.6197 0.6176 0.6187

4096/4096 [==============================] - 166s - loss: 0.3620 - val_loss: 0.7559
Epoch 106/1000
4032/4096 [============================>.] - ETA: 2s - loss: 0.3770
- val_loss: 0.7466
- val_all_f1:  0.6997 0.6997 0.6997
- val_exp_f1:  0.9091 0.9091 0.9091
- val_non_f1:  0.6471 0.6471 0.6471

4096/4096 [==============================] - 179s - loss: 0.3750 - val_loss: 0.7466
Epoch 107/1000
4032/4096 [============================>.] - ETA: 2s - loss: 0.3753
- val_loss: 0.7517
- val_all_f1:  0.7128 0.7128 0.7128
- val_exp_f1:  0.9221 0.9221 0.9221
- val_non_f1:  0.6645 0.6601 0.6623

4096/4096 [==============================] - 163s - loss: 0.3768 - val_loss: 0.7517
Epoch 108/1000
4032/4096 [============================>.] - ETA: 2s - loss: 0.3595
- val_loss: 0.7493
- val_all_f1:  0.7102 0.7102 0.7102
- val_exp_f1:  0.9481 0.9481 0.9481
- val_non_f1:  0.6546 0.6503 0.6525

4096/4096 [==============================] - 164s - loss: 0.3601 - val_loss: 0.7493
Epoch 109/1000
4032/4096 [============================>.] - ETA: 2s - loss: 0.3673
- val_loss: 0.7524
- val_all_f1:  0.6945 0.6945 0.6945
- val_exp_f1:  0.9351 0.9351 0.9351
- val_non_f1:  0.6382 0.6340 0.6361

4096/4096 [==============================] - 174s - loss: 0.3708 - val_loss: 0.7524
Epoch 110/1000
4032/4096 [============================>.] - ETA: 2s - loss: 0.3918
- val_loss: 0.7500
- val_all_f1:  0.6658 0.6658 0.6658
- val_exp_f1:  0.9091 0.9091 0.9091
- val_non_f1:  0.6046 0.6046 0.6046

4096/4096 [==============================] - 164s - loss: 0.3929 - val_loss: 0.7500
Epoch 111/1000
4032/4096 [============================>.] - ETA: 2s - loss: 0.3591
- val_loss: 0.7502
- val_all_f1:  0.7076 0.7076 0.7076
- val_exp_f1:  0.9481 0.9481 0.9481
- val_non_f1:  0.6513 0.6471 0.6492

4096/4096 [==============================] - 165s - loss: 0.3619 - val_loss: 0.7502
Epoch 112/1000
4032/4096 [============================>.] - ETA: 2s - loss: 0.3578
- val_loss: 0.7697
- val_all_f1:  0.6684 0.6684 0.6684
- val_exp_f1:  0.9481 0.9481 0.9481
- val_non_f1:  0.6020 0.5980 0.6000

4096/4096 [==============================] - 166s - loss: 0.3583 - val_loss: 0.7697
Epoch 113/1000
4032/4096 [============================>.] - ETA: 2s - loss: 0.3437
- val_loss: 0.7581
- val_all_f1:  0.7076 0.7076 0.7076
- val_exp_f1:  0.9091 0.9091 0.9091
- val_non_f1:  0.6569 0.6569 0.6569

4096/4096 [==============================] - 172s - loss: 0.3417 - val_loss: 0.7581
Epoch 114/1000
4032/4096 [============================>.] - ETA: 2s - loss: 0.3297
- val_loss: 0.7882
- val_all_f1:  0.6658 0.6658 0.6658
- val_exp_f1:  0.9221 0.9221 0.9221
- val_non_f1:  0.6013 0.6013 0.6013

4096/4096 [==============================] - 169s - loss: 0.3281 - val_loss: 0.7882
Epoch 115/1000
4032/4096 [============================>.] - ETA: 2s - loss: 0.3768
- val_loss: 0.7427
- val_all_f1:  0.6997 0.6997 0.6997
- val_exp_f1:  0.9221 0.9221 0.9221
- val_non_f1:  0.6438 0.6438 0.6438

4096/4096 [==============================] - 178s - loss: 0.3743 - val_loss: 0.7427
Epoch 116/1000
4032/4096 [============================>.] - ETA: 2s - loss: 0.3688
- val_loss: 0.7618
- val_all_f1:  0.6971 0.6971 0.6971
- val_exp_f1:  0.9481 0.9481 0.9481
- val_non_f1:  0.6361 0.6340 0.6350

4096/4096 [==============================] - 173s - loss: 0.3672 - val_loss: 0.7618
Epoch 117/1000
4032/4096 [============================>.] - ETA: 2s - loss: 0.3505
- val_loss: 0.7679
- val_all_f1:  0.6893 0.6893 0.6893
- val_exp_f1:  0.9221 0.9221 0.9221
- val_non_f1:  0.6349 0.6307 0.6328

4096/4096 [==============================] - 168s - loss: 0.3493 - val_loss: 0.7679
Epoch 118/1000
4032/4096 [============================>.] - ETA: 2s - loss: 0.3578
- val_loss: 0.7733
- val_all_f1:  0.6945 0.6945 0.6945
- val_exp_f1:  0.9091 0.9091 0.9091
- val_non_f1:  0.6447 0.6405 0.6426

4096/4096 [==============================] - 169s - loss: 0.3611 - val_loss: 0.7733
Epoch 119/1000
4032/4096 [============================>.] - ETA: 2s - loss: 0.4009
- val_loss: 0.9242
- val_all_f1:  0.5927 0.5927 0.5927
- val_exp_f1:  0.9091 0.9091 0.9091
- val_non_f1:  0.5148 0.5131 0.5139

4096/4096 [==============================] - 171s - loss: 0.4025 - val_loss: 0.9242
Epoch 120/1000
4032/4096 [============================>.] - ETA: 2s - loss: 0.4349
- val_loss: 0.8629
- val_all_f1:  0.6841 0.6841 0.6841
- val_exp_f1:  0.9481 0.9481 0.9481
- val_non_f1:  0.6217 0.6176 0.6197

4096/4096 [==============================] - 164s - loss: 0.4325 - val_loss: 0.8629
Epoch 121/1000
4032/4096 [============================>.] - ETA: 2s - loss: 0.4186
- val_loss: 0.8125
- val_all_f1:  0.6684 0.6684 0.6684
- val_exp_f1:  0.9351 0.9351 0.9351
- val_non_f1:  0.6033 0.6013 0.6023

4096/4096 [==============================] - 177s - loss: 0.4175 - val_loss: 0.8125
Epoch 122/1000
4032/4096 [============================>.] - ETA: 2s - loss: 0.3611
- val_loss: 0.8239
- val_all_f1:  0.6475 0.6475 0.6475
- val_exp_f1:  0.9481 0.9481 0.9481
- val_non_f1:  0.5719 0.5719 0.5719

4096/4096 [==============================] - 170s - loss: 0.3627 - val_loss: 0.8239
Epoch 123/1000
4032/4096 [============================>.] - ETA: 2s - loss: 0.4155
- val_loss: 0.8349
- val_all_f1:  0.6554 0.6554 0.6554
- val_exp_f1:  0.9481 0.9481 0.9481
- val_non_f1:  0.5875 0.5817 0.5846

4096/4096 [==============================] - 172s - loss: 0.4125 - val_loss: 0.8349
Epoch 124/1000
4032/4096 [============================>.] - ETA: 2s - loss: 0.3620
- val_loss: 0.8197
- val_all_f1:  0.6736 0.6736 0.6736
- val_exp_f1:  0.9481 0.9481 0.9481
- val_non_f1:  0.6106 0.6046 0.6076

4096/4096 [==============================] - 172s - loss: 0.3609 - val_loss: 0.8197
Epoch 125/1000
4032/4096 [============================>.] - ETA: 2s - loss: 0.3937
- val_loss: 0.8418
- val_all_f1:  0.6945 0.6945 0.6945
- val_exp_f1:  0.9481 0.9481 0.9481
- val_non_f1:  0.6328 0.6307 0.6318

4096/4096 [==============================] - 164s - loss: 0.3941 - val_loss: 0.8418
Epoch 126/1000
4032/4096 [============================>.] - ETA: 2s - loss: 0.3913
- val_loss: 0.8187
- val_all_f1:  0.6632 0.6632 0.6632
- val_exp_f1:  0.9481 0.9481 0.9481
- val_non_f1:  0.5954 0.5915 0.5934

4096/4096 [==============================] - 164s - loss: 0.3889 - val_loss: 0.8187
Epoch 127/1000
4032/4096 [============================>.] - ETA: 2s - loss: 0.3887
- val_loss: 0.7876
- val_all_f1:  0.6762 0.6762 0.6762
- val_exp_f1:  0.9351 0.9351 0.9351
- val_non_f1:  0.6111 0.6111 0.6111

4096/4096 [==============================] - 173s - loss: 0.3905 - val_loss: 0.7876
Epoch 128/1000
4032/4096 [============================>.] - ETA: 2s - loss: 0.3853
- val_loss: 0.8142
- val_all_f1:  0.6449 0.6449 0.6449
- val_exp_f1:  0.9091 0.9091 0.9091
- val_non_f1:  0.5784 0.5784 0.5784

4096/4096 [==============================] - 170s - loss: 0.3842 - val_loss: 0.8142
Epoch 129/1000
4032/4096 [============================>.] - ETA: 2s - loss: 0.3717
- val_loss: 0.7816
- val_all_f1:  0.6841 0.6841 0.6841
- val_exp_f1:  0.9351 0.9351 0.9351
- val_non_f1:  0.6209 0.6209 0.6209

4096/4096 [==============================] - 174s - loss: 0.3733 - val_loss: 0.7816
Epoch 130/1000
4032/4096 [============================>.] - ETA: 2s - loss: 0.3558
- val_loss: 0.8146
- val_all_f1:  0.6345 0.6345 0.6345
- val_exp_f1:  0.9221 0.9221 0.9221
- val_non_f1:  0.5621 0.5621 0.5621

4096/4096 [==============================] - 167s - loss: 0.3539 - val_loss: 0.8146
Epoch 131/1000
4032/4096 [============================>.] - ETA: 2s - loss: 0.3557
- val_loss: 0.8236
- val_all_f1:  0.6449 0.6449 0.6449
- val_exp_f1:  0.9091 0.9091 0.9091
- val_non_f1:  0.5784 0.5784 0.5784

4096/4096 [==============================] - 174s - loss: 0.3601 - val_loss: 0.8236
Epoch 132/1000
4032/4096 [============================>.] - ETA: 2s - loss: 0.3518
- val_loss: 0.8117
- val_all_f1:  0.6632 0.6632 0.6632
- val_exp_f1:  0.9351 0.9351 0.9351
- val_non_f1:  0.5987 0.5948 0.5967

4096/4096 [==============================] - 182s - loss: 0.3535 - val_loss: 0.8117
Epoch 133/1000
4032/4096 [============================>.] - ETA: 2s - loss: 0.3527
- val_loss: 0.8124
- val_all_f1:  0.6606 0.6606 0.6606
- val_exp_f1:  0.9481 0.9481 0.9481
- val_non_f1:  0.5882 0.5882 0.5882

4096/4096 [==============================] - 163s - loss: 0.3544 - val_loss: 0.8124
Epoch 134/1000
4032/4096 [============================>.] - ETA: 2s - loss: 0.3671
- val_loss: 0.8313
- val_all_f1:  0.6371 0.6371 0.6371
- val_exp_f1:  0.9481 0.9481 0.9481
- val_non_f1:  0.5607 0.5588 0.5597

4096/4096 [==============================] - 176s - loss: 0.3701 - val_loss: 0.8313
Epoch 135/1000
4032/4096 [============================>.] - ETA: 2s - loss: 0.3705
- val_loss: 0.8365
- val_all_f1:  0.6423 0.6423 0.6423
- val_exp_f1:  0.8961 0.8961 0.8961
- val_non_f1:  0.5784 0.5784 0.5784

4096/4096 [==============================] - 175s - loss: 0.3704 - val_loss: 0.8365
Epoch 136/1000
4032/4096 [============================>.] - ETA: 2s - loss: 0.3681
- val_loss: 0.7851
- val_all_f1:  0.6789 0.6789 0.6789
- val_exp_f1:  0.9091 0.9091 0.9091
- val_non_f1:  0.6209 0.6209 0.6209

4096/4096 [==============================] - 166s - loss: 0.3667 - val_loss: 0.7851
Epoch 137/1000
4032/4096 [============================>.] - ETA: 2s - loss: 0.3835
- val_loss: 0.7842
- val_all_f1:  0.6841 0.6841 0.6841
- val_exp_f1:  0.9610 0.9610 0.9610
- val_non_f1:  0.6164 0.6144 0.6154

4096/4096 [==============================] - 160s - loss: 0.3872 - val_loss: 0.7842
Epoch 138/1000
4032/4096 [============================>.] - ETA: 2s - loss: 0.3349
- val_loss: 0.7851
- val_all_f1:  0.6867 0.6867 0.6867
- val_exp_f1:  0.9481 0.9481 0.9481
- val_non_f1:  0.6209 0.6209 0.6209

4096/4096 [==============================] - 165s - loss: 0.3380 - val_loss: 0.7851
Epoch 139/1000
4032/4096 [============================>.] - ETA: 2s - loss: 0.3424
- val_loss: 0.7880
- val_all_f1:  0.6658 0.6658 0.6658
- val_exp_f1:  0.9351 0.9351 0.9351
- val_non_f1:  0.6000 0.5980 0.5990

4096/4096 [==============================] - 177s - loss: 0.3411 - val_loss: 0.7880
Epoch 140/1000
4032/4096 [============================>.] - ETA: 2s - loss: 0.3715
- val_loss: 0.7497
- val_all_f1:  0.6945 0.6945 0.6945
- val_exp_f1:  0.9351 0.9351 0.9351
- val_non_f1:  0.6340 0.6340 0.6340

4096/4096 [==============================] - 172s - loss: 0.3702 - val_loss: 0.7497
Epoch 141/1000
4032/4096 [============================>.] - ETA: 2s - loss: 0.3499
- val_loss: 0.7410
- val_all_f1:  0.6841 0.6841 0.6841
- val_exp_f1:  0.9221 0.9221 0.9221
- val_non_f1:  0.6242 0.6242 0.6242

4096/4096 [==============================] - 168s - loss: 0.3475 - val_loss: 0.7410
Epoch 142/1000
4032/4096 [============================>.] - ETA: 2s - loss: 0.3534
- val_loss: 0.7809
- val_all_f1:  0.6919 0.6919 0.6919
- val_exp_f1:  0.9481 0.9481 0.9481
- val_non_f1:  0.6275 0.6275 0.6275

4096/4096 [==============================] - 168s - loss: 0.3527 - val_loss: 0.7809
Epoch 143/1000
4032/4096 [============================>.] - ETA: 2s - loss: 0.3665
- val_loss: 0.7559
- val_all_f1:  0.6919 0.6919 0.6919
- val_exp_f1:  0.9351 0.9351 0.9351
- val_non_f1:  0.6307 0.6307 0.6307

4096/4096 [==============================] - 162s - loss: 0.3673 - val_loss: 0.7559
Epoch 144/1000
4032/4096 [============================>.] - ETA: 2s - loss: 0.3445
- val_loss: 0.7753
- val_all_f1:  0.6919 0.6919 0.6919
- val_exp_f1:  0.9481 0.9481 0.9481
- val_non_f1:  0.6295 0.6275 0.6285

4096/4096 [==============================] - 165s - loss: 0.3418 - val_loss: 0.7753
Epoch 145/1000
4032/4096 [============================>.] - ETA: 2s - loss: 0.3634
- val_loss: 0.7917
- val_all_f1:  0.6736 0.6736 0.6736
- val_exp_f1:  0.9351 0.9351 0.9351
- val_non_f1:  0.6078 0.6078 0.6078

4096/4096 [==============================] - 164s - loss: 0.3655 - val_loss: 0.7917
[2018-03-14 23:47] training finished (ex/conll16st-vsimple-zhch)
[2018-03-14 23:47] best_val_loss: 103 - loss: 0.3444 - val_loss: 0.7180 - val_all_f1: 0.7050 - val_exp_f1: 0.9481 - val_non_f1: 0.6438
[2018-03-14 23:47] best_val_all_f1: 43 - loss: 0.4266 - val_loss: 0.7525 - val_all_f1: 0.7258 - val_exp_f1: 0.9481 - val_non_f1: 0.6710
