[2017-07-09 13:25] configuration (ex/conll16st-v35b1-zhch-default-2/blind)
[2017-07-09 13:25]   config 'arg1_len': 900
[2017-07-09 13:25]   config 'arg2_len': 900
[2017-07-09 13:25]   config 'backend': theano
[2017-07-09 13:25]   config 'backend_theano': device=gpu,floatX=float32,nvcc.fastmath=True,lib.cnmem=1
[2017-07-09 13:25]   config 'batch_size': 64
[2017-07-09 13:25]   config 'conn_len': 20
[2017-07-09 13:25]   config 'dataset_dir': data/conll16st-zh-04-27-2016-blind-test
[2017-07-09 13:25]   config 'filter_fn_name': None
[2017-07-09 13:25]   config 'lang': zh
[2017-07-09 13:25]   config 'mode': char
[2017-07-09 13:25]   config 'model_dir': ex/conll16st-v35b1-zhch-default-2
[2017-07-09 13:25]   config 'normalization_mode': sample_aspect
[2017-07-09 13:25]   config 'output_dir': ex/conll16st-v35b1-zhch-default-2/blind
[2017-07-09 13:25]   config 'punc_len': 2
[2017-07-09 13:25]   config 'rest': []
[2017-07-09 13:25]   config 'snapshot_size': 2048
[2017-07-09 13:25] load dataset for prediction (data/conll16st-zh-04-27-2016-blind-test)
[2017-07-09 13:25]   lang: zh, rel_ids: 2101
[2017-07-09 13:25] load previous indexes (ex/conll16st-v35b1-zhch-default-2/indexes.pkl)
[2017-07-09 13:25]   words2id: 2859, target2id: 12
[2017-07-09 13:25] load model (ex/conll16st-v35b1-zhch-default-2)
[2017-07-09 13:25] load previous weights (ex/conll16st-v35b1-zhch-default-2/weights_val_all_f1.hdf5)
[2017-07-09 13:25] prediction preparation
[2017-07-09 13:25] make predictions (ex/conll16st-v35b1-zhch-default-2/blind/output.json)
[2017-07-09 13:28] peek into filtering weights (ex/conll16st-v35b1-zhch-default-2/blind/peek.html)
[2017-07-09 13:35] finished (ex/conll16st-v35b1-zhch-default-2/blind)
