[2019-05-15 11:40] configuration (ex/conll16st-v35-zhch-fd-8-rn-8-0/blind)
[2019-05-15 11:40]   config 'arg1_len': 900
[2019-05-15 11:40]   config 'arg2_len': 900
[2019-05-15 11:40]   config 'backend': theano
[2019-05-15 11:40]   config 'backend_theano': device=cpu
[2019-05-15 11:40]   config 'batch_size': 64
[2019-05-15 11:40]   config 'conn_len': 20
[2019-05-15 11:40]   config 'dataset_dir': data/conll16st-zh-04-27-2016-blind-test
[2019-05-15 11:40]   config 'filter_fn_name': None
[2019-05-15 11:40]   config 'input_size': None
[2019-05-15 11:40]   config 'lang': zh
[2019-05-15 11:40]   config 'mode': char
[2019-05-15 11:40]   config 'model_dir': ex/conll16st-v35-zhch-fd-8-rn-8-0
[2019-05-15 11:40]   config 'normalization_mode': sample_aspect
[2019-05-15 11:40]   config 'output_dir': ex/conll16st-v35-zhch-fd-8-rn-8-0/blind
[2019-05-15 11:40]   config 'punc_len': 2
[2019-05-15 11:40]   config 'rest': ['--filter_dim=8', '--rnn_num=8']
[2019-05-15 11:40]   config 'snapshot_size': 2048
[2019-05-15 11:40] load dataset for prediction (data/conll16st-zh-04-27-2016-blind-test)
[2019-05-15 11:40]   lang: zh, rel_ids: 2101
[2019-05-15 11:40] load previous indexes (ex/conll16st-v35-zhch-fd-8-rn-8-0/indexes.pkl)
[2019-05-15 11:40]   words2id: 2859, target2id: 12
[2019-05-15 11:40] load model (ex/conll16st-v35-zhch-fd-8-rn-8-0)
[2019-05-15 11:40] load previous weights (ex/conll16st-v35-zhch-fd-8-rn-8-0/weights_val_all_f1.hdf5)
[2019-05-15 11:40] make predictions
[2019-05-15 11:41] save predictions (ex/conll16st-v35-zhch-fd-8-rn-8-0/blind/output.json)
[2019-05-15 11:41] save predictions (ex/conll16st-v35-zhch-fd-8-rn-8-0/blind/output_proba.json)
[2019-05-15 11:41] peek into filtering weights (ex/conll16st-v35-zhch-fd-8-rn-8-0/blind/peek.html)
[2019-05-15 11:45] finished (ex/conll16st-v35-zhch-fd-8-rn-8-0/blind)
[2019-05-15 11:45] time: loaded: 0.3167 - prepared: 2.6982 - predicted: 97.5523
