[2017-07-21 02:57] configuration (ex/conll16st-v35b1-en-fd-8-rn-8-3/blind)
[2017-07-21 02:57]   config 'arg1_len': 100
[2017-07-21 02:57]   config 'arg2_len': 100
[2017-07-21 02:57]   config 'backend': theano
[2017-07-21 02:57]   config 'backend_theano': device=gpu,floatX=float32,nvcc.fastmath=True,lib.cnmem=1
[2017-07-21 02:57]   config 'batch_size': 64
[2017-07-21 02:57]   config 'conn_len': 10
[2017-07-21 02:57]   config 'dataset_dir': data/conll15st-en-03-29-16-blind-test
[2017-07-21 02:57]   config 'filter_fn_name': None
[2017-07-21 02:57]   config 'lang': en
[2017-07-21 02:57]   config 'mode': word
[2017-07-21 02:57]   config 'model_dir': ex/conll16st-v35b1-en-fd-8-rn-8-3
[2017-07-21 02:57]   config 'normalization_mode': sample_aspect
[2017-07-21 02:57]   config 'output_dir': ex/conll16st-v35b1-en-fd-8-rn-8-3/blind
[2017-07-21 02:57]   config 'punc_len': 0
[2017-07-21 02:57]   config 'rest': ['--filter_dim=8', '--rnn_num=8']
[2017-07-21 02:57]   config 'snapshot_size': 2048
[2017-07-21 02:57] load dataset for prediction (data/conll15st-en-03-29-16-blind-test)
[2017-07-21 02:57]   lang: en, doc_ids: 71, words: 34621, rel_ids: 1209, relation tokens: 44203
[2017-07-21 02:57] load previous indexes (ex/conll16st-v35b1-en-fd-8-rn-8-3/indexes.pkl)
[2017-07-21 02:57]   words2id: 43918, target2id: 23
[2017-07-21 02:57] load model (ex/conll16st-v35b1-en-fd-8-rn-8-3)
[2017-07-21 02:57] load previous weights (ex/conll16st-v35b1-en-fd-8-rn-8-3/weights_val_all_f1.hdf5)
[2017-07-21 02:57] prediction preparation
[2017-07-21 02:57] make predictions (ex/conll16st-v35b1-en-fd-8-rn-8-3/blind/output.json)
[2017-07-21 02:58] peek into filtering weights (ex/conll16st-v35b1-en-fd-8-rn-8-3/blind/peek.html)
[2017-07-21 02:58] finished (ex/conll16st-v35b1-en-fd-8-rn-8-3/blind)
